13.70
59.73
78.02
82.42
81.06
78.27
91.27
84.94
89.97
85.92
95.34
95.27
102.67
105.70
102.91
104.48
112.20
106.98
103.78
107.78
113.58
115.66
111.41
115.30
113.81
114.62
117.39
110.02
116.41
112.58
119.09
122.95
122.23
124.92
117.70
122.22
121.02
122.97
119.03
123.00
120.64
125.27
121.47
117.62
119.92
121.69
125.16
122.62
121.16
119.41
119.80
121.33
124.98
119.02
121.83
121.89
121.59
121.39
120.02
120.88
125.36
121.31
119.11
121.94
121.62
120.17
123.62
119.53
119.97
123.67
119.31
122.06
118.69
120.22
122.11
121.09
120.73
118.17
123.44
121.44
121.70
123.36
123.98
118.92
121.20
121.91
123.17
122.12
119.59
119.83
122.88
123.06
118.11
122.95
121.86
121.89
121.28
123.58
119.95
120.88
120.34
121.39
121.02
124.17
118.92
120.78
120.48
120.67
121.30
117.28
121.70
120.73
122.45
116.20
122.03
120.44
122.03
123.28
123.62
123.02
118.05
120.86
122.02
122.20
118.91
121.59
120.25
121.23
122.59
122.69
121.36
122.84
117.39
120.09
120.80
123.50
123.42
120.86
120.31
119.50
122.20
119.42
119.69
122.66
122.98
121.12
123.25
119.70
123.91
122.11
122.42
119.12
119.47
118.34
120.72
119.20
121.22
121.89
120.72
121.42
119.00
121.11
124.92
119.89
120.09
121.00
124.12
120.36
121.58
122.27
118.09
120.23
120.81
124.42
122.34
123.02
122.68
121.39
121.58
120.98
122.41
119.80
119.81
118.62
121.98
120.77
123.48
122.08
120.23
120.77
122.31
119.55
124.06
120.59
122.14
120.64
121.81
121.91
122.70
122.31
122.92
121.14
122.28
121.23
120.61
122.84
118.45
121.47
120.92
120.61
120.42
118.17
121.17
121.17
123.06
121.52
118.77
120.31
124.37
120.91
116.39
122.81
121.70
121.88
121.52
121.08
120.83
120.05
121.69
119.42
120.64
121.67
121.38
121.56
120.89
119.38
120.69
122.39
119.23
122.44
119.64
122.37
119.78
121.20
120.89
122.98
118.25
123.70
123.20
123.16
118.08
121.66
122.31
119.92
122.34
119.59
119.84
120.12
121.34
122.48
123.03
121.94
124.28
118.38
122.37
118.41
121.92
120.58
120.62
122.97
120.78
122.06
119.73
117.89
119.86
122.45
118.94
123.17
121.77
120.73
125.36
120.25
120.16
118.83
124.36
118.11
120.98
119.06
123.06
120.66
118.20
120.95
123.02
121.12
117.16
121.69
122.50
123.64
118.77
122.19
119.03
119.81
119.97
119.81
122.22
120.19
120.47
122.20
123.36
120.84
121.67
122.09
121.62
120.17
120.97
120.92
122.06
119.05
122.58
121.72
120.84
121.14
118.23
120.58
122.55
120.81
119.97
122.02
118.91
122.44
117.75
121.62
119.67
122.33
119.84
122.39
119.17
121.42
121.25
123.61
117.41
121.34
123.52
122.80
121.97
120.11
122.55
120.05
119.12
122.19
124.31
121.17
119.81
120.78
121.06
124.22
117.75
120.42
117.48
122.88
118.33
124.10
120.97
120.61
121.00
121.75
122.25
122.31
119.81
120.52
121.02
122.98
122.20
117.59
123.30
119.91
124.44
119.92
117.06
120.77
123.39
121.03
122.16
121.78
121.30
122.70
119.11
120.02
122.22
122.50
121.47
120.97
120.20
119.81
122.34
123.23
120.23
119.75
118.41
120.20
123.98
120.31
121.89
118.27
120.61
120.42
123.03
120.33
123.11
121.50
121.88
122.16
122.53
119.88
118.95
124.86
117.91
121.70
120.52
121.70
123.08
118.70
121.67
119.77
120.72
121.59
123.84
121.03
121.16
123.09
118.41
119.23
120.86
117.11
122.37
121.00
122.48
117.64
120.53
117.95
116.72
111.20
101.95
99.27
104.75
109.69
104.08
104.75
104.39
102.52
104.95
115.08
120.47
118.06
120.45
121.19
120.92
120.61
121.78
121.77
117.64
121.75
123.16
121.06
120.38
119.64
119.58
121.27
121.70
118.47
118.42
121.62
118.05
118.75
121.95
119.25
120.64
120.47
122.27
121.38
123.83
121.47
120.23
121.64
122.73
122.05
118.89
122.86
119.47
118.95
118.47
121.77
120.58
118.77
121.58
120.22
120.47
124.97
121.08
119.73
118.44
119.00
120.08
122.73
118.88
122.25
122.05
116.12
120.89
121.62
121.75
120.47
120.56
107.58
108.89
108.98
110.30
110.91
122.47
120.09
121.08
120.33
119.02
122.39
122.09
119.53
123.08
121.09
122.08
120.02
124.17
120.67
122.34
121.98
121.20
119.59
122.39
121.03
118.97
119.45
119.23
119.99
121.64
122.94
123.33
120.66
121.14
121.30
121.27
121.31
119.94
119.72
123.50
120.28
120.56
122.52
120.05
122.77
120.50
120.61
117.69
119.34
122.83
121.20
122.25
122.47
121.11
121.20
121.72
122.33
122.47
122.73
121.34
118.95
121.98
121.58
122.95
119.12
122.98
120.70
122.33
119.19
122.88
118.73
122.14
119.97
122.98
120.16
124.39
122.27
121.36
124.17
121.39
119.48
122.77
120.30
119.17
121.89
121.70
122.23
120.45
121.78
118.78
121.36
120.80
120.50
120.75
119.62
121.00
122.70
122.23
119.61
120.12
121.06
122.36
125.70
122.58
121.22
120.22
120.45
119.47
118.98
121.39
121.44
121.27
118.28
124.69
120.30
121.34
123.61
120.64
118.80
118.91
120.80
121.59
118.20
120.58
121.86
117.53
122.56
120.81
120.16
123.14
122.19
120.39
122.28
122.69
121.80
123.22
119.27
120.48
118.55
119.53
120.11
121.11
124.56
119.62
120.17
119.42
122.92
123.77
122.75
120.25
118.91
121.31
119.00
120.41
122.31
121.70
121.27
120.78
122.22
119.62
121.06
124.08
122.19
119.92
119.86
122.78
120.83
121.53
123.69
123.16
120.81
120.50
121.73
119.41
120.75
119.64
117.66
122.59
122.86
121.08
121.44
120.06
119.61
121.69
119.75
121.20
119.09
123.56
121.47
117.91
117.25
121.25
121.41
120.05
123.48
117.12
119.66
121.92
121.53
119.91
122.83
119.11
120.20
121.83
122.53
120.86
120.52
119.05
120.70
118.92
123.27
120.38
121.23
123.94
120.14
119.50
118.98
119.92
122.42
122.36
120.41
122.25
120.83
122.12
120.75
120.42
125.20
117.02
121.80
121.44
122.56
120.80
122.16
123.28
120.11
118.16
119.52
122.92
121.33
120.67
122.00
119.39
122.92
123.77
122.20
119.81
120.47
121.52
123.28
120.30
121.88
121.62
121.30
118.94
122.44
120.31
121.27
119.86
121.78
121.84
123.08
121.66
123.03
121.80
121.00
120.22
121.80
123.78
120.11
120.45
119.86
119.16
120.34
120.67
123.47
123.28
120.81
123.03
119.41
121.11
120.33
121.78
120.56
116.62
123.39
120.62
121.86
119.73
121.23
120.23
121.80
125.17
119.02
120.72
123.19
122.58
120.22
121.94
122.56
120.66
121.64
118.22
121.62
123.55
119.98
119.05
121.06
123.77
120.47
123.19
122.11
119.50
118.20
121.83
119.95
120.20
120.67
121.39
123.14
119.80
121.08
121.48
121.25
121.92
122.69
121.52
119.67
121.14
121.80
120.33
120.97
119.44
119.55
123.33
122.08
122.03
122.72
122.73
120.92
123.17
120.05
121.58
123.80
119.97
121.44
122.66
124.20
121.30
124.36
119.44
120.42
119.36
122.08
119.97
119.72
120.92
119.52
123.72
122.52
118.75
116.38
122.03
119.22
119.67
120.12
119.11
122.16
123.14
119.41
119.88
117.98
121.80
123.89
124.09
120.56
120.83
119.45
121.25
120.94
120.11
123.41
123.25
122.23
121.56
122.44
116.91
122.30
123.97
116.98
117.53
120.36
121.69
121.84
120.53
118.94
119.33
121.08
123.03
121.86
118.77
122.11
122.19
119.00
121.77
122.19
121.00
120.50
118.91
121.97
120.89
122.44
119.86
121.77
121.22
121.09
122.12
121.86
122.48
121.06
121.33
119.06
121.09
120.91
119.73
119.17
119.02
123.02
120.08
122.64
123.47
119.89
117.70
122.56
121.03
121.47
124.23
121.03
123.86
117.83
118.94
120.17
120.50
120.08
122.88
121.56
120.98
124.23
120.59
119.31
121.44
119.81
122.28
119.41
121.20
119.98
123.09
121.50
122.48
123.17
121.33
118.83
121.08
120.42
119.48
121.83
119.94
120.22
