13.69
410.08
505.78
505.69
505.77
505.77
505.75
505.72
505.78
505.75
505.70
505.73
505.72
505.73
505.73
505.73
505.73
505.72
505.75
505.78
505.72
505.75
505.69
505.70
505.72
505.69
505.69
505.73
505.75
505.69
505.73
505.56
505.67
505.70
505.63
505.66
505.75
505.73
505.64
505.72
505.67
505.61
505.69
505.67
505.67
500.68
505.66
505.64
505.70
505.63
505.64
505.69
505.67
505.67
505.67
505.69
505.70
505.67
505.67
505.66
505.72
505.66
505.64
505.72
505.67
505.69
505.67
505.70
505.66
505.66
505.75
505.66
505.67
505.66
505.70
505.67
505.64
505.66
505.67
505.64
505.66
505.67
505.64
505.66
505.66
505.72
505.63
505.66
505.69
505.70
505.70
505.67
505.66
505.67
505.63
505.67
505.72
505.69
505.69
505.70
505.67
505.69
505.70
505.69
505.69
505.70
505.72
505.69
505.67
505.66
505.66
505.70
505.63
505.66
505.69
505.72
505.69
505.70
505.67
505.64
505.67
505.75
505.63
505.73
505.72
505.70
505.64
505.70
505.67
505.69
505.70
505.69
505.73
505.66
505.70
505.63
505.70
505.66
505.64
505.67
505.69
505.67
505.64
505.67
505.72
505.64
505.72
505.64
505.70
505.69
505.66
505.66
505.70
505.67
505.70
505.70
505.63
505.66
505.69
505.66
505.67
505.72
505.63
505.63
505.66
505.69
505.66
505.66
505.70
505.69
505.66
505.66
505.66
505.64
505.67
505.58
505.61
505.70
505.66
505.67
505.69
505.64
505.64
505.67
505.66
505.70
505.64
505.69
505.59
505.67
505.67
505.69
505.63
505.61
505.66
505.66
505.67
505.63
505.67
505.69
505.66
505.70
505.61
505.66
505.67
505.66
505.66
505.63
505.73
505.69
505.64
505.67
505.69
505.64
505.64
505.66
505.64
505.64
505.64
505.70
505.64
505.66
505.69
505.63
505.66
505.69
505.64
505.64
505.70
505.66
500.70
505.66
505.69
505.59
505.67
505.61
505.64
505.59
505.69
505.67
505.69
505.67
505.63
505.70
505.67
505.66
505.67
505.66
505.66
505.67
505.69
505.66
505.64
505.70
505.64
505.69
505.69
505.67
505.70
505.61
505.70
505.63
505.59
505.70
505.63
505.69
505.64
505.66
505.69
505.63
505.66
505.59
505.69
505.64
505.64
505.66
505.63
505.59
505.64
505.69
505.67
505.67
505.63
505.64
505.64
505.63
505.66
505.64
505.67
505.64
505.66
505.64
505.66
505.63
505.67
505.67
505.66
505.73
505.72
505.69
505.69
505.63
505.64
505.69
505.70
505.67
505.67
505.61
505.69
505.66
505.72
505.67
505.66
505.69
505.66
505.69
505.69
505.63
505.66
505.58
505.72
505.61
505.61
505.63
505.61
505.63
505.66
505.67
505.63
505.66
505.66
505.66
505.69
505.67
505.69
505.59
505.67
505.61
505.66
505.67
505.69
505.70
505.64
505.70
505.58
505.69
505.69
505.64
505.61
505.64
505.70
505.72
505.66
505.63
505.67
505.56
505.64
505.66
505.63
505.67
505.64
505.63
505.61
505.70
505.66
505.67
505.69
505.61
505.70
505.70
505.55
505.67
505.73
505.64
505.69
505.63
505.67
505.63
505.64
505.72
505.61
505.63
505.66
505.61
505.70
505.67
505.69
505.67
505.69
505.67
505.69
505.63
505.64
505.66
505.67
505.64
505.64
505.69
505.69
505.64
505.61
505.64
505.61
505.67
505.66
505.63
505.64
505.70
505.66
505.70
505.66
505.67
505.64
505.67
505.67
505.69
505.70
500.65
505.64
505.69
505.56
505.61
505.69
505.67
505.70
505.70
505.67
505.61
505.69
505.67
505.66
505.67
505.64
505.70
505.73
505.61
505.66
505.66
505.66
505.67
505.69
505.70
505.69
505.59
505.67
505.67
505.61
505.61
505.69
505.63
505.61
505.66
505.67
505.69
505.67
505.72
505.72
505.67
505.61
505.73
505.66
505.66
505.70
505.64
505.70
505.67
479.86
