write_job: (g=0): rw=write, bs=16K-16K/16K-16K/16K-16K, ioengine=libaio, iodepth=32
fio-2.1.10
Starting 1 process

write_job: (groupid=0, jobs=1): err= 0: pid=3956: Wed Sep 30 11:09:00 2015
  write: io=235520MB, bw=439350KB/s, iops=27459, runt=548930msec
    slat (usec): min=2, max=83, avg= 9.35, stdev= 1.35
    clat (usec): min=839, max=2877, avg=1154.30, stdev= 7.30
     lat (usec): min=865, max=2887, avg=1163.88, stdev= 7.02
    clat percentiles (usec):
     |  1.00th=[ 1144],  5.00th=[ 1144], 10.00th=[ 1144], 20.00th=[ 1144],
     | 30.00th=[ 1160], 40.00th=[ 1160], 50.00th=[ 1160], 60.00th=[ 1160],
     | 70.00th=[ 1160], 80.00th=[ 1160], 90.00th=[ 1160], 95.00th=[ 1160],
     | 99.00th=[ 1160], 99.50th=[ 1176], 99.90th=[ 1192], 99.95th=[ 1208],
     | 99.99th=[ 1512]
    bw (KB  /s): min=435872, max=439680, per=100.00%, avg=439367.26, stdev=351.29
    lat (usec) : 1000=0.01%
    lat (msec) : 2=100.00%, 4=0.01%
  cpu          : usr=13.92%, sys=40.22%, ctx=15042288, majf=0, minf=27
  IO depths    : 1=0.1%, 2=0.1%, 4=0.1%, 8=0.1%, 16=0.1%, 32=100.0%, >=64=0.0%
     submit    : 0=0.0%, 4=100.0%, 8=0.0%, 16=0.0%, 32=0.0%, 64=0.0%, >=64=0.0%
     complete  : 0=0.0%, 4=100.0%, 8=0.0%, 16=0.0%, 32=0.1%, 64=0.0%, >=64=0.0%
     issued    : total=r=0/w=15073280/d=0, short=r=0/w=0/d=0
     latency   : target=0, window=0, percentile=100.00%, depth=32

Run status group 0 (all jobs):
  WRITE: io=235520MB, aggrb=439350KB/s, minb=439350KB/s, maxb=439350KB/s, mint=548930msec, maxt=548930msec

Disk stats (read/write):
  sda: ios=84/15068341, merge=0/0, ticks=4/17289872, in_queue=17285536, util=100.00%
