write_job: (g=0): rw=write, bs=16K-16K/16K-16K/16K-16K, ioengine=libaio, iodepth=1
fio-2.1.10
Starting 1 process

write_job: (groupid=0, jobs=1): err= 0: pid=528: Sun Oct  4 22:40:54 2015
  write: io=123793MB, bw=35212KB/s, iops=2200, runt=3600001msec
    slat (usec): min=1, max=125, avg=14.18, stdev= 6.70
    clat (usec): min=1, max=250656, avg=437.66, stdev=455.81
     lat (usec): min=52, max=250659, avg=452.12, stdev=457.27
    clat percentiles (usec):
     |  1.00th=[   60],  5.00th=[   60], 10.00th=[   60], 20.00th=[   61],
     | 30.00th=[   61], 40.00th=[   62], 50.00th=[   91], 60.00th=[  314],
     | 70.00th=[  972], 80.00th=[  988], 90.00th=[ 1004], 95.00th=[ 1020],
     | 99.00th=[ 1400], 99.50th=[ 1464], 99.90th=[ 1512], 99.95th=[ 1512],
     | 99.99th=[ 1544]
    bw (KB  /s): min=14784, max=221536, per=100.00%, avg=35243.65, stdev=45305.36
    lat (usec) : 2=0.01%, 4=0.01%, 10=0.01%, 20=0.01%, 50=0.03%
    lat (usec) : 100=51.01%, 250=2.85%, 500=8.21%, 750=1.54%, 1000=25.92%
    lat (msec) : 2=10.44%, 4=0.01%, 10=0.01%, 20=0.01%, 50=0.01%
    lat (msec) : 250=0.01%, 500=0.01%
  cpu          : usr=1.50%, sys=4.79%, ctx=7956258, majf=0, minf=28
  IO depths    : 1=100.0%, 2=0.0%, 4=0.0%, 8=0.0%, 16=0.0%, 32=0.0%, >=64=0.0%
     submit    : 0=0.0%, 4=100.0%, 8=0.0%, 16=0.0%, 32=0.0%, 64=0.0%, >=64=0.0%
     complete  : 0=0.0%, 4=100.0%, 8=0.0%, 16=0.0%, 32=0.0%, 64=0.0%, >=64=0.0%
     issued    : total=r=0/w=7922778/d=0, short=r=0/w=0/d=0
     latency   : target=0, window=0, percentile=100.00%, depth=1

Run status group 0 (all jobs):
  WRITE: io=123793MB, aggrb=35212KB/s, minb=35212KB/s, maxb=35212KB/s, mint=3600001msec, maxt=3600001msec

Disk stats (read/write):
  sda: ios=84/1733250, merge=0/0, ticks=4/107208, in_queue=106588, util=76.54%
