14.49
126.67
152.80
151.34
147.08
148.81
151.30
147.31
149.09
148.27
147.22
150.17
151.14
152.45
153.06
143.63
150.70
148.33
152.39
150.88
150.83
147.62
150.59
147.92
153.64
150.48
150.17
150.25
145.89
153.84
147.70
154.52
152.78
148.02
145.89
149.88
151.84
155.77
147.97
150.94
147.03
145.53
149.70
154.39
156.00
146.27
152.86
149.30
152.69
151.48
146.98
150.56
151.59
151.03
152.48
156.56
145.08
144.45
153.84
146.45
151.41
150.75
145.95
152.34
149.78
146.83
148.36
151.86
152.11
148.28
151.38
148.25
151.55
150.77
145.25
148.12
146.20
146.55
152.45
150.36
148.80
153.08
148.17
149.73
155.02
148.08
150.75
153.78
148.56
152.14
151.42
145.78
147.52
148.98
149.36
148.78
155.03
147.75
147.09
148.72
150.67
152.38
152.25
149.27
150.06
147.88
144.12
157.17
147.20
146.95
147.95
152.66
148.25
151.72
147.28
148.38
150.84
147.70
147.30
148.88
154.45
146.28
153.05
149.59
150.94
153.66
154.47
147.67
152.48
150.28
149.75
155.16
151.27
148.19
152.22
154.17
149.70
149.08
147.42
154.09
146.78
148.06
154.44
152.33
151.89
150.77
150.50
151.22
149.81
147.27
149.30
148.94
146.89
148.36
149.39
150.19
151.55
149.23
148.94
151.69
147.86
147.12
148.98
156.50
150.34
151.08
146.83
153.84
148.14
151.47
145.97
150.03
152.94
150.50
150.03
150.83
152.23
148.39
147.47
151.91
148.25
147.38
149.67
152.33
146.81
152.08
149.25
146.02
153.77
150.95
151.16
150.32
151.23
151.48
151.69
153.98
149.27
149.53
147.41
149.33
155.42
149.16
150.52
153.56
148.64
150.78
151.92
152.70
150.86
151.08
148.80
153.81
150.59
146.06
148.41
150.00
152.44
149.61
149.47
145.52
149.23
150.48
149.22
151.64
150.75
152.34
151.28
151.78
149.86
152.23
150.61
154.38
148.53
148.00
153.88
150.28
146.91
150.23
148.02
152.73
154.48
151.34
149.75
153.14
150.11
147.38
149.86
153.45
154.12
146.39
151.20
149.30
148.83
148.09
147.59
149.11
149.00
153.73
152.64
146.27
153.97
149.88
150.09
150.72
152.23
147.58
150.72
149.06
144.44
148.97
146.88
148.44
148.86
153.41
152.25
149.34
149.81
153.41
151.41
146.92
155.05
153.97
146.81
151.25
151.73
149.47
151.75
153.06
146.31
153.31
152.19
150.92
157.17
148.41
152.53
148.56
149.56
151.16
154.83
148.66
154.27
148.28
153.86
152.81
149.42
150.14
146.27
149.34
150.31
153.17
144.78
147.48
146.48
148.72
152.09
150.09
147.52
152.03
149.41
147.58
155.97
155.28
150.72
150.66
148.05
147.95
150.70
148.23
149.02
148.05
152.48
146.94
148.44
150.25
149.28
146.42
150.50
150.50
147.48
151.25
146.97
148.67
151.27
147.16
152.05
150.06
149.06
148.88
149.05
152.69
149.55
149.00
146.75
146.97
149.53
148.20
150.17
148.11
149.03
154.27
150.88
152.47
150.66
147.11
149.52
147.72
152.78
147.08
146.39
144.77
151.30
153.44
153.00
148.70
150.83
148.69
152.02
149.50
148.20
148.64
147.88
149.33
151.98
149.98
148.23
149.19
148.41
153.75
147.41
150.44
152.34
151.34
149.58
149.92
149.38
146.86
152.78
150.22
148.91
149.11
147.56
149.22
150.33
147.61
153.44
149.23
148.66
150.47
148.67
149.61
149.67
150.25
147.06
148.27
151.05
153.19
153.03
149.77
150.34
150.20
147.47
151.39
148.00
152.31
150.55
151.59
148.75
151.47
150.31
150.69
151.22
146.64
151.92
149.64
151.73
150.84
151.28
152.36
146.50
148.53
149.34
147.56
148.41
149.91
154.38
147.14
151.67
146.98
153.12
148.81
148.92
154.41
147.22
152.48
150.50
153.25
149.84
148.53
149.50
147.86
150.55
150.30
149.53
148.08
144.30
150.47
149.23
152.25
149.12
150.64
147.78
150.30
149.00
147.39
147.44
150.94
153.03
151.66
150.94
153.34
150.00
151.83
147.83
148.34
152.86
153.62
154.09
146.30
146.97
151.14
147.61
147.58
152.12
143.55
150.23
154.11
148.58
153.59
152.17
149.28
149.69
150.58
147.48
149.53
146.77
148.36
149.27
150.42
152.39
151.23
149.52
147.41
150.03
149.23
144.62
146.47
152.55
149.39
151.12
150.81
149.52
149.53
153.62
148.31
147.45
151.67
151.16
145.61
150.42
146.03
148.00
154.38
147.58
150.58
152.58
146.78
150.72
150.80
153.05
148.70
148.08
148.97
152.30
153.66
150.20
152.02
148.16
150.52
150.62
150.44
147.73
152.42
146.77
149.89
147.78
148.52
147.72
149.77
150.00
148.78
148.75
146.02
150.11
148.81
149.72
152.16
149.11
147.14
148.77
150.09
148.94
150.48
152.03
148.52
154.67
155.28
147.56
150.77
151.59
148.89
149.78
149.88
148.70
150.05
148.88
150.25
153.02
147.11
147.31
148.92
149.11
144.66
153.56
149.22
150.12
151.42
152.08
144.36
151.80
149.59
146.45
151.36
152.73
148.12
147.97
148.28
157.06
153.80
146.48
148.66
151.75
146.47
151.02
150.81
148.47
147.72
144.66
147.97
149.77
151.81
151.78
150.30
150.66
150.25
147.14
150.88
149.75
149.91
147.64
147.09
147.59
147.23
150.30
152.50
149.80
149.05
147.42
150.84
148.23
146.58
151.20
147.03
148.86
152.02
148.95
150.47
146.42
148.27
154.19
153.70
147.19
155.00
150.31
148.39
147.34
148.52
150.20
143.53
150.02
151.38
151.52
148.94
149.55
154.39
151.75
149.89
148.62
143.88
151.38
151.08
153.53
148.83
151.89
149.20
153.05
145.77
150.55
152.36
147.75
149.59
151.09
145.36
152.42
153.67
150.48
153.44
148.19
148.94
147.58
149.94
147.17
149.98
151.47
147.88
152.83
150.17
147.47
153.89
148.58
154.17
153.12
149.80
148.66
151.73
153.44
152.08
155.72
147.69
148.77
150.09
148.41
153.23
146.45
148.91
154.19
149.69
145.81
146.22
150.14
150.97
153.09
152.69
149.78
149.31
149.35
147.88
147.61
150.42
147.72
149.64
147.44
150.00
150.70
147.53
150.12
146.83
147.06
154.47
148.02
151.58
149.42
152.98
146.94
150.14
149.75
143.50
149.25
152.53
145.97
148.77
151.84
147.59
154.39
146.47
145.36
150.17
153.03
155.64
148.45
150.31
144.89
151.23
150.77
151.11
147.17
152.47
149.20
151.03
150.31
145.91
151.97
147.61
150.42
151.94
146.94
151.14
151.58
148.22
149.73
151.12
149.06
151.34
153.34
144.39
150.72
150.69
