rw_job: (g=0): rw=rw, bs=16K-16K/16K-16K/16K-16K, ioengine=libaio, iodepth=128
fio-2.1.10
Starting 1 process

rw_job: (groupid=0, jobs=1): err= 0: pid=4257: Wed Sep 30 14:14:46 2015
  read : io=117755MB, bw=177601KB/s, iops=11100, runt=678942msec
    slat (usec): min=1, max=93, avg= 7.26, stdev= 4.00
    clat (msec): min=1, max=20, avg= 4.01, stdev= 1.62
     lat (msec): min=1, max=20, avg= 4.01, stdev= 1.62
    clat percentiles (usec):
     |  1.00th=[ 2192],  5.00th=[ 2480], 10.00th=[ 2672], 20.00th=[ 2960],
     | 30.00th=[ 3216], 40.00th=[ 3440], 50.00th=[ 3632], 60.00th=[ 3824],
     | 70.00th=[ 4048], 80.00th=[ 4384], 90.00th=[ 5472], 95.00th=[ 8256],
     | 99.00th=[ 9664], 99.50th=[10432], 99.90th=[13760], 99.95th=[14400],
     | 99.99th=[15808]
    bw (KB  /s): min=161792, max=191200, per=100.00%, avg=177648.55, stdev=4713.51
  write: io=117765MB, bw=177617KB/s, iops=11101, runt=678942msec
    slat (usec): min=1, max=102, avg= 8.01, stdev= 4.24
    clat (msec): min=1, max=29, avg= 7.51, stdev= 2.03
     lat (msec): min=1, max=29, avg= 7.51, stdev= 2.03
    clat percentiles (usec):
     |  1.00th=[ 5088],  5.00th=[ 5536], 10.00th=[ 5792], 20.00th=[ 6112],
     | 30.00th=[ 6368], 40.00th=[ 6624], 50.00th=[ 6944], 60.00th=[ 7200],
     | 70.00th=[ 7648], 80.00th=[ 8256], 90.00th=[10944], 95.00th=[12096],
     | 99.00th=[14400], 99.50th=[16512], 99.90th=[18048], 99.95th=[18560],
     | 99.99th=[20608]
    bw (KB  /s): min=162464, max=193440, per=100.00%, avg=177664.57, stdev=4634.05
    lat (msec) : 2=0.08%, 4=33.85%, 10=59.40%, 20=6.66%, 50=0.01%
  cpu          : usr=8.36%, sys=24.64%, ctx=5055130, majf=0, minf=27
  IO depths    : 1=0.1%, 2=0.1%, 4=0.1%, 8=0.1%, 16=0.1%, 32=0.1%, >=64=100.0%
     submit    : 0=0.0%, 4=100.0%, 8=0.0%, 16=0.0%, 32=0.0%, 64=0.0%, >=64=0.0%
     complete  : 0=0.0%, 4=100.0%, 8=0.0%, 16=0.0%, 32=0.0%, 64=0.0%, >=64=0.1%
     issued    : total=r=7536317/w=7536963/d=0, short=r=0/w=0/d=0
     latency   : target=0, window=0, percentile=100.00%, depth=128

Run status group 0 (all jobs):
   READ: io=117755MB, aggrb=177601KB/s, minb=177601KB/s, maxb=177601KB/s, mint=678942msec, maxt=678942msec
  WRITE: io=117765MB, aggrb=177616KB/s, minb=177616KB/s, maxb=177616KB/s, mint=678942msec, maxt=678942msec

Disk stats (read/write):
  sda: ios=3831223/3768944, merge=3704230/3767011, ticks=15318172/28395508, in_queue=43725760, util=100.00%
