13.02
350.48
429.03
429.06
428.86
429.03
429.11
429.12
429.14
429.11
429.11
429.12
429.14
429.17
429.12
429.16
429.12
429.06
429.08
429.03
428.95
428.95
429.00
429.00
426.83
428.97
429.02
429.02
428.97
428.95
429.05
428.73
429.05
429.09
428.78
428.81
428.98
429.08
429.02
428.80
428.97
428.98
429.05
429.03
429.00
429.03
429.02
429.05
429.02
428.88
428.98
428.98
429.05
429.06
428.84
429.08
429.11
429.06
429.09
428.78
429.06
429.14
429.06
429.09
429.03
428.95
429.06
429.00
429.05
429.03
429.02
429.05
429.00
429.02
428.72
429.08
429.09
429.11
429.03
429.06
429.03
429.02
429.08
429.06
429.12
429.06
429.11
429.11
428.95
429.05
429.00
429.11
429.06
429.05
429.09
429.06
429.11
429.12
428.94
429.08
429.03
429.08
424.85
429.09
428.64
429.05
429.05
429.02
429.05
429.11
429.11
429.11
429.06
429.08
428.86
429.02
428.98
428.97
429.00
429.05
429.00
428.98
429.05
429.06
428.98
428.89
429.05
429.05
429.03
428.98
429.00
428.92
428.97
428.98
429.03
428.91
428.97
429.05
429.02
429.02
428.81
429.00
428.97
428.98
429.02
429.02
428.94
428.97
428.98
428.91
429.06
428.84
429.00
428.97
428.97
428.98
428.97
429.00
429.00
428.97
428.94
429.05
429.00
429.00
428.80
428.95
428.97
428.98
429.06
426.27
429.06
429.08
429.09
429.11
429.05
428.86
428.98
429.02
429.08
428.84
429.03
428.97
429.03
428.91
429.03
429.00
429.03
428.98
429.02
428.89
429.06
429.06
429.06
428.92
429.02
429.03
429.08
429.05
429.06
429.05
428.98
429.05
429.09
429.03
429.00
428.88
428.98
429.03
429.09
428.89
429.05
429.00
428.98
428.88
429.02
429.00
428.97
428.97
428.98
427.19
429.00
428.98
429.02
429.02
428.98
428.98
429.00
429.00
429.00
427.00
428.98
428.98
428.98
429.08
426.06
429.03
429.02
428.98
429.02
428.92
429.05
429.14
428.95
429.08
426.63
429.11
429.12
429.09
429.08
427.83
429.14
429.14
429.02
429.05
428.92
429.11
429.05
429.02
428.83
429.00
428.70
428.97
428.98
429.12
429.09
429.02
429.00
429.02
428.95
428.97
428.83
429.06
429.00
428.98
428.84
428.92
428.98
428.98
429.08
428.77
429.03
428.92
429.03
429.02
428.66
424.80
429.00
429.05
428.89
429.06
429.11
429.03
429.06
428.88
429.00
429.00
428.97
428.98
428.98
429.02
429.00
429.03
429.02
429.03
428.98
428.81
428.94
429.03
429.05
429.00
429.05
428.98
428.97
429.00
426.91
428.97
429.02
428.83
429.06
429.00
428.94
428.95
429.06
429.05
429.08
429.17
429.09
428.91
428.75
428.72
429.09
429.06
429.14
429.11
429.12
428.97
429.08
429.08
429.08
429.08
429.06
429.14
429.12
429.09
428.98
429.09
429.08
429.12
429.14
429.12
429.11
429.16
429.06
429.16
429.03
428.95
429.11
429.09
429.06
426.73
429.16
429.09
429.11
429.12
428.92
429.00
429.14
429.11
429.12
429.14
429.00
429.11
429.11
429.09
429.09
428.38
429.17
429.14
429.17
428.69
429.16
429.19
429.17
429.16
429.17
429.19
429.19
428.97
429.19
429.02
429.17
429.16
429.08
429.14
429.22
429.09
429.17
429.16
429.11
428.59
429.14
429.02
429.11
429.19
429.14
429.17
428.80
429.16
429.09
428.94
429.03
429.16
429.16
429.17
429.22
429.22
429.20
429.19
429.17
428.98
429.12
429.14
429.16
429.05
429.03
429.11
429.11
429.00
429.12
429.09
429.08
429.09
429.12
429.06
429.11
428.91
429.05
429.08
429.09
429.11
429.11
429.14
429.03
429.16
429.16
429.14
429.17
429.16
429.14
429.12
429.12
429.14
429.05
429.14
429.12
429.12
429.16
429.11
429.16
429.16
429.14
429.14
429.12
428.95
429.16
429.11
429.08
429.11
424.77
429.11
429.14
428.77
429.12
429.00
429.17
429.11
429.03
429.06
429.16
429.11
429.19
429.19
429.14
429.02
428.72
429.12
429.09
429.08
428.95
427.72
429.17
429.14
429.11
429.16
429.00
429.05
429.11
428.91
429.08
429.08
429.02
429.09
429.11
429.11
429.02
428.89
429.09
429.05
429.05
429.06
429.03
429.05
429.06
428.95
429.09
429.08
429.09
429.05
429.08
428.86
429.17
429.14
429.19
429.17
429.11
429.16
429.14
429.12
428.98
429.11
429.06
429.08
429.14
429.16
429.11
429.06
429.05
429.00
428.69
429.11
429.12
429.17
429.11
429.02
429.03
429.12
429.16
429.03
429.09
429.09
