12.81
320.73
400.70
415.25
423.11
426.64
427.58
425.38
427.03
426.89
427.53
429.14
427.69
427.73
422.47
428.08
427.87
424.83
427.11
426.64
429.11
428.97
429.12
420.11
425.53
428.33
427.83
428.16
426.73
427.42
428.56
427.84
429.19
429.22
429.22
429.19
429.03
429.22
428.23
426.47
427.91
428.95
429.09
429.09
428.92
428.19
429.09
429.20
429.05
429.14
429.06
429.14
428.73
427.14
427.56
427.95
428.91
428.98
428.14
429.05
428.97
429.05
429.08
429.12
428.72
428.67
428.55
428.09
429.14
429.25
429.16
429.12
422.02
429.12
429.03
428.75
427.80
429.23
429.22
428.62
429.22
429.17
429.22
429.17
429.20
429.20
429.05
429.12
429.17
428.62
428.38
425.20
428.97
429.11
429.09
427.77
429.09
429.09
429.05
429.16
429.06
429.06
429.08
429.11
429.12
428.98
429.17
429.22
429.19
429.11
429.16
429.22
429.16
428.95
429.06
429.08
429.14
429.12
429.16
429.14
429.09
429.16
428.78
429.12
429.11
428.66
429.16
429.16
429.16
429.17
429.05
429.19
429.17
429.08
429.19
429.19
429.25
429.20
429.19
429.19
429.19
428.66
429.19
429.16
429.02
429.14
429.12
429.14
429.16
428.00
426.97
427.56
426.69
429.09
429.12
428.98
429.12
429.06
429.02
428.98
429.12
429.09
427.19
427.25
428.47
425.97
421.17
425.56
429.09
429.14
429.02
429.14
429.12
428.75
427.94
429.14
429.16
429.17
429.11
428.64
429.12
429.12
429.12
429.09
429.16
429.02
429.16
429.14
429.09
429.12
429.14
429.19
429.12
429.11
428.53
429.11
429.06
429.08
429.11
429.09
429.14
429.03
429.09
428.95
425.22
429.00
424.77
428.83
429.00
427.78
429.00
429.00
429.05
428.94
428.98
429.03
429.08
428.66
428.94
428.73
428.95
429.05
429.06
429.09
428.47
429.05
429.09
429.11
428.95
428.47
429.12
429.03
428.88
429.05
429.05
429.05
429.06
429.02
429.03
428.75
429.06
429.08
428.25
428.61
427.47
429.08
428.97
429.03
428.98
428.89
429.02
429.05
429.08
429.00
429.03
428.94
428.98
428.97
428.95
428.89
429.02
428.58
428.97
428.86
429.03
429.02
429.02
429.03
429.00
427.25
428.97
428.98
428.97
428.94
428.94
428.77
428.98
429.02
428.95
429.00
429.06
429.02
429.03
428.89
429.05
429.02
428.80
429.03
429.05
428.92
429.03
428.98
429.03
428.62
428.80
428.81
429.08
429.16
429.16
428.89
428.97
429.12
429.17
429.14
428.81
429.06
429.12
429.12
429.12
429.12
428.97
429.12
429.09
429.08
428.98
429.11
428.92
429.11
429.08
428.66
429.06
428.95
429.06
429.11
429.05
428.33
429.12
429.08
429.06
428.92
428.95
429.09
429.09
428.89
428.62
426.66
425.50
423.23
425.27
423.61
425.11
423.52
427.33
425.95
425.06
425.77
426.56
428.94
428.89
425.56
428.97
428.84
429.03
428.98
428.95
429.00
429.00
429.00
429.03
426.28
428.97
428.91
428.94
428.97
428.97
428.98
428.86
428.84
428.98
428.92
429.00
428.98
428.97
428.95
428.97
428.98
429.00
429.08
429.00
426.31
428.84
428.98
428.02
428.62
428.88
429.03
428.98
429.06
428.86
428.08
429.05
429.05
429.03
429.03
429.09
424.63
429.03
429.09
429.06
425.84
429.02
429.05
429.05
429.05
429.02
428.84
429.02
429.05
427.87
426.52
428.97
428.98
429.03
428.86
429.02
429.12
429.00
429.00
424.58
424.78
423.31
424.09
421.88
428.94
428.41
428.98
429.08
429.03
428.91
428.02
429.02
429.02
428.95
429.03
429.09
428.89
429.05
429.14
429.05
426.23
429.05
429.14
429.08
428.98
428.86
429.08
428.89
429.05
429.05
427.44
429.03
429.08
429.06
429.11
428.06
429.05
429.12
428.89
428.95
427.87
429.06
428.91
429.09
428.52
425.67
428.61
428.95
429.14
429.02
426.16
429.05
429.09
429.08
429.03
429.09
429.08
429.08
428.95
429.19
427.59
429.12
429.12
429.05
429.00
429.09
429.11
429.06
429.09
429.12
429.09
429.09
429.05
428.91
429.09
429.06
429.05
429.05
429.09
429.09
426.14
429.14
429.22
429.14
428.95
429.14
429.16
429.16
429.19
429.17
429.19
429.12
429.14
429.00
429.16
429.12
429.14
429.19
429.22
429.17
426.33
429.14
429.08
429.12
428.67
429.12
428.95
429.05
429.09
429.05
427.00
429.09
429.03
428.95
428.88
427.38
429.09
428.95
429.08
429.12
428.86
429.05
429.14
429.16
429.11
429.14
429.14
429.09
429.08
428.91
429.14
364.30
