13.63
43.91
56.97
55.97
56.70
57.48
55.53
57.81
55.47
56.67
56.14
56.80
56.84
54.83
57.78
54.98
56.19
55.05
56.67
56.89
54.94
56.61
56.08
57.16
54.53
57.38
54.94
58.19
56.28
54.17
58.55
55.34
57.66
53.62
56.17
56.19
54.95
56.56
55.95
58.08
54.81
56.92
54.36
55.67
56.41
53.50
58.55
56.75
57.53
55.77
57.53
54.27
57.39
56.58
55.39
57.34
56.23
57.19
54.86
56.47
58.25
57.11
55.83
53.19
59.14
56.12
56.92
56.12
55.58
56.56
55.23
56.17
56.80
59.50
53.75
58.06
54.92
57.80
57.56
55.67
56.67
55.23
56.98
53.14
56.00
56.48
56.05
57.34
56.73
58.09
55.34
57.47
56.75
56.39
55.75
54.77
55.53
55.64
56.42
53.36
58.72
55.61
57.55
55.94
55.69
57.31
54.34
57.12
57.45
55.80
56.61
55.75
54.36
54.98
57.84
55.14
55.22
54.44
56.47
57.98
55.31
55.88
55.92
54.56
55.77
55.67
55.86
55.47
55.42
55.38
56.41
54.72
56.14
55.61
52.73
54.48
55.06
54.47
55.14
53.53
53.02
52.09
54.48
48.97
50.41
47.78
45.83
49.97
46.98
43.52
46.19
45.39
45.45
47.17
43.41
41.88
44.78
42.98
41.53
44.08
43.41
42.77
44.94
43.19
41.41
45.67
44.45
42.31
42.97
41.94
42.89
44.75
42.11
43.86
44.25
41.14
41.31
42.44
42.61
44.83
43.20
42.77
45.56
42.55
42.67
42.31
44.48
42.61
41.73
41.75
43.72
44.36
42.61
42.27
43.83
42.42
44.44
42.50
43.11
43.56
41.14
42.05
43.56
43.41
42.17
43.61
41.83
43.50
41.77
43.09
43.36
42.89
44.41
43.18
41.94
43.75
42.48
42.42
43.34
43.72
42.14
42.91
44.25
41.33
41.69
42.06
42.97
42.48
42.44
42.92
42.58
43.94
42.11
42.20
40.56
42.67
43.34
43.14
41.97
43.16
42.00
42.80
42.77
43.34
41.36
42.98
43.09
41.84
42.64
43.84
42.33
43.08
43.50
42.25
42.53
40.97
42.48
43.88
43.38
41.64
42.75
42.70
41.08
43.34
43.19
40.94
43.31
43.64
42.00
43.56
43.33
41.95
41.34
43.36
42.92
45.16
43.89
43.53
44.02
42.41
41.14
41.86
41.72
42.09
42.89
43.67
43.06
44.00
42.88
43.09
41.70
42.53
41.77
43.73
43.17
40.64
43.27
44.34
40.31
42.06
41.97
40.16
42.77
43.17
41.53
42.64
43.61
41.28
43.34
42.94
41.39
42.11
43.11
40.33
41.36
41.64
42.45
42.31
41.58
42.19
43.47
43.33
42.92
42.98
43.27
42.03
45.48
42.50
40.81
42.20
42.89
40.08
44.84
42.20
40.69
43.77
41.98
44.44
42.31
41.47
42.09
43.56
43.92
43.11
42.56
42.98
41.91
43.97
41.78
43.59
44.70
41.30
43.44
44.05
42.38
44.22
43.78
41.86
44.50
43.50
42.67
41.14
43.42
41.89
43.45
41.77
42.73
42.88
40.69
42.23
41.91
41.67
42.58
42.70
40.09
40.94
43.61
41.30
42.31
41.69
39.97
43.02
41.92
42.25
42.72
41.00
42.55
41.25
42.22
41.69
43.47
42.19
41.67
42.44
42.75
41.78
41.33
40.89
42.27
42.28
42.86
42.72
41.05
42.69
40.45
41.06
41.80
41.41
42.79
44.17
42.61
42.64
41.97
41.88
44.03
41.55
41.36
41.55
42.25
42.48
43.42
41.73
42.16
41.53
42.33
43.56
41.45
42.23
43.56
40.72
44.45
42.36
42.22
42.02
42.83
42.30
42.48
42.94
42.39
41.86
41.73
43.64
43.34
42.08
41.80
42.34
41.11
43.62
41.69
41.55
41.45
41.33
41.81
43.75
41.34
41.12
42.31
42.12
42.34
41.42
42.00
41.44
43.55
43.11
41.53
41.83
43.31
41.20
42.08
43.20
42.33
42.58
43.41
41.77
43.91
45.14
41.00
42.86
43.12
41.48
43.47
44.44
41.03
42.45
43.72
41.20
43.41
44.09
42.19
42.14
44.23
40.73
42.88
43.34
41.47
42.22
43.48
41.17
42.02
44.61
40.70
42.95
44.69
41.47
42.25
42.75
40.36
44.28
43.86
42.09
43.55
43.17
44.12
43.86
42.14
40.09
43.97
42.77
40.94
43.70
43.66
41.44
41.48
44.75
41.45
43.39
42.36
39.84
42.64
43.22
41.31
42.77
43.11
40.91
42.61
44.23
41.20
43.39
43.86
42.23
41.25
42.00
41.25
41.95
41.97
44.52
41.98
43.00
43.38
42.70
44.61
42.05
42.41
41.88
41.95
42.19
42.80
41.20
42.42
43.88
41.31
41.61
41.92
42.89
42.84
42.06
43.05
42.36
42.83
41.62
42.72
42.25
41.78
42.25
41.39
42.72
43.42
40.89
43.56
40.91
42.45
42.50
42.56
41.47
41.54
42.64
42.59
41.61
42.06
42.05
43.16
41.83
42.92
42.31
42.34
42.83
43.73
41.92
41.19
43.19
41.41
42.55
42.16
42.73
42.05
42.72
41.47
41.64
41.58
41.39
41.92
42.86
43.28
43.28
43.22
42.91
41.27
41.80
42.42
43.25
42.70
43.86
43.52
42.14
40.56
42.12
41.22
43.42
41.80
42.02
43.08
42.16
42.05
42.27
41.36
41.45
42.14
42.62
44.61
41.45
42.08
42.23
43.03
42.02
44.08
42.61
41.98
43.00
42.30
42.94
41.38
42.56
41.73
42.08
41.53
41.25
44.59
40.86
42.44
44.06
40.22
43.28
41.78
42.58
42.09
42.80
42.42
42.66
42.52
40.89
42.59
42.12
41.48
41.47
43.64
42.08
44.02
43.30
42.52
43.86
41.39
40.89
41.81
41.28
41.89
41.72
42.52
43.47
41.50
42.48
41.23
43.03
42.98
41.61
42.28
42.36
41.30
42.52
42.84
42.23
41.45
42.11
41.75
41.56
43.48
42.50
42.16
44.56
41.09
42.78
42.95
42.42
42.28
41.00
42.34
41.61
40.89
40.89
38.91
42.98
42.36
42.61
42.72
42.39
42.42
41.55
42.52
42.55
41.88
43.03
42.11
44.05
41.70
41.42
43.09
41.17
39.52
43.25
44.45
41.66
43.73
42.05
41.20
42.94
41.20
40.36
40.19
42.81
40.61
42.77
42.38
40.98
42.06
42.16
40.14
42.61
42.94
41.86
42.52
43.62
42.64
43.02
42.91
40.05
40.39
40.42
40.90
42.23
42.39
41.69
42.78
42.25
42.31
41.00
41.34
42.66
40.23
42.27
43.11
40.64
41.92
44.70
40.59
41.00
41.80
41.92
42.55
41.72
41.62
43.70
42.12
41.36
43.06
41.58
40.95
42.67
42.58
41.91
42.31
42.44
42.19
43.84
39.28
41.81
41.94
43.08
41.75
41.50
43.16
40.88
40.98
42.53
39.33
42.30
42.95
41.14
42.23
43.78
43.22
43.72
42.94
40.14
43.19
43.00
39.97
43.80
43.58
40.52
41.61
44.78
39.77
43.92
43.14
41.47
43.30
43.31
40.91
43.98
41.78
42.88
41.72
42.23
42.25
41.92
43.62
42.23
43.14
42.83
41.09
41.50
44.86
42.27
42.86
42.62
42.34
42.08
42.98
41.33
42.09
42.80
42.59
41.92
43.03
44.08
42.03
43.00
40.48
42.42
42.14
41.91
40.22
42.70
42.72
42.06
43.84
41.17
40.69
43.27
43.09
41.95
42.58
41.36
41.48
44.19
42.66
39.47
41.05
41.56
42.44
43.45
42.97
42.72
42.59
41.78
40.67
43.48
41.94
42.22
42.34
41.59
41.11
43.94
42.89
42.25
42.12
42.06
42.98
42.38
44.00
41.95
42.66
41.27
42.86
41.77
42.70
41.81
41.78
43.00
42.19
43.36
43.95
43.42
41.92
42.03
41.53
42.22
43.80
42.25
44.22
42.42
40.83
41.17
41.75
41.41
43.58
42.70
42.72
44.28
43.77
44.16
43.05
42.19
41.81
41.39
42.77
41.14
42.86
42.89
41.98
41.86
41.83
42.56
41.66
45.12
41.62
42.83
42.91
41.38
42.88
42.53
40.73
41.72
40.12
42.44
43.97
43.61
39.95
42.59
42.52
40.80
42.02
42.95
42.97
40.95
43.00
41.38
42.91
41.50
41.03
41.61
42.25
42.52
41.19
42.83
42.22
41.02
42.86
43.31
42.27
42.05
41.50
42.05
41.84
42.16
42.81
42.23
42.91
41.47
41.36
42.89
41.61
41.34
43.89
42.77
41.11
42.47
42.00
42.31
42.98
44.33
42.09
42.92
42.00
41.94
43.31
43.27
41.50
42.58
42.81
41.22
42.38
43.33
40.61
42.83
42.27
43.30
42.84
42.58
41.69
41.42
43.98
43.12
41.45
41.55
43.31
43.48
43.25
41.94
42.77
42.69
42.50
42.20
40.77
41.36
42.39
42.19
42.97
42.80
42.48
41.20
43.80
42.55
41.38
43.28
41.20
42.98
42.52
41.23
42.72
43.56
41.64
43.80
42.00
41.25
43.64
43.42
42.33
42.62
43.19
43.16
42.02
40.77
41.38
42.31
41.36
41.67
42.12
43.06
42.16
42.20
43.06
40.41
43.06
42.09
40.55
41.94
42.72
41.31
42.58
41.69
39.92
41.45
42.83
42.28
40.36
41.94
43.41
42.67
40.28
44.00
42.38
42.47
42.84
41.28
42.77
43.94
41.75
42.56
41.23
42.03
43.75
44.20
42.16
43.20
42.59
42.22
43.84
41.44
41.94
42.17
43.69
39.75
43.84
43.66
41.75
44.16
41.88
40.38
42.75
43.30
42.80
42.05
42.38
41.67
41.64
42.08
41.95
41.47
43.48
43.14
40.97
40.91
40.09
41.80
41.78
42.36
42.31
42.17
41.59
43.89
42.25
41.55
43.98
43.80
40.41
43.09
44.00
42.23
41.02
42.02
41.69
41.81
42.72
40.02
43.22
43.59
42.88
42.00
41.81
40.81
41.66
42.69
41.25
41.83
42.52
41.78
42.69
42.70
41.39
43.09
45.05
40.64
41.53
44.47
42.98
41.83
42.56
42.66
42.11
42.27
42.38
41.38
42.41
42.22
42.17
42.52
41.95
42.33
42.88
42.67
40.72
41.17
43.06
42.84
41.62
43.48
41.28
43.55
43.47
41.27
42.69
43.69
42.61
41.41
43.05
41.22
42.84
43.81
43.12
42.53
43.25
41.19
41.94
43.38
41.64
42.69
42.86
40.78
42.14
41.55
42.36
41.98
43.02
41.72
42.34
42.09
40.78
42.30
42.78
42.92
41.89
42.25
41.47
44.56
42.59
41.81
42.53
42.23
40.69
44.14
42.38
41.73
43.28
44.94
41.84
44.22
42.25
41.16
44.73
42.61
41.84
42.64
42.56
42.27
42.78
40.91
41.28
42.36
42.83
42.05
40.97
41.75
41.77
41.62
42.34
40.61
41.80
43.41
41.17
42.50
42.58
42.67
42.41
41.88
39.45
41.97
42.48
42.88
41.45
42.55
41.50
42.39
42.83
40.34
41.28
42.72
43.19
42.33
43.17
44.33
43.55
44.03
42.16
41.02
43.33
42.69
43.78
41.53
43.17
42.72
41.91
42.78
41.94
42.48
42.38
41.95
42.67
43.09
42.56
41.47
42.67
41.97
40.05
41.11
43.48
43.27
42.80
43.06
42.30
41.41
41.06
41.94
41.25
42.94
40.48
42.36
42.47
41.81
42.72
41.02
41.06
40.52
40.69
42.64
42.44
43.27
41.44
42.56
41.11
42.59
41.86
42.17
42.34
42.81
43.97
42.56
43.16
40.75
41.05
42.88
41.23
42.11
41.84
41.83
39.39
41.92
41.92
40.56
42.02
41.83
42.61
43.58
43.91
40.88
42.80
42.98
41.78
41.86
41.72
41.56
42.30
43.52
41.72
41.45
40.39
41.36
41.80
42.06
42.64
41.30
43.69
42.52
43.72
40.48
43.31
41.22
40.80
42.25
43.02
40.52
42.86
42.70
42.34
42.83
42.39
41.72
40.92
42.11
43.48
43.69
42.64
43.48
43.89
42.08
42.58
41.59
41.38
42.09
42.62
43.61
42.20
42.56
41.45
41.33
41.34
41.52
42.36
42.08
42.97
42.22
42.88
42.34
42.12
39.67
41.08
41.98
43.27
44.08
42.69
42.61
42.08
42.64
41.08
43.72
40.94
41.91
42.41
42.55
41.72
41.77
41.25
40.58
42.47
43.28
42.31
42.33
42.19
41.88
43.08
44.62
41.89
40.34
43.61
41.59
40.91
42.95
43.44
41.50
42.19
43.09
42.11
41.52
42.59
41.25
41.28
40.88
41.25
42.31
42.38
43.11
41.53
43.03
43.41
43.00
42.75
41.59
42.86
44.56
41.23
43.11
42.89
41.89
43.28
40.91
42.27
43.94
41.97
42.20
43.31
41.14
42.23
44.14
42.00
42.56
43.17
43.38
41.11
43.42
42.39
41.67
43.25
42.73
42.81
42.95
40.34
42.09
41.89
41.97
43.39
41.47
42.45
42.69
42.91
41.56
41.70
41.56
41.92
43.34
43.20
42.17
41.03
43.12
42.03
41.52
42.05
40.58
43.84
39.31
41.28
42.83
43.55
42.08
43.05
41.83
40.59
44.09
43.09
40.78
41.50
42.42
41.48
43.61
41.97
42.30
42.45
42.44
42.08
41.52
42.64
42.94
40.97
41.75
40.44
42.12
42.42
42.73
42.70
42.31
42.83
41.22
40.59
41.94
41.67
41.09
40.59
41.86
42.42
41.45
42.20
41.70
43.06
41.78
42.59
42.20
42.92
41.95
41.78
42.62
42.91
42.84
41.62
43.06
42.58
42.67
43.36
43.86
43.52
42.92
42.47
42.66
42.16
43.02
41.47
43.62
42.81
41.83
42.84
42.28
41.72
42.25
42.42
42.17
42.97
42.97
42.81
42.58
44.41
41.41
43.14
44.38
40.50
43.58
44.58
42.39
42.66
41.34
41.95
42.38
43.17
41.92
42.38
44.20
43.02
42.42
42.38
42.77
41.22
41.70
43.08
42.53
43.39
42.16
43.06
43.16
41.30
41.95
41.77
43.98
43.27
41.36
42.55
42.44
41.45
41.55
42.17
39.23
42.81
42.50
42.42
41.86
43.00
41.59
42.80
41.25
40.45
41.81
40.86
42.45
41.83
41.16
42.50
41.89
42.70
41.20
42.80
42.38
42.14
43.31
41.92
41.73
42.84
41.94
41.16
42.36
42.48
41.98
40.11
42.81
41.36
42.80
43.58
41.30
43.67
42.27
42.19
44.14
42.27
42.11
43.05
41.53
41.70
43.06
41.20
42.69
42.22
40.23
41.78
42.62
42.09
42.67
42.33
41.50
43.28
42.02
42.42
41.11
42.58
41.94
42.50
41.70
41.16
43.67
41.55
42.00
43.67
43.12
41.52
42.58
41.84
40.61
42.02
41.42
43.17
44.00
41.08
42.22
42.75
40.78
42.34
41.97
41.80
41.73
42.50
40.59
42.27
42.42
43.11
41.47
42.14
42.05
43.27
41.70
41.19
41.94
42.22
41.92
43.38
42.31
42.33
41.91
41.70
43.56
42.67
41.00
42.97
41.86
41.36
42.58
43.58
43.00
42.70
43.80
43.64
42.14
44.12
43.17
43.59
42.91
42.41
43.59
42.42
43.31
41.66
43.27
40.33
42.78
43.41
43.34
42.92
41.72
41.27
44.53
42.09
41.11
42.34
41.81
41.36
40.58
42.81
41.59
41.39
41.91
42.61
41.66
43.69
42.66
43.12
43.95
42.89
39.89
42.73
42.80
41.03
42.69
41.50
41.80
41.94
42.38
41.72
43.45
43.31
42.75
42.92
42.23
41.30
43.88
42.61
41.91
41.98
41.84
42.33
42.28
43.31
40.38
41.86
41.73
43.45
43.05
42.42
42.80
41.27
42.72
42.31
42.38
43.72
43.19
43.22
41.94
42.97
41.14
42.31
43.19
40.16
42.84
42.97
41.52
41.53
43.08
40.62
40.91
43.08
43.12
41.78
44.67
41.38
41.84
41.94
41.80
41.32
43.06
41.19
42.58
44.00
41.59
40.81
42.72
41.34
43.55
41.72
41.75
44.77
43.00
43.31
43.73
42.69
42.56
42.27
42.55
42.28
42.66
42.03
42.42
42.41
42.80
41.80
42.14
42.58
41.94
41.70
42.59
40.66
43.44
42.94
42.34
41.30
42.30
41.81
42.98
41.62
41.72
43.17
41.91
43.86
43.77
42.12
42.27
43.03
43.09
42.75
42.91
41.02
42.50
41.44
42.67
42.55
40.88
42.80
41.28
43.09
42.20
42.48
43.56
41.27
42.42
44.48
40.59
43.53
44.08
42.95
41.72
43.73
42.00
41.12
42.17
41.17
42.98
43.95
44.31
42.83
41.34
41.62
41.70
41.80
42.30
42.61
43.30
42.02
42.25
42.44
41.89
42.02
42.83
42.17
43.44
41.94
42.45
42.97
42.72
43.36
41.75
42.78
40.67
42.55
42.02
41.75
40.95
42.81
42.47
42.55
43.16
42.06
43.73
42.09
42.66
42.09
42.19
41.58
43.38
41.23
43.09
42.23
42.11
41.56
41.86
42.39
41.78
43.19
40.88
42.42
42.45
43.47
42.84
42.42
42.44
43.58
43.16
43.11
43.02
42.38
41.59
41.20
44.00
41.20
40.86
40.58
41.70
40.86
42.22
43.77
41.67
43.06
42.91
43.70
42.48
41.67
42.27
42.03
42.08
43.39
41.17
42.00
42.80
44.12
41.89
42.70
42.36
41.62
42.94
41.97
41.78
42.08
42.75
41.47
42.53
43.97
42.12
45.31
42.58
42.22
40.67
43.28
42.33
42.58
42.09
42.28
43.22
44.41
41.05
43.41
42.72
43.34
41.31
42.28
41.02
44.53
43.88
43.11
42.59
43.75
41.92
41.94
42.83
41.70
42.64
41.31
41.42
43.84
43.42
43.16
41.77
42.81
40.27
42.11
42.14
43.36
43.66
42.77
44.17
42.42
41.06
42.30
43.80
41.64
42.75
43.19
43.42
42.72
41.47
42.30
42.70
43.48
41.70
41.88
44.20
41.62
42.48
43.05
40.50
43.11
43.36
42.38
42.89
42.61
40.69
43.81
43.03
42.03
43.00
43.41
41.47
43.31
43.55
40.05
41.67
43.33
41.77
41.95
42.25
41.58
42.30
43.28
42.02
41.92
43.78
42.12
41.92
44.59
41.56
42.19
42.86
42.56
44.06
44.16
43.12
41.14
43.39
41.34
41.78
45.08
42.20
41.89
43.84
41.44
42.00
43.25
41.62
40.86
43.36
41.33
42.00
42.55
42.27
44.20
42.89
41.83
41.66
42.02
42.73
41.89
43.34
41.44
41.12
41.56
42.66
40.61
42.61
43.78
41.86
41.72
43.81
43.27
42.64
43.38
42.17
44.09
44.11
41.44
43.77
41.52
40.50
43.08
43.23
41.80
41.75
42.52
41.34
41.30
43.08
40.72
43.58
41.56
42.05
42.50
42.47
42.81
43.12
41.92
40.70
42.50
41.44
40.39
43.97
42.30
41.48
44.42
43.56
41.61
43.34
41.83
42.53
44.09
42.44
42.81
42.88
42.50
41.98
42.94
41.08
41.83
42.56
41.44
43.39
43.47
40.88
40.16
42.02
41.14
43.23
42.45
41.94
43.16
43.02
41.14
43.25
41.91
41.80
41.30
41.19
41.62
42.30
41.97
42.19
41.33
41.84
42.38
41.48
41.67
41.47
42.30
42.39
41.19
42.17
42.16
41.81
42.38
41.86
42.44
43.17
42.28
41.97
43.83
40.88
40.61
41.02
40.94
42.16
44.66
42.91
42.61
42.16
42.12
42.08
42.80
41.83
41.27
41.95
42.47
42.20
42.78
41.28
41.95
42.08
40.77
42.05
41.91
42.52
42.27
42.55
41.67
42.00
43.22
42.81
40.88
42.31
41.58
41.64
42.45
41.72
44.20
43.12
40.81
41.98
41.16
43.02
42.69
41.45
42.14
43.03
43.33
41.92
42.91
41.06
43.31
41.88
41.83
41.88
42.25
43.48
42.95
41.11
41.41
41.92
42.03
42.34
43.89
42.27
42.47
43.45
41.17
42.05
41.92
42.52
42.84
43.45
41.98
43.09
42.47
40.44
41.98
43.70
40.92
41.20
45.11
42.09
41.31
42.97
41.47
43.56
42.56
42.53
42.84
43.98
42.17
42.23
44.22
41.95
43.55
42.53
43.02
43.52
42.31
41.59
42.88
43.45
40.16
43.41
41.08
42.19
44.14
42.67
40.92
42.88
42.58
42.86
42.64
40.12
41.30
42.81
43.69
41.97
44.55
43.77
42.61
43.16
43.98
42.33
42.44
43.56
42.48
41.23
43.78
41.83
42.98
42.20
41.88
42.75
42.27
42.38
42.52
42.50
43.23
41.78
40.88
39.81
42.31
42.61
42.97
41.96
41.45
42.05
43.19
41.59
42.81
41.64
41.53
41.58
41.70
42.17
41.44
41.53
40.88
42.25
41.75
40.45
42.08
41.58
39.95
42.34
40.08
41.16
43.52
40.92
42.00
42.86
41.94
40.95
42.41
41.58
43.06
43.86
38.78
41.77
41.92
40.52
39.39
42.62
42.12
41.77
42.66
42.53
41.12
41.80
42.83
42.22
43.67
44.88
42.39
43.23
42.58
39.22
41.19
42.92
40.75
41.36
41.56
42.33
42.08
43.09
41.47
42.44
42.09
42.11
43.23
42.33
43.19
41.25
41.08
40.81
42.98
43.22
42.75
42.53
41.88
41.84
44.34
42.56
43.12
41.55
43.27
41.06
44.28
40.66
40.94
42.66
40.83
40.41
42.38
41.95
42.03
43.22
42.19
40.00
42.22
42.64
40.77
43.08
42.47
40.81
42.36
41.83
42.08
42.59
44.42
40.95
43.25
43.14
41.22
41.31
42.69
39.88
41.91
43.17
41.25
41.84
42.42
43.06
42.84
43.30
41.33
42.12
42.33
41.89
41.70
41.05
42.95
42.62
42.69
43.52
42.42
42.59
41.08
42.30
42.55
42.72
42.48
43.59
43.42
42.33
43.11
42.73
41.00
41.12
42.11
42.11
42.52
41.89
40.39
43.86
41.53
42.11
42.69
41.12
41.94
43.14
42.94
41.59
42.78
40.95
42.80
41.98
43.02
41.17
44.47
42.41
42.48
42.14
43.81
43.70
42.81
41.41
42.20
42.42
41.73
42.81
43.27
41.86
42.59
43.09
42.50
42.08
41.84
42.83
40.91
43.33
42.89
41.57
41.77
42.59
42.34
43.20
41.06
40.91
42.97
40.53
40.53
43.36
41.48
42.61
43.83
41.05
43.78
43.25
42.16
41.27
42.64
43.72
43.53
43.89
42.23
42.53
43.34
42.39
41.56
42.06
39.58
41.55
43.16
41.56
42.34
43.28
41.88
40.28
44.59
42.19
42.17
44.19
44.00
41.70
44.56
42.78
42.92
43.23
41.12
41.02
40.02
43.11
40.64
42.72
43.14
41.64
41.69
43.02
41.73
42.34
41.61
42.05
43.45
43.41
42.34
43.08
42.70
43.17
43.03
43.12
41.34
42.33
43.78
41.91
44.22
43.44
41.05
42.42
41.52
42.81
43.34
42.64
42.41
42.55
42.81
41.30
42.73
42.80
41.31
43.11
43.33
41.55
43.34
42.38
41.52
44.36
43.78
40.56
43.61
42.83
42.16
42.80
42.72
43.02
43.81
41.59
43.42
42.88
42.78
42.31
42.81
42.22
41.44
42.70
42.92
41.91
43.84
42.31
42.00
41.61
42.39
42.53
43.31
42.06
42.98
41.44
42.20
43.55
42.03
41.02
42.70
