14.59
141.56
176.50
171.59
172.27
180.41
172.66
170.95
173.17
171.98
173.61
169.41
176.47
170.84
174.86
175.91
175.44
176.38
171.70
177.80
171.31
173.52
174.11
172.17
170.58
173.64
174.00
175.16
171.52
172.88
174.06
170.08
174.20
171.73
171.70
167.70
173.95
177.09
174.36
170.23
175.69
167.53
175.70
175.81
177.55
172.53
178.42
176.86
174.78
169.98
177.16
172.89
166.31
175.09
166.92
170.86
179.27
174.17
172.12
177.83
172.89
179.58
172.34
172.86
175.52
174.12
169.20
176.94
175.66
170.31
173.25
171.94
170.05
176.61
172.03
175.08
174.27
176.30
170.30
174.03
168.12
175.58
171.77
171.12
177.20
171.61
173.91
173.75
169.64
178.06
171.91
169.44
173.83
178.50
170.00
173.97
174.72
170.72
175.17
170.62
168.92
175.44
172.94
172.00
172.98
174.55
174.70
177.41
171.97
173.81
175.19
175.05
175.45
173.88
171.61
173.69
176.73
172.02
176.08
174.56
176.17
173.20
169.20
174.03
174.91
177.77
170.39
172.27
171.38
174.36
172.03
170.17
171.19
175.30
171.23
176.95
171.25
173.58
173.02
172.08
173.69
175.94
174.06
173.03
176.83
172.05
179.14
172.02
173.73
176.77
167.19
175.55
174.25
172.69
171.38
176.44
172.48
170.94
175.39
169.38
180.94
178.02
170.47
180.59
175.41
171.75
176.33
172.50
171.83
178.44
168.19
173.70
172.72
175.03
176.36
167.84
174.69
174.77
172.78
175.67
175.59
174.83
175.83
174.42
172.16
168.20
174.25
174.91
172.70
172.66
172.16
176.11
170.53
172.19
177.84
168.78
175.41
172.89
168.64
175.39
178.06
181.56
178.80
174.58
172.23
179.00
171.28
173.28
176.44
174.61
177.88
169.81
171.63
175.72
176.00
170.36
173.66
175.22
171.92
173.00
166.86
171.84
174.50
168.64
176.33
171.14
169.69
176.11
175.11
174.12
176.27
173.52
173.23
170.38
166.55
168.47
177.48
168.14
168.62
176.12
169.61
169.95
175.75
170.98
173.86
176.06
171.84
177.72
174.03
169.59
172.70
176.02
168.44
172.84
176.05
176.86
171.34
174.75
169.30
177.88
170.36
169.03
175.83
174.20
171.25
173.17
171.06
172.30
175.38
171.34
173.67
174.00
170.52
175.47
173.28
175.69
173.53
174.14
174.16
177.55
171.59
175.77
172.97
167.11
175.19
170.67
173.08
169.30
172.94
173.09
176.53
171.03
168.22
175.95
172.03
170.78
175.64
165.77
177.06
179.52
173.77
168.72
178.78
172.52
175.36
170.25
177.30
174.22
174.73
176.91
170.28
168.75
175.02
175.36
170.06
169.09
173.19
175.88
174.58
172.22
172.48
176.97
172.70
174.56
176.52
169.97
179.06
172.88
169.14
172.06
179.33
171.91
173.06
173.77
172.50
172.23
172.89
171.91
175.72
173.12
174.80
177.59
172.05
172.66
177.89
175.22
172.45
173.06
171.36
172.77
174.22
171.33
173.78
177.23
175.11
171.91
171.91
169.72
180.19
172.41
171.94
174.02
176.02
172.73
174.34
173.66
175.00
172.30
171.38
178.03
173.44
176.78
181.20
169.08
168.56
175.25
171.66
174.33
171.62
169.98
177.02
171.41
171.31
172.25
173.02
173.75
177.08
170.81
169.86
174.61
173.77
169.06
176.78
173.02
172.39
174.31
173.38
173.38
175.95
171.23
168.50
172.89
170.66
176.20
173.05
171.31
175.91
171.31
172.27
177.56
171.69
171.66
174.78
173.20
178.92
169.92
175.39
176.62
175.72
174.06
178.59
173.31
175.94
172.47
172.83
176.45
173.08
169.56
183.31
169.48
177.02
175.81
171.91
173.61
175.14
175.02
177.16
174.97
175.62
179.95
173.19
169.52
178.36
175.02
173.86
168.72
172.83
174.80
174.83
172.95
175.09
172.86
172.03
172.73
171.59
174.86
173.16
170.56
174.20
172.20
176.62
173.91
173.80
171.88
174.80
177.53
173.83
173.53
173.45
171.36
177.61
169.38
175.50
172.67
172.30
178.67
170.78
172.58
178.08
171.17
172.22
175.88
175.61
172.52
172.92
167.55
175.78
172.91
177.45
174.72
166.55
172.92
174.91
174.78
174.27
174.52
173.78
174.91
178.09
169.92
172.42
175.27
174.66
172.89
174.55
174.33
175.12
170.34
171.11
179.47
171.81
170.36
172.62
175.36
175.02
173.05
172.92
171.44
174.50
170.23
181.55
168.91
172.17
172.89
173.16
170.97
172.11
169.75
175.02
172.81
168.09
175.30
168.05
174.03
177.09
169.14
169.44
178.11
172.48
173.34
174.84
166.41
176.22
176.89
168.73
170.22
171.16
174.97
171.50
172.95
173.80
175.09
166.02
172.44
175.95
169.92
175.14
174.61
173.78
171.55
177.59
171.91
173.53
177.02
172.11
171.55
169.62
166.98
173.75
171.42
168.58
171.47
172.44
173.58
178.92
170.81
170.11
172.75
170.84
174.02
173.97
171.73
171.70
174.44
171.78
170.39
176.08
173.23
174.88
173.19
167.17
173.75
178.41
174.70
176.08
168.88
173.47
175.36
176.53
176.44
175.95
177.22
175.61
172.75
174.66
182.12
171.06
173.27
176.69
173.53
173.14
174.47
168.22
174.52
175.92
176.62
171.59
173.66
169.14
175.97
169.50
166.92
171.02
172.23
172.14
175.88
172.31
172.39
169.55
172.00
174.50
173.41
168.27
170.64
170.67
173.45
171.05
178.55
172.14
175.48
169.62
174.86
176.34
163.56
172.33
175.59
171.20
172.19
172.14
171.52
178.31
171.72
170.75
168.31
177.03
176.70
173.56
172.56
173.25
177.23
171.84
173.39
174.42
173.12
171.89
171.73
174.97
166.75
174.48
169.80
173.14
174.44
176.33
173.70
170.75
172.11
175.38
172.80
175.55
175.09
