14.29
91.78
117.64
116.62
123.28
135.67
147.45
152.09
144.86
146.42
147.62
146.61
149.58
143.28
148.41
147.44
147.62
147.56
150.34
147.30
145.72
147.44
147.12
148.09
145.78
151.22
147.25
147.48
144.22
145.62
149.80
145.38
147.70
148.39
149.94
147.44
146.09
145.55
150.84
148.95
145.56
147.88
144.59
143.06
150.22
151.80
146.45
145.16
150.50
148.03
148.38
149.28
147.12
150.38
147.86
149.58
149.05
151.69
145.39
147.05
150.11
149.66
142.58
149.61
145.78
147.83
146.50
149.12
146.33
149.17
153.25
149.89
142.98
146.33
147.31
146.33
147.45
145.97
148.20
148.03
151.58
148.09
146.42
148.16
145.53
146.19
148.11
147.34
146.50
146.44
148.78
147.86
150.05
148.86
146.50
144.42
147.86
147.78
144.98
150.89
145.83
143.28
154.56
147.69
147.73
150.27
149.03
147.06
148.08
149.78
148.08
146.25
147.58
148.86
144.23
152.09
146.20
146.03
149.80
145.69
142.34
147.83
146.19
150.80
147.72
150.16
149.30
145.44
149.12
154.14
145.36
148.22
147.06
147.25
148.56
146.98
147.45
147.50
150.48
143.98
147.73
152.05
146.98
147.89
148.48
144.86
149.83
147.78
149.53
148.47
146.31
145.89
145.77
146.00
147.72
147.95
148.41
147.16
148.06
150.08
151.05
145.30
148.31
144.59
146.28
147.19
148.25
147.27
146.61
146.69
150.50
146.12
145.91
147.80
144.19
151.83
148.50
144.64
148.03
148.44
146.28
149.08
149.14
148.44
146.48
145.75
145.95
149.09
147.50
148.73
149.27
144.70
150.75
145.58
149.62
148.41
148.58
148.53
146.00
147.70
148.36
146.94
147.95
149.06
143.61
146.17
147.25
149.66
150.66
146.45
145.91
148.73
151.27
149.78
149.02
148.22
148.05
144.23
143.95
148.73
146.92
151.34
146.72
146.91
146.06
146.41
148.64
144.09
149.02
152.81
147.73
149.17
148.17
146.17
152.83
148.34
150.38
146.42
148.22
149.12
149.62
148.11
147.33
147.23
149.56
149.22
147.05
151.22
145.50
147.20
147.00
147.22
149.52
148.84
144.67
149.09
145.73
145.06
146.95
143.94
149.77
146.91
149.16
145.64
146.86
147.81
146.95
145.33
149.92
145.98
147.97
150.61
146.19
147.03
144.42
145.31
144.50
145.53
150.91
146.83
147.56
146.56
153.00
145.59
146.73
147.81
150.09
148.47
148.22
145.58
145.55
148.47
149.64
148.36
145.59
150.23
142.64
148.20
149.47
149.41
153.20
146.16
148.53
151.36
145.73
148.33
148.67
142.98
149.20
145.97
147.80
148.42
145.58
149.44
149.62
145.33
144.89
145.16
148.28
149.05
145.09
149.08
146.25
150.12
151.23
144.45
148.84
149.03
144.86
149.92
150.67
145.73
150.98
143.44
148.59
145.61
145.12
146.50
145.44
148.31
150.70
143.88
147.22
146.86
146.42
145.82
146.48
146.95
145.48
146.97
148.02
148.53
148.91
145.45
145.61
144.81
149.02
144.27
148.58
150.59
147.73
148.12
142.70
146.22
145.08
148.25
150.20
148.42
145.19
150.09
144.33
148.69
148.52
146.58
146.86
141.16
148.64
149.62
149.22
149.14
146.75
145.16
148.72
149.64
148.58
148.58
147.62
145.48
145.03
149.89
145.33
145.03
148.94
149.12
144.62
148.22
145.70
145.47
150.77
148.67
149.47
146.94
147.09
148.92
148.08
147.89
150.17
144.55
146.94
151.19
145.27
149.30
151.55
148.94
147.47
145.02
151.59
146.69
147.50
147.39
143.67
146.75
149.41
148.17
147.61
149.48
145.59
147.80
146.45
148.48
145.94
147.19
149.08
146.84
147.56
149.09
147.20
148.92
151.14
148.34
145.67
144.80
148.45
147.16
148.78
148.81
145.77
143.23
146.88
146.89
145.50
150.50
148.20
147.08
145.67
147.45
149.08
146.03
147.16
146.81
148.53
148.86
152.84
144.97
149.19
149.67
147.12
149.47
148.94
145.23
149.61
149.89
143.83
145.72
149.38
145.00
147.88
148.98
149.27
142.58
146.38
147.52
146.41
150.38
149.38
145.20
147.72
147.44
147.66
148.44
148.70
146.94
146.81
147.83
151.56
146.14
147.84
145.19
147.80
145.36
144.88
148.88
146.75
151.86
150.30
143.81
150.89
148.55
150.42
152.44
146.55
143.12
148.44
144.84
147.91
152.19
147.34
150.06
147.70
147.75
147.39
145.41
149.08
143.38
145.30
148.94
145.67
149.41
148.20
147.88
149.31
146.67
145.83
147.05
142.75
149.83
153.02
143.02
146.59
143.41
147.67
145.97
150.16
150.86
143.50
149.78
147.03
144.08
147.30
149.92
144.25
148.45
149.31
148.25
147.86
146.38
151.59
146.03
150.70
151.05
146.05
152.48
152.70
142.53
150.88
144.88
148.39
150.45
147.94
147.30
144.52
144.12
149.42
143.38
152.41
149.16
142.42
147.72
148.56
147.92
149.12
149.70
146.53
147.33
147.72
148.05
149.17
146.81
151.75
144.27
142.86
148.88
147.77
144.83
148.81
149.25
143.95
148.41
147.00
145.75
149.61
149.80
143.08
145.70
150.22
148.69
146.66
146.28
146.80
144.67
148.17
146.12
148.80
145.83
148.89
147.03
145.47
150.91
145.98
147.12
148.12
145.70
148.09
147.41
144.77
148.86
147.58
145.41
144.31
144.80
150.28
147.14
144.38
155.25
149.53
143.70
149.78
144.31
146.75
144.52
148.88
145.28
144.94
148.69
150.58
148.14
150.34
146.58
144.64
144.78
144.92
149.00
148.52
148.44
144.14
145.83
151.55
149.70
147.67
151.06
150.64
143.23
152.62
149.66
145.09
148.17
150.16
145.62
145.78
148.42
150.19
146.64
151.00
150.03
147.09
152.22
147.28
145.00
148.81
150.30
146.12
148.16
132.66
125.25
132.83
125.92
127.23
130.67
130.48
132.00
131.27
125.23
143.14
145.59
148.27
149.41
147.59
149.52
148.33
144.50
150.98
149.09
143.17
151.53
144.23
147.30
148.67
148.72
147.52
146.05
149.25
149.77
151.05
146.88
147.03
145.95
149.17
149.22
149.03
148.34
147.59
147.84
148.62
145.62
151.39
149.34
149.47
147.31
145.22
146.88
144.22
147.12
150.19
148.58
148.81
148.14
144.86
146.31
148.08
144.47
146.86
145.77
149.67
146.50
145.50
147.50
147.81
145.06
146.28
147.20
149.05
146.81
148.00
150.44
144.72
144.19
146.95
144.28
145.55
151.48
147.02
146.19
146.81
144.27
148.64
149.39
150.80
143.66
142.61
148.20
145.78
150.02
146.20
149.61
145.30
147.55
148.12
151.00
148.31
148.78
146.78
145.11
148.67
143.72
147.34
149.89
148.27
145.70
144.47
148.62
144.58
149.70
148.59
146.94
144.80
146.77
148.80
147.00
148.59
148.97
150.50
