13.24
377.92
464.73
464.64
464.66
464.44
464.69
464.64
464.58
464.59
463.98
464.41
464.66
464.59
464.62
464.66
464.44
464.66
464.41
464.47
464.62
464.61
464.41
464.62
464.59
464.44
464.64
464.45
464.62
464.62
464.66
464.50
464.69
464.62
464.41
464.64
464.62
464.62
464.59
464.39
461.81
464.66
464.55
464.44
464.72
464.09
464.66
464.55
464.62
464.62
461.70
464.66
464.48
464.66
464.64
464.16
464.44
464.62
464.62
464.64
464.61
464.64
464.48
464.64
464.64
464.64
464.34
464.67
464.67
464.67
463.31
464.66
464.70
464.50
464.62
464.64
464.62
464.69
464.52
464.69
464.75
464.70
464.73
464.50
464.72
464.72
464.55
464.64
464.39
464.52
464.33
464.70
464.66
464.56
464.70
464.70
464.55
464.78
464.75
464.69
464.58
464.72
464.77
464.70
464.55
464.17
464.72
464.53
464.69
464.73
464.55
464.72
464.69
464.52
464.69
464.53
464.70
464.66
464.53
464.73
464.03
464.69
464.36
464.09
464.66
464.64
464.62
464.45
464.67
464.69
464.61
464.50
464.67
464.66
464.67
463.16
464.66
464.61
464.45
464.70
464.42
464.66
464.48
464.66
464.67
464.45
464.47
464.66
464.64
464.73
463.86
464.67
464.72
464.70
464.70
464.55
464.62
464.70
464.53
464.53
464.06
464.67
460.10
464.52
464.69
464.59
464.69
464.66
464.48
464.69
464.69
464.67
464.78
464.56
464.59
464.62
464.52
464.66
464.64
464.70
464.16
464.53
464.66
464.55
464.69
464.48
464.64
464.66
464.66
464.50
464.70
464.59
464.48
464.70
464.53
464.62
464.69
464.52
464.66
464.62
464.16
464.66
464.62
464.64
464.61
464.61
464.48
464.50
464.70
464.48
464.05
464.67
464.47
464.62
464.41
464.17
464.64
464.64
464.67
464.41
464.42
464.64
464.64
464.67
464.48
463.64
464.67
464.72
464.66
464.34
463.53
464.48
464.64
464.62
464.52
463.73
464.64
464.53
464.47
464.66
460.77
464.48
464.62
464.64
464.66
464.42
464.02
464.50
464.64
464.69
464.17
464.47
464.64
464.64
464.52
464.45
464.59
464.66
464.67
464.42
463.97
464.59
464.64
464.66
463.89
464.61
464.61
464.45
464.61
464.61
464.66
464.44
464.64
464.59
464.59
464.13
464.64
464.61
464.44
464.44
464.62
464.33
464.62
464.52
464.42
464.62
464.62
464.61
464.50
464.67
464.53
464.70
464.64
464.69
464.50
464.64
464.61
464.69
464.70
464.44
464.52
464.64
464.50
464.61
464.66
464.69
464.48
464.59
464.64
464.62
464.69
464.44
464.66
464.69
464.66
464.17
464.47
464.64
464.66
464.45
464.59
464.61
464.61
464.45
464.59
464.08
464.66
464.62
464.48
464.66
464.61
464.61
464.42
464.66
464.69
463.34
464.66
464.44
464.62
464.64
463.98
464.62
464.47
464.66
464.61
464.62
464.59
464.45
459.90
464.64
464.62
464.47
464.64
464.47
464.69
463.69
464.61
464.44
464.62
464.56
464.59
464.61
464.45
464.62
464.64
464.62
464.64
464.45
464.38
464.61
463.11
464.41
464.64
464.64
464.66
463.80
464.61
464.61
464.59
464.45
464.62
464.62
464.64
464.59
464.44
459.88
464.61
463.94
464.44
464.56
464.64
464.59
464.44
464.59
464.59
464.27
464.61
464.59
464.62
464.45
464.47
464.64
464.59
464.41
464.47
464.06
464.61
464.47
464.62
464.61
461.33
464.55
464.64
464.66
464.42
461.52
464.61
464.59
464.41
464.45
464.61
464.39
464.27
464.56
464.25
463.94
464.62
464.64
464.62
464.50
464.64
464.61
464.61
464.42
464.59
464.62
464.66
464.61
464.61
464.47
464.59
464.45
464.62
464.44
464.66
461.33
464.64
464.44
464.62
464.59
461.34
464.62
464.59
464.45
464.62
464.62
464.61
464.64
464.47
464.64
464.64
464.48
464.62
464.62
464.42
464.61
464.44
464.56
464.58
464.42
464.69
464.59
464.66
464.64
464.45
462.75
464.64
464.66
464.52
464.66
464.67
464.48
464.61
464.66
464.61
464.09
464.58
464.64
464.61
464.61
464.50
464.50
464.62
464.45
464.52
463.61
464.64
464.61
464.62
464.47
464.66
464.66
464.62
464.42
464.69
464.66
464.62
464.59
