12.61
43.91
64.78
72.03
64.14
69.06
70.08
80.73
81.44
89.41
86.08
98.59
100.20
121.39
108.69
100.23
99.52
108.00
96.73
116.77
124.20
98.06
138.56
121.44
125.30
131.09
120.08
138.73
147.22
175.22
135.53
153.09
131.34
140.36
144.94
161.23
131.00
125.88
158.59
141.23
141.78
169.03
160.66
143.36
121.11
143.39
128.33
145.34
114.20
162.66
137.39
130.58
170.28
128.75
124.36
145.86
139.17
134.62
121.06
121.89
154.41
151.61
126.39
128.95
144.61
136.30
170.20
128.84
148.48
141.41
148.80
184.91
183.69
177.97
190.12
183.94
213.33
251.09
268.42
196.45
251.14
199.73
263.03
234.61
341.48
427.70
427.78
217.83
224.64
190.66
211.44
222.42
157.42
150.45
164.70
170.14
194.08
123.00
203.33
193.98
204.46
200.14
222.47
250.08
265.23
212.05
241.86
222.28
265.44
129.28
200.00
191.70
203.02
230.72
201.33
246.77
284.78
225.41
224.89
220.55
257.58
232.06
351.08
427.94
427.83
342.27
221.34
181.59
261.81
224.47
306.42
336.62
188.39
391.66
427.75
276.11
214.03
200.48
222.47
229.97
255.89
227.72
252.22
209.34
248.31
427.28
427.61
260.22
165.44
222.17
179.55
206.92
210.80
236.77
225.72
262.78
258.98
227.83
267.56
248.23
250.80
164.81
246.70
228.95
180.70
248.64
222.03
252.11
222.89
273.62
395.02
427.62
427.72
427.73
422.83
427.70
427.61
427.56
427.64
427.58
427.55
427.53
427.48
427.52
427.19
427.62
427.72
427.66
427.67
427.75
427.87
427.78
427.78
427.77
423.69
427.78
427.53
427.75
427.64
425.25
427.58
427.56
427.84
427.97
427.95
427.91
427.91
427.84
427.89
425.62
427.91
427.78
427.72
427.84
427.92
427.84
427.92
427.81
427.80
427.38
427.81
427.62
427.73
427.77
427.73
427.16
427.64
427.64
427.80
427.72
427.77
427.77
427.72
427.80
425.38
427.48
427.05
427.47
427.48
427.77
427.75
427.70
427.72
427.67
427.47
427.62
427.64
427.44
427.56
427.77
427.83
427.80
363.02
198.94
382.25
427.50
427.61
427.56
427.55
424.64
427.58
427.67
427.86
427.91
421.25
205.05
204.47
233.39
195.33
239.78
208.77
233.08
262.61
206.98
278.78
408.92
427.72
427.72
427.77
427.70
427.64
427.87
427.89
427.89
419.09
427.94
427.72
427.59
427.87
427.86
427.80
427.84
427.47
427.73
427.75
427.62
427.61
427.80
427.70
425.61
427.64
427.64
427.70
427.73
427.69
427.56
427.69
427.72
427.67
427.64
427.89
427.87
427.86
427.72
427.80
427.72
427.78
427.72
427.61
427.61
427.91
427.86
427.83
427.77
427.72
427.80
427.80
427.73
427.62
427.61
427.38
427.56
427.81
427.80
424.88
427.70
427.78
427.59
267.30
235.09
213.28
234.56
236.23
216.33
266.69
212.97
282.73
427.58
427.64
427.50
427.56
427.59
427.56
427.47
427.62
427.62
427.64
427.56
427.55
424.17
427.64
427.61
427.78
427.77
427.80
427.75
427.53
427.75
427.72
427.59
427.72
427.75
427.69
427.73
427.41
427.61
427.61
427.52
427.59
427.33
427.30
427.75
427.78
427.72
427.80
427.73
427.75
427.72
427.67
427.61
427.66
427.62
411.25
93.98
69.59
53.50
54.45
47.83
48.34
47.56
47.62
48.33
47.38
48.52
47.22
48.09
48.22
48.81
48.00
47.69
48.83
48.19
47.97
48.28
47.80
48.17
47.69
48.41
48.08
49.05
48.16
47.75
48.17
48.97
47.53
49.52
48.19
48.56
48.30
49.09
48.64
48.30
49.16
48.02
48.81
48.31
48.70
48.58
48.78
49.16
49.00
47.83
49.23
48.52
48.48
47.77
48.98
48.39
48.73
51.09
50.08
49.11
48.03
48.61
48.61
49.25
48.45
49.36
48.97
49.06
48.77
48.28
48.72
48.62
49.03
50.31
48.65
48.70
49.36
48.81
49.31
49.09
48.84
49.36
49.03
49.59
48.81
49.48
49.17
49.58
49.47
49.06
49.56
50.00
49.14
48.77
49.12
49.58
49.16
49.47
49.69
49.17
49.80
50.28
49.97
49.64
49.67
50.84
50.72
49.62
50.12
50.94
50.09
50.25
50.50
49.50
50.42
51.02
49.97
51.09
49.14
50.39
49.66
49.95
49.62
49.64
50.56
51.22
49.72
49.58
49.66
50.77
49.95
50.25
50.44
50.88
50.22
50.78
50.23
50.50
51.03
50.64
50.38
50.38
50.45
49.36
50.97
50.75
51.45
50.27
50.45
51.59
50.55
50.61
50.84
51.53
49.89
51.47
51.56
51.62
51.16
50.69
54.66
51.83
51.36
51.22
51.23
50.84
50.41
51.05
51.95
50.80
51.05
51.39
51.97
51.09
50.75
51.80
50.75
51.55
52.44
50.95
52.27
51.92
51.27
52.09
52.00
51.62
50.98
52.52
51.67
52.30
51.38
51.08
52.11
51.97
50.72
52.31
51.36
51.75
52.03
51.36
52.44
52.14
52.14
51.67
51.72
52.39
52.16
51.31
52.12
52.06
50.97
51.88
53.02
52.00
52.83
52.45
52.48
52.34
52.58
52.19
52.84
51.56
52.50
52.19
52.66
51.95
51.91
52.47
52.67
52.50
52.23
52.83
53.66
52.42
52.30
52.39
54.47
52.64
52.80
52.55
52.70
52.48
52.36
52.81
52.36
52.61
52.36
52.48
52.95
52.12
51.92
53.09
52.25
54.87
53.02
53.08
52.28
53.06
52.94
52.30
53.06
52.55
53.42
53.56
51.95
53.92
52.55
54.14
53.44
53.70
52.73
53.80
54.56
53.09
53.31
52.75
52.94
53.78
55.44
53.97
54.09
54.23
54.02
53.70
54.52
54.22
54.17
53.89
53.87
54.66
54.03
54.34
54.95
53.80
55.30
54.16
54.14
53.50
54.94
54.39
54.55
54.70
55.12
53.75
53.89
56.52
54.84
54.16
54.42
54.34
54.64
54.55
54.14
54.06
54.20
55.33
55.08
54.19
54.17
54.86
54.72
54.48
54.27
54.81
55.47
55.25
55.28
54.80
53.62
54.94
54.47
56.25
54.64
54.75
54.81
55.86
54.87
54.81
56.38
54.87
55.11
54.72
54.09
54.34
55.11
54.83
53.50
56.69
54.98
55.27
57.03
55.80
56.67
55.77
55.33
54.69
59.13
56.67
56.28
55.89
55.53
56.20
57.28
56.52
56.58
56.09
55.70
56.34
56.17
55.94
57.28
57.08
55.89
57.39
56.02
56.98
56.03
56.34
57.39
56.70
56.45
56.84
57.23
57.44
56.48
56.31
56.72
56.47
56.61
56.55
58.70
56.05
57.12
57.72
57.63
56.23
55.12
56.80
55.94
56.34
56.66
57.97
57.91
56.72
57.66
58.23
57.19
56.42
57.84
57.28
57.84
57.41
55.97
57.30
59.14
56.98
57.75
56.78
57.25
56.73
58.22
57.58
57.22
57.95
57.12
57.48
59.30
57.25
58.42
57.59
57.27
59.30
57.64
57.59
58.67
58.39
57.80
57.95
58.39
59.13
57.17
59.17
57.69
57.44
58.78
58.61
60.78
57.47
58.30
57.73
58.83
59.13
57.91
58.86
58.80
58.30
59.22
57.83
58.80
58.39
59.16
59.50
59.17
58.50
60.56
59.03
58.69
58.56
58.67
58.53
60.25
58.97
59.16
60.05
58.86
61.31
58.92
60.48
59.78
59.61
60.27
61.38
59.08
60.09
60.61
60.92
59.36
59.53
59.03
60.34
59.08
60.70
60.11
59.80
59.59
60.52
60.59
60.34
60.22
60.19
61.56
61.22
60.03
59.84
60.89
60.22
59.44
59.69
60.44
59.91
60.55
59.77
59.75
61.19
61.39
59.98
61.19
61.08
60.67
61.31
62.06
60.38
59.97
61.94
61.17
63.52
61.19
61.28
61.11
61.36
61.14
60.81
61.02
60.50
62.41
61.17
61.02
61.34
61.84
61.38
61.12
62.05
61.58
62.23
62.22
61.73
62.38
62.39
63.19
61.72
61.66
62.33
61.75
62.95
61.62
62.16
62.17
62.11
61.58
61.42
62.88
62.25
61.30
63.70
62.00
63.88
61.84
63.94
62.33
63.09
62.02
63.52
62.52
62.66
63.66
62.55
64.67
62.83
62.52
62.94
63.78
64.53
62.88
63.28
63.28
63.58
63.83
63.44
62.59
64.06
63.28
62.36
63.83
64.52
63.62
64.38
64.64
63.02
64.14
65.00
63.17
64.91
64.58
63.03
64.14
63.45
65.30
65.53
64.12
64.33
64.00
63.33
64.27
63.88
64.09
63.92
65.80
63.83
63.73
66.06
64.67
64.69
65.17
64.39
64.14
64.12
64.16
65.34
65.42
66.38
64.55
65.39
64.83
67.70
65.66
65.89
65.56
64.94
66.72
66.08
65.78
65.83
66.22
65.81
65.09
66.62
66.58
67.42
66.19
65.08
66.14
65.73
66.89
65.89
70.50
68.55
67.39
67.53
67.45
67.03
68.00
67.42
67.88
68.47
67.08
66.30
67.45
68.48
66.50
70.34
69.17
67.58
68.67
67.59
67.73
67.11
68.78
68.56
68.28
67.78
67.05
67.64
67.17
67.62
68.31
68.22
69.78
67.83
68.50
68.55
68.38
67.81
69.59
67.89
68.62
68.88
67.80
69.12
68.25
69.80
67.69
69.14
67.83
69.45
67.38
70.22
67.55
70.27
68.09
71.98
69.41
68.86
69.81
68.94
70.48
70.52
70.28
69.08
69.34
69.55
70.00
70.77
70.48
72.73
70.00
68.98
70.17
71.89
69.95
69.83
70.02
71.80
72.08
70.86
70.45
71.44
71.14
69.53
70.08
70.70
70.38
73.94
71.84
73.23
71.50
72.47
72.52
71.11
71.83
71.55
71.59
72.59
72.42
73.52
72.42
72.22
72.70
72.41
71.81
72.00
71.50
74.36
75.58
72.05
73.12
72.91
72.84
72.70
72.58
72.97
73.48
72.86
75.73
73.91
73.17
73.86
74.75
73.31
73.89
73.77
74.55
74.16
73.11
74.16
74.34
74.42
74.30
74.47
75.03
73.80
76.39
76.00
74.78
77.69
74.23
74.55
74.19
76.56
74.75
74.58
73.52
76.92
74.16
76.67
75.33
75.72
75.41
76.45
77.11
75.23
75.77
78.16
75.36
76.12
75.80
75.73
75.42
76.50
75.42
76.47
75.42
78.30
76.14
76.33
76.56
77.30
78.19
76.42
78.58
78.39
76.98
77.56
77.42
76.81
78.58
77.81
77.62
78.11
77.33
78.62
77.58
78.53
77.83
78.52
77.42
77.11
79.91
77.89
79.97
78.33
78.47
78.66
79.89
78.95
79.22
79.95
79.53
81.27
78.95
79.58
81.14
78.55
79.33
79.86
79.81
79.56
79.06
79.16
79.55
81.53
80.25
80.91
79.81
83.16
79.95
80.45
81.47
80.52
81.89
81.23
81.66
83.20
82.31
80.97
82.64
82.95
81.56
83.48
82.67
81.70
84.58
83.31
81.41
82.14
82.92
83.92
82.05
82.09
83.77
83.17
82.80
85.81
85.81
82.58
84.30
82.83
82.50
83.58
83.48
82.77
86.27
84.62
85.58
84.86
85.44
85.58
85.70
85.67
84.17
87.80
86.20
86.36
84.28
86.53
84.23
84.09
88.28
87.44
88.41
88.30
86.02
88.22
87.14
86.80
87.70
89.28
88.02
86.34
86.22
88.39
86.50
90.86
87.19
87.42
86.28
88.62
86.56
90.52
91.00
91.02
90.27
89.34
88.91
90.75
89.58
89.86
88.83
88.97
89.45
88.61
90.44
90.50
90.34
89.77
90.88
90.77
91.77
89.38
90.69
91.30
90.12
90.38
91.05
91.34
92.28
93.34
93.14
92.30
95.00
90.69
93.06
92.84
92.86
92.72
93.62
92.03
92.14
95.81
93.28
94.23
94.34
94.17
93.39
93.42
93.25
93.28
93.89
100.00
93.98
93.42
93.73
93.53
93.12
97.30
95.64
96.00
97.97
100.19
96.39
95.84
94.67
98.81
96.25
98.47
99.30
96.81
95.91
96.38
94.97
101.61
97.50
102.19
97.03
98.33
98.31
103.69
100.37
97.83
98.00
99.42
98.72
100.53
102.50
98.45
98.28
99.06
100.05
101.48
100.30
98.41
103.64
100.16
100.75
100.98
104.17
100.12
101.05
102.23
103.81
101.81
106.30
104.92
102.03
104.52
103.59
108.61
101.84
106.39
104.34
101.98
108.19
104.52
106.03
106.64
103.44
106.94
105.44
105.52
105.27
109.33
105.73
107.31
109.23
106.97
107.56
107.09
108.05
106.16
108.11
109.08
108.23
108.34
108.05
107.19
110.87
109.70
110.62
108.00
111.14
110.22
113.48
113.94
111.38
114.27
111.14
111.11
110.73
111.45
112.02
109.78
115.91
117.81
115.91
115.27
116.09
118.72
116.17
114.91
113.48
113.62
115.77
116.19
116.34
117.27
120.55
119.88
116.05
118.41
121.38
117.55
113.30
119.77
119.98
122.77
117.92
119.84
122.42
120.38
121.16
124.23
122.78
124.08
121.91
120.39
121.23
123.19
123.59
124.14
125.12
126.22
126.16
126.55
126.34
126.22
126.33
124.84
128.67
126.33
128.12
129.66
129.61
133.80
129.36
128.25
127.73
128.20
132.94
131.72
133.22
138.62
133.72
132.45
129.75
135.14
132.28
134.47
134.80
131.02
138.45
135.22
137.95
138.01
135.52
139.86
142.23
139.38
139.19
143.44
145.58
139.52
143.81
143.69
140.17
147.44
146.44
145.45
145.59
143.66
150.31
143.41
145.98
149.83
152.92
131.11
151.28
137.44
151.22
149.05
152.11
150.75
141.77
149.89
152.58
148.30
146.58
153.36
153.83
154.72
152.39
154.12
159.12
159.73
159.56
159.59
161.50
163.03
161.06
167.80
163.30
168.70
164.67
169.48
166.31
164.20
172.98
168.81
171.67
173.25
175.42
171.66
175.33
178.28
179.23
174.56
178.77
184.09
178.75
179.77
186.45
184.94
188.98
188.81
188.83
188.30
187.56
191.77
194.42
194.16
199.56
200.28
199.75
199.47
201.11
204.14
206.62
207.52
206.20
206.55
209.05
211.59
210.55
218.48
212.69
220.81
220.20
214.20
218.61
233.72
222.58
236.38
234.19
233.67
233.28
235.80
235.47
248.38
240.91
239.14
252.91
257.27
258.53
261.59
264.94
265.12
266.22
273.62
282.86
287.95
290.27
286.75
300.95
295.89
307.80
306.27
318.84
328.88
322.25
331.55
338.58
340.38
353.38
363.41
359.95
371.84
362.59
389.48
393.09
385.55
386.52
