write_job: (g=0): rw=write, bs=16K-16K/16K-16K/16K-16K, ioengine=libaio, iodepth=16
fio-2.1.10
Starting 1 process

write_job: (groupid=0, jobs=1): err= 0: pid=3931: Wed Sep 30 10:59:51 2015
  write: io=235520MB, bw=438827KB/s, iops=27426, runt=549585msec
    slat (usec): min=2, max=87, avg= 9.34, stdev= 1.43
    clat (usec): min=181, max=9710, avg=572.38, stdev=29.75
     lat (usec): min=192, max=9720, avg=581.94, stdev=29.68
    clat percentiles (usec):
     |  1.00th=[  564],  5.00th=[  564], 10.00th=[  572], 20.00th=[  572],
     | 30.00th=[  572], 40.00th=[  572], 50.00th=[  572], 60.00th=[  572],
     | 70.00th=[  572], 80.00th=[  572], 90.00th=[  580], 95.00th=[  580],
     | 99.00th=[  588], 99.50th=[  596], 99.90th=[  836], 99.95th=[  924],
     | 99.99th=[ 1736]
    bw (KB  /s): min=405920, max=439680, per=100.00%, avg=438843.43, stdev=2222.55
    lat (usec) : 250=0.01%, 500=0.01%, 750=99.86%, 1000=0.09%
    lat (msec) : 2=0.03%, 4=0.01%, 10=0.01%
  cpu          : usr=13.65%, sys=39.80%, ctx=15045127, majf=0, minf=27
  IO depths    : 1=0.1%, 2=0.1%, 4=0.1%, 8=0.1%, 16=100.0%, 32=0.0%, >=64=0.0%
     submit    : 0=0.0%, 4=100.0%, 8=0.0%, 16=0.0%, 32=0.0%, 64=0.0%, >=64=0.0%
     complete  : 0=0.0%, 4=100.0%, 8=0.0%, 16=0.1%, 32=0.0%, 64=0.0%, >=64=0.0%
     issued    : total=r=0/w=15073280/d=0, short=r=0/w=0/d=0
     latency   : target=0, window=0, percentile=100.00%, depth=16

Run status group 0 (all jobs):
  WRITE: io=235520MB, aggrb=438826KB/s, minb=438826KB/s, maxb=438826KB/s, mint=549585msec, maxt=549585msec

Disk stats (read/write):
  sda: ios=84/15070913, merge=0/0, ticks=8/8524576, in_queue=8521196, util=100.00%
