14.12
45.39
56.12
56.33
55.72
55.88
57.39
58.17
54.66
57.52
55.78
56.52
56.33
57.61
57.53
56.23
57.16
54.95
55.86
55.61
54.84
55.78
55.92
55.75
55.36
58.03
55.12
55.19
55.98
56.59
56.62
55.59
57.86
55.28
57.66
56.73
55.61
56.72
55.61
59.70
54.78
58.03
55.92
57.84
55.16
54.12
57.59
57.02
58.36
55.31
57.16
55.58
55.05
56.80
54.89
57.88
54.58
57.86
55.58
56.62
56.80
54.83
57.69
57.38
59.66
55.50
58.14
56.02
57.23
54.19
54.92
56.11
55.64
56.81
53.78
58.97
57.53
53.70
56.45
55.48
57.59
56.52
56.70
54.84
55.78
56.42
56.03
55.47
54.75
57.69
56.30
57.94
54.70
55.97
55.84
54.50
57.52
55.33
57.95
53.66
57.64
55.70
54.75
57.70
55.58
57.77
54.81
56.95
53.42
56.31
54.80
55.78
55.61
56.38
57.89
55.09
57.41
55.81
55.22
54.05
53.87
56.34
54.75
56.81
55.58
55.20
56.42
55.38
55.84
55.30
56.42
54.42
55.56
55.92
54.56
56.95
56.19
53.81
55.00
54.45
53.64
51.73
54.91
50.03
50.39
49.52
46.66
50.55
48.16
43.16
45.61
45.36
45.58
45.44
41.91
42.83
45.41
43.34
43.23
44.05
43.27
42.62
44.30
42.55
42.25
42.45
43.73
43.50
43.34
41.56
41.83
42.86
41.88
43.97
42.44
43.58
42.20
42.48
43.41
46.00
43.44
42.09
44.14
40.28
42.36
44.52
43.02
43.34
43.61
43.17
42.30
44.36
43.22
43.58
43.30
43.89
42.89
42.06
41.00
42.77
42.98
43.08
42.09
42.00
42.92
42.59
41.70
43.47
43.22
43.53
43.50
43.03
43.14
42.16
40.00
41.95
42.00
42.95
43.42
43.83
41.50
43.47
43.09
41.56
42.28
43.72
43.17
42.94
43.25
42.77
42.56
43.16
41.72
42.58
41.12
42.52
42.17
43.69
42.34
43.05
41.38
42.69
43.08
42.98
41.41
42.36
42.78
42.17
45.05
44.12
43.36
43.11
43.36
40.89
43.20
42.73
41.70
44.42
43.41
43.11
43.34
43.03
41.16
42.11
42.47
43.02
44.03
44.70
42.14
42.50
42.80
42.03
42.00
42.14
41.28
44.84
43.05
42.78
43.72
42.34
41.12
41.73
41.33
41.62
42.47
41.45
42.34
42.61
43.91
42.05
43.86
43.19
41.14
44.20
43.00
40.19
43.16
42.92
41.17
43.45
42.27
40.41
43.42
43.55
40.97
42.73
43.88
41.25
42.66
41.38
42.31
42.73
42.02
42.12
42.56
43.39
43.08
41.91
42.58
42.38
43.14
42.78
41.34
43.67
42.17
41.73
43.33
43.20
42.50
43.88
42.28
40.61
42.83
41.73
42.08
42.67
41.67
41.97
44.30
42.34
41.55
44.23
43.62
43.05
44.28
40.45
42.23
44.44
41.83
42.94
44.27
41.81
42.14
43.48
41.16
43.59
43.72
42.12
43.98
43.28
40.58
43.17
42.12
42.48
40.55
42.80
41.58
42.44
41.64
42.34
42.28
41.98
41.09
43.89
42.23
41.92
43.02
42.17
42.83
44.19
41.19
43.23
43.03
42.03
41.70
43.19
42.33
43.62
41.39
42.75
42.20
41.86
41.78
41.91
42.20
44.78
43.02
41.84
42.56
42.42
42.78
40.91
41.25
42.70
40.95
42.81
42.11
42.11
42.51
43.77
42.41
43.05
40.73
41.64
44.20
42.53
41.92
43.05
41.67
40.58
40.73
42.69
42.94
43.91
41.95
41.77
42.77
43.92
43.30
41.47
41.78
41.47
42.45
42.66
43.38
41.62
42.03
43.61
40.95
42.25
42.28
42.94
43.19
43.05
41.00
41.03
42.42
41.41
42.44
41.25
41.02
41.97
41.48
42.09
42.53
41.91
42.12
42.75
41.45
41.92
43.12
42.78
42.92
43.61
41.50
42.41
42.33
40.89
42.23
42.33
42.09
43.16
42.95
40.72
42.91
44.25
41.08
42.25
42.56
41.41
42.94
43.28
41.42
43.11
43.81
41.25
42.95
43.12
39.58
43.53
43.30
40.20
41.86
44.39
42.03
42.03
42.62
39.61
43.69
43.12
41.94
43.44
44.02
41.62
42.72
43.36
41.22
43.16
43.97
40.62
42.19
43.41
41.27
43.77
42.19
39.75
43.12
43.12
41.53
43.64
41.53
41.48
41.92
42.72
41.38
43.88
43.38
43.05
41.03
42.56
42.80
40.80
43.28
40.69
42.64
43.41
41.70
42.06
44.31
43.31
42.66
43.59
40.94
42.20
43.19
42.38
41.67
44.12
42.52
43.12
43.30
41.72
41.95
42.77
42.14
41.66
42.67
44.34
43.02
40.23
41.52
44.61
41.58
41.47
43.62
42.84
43.17
44.09
41.80
41.58
43.02
42.69
41.67
40.45
42.52
41.44
41.98
43.47
43.64
41.44
43.91
42.66
42.59
42.62
41.83
42.42
41.73
41.53
41.30
42.62
43.20
41.70
43.45
43.14
42.19
41.84
42.31
40.62
44.47
40.62
41.25
42.14
42.58
44.23
43.64
41.11
41.73
40.80
42.44
43.58
43.09
42.36
41.98
43.77
41.91
42.98
42.69
43.67
42.78
42.52
42.23
44.33
44.36
43.56
41.58
42.45
43.08
42.19
43.42
42.17
43.30
42.97
41.06
41.44
42.66
42.50
41.44
42.42
42.34
42.31
41.42
41.34
42.89
42.52
42.45
42.08
41.58
42.70
40.77
41.27
42.38
41.45
41.80
41.98
41.20
42.84
42.92
41.11
43.66
43.25
40.95
41.78
41.66
42.05
42.36
42.30
42.06
43.42
43.44
42.52
42.95
42.30
40.94
43.38
44.22
42.33
42.27
42.81
42.09
43.28
42.80
41.41
41.81
43.97
41.64
42.92
42.70
41.52
42.36
42.89
40.05
41.83
42.97
42.94
42.81
42.94
43.08
41.98
43.78
40.84
42.38
42.38
42.36
42.42
42.30
42.75
41.47
42.52
40.44
41.27
42.55
42.86
41.59
43.67
40.78
43.08
42.50
43.77
40.78
41.44
42.70
41.92
43.45
41.80
42.16
40.59
42.77
41.30
41.41
42.98
41.30
42.61
43.00
42.25
42.48
42.12
41.31
41.39
41.66
41.53
42.95
44.72
41.84
42.81
43.17
40.38
41.59
42.36
40.34
42.89
42.25
41.48
43.25
42.78
41.20
42.66
42.81
41.80
43.77
42.73
40.17
42.27
43.58
41.55
42.36
41.98
41.06
42.59
42.31
43.05
42.45
42.53
42.55
40.64
41.41
42.77
41.09
43.05
43.86
41.95
43.45
42.08
40.03
41.17
42.27
41.86
41.64
42.34
41.09
42.73
44.31
42.00
40.48
40.66
40.62
45.14
42.50
42.88
42.61
41.67
42.95
43.83
41.00
42.02
42.73
42.02
41.97
42.36
43.09
41.02
43.55
40.64
41.62
43.61
41.77
40.19
41.72
42.38
41.08
43.86
43.44
41.34
43.23
42.14
39.75
42.94
44.14
41.25
43.97
42.52
41.97
42.11
43.05
41.81
43.11
42.92
41.36
43.14
43.11
42.52
43.59
41.52
42.53
41.84
42.52
42.84
43.22
40.94
41.28
42.12
40.81
41.86
42.78
43.42
42.31
42.38
41.45
43.06
43.23
41.47
42.55
43.00
42.23
42.81
41.12
42.45
43.66
41.56
42.75
41.55
41.84
43.31
40.81
40.95
41.34
41.50
42.58
42.44
41.62
41.64
43.53
42.62
41.11
42.56
42.03
40.39
41.78
41.75
43.23
42.69
42.92
42.39
44.58
41.91
41.75
43.12
41.00
42.50
42.19
42.28
40.05
42.58
42.52
40.23
42.92
42.34
39.31
42.20
41.67
42.64
43.38
42.83
40.06
41.48
43.05
41.64
42.88
42.81
43.28
41.95
42.00
43.25
41.86
43.56
42.27
42.41
42.44
42.77
42.00
42.98
43.48
42.16
43.98
41.89
41.98
42.06
42.05
44.00
42.17
41.33
43.98
42.22
42.66
41.84
43.88
43.03
43.30
43.75
41.84
41.77
42.26
42.06
42.97
41.55
42.52
44.23
42.56
43.61
42.61
42.47
41.45
42.89
44.20
42.16
43.19
42.30
43.03
43.67
42.27
38.83
40.11
42.20
42.11
42.69
42.34
42.09
41.67
42.50
41.78
41.33
40.73
42.05
42.62
44.78
42.20
42.34
43.03
41.77
41.81
41.64
43.47
41.44
43.56
44.20
42.25
43.25
43.28
41.62
41.97
42.00
42.22
41.02
42.22
44.97
44.06
43.30
41.53
40.77
42.75
42.17
42.27
42.91
43.45
43.59
41.95
43.34
41.70
41.70
42.19
42.03
43.22
42.31
43.73
42.53
42.03
41.41
41.75
43.22
43.42
41.20
42.33
43.73
43.14
41.45
42.78
42.27
41.22
43.69
42.66
41.14
42.80
42.98
40.36
41.89
42.22
41.42
41.39
45.11
41.38
41.39
42.61
41.34
41.50
41.05
40.80
40.77
42.11
42.81
42.52
43.03
41.03
43.12
44.05
42.12
41.28
41.77
41.45
43.75
42.89
44.45
40.33
42.48
40.77
42.55
43.22
42.45
43.98
44.50
41.55
40.62
41.66
40.14
41.36
43.38
40.39
42.03
42.73
40.75
42.08
44.50
40.48
41.20
43.39
43.19
43.08
42.06
42.80
42.09
41.78
43.44
40.95
41.95
42.84
41.03
42.86
45.03
42.80
42.19
40.94
41.47
42.50
42.55
42.30
43.52
42.30
41.30
42.94
41.91
40.89
43.12
42.45
40.80
41.72
42.02
39.94
42.77
43.73
39.69
42.33
43.17
42.78
42.08
42.86
43.02
41.98
41.80
43.12
39.84
42.58
41.09
42.69
42.39
41.59
41.45
42.12
40.36
44.02
42.16
41.62
41.20
41.66
42.02
44.55
42.25
41.11
42.62
43.30
40.12
42.31
41.33
41.64
42.03
43.09
42.14
41.59
43.31
40.25
42.62
43.14
40.89
42.12
44.45
40.48
43.92
42.77
41.17
43.42
42.58
43.41
43.31
42.67
40.95
41.91
42.66
43.03
42.73
43.62
42.16
42.11
41.58
43.02
41.27
41.92
43.12
41.75
42.52
42.56
41.95
41.91
42.08
40.67
43.20
43.31
42.09
44.42
43.12
41.28
43.05
43.72
41.83
42.39
42.39
41.17
40.55
44.20
42.34
42.14
41.89
41.66
42.53
42.80
44.53
42.20
44.25
41.72
41.50
41.55
42.03
41.86
43.48
40.91
41.83
44.91
41.98
41.64
43.20
40.22
43.33
42.62
40.28
43.94
43.22
41.11
42.59
43.56
40.39
42.41
43.64
40.75
43.69
40.72
40.92
43.17
41.92
41.19
42.39
41.61
42.09
42.83
42.84
42.48
42.03
43.64
42.98
42.88
43.25
40.94
42.28
42.09
43.17
41.16
41.44
41.66
43.11
42.14
41.78
41.94
42.98
42.48
42.66
41.16
42.42
43.08
44.83
41.84
42.06
43.69
42.06
41.36
42.59
42.50
42.45
42.72
41.42
41.20
42.14
42.72
41.36
41.88
42.12
44.00
43.23
42.86
40.81
43.11
42.45
42.09
41.75
42.33
41.22
41.75
41.12
42.45
42.53
42.44
41.45
41.56
43.19
43.08
41.81
41.58
41.06
41.44
43.06
42.86
43.11
41.98
43.17
41.92
41.73
43.17
41.16
41.42
44.38
41.42
43.14
41.95
42.28
40.69
42.34
43.03
41.39
41.39
42.75
43.27
41.38
42.94
43.47
42.66
42.66
43.09
40.61
42.89
43.55
43.61
42.31
42.44
39.06
42.50
41.83
41.06
43.55
42.03
41.91
41.48
43.86
40.50
40.77
45.23
41.58
40.39
43.42
43.48
42.03
42.91
43.36
41.55
42.02
42.17
40.70
44.17
43.12
44.31
42.20
41.75
41.62
41.25
42.91
42.14
41.80
42.83
44.12
43.23
40.84
41.45
40.95
44.48
42.38
40.33
42.47
43.17
42.11
42.64
43.42
40.92
41.42
41.22
42.42
42.27
42.53
42.55
42.34
41.38
40.48
41.45
42.41
42.19
41.45
42.50
44.56
40.83
42.22
42.78
42.72
41.75
41.41
42.80
41.88
43.34
43.33
42.77
41.22
41.19
42.67
42.45
44.03
42.86
42.73
43.47
41.67
43.00
41.78
39.08
42.91
42.56
42.75
42.53
41.70
40.67
42.48
43.41
40.66
42.70
42.08
42.17
41.30
42.81
42.12
42.38
43.34
43.06
42.42
44.31
42.03
42.05
42.83
41.81
43.22
42.89
41.75
42.03
42.62
43.16
42.45
42.44
43.77
42.08
40.95
42.55
41.97
41.34
41.11
43.66
41.31
43.00
41.31
42.14
41.19
41.84
44.03
41.91
42.53
42.36
43.19
41.89
43.64
41.41
42.44
42.11
41.10
43.39
42.98
40.77
41.42
42.25
43.16
41.98
41.89
42.50
43.30
41.73
41.05
43.28
41.78
41.47
42.58
41.05
41.25
43.83
42.19
40.36
42.30
43.06
42.69
41.91
41.84
41.12
44.06
43.66
42.19
43.31
42.06
41.22
42.06
42.94
41.97
41.61
42.86
42.30
42.92
42.31
41.25
42.77
41.08
40.34
41.64
43.02
40.56
42.30
41.70
44.20
42.73
42.41
43.19
43.14
42.12
42.92
40.36
43.25
45.11
42.02
41.03
41.59
41.81
42.08
40.81
42.75
41.83
41.58
42.41
41.92
43.59
41.28
42.11
40.73
43.25
41.86
41.64
42.34
42.05
42.72
42.09
41.89
41.41
43.00
42.20
40.05
42.67
43.23
42.77
41.06
42.55
41.59
43.19
42.38
42.92
41.91
42.84
42.03
43.27
42.84
44.48
41.81
42.11
43.17
41.34
42.53
42.66
40.94
41.86
41.95
42.95
44.39
41.77
41.45
42.97
41.02
41.92
42.22
43.67
41.16
43.56
41.05
42.14
43.67
42.33
41.44
43.25
41.84
43.11
42.03
41.86
41.53
43.72
42.30
41.52
43.23
42.50
42.03
42.39
43.73
42.69
42.95
41.41
41.70
42.72
41.66
42.50
42.33
43.12
42.44
42.30
41.84
42.38
41.88
40.33
42.19
42.03
41.39
43.12
42.52
41.98
42.47
43.67
39.98
41.58
42.92
42.12
43.59
43.77
43.12
43.78
40.67
41.09
42.22
40.61
41.53
41.89
43.05
41.22
41.84
41.19
42.00
42.97
43.05
40.89
43.75
42.05
39.75
41.52
41.23
40.05
41.73
43.23
41.58
43.95
40.80
40.88
42.78
41.64
42.16
42.88
42.91
41.88
44.41
41.45
43.31
41.30
42.20
43.34
42.50
42.91
43.97
42.75
42.42
42.03
42.64
42.20
43.72
42.94
42.72
42.61
41.75
41.03
42.84
41.95
41.02
42.30
40.36
39.22
44.00
42.20
40.66
44.95
41.88
41.86
41.72
41.77
41.42
43.27
42.75
42.67
43.30
43.12
42.64
41.81
42.61
43.41
40.67
41.95
42.42
43.11
42.75
43.47
42.38
42.02
43.08
43.73
42.78
43.27
41.09
42.19
42.20
41.03
43.36
42.44
41.34
42.33
42.66
41.92
42.56
41.98
40.80
41.67
44.36
41.98
42.02
42.92
43.84
42.00
43.55
43.69
42.33
41.75
40.09
43.45
43.03
42.47
42.89
42.44
41.50
43.16
44.05
42.14
42.28
41.44
43.31
40.92
41.86
42.03
42.53
41.28
42.30
42.52
42.55
41.39
42.02
41.42
41.45
41.80
42.72
42.30
40.52
43.23
41.88
40.91
43.83
42.17
40.25
41.83
41.52
42.66
43.70
40.97
41.33
44.25
41.69
41.89
41.95
41.11
42.33
43.30
41.69
41.03
42.94
42.66
42.89
43.47
42.45
42.30
43.00
41.30
43.61
42.62
43.31
44.14
43.97
41.22
42.25
42.41
41.77
42.91
40.62
43.41
42.34
42.50
41.75
42.94
41.95
40.09
41.64
40.91
42.92
43.22
41.09
43.12
41.95
41.59
41.15
43.78
41.55
41.97
45.02
41.16
42.61
43.41
42.70
42.20
41.80
41.94
42.53
43.44
40.83
43.17
41.84
41.05
43.75
42.38
43.11
43.42
42.86
42.33
42.95
42.28
41.91
42.83
42.61
42.52
44.02
42.42
42.28
41.69
42.41
41.31
43.34
43.69
40.88
42.61
42.48
41.50
43.55
42.92
40.98
42.59
42.42
42.08
43.05
41.98
43.48
44.36
42.73
42.62
41.69
41.58
40.73
41.98
43.34
42.16
41.75
42.34
42.44
42.34
40.59
42.50
42.03
40.98
41.83
43.91
41.70
42.36
42.88
43.77
42.25
43.20
42.31
41.66
42.28
42.44
42.59
43.28
40.97
41.08
42.78
43.47
42.08
42.97
44.16
41.28
42.62
40.80
42.25
41.72
43.66
41.94
43.31
41.95
40.91
43.03
42.31
41.56
44.25
41.28
42.20
42.72
42.47
41.53
43.91
42.31
43.39
41.92
41.86
43.44
42.70
41.50
43.42
42.75
44.06
41.23
42.80
43.11
43.16
43.00
42.94
41.39
41.55
43.56
42.31
42.09
42.00
42.97
40.50
43.00
43.89
42.44
42.30
42.80
40.84
43.36
41.83
43.11
41.97
42.14
42.80
40.84
40.56
41.19
41.77
42.55
42.38
42.23
43.09
42.64
43.55
41.62
40.30
43.00
41.91
41.14
44.59
42.19
41.31
42.56
42.91
42.66
42.67
42.34
41.81
43.23
43.06
41.17
43.38
41.30
41.20
42.62
43.95
41.45
42.12
42.39
42.14
42.61
43.00
41.55
44.55
41.72
41.42
43.25
43.08
43.06
43.66
41.28
42.30
42.89
42.14
40.31
42.58
42.17
41.34
41.75
42.27
43.06
43.00
42.30
41.47
41.67
43.59
42.58
42.27
40.80
42.30
42.20
41.73
41.52
44.59
41.95
42.72
43.81
40.09
42.73
43.45
42.36
41.78
41.83
41.86
42.75
42.28
41.20
43.05
42.61
43.03
43.20
43.86
42.27
41.94
44.11
41.25
42.34
41.80
41.41
41.61
42.88
41.39
43.59
42.84
41.25
40.91
44.08
40.94
42.20
43.89
40.05
42.88
43.00
41.59
42.30
42.00
39.44
42.92
42.39
41.86
41.83
42.86
42.33
41.12
44.05
41.20
41.02
44.06
40.80
43.16
44.75
41.72
40.92
44.75
42.28
42.56
43.92
42.50
40.53
43.03
42.39
41.11
43.98
41.22
42.27
42.67
41.41
41.69
43.61
45.73
42.58
43.56
41.19
41.00
42.38
42.72
43.30
43.67
41.62
41.17
42.31
42.28
41.33
42.25
42.11
41.25
42.86
40.89
42.19
42.00
44.45
40.80
41.89
42.08
42.20
42.56
42.31
41.66
42.62
42.83
40.38
42.83
43.30
41.50
44.20
43.53
43.02
41.41
43.61
41.59
43.62
41.66
41.45
43.77
41.75
42.08
43.62
42.73
41.95
42.69
42.20
41.59
42.02
42.09
41.73
42.31
43.72
42.48
42.78
41.42
42.41
42.55
42.47
41.50
43.84
41.64
42.06
41.80
40.52
41.86
43.25
41.84
41.88
41.95
42.56
41.38
41.89
42.66
41.55
43.20
42.78
42.88
43.75
41.41
42.30
42.48
42.50
41.72
41.53
40.58
44.09
44.17
41.88
41.55
41.33
42.12
42.56
42.30
43.41
42.80
42.41
42.78
43.00
41.42
42.28
42.06
40.36
41.88
42.81
41.84
42.72
43.52
40.56
39.38
41.06
41.95
42.73
43.14
42.09
40.73
43.52
42.53
42.05
43.95
42.44
39.53
42.45
43.14
41.19
42.72
42.17
41.72
42.47
41.08
44.61
42.36
40.94
41.30
40.89
42.70
44.08
43.80
41.91
41.59
43.66
40.81
42.02
42.88
42.59
42.28
41.78
42.34
43.06
40.17
42.20
41.55
41.61
42.86
42.88
43.52
40.88
42.06
41.53
41.89
43.03
42.70
42.98
42.78
41.56
42.17
41.67
40.98
44.67
41.67
41.33
43.30
42.83
42.19
42.55
40.95
40.75
43.88
41.69
40.78
45.19
42.62
42.00
43.02
40.38
43.59
43.08
40.62
43.44
43.75
40.28
39.44
45.36
42.64
41.97
42.08
43.38
43.44
42.67
42.95
43.22
41.89
42.09
43.98
41.08
40.52
44.69
43.06
43.20
42.50
42.77
41.59
43.22
41.78
42.33
42.38
42.95
41.39
43.06
41.52
42.11
42.59
43.06
42.16
41.72
42.02
40.25
41.56
44.38
40.88
43.06
44.11
41.77
43.58
43.55
42.67
42.86
42.83
40.89
44.53
42.98
41.02
43.02
43.50
40.94
44.70
43.94
39.72
41.83
42.42
41.84
42.31
41.08
42.52
42.62
41.48
42.75
40.72
42.86
42.81
41.84
41.70
42.78
43.41
42.77
42.33
41.33
42.39
42.17
42.55
39.78
42.17
42.27
41.00
40.25
42.39
42.23
42.22
41.42
42.81
43.73
41.47
43.11
42.38
41.19
43.61
41.58
38.78
42.30
42.97
42.61
40.45
43.30
42.20
41.31
42.22
43.05
41.25
41.53
43.34
41.55
42.48
41.28
41.73
43.56
42.88
42.39
43.33
42.67
40.77
42.00
42.38
42.30
43.11
42.83
41.89
41.02
42.47
42.41
42.64
40.64
43.66
41.91
41.23
39.03
42.38
40.30
40.95
42.44
41.34
42.36
43.34
42.53
44.14
40.61
42.77
40.69
44.61
40.44
41.75
43.14
41.92
40.91
41.83
42.80
40.50
42.47
44.25
39.33
42.67
43.17
39.33
42.61
43.33
41.56
41.50
44.77
39.78
39.80
42.31
40.69
41.83
42.16
42.73
41.39
44.48
41.19
41.19
41.89
43.75
42.25
41.48
41.55
43.27
43.02
40.98
40.84
42.16
42.47
42.03
42.38
42.22
41.98
42.89
43.22
41.66
42.00
41.47
42.78
41.16
42.81
42.73
41.58
42.12
41.78
42.36
43.00
41.97
43.16
42.72
41.52
41.97
43.38
41.86
41.20
42.78
43.08
42.61
41.75
41.72
42.47
42.20
42.69
42.20
42.38
41.50
41.88
41.97
42.47
42.61
42.86
40.31
43.42
41.23
43.31
42.78
42.25
41.56
42.64
43.19
41.55
43.95
41.64
41.36
42.62
41.97
41.77
42.19
42.42
43.05
42.02
40.67
40.62
42.56
42.00
40.34
44.56
41.78
41.86
42.19
42.83
42.77
42.62
41.25
42.31
42.78
42.69
40.73
44.28
40.89
41.23
42.83
41.64
42.41
42.97
41.83
43.25
44.05
42.16
43.27
43.55
41.52
41.31
42.55
40.83
42.95
44.42
41.30
41.17
43.19
40.27
40.94
42.86
42.27
44.34
44.64
42.80
41.59
42.69
43.12
41.61
43.05
42.39
40.81
43.61
43.05
41.22
43.25
42.22
41.91
43.61
41.59
40.94
43.55
42.92
41.86
43.22
42.06
41.72
43.77
42.89
42.28
40.80
41.97
41.70
43.92
43.25
42.05
42.98
43.56
40.94
43.48
43.39
40.89
43.36
41.38
42.67
44.41
42.52
41.06
42.08
42.11
42.47
43.64
41.94
42.77
42.33
42.14
43.14
42.98
42.75
41.44
43.33
41.89
42.20
42.50
42.09
41.81
42.66
43.45
42.22
44.05
42.75
40.95
42.56
43.48
41.06
42.95
42.34
41.84
43.23
41.72
41.83
43.62
42.73
42.95
43.06
42.28
42.55
43.41
42.44
43.86
