read_job: (g=0): rw=read, bs=16K-16K/16K-16K/16K-16K, ioengine=libaio, iodepth=128
fio-2.1.10
Starting 1 process

read_job: (groupid=0, jobs=1): err= 0: pid=4096: Wed Sep 30 12:22:18 2015
  read : io=235520MB, bw=536733KB/s, iops=33545, runt=449334msec
    slat (usec): min=0, max=64, avg= 4.82, stdev= 1.24
    clat (usec): min=2022, max=7504, avg=3809.66, stdev= 9.98
     lat (usec): min=2040, max=7509, avg=3814.69, stdev= 9.83
    clat percentiles (usec):
     |  1.00th=[ 3792],  5.00th=[ 3792], 10.00th=[ 3792], 20.00th=[ 3792],
     | 30.00th=[ 3824], 40.00th=[ 3824], 50.00th=[ 3824], 60.00th=[ 3824],
     | 70.00th=[ 3824], 80.00th=[ 3824], 90.00th=[ 3824], 95.00th=[ 3824],
     | 99.00th=[ 3824], 99.50th=[ 3824], 99.90th=[ 3856], 99.95th=[ 3856],
     | 99.99th=[ 3888]
    bw (KB  /s): min=534112, max=537056, per=100.00%, avg=536780.72, stdev=122.45
    lat (msec) : 4=100.00%, 10=0.01%
  cpu          : usr=9.51%, sys=26.41%, ctx=4016280, majf=0, minf=540
  IO depths    : 1=0.1%, 2=0.1%, 4=0.1%, 8=0.1%, 16=0.1%, 32=0.1%, >=64=100.0%
     submit    : 0=0.0%, 4=100.0%, 8=0.0%, 16=0.0%, 32=0.0%, 64=0.0%, >=64=0.0%
     complete  : 0=0.0%, 4=100.0%, 8=0.0%, 16=0.0%, 32=0.0%, 64=0.0%, >=64=0.1%
     issued    : total=r=15073280/w=0/d=0, short=r=0/w=0/d=0
     latency   : target=0, window=0, percentile=100.00%, depth=128

Run status group 0 (all jobs):
   READ: io=235520MB, aggrb=536733KB/s, minb=536733KB/s, maxb=536733KB/s, mint=449334msec, maxt=449334msec

Disk stats (read/write):
  sda: ios=4002725/0, merge=11065743/0, ticks=15174840/0, in_queue=15173184, util=100.00%
