rw_job: (g=0): rw=rw, bs=16K-16K/16K-16K/16K-16K, ioengine=libaio, iodepth=32
fio-2.1.10
Starting 1 process

rw_job: (groupid=0, jobs=1): err= 0: pid=4206: Wed Sep 30 13:50:21 2015
  read : io=117755MB, bw=157057KB/s, iops=9816, runt=767752msec
    slat (usec): min=1, max=80, avg= 9.26, stdev= 1.57
    clat (usec): min=527, max=19458, avg=1770.03, stdev=1096.82
     lat (usec): min=536, max=19468, avg=1779.52, stdev=1096.81
    clat percentiles (usec):
     |  1.00th=[ 1020],  5.00th=[ 1080], 10.00th=[ 1112], 20.00th=[ 1144],
     | 30.00th=[ 1176], 40.00th=[ 1224], 50.00th=[ 1352], 60.00th=[ 1688],
     | 70.00th=[ 1992], 80.00th=[ 2192], 90.00th=[ 2480], 95.00th=[ 2992],
     | 99.00th=[ 7264], 99.50th=[ 7520], 99.90th=[ 8512], 99.95th=[11328],
     | 99.99th=[12352]
    bw (KB  /s): min=142752, max=171520, per=100.00%, avg=157094.41, stdev=4070.85
  write: io=117765MB, bw=157071KB/s, iops=9816, runt=767752msec
    slat (usec): min=2, max=82, avg= 9.82, stdev= 1.65
    clat (usec): min=85, max=19262, avg=1467.17, stdev=928.30
     lat (usec): min=95, max=19272, avg=1477.22, stdev=928.30
    clat percentiles (usec):
     |  1.00th=[  860],  5.00th=[  964], 10.00th=[  996], 20.00th=[ 1020],
     | 30.00th=[ 1048], 40.00th=[ 1080], 50.00th=[ 1112], 60.00th=[ 1224],
     | 70.00th=[ 1512], 80.00th=[ 1848], 90.00th=[ 2096], 95.00th=[ 2320],
     | 99.00th=[ 6752], 99.50th=[ 7136], 99.90th=[ 7968], 99.95th=[10304],
     | 99.99th=[11840]
    bw (KB  /s): min=145056, max=168512, per=100.00%, avg=157108.51, stdev=3954.14
    lat (usec) : 100=0.01%, 250=0.01%, 500=0.01%, 750=0.12%, 1000=6.17%
    lat (msec) : 2=72.22%, 4=18.70%, 10=2.71%, 20=0.07%
  cpu          : usr=8.82%, sys=30.25%, ctx=14958517, majf=0, minf=27
  IO depths    : 1=0.1%, 2=0.1%, 4=0.1%, 8=0.1%, 16=0.1%, 32=100.0%, >=64=0.0%
     submit    : 0=0.0%, 4=100.0%, 8=0.0%, 16=0.0%, 32=0.0%, 64=0.0%, >=64=0.0%
     complete  : 0=0.0%, 4=100.0%, 8=0.0%, 16=0.0%, 32=0.1%, 64=0.0%, >=64=0.0%
     issued    : total=r=7536317/w=7536963/d=0, short=r=0/w=0/d=0
     latency   : target=0, window=0, percentile=100.00%, depth=32

Run status group 0 (all jobs):
   READ: io=117755MB, aggrb=157057KB/s, minb=157057KB/s, maxb=157057KB/s, mint=767752msec, maxt=767752msec
  WRITE: io=117765MB, aggrb=157070KB/s, minb=157070KB/s, maxb=157070KB/s, mint=767752msec, maxt=767752msec

Disk stats (read/write):
  sda: ios=7535225/7535777, merge=0/0, ticks=13291660/11004600, in_queue=24295904, util=100.00%
