rw_job: (g=0): rw=rw, bs=16K-16K/16K-16K/16K-16K, ioengine=libaio, iodepth=1
fio-2.1.10
Starting 1 process

rw_job: (groupid=0, jobs=1): err= 0: pid=4112: Wed Sep 30 13:07:53 2015
  read : io=117755MB, bw=44105KB/s, iops=2756, runt=2733938msec
    slat (usec): min=1, max=79, avg= 9.45, stdev= 2.72
    clat (usec): min=24, max=13074, avg=274.12, stdev=464.75
     lat (usec): min=48, max=13084, avg=283.80, stdev=464.87
    clat percentiles (usec):
     |  1.00th=[   57],  5.00th=[  127], 10.00th=[  129], 20.00th=[  133],
     | 30.00th=[  137], 40.00th=[  137], 50.00th=[  139], 60.00th=[  143],
     | 70.00th=[  147], 80.00th=[  161], 90.00th=[  620], 95.00th=[ 1192],
     | 99.00th=[ 1896], 99.50th=[ 2320], 99.90th=[ 6304], 99.95th=[ 6560],
     | 99.99th=[ 7328]
    bw (KB  /s): min=37940, max=62816, per=100.00%, avg=44125.01, stdev=3502.52
  write: io=117765MB, bw=44109KB/s, iops=2756, runt=2733938msec
    slat (usec): min=2, max=75, avg=10.07, stdev= 2.79
    clat (usec): min=1, max=6651, avg=64.82, stdev=31.55
     lat (usec): min=52, max=6683, avg=75.12, stdev=32.06
    clat percentiles (usec):
     |  1.00th=[   60],  5.00th=[   60], 10.00th=[   60], 20.00th=[   60],
     | 30.00th=[   61], 40.00th=[   61], 50.00th=[   61], 60.00th=[   61],
     | 70.00th=[   61], 80.00th=[   62], 90.00th=[   79], 95.00th=[   80],
     | 99.00th=[   98], 99.50th=[  112], 99.90th=[  126], 99.95th=[  314],
     | 99.99th=[  812]
    bw (KB  /s): min=37952, max=63456, per=100.00%, avg=44128.67, stdev=3485.44
    lat (usec) : 2=0.01%, 20=0.01%, 50=0.02%, 100=51.02%, 250=41.59%
    lat (usec) : 500=1.73%, 750=1.15%, 1000=0.86%
    lat (msec) : 2=3.22%, 4=0.27%, 10=0.15%, 20=0.01%
  cpu          : usr=3.02%, sys=8.94%, ctx=15125778, majf=0, minf=27
  IO depths    : 1=100.0%, 2=0.0%, 4=0.0%, 8=0.0%, 16=0.0%, 32=0.0%, >=64=0.0%
     submit    : 0=0.0%, 4=100.0%, 8=0.0%, 16=0.0%, 32=0.0%, 64=0.0%, >=64=0.0%
     complete  : 0=0.0%, 4=100.0%, 8=0.0%, 16=0.0%, 32=0.0%, 64=0.0%, >=64=0.0%
     issued    : total=r=7536317/w=7536963/d=0, short=r=0/w=0/d=0
     latency   : target=0, window=0, percentile=100.00%, depth=1

Run status group 0 (all jobs):
   READ: io=117755MB, aggrb=44105KB/s, minb=44105KB/s, maxb=44105KB/s, mint=2733938msec, maxt=2733938msec
  WRITE: io=117765MB, aggrb=44109KB/s, minb=44109KB/s, maxb=44109KB/s, mint=2733938msec, maxt=2733938msec

Disk stats (read/write):
  sda: ios=7536361/7536922, merge=0/0, ticks=2003308/429484, in_queue=2426260, util=88.80%
