rw_job: (g=0): rw=rw, bs=16K-16K/16K-16K/16K-16K, ioengine=libaio, iodepth=4
fio-2.1.10
Starting 1 process

rw_job: (groupid=0, jobs=1): err= 0: pid=4149: Wed Sep 30 13:24:13 2015
  read : io=117755MB, bw=123149KB/s, iops=7696, runt=979147msec
    slat (usec): min=1, max=212, avg= 8.76, stdev= 1.61
    clat (usec): min=42, max=12808, avg=352.70, stdev=521.03
     lat (usec): min=58, max=12816, avg=361.69, stdev=521.03
    clat percentiles (usec):
     |  1.00th=[  135],  5.00th=[  161], 10.00th=[  173], 20.00th=[  185],
     | 30.00th=[  193], 40.00th=[  199], 50.00th=[  203], 60.00th=[  211],
     | 70.00th=[  223], 80.00th=[  262], 90.00th=[  932], 95.00th=[ 1224],
     | 99.00th=[ 1496], 99.50th=[ 5024], 99.90th=[ 6496], 99.95th=[ 6624],
     | 99.99th=[ 6816]
    bw (KB  /s): min=75896, max=132928, per=100.00%, avg=123190.72, stdev=5555.02
  write: io=117765MB, bw=123160KB/s, iops=7697, runt=979147msec
    slat (usec): min=1, max=99, avg= 9.34, stdev= 1.69
    clat (usec): min=22, max=12091, avg=145.18, stdev=247.88
     lat (usec): min=52, max=12100, avg=154.76, stdev=247.88
    clat percentiles (usec):
     |  1.00th=[   61],  5.00th=[   68], 10.00th=[   75], 20.00th=[   89],
     | 30.00th=[   98], 40.00th=[  105], 50.00th=[  110], 60.00th=[  124],
     | 70.00th=[  129], 80.00th=[  137], 90.00th=[  159], 95.00th=[  241],
     | 99.00th=[ 1012], 99.50th=[ 1144], 99.90th=[ 5216], 99.95th=[ 5600],
     | 99.99th=[ 6368]
    bw (KB  /s): min=73536, max=133024, per=100.00%, avg=123201.94, stdev=5598.83
    lat (usec) : 50=0.01%, 100=15.57%, 250=71.56%, 500=5.08%, 750=1.14%
    lat (usec) : 1000=1.50%
    lat (msec) : 2=4.79%, 4=0.02%, 10=0.35%, 20=0.01%
  cpu          : usr=7.24%, sys=22.77%, ctx=14874614, majf=0, minf=27
  IO depths    : 1=0.1%, 2=0.1%, 4=100.0%, 8=0.0%, 16=0.0%, 32=0.0%, >=64=0.0%
     submit    : 0=0.0%, 4=100.0%, 8=0.0%, 16=0.0%, 32=0.0%, 64=0.0%, >=64=0.0%
     complete  : 0=0.0%, 4=100.0%, 8=0.0%, 16=0.0%, 32=0.0%, 64=0.0%, >=64=0.0%
     issued    : total=r=7536317/w=7536963/d=0, short=r=0/w=0/d=0
     latency   : target=0, window=0, percentile=100.00%, depth=4

Run status group 0 (all jobs):
   READ: io=117755MB, aggrb=123149KB/s, minb=123149KB/s, maxb=123149KB/s, mint=979147msec, maxt=979147msec
  WRITE: io=117765MB, aggrb=123159KB/s, minb=123159KB/s, maxb=123159KB/s, mint=979147msec, maxt=979147msec

Disk stats (read/write):
  sda: ios=7535565/7536094, merge=0/0, ticks=2602464/1043328, in_queue=3640580, util=100.00%
