14.39
122.97
151.73
154.50
150.08
153.77
155.45
151.81
153.97
152.34
153.00
155.88
151.55
157.58
154.39
151.05
153.64
149.64
153.34
154.34
152.00
155.62
153.11
154.41
153.94
155.00
151.92
147.47
157.44
148.72
151.61
156.02
151.62
154.52
149.11
154.16
158.30
151.91
152.16
152.83
153.81
154.58
154.69
155.56
149.89
157.52
154.62
155.83
152.92
156.31
156.17
156.03
155.56
153.48
156.19
152.53
151.70
152.83
153.91
151.67
153.66
150.67
154.81
155.22
152.27
153.97
154.80
155.25
150.33
154.66
153.06
153.31
154.20
147.73
154.75
153.38
153.45
155.19
155.20
152.06
152.23
151.05
154.12
152.44
151.64
154.36
149.61
154.62
152.66
151.81
153.42
151.86
150.83
148.83
154.91
152.81
154.56
157.14
153.00
152.03
156.97
156.28
153.05
153.08
149.41
156.38
153.89
152.36
153.25
150.27
157.02
153.84
154.81
152.11
152.80
152.20
154.28
153.42
151.06
156.14
152.88
154.34
152.03
158.12
155.61
152.97
153.30
154.16
154.39
150.83
153.00
151.59
153.30
154.22
155.27
154.89
152.52
151.42
154.78
151.36
153.59
155.53
152.86
152.28
149.09
151.95
151.61
148.84
156.66
148.72
155.03
154.55
151.55
158.97
150.38
153.69
148.31
154.81
149.78
151.50
156.11
154.91
155.59
158.69
150.78
152.80
153.11
151.14
156.77
149.69
152.47
155.89
148.25
152.45
153.31
155.52
154.38
151.33
154.88
153.53
151.80
158.09
149.59
151.88
156.11
150.86
155.20
152.84
156.42
154.36
151.64
155.36
152.61
154.11
152.58
154.17
155.14
149.26
152.53
155.17
151.55
151.12
151.84
154.70
154.33
149.38
157.92
154.73
149.31
152.38
146.50
155.45
159.30
151.33
152.36
148.05
151.89
158.55
150.52
156.92
156.02
155.11
156.23
152.05
154.53
154.12
156.52
153.44
151.78
152.75
152.94
152.08
152.61
151.61
155.55
156.61
152.84
154.69
154.80
148.50
156.94
154.08
153.72
154.08
153.41
155.55
154.70
152.91
154.72
151.83
150.42
154.06
152.73
150.89
153.05
152.66
153.80
156.05
150.31
155.03
156.58
152.28
155.28
147.28
151.05
152.92
148.11
155.08
151.81
153.22
153.30
156.19
152.95
149.80
153.17
158.14
152.03
149.56
152.61
151.12
156.16
154.88
150.27
156.48
152.17
153.50
155.38
152.86
160.58
152.42
152.34
153.89
152.16
155.70
151.33
152.31
154.34
153.56
154.78
151.27
152.06
157.11
152.33
155.75
148.95
150.94
152.69
152.67
152.89
151.72
153.91
158.59
150.48
155.02
152.66
155.94
157.70
154.53
153.02
156.53
146.92
154.08
149.91
155.20
151.95
150.23
155.30
155.88
153.52
151.77
151.11
150.23
154.88
151.34
152.00
154.14
153.41
156.59
155.34
154.70
151.98
153.78
152.34
154.56
153.72
155.58
155.64
153.83
151.70
148.80
149.94
155.98
152.23
152.50
150.98
155.03
155.17
150.36
154.17
151.44
146.72
153.69
150.41
155.92
155.75
153.67
152.56
153.69
159.50
152.02
148.52
156.62
150.48
153.06
154.34
147.12
150.69
153.95
155.84
156.16
152.31
153.58
152.55
146.73
160.14
154.09
159.97
155.77
154.94
150.84
155.09
155.12
153.61
155.42
153.53
153.59
155.36
153.88
157.33
155.45
152.03
155.67
151.80
152.84
149.89
152.05
156.45
152.91
159.34
151.47
153.53
154.23
152.52
154.80
154.61
150.86
155.19
152.94
153.22
153.05
153.06
157.42
153.19
148.45
152.58
153.80
154.05
151.73
152.72
153.00
155.44
153.67
153.17
153.89
153.44
153.22
158.91
152.33
154.42
150.64
150.20
152.59
154.61
153.61
157.00
151.14
152.42
155.97
153.23
155.67
150.23
154.56
154.81
151.72
148.98
152.48
154.14
154.25
152.25
151.80
152.25
156.02
152.52
152.73
150.72
150.70
155.42
155.11
153.97
153.45
153.61
154.56
150.12
152.77
157.28
153.27
150.92
152.27
151.73
155.50
147.58
153.92
151.56
151.33
159.56
148.08
154.94
152.86
155.42
157.20
145.98
150.61
158.31
152.28
156.14
154.59
151.23
155.42
153.22
154.94
152.23
153.97
153.11
150.34
153.36
152.64
157.64
154.17
154.80
153.98
151.03
153.11
155.12
152.77
151.45
151.31
150.27
156.03
152.11
151.83
152.36
152.91
155.00
151.88
153.12
153.09
152.14
150.92
156.11
148.17
155.66
153.66
154.55
149.94
153.05
158.08
150.88
154.97
156.62
150.56
157.53
152.17
152.50
152.19
156.17
154.83
150.59
153.34
153.41
150.44
157.91
148.53
156.41
153.03
153.94
152.72
152.88
153.34
157.95
152.48
153.94
149.22
153.68
154.66
158.03
152.00
153.27
152.38
154.77
155.78
153.09
146.84
157.23
151.23
155.64
153.92
150.89
153.36
152.28
152.03
155.48
151.25
148.91
155.70
149.22
153.73
149.92
151.72
154.06
151.94
152.31
147.36
153.36
155.78
153.95
151.44
152.45
150.33
151.94
153.91
155.53
155.05
151.06
152.55
152.19
152.64
155.09
150.72
156.64
155.02
158.25
152.84
149.77
155.36
151.98
151.06
153.31
148.72
156.16
154.14
155.00
151.70
147.14
158.50
154.84
149.72
154.78
147.28
156.45
152.34
154.84
153.86
154.83
156.59
153.83
156.20
152.08
156.09
154.11
154.36
151.88
150.09
153.97
154.41
157.61
154.47
150.80
156.20
151.64
159.53
152.77
151.38
155.33
154.89
155.02
149.80
152.38
155.94
149.92
153.89
152.20
154.08
154.16
153.30
155.88
154.36
149.36
152.27
154.84
154.39
154.22
147.98
157.72
151.11
155.45
153.75
148.95
152.86
156.48
155.73
154.56
150.06
157.58
155.88
156.86
153.86
152.42
153.36
153.89
159.22
154.58
152.83
150.20
154.19
153.06
155.16
152.42
151.34
152.09
154.50
150.06
148.88
150.62
155.84
152.72
157.92
151.72
151.94
155.47
152.47
151.56
151.44
153.91
156.61
152.22
155.33
151.22
150.41
152.39
152.12
157.66
150.20
152.38
157.55
152.66
153.84
152.52
149.61
155.67
155.38
155.28
152.66
148.67
153.69
157.03
155.89
154.38
147.59
152.50
155.02
155.97
154.30
151.62
154.06
154.52
159.16
152.66
154.56
154.88
153.28
154.28
151.72
150.83
152.72
157.25
155.83
152.39
151.09
153.25
153.50
152.12
150.95
155.81
151.23
158.61
153.86
148.80
153.55
154.12
