13.45
395.64
487.14
487.50
486.00
487.33
487.22
487.48
487.17
487.25
487.52
487.41
487.22
487.36
487.45
487.20
487.53
487.27
487.20
487.69
487.27
487.06
486.83
486.88
487.50
482.33
487.45
487.27
486.97
487.38
487.39
487.23
487.45
487.31
487.47
487.14
487.22
487.28
487.08
487.47
487.45
487.23
487.31
487.39
487.30
487.47
487.52
487.23
487.45
487.30
487.38
487.31
487.45
487.08
487.47
486.89
486.98
487.41
487.14
487.47
487.22
487.31
487.47
487.27
487.47
487.50
487.44
487.25
486.70
487.50
487.47
486.37
487.25
484.84
480.78
483.92
487.45
487.28
487.27
487.45
487.48
487.25
487.41
486.92
487.42
487.47
487.33
487.38
487.05
487.19
487.50
487.34
487.45
487.47
487.06
487.17
487.44
487.45
487.11
487.45
487.45
487.22
487.17
487.44
487.48
487.30
487.41
487.52
487.31
487.44
486.95
487.45
487.47
486.95
487.30
487.42
487.28
487.44
487.33
487.45
487.22
487.45
487.28
486.64
487.27
487.22
487.52
486.92
487.00
487.30
487.28
487.42
487.48
487.14
487.50
487.28
487.44
487.52
486.67
487.38
487.27
487.31
487.45
487.31
487.44
487.31
487.47
487.22
487.53
487.48
487.27
487.52
487.28
487.52
487.27
487.48
486.56
487.25
487.31
487.45
487.30
486.70
487.17
487.31
487.45
487.45
487.30
487.25
487.27
487.17
487.25
487.48
487.12
487.39
487.36
487.31
487.41
487.33
487.27
487.50
487.28
487.44
487.47
487.30
487.45
487.30
487.42
487.50
487.36
487.39
486.58
487.42
487.31
487.27
487.42
487.31
487.50
487.28
487.42
487.30
482.64
487.30
487.42
486.75
487.50
487.48
487.27
487.52
486.67
487.44
487.31
487.30
487.45
487.50
487.28
487.28
487.50
487.48
486.50
487.30
487.47
487.45
487.28
487.47
487.33
487.45
487.22
487.55
487.05
487.53
487.08
487.45
487.34
484.95
487.47
487.31
487.16
487.53
486.83
487.17
487.52
487.27
487.45
486.06
487.30
487.47
487.30
487.50
487.45
487.25
487.47
487.28
487.25
487.44
487.41
487.31
487.45
487.02
487.48
487.23
487.28
487.48
487.30
487.28
487.45
487.27
487.50
487.23
487.33
487.48
487.25
487.50
487.25
487.11
487.48
487.30
487.45
487.41
487.28
487.41
487.48
487.28
487.45
487.25
487.44
487.31
487.50
487.30
486.73
487.27
487.45
487.25
487.44
487.47
487.23
487.45
487.31
487.08
487.45
487.25
487.25
487.42
487.47
487.11
487.31
487.30
487.44
487.11
487.09
487.17
487.44
487.23
487.08
487.31
487.42
487.27
487.48
487.45
486.98
487.47
487.30
487.42
487.50
487.28
487.12
487.55
487.23
487.31
487.45
487.28
487.47
487.25
487.44
485.75
487.27
487.45
487.28
487.45
487.45
487.31
487.30
487.47
487.28
487.30
487.47
486.14
487.09
487.48
486.42
487.48
487.25
487.47
487.28
487.52
487.27
487.47
487.45
487.33
487.12
487.45
487.42
487.28
487.50
487.27
487.19
487.44
487.27
487.48
486.98
487.34
487.42
487.23
487.28
486.89
486.92
487.53
487.08
487.52
487.31
487.28
487.47
487.50
487.30
482.38
487.30
487.52
487.50
487.30
487.47
487.45
487.28
486.95
487.48
487.25
487.31
487.50
487.30
487.47
487.05
487.48
487.30
487.45
487.34
487.48
487.23
487.52
487.25
487.47
487.28
487.52
487.28
487.45
487.27
487.48
487.30
487.47
487.23
487.48
486.89
487.31
487.47
487.42
487.34
487.42
487.33
487.42
487.33
487.45
486.55
487.45
486.41
487.05
487.30
486.83
487.53
487.31
487.27
487.44
487.25
487.22
487.48
486.94
487.47
487.16
487.39
487.31
487.45
487.23
486.73
487.44
487.52
487.28
487.33
487.45
487.30
487.50
487.47
487.30
487.44
486.77
487.28
487.50
487.28
487.28
487.22
487.50
487.33
487.45
487.47
487.30
487.47
487.28
487.48
487.28
487.44
487.17
487.44
487.33
487.44
487.30
487.42
487.28
487.52
487.27
