13.90
424.94
524.02
524.02
524.02
523.95
524.03
524.00
524.00
524.06
524.05
524.05
524.06
524.05
524.02
524.06
524.02
524.05
523.97
524.06
524.03
524.09
524.06
524.08
524.09
524.05
524.05
524.00
524.09
524.09
523.95
524.02
524.06
524.08
524.05
524.09
524.11
524.08
524.11
524.09
524.09
524.16
524.06
524.00
524.12
524.08
524.06
524.09
524.00
524.16
524.17
524.09
524.14
524.19
524.14
524.08
524.12
524.06
524.00
524.05
524.06
524.06
524.05
524.09
524.05
524.12
524.00
524.20
524.11
524.20
524.09
524.06
524.09
524.06
524.09
524.05
524.16
523.48
524.06
524.16
524.09
524.08
524.05
524.12
524.11
524.06
524.11
524.05
524.11
524.06
524.05
524.06
524.03
524.06
524.06
524.16
524.00
524.06
524.06
524.19
524.14
524.09
524.05
524.17
518.90
524.09
524.16
524.09
524.16
524.17
524.00
524.14
524.11
524.06
524.06
524.09
524.06
524.06
524.12
524.05
524.09
524.03
524.11
524.00
524.11
524.11
524.14
524.06
524.11
524.05
524.12
524.05
524.03
524.06
524.06
524.00
524.09
524.14
524.11
524.17
524.11
524.14
524.09
524.11
524.06
524.06
524.17
524.12
524.17
524.14
524.17
524.12
524.23
524.11
524.11
524.14
524.11
524.11
524.16
524.16
524.22
524.05
524.12
524.06
524.08
524.06
524.08
524.05
524.08
524.19
524.08
524.09
524.06
524.11
524.09
524.09
524.09
524.05
524.09
524.05
524.12
524.14
524.12
524.11
524.11
524.08
524.14
524.12
524.08
524.19
524.08
524.16
524.11
524.14
524.12
524.12
524.06
524.09
524.11
524.05
524.17
524.14
524.11
524.14
524.06
524.05
524.06
524.09
524.16
524.05
524.17
524.19
524.14
524.08
524.17
524.16
524.12
524.12
524.19
524.11
524.09
524.11
524.14
524.09
524.14
524.11
524.14
524.09
524.06
524.08
524.08
524.03
524.12
524.06
524.12
524.05
524.12
524.00
524.00
524.02
524.16
523.97
524.12
524.09
524.12
524.16
524.06
524.11
524.09
523.94
524.08
524.03
524.16
524.06
524.16
524.09
524.02
524.14
524.03
524.06
524.14
524.09
524.08
524.08
524.25
524.08
524.08
524.06
524.06
524.09
524.14
524.06
524.06
524.05
524.14
524.08
524.09
524.05
524.17
524.08
524.00
524.06
524.08
524.09
524.09
518.89
524.09
524.14
524.11
524.06
524.08
524.16
524.11
524.19
524.14
524.14
524.11
524.08
524.12
524.17
524.09
524.08
524.06
524.16
524.06
524.14
524.11
524.05
524.11
524.08
524.09
524.11
524.06
524.08
524.12
524.09
524.06
524.09
524.03
524.06
524.00
524.17
524.09
524.16
524.16
524.12
524.12
524.03
524.14
524.16
524.00
524.08
524.12
524.11
524.05
524.11
524.08
524.14
524.08
524.11
524.05
524.12
524.02
524.00
524.09
524.06
524.03
524.05
524.03
524.05
524.06
524.03
524.06
524.05
524.08
524.00
524.09
524.05
524.05
524.05
524.09
524.20
524.11
524.20
524.14
524.14
524.19
524.19
524.14
524.22
524.08
524.11
524.14
524.14
524.11
524.14
524.08
524.11
524.14
524.17
524.11
524.05
524.11
524.06
524.06
524.00
524.12
524.02
524.08
524.11
524.12
524.03
524.06
524.11
524.09
524.16
524.09
524.11
524.08
524.16
524.11
524.11
524.06
524.11
524.06
524.06
524.05
524.09
524.08
524.06
524.12
524.06
524.09
524.08
524.06
524.05
524.05
524.00
524.09
524.06
524.05
524.05
524.05
524.11
524.11
524.11
524.08
524.11
524.05
524.06
524.08
524.12
524.11
524.08
524.05
524.14
524.06
524.20
524.14
524.09
524.12
524.12
524.05
524.11
524.11
524.06
524.08
524.00
524.08
524.12
