rw_job: (g=0): rw=rw, bs=16K-16K/16K-16K/16K-16K, ioengine=libaio, iodepth=64
fio-2.1.10
Starting 1 process

rw_job: (groupid=0, jobs=1): err= 0: pid=4232: Wed Sep 30 14:03:27 2015
  read : io=117755MB, bw=153583KB/s, iops=9598, runt=785120msec
    slat (usec): min=1, max=121, avg= 7.25, stdev= 3.97
    clat (msec): min=1, max=19, avg= 3.46, stdev= 1.34
     lat (msec): min=1, max=19, avg= 3.47, stdev= 1.34
    clat percentiles (usec):
     |  1.00th=[ 1976],  5.00th=[ 2128], 10.00th=[ 2320], 20.00th=[ 2800],
     | 30.00th=[ 2928], 40.00th=[ 3056], 50.00th=[ 3152], 60.00th=[ 3280],
     | 70.00th=[ 3472], 80.00th=[ 3792], 90.00th=[ 4320], 95.00th=[ 7008],
     | 99.00th=[ 8896], 99.50th=[ 9280], 99.90th=[12608], 99.95th=[13248],
     | 99.99th=[14400]
    bw (KB  /s): min=141536, max=166592, per=100.00%, avg=153638.61, stdev=3823.57
  write: io=117765MB, bw=153596KB/s, iops=9599, runt=785120msec
    slat (usec): min=1, max=90, avg= 7.87, stdev= 4.15
    clat (msec): min=1, max=19, avg= 3.19, stdev= 1.26
     lat (msec): min=1, max=19, avg= 3.20, stdev= 1.26
    clat percentiles (usec):
     |  1.00th=[ 1864],  5.00th=[ 1992], 10.00th=[ 2064], 20.00th=[ 2480],
     | 30.00th=[ 2736], 40.00th=[ 2896], 50.00th=[ 2992], 60.00th=[ 3088],
     | 70.00th=[ 3216], 80.00th=[ 3440], 90.00th=[ 3984], 95.00th=[ 5984],
     | 99.00th=[ 8512], 99.50th=[ 9024], 99.90th=[11840], 99.95th=[12864],
     | 99.99th=[14016]
    bw (KB  /s): min=142754, max=166432, per=100.00%, avg=153651.50, stdev=3705.99
    lat (msec) : 2=3.58%, 4=83.74%, 10=12.51%, 20=0.17%
  cpu          : usr=7.56%, sys=22.06%, ctx=5970718, majf=0, minf=27
  IO depths    : 1=0.1%, 2=0.1%, 4=0.1%, 8=0.1%, 16=0.1%, 32=0.1%, >=64=100.0%
     submit    : 0=0.0%, 4=100.0%, 8=0.0%, 16=0.0%, 32=0.0%, 64=0.0%, >=64=0.0%
     complete  : 0=0.0%, 4=100.0%, 8=0.0%, 16=0.0%, 32=0.0%, 64=0.1%, >=64=0.0%
     issued    : total=r=7536317/w=7536963/d=0, short=r=0/w=0/d=0
     latency   : target=0, window=0, percentile=100.00%, depth=64

Run status group 0 (all jobs):
   READ: io=117755MB, aggrb=153582KB/s, minb=153582KB/s, maxb=153582KB/s, mint=785120msec, maxt=785120msec
  WRITE: io=117765MB, aggrb=153596KB/s, minb=153596KB/s, maxb=153596KB/s, mint=785120msec, maxt=785120msec

Disk stats (read/write):
  sda: ios=4453684/4192479, merge=3080698/3342444, ticks=15328748/13361092, in_queue=28694348, util=100.00%
