12.53
183.59
205.41
194.81
189.58
190.05
189.17
190.97
191.53
192.20
191.66
195.30
188.86
189.47
188.00
190.47
190.14
190.95
191.92
191.55
192.27
185.75
188.53
190.61
189.19
189.83
190.66
193.20
189.30
189.86
187.69
189.91
189.88
185.02
191.31
191.73
191.38
189.83
190.77
190.05
187.95
189.81
187.16
160.36
84.44
36.47
23.16
22.92
43.08
20.62
21.84
21.94
20.94
21.39
20.61
20.50
20.06
21.20
20.00
18.38
18.27
17.83
18.28
17.84
18.36
18.45
17.94
17.42
18.05
18.20
17.94
17.86
17.94
18.11
17.73
16.84
18.05
17.22
18.06
18.00
17.69
17.98
18.02
17.44
17.73
17.77
17.72
17.27
17.91
17.78
17.61
17.83
17.73
17.69
17.78
17.53
17.86
17.48
17.61
18.06
18.09
17.20
17.75
17.69
17.78
17.67
18.06
17.47
17.95
17.70
17.84
17.33
18.12
17.84
17.59
17.59
17.89
18.09
17.59
17.89
17.91
17.98
17.80
17.67
18.22
17.80
17.97
18.19
17.88
17.70
17.92
17.86
17.47
18.06
17.67
17.97
17.91
17.89
18.12
17.48
17.91
17.98
18.03
18.47
17.97
17.64
17.84
18.48
18.14
18.48
18.14
18.56
18.34
17.89
18.62
18.19
18.38
18.17
18.09
18.53
18.12
18.16
18.14
18.33
20.08
20.48
19.59
18.88
18.17
19.02
18.72
18.44
18.83
18.48
18.64
19.03
18.27
18.50
19.14
19.28
18.62
18.78
18.39
18.80
19.00
19.17
19.25
19.45
19.14
18.89
19.06
19.47
19.31
19.16
19.12
19.88
19.45
19.52
19.52
19.39
19.39
19.28
19.66
19.02
19.02
19.42
19.78
20.11
19.11
20.06
19.45
20.08
19.38
19.86
19.91
19.98
19.77
19.83
20.00
19.94
20.06
19.81
20.58
19.77
20.36
20.34
20.00
20.09
20.22
20.03
20.02
19.92
20.81
20.28
20.20
20.59
19.80
20.09
20.34
20.16
19.92
20.36
20.53
20.25
20.14
20.50
20.62
20.30
20.28
20.47
20.30
20.22
20.59
20.75
20.16
20.38
20.84
20.48
20.64
20.61
20.72
20.94
20.34
20.61
20.75
20.53
20.52
21.06
20.39
21.02
21.00
21.14
20.73
20.91
20.45
21.28
20.55
20.61
20.86
21.11
20.84
21.31
20.91
21.11
20.92
21.28
20.86
21.41
20.92
21.45
21.44
21.17
21.47
21.06
21.25
21.00
21.14
21.36
21.12
21.70
21.44
20.97
21.66
21.59
21.50
21.45
21.70
21.27
21.30
21.70
21.41
21.77
21.50
21.55
22.02
21.80
21.64
21.95
21.28
22.52
21.72
22.12
22.16
22.03
22.05
22.03
22.53
22.12
22.03
22.25
22.33
22.14
22.59
22.11
22.30
22.33
22.75
22.38
23.23
22.42
22.62
22.33
22.78
23.00
23.02
22.88
22.73
22.70
22.95
23.17
22.62
23.09
23.03
22.97
23.20
22.94
23.22
23.22
22.56
23.67
23.09
23.23
23.17
23.08
23.36
23.53
23.45
23.19
23.97
24.56
23.19
23.56
23.30
23.31
23.33
23.70
23.23
23.62
23.44
23.42
23.84
23.98
23.22
22.53
23.75
23.42
23.64
23.80
23.31
23.83
23.23
23.41
23.75
23.50
23.92
23.84
23.80
23.98
23.64
24.03
23.67
23.56
23.77
23.98
24.34
24.00
23.98
24.27
24.05
23.88
24.48
23.70
24.36
24.69
24.27
23.88
24.31
24.38
24.81
24.72
24.14
24.77
25.02
24.52
24.41
24.80
24.75
24.91
25.02
24.91
25.03
24.98
24.83
24.73
25.11
24.69
25.12
24.88
25.81
25.52
25.55
26.61
27.67
24.95
25.61
25.20
26.16
26.69
25.39
25.64
25.89
26.20
25.83
25.78
26.73
25.09
26.27
26.25
25.87
25.66
26.20
25.87
25.86
25.55
26.09
26.73
25.45
26.33
25.77
26.16
26.20
26.00
26.19
26.33
26.45
26.25
25.78
26.08
26.11
26.16
26.69
26.17
26.53
26.42
26.08
25.70
26.62
26.92
26.25
26.59
26.30
26.33
25.94
26.11
26.89
26.56
26.44
26.77
26.36
26.77
26.80
26.42
26.83
26.52
26.36
27.02
26.98
26.92
26.55
26.89
26.91
27.39
26.97
27.45
27.09
27.61
27.03
27.00
27.03
27.64
26.95
26.98
27.69
27.75
27.44
27.56
27.27
27.30
28.14
27.56
27.78
27.47
28.12
27.19
28.30
27.47
27.92
27.66
28.20
27.70
27.95
28.12
27.92
28.72
28.16
28.55
28.09
28.34
27.98
28.39
28.61
28.61
28.64
28.28
29.03
28.00
28.92
28.62
28.70
28.67
28.44
28.77
28.69
29.30
28.66
29.09
28.67
28.66
28.69
29.01
28.50
28.81
28.81
29.16
28.78
29.03
28.84
28.66
28.75
29.48
29.09
28.81
29.12
29.41
28.53
29.31
29.12
28.84
29.59
29.14
29.02
29.14
29.31
29.20
28.73
29.69
28.98
29.17
29.31
29.03
29.59
29.48
29.00
29.47
29.38
28.94
30.17
29.09
29.48
29.45
29.42
29.70
29.42
29.22
29.97
29.45
30.06
29.03
29.92
29.47
29.95
29.61
30.11
29.42
29.92
29.58
29.86
29.34
29.56
30.19
29.78
30.27
29.62
29.62
30.53
30.27
29.28
30.25
30.12
30.31
29.52
30.12
30.09
29.66
30.06
30.36
30.02
30.19
30.03
29.81
30.25
30.12
30.52
29.77
30.06
30.06
30.34
30.50
29.98
30.19
30.03
30.36
30.03
30.52
30.53
29.73
30.11
29.75
29.92
30.06
29.62
29.45
29.70
29.20
29.06
28.72
29.72
29.39
29.22
28.33
28.58
28.23
28.67
28.78
28.28
29.08
27.45
28.89
27.62
28.03
28.52
27.78
28.45
28.28
27.66
27.88
27.38
27.34
27.70
27.73
27.44
27.69
27.47
26.12
27.50
26.94
27.25
27.48
26.53
27.16
27.06
26.52
26.30
27.00
26.50
26.59
26.64
26.17
26.48
26.09
26.22
26.47
26.67
26.33
26.45
25.67
26.34
25.95
26.39
25.42
26.22
26.28
25.72
26.11
26.44
26.02
25.77
25.78
26.09
26.16
25.27
25.97
25.77
26.14
25.64
25.64
25.86
26.02
26.20
25.62
25.58
25.77
25.48
25.94
25.53
26.23
26.23
26.05
25.64
25.64
25.81
26.25
25.67
26.20
26.14
25.61
26.08
25.70
26.39
25.52
25.75
25.75
25.98
25.69
26.25
25.58
25.91
25.16
26.05
25.19
26.03
26.36
25.44
26.28
25.83
25.91
25.55
25.92
26.67
25.69
25.67
26.05
26.28
28.78
27.55
26.30
26.33
26.42
26.34
26.08
26.56
26.44
26.05
26.44
25.98
26.20
26.09
26.53
26.31
26.09
25.97
26.36
26.14
25.78
26.50
25.83
26.23
26.09
26.23
26.44
26.02
26.05
25.84
26.56
26.28
26.22
26.12
25.95
26.16
26.19
25.87
26.36
25.91
26.27
26.23
26.58
25.80
26.56
26.58
26.12
26.09
26.25
26.45
26.55
26.47
26.27
26.66
26.59
26.33
25.94
26.66
26.45
26.62
26.17
26.28
26.77
26.70
25.83
27.02
26.53
26.45
26.00
26.89
26.72
26.12
26.75
26.53
26.55
26.84
26.77
26.31
26.95
26.77
26.66
26.73
26.94
26.09
26.73
26.45
26.61
26.58
27.09
26.56
27.08
26.72
26.70
26.78
26.23
26.83
26.53
26.28
26.83
27.44
26.77
27.16
27.06
26.59
26.94
26.50
26.91
26.38
27.23
26.88
26.50
27.00
26.92
26.75
26.97
27.30
27.02
26.89
27.14
26.75
27.20
27.11
27.14
26.52
27.17
26.77
26.66
27.61
27.11
27.11
27.03
27.16
26.75
27.30
26.66
27.25
27.02
27.20
27.44
26.98
26.78
27.84
27.05
27.05
26.89
27.20
26.72
27.41
26.92
26.97
27.72
27.42
27.34
27.27
27.38
26.88
27.70
27.39
27.53
27.11
27.78
27.27
27.48
27.27
27.09
27.05
27.19
27.41
27.33
27.67
27.23
27.45
27.12
27.58
27.53
27.34
27.39
27.34
27.64
27.30
28.05
27.98
27.23
27.72
27.45
27.77
27.44
28.02
27.59
27.42
27.81
27.30
27.95
27.77
27.42
28.41
27.69
27.53
28.14
27.88
27.23
27.88
27.64
27.75
27.94
27.62
27.28
28.02
27.23
27.67
28.11
28.09
28.03
27.88
27.31
28.06
28.28
28.23
28.12
27.86
28.12
27.95
27.70
28.56
27.88
28.12
28.31
28.02
28.22
28.08
28.30
28.36
27.97
28.05
28.23
27.89
28.77
27.78
28.16
28.42
28.36
27.83
28.05
28.09
28.11
28.30
28.23
28.00
27.88
28.09
27.88
28.12
28.81
27.95
28.38
28.12
28.14
28.39
28.81
28.17
28.81
28.30
27.89
28.48
27.98
28.27
27.86
28.25
28.48
28.58
27.92
28.17
28.48
28.03
28.92
27.86
28.53
28.67
29.89
29.16
28.48
28.19
28.52
28.11
28.61
28.09
28.05
28.81
28.55
28.45
28.36
28.17
28.45
28.67
28.20
28.56
28.48
28.14
28.88
28.19
28.56
28.36
28.05
28.09
28.17
28.69
28.50
28.94
28.53
28.75
28.19
28.56
28.42
28.50
28.39
28.97
28.36
28.14
28.89
28.27
28.83
28.72
28.44
28.70
28.34
27.95
29.23
28.58
28.62
29.14
28.77
28.48
28.59
28.84
28.67
29.34
28.81
28.45
28.91
28.17
29.12
28.55
29.05
28.58
28.94
28.59
28.48
28.84
28.47
28.89
28.16
28.83
29.08
28.73
28.47
28.94
29.09
28.84
28.56
28.91
28.64
28.62
28.73
28.61
28.61
28.86
28.62
28.91
28.47
28.86
28.69
28.53
28.67
28.72
28.58
28.88
28.23
28.83
28.45
29.25
28.75
28.61
28.31
28.80
28.52
29.08
29.06
28.88
28.64
29.11
28.64
28.95
28.56
29.09
28.97
28.41
28.67
28.89
28.92
28.28
29.06
29.22
28.83
28.41
28.91
28.81
28.48
29.48
28.50
28.55
28.70
29.39
28.47
28.56
28.78
28.95
28.84
29.17
28.62
28.83
29.20
28.53
29.19
29.38
28.53
28.55
28.83
28.78
28.83
29.69
28.84
28.52
28.73
28.75
29.09
28.69
28.91
28.97
28.80
28.67
28.52
28.92
28.95
29.03
28.34
28.98
28.70
28.70
28.72
29.14
28.81
28.70
28.48
29.17
28.92
28.72
29.06
29.12
28.83
29.14
28.91
28.14
28.83
29.11
28.53
28.45
29.62
28.34
28.91
28.73
29.03
28.50
28.88
29.12
28.88
28.55
29.20
28.92
29.06
29.16
29.09
28.28
29.06
28.84
28.81
28.75
28.72
28.66
28.98
28.25
29.02
29.42
28.38
28.97
28.41
28.86
28.58
29.06
28.28
28.86
29.14
28.89
28.95
28.89
29.02
29.19
28.67
29.02
28.83
28.62
28.93
28.88
29.20
29.45
28.59
28.73
28.62
28.91
28.98
29.38
29.09
29.05
29.33
28.56
28.86
28.73
29.56
29.12
29.28
28.88
28.80
29.23
29.23
28.94
29.59
28.92
29.19
29.16
28.69
28.89
29.09
29.25
28.62
29.23
29.08
29.12
28.56
29.25
31.91
30.16
30.34
29.77
29.42
29.59
29.36
29.56
29.17
29.42
29.30
29.66
29.72
29.44
30.34
29.45
29.70
29.59
29.27
30.27
29.17
29.95
29.94
29.44
29.42
29.78
29.62
29.75
29.61
29.20
30.08
29.67
29.59
29.50
29.67
29.55
29.84
30.03
29.75
29.12
29.66
30.20
29.45
29.39
29.89
29.75
29.41
29.69
29.62
29.89
30.34
29.77
30.44
29.67
29.80
29.67
30.00
29.95
29.88
29.78
30.00
29.81
29.86
29.84
29.81
29.55
30.14
29.34
30.38
29.53
30.09
29.39
30.38
29.97
29.73
30.45
29.66
29.62
30.06
29.38
29.64
30.34
29.53
30.33
29.61
30.09
29.66
29.86
30.20
30.00
29.47
29.70
29.75
29.92
29.91
29.73
29.81
30.27
29.95
29.67
30.00
29.84
30.27
29.91
29.89
30.19
30.55
29.92
30.00
29.94
30.47
30.48
29.58
30.09
30.09
29.64
30.36
29.81
29.62
29.59
29.94
30.61
29.75
30.03
30.25
30.12
29.66
30.22
30.12
29.78
30.61
29.67
30.19
29.95
30.44
30.11
29.94
30.16
30.20
30.23
29.92
30.69
29.75
29.92
30.38
30.48
30.08
30.23
30.50
30.42
30.56
30.05
30.30
30.44
30.27
30.11
30.41
30.33
30.09
30.17
30.19
30.11
30.12
29.22
30.59
29.98
29.80
30.02
30.58
30.12
30.23
30.38
29.81
30.34
30.44
29.70
30.42
29.62
30.78
29.89
30.63
30.33
30.33
30.28
30.50
30.66
30.09
30.78
30.12
30.25
30.19
30.78
30.39
30.47
30.61
30.28
30.09
30.58
29.89
29.97
31.02
30.44
30.05
30.12
30.88
30.33
30.08
30.84
30.16
31.02
30.27
30.47
30.17
30.55
30.30
30.38
30.75
30.48
30.95
30.56
30.92
30.34
30.22
30.22
30.48
29.73
31.11
30.77
30.20
30.83
30.80
29.98
31.19
30.59
30.95
30.17
30.53
30.73
30.55
30.72
30.75
30.47
30.91
30.31
31.31
30.52
31.20
30.17
31.02
30.72
30.17
30.41
31.36
30.30
30.52
31.20
30.63
30.97
31.37
30.52
30.44
30.72
31.23
30.59
30.97
30.72
30.53
30.80
30.63
31.03
30.97
30.67
30.44
30.48
31.42
30.94
31.25
30.55
31.02
31.19
30.80
30.61
31.31
31.20
30.66
30.95
30.86
31.53
30.69
31.16
30.81
30.59
31.42
31.34
31.03
30.48
30.81
31.09
30.94
31.47
30.67
31.03
30.92
31.19
31.22
30.52
30.89
30.81
31.03
31.00
31.61
30.78
30.98
31.14
31.09
31.17
31.08
30.70
30.88
31.02
31.00
30.59
31.11
30.70
31.27
30.42
31.09
30.97
31.19
30.97
30.82
31.16
31.36
30.61
31.47
30.81
31.14
31.00
30.53
31.48
32.03
30.88
31.47
30.95
31.69
30.64
31.06
30.84
31.11
31.11
31.23
30.94
30.89
31.20
31.16
30.97
31.17
30.59
31.91
31.14
31.22
30.91
31.37
31.11
31.27
31.30
31.14
31.80
30.89
31.25
31.06
31.48
31.06
31.53
31.48
30.83
31.59
31.25
31.37
31.28
31.50
31.45
31.20
31.62
30.97
31.83
31.30
31.45
30.92
31.41
30.86
31.50
31.61
31.27
31.08
31.09
30.95
31.44
31.77
31.72
30.67
31.39
32.03
31.53
30.83
31.37
31.58
31.17
31.41
31.45
31.06
31.52
30.98
31.42
31.37
31.59
31.34
31.48
30.86
31.55
31.05
32.00
30.83
31.53
31.36
31.36
31.53
31.66
31.75
30.63
30.97
31.30
31.34
31.69
31.06
31.30
31.58
31.30
31.55
31.84
31.58
31.52
31.37
31.59
31.78
30.78
31.56
31.70
31.14
31.97
31.33
31.58
31.69
31.80
31.50
31.42
31.37
31.77
31.77
31.23
32.50
31.44
31.61
31.30
31.91
31.59
31.73
32.17
31.55
31.66
32.00
31.64
31.84
31.62
31.95
31.59
32.28
31.16
31.84
31.17
31.52
32.05
31.56
31.52
31.33
32.09
31.80
31.00
32.09
31.50
32.19
31.66
32.06
32.00
31.47
31.66
32.41
31.67
31.94
32.36
31.84
31.56
31.95
31.83
31.80
32.30
31.67
31.56
31.73
31.86
31.45
31.97
31.36
31.72
32.22
31.69
32.23
32.03
31.81
31.72
32.19
31.50
31.91
32.33
32.20
32.31
32.34
31.80
31.91
31.44
31.61
32.00
31.89
31.81
31.83
32.28
32.02
31.87
32.27
31.77
32.02
32.34
31.91
31.81
32.45
31.34
32.06
32.25
32.41
32.02
32.09
31.56
32.28
31.89
32.16
32.50
32.25
31.58
32.41
32.34
31.70
32.17
31.67
32.23
31.80
32.03
32.17
31.61
32.83
32.16
31.94
32.25
32.19
32.41
32.14
32.34
32.12
32.48
32.25
31.66
32.22
32.66
32.50
31.84
32.06
32.47
32.33
32.45
32.64
32.11
32.36
32.17
32.50
32.27
32.52
32.36
32.42
32.27
32.70
32.39
31.98
33.05
32.23
32.61
33.09
31.97
32.39
32.53
32.73
32.39
32.62
32.11
32.19
32.39
31.97
32.59
32.48
32.28
32.36
32.30
32.52
32.64
32.30
32.33
32.39
32.97
31.84
32.88
33.03
32.77
32.48
32.58
32.48
32.47
32.55
33.06
32.73
32.81
32.00
32.39
32.97
32.83
32.95
32.66
31.75
32.84
32.81
32.88
32.70
33.14
32.42
32.78
32.48
32.42
32.95
32.39
32.84
32.89
32.25
32.89
32.56
32.61
32.62
32.48
32.70
32.42
32.62
32.36
33.17
32.70
32.70
32.62
33.05
33.02
32.84
32.84
33.38
32.52
32.89
33.22
32.88
32.78
32.83
33.16
32.75
32.14
32.56
32.97
32.58
32.58
32.81
32.95
32.81
32.33
33.41
32.13
33.28
32.69
32.61
33.45
32.73
33.42
33.22
33.42
32.97
33.00
33.34
33.00
32.95
32.89
33.59
32.17
33.78
32.55
32.84
32.81
33.14
33.20
34.00
33.00
32.67
33.30
32.67
32.81
33.05
32.83
32.28
32.78
32.50
32.41
33.11
32.56
32.72
32.17
33.12
32.67
32.83
32.83
32.31
32.36
32.16
33.00
32.72
32.84
32.55
33.08
32.47
33.12
32.38
33.17
32.36
33.14
31.91
32.67
33.11
32.94
33.27
32.91
32.61
33.03
33.08
33.12
32.83
33.61
32.97
32.69
32.64
32.70
33.12
33.09
33.41
32.42
33.17
33.09
32.78
33.52
32.67
32.88
32.88
33.58
32.86
32.62
32.14
33.28
32.69
33.22
33.58
33.55
32.61
32.72
32.72
32.72
33.27
33.25
33.28
32.30
32.89
33.12
33.05
32.92
32.81
33.23
32.47
32.92
33.16
33.31
33.55
33.14
32.75
33.33
32.83
33.53
33.25
32.97
32.84
33.20
33.23
33.14
33.12
32.81
32.92
33.30
33.58
33.38
32.72
33.44
33.66
33.31
32.97
33.14
33.45
33.20
32.91
32.98
33.11
33.36
33.59
32.75
33.50
32.89
33.23
33.64
33.31
32.86
33.08
33.41
33.14
33.42
33.47
33.38
32.72
33.50
33.00
33.45
34.14
32.62
33.83
33.62
33.38
33.62
33.25
33.62
33.61
33.16
33.12
33.12
33.52
33.50
32.95
33.56
33.86
33.16
33.73
33.64
33.31
33.84
33.69
32.83
33.08
33.45
33.97
33.58
33.22
34.09
33.19
33.03
33.39
33.75
33.44
33.95
34.31
34.11
33.31
34.08
34.03
34.09
33.80
33.55
33.89
34.08
33.77
33.55
34.14
33.52
33.86
33.92
33.36
33.91
33.38
33.80
34.02
33.77
33.75
33.80
33.58
34.53
33.45
33.50
34.05
33.62
33.92
33.91
33.84
33.81
33.67
33.42
33.86
32.89
34.19
33.44
34.06
33.73
33.50
33.81
33.95
33.73
33.89
34.11
34.22
33.55
33.89
33.28
34.17
33.89
33.92
33.69
33.58
34.09
34.05
34.02
33.80
33.83
33.80
33.12
34.70
33.02
34.31
34.25
34.31
33.31
34.08
33.80
33.78
33.70
34.50
34.19
34.23
34.14
34.39
33.64
34.17
33.92
33.94
34.38
33.91
34.34
34.27
33.95
34.11
33.88
34.38
33.70
34.19
34.52
33.67
35.22
34.28
33.38
34.34
34.56
34.02
33.95
34.78
33.80
34.19
34.08
34.09
34.59
34.08
34.64
34.34
33.97
33.84
34.31
33.78
34.56
34.30
34.28
33.83
34.34
34.16
34.67
33.73
34.48
34.56
33.88
34.50
34.38
33.89
34.50
34.19
34.83
34.66
34.09
34.86
33.94
34.66
33.91
33.42
35.16
34.66
34.31
34.33
34.22
33.95
35.00
34.52
34.55
33.92
34.69
34.09
33.97
34.47
34.92
34.02
34.64
34.83
34.34
34.77
34.70
34.34
34.44
34.58
34.33
34.25
34.72
34.03
34.48
35.39
34.75
34.47
34.88
35.20
34.34
34.81
35.05
34.45
34.78
34.44
34.66
35.34
34.56
35.02
34.44
34.17
34.95
34.86
34.44
34.31
34.62
35.20
35.08
34.95
35.06
35.03
34.53
35.45
34.36
34.88
34.48
35.16
34.67
34.39
34.72
34.84
34.33
34.56
34.36
35.28
34.75
34.67
34.81
36.11
38.09
35.27
35.48
35.31
35.45
35.77
36.58
35.67
35.58
35.50
35.28
35.61
35.88
35.55
35.12
34.78
35.19
35.14
35.22
35.22
35.59
35.30
35.14
35.25
34.97
35.56
35.03
35.14
35.27
35.12
35.56
35.06
35.31
35.64
35.08
35.30
34.95
34.92
35.69
35.20
35.59
35.50
35.19
34.70
35.17
35.55
35.33
35.16
35.34
35.72
35.36
35.33
34.95
35.38
35.72
35.00
35.36
35.19
35.20
35.27
35.14
35.98
34.56
35.86
36.00
35.27
35.52
35.31
35.34
35.31
34.41
35.84
35.92
35.12
35.80
36.19
34.86
35.58
35.72
35.94
35.67
35.78
35.72
35.55
35.64
34.83
36.81
35.86
35.50
36.06
36.03
35.22
35.58
35.95
35.70
36.09
35.03
35.80
36.12
34.98
35.86
35.58
35.33
36.09
35.55
35.45
35.80
35.94
36.78
35.20
35.45
35.73
35.05
35.77
35.95
35.53
36.02
35.64
36.20
35.38
35.88
36.08
36.19
36.16
35.22
36.22
37.50
36.33
36.30
36.22
36.42
35.64
36.12
36.17
35.55
36.20
36.45
36.12
35.83
35.83
35.95
36.50
35.56
35.53
36.09
35.55
35.45
36.44
35.66
35.78
35.80
36.42
36.05
35.67
36.77
35.73
36.56
36.30
35.97
36.47
36.23
36.00
36.14
35.77
35.61
36.55
36.00
35.88
36.45
36.70
35.86
36.31
35.98
35.80
36.62
35.92
35.94
35.98
37.27
36.06
36.17
36.19
36.22
36.30
35.94
36.73
36.44
36.55
36.00
36.59
36.47
36.39
36.47
36.69
36.69
36.41
36.41
36.75
36.73
37.14
36.09
36.83
37.61
36.38
36.94
36.70
36.70
36.25
36.41
37.31
36.53
36.86
36.97
36.91
36.56
37.22
36.39
36.58
36.95
36.16
37.00
36.08
36.97
36.95
37.12
36.55
36.23
37.25
36.97
37.19
37.17
36.52
36.80
37.16
36.59
36.70
36.88
36.98
36.27
36.50
37.50
37.19
37.14
36.88
37.16
36.88
36.92
36.62
36.58
36.73
36.83
36.52
37.41
37.06
36.98
37.77
36.09
37.19
37.55
36.89
36.77
36.77
36.62
37.11
36.89
37.25
37.08
37.17
37.02
36.39
37.22
36.48
37.59
37.11
36.81
38.97
37.22
37.27
37.56
36.92
37.59
36.58
37.38
36.80
37.83
36.88
37.58
36.72
37.52
36.77
37.27
36.98
37.00
37.86
36.80
36.86
37.38
36.97
36.69
37.48
37.06
37.08
37.48
37.27
37.27
37.30
37.62
37.22
36.70
37.52
36.98
37.73
37.59
37.19
37.38
36.78
37.08
37.88
36.83
37.64
36.70
37.34
37.36
37.55
37.77
37.50
37.42
39.69
37.77
38.27
37.75
37.97
37.73
37.69
37.73
36.94
37.94
37.39
37.67
37.09
37.56
38.55
36.48
38.27
37.55
37.80
37.62
37.47
37.47
37.02
38.11
37.88
37.77
37.70
37.64
38.05
37.09
38.17
37.62
37.64
37.59
37.77
38.33
37.53
38.39
38.45
37.89
37.80
37.92
38.50
37.70
37.55
37.56
37.75
37.56
38.36
37.53
38.45
38.28
37.62
37.78
38.31
38.27
37.61
38.25
38.48
38.08
38.27
37.97
38.11
38.31
38.89
38.61
38.45
37.75
38.17
37.94
37.95
38.05
38.00
38.17
38.17
38.44
37.81
38.48
37.75
38.05
38.47
38.97
37.97
38.11
38.19
38.48
38.53
38.47
37.66
38.33
38.94
38.11
38.23
38.25
38.48
37.53
39.06
38.12
38.36
38.64
38.64
38.50
38.59
38.19
39.03
38.59
38.02
38.19
39.14
38.66
38.45
38.55
38.48
38.09
39.31
39.22
38.94
38.33
40.59
38.75
39.05
41.05
39.23
39.16
39.03
39.50
39.69
39.14
39.47
39.17
38.89
39.58
39.66
38.84
39.52
39.20
40.00
39.31
39.17
40.34
39.02
39.22
38.77
39.22
40.70
39.31
39.38
39.81
40.41
38.73
38.50
38.80
38.91
39.02
38.36
39.62
39.39
38.91
38.81
39.27
38.98
38.42
41.53
40.56
39.28
40.25
39.88
39.64
39.78
39.88
39.20
39.79
39.70
40.34
39.83
39.80
39.73
39.84
40.75
39.22
40.02
40.62
39.70
39.89
39.80
40.06
39.33
40.36
39.64
40.06
39.72
40.72
39.72
39.88
39.41
40.94
40.11
40.00
39.64
40.22
40.05
39.94
40.70
40.48
40.19
40.48
40.44
40.14
40.58
40.05
40.30
40.23
40.02
39.38
40.14
40.16
39.75
41.14
40.61
40.77
39.62
40.84
40.50
40.08
40.62
40.03
40.77
40.22
40.44
40.83
40.56
40.69
40.22
40.52
40.41
40.75
39.91
41.05
40.08
40.72
40.47
40.56
40.47
40.34
40.89
40.33
40.03
41.00
40.70
39.97
40.50
40.39
40.77
40.86
40.67
40.30
40.98
40.50
40.53
40.84
40.33
40.05
40.88
41.11
39.75
40.25
40.67
40.41
40.84
41.02
40.59
40.48
41.14
40.62
40.88
41.27
41.78
40.91
40.59
40.34
40.67
41.00
40.78
40.44
41.17
40.02
40.67
40.33
40.50
39.95
40.38
41.03
40.73
40.50
40.80
39.52
40.41
40.75
40.44
40.66
40.11
39.83
40.91
40.67
41.84
40.45
39.92
40.47
39.94
39.97
41.28
39.92
41.12
40.61
40.66
40.06
40.77
41.41
41.00
40.92
40.34
40.83
40.50
41.11
40.72
40.98
40.98
41.31
40.75
41.47
40.67
41.05
41.14
40.75
41.20
41.30
41.22
40.44
41.05
40.39
40.86
41.09
40.58
41.02
40.84
41.33
41.27
40.56
41.10
41.11
41.31
41.03
41.52
41.14
40.92
40.92
41.25
42.12
40.86
41.23
41.14
41.30
41.48
41.70
42.42
40.95
43.73
42.44
41.80
41.42
41.50
41.38
41.77
41.58
41.08
41.03
42.23
40.52
41.25
42.77
40.98
42.02
41.05
41.38
41.14
41.59
41.59
41.02
40.55
41.22
41.48
44.12
41.97
41.66
41.23
41.58
41.45
41.86
41.52
41.52
41.66
41.09
41.78
41.70
41.22
42.17
41.06
41.02
41.20
41.70
41.69
41.53
42.34
40.55
41.64
41.94
41.67
41.33
42.08
41.95
42.05
42.38
41.80
42.23
41.78
41.92
41.33
42.73
41.67
42.52
41.69
41.62
41.75
41.34
42.47
41.17
42.83
41.59
42.27
41.67
43.19
42.38
41.97
42.52
41.47
42.44
42.53
42.11
41.92
41.78
42.64
42.73
41.86
42.25
42.59
42.59
42.17
42.22
41.78
42.25
43.16
42.17
42.56
42.06
42.50
42.25
43.52
42.09
42.47
42.47
42.52
42.42
42.69
43.02
42.39
43.16
42.41
42.16
43.02
42.23
42.55
43.53
42.56
41.95
42.67
42.61
42.36
42.84
43.05
43.02
42.91
42.66
43.02
43.52
42.58
43.14
43.09
42.66
43.17
42.86
42.58
42.81
44.45
42.62
43.27
42.58
43.02
42.92
43.55
42.14
42.89
43.86
42.98
43.44
43.05
42.86
43.22
42.00
43.75
42.92
43.16
43.25
43.00
43.67
43.53
43.03
43.00
43.29
43.27
42.91
42.92
43.47
44.30
43.53
43.03
43.48
42.94
43.48
42.70
42.97
43.77
43.69
43.52
42.94
43.09
43.31
43.16
44.09
43.36
43.27
43.77
43.17
43.56
43.19
43.61
43.75
43.83
43.06
43.95
43.67
44.06
43.55
43.92
43.48
44.11
43.67
43.67
47.33
44.78
43.94
44.64
44.58
44.77
44.36
44.53
44.75
43.22
44.03
44.42
44.67
45.02
43.89
43.88
44.69
44.58
44.62
44.94
44.98
44.38
44.08
44.09
44.25
44.77
43.92
44.70
44.81
45.25
44.05
44.31
44.41
43.92
44.42
43.92
44.17
44.20
44.89
44.11
43.73
44.39
44.17
43.95
43.92
43.88
44.34
44.20
43.78
45.14
43.72
44.39
43.67
44.38
44.33
45.39
44.69
44.42
45.05
44.17
43.69
45.14
43.89
44.47
45.08
44.88
45.02
44.64
44.36
45.06
44.14
44.81
44.02
44.38
44.48
43.97
44.77
44.77
44.75
44.73
44.66
45.33
43.75
45.09
44.97
44.31
44.78
45.09
44.83
45.42
45.00
44.45
45.67
44.67
44.86
44.95
44.36
45.31
44.78
45.38
45.05
45.53
44.66
45.56
45.05
45.22
45.30
44.83
45.00
45.31
44.86
44.78
45.00
45.03
44.80
44.28
45.17
45.34
45.45
44.97
45.62
45.25
44.88
45.59
44.88
45.12
46.39
45.78
45.19
45.95
44.77
45.75
45.66
45.61
46.56
46.78
45.78
45.70
45.64
45.14
46.59
45.53
46.27
46.16
45.17
46.03
46.09
46.38
45.64
46.58
44.77
46.42
45.25
45.44
46.09
45.81
45.80
46.03
46.16
45.84
45.73
46.23
46.84
46.75
46.36
45.95
46.23
45.47
46.91
46.08
46.20
45.84
45.89
46.00
45.89
46.77
47.28
46.70
47.03
47.33
46.09
46.66
46.08
45.94
45.84
46.95
46.67
46.67
46.64
46.55
45.84
46.22
46.47
46.25
46.20
47.97
46.91
46.08
46.94
46.92
46.02
46.53
46.77
46.97
47.75
47.28
46.97
46.09
47.17
46.59
46.88
46.69
47.73
46.70
47.20
47.20
46.94
46.30
46.83
46.72
46.44
46.95
46.92
48.12
46.64
47.42
47.91
47.03
47.23
47.34
47.16
47.45
46.33
46.98
48.30
46.84
47.42
47.03
47.47
48.12
47.50
47.31
47.08
48.12
47.78
47.02
47.42
47.38
47.12
47.73
47.62
46.62
48.67
48.36
47.02
48.30
47.36
48.03
47.61
47.56
47.72
46.77
48.06
