14.10
140.22
177.09
171.91
172.17
176.98
171.73
174.98
173.00
173.42
173.03
168.20
174.09
167.72
172.22
177.06
174.12
177.84
172.19
176.78
175.12
166.94
173.16
174.03
174.11
173.38
175.88
172.67
171.66
177.00
174.80
170.27
171.73
174.58
169.12
170.62
177.94
172.64
171.83
175.88
174.83
167.91
174.66
176.91
172.59
172.75
176.22
174.59
173.19
172.41
175.55
172.33
169.31
174.61
170.27
169.27
177.17
176.72
169.28
177.52
176.36
177.42
174.80
171.56
178.83
175.89
170.41
175.28
174.05
169.95
173.97
172.36
171.92
171.58
172.47
174.55
172.58
174.72
170.50
176.19
170.77
175.77
176.66
169.84
177.00
170.48
172.33
174.48
170.19
174.16
170.50
171.91
175.50
177.23
170.38
174.27
172.83
172.59
177.61
172.73
171.72
176.97
173.17
171.78
168.80
170.06
173.50
175.11
171.77
169.52
176.41
172.17
176.95
173.86
169.72
176.52
175.00
171.17
177.19
175.64
176.03
174.31
170.53
173.45
175.30
174.84
171.44
172.55
174.36
176.94
171.34
172.20
173.42
174.98
172.28
176.28
170.62
177.83
176.48
172.55
174.84
172.83
174.66
175.00
173.86
171.34
180.62
172.83
171.53
175.78
167.42
174.58
175.52
171.42
169.12
176.14
173.48
169.14
176.16
171.86
178.94
174.50
174.22
176.45
173.50
169.20
174.08
172.86
173.41
179.25
171.23
177.94
171.11
175.38
177.86
166.19
173.55
173.56
174.19
171.75
175.28
176.38
172.81
175.20
169.23
173.16
172.97
170.77
172.59
173.53
173.33
176.12
171.80
170.91
176.20
168.34
171.77
172.05
172.34
169.72
176.45
181.64
176.05
175.14
171.98
177.58
172.58
172.27
174.52
175.28
173.83
170.70
175.09
174.94
174.28
171.16
173.86
172.84
173.05
173.44
171.56
172.02
172.62
171.59
174.83
172.64
169.78
175.55
176.03
174.53
173.52
173.39
176.25
174.56
168.22
169.42
176.11
170.58
168.23
175.52
167.20
173.53
175.55
166.77
173.36
176.33
171.59
171.02
172.22
173.78
172.50
174.45
166.58
174.09
174.89
173.56
170.86
171.64
170.44
178.34
169.62
169.33
173.80
174.86
171.27
176.19
170.08
173.98
174.00
175.31
176.30
176.22
171.80
173.70
173.31
170.55
178.38
173.03
172.62
173.77
170.41
178.48
170.94
169.88
176.09
172.53
176.14
172.44
173.23
170.17
180.61
166.56
168.64
178.69
173.19
173.33
172.02
169.73
173.61
178.08
172.33
171.02
177.39
173.00
174.52
172.48
172.81
174.47
178.11
177.23
168.61
169.17
173.84
174.03
170.06
167.56
177.20
174.27
181.73
173.91
173.12
173.45
171.94
173.17
174.47
169.66
174.48
172.48
168.80
177.27
178.83
173.66
177.59
173.20
172.92
171.62
174.19
170.94
171.83
171.73
172.11
175.38
171.44
173.95
178.20
170.91
169.17
176.17
170.44
171.69
169.22
170.95
174.39
175.77
173.28
173.84
174.83
175.77
178.70
171.22
171.59
173.39
171.50
173.64
176.09
172.83
172.64
175.70
171.31
172.70
173.53
175.25
174.98
171.22
172.89
178.77
171.64
173.94
171.55
174.45
177.00
173.31
171.39
173.44
172.02
173.73
175.59
167.20
170.95
178.72
172.23
167.25
175.19
170.66
174.39
174.34
170.64
173.02
174.34
174.09
169.19
174.73
173.41
174.89
173.66
172.09
176.03
176.12
175.28
175.41
175.92
171.97
173.08
173.34
180.83
168.47
173.92
177.83
172.39
171.19
176.97
177.28
176.14
171.88
172.81
180.73
177.22
168.47
178.17
171.28
172.31
173.80
170.11
176.45
177.09
173.08
178.64
169.28
175.34
181.00
169.67
167.56
179.92
175.17
178.75
173.08
172.14
174.56
175.20
172.03
172.16
171.70
173.69
177.55
172.38
171.56
179.42
170.59
176.09
172.14
173.27
175.05
170.77
172.28
176.06
175.31
176.70
174.70
170.81
170.11
176.98
173.33
177.55
170.44
171.66
176.16
171.45
171.09
176.70
174.47
170.72
176.41
174.73
173.56
177.62
169.33
170.39
177.61
176.12
172.77
169.25
172.14
178.48
171.45
171.55
176.06
172.81
172.38
175.39
168.53
175.05
176.95
174.56
173.72
173.45
175.08
176.75
169.22
172.03
177.56
173.62
174.05
170.64
175.52
174.61
174.09
179.19
170.94
172.44
174.97
178.84
173.47
172.61
175.77
170.11
170.12
174.73
170.17
177.28
174.30
168.44
175.98
170.03
177.34
175.86
170.81
169.67
179.36
172.81
166.69
177.05
167.97
174.41
177.91
170.94
175.28
171.31
172.72
168.30
172.14
172.98
172.02
169.34
173.75
176.92
171.69
174.75
174.91
173.58
170.08
175.88
168.50
174.69
173.80
169.97
173.48
169.45
167.39
176.39
169.69
170.28
170.66
170.56
172.86
176.86
172.03
169.44
173.73
172.44
173.50
174.61
169.91
172.59
174.59
172.95
169.17
177.14
174.41
174.53
173.19
170.73
172.81
175.59
175.98
174.02
173.20
178.69
172.33
177.86
173.34
176.52
174.73
175.67
173.06
172.47
179.53
170.05
170.67
175.12
172.77
173.70
171.36
167.92
175.73
179.67
171.17
169.53
173.80
171.06
179.39
172.78
167.22
172.06
169.45
173.50
174.19
172.56
175.88
172.56
169.20
173.48
174.91
169.69
170.38
172.55
173.67
175.14
174.83
171.33
175.19
170.72
175.14
176.58
167.47
171.53
174.70
174.52
171.34
174.88
171.12
175.06
172.16
174.58
171.92
174.95
173.61
173.11
175.67
173.05
176.97
169.52
170.39
174.31
174.77
173.33
174.94
174.20
165.06
175.81
169.94
172.70
175.25
176.73
175.28
173.22
169.77
176.91
172.73
172.34
172.09
