read_job: (g=0): rw=read, bs=16K-16K/16K-16K/16K-16K, ioengine=libaio, iodepth=1
fio-2.1.10
Starting 1 process

read_job: (groupid=0, jobs=1): err= 0: pid=4034: Wed Sep 30 11:42:14 2015
  read : io=235520MB, bw=240622KB/s, iops=15038, runt=1002288msec
    slat (usec): min=1, max=71, avg= 8.45, stdev= 1.06
    clat (usec): min=2, max=1924, avg=56.38, stdev= 1.26
     lat (usec): min=48, max=1959, avg=65.05, stdev= 1.56
    clat percentiles (usec):
     |  1.00th=[   55],  5.00th=[   56], 10.00th=[   56], 20.00th=[   56],
     | 30.00th=[   56], 40.00th=[   56], 50.00th=[   56], 60.00th=[   56],
     | 70.00th=[   57], 80.00th=[   57], 90.00th=[   57], 95.00th=[   57],
     | 99.00th=[   58], 99.50th=[   59], 99.90th=[   69], 99.95th=[   71],
     | 99.99th=[   91]
    bw (KB  /s): min=234016, max=262464, per=100.00%, avg=240638.28, stdev=1594.21
    lat (usec) : 4=0.01%, 20=0.01%, 50=0.11%, 100=99.89%, 250=0.01%
    lat (usec) : 500=0.01%, 750=0.01%
    lat (msec) : 2=0.01%
  cpu          : usr=5.96%, sys=22.06%, ctx=15111386, majf=0, minf=32
  IO depths    : 1=100.0%, 2=0.0%, 4=0.0%, 8=0.0%, 16=0.0%, 32=0.0%, >=64=0.0%
     submit    : 0=0.0%, 4=100.0%, 8=0.0%, 16=0.0%, 32=0.0%, 64=0.0%, >=64=0.0%
     complete  : 0=0.0%, 4=100.0%, 8=0.0%, 16=0.0%, 32=0.0%, 64=0.0%, >=64=0.0%
     issued    : total=r=15073280/w=0/d=0, short=r=0/w=0/d=0
     latency   : target=0, window=0, percentile=100.00%, depth=1

Run status group 0 (all jobs):
   READ: io=235520MB, aggrb=240621KB/s, minb=240621KB/s, maxb=240621KB/s, mint=1002288msec, maxt=1002288msec

Disk stats (read/write):
  sda: ios=15069556/0, merge=0/0, ticks=697140/0, in_queue=691272, util=69.02%
