14.19
60.36
77.62
82.14
81.64
78.16
90.73
85.91
89.17
87.52
96.62
95.89
102.88
103.20
102.94
103.50
113.14
103.41
104.28
108.31
116.25
117.98
111.41
116.31
116.31
115.91
116.25
111.50
115.31
111.62
119.34
121.52
125.12
120.12
122.73
123.27
121.98
121.94
119.50
118.98
122.94
121.62
121.28
119.17
120.55
120.98
122.50
122.45
119.06
120.58
120.83
123.09
122.22
120.08
121.66
118.41
119.61
122.62
122.75
123.61
119.80
120.34
120.61
122.00
122.02
121.19
121.58
121.81
122.81
123.36
120.67
124.63
120.42
121.86
120.73
119.33
120.78
120.03
123.30
118.48
122.19
120.41
122.11
121.89
122.78
120.86
122.28
121.61
120.83
121.89
122.94
119.94
119.55
121.00
122.05
123.53
119.38
119.06
121.28
120.33
121.05
122.62
121.45
122.61
119.89
120.61
119.64
120.70
120.66
121.19
120.47
123.16
122.39
118.17
120.27
124.14
121.38
122.86
120.11
121.83
117.95
119.20
119.23
122.72
120.25
120.28
119.84
122.89
123.41
123.14
119.39
123.73
121.50
121.20
120.08
121.58
120.30
125.17
118.02
119.69
121.50
120.02
120.98
121.98
121.75
119.17
121.83
119.59
121.84
121.78
119.47
120.81
118.94
122.22
121.25
123.48
120.98
125.08
121.08
120.73
121.83
123.45
123.66
119.55
123.31
119.97
122.77
122.36
122.64
118.58
120.95
120.12
122.05
120.84
123.73
122.16
122.83
121.02
119.38
121.05
121.36
121.95
119.20
120.61
122.70
120.02
122.36
121.53
118.70
118.69
120.59
121.12
122.06
120.06
119.67
120.98
121.64
122.42
122.94
122.06
120.61
118.14
120.61
122.47
118.64
121.41
122.84
120.06
120.41
120.06
119.19
122.20
122.33
119.41
122.53
119.92
120.28
123.17
123.44
120.41
119.69
120.64
122.02
120.75
122.19
123.58
122.64
119.22
120.58
120.73
119.39
121.27
119.86
124.28
120.06
122.20
119.72
120.89
123.14
121.94
121.67
124.34
122.72
120.03
122.55
119.84
117.78
122.41
122.02
120.47
117.70
121.81
123.37
117.16
122.30
120.09
122.70
120.25
122.95
120.45
123.58
124.97
123.72
118.59
120.47
122.61
122.37
121.28
120.59
120.14
119.14
123.73
119.03
123.44
119.17
122.41
116.86
121.78
121.97
122.92
121.78
122.27
121.53
120.25
123.56
121.02
122.11
118.48
121.89
124.25
119.41
122.14
122.81
123.02
119.64
118.97
124.06
121.86
121.84
118.08
121.44
120.02
122.45
120.03
122.16
122.19
123.19
120.05
119.52
123.48
119.69
125.06
121.17
119.27
120.64
121.92
122.77
118.41
120.91
118.56
120.62
120.41
119.56
121.00
120.41
123.52
120.58
118.73
119.16
120.75
119.53
119.86
121.91
121.03
122.23
121.23
120.61
118.66
120.42
117.67
119.72
119.02
123.59
122.37
120.89
122.72
119.08
122.69
122.53
119.22
120.61
122.61
122.92
122.52
121.42
120.67
121.33
121.00
123.52
121.25
121.98
119.17
121.67
120.50
122.36
121.17
124.84
120.33
121.17
123.12
122.61
122.39
121.48
123.39
121.16
117.92
125.66
120.17
117.52
122.52
121.09
122.55
119.98
123.05
118.91
122.39
120.67
119.59
121.84
119.94
118.72
119.31
119.69
121.06
119.64
122.92
120.73
121.55
121.89
118.92
120.25
121.91
121.16
121.48
124.30
120.16
122.81
118.62
124.72
121.59
118.39
121.84
121.06
118.94
117.55
120.66
118.50
121.81
122.39
122.22
118.91
123.42
119.78
120.42
118.77
121.20
121.36
120.22
124.09
121.25
118.77
120.75
122.62
117.70
123.94
118.50
122.72
117.69
120.89
118.62
117.00
108.80
104.58
100.89
103.81
110.95
101.31
104.38
104.33
99.61
107.05
117.30
118.45
120.53
120.22
122.70
120.09
121.77
120.34
121.19
117.72
116.97
119.42
119.69
120.56
121.48
121.95
121.41
122.06
120.52
119.47
119.94
123.83
120.12
119.83
121.17
121.17
117.89
120.16
121.52
121.77
119.36
119.45
120.50
122.28
120.39
121.58
122.52
120.84
118.73
121.83
119.45
124.78
120.83
120.77
123.47
119.88
124.86
120.31
119.55
121.25
119.86
121.84
122.03
119.41
122.73
123.11
120.55
121.30
120.98
122.02
120.56
121.42
108.80
108.05
109.28
108.31
108.28
118.03
120.83
120.56
122.72
120.38
123.14
120.91
123.77
122.88
121.50
119.05
122.14
122.50
124.22
120.47
121.56
121.22
122.09
122.45
122.23
120.25
123.41
120.11
118.69
117.88
122.97
119.91
120.88
122.36
120.22
121.39
118.08
119.75
118.89
122.08
121.06
118.70
121.58
120.66
121.69
121.95
121.52
119.45
121.11
123.66
119.08
119.33
121.38
124.47
121.22
123.69
124.48
122.16
121.23
121.17
121.06
124.61
122.72
122.42
118.08
120.92
121.28
119.12
118.86
120.70
120.73
121.80
119.39
122.25
121.61
122.48
119.09
120.98
120.58
122.33
119.81
118.75
120.70
121.30
121.33
120.88
122.22
120.27
122.03
120.70
119.52
121.08
122.70
121.59
124.97
120.98
120.14
121.44
117.28
121.55
124.61
117.92
120.86
122.62
118.16
120.36
124.00
120.48
120.14
123.03
123.03
123.30
119.95
122.86
118.52
121.08
122.09
121.09
117.80
121.83
124.78
121.88
116.94
123.66
123.28
118.89
121.98
120.30
121.38
120.05
116.84
119.48
122.66
122.86
121.22
121.44
120.78
121.77
118.88
120.45
121.31
119.52
121.45
119.62
119.02
119.44
122.98
120.09
122.47
119.05
119.33
119.80
121.75
120.56
121.89
123.42
121.67
121.59
121.53
120.30
122.83
119.41
122.31
120.50
120.38
123.61
124.89
119.44
121.64
119.83
120.48
122.61
122.00
120.80
122.66
119.61
118.33
122.70
123.08
119.77
120.89
120.12
122.19
119.08
122.08
119.41
117.20
122.23
119.14
118.97
120.36
116.58
123.27
120.22
121.95
119.38
117.59
122.75
120.72
117.91
125.06
120.69
121.53
120.56
122.83
122.86
122.66
122.22
120.08
119.31
120.44
121.42
118.44
124.44
120.50
118.59
119.81
120.27
119.83
122.58
121.70
120.41
121.19
123.69
121.00
119.80
120.41
119.12
123.34
119.69
123.44
118.84
121.19
119.22
119.59
117.50
121.44
117.98
121.30
124.16
118.70
120.22
120.95
120.92
123.84
121.25
120.19
120.41
121.28
120.97
120.69
120.22
118.06
121.08
120.05
121.33
119.53
118.91
120.28
121.92
122.50
123.62
119.80
120.94
121.23
124.03
124.19
119.52
123.17
119.08
120.64
119.58
118.39
119.39
119.55
120.88
121.17
123.41
123.86
122.89
119.78
121.78
121.72
119.41
121.53
118.05
121.80
119.27
120.66
118.30
122.30
122.55
121.77
121.52
123.91
122.22
121.88
124.17
122.80
122.03
124.41
120.67
120.95
121.45
119.59
117.98
122.22
119.25
122.72
123.02
122.20
120.06
120.55
121.11
119.75
121.70
121.50
122.86
121.34
120.28
119.70
121.78
119.88
122.59
122.08
120.86
121.67
120.27
120.64
119.48
122.91
118.12
120.38
123.48
121.59
121.36
122.88
121.16
120.59
122.70
119.91
123.56
122.20
121.06
120.17
124.86
118.05
119.73
124.89
121.11
118.69
121.52
121.62
121.59
120.91
120.30
121.17
122.25
121.97
123.22
118.17
121.64
121.50
119.81
121.47
120.19
123.12
120.83
124.19
121.34
117.14
122.58
120.89
121.73
126.05
120.84
120.95
120.30
120.97
118.91
121.77
118.62
122.77
121.06
120.77
117.61
124.56
122.11
118.27
117.73
120.28
123.62
115.13
117.91
121.45
120.28
122.50
121.59
119.28
120.62
121.83
121.69
117.03
121.95
118.86
121.75
123.16
119.14
121.47
122.88
121.72
119.80
120.22
121.31
120.06
119.64
122.08
121.84
120.55
120.16
121.30
116.66
119.64
122.50
121.20
120.77
121.03
118.50
119.88
121.08
121.06
122.66
121.20
122.22
120.50
120.09
122.17
122.09
121.42
120.61
120.42
120.92
120.67
121.59
120.77
122.28
119.77
120.39
122.59
120.70
119.16
123.08
118.69
120.78
119.02
123.98
121.02
120.14
121.28
121.95
119.28
121.30
118.91
120.78
122.03
121.25
122.98
