13.80
92.27
116.44
117.08
122.89
136.42
145.56
148.23
146.72
149.89
147.59
147.44
148.69
144.47
145.64
146.00
146.78
144.44
148.59
148.92
145.42
147.83
147.59
148.70
148.75
145.11
146.59
145.69
145.92
149.83
146.97
150.50
145.59
146.52
152.77
148.97
147.03
146.22
148.84
147.39
150.14
145.08
147.48
145.84
147.80
149.86
146.67
149.41
149.03
148.30
148.09
148.48
145.97
147.88
146.62
149.95
144.94
150.00
145.20
148.88
148.92
150.09
145.34
149.94
148.45
145.88
145.09
151.69
146.81
146.62
152.06
150.23
144.77
147.45
147.80
144.58
150.31
148.88
147.73
148.70
148.72
148.59
146.25
148.80
146.16
146.45
146.12
145.38
145.86
146.70
146.75
147.03
148.53
150.23
150.08
145.38
148.23
151.58
144.58
150.42
146.70
141.88
152.52
148.53
148.20
148.61
145.61
148.28
149.89
150.17
146.98
147.77
147.64
149.27
144.86
151.75
148.45
147.69
150.31
146.77
144.75
146.27
147.00
147.48
142.94
150.11
145.06
146.95
150.09
148.00
147.39
146.17
145.58
147.94
148.53
146.02
150.03
146.64
147.70
147.88
147.22
152.61
146.86
149.95
148.12
145.66
148.31
146.48
148.75
148.47
147.56
148.44
147.11
148.17
145.52
152.75
149.45
146.41
149.16
150.48
148.44
148.11
151.73
146.55
146.19
149.19
144.69
147.72
148.62
147.59
146.67
144.86
147.58
149.62
143.69
148.55
148.34
145.72
146.77
147.45
148.34
148.12
146.34
148.23
147.22
144.59
147.53
150.88
145.30
149.67
145.02
146.66
148.41
145.53
147.00
146.03
146.95
148.58
147.69
149.17
149.89
149.56
149.36
149.06
143.14
148.23
147.25
146.36
148.73
147.58
147.70
144.45
151.53
149.25
148.95
145.89
148.45
142.78
147.67
149.67
146.27
145.56
146.69
147.47
148.77
146.58
147.05
147.23
147.30
149.00
148.84
147.11
146.94
149.23
149.11
145.62
149.28
146.59
145.94
149.25
149.41
148.08
148.20
146.45
149.12
147.31
146.23
148.56
143.73
149.72
149.69
147.30
148.23
147.44
146.27
147.69
145.28
145.53
148.16
148.36
148.19
146.12
150.12
146.30
145.14
149.08
147.88
147.77
149.58
145.34
147.69
148.53
146.16
148.36
146.50
150.06
143.38
147.88
149.19
150.69
144.62
149.66
147.16
147.30
149.95
147.69
146.91
146.98
148.91
145.19
143.59
143.38
147.98
152.06
145.20
150.55
144.05
145.34
149.41
147.97
149.94
144.81
149.75
145.50
149.47
149.31
146.19
144.56
146.58
148.12
146.45
148.06
149.03
149.28
147.95
146.92
146.03
149.23
148.92
150.48
145.47
150.50
145.56
147.50
148.64
148.42
148.44
148.66
142.33
147.12
150.22
148.23
148.23
145.22
150.44
148.02
146.31
149.94
146.55
149.02
147.94
144.52
147.38
146.86
145.62
148.72
146.72
149.00
145.06
146.77
148.67
146.55
146.55
143.98
148.05
143.44
149.56
144.36
148.28
152.78
144.80
147.05
142.38
148.97
146.70
146.59
150.06
148.45
144.09
147.58
145.00
148.45
150.92
144.44
151.69
146.39
149.62
147.12
147.39
148.80
145.86
144.02
148.97
144.77
147.11
147.20
147.09
148.02
148.52
149.73
147.58
148.64
148.83
150.16
143.83
148.09
145.91
144.05
147.97
148.55
145.58
146.22
144.14
149.12
151.06
147.19
146.47
143.61
146.88
150.16
145.36
147.53
146.81
149.09
146.81
145.91
150.22
145.78
148.77
150.16
147.72
146.97
150.75
145.42
146.67
150.19
141.67
146.80
146.98
149.48
147.02
144.70
150.69
146.98
144.70
147.89
146.77
147.58
145.36
151.27
147.95
147.61
149.48
145.94
150.81
148.30
149.11
144.61
147.97
147.50
145.64
152.19
146.72
146.81
144.80
145.25
146.34
148.11
150.89
147.58
144.92
148.08
149.94
144.61
151.00
149.05
145.66
147.19
148.59
146.94
150.72
150.67
146.12
148.30
146.80
145.98
147.91
148.67
152.22
146.45
149.33
145.80
146.27
153.09
146.83
146.25
149.64
148.53
147.22
146.77
148.25
146.77
144.66
146.55
145.56
149.91
147.98
147.73
146.36
146.12
151.23
148.34
149.08
151.48
145.95
144.56
147.41
147.44
147.08
154.16
149.12
143.16
147.02
147.69
145.06
149.55
145.97
148.77
145.47
145.41
149.91
144.70
149.92
149.14
148.25
148.17
145.33
150.67
147.09
146.62
146.97
145.14
148.11
152.38
142.91
149.91
152.98
145.19
147.62
145.11
147.95
143.78
150.52
149.91
141.69
149.97
145.91
144.52
147.16
152.64
144.03
146.97
149.12
146.27
149.16
151.19
151.22
143.94
150.25
148.38
145.66
150.69
152.98
144.81
151.55
143.62
147.52
150.72
149.06
147.56
150.77
144.06
144.58
148.36
151.72
147.36
141.88
149.44
147.91
149.94
147.17
148.95
144.73
148.81
145.89
146.50
144.73
147.14
152.77
144.19
147.66
145.83
148.56
143.88
150.05
151.08
145.20
147.17
146.89
145.89
148.81
151.86
145.59
144.61
149.34
147.97
147.86
151.27
149.84
143.44
146.94
149.89
145.50
149.45
148.80
148.36
148.53
148.03
145.45
147.92
150.81
147.31
149.11
149.11
145.03
148.77
148.14
147.97
143.36
146.92
149.69
148.69
145.81
155.20
143.69
147.98
145.39
145.75
146.97
146.22
150.30
148.73
147.77
147.98
147.33
145.83
149.94
146.92
141.12
145.14
148.05
147.88
150.02
149.92
145.19
148.27
148.28
148.48
148.12
148.88
147.78
144.31
148.25
148.22
144.92
150.11
149.78
146.19
150.05
146.12
150.19
146.48
150.05
149.55
145.80
150.72
146.64
146.64
148.95
150.14
148.20
147.61
133.12
125.91
130.48
126.98
129.06
132.00
129.31
129.14
131.59
129.28
141.05
145.78
148.78
153.02
145.06
148.45
149.77
144.31
148.78
152.34
147.16
151.77
143.28
145.70
149.00
147.16
145.28
148.16
150.67
148.41
146.61
145.16
147.90
143.33
148.23
145.84
150.00
148.44
144.50
147.41
148.58
151.73
145.67
148.39
147.55
148.80
146.31
146.78
150.36
148.56
150.30
148.58
146.23
149.78
143.64
147.38
146.45
149.61
148.25
142.33
149.05
148.73
148.17
144.58
149.20
146.06
147.30
150.11
147.66
146.42
147.70
148.33
144.89
144.19
148.31
145.19
147.83
151.33
148.56
147.78
143.92
147.92
149.67
147.19
147.48
147.39
143.55
151.41
145.30
145.16
147.45
147.94
149.88
148.34
148.91
146.47
147.72
147.73
146.77
146.12
150.00
144.50
149.36
146.98
150.75
144.69
144.38
148.75
147.28
147.97
149.80
149.73
144.25
146.89
149.55
145.22
148.55
148.47
146.50
