13.47
387.73
475.45
475.52
475.22
475.16
475.03
475.17
475.34
475.44
475.08
475.27
476.22
475.64
475.66
475.30
475.39
475.50
475.28
475.31
475.27
475.34
475.53
475.20
475.31
475.31
475.06
475.33
475.19
475.38
475.09
475.11
475.19
475.16
475.23
475.14
475.22
475.03
475.20
475.16
475.17
475.25
475.03
475.09
475.16
475.05
475.23
475.17
475.14
475.14
475.27
475.22
475.17
475.25
474.97
475.20
475.14
475.19
475.03
475.95
475.86
475.67
475.20
475.22
474.94
475.06
475.17
475.08
475.06
475.14
475.11
475.16
475.28
475.17
475.19
475.17
475.17
475.33
475.14
475.12
475.12
474.92
475.22
476.19
476.23
475.89
475.25
475.34
475.14
475.12
475.14
475.22
475.17
475.25
475.14
475.19
474.95
475.44
475.19
475.22
475.27
475.20
475.78
476.11
476.06
475.58
476.23
475.50
475.11
475.20
475.22
475.05
475.80
475.27
474.78
475.05
475.06
475.14
475.19
475.25
475.19
475.23
475.95
475.92
476.00
475.88
475.14
475.12
475.22
475.25
475.12
475.53
475.95
476.08
476.20
475.73
476.00
476.14
476.23
475.42
475.11
475.08
476.34
476.23
476.36
476.33
476.31
475.72
475.67
475.11
475.16
475.61
475.95
475.08
475.12
475.17
475.39
471.63
475.73
475.09
475.06
475.14
475.00
475.56
476.31
476.14
475.98
476.23
476.27
475.94
476.02
476.27
476.22
476.11
476.03
475.31
475.19
475.28
475.25
475.22
475.19
475.16
475.22
475.23
475.28
475.17
475.20
475.17
475.16
475.14
475.20
475.11
475.22
475.19
475.23
475.14
475.05
475.80
474.86
475.03
475.11
475.25
475.16
475.20
475.27
475.23
475.06
475.27
475.20
475.06
475.08
475.16
475.11
475.28
475.05
475.19
475.20
475.17
475.08
475.19
475.19
475.22
475.20
474.86
474.95
475.28
475.23
475.48
475.33
475.28
475.19
475.17
475.58
475.20
475.06
475.00
475.23
475.34
475.08
475.17
475.03
474.56
476.11
475.06
474.91
474.94
475.11
475.52
474.95
475.27
474.95
475.12
475.55
475.14
475.06
475.27
475.11
475.53
475.11
475.05
474.97
475.05
475.33
476.08
476.16
475.25
476.22
475.30
475.14
475.12
475.31
475.17
475.25
475.12
475.27
475.17
475.30
475.22
475.23
475.12
475.16
475.22
475.14
475.28
475.19
475.14
475.03
475.28
475.28
475.09
475.23
475.19
475.55
475.19
474.95
475.20
475.30
475.56
475.16
475.17
475.36
475.02
475.12
475.19
474.98
475.16
475.19
475.20
475.25
475.25
475.25
475.31
475.20
475.30
475.30
475.31
475.22
475.27
475.19
475.23
474.88
475.17
475.14
475.03
475.00
475.08
475.16
475.03
475.25
475.11
474.83
475.03
475.12
475.17
475.08
475.14
475.14
475.11
475.17
475.08
475.09
470.30
475.25
475.22
475.22
475.22
475.12
475.20
475.33
475.14
475.19
475.22
475.22
475.17
474.94
475.08
475.08
476.05
476.39
476.31
476.02
476.28
476.33
476.27
475.48
476.31
475.39
475.62
475.12
475.28
475.06
475.08
475.39
475.09
475.09
475.53
475.61
476.09
476.34
475.64
475.81
475.05
475.44
475.16
475.08
475.08
475.27
475.12
475.12
475.03
474.91
475.02
475.17
475.12
475.16
475.09
474.91
475.16
474.92
475.20
475.08
475.14
475.14
475.17
474.94
475.06
475.11
475.64
475.20
475.08
475.19
475.16
476.05
475.30
475.27
475.14
475.06
475.23
475.22
475.09
475.09
474.98
474.98
475.17
475.88
475.84
475.91
476.23
475.55
476.33
476.02
475.64
475.55
475.89
475.77
475.20
475.09
476.31
475.28
474.56
475.03
476.14
475.55
475.08
475.16
475.28
475.03
476.28
476.20
475.61
476.14
476.25
475.80
476.00
476.30
476.39
476.41
475.41
475.12
474.91
474.88
475.22
475.25
475.03
475.14
475.22
475.17
476.23
476.30
475.72
476.28
475.94
476.30
476.38
476.05
475.98
475.48
475.25
475.27
475.19
475.34
475.25
475.17
475.22
475.23
475.22
475.38
475.28
475.12
475.23
475.14
475.19
475.34
475.11
475.14
475.12
