13.04
387.64
475.31
475.31
475.30
475.64
475.25
474.98
474.97
475.00
475.17
474.91
475.20
475.31
474.84
474.98
475.11
475.38
475.12
475.45
474.95
474.92
475.14
475.42
474.88
474.95
475.11
474.94
475.16
475.39
475.06
475.52
474.95
474.94
475.23
475.09
475.12
475.52
475.31
474.88
475.20
475.47
475.19
475.52
474.81
474.95
475.11
475.44
474.97
474.86
475.02
474.89
475.22
475.33
474.80
475.02
474.75
474.94
475.23
475.50
475.05
474.17
475.00
474.89
475.20
475.61
475.22
475.58
475.28
474.89
475.16
474.88
475.02
474.86
474.72
474.86
474.81
474.75
474.78
475.31
474.91
474.86
475.16
475.48
474.80
474.77
474.80
474.95
475.05
475.28
474.92
475.36
474.80
474.80
475.05
475.42
474.73
474.69
474.83
474.78
474.97
475.02
474.95
474.86
474.84
474.75
474.91
475.19
474.78
474.81
475.06
474.86
474.77
474.89
475.03
470.67
475.12
474.88
475.02
475.17
474.83
475.27
474.81
474.98
475.09
475.47
475.17
475.48
475.31
474.75
475.12
475.39
475.14
475.44
475.08
474.98
474.80
474.66
474.91
475.39
474.69
474.52
474.05
472.80
474.20
475.23
475.02
474.58
475.25
475.30
474.91
475.05
474.72
474.72
474.89
474.89
474.22
474.39
474.83
474.80
474.83
474.64
475.11
475.17
474.64
474.62
474.95
475.47
471.05
466.70
474.67
474.78
474.78
474.73
474.75
475.48
474.81
474.64
474.61
475.14
474.67
474.56
474.53
474.83
474.78
475.47
475.16
475.38
474.70
474.67
475.06
474.80
475.03
475.47
475.19
474.84
474.72
474.59
474.75
475.38
474.55
474.66
475.12
475.48
474.86
475.28
474.86
474.67
474.70
474.64
474.64
474.77
474.64
474.73
475.00
475.11
474.62
474.59
474.84
474.80
475.06
475.42
475.02
475.44
474.64
474.84
475.05
475.39
475.33
475.34
474.97
474.17
474.62
475.06
475.06
475.41
474.73
474.72
473.61
474.58
474.67
474.72
472.83
471.70
470.84
473.52
474.92
474.84
474.72
474.52
474.69
474.94
475.05
475.42
475.03
474.75
474.66
474.61
474.77
475.31
474.58
474.64
474.67
474.84
475.02
475.16
474.89
474.78
474.89
475.17
474.92
475.28
474.66
474.72
475.00
475.30
474.91
474.94
474.98
474.59
474.56
474.58
474.94
475.56
475.14
474.72
474.89
475.39
475.03
475.52
474.97
474.73
474.70
474.56
474.75
475.59
474.61
474.52
474.78
470.78
474.61
474.70
474.86
474.81
475.00
475.36
474.91
475.30
474.52
474.73
475.08
474.53
474.84
475.19
474.48
474.73
474.98
475.42
474.97
475.30
474.48
474.48
474.67
475.42
474.59
474.52
474.52
474.61
474.92
474.45
474.67
475.22
474.55
474.77
474.94
475.34
474.62
475.41
474.94
474.66
474.95
475.31
474.73
475.19
474.61
474.66
474.75
474.91
475.16
474.66
474.75
474.70
474.91
474.45
473.12
467.88
467.95
474.50
475.33
475.27
474.89
475.25
474.97
474.61
474.73
474.66
474.81
474.77
474.61
474.55
474.81
474.58
474.52
475.33
474.73
474.67
474.70
474.91
474.70
474.98
474.67
474.53
474.64
474.58
474.92
474.86
474.78
474.72
474.69
474.61
474.55
474.84
475.05
474.59
474.86
475.36
474.92
475.30
474.86
474.73
474.97
475.42
474.92
475.42
474.48
474.64
474.98
475.31
474.73
474.45
474.52
474.72
474.97
475.41
474.91
475.30
474.36
474.58
474.86
475.42
474.94
475.42
475.09
474.73
474.58
467.88
467.52
474.81
474.47
474.47
474.81
474.41
473.22
475.45
474.11
474.81
474.58
474.53
474.55
475.30
474.58
474.53
474.84
475.14
474.64
474.89
474.78
474.70
474.84
474.77
474.56
475.25
474.58
474.62
474.50
474.53
474.59
474.52
474.62
474.75
470.05
474.94
474.88
474.98
474.55
474.61
474.91
474.98
474.75
475.22
474.89
474.72
474.62
474.55
474.66
475.20
474.52
474.53
474.88
475.42
474.55
474.52
474.59
470.11
474.88
474.58
474.52
475.09
474.64
474.62
474.98
474.59
475.03
475.22
474.89
474.77
474.61
