write_job: (g=0): rw=write, bs=16K-16K/16K-16K/16K-16K, ioengine=libaio, iodepth=4
fio-2.1.10
Starting 1 process

write_job: (groupid=0, jobs=1): err= 0: pid=3900: Wed Sep 30 10:50:41 2015
  write: io=235520MB, bw=141873KB/s, iops=8867, runt=1699915msec
    slat (usec): min=1, max=98, avg=10.04, stdev= 3.23
    clat (usec): min=40, max=6462, avg=439.08, stdev=666.45
     lat (usec): min=65, max=6493, avg=449.36, stdev=667.01
    clat percentiles (usec):
     |  1.00th=[  109],  5.00th=[  133], 10.00th=[  133], 20.00th=[  133],
     | 30.00th=[  133], 40.00th=[  135], 50.00th=[  141], 60.00th=[  229],
     | 70.00th=[  358], 80.00th=[  414], 90.00th=[ 1096], 95.00th=[ 2160],
     | 99.00th=[ 3280], 99.50th=[ 3312], 99.90th=[ 3408], 99.95th=[ 3408],
     | 99.99th=[ 3472]
    bw (KB  /s): min=47264, max=438336, per=100.00%, avg=141917.58, stdev=126616.24
    lat (usec) : 50=0.01%, 100=0.28%, 250=59.92%, 500=21.37%, 750=6.16%
    lat (usec) : 1000=1.97%
    lat (msec) : 2=4.75%, 4=5.55%, 10=0.01%
  cpu          : usr=4.86%, sys=13.49%, ctx=13899247, majf=0, minf=27
  IO depths    : 1=0.1%, 2=0.1%, 4=100.0%, 8=0.0%, 16=0.0%, 32=0.0%, >=64=0.0%
     submit    : 0=0.0%, 4=100.0%, 8=0.0%, 16=0.0%, 32=0.0%, 64=0.0%, >=64=0.0%
     complete  : 0=0.0%, 4=100.0%, 8=0.0%, 16=0.0%, 32=0.0%, 64=0.0%, >=64=0.0%
     issued    : total=r=0/w=15073280/d=0, short=r=0/w=0/d=0
     latency   : target=0, window=0, percentile=100.00%, depth=4

Run status group 0 (all jobs):
  WRITE: io=235520MB, aggrb=141873KB/s, minb=141873KB/s, maxb=141873KB/s, mint=1699915msec, maxt=1699915msec

Disk stats (read/write):
  sda: ios=84/15068794, merge=0/0, ticks=0/6488252, in_queue=6482084, util=100.00%
