14.00
126.44
154.31
150.30
146.38
147.22
147.53
149.41
152.20
148.44
148.20
149.25
152.50
149.95
151.30
141.14
148.42
147.83
153.05
150.02
152.30
148.59
148.98
152.64
146.50
150.02
151.31
150.08
149.47
155.03
147.83
152.94
152.16
150.80
146.88
152.23
149.19
154.25
149.58
151.12
146.69
149.03
150.70
152.05
153.17
152.03
153.39
148.23
152.48
150.56
147.67
145.53
151.12
150.14
150.34
153.94
146.12
146.05
151.88
147.83
153.52
150.16
149.64
151.05
147.16
149.56
148.56
149.77
151.56
148.42
152.61
150.17
151.30
149.19
148.56
150.44
145.31
147.17
149.98
150.95
148.12
153.66
148.78
151.84
151.67
147.25
149.69
152.03
148.92
149.59
151.95
147.88
150.52
149.03
150.19
153.22
152.25
148.38
147.88
146.39
151.11
153.48
151.52
144.80
148.39
150.31
147.72
153.36
149.33
148.66
147.22
149.70
150.28
152.02
150.33
149.23
150.73
151.16
147.98
148.98
151.00
142.88
149.84
148.95
149.00
155.39
148.55
147.59
153.84
148.44
149.47
156.36
148.64
152.05
150.73
151.11
153.47
148.67
148.39
153.20
148.39
148.84
154.94
152.62
148.62
148.84
152.70
152.42
151.88
147.66
151.58
149.09
148.88
149.61
151.97
149.09
150.56
149.05
151.64
153.86
149.34
148.34
151.34
152.94
150.95
151.02
147.38
151.95
148.09
151.44
147.23
148.09
154.47
149.14
146.61
150.77
153.64
147.38
146.70
150.38
149.25
147.27
150.14
153.56
146.30
150.91
146.09
147.64
152.31
150.97
147.47
149.26
148.56
152.55
152.20
155.70
150.78
153.08
148.00
149.66
155.39
150.14
150.81
150.25
146.80
152.36
151.53
149.50
151.00
152.61
145.53
153.14
149.97
146.48
152.44
149.34
149.39
146.41
149.97
148.12
151.12
150.53
149.06
150.73
149.23
150.67
150.20
150.05
149.91
153.64
146.08
153.89
147.56
147.06
150.72
151.23
148.64
147.56
151.55
150.33
152.27
151.67
148.47
148.23
153.28
150.64
149.41
153.50
151.97
147.69
150.44
147.91
149.94
149.05
151.53
148.36
148.52
154.06
152.03
146.89
154.44
151.48
150.75
152.58
149.70
148.12
148.20
149.05
147.27
149.92
152.25
148.19
147.66
154.55
153.64
149.30
150.50
147.28
154.39
150.98
152.73
151.09
146.03
152.17
149.91
145.62
151.69
151.27
150.08
152.12
150.53
150.38
156.19
148.61
149.56
146.62
149.69
147.25
156.66
151.00
152.36
148.86
151.16
154.89
149.09
149.39
149.28
149.09
149.69
153.03
147.23
150.72
146.98
151.53
151.59
151.16
146.88
148.62
148.55
151.84
154.50
153.41
148.34
149.42
148.41
148.80
149.75
150.73
149.03
151.31
152.78
151.98
148.70
149.16
147.39
150.19
145.98
149.94
151.55
150.23
150.73
148.80
149.92
149.53
148.61
148.91
146.05
151.58
148.61
153.33
149.03
148.19
149.12
145.02
147.75
148.19
152.59
148.14
150.48
150.89
152.50
152.02
147.52
148.16
148.92
150.08
150.86
152.26
150.89
145.19
148.95
151.94
152.70
148.11
149.53
148.81
145.69
149.67
146.88
148.64
152.31
150.31
151.61
154.05
148.56
151.59
148.09
151.69
148.36
149.41
150.06
151.31
146.39
150.19
145.97
145.58
153.62
151.89
147.08
146.98
145.09
150.92
149.00
146.48
150.77
146.77
150.17
149.84
147.00
149.12
150.86
150.25
152.20
149.02
151.86
152.97
151.14
148.98
148.88
147.88
147.31
153.77
148.14
149.14
152.09
152.17
146.94
149.88
149.77
149.81
145.16
149.17
154.97
152.91
151.91
149.89
151.97
154.34
149.08
149.42
150.27
146.69
149.75
151.81
153.77
145.97
150.88
146.53
148.70
151.39
151.88
152.47
146.45
151.58
148.64
152.62
152.41
145.14
147.00
147.45
151.03
152.77
149.39
150.47
147.53
149.84
147.58
152.66
150.70
151.70
150.27
151.11
150.47
148.58
150.34
151.05
151.50
151.61
150.88
154.88
148.23
151.28
149.48
146.06
150.50
147.30
158.08
147.78
148.52
150.12
147.28
154.27
152.05
145.62
149.55
150.11
148.95
150.06
151.08
145.72
151.66
152.97
148.02
147.95
149.69
144.03
146.84
150.23
151.05
148.98
147.27
149.23
149.83
151.09
150.11
148.86
151.12
150.22
150.83
152.34
146.48
148.98
152.39
150.58
150.84
151.00
150.20
150.81
150.62
146.56
148.70
152.73
146.28
151.47
152.61
145.56
150.72
150.50
150.30
152.55
148.16
148.59
151.47
151.02
152.26
155.58
148.64
147.94
151.03
147.67
147.23
149.14
148.30
150.59
150.06
147.33
145.66
151.95
149.78
151.12
151.66
147.95
145.86
152.41
148.42
151.47
148.58
148.75
148.19
152.20
146.97
149.27
150.84
149.05
153.14
153.38
144.77
150.20
154.33
147.64
152.56
150.28
147.67
149.84
149.55
150.80
153.80
147.59
148.17
147.02
150.09
147.56
152.34
148.17
151.73
152.36
152.20
150.14
150.81
148.83
150.59
150.20
151.69
150.62
149.94
151.14
154.05
152.20
148.56
151.27
149.98
149.34
154.03
149.42
150.11
147.58
146.89
149.61
150.33
151.14
153.50
150.69
151.02
144.83
150.45
146.98
151.50
149.84
149.58
148.39
151.03
150.12
150.11
148.23
147.31
148.28
148.72
147.22
148.67
148.94
151.12
149.11
150.25
151.91
150.06
148.94
145.23
148.98
152.64
150.11
147.75
150.67
147.95
150.30
149.62
149.00
148.00
147.09
147.28
152.66
152.19
145.17
152.41
152.78
150.38
149.72
147.56
146.86
150.72
152.41
151.69
150.45
150.61
150.50
153.42
146.64
150.44
151.25
149.84
148.27
151.41
146.86
154.89
150.94
149.67
154.94
147.77
146.80
151.64
153.50
146.88
149.52
150.16
149.08
151.84
146.39
149.23
154.12
148.62
149.27
151.92
149.11
147.36
149.75
151.53
155.33
149.89
146.36
150.25
151.12
151.97
148.42
145.89
146.89
155.31
150.67
149.94
149.16
149.91
152.30
151.97
150.66
149.72
151.05
148.28
150.72
151.72
147.39
147.41
150.50
147.70
149.88
150.97
149.11
150.81
150.44
145.92
152.62
148.81
149.23
150.67
151.19
148.23
152.05
151.59
143.91
149.62
154.92
143.03
152.31
152.47
145.78
152.27
149.45
147.23
152.55
152.30
150.52
149.09
150.00
150.61
150.38
150.36
147.36
146.77
152.42
148.47
152.11
150.92
149.30
150.98
147.80
149.08
151.45
148.73
149.83
152.59
148.53
151.94
152.95
147.75
151.59
153.28
145.12
147.81
149.55
