13.90
123.28
152.97
153.09
149.58
152.30
152.44
153.47
155.75
153.36
154.94
156.06
150.17
154.66
153.05
150.50
148.55
151.77
152.33
154.45
153.08
156.73
151.86
154.50
151.88
152.23
154.09
152.20
153.77
154.06
149.44
155.00
152.92
156.31
150.61
154.31
156.11
152.05
153.05
153.41
156.53
156.05
152.02
152.00
155.42
158.55
154.16
154.67
152.70
156.38
152.23
154.67
154.69
150.92
154.30
152.41
154.53
149.84
156.12
154.69
152.73
153.61
152.75
153.33
157.17
151.73
153.28
153.73
153.50
153.38
154.94
151.44
156.50
151.86
153.48
154.61
151.36
154.91
154.22
153.27
152.50
151.83
152.95
149.30
151.23
153.23
149.45
152.38
152.73
154.44
156.17
152.06
151.97
153.20
152.27
152.70
154.73
156.27
152.23
153.38
155.62
152.66
152.45
155.44
151.30
153.78
155.62
152.98
152.95
151.38
156.23
156.91
156.44
153.42
153.12
154.42
152.05
151.86
149.69
151.03
152.05
152.69
152.22
154.83
153.92
154.41
150.64
155.73
153.44
150.25
155.80
150.36
149.72
159.06
154.09
155.20
151.89
154.22
154.38
151.22
154.23
153.06
152.62
154.52
148.75
153.86
153.69
149.72
156.41
151.72
155.58
157.39
148.78
157.67
152.95
157.28
150.48
153.02
153.03
150.02
154.55
156.98
156.83
154.55
150.28
154.16
154.09
150.89
156.06
149.23
151.08
154.92
150.12
151.33
150.45
154.20
156.22
150.48
154.69
155.02
152.64
156.12
146.67
153.25
154.67
151.50
151.70
151.36
153.42
154.95
153.75
156.19
154.19
158.28
152.44
154.09
154.17
151.61
151.00
152.92
150.28
153.19
150.30
150.89
154.92
152.14
153.31
155.36
148.33
155.34
148.22
155.06
151.42
152.89
153.36
150.52
151.91
156.25
154.47
154.42
153.66
155.38
152.75
151.25
157.69
148.91
155.23
152.36
150.89
149.19
156.39
151.92
150.56
155.25
152.72
155.23
152.58
153.44
149.77
152.08
159.77
154.28
152.81
152.92
155.50
153.67
153.64
152.92
156.17
156.56
150.53
152.06
155.09
149.44
151.33
157.14
154.45
153.22
152.47
154.44
154.19
153.06
154.83
151.08
154.22
152.27
151.00
153.20
155.17
150.59
156.89
149.45
155.70
153.94
150.86
155.27
150.73
152.39
148.83
148.81
153.31
152.80
154.89
155.62
151.39
152.89
154.42
151.84
158.91
149.70
152.91
149.05
154.80
157.91
148.44
154.14
151.86
156.64
153.48
149.55
154.53
156.11
154.11
155.97
151.38
156.23
151.81
152.00
156.64
150.98
152.30
153.47
154.48
155.34
153.16
152.84
153.77
154.53
155.75
153.88
148.62
156.12
151.55
155.72
157.33
150.75
154.45
155.02
156.34
148.20
150.97
153.88
154.09
154.53
152.00
152.64
154.69
154.50
153.16
152.77
154.30
152.81
152.86
153.98
154.06
157.03
151.39
154.52
153.22
148.25
154.09
153.50
153.05
149.89
150.55
154.42
154.77
152.11
153.02
154.38
151.61
156.30
150.09
151.58
156.08
153.12
151.53
153.25
154.09
150.34
148.34
156.14
154.02
154.94
153.95
151.50
151.64
155.30
156.42
153.97
153.48
152.28
150.03
148.23
154.56
155.11
157.03
154.00
156.77
151.94
151.44
153.97
153.39
154.72
152.62
151.69
153.22
152.23
156.95
153.22
152.86
156.16
152.31
155.55
155.45
150.88
156.41
150.55
158.12
151.42
150.91
153.61
155.16
154.66
152.03
152.34
155.38
150.78
152.77
152.45
150.14
152.75
156.02
152.20
156.00
153.00
152.92
153.44
152.92
155.75
155.09
157.03
152.89
154.89
152.94
153.56
155.75
151.66
151.56
152.98
153.34
153.41
151.06
153.42
154.11
150.95
154.42
153.19
152.58
154.72
149.83
155.59
156.03
154.70
151.34
151.86
152.94
154.50
153.78
152.55
155.25
157.41
153.50
153.05
154.50
148.78
155.53
156.11
154.59
154.11
151.16
155.39
149.03
151.58
151.94
151.88
154.14
153.42
151.86
152.28
154.69
155.55
154.77
150.84
155.73
147.39
151.97
151.47
151.81
157.70
148.91
152.34
157.44
153.31
153.38
151.44
151.09
153.78
151.05
153.34
154.33
152.62
154.78
156.06
155.47
151.22
158.56
154.80
154.05
152.73
149.55
153.33
157.81
154.33
152.55
149.62
154.97
156.53
152.67
152.16
151.03
153.36
153.83
150.00
152.69
153.28
151.98
153.64
156.06
148.86
154.55
150.70
154.69
153.70
154.45
155.75
150.75
154.03
151.91
152.55
156.77
151.19
155.67
151.92
153.59
157.05
150.61
154.97
158.02
151.14
152.64
153.95
155.73
151.31
153.20
153.22
154.39
154.94
155.19
150.27
155.11
148.72
152.69
151.22
156.39
151.53
154.44
155.08
154.45
155.95
151.61
147.52
159.72
152.22
153.89
154.56
149.75
154.41
153.75
152.77
153.89
153.94
148.94
155.20
155.08
153.27
150.11
155.06
152.84
151.03
154.41
149.20
155.95
153.83
152.17
153.56
154.19
150.31
154.47
156.98
154.59
154.47
152.58
154.81
150.53
155.86
153.16
154.94
157.78
153.02
152.81
155.44
149.22
155.81
150.70
152.73
156.31
152.48
155.66
152.73
151.16
151.66
147.56
155.52
155.19
152.88
153.06
150.58
156.30
153.05
155.92
152.81
154.38
155.72
153.00
151.98
152.05
152.94
152.36
156.56
152.44
151.97
155.09
154.91
156.64
154.27
149.98
153.97
152.64
156.33
152.67
153.05
155.08
155.42
156.48
149.28
153.12
152.66
151.88
155.56
153.16
152.73
153.86
154.45
155.62
153.53
151.45
154.34
152.84
153.30
156.02
147.73
154.86
156.02
158.70
152.56
148.80
152.02
157.33
154.95
152.61
149.66
158.72
152.83
153.64
153.61
151.78
152.11
151.92
156.56
155.70
149.42
151.56
152.19
159.56
149.89
151.53
149.91
152.09
156.42
151.67
153.22
152.12
155.75
151.95
156.16
152.80
151.02
155.69
153.95
156.80
149.91
153.42
156.44
152.52
154.61
151.97
151.81
153.64
154.14
156.91
150.06
152.06
155.30
152.81
155.28
152.70
152.22
155.55
156.06
156.42
153.73
150.53
155.33
155.52
151.97
154.81
149.59
156.36
155.36
152.69
153.72
150.72
157.69
155.12
159.67
148.96
153.08
154.92
153.52
154.58
152.81
154.31
151.20
156.66
156.00
151.06
152.89
152.64
153.89
153.95
152.38
156.47
151.31
159.05
153.08
148.31
153.14
150.19
