12.83
188.41
232.62
231.25
231.20
231.19
233.53
234.42
234.77
234.81
234.94
235.73
235.50
234.58
235.55
234.28
234.17
234.58
235.23
235.37
234.86
235.50
235.30
235.47
235.36
235.36
235.67
234.39
234.45
235.06
235.47
234.91
235.22
235.03
234.36
234.17
233.94
234.59
234.64
234.19
234.25
234.42
235.61
233.77
235.28
234.42
234.83
235.00
234.81
234.91
235.73
234.92
234.55
234.70
234.91
235.02
235.47
235.33
234.92
234.86
235.06
235.67
236.02
234.84
235.23
235.06
235.81
235.14
234.70
235.08
232.67
235.27
234.88
235.55
236.17
234.42
234.95
235.44
234.45
234.00
234.50
233.72
233.97
234.12
234.06
235.92
235.31
233.41
234.39
234.83
235.47
234.17
234.33
235.03
234.25
235.88
234.50
235.09
234.34
234.31
233.36
234.95
235.52
234.55
234.62
234.14
234.38
234.11
234.92
234.52
234.92
234.27
234.14
235.03
234.88
234.09
233.52
233.56
233.59
233.77
234.19
234.55
234.56
234.27
234.33
234.78
234.78
234.81
235.66
235.06
232.97
234.67
236.00
235.09
234.89
234.25
234.81
235.05
234.89
234.89
234.48
235.09
235.02
234.50
234.73
234.36
235.84
234.33
234.59
234.58
239.55
235.16
235.19
234.84
234.52
234.89
234.16
234.22
235.86
234.36
234.38
234.28
235.59
235.12
235.55
238.56
234.69
234.98
235.59
235.20
235.45
233.05
233.69
234.62
235.77
235.02
235.39
235.23
234.69
234.66
234.03
234.97
235.20
234.42
234.66
234.16
236.06
234.91
234.59
235.31
234.86
234.97
235.47
234.28
235.33
234.66
234.56
234.38
234.56
233.77
235.55
234.30
234.34
234.45
234.84
235.00
235.47
234.28
234.27
234.81
234.12
234.25
235.31
234.64
234.45
238.47
234.34
235.42
235.83
235.16
233.70
234.27
235.78
234.44
234.70
234.56
234.66
234.20
234.89
234.77
234.53
234.52
234.77
235.00
234.41
234.72
234.75
234.70
234.22
233.94
242.34
234.97
236.16
234.77
235.00
234.84
235.73
235.58
236.00
235.41
234.91
234.41
234.45
232.86
235.19
234.53
235.03
235.27
235.41
234.72
234.33
234.48
234.55
235.22
235.84
235.41
236.03
234.31
235.05
235.63
235.06
233.86
235.73
234.97
234.45
236.30
235.81
235.11
235.80
235.08
234.41
235.12
234.27
234.11
234.22
234.27
234.53
234.98
234.59
235.03
235.59
234.64
234.59
234.84
234.66
234.06
234.11
234.05
234.55
234.73
235.16
234.70
235.23
234.16
234.19
234.06
234.70
234.61
235.12
235.00
234.81
235.33
235.47
233.84
235.37
233.27
233.52
234.31
234.14
234.33
234.30
234.66
234.78
235.02
234.53
235.36
234.48
234.25
234.39
235.02
234.89
234.06
234.89
234.53
234.66
233.98
234.55
235.06
235.52
234.47
234.38
235.00
236.00
234.38
235.42
235.59
234.41
234.11
234.45
234.44
235.73
234.89
234.75
235.00
234.75
234.48
235.27
235.23
234.69
234.42
234.09
234.80
235.36
234.34
234.59
237.48
234.47
234.31
234.38
234.23
234.44
234.77
235.02
234.23
235.12
233.94
233.86
233.91
235.25
234.36
234.11
234.56
234.77
235.08
235.86
235.06
235.89
234.17
235.45
235.45
239.66
234.95
234.62
235.30
234.64
234.48
234.58
234.89
235.55
234.09
234.52
235.05
235.67
234.92
234.97
234.12
234.38
234.23
234.31
234.41
234.80
234.25
234.53
234.94
234.62
235.08
234.66
235.11
234.23
234.23
237.36
234.89
235.77
234.88
234.56
234.47
235.34
234.30
234.42
234.72
234.11
234.11
234.11
234.27
234.33
234.17
234.55
234.83
234.20
232.13
234.50
234.52
234.53
234.98
234.98
235.66
235.77
234.48
234.39
234.72
235.52
234.38
234.28
234.67
234.67
234.28
234.77
235.52
234.61
234.45
234.22
235.33
235.95
235.09
236.03
235.09
235.02
235.33
234.78
235.02
236.16
234.39
234.80
234.81
234.44
235.37
235.81
234.95
234.55
234.61
234.56
234.84
235.91
234.53
234.86
234.58
235.83
234.39
234.62
235.25
234.73
235.23
236.08
234.95
236.22
237.41
235.39
235.44
236.22
234.47
234.30
235.00
234.66
235.06
235.98
233.94
235.19
233.92
234.36
235.09
235.52
234.56
235.56
235.27
234.58
234.47
232.70
234.88
235.45
234.41
234.38
235.16
234.83
235.39
235.89
235.06
234.34
234.81
235.03
235.02
238.86
234.72
234.97
234.95
234.97
235.69
235.92
235.61
235.06
234.80
234.44
234.81
235.31
234.44
234.38
236.94
234.52
234.16
234.56
234.55
234.62
235.28
235.89
235.77
235.97
234.12
234.39
234.50
235.00
232.44
236.97
234.92
234.88
234.52
234.34
234.80
235.20
233.84
233.91
234.36
234.52
234.67
235.48
234.22
234.45
241.84
234.25
235.36
235.92
235.41
236.28
234.83
235.52
234.94
234.30
241.50
234.91
235.03
236.22
235.77
234.42
234.56
234.36
234.58
234.36
234.03
234.55
234.97
234.84
234.45
234.98
234.28
234.97
234.09
234.09
235.41
234.98
234.22
235.02
234.28
234.58
235.08
235.59
234.83
234.53
233.63
234.30
234.59
234.50
234.28
234.23
235.22
232.15
234.34
234.30
235.83
235.42
234.33
234.08
234.62
235.52
234.39
234.95
234.36
234.84
236.89
235.45
235.56
235.88
234.64
234.81
235.73
236.08
235.17
236.20
235.12
235.08
235.78
236.16
235.37
234.50
235.00
235.33
235.39
235.37
233.53
235.00
234.39
234.31
234.25
235.47
234.30
234.45
234.05
234.09
233.91
235.05
234.47
235.31
234.84
234.64
235.08
235.89
235.17
234.44
234.53
234.16
234.45
234.75
234.11
236.34
234.95
234.62
234.55
235.05
234.03
233.73
232.41
232.91
234.80
236.98
234.89
235.17
234.27
234.19
237.37
234.66
234.95
235.31
234.59
234.39
234.77
235.56
234.94
235.36
234.98
234.47
233.95
233.92
234.05
235.31
234.17
234.64
235.03
234.39
244.00
234.12
234.52
234.00
234.09
233.95
234.39
235.34
234.36
234.88
237.77
235.86
234.28
234.14
234.20
237.55
233.72
234.44
234.12
235.50
234.45
234.58
234.58
235.81
234.73
234.61
234.77
234.73
234.84
234.70
235.17
235.84
234.41
234.38
234.53
237.66
235.36
235.03
235.09
234.58
233.95
234.27
234.94
235.55
234.94
234.12
234.97
234.81
234.44
234.34
235.30
235.00
235.69
236.06
235.52
235.97
234.83
234.91
235.00
234.47
234.27
235.25
234.83
234.23
234.05
234.28
234.72
234.75
234.27
234.64
235.97
236.36
235.19
236.23
235.53
234.84
233.67
234.41
234.58
234.88
235.33
234.56
235.06
235.30
234.97
237.45
236.05
234.95
235.75
236.33
235.31
236.20
235.05
232.67
235.34
235.56
234.20
234.81
234.84
234.30
233.86
234.09
234.39
235.59
234.25
234.28
234.38
235.39
234.75
235.27
234.33
234.44
234.52
234.52
234.72
235.20
234.38
234.64
235.06
234.86
236.80
235.55
235.27
235.06
234.45
234.19
235.09
235.05
234.77
234.86
234.98
236.30
235.02
235.52
234.98
234.30
234.78
235.37
234.84
235.67
236.70
234.44
234.78
235.45
233.03
240.06
234.98
235.17
234.89
235.48
236.17
235.34
234.48
234.58
234.94
241.16
234.55
234.64
234.95
234.83
239.33
234.23
234.78
235.44
234.39
234.47
234.73
235.30
235.03
234.72
237.66
235.23
235.52
235.70
235.22
237.70
235.28
234.58
234.66
234.62
241.72
235.70
235.14
234.86
234.75
234.69
234.88
234.83
233.63
234.88
234.02
234.33
234.61
235.27
234.42
235.02
235.09
235.44
234.92
235.64
234.91
235.05
234.98
235.88
234.48
234.19
234.41
235.00
235.09
235.64
234.62
235.78
234.55
234.72
234.11
242.83
235.00
235.48
235.11
234.77
233.81
233.92
234.52
235.45
234.36
236.52
234.78
236.08
235.63
235.75
234.70
234.44
234.53
235.94
235.22
234.92
234.62
234.67
235.30
234.48
234.19
234.14
235.11
234.95
234.05
243.11
234.70
235.36
234.25
234.75
249.50
234.42
234.94
235.98
235.30
234.73
235.63
236.09
235.44
234.66
234.36
234.45
234.80
235.03
234.58
239.86
234.94
234.67
234.92
234.61
234.58
236.08
234.77
234.84
234.81
234.44
235.19
235.77
235.41
234.92
235.70
232.07
234.89
234.69
234.72
234.72
235.33
236.05
