13.26
386.34
475.31
475.22
475.20
475.19
475.41
475.47
475.33
475.36
475.34
475.36
475.80
475.28
475.23
475.30
475.36
475.16
475.31
475.16
475.25
475.16
475.36
475.25
475.20
475.19
475.34
475.45
475.42
475.27
475.33
475.28
475.42
475.22
475.34
475.27
475.17
475.06
475.19
475.22
475.20
475.25
475.22
475.14
475.25
475.20
475.38
475.28
475.00
475.06
475.34
475.34
475.33
475.41
475.30
475.17
475.34
475.22
475.27
475.34
475.28
475.33
475.22
475.11
475.25
475.17
475.17
475.03
475.16
475.12
475.25
475.12
475.19
475.08
475.33
475.30
475.28
475.33
475.19
475.30
475.22
475.22
475.22
475.25
475.28
475.23
475.22
475.34
475.17
475.19
475.23
475.14
475.23
475.27
475.30
475.17
475.23
475.20
475.14
475.11
475.17
475.14
475.11
475.14
475.20
475.11
475.14
475.28
475.19
475.11
475.25
475.12
475.30
475.16
475.06
475.14
475.16
475.31
475.11
475.17
475.09
475.14
475.34
475.20
475.19
475.25
475.19
470.82
475.23
475.09
475.16
475.12
475.30
475.17
475.16
475.22
475.20
475.17
475.20
475.19
475.28
475.22
475.27
475.17
475.16
475.09
475.09
475.19
475.38
475.17
475.34
475.19
475.16
475.00
475.16
475.25
475.28
475.75
475.19
475.22
475.30
475.19
475.20
475.17
475.41
475.23
475.30
475.27
475.23
475.14
475.16
475.12
475.20
475.14
475.23
475.00
474.73
475.64
475.28
475.16
475.09
475.39
475.23
475.17
475.20
475.08
475.28
475.50
475.33
475.34
475.20
475.31
476.05
475.08
475.25
475.28
475.41
475.33
475.16
474.53
475.95
475.89
476.28
476.30
476.33
476.20
476.06
475.80
475.97
475.16
475.12
475.05
475.22
475.05
476.02
475.80
476.11
476.02
475.12
475.09
474.95
475.11
475.55
475.17
475.55
475.09
475.36
476.03
475.20
475.16
475.20
475.23
475.94
475.20
475.38
475.19
475.23
475.64
475.28
475.28
474.64
476.09
475.75
475.23
475.19
475.27
475.19
475.50
475.23
475.11
475.23
475.16
475.19
475.22
475.25
475.20
475.22
475.27
475.28
475.25
475.14
475.25
475.47
475.20
475.22
475.19
475.16
475.16
475.17
475.17
475.17
475.19
475.20
475.08
475.31
475.22
475.14
475.17
475.17
475.17
475.16
475.20
475.23
475.22
475.14
475.23
475.09
475.25
476.22
475.61
475.36
475.27
475.50
476.28
476.14
476.30
476.38
475.31
475.28
475.14
475.23
475.28
476.08
476.17
476.20
476.31
475.70
475.44
475.19
475.23
475.22
475.17
470.93
475.14
475.08
475.17
475.30
475.58
475.30
475.09
475.78
476.06
476.20
475.83
475.69
476.36
476.03
475.31
475.14
475.22
475.17
475.19
475.17
475.17
475.17
474.52
475.00
475.62
475.12
475.19
475.08
475.08
475.34
475.20
475.19
475.11
475.14
475.27
474.78
474.98
475.17
475.19
475.41
475.11
475.70
475.95
476.13
475.64
475.38
475.36
475.36
475.41
475.20
475.28
475.38
475.19
475.12
475.58
475.23
475.12
475.30
475.27
475.38
475.11
475.12
475.17
475.41
475.28
475.19
475.14
475.38
475.42
475.38
475.28
475.23
475.34
475.31
475.42
475.16
475.28
475.28
475.38
476.13
475.22
476.08
476.22
475.92
476.31
475.95
475.09
475.27
475.34
475.59
475.16
475.11
475.16
475.20
475.52
475.14
475.20
475.11
475.19
475.41
475.25
475.25
475.22
475.09
475.20
475.22
475.17
475.23
475.22
475.80
475.78
476.34
475.42
475.12
475.33
475.16
475.19
475.16
475.19
475.31
475.12
475.19
475.16
475.05
475.41
475.12
475.09
475.08
475.06
475.53
475.17
475.11
475.00
475.20
475.50
475.06
475.20
475.23
475.31
475.22
475.16
475.17
475.20
475.11
476.34
475.09
475.19
475.25
475.14
475.17
475.08
475.23
475.27
475.14
475.59
475.19
475.11
475.14
475.19
475.67
475.09
475.25
475.17
475.17
475.28
475.28
475.14
475.19
475.16
475.11
475.06
475.27
475.16
475.09
475.58
475.20
475.00
475.19
475.11
475.25
475.09
475.09
470.37
