19.46
153.50
231.50
240.00
264.00
213.00
245.00
254.00
256.00
240.00
240.00
272.00
233.00
263.00
243.50
252.50
275.00
250.00
246.00
261.00
248.00
245.00
275.00
232.00
248.50
247.50
217.50
262.50
250.50
271.50
233.50
264.50
244.00
243.00
237.50
255.50
240.00
231.00
266.00
239.00
249.00
239.00
248.00
240.00
256.00
248.00
263.00
255.50
233.50
245.50
250.50
251.50
252.00
248.50
238.00
271.50
251.00
247.50
240.00
256.00
247.50
240.50
253.00
259.00
253.00
241.50
273.50
258.00
238.00
267.00
261.00
235.50
247.50
251.50
241.50
232.00
230.50
239.00
231.00
246.50
253.00
251.00
237.00
259.00
229.00
248.00
248.00
248.00
242.50
254.50
246.00
257.00
240.00
265.50
254.50
239.00
245.50
243.50
248.00
248.00
255.50
240.50
241.50
246.50
248.00
234.00
246.00
262.00
242.00
262.00
265.00
253.50
251.50
237.62
256.00
240.00
235.00
261.00
257.50
265.50
245.00
254.00
249.00
244.50
231.00
273.50
244.00
239.00
225.50
256.00
255.50
248.00
219.50
257.00
241.00
256.00
234.50
264.00
259.50
268.50
248.00
246.00
258.00
232.50
222.00
251.00
262.50
255.00
241.00
256.00
264.50
247.50
232.00
248.00
238.50
257.50
240.00
277.00
265.00
246.50
226.00
249.50
254.50
257.50
240.00
240.00
256.00
248.00
228.00
246.00
270.00
254.50
263.00
242.50
230.00
236.00
245.00
248.50
248.50
240.00
249.00
247.00
233.00
237.00
234.00
243.50
252.50
245.00
262.50
252.50
240.00
257.50
230.50
240.00
240.00
262.00
228.50
260.50
273.50
255.50
244.00
256.50
267.50
229.50
234.50
248.00
239.50
243.50
253.00
232.00
252.50
250.00
241.50
256.00
240.50
245.50
233.50
256.00
248.50
232.00
218.00
248.00
245.50
232.50
265.00
225.50
268.00
232.50
257.00
272.00
256.00
264.00
230.50
234.00
250.50
277.50
263.50
244.50
251.50
240.00
244.00
252.00
256.00
248.00
236.50
251.50
257.00
231.00
229.00
235.00
270.00
240.50
257.00
272.50
253.00
264.50
266.50
264.00
240.00
240.00
240.00
240.00
256.00
243.50
252.50
257.50
262.50
255.00
247.50
264.50
241.00
248.00
256.00
264.00
242.50
253.50
248.00
234.00
254.00
245.50
254.50
238.00
256.50
242.50
260.50
262.50
244.00
244.00
263.00
257.00
240.00
248.00
240.00
264.00
244.00
253.00
263.00
254.00
259.50
240.50
254.00
232.00
251.50
263.50
267.50
238.50
235.00
232.00
240.00
269.00
259.00
261.50
242.50
248.00
240.00
247.00
244.00
252.50
232.50
256.00
248.00
256.00
232.00
256.00
254.50
249.50
260.50
243.50
256.00
256.00
263.50
256.50
248.00
240.00
256.00
224.00
255.50
248.50
240.00
232.00
264.00
264.00
246.00
266.00
231.50
245.50
238.50
252.50
243.50
252.50
272.00
240.00
242.00
259.50
260.50
262.00
246.50
232.00
241.50
240.00
240.00
240.00
251.50
260.50
256.00
237.00
241.00
254.50
251.50
256.00
248.00
233.00
263.00
232.00
256.00
239.50
251.50
274.50
254.50
276.00
261.00
251.00
213.86
257.00
271.00
257.50
262.50
259.00
250.50
235.00
239.50
252.00
252.00
245.00
251.00
258.50
238.00
265.50
263.00
249.00
270.00
256.00
242.50
218.50
218.50
259.50
245.00
256.00
255.50
248.50
232.00
246.00
247.50
226.50
249.00
260.50
242.50
236.50
263.00
252.50
238.50
260.00
267.00
261.00
248.50
253.50
240.50
263.00
241.00
246.50
254.00
243.50
247.00
240.00
232.00
252.50
235.50
232.00
254.00
258.00
240.00
264.00
246.50
260.00
261.50
256.00
256.00
253.50
250.50
232.00
240.00
249.50
254.50
254.50
242.00
259.00
244.50
240.00
259.00
257.00
236.00
248.00
253.50
232.50
241.50
248.50
229.50
261.00
216.50
269.00
240.00
248.00
264.00
255.00
