19.45
174.33
205.00
200.00
194.00
173.00
219.00
198.00
210.00
195.00
190.00
214.00
203.00
175.00
174.00
217.00
190.00
192.00
188.00
191.00
171.00
187.50
186.50
202.00
181.00
185.00
206.00
173.00
172.00
193.00
202.00
196.50
194.00
219.00
187.00
187.50
191.00
165.00
191.00
197.00
166.00
185.00
177.00
168.00
167.50
156.50
157.00
143.00
162.00
159.00
141.00
137.00
158.00
148.00
139.00
158.50
150.50
143.50
140.50
171.00
130.00
144.00
131.00
160.00
139.00
129.00
148.00
142.50
149.50
125.00
162.00
124.00
148.00
141.00
143.00
133.00
146.00
144.00
140.50
147.50
130.00
133.00
142.00
147.00
135.50
156.50
138.00
139.00
149.00
135.00
140.00
156.00
139.00
128.00
152.00
124.50
149.50
130.00
155.50
124.50
143.50
129.50
156.00
125.00
143.00
129.00
141.00
146.50
143.50
138.00
135.00
142.00
142.00
142.50
149.50
148.00
161.00
142.00
135.00
150.00
156.00
138.00
153.50
126.50
138.50
129.50
139.00
147.00
150.50
131.50
152.00
145.00
134.50
143.50
148.00
144.00
138.00
133.50
157.00
146.50
125.00
132.00
166.00
132.00
133.66
146.00
118.50
144.50
143.00
140.50
148.50
138.50
138.50
144.00
144.00
143.00
128.00
142.00
146.00
140.00
149.00
146.00
141.00
141.00
145.00
139.00
130.00
157.00
145.00
146.00
137.00
138.00
128.50
128.50
142.00
141.00
119.00
137.00
141.50
142.00
138.50
136.00
138.50
137.50
143.00
135.00
148.00
156.00
149.00
117.50
127.00
146.50
124.00
137.00
130.00
148.00
139.00
135.00
143.00
152.50
134.50
149.00
143.00
133.00
122.00
151.00
134.00
154.50
135.50
160.00
138.50
129.50
138.00
144.00
142.00
150.50
172.50
115.50
143.00
135.50
147.00
135.50
139.50
139.00
137.00
129.00
145.00
133.00
122.00
148.00
139.00
150.00
135.00
135.50
139.50
144.00
139.00
167.00
137.50
134.50
121.00
143.00
138.00
147.00
142.50
142.50
136.00
131.00
131.00
138.50
147.50
143.00
138.00
142.00
145.50
154.50
129.00
138.00
136.00
150.00
123.00
122.00
134.00
125.00
155.50
161.50
135.00
120.00
152.00
128.00
131.00
142.50
141.50
142.00
154.00
132.00
148.00
134.00
146.00
151.00
147.00
141.00
145.00
135.50
108.50
145.00
140.00
128.00
139.00
146.50
138.50
156.50
130.50
153.00
146.00
132.00
139.50
138.50
140.00
142.00
137.00
132.00
144.00
153.50
144.50
144.00
148.00
141.00
148.00
134.00
142.00
130.50
136.00
141.50
137.00
132.50
134.00
133.50
138.00
156.00
133.00
138.00
143.00
153.50
151.00
137.13
125.00
142.50
126.50
145.00
150.50
136.00
144.50
112.00
136.00
138.00
137.00
131.50
151.50
129.00
139.00
135.00
136.50
152.50
136.00
144.00
153.00
127.00
157.50
141.50
144.00
150.00
112.00
153.00
135.00
141.00
149.00
124.00
147.50
132.50
132.00
148.00
136.00
137.50
149.50
143.00
138.50
144.50
136.00
128.00
144.00
142.00
159.00
146.50
144.50
142.00
159.50
129.50
142.00
145.00
121.00
132.00
164.00
150.00
118.50
129.50
155.50
144.50
114.50
127.50
129.50
124.50
138.50
124.50
169.00
140.00
155.00
126.00
139.00
136.50
127.50
113.00
149.00
131.00
140.00
146.00
144.00
144.00
130.00
149.00
143.00
134.00
134.00
138.00
136.00
135.50
160.50
135.00
132.00
133.00
134.00
144.00
158.00
145.00
160.00
140.00
145.00
133.00
140.50
137.00
142.50
119.50
124.50
124.00
139.00
138.00
133.00
122.00
139.00
132.00
127.50
154.50
137.00
143.00
152.00
148.00
143.00
130.00
122.00
136.50
145.50
152.50
125.50
133.00
145.00
130.00
128.00
126.00
143.00
144.50
137.50
127.00
140.00
131.50
143.50
150.00
133.00
142.00
132.00
125.00
134.00
153.00
126.00
132.00
150.00
156.00
133.00
141.00
136.00
146.00
138.00
130.00
161.50
135.00
132.50
134.00
147.00
131.50
137.50
141.00
130.00
135.00
143.00
148.00
128.00
122.00
148.00
112.00
152.00
142.50
149.00
122.50
139.00
133.00
129.50
145.05
135.00
143.00
133.00
133.00
135.50
143.00
132.50
131.00
131.50
152.50
139.00
145.00
143.00
149.50
143.50
131.00
129.00
140.00
119.00
159.50
133.50
146.50
157.50
158.00
139.00
141.00
128.00
135.50
127.50
133.00
130.00
140.00
155.00
135.00
151.00
148.00
125.00
131.50
153.50
122.50
150.50
135.00
132.00
164.00
128.50
138.50
134.00
130.50
139.50
146.00
140.00
145.50
123.50
139.00
124.00
151.00
137.00
125.00
145.00
138.50
130.50
135.00
115.00
157.00
122.00
137.00
124.00
140.00
138.00
136.00
149.00
129.50
143.50
148.00
161.00
124.00
138.00
138.00
138.00
147.50
143.00
143.50
122.50
132.50
133.00
135.00
133.50
142.50
121.00
146.00
144.00
142.00
133.00
156.00
130.00
127.00
158.00
138.00
139.00
129.00
140.00
128.00
140.00
143.00
147.00
129.00
140.00
121.00
127.50
133.00
131.50
144.00
136.00
149.00
149.00
144.00
136.00
150.00
140.00
138.50
144.50
129.50
132.50
152.50
120.00
129.00
147.50
128.00
146.00
143.50
143.50
128.00
141.00
144.00
134.00
125.00
145.00
141.50
147.00
147.00
137.00
135.00
144.50
146.00
133.00
148.00
132.00
137.00
136.00
115.00
128.00
142.00
122.00
134.00
132.00
128.00
140.50
139.50
160.00
145.00
137.00
132.00
116.00
143.00
130.00
135.00
132.00
133.50
134.50
155.00
129.50
158.50
141.00
139.50
118.50
147.00
132.00
141.00
144.00
150.50
130.50
134.00
126.00
158.00
139.60
126.00
134.50
136.50
142.50
125.50
141.00
130.00
139.50
133.50
147.50
141.00
149.00
159.00
151.00
136.50
120.00
135.00
146.50
142.50
125.50
128.50
147.00
146.00
128.00
150.00
149.00
130.50
150.50
131.00
154.00
146.00
126.00
122.00
144.50
139.00
149.50
143.00
139.00
119.00
143.50
133.50
139.00
149.00
145.00
112.00
127.00
129.00
137.00
132.00
142.00
132.00
140.00
120.00
154.00
123.00
144.00
146.00
146.50
125.50
148.00
128.00
135.50
144.50
128.50
143.00
144.50
150.00
144.00
142.00
147.50
133.50
145.00
146.00
137.00
130.50
142.50
135.00
132.50
141.50
125.00
137.00
150.00
130.50
126.50
140.00
126.00
136.00
137.00
139.00
141.00
132.50
134.50
148.00
129.00
157.50
142.50
151.00
123.00
142.00
139.00
137.00
130.00
132.00
160.00
121.00
133.00
129.00
137.00
147.00
146.00
131.00
126.00
139.00
156.00
139.00
145.00
130.00
146.50
128.50
145.00
153.50
143.50
128.00
133.50
143.50
159.00
125.00
146.00
161.00
140.50
130.50
129.50
150.50
141.00
139.00
122.00
133.50
134.50
150.00
