read_job: (g=0): rw=read, bs=1M-1M/1M-1M/1M-1M, ioengine=libaio, iodepth=1
fio-2.1.10
Starting 1 process

read_job: (groupid=0, jobs=1): err= 0: pid=5240: Wed Sep 30 21:35:17 2015
  read : io=235520MB, bw=490617KB/s, iops=479, runt=491570msec
    slat (usec): min=32, max=394, avg=159.85, stdev=10.33
    clat (usec): min=1834, max=3760, avg=1919.90, stdev=10.49
     lat (usec): min=1903, max=4158, avg=2080.48, stdev=16.41
    clat percentiles (usec):
     |  1.00th=[ 1880],  5.00th=[ 1896], 10.00th=[ 1912], 20.00th=[ 1928],
     | 30.00th=[ 1928], 40.00th=[ 1928], 50.00th=[ 1928], 60.00th=[ 1928],
     | 70.00th=[ 1928], 80.00th=[ 1928], 90.00th=[ 1928], 95.00th=[ 1928],
     | 99.00th=[ 1928], 99.50th=[ 1928], 99.90th=[ 1944], 99.95th=[ 1960],
     | 99.99th=[ 1960]
    bw (KB  /s): min=487424, max=513021, per=100.00%, avg=491116.88, stdev=1394.64
    lat (msec) : 2=100.00%, 4=0.01%
  cpu          : usr=0.70%, sys=8.62%, ctx=245261, majf=0, minf=284
  IO depths    : 1=100.0%, 2=0.0%, 4=0.0%, 8=0.0%, 16=0.0%, 32=0.0%, >=64=0.0%
     submit    : 0=0.0%, 4=100.0%, 8=0.0%, 16=0.0%, 32=0.0%, 64=0.0%, >=64=0.0%
     complete  : 0=0.0%, 4=100.0%, 8=0.0%, 16=0.0%, 32=0.0%, 64=0.0%, >=64=0.0%
     issued    : total=r=235520/w=0/d=0, short=r=0/w=0/d=0
     latency   : target=0, window=0, percentile=100.00%, depth=1

Run status group 0 (all jobs):
   READ: io=235520MB, aggrb=490616KB/s, minb=490616KB/s, maxb=490616KB/s, mint=491570msec, maxt=491570msec

Disk stats (read/write):
  sda: ios=470942/0, merge=0/0, ticks=702576/0, in_queue=700988, util=94.97%
