rw_job: (g=0): rw=rw, bs=1M-1M/1M-1M/1M-1M, ioengine=libaio, iodepth=1
fio-2.1.10
Starting 1 process

rw_job: (groupid=0, jobs=1): err= 0: pid=5334: Wed Sep 30 22:25:25 2015
  read : io=117756MB, bw=254937KB/s, iops=248, runt=472988msec
    slat (usec): min=0, max=245, avg=157.22, stdev=12.68
    clat (usec): min=0, max=28089, avg=3896.73, stdev=2172.89
     lat (usec): min=0, max=28247, avg=4054.22, stdev=2173.63
    clat percentiles (usec):
     |  1.00th=[ 1928],  5.00th=[ 1944], 10.00th=[ 1992], 20.00th=[ 2024],
     | 30.00th=[ 2800], 40.00th=[ 3312], 50.00th=[ 3664], 60.00th=[ 3888],
     | 70.00th=[ 4080], 80.00th=[ 4320], 90.00th=[ 6816], 95.00th=[ 8512],
     | 99.00th=[12992], 99.50th=[13888], 99.90th=[18048], 99.95th=[18560],
     | 99.99th=[20352]
    bw (KB  /s): min=104239, max=239137, per=58.22%, avg=148424.16, stdev=22306.74
  write: io=117764MB, bw=254954KB/s, iops=248, runt=472988msec
    slat (usec): min=0, max=259, avg=192.17, stdev=20.48
    clat (usec): min=0, max=14705, avg=2770.87, stdev=951.81
     lat (usec): min=0, max=14905, avg=2963.35, stdev=953.14
    clat percentiles (usec):
     |  1.00th=[ 2008],  5.00th=[ 2040], 10.00th=[ 2040], 20.00th=[ 2040],
     | 30.00th=[ 2352], 40.00th=[ 2384], 50.00th=[ 2416], 60.00th=[ 2672],
     | 70.00th=[ 2704], 80.00th=[ 2928], 90.00th=[ 4256], 95.00th=[ 4896],
     | 99.00th=[ 5984], 99.50th=[ 6688], 99.90th=[ 8640], 99.95th=[ 9536],
     | 99.99th=[12480]
    bw (KB  /s): min=110371, max=239616, per=58.12%, avg=148182.91, stdev=19280.04
    lat (usec) : 2=0.14%
    lat (msec) : 2=6.23%, 4=70.59%, 10=21.94%, 20=1.09%, 50=0.01%
  cpu          : usr=2.62%, sys=7.83%, ctx=245962, majf=0, minf=27
  IO depths    : 1=100.0%, 2=0.0%, 4=0.0%, 8=0.0%, 16=0.0%, 32=0.0%, >=64=0.0%
     submit    : 0=0.0%, 4=100.0%, 8=0.0%, 16=0.0%, 32=0.0%, 64=0.0%, >=64=0.0%
     complete  : 0=0.0%, 4=100.0%, 8=0.0%, 16=0.0%, 32=0.0%, 64=0.0%, >=64=0.0%
     issued    : total=r=117756/w=117764/d=0, short=r=0/w=0/d=0
     latency   : target=0, window=0, percentile=100.00%, depth=1

Run status group 0 (all jobs):
   READ: io=117756MB, aggrb=254937KB/s, minb=254937KB/s, maxb=254937KB/s, mint=472988msec, maxt=472988msec
  WRITE: io=117764MB, aggrb=254954KB/s, minb=254954KB/s, maxb=254954KB/s, mint=472988msec, maxt=472988msec

Disk stats (read/write):
  sda: ios=235550/235476, merge=0/0, ticks=795264/493620, in_queue=1287324, util=100.00%
