17.78
336.50
237.50
226.50
216.50
205.50
219.50
203.50
200.50
209.00
210.00
211.00
199.00
190.00
202.50
221.50
208.50
215.00
204.50
198.50
208.50
204.50
209.00
221.00
210.00
208.00
209.00
198.50
206.50
199.50
204.00
213.37
201.00
210.00
210.00
209.00
213.00
211.00
201.00
202.00
210.00
203.00
204.00
201.00
202.50
203.50
206.50
200.50
201.50
202.50
201.00
206.50
202.50
203.00
202.00
216.50
221.00
211.50
206.50
203.00
195.00
204.50
205.00
194.50
200.00
212.50
222.50
215.50
202.50
196.00
197.00
212.50
203.00
209.50
209.00
208.00
205.50
199.00
194.50
189.00
207.50
205.00
206.50
201.00
201.50
209.50
208.00
207.00
198.50
199.00
201.50
208.50
206.50
203.50
204.00
214.00
206.50
199.00
195.50
188.50
201.50
199.50
198.00
194.00
199.00
203.50
185.00
190.00
193.00
194.00
191.50
187.50
199.50
201.50
199.50
193.00
193.50
190.00
198.50
186.00
193.00
207.50
198.00
190.00
182.00
196.50
184.50
183.00
190.00
195.50
197.00
183.00
182.50
200.50
180.50
184.00
182.50
186.00
186.00
197.00
197.00
211.00
203.50
189.50
190.50
202.00
180.50
185.00
192.50
204.00
202.00
187.00
195.50
186.50
180.50
185.00
210.00
205.50
234.00
207.00
189.50
186.50
194.00
187.00
194.00
199.50
196.00
195.50
204.50
214.50
215.50
202.00
198.50
178.00
183.00
200.50
190.00
192.50
217.50
200.00
203.50
185.50
185.00
197.50
199.50
178.00
172.50
185.50
202.50
200.50
190.50
197.50
199.00
202.00
191.50
185.00
190.50
180.50
174.50
183.00
178.50
179.50
183.50
195.50
196.00
203.00
193.50
225.50
198.00
179.50
173.00
186.50
190.50
195.00
189.60
178.50
193.50
182.50
185.50
193.50
186.00
213.50
197.50
209.50
187.50
183.50
203.00
208.50
188.50
186.50
190.00
192.50
186.50
180.50
182.00
179.00
201.50
203.50
202.50
203.50
198.00
205.50
212.50
197.50
186.00
193.00
195.50
196.00
195.00
223.50
208.50
212.00
197.00
198.50
190.00
187.50
190.50
193.50
193.00
189.50
178.50
184.50
191.00
185.50
200.50
194.50
206.00
211.00
210.00
211.50
195.00
191.00
190.50
173.50
183.00
181.50
201.00
195.50
207.00
226.50
250.50
192.00
200.00
188.00
196.00
191.50
213.50
196.00
205.50
197.00
189.50
189.50
195.00
191.00
197.50
188.00
199.50
213.50
189.50
202.00
210.50
214.00
216.50
215.50
201.00
188.00
199.50
213.00
216.00
208.00
210.00
200.00
209.00
196.00
198.50
191.00
199.00
214.50
193.50
192.00
197.50
197.50
195.50
203.50
208.50
208.50
201.00
198.50
200.50
203.50
211.00
240.00
221.50
241.50
216.50
198.00
196.50
206.50
222.50
228.50
221.50
232.00
223.00
225.00
223.50
220.50
199.50
194.50
204.50
213.00
211.00
224.50
222.50
200.00
203.50
203.00
220.50
220.50
205.00
213.00
212.50
219.50
229.50
223.00
223.50
217.00
217.00
213.50
202.50
201.00
199.00
203.00
216.50
207.50
208.00
254.00
230.00
223.00
226.00
232.00
218.00
223.00
210.50
224.50
228.00
226.50
243.00
254.00
253.00
263.50
259.00
255.00
238.00
216.00
237.50
257.00
230.50
248.00
253.00
261.50
250.00
263.00
303.00
283.17
286.00
240.00
240.00
226.00
221.50
232.50
239.50
245.00
250.00
271.50
294.50
278.50
258.50
294.50
261.50
257.00
253.00
242.50
262.00
269.50
266.50
266.50
248.50
282.50
269.00
247.50
288.50
292.00
252.50
237.50
241.00
248.00
263.50
253.00
247.50
245.00
276.00
285.50
278.00
304.50
300.50
266.50
271.00
276.50
276.00
268.50
274.50
265.00
270.50
271.00
269.50
278.00
303.00
275.00
251.50
249.50
256.00
259.50
278.00
264.50
277.50
274.50
295.50
285.00
274.50
266.00
299.50
312.50
313.00
317.00
317.00
346.00
304.00
335.50
319.00
338.00
280.00
310.00
313.00
322.50
327.50
258.50
274.00
304.50
295.50
335.00
320.50
305.00
313.50
324.50
347.00
307.50
359.50
387.00
328.50
391.50
395.50
344.50
347.50
367.50
324.00
336.00
310.50
290.50
308.00
313.00
283.50
300.50
297.00
286.50
298.50
317.00
346.50
319.00
371.50
360.00
356.00
365.50
414.00
398.00
436.00
427.00
405.50
413.00
375.50
333.00
349.00
354.00
393.50
359.00
338.00
369.00
365.00
363.00
423.00
400.00
441.50
427.00
443.00
441.00
434.00
425.00
436.50
420.00
399.00
404.00
393.00
426.00
441.50
394.00
441.50
413.50
434.50
447.00
413.50
412.50
435.00
429.50
420.50
414.00
416.00
427.50
425.00
416.50
427.50
367.50
381.00
414.00
413.00
442.50
443.50
420.00
434.00
419.00
419.50
442.00
437.50
436.00
444.00
438.50
415.00
428.00
427.00
419.50
440.50
438.00
432.67
435.00
427.00
435.50
427.00
438.50
430.50
436.00
404.00
405.00
386.00
422.50
434.50
440.00
445.00
444.50
438.00
436.00
444.00
440.50
446.50
446.50
420.00
427.50
420.00
437.50
416.50
436.50
433.50
433.50
443.50
444.00
443.50
444.00
442.50
439.50
444.00
437.00
438.50
438.50
443.50
445.50
441.00
443.00
445.00
445.50
445.50
447.50
440.00
444.50
447.00
446.50
447.50
446.50
447.50
447.50
447.50
447.50
446.50
446.50
446.50
446.50
442.50
445.50
443.50
445.50
445.00
447.50
447.00
446.50
443.00
436.00
445.00
440.00
442.50
442.00
446.50
444.00
441.00
447.00
446.50
447.00
451.00
447.00
446.50
443.50
447.00
449.00
446.50
446.50
447.50
446.50
449.50
446.50
448.00
446.00
447.00
447.00
447.50
446.50
447.00
447.00
448.00
446.50
446.50
447.00
447.00
447.00
447.00
443.00
447.00
447.00
451.00
447.00
446.50
447.50
446.50
447.50
447.50
447.00
446.00
446.50
447.00
447.00
447.00
447.50
447.00
447.50
446.50
447.50
446.50
446.50
453.00
447.00
447.50
447.50
447.00
451.00
447.00
448.00
446.50
447.50
447.00
446.50
447.50
447.00
448.00
450.00
447.50
447.50
447.50
447.00
447.00
447.00
447.50
447.00
447.00
449.50
447.50
447.00
447.00
447.00
449.50
447.00
447.00
447.50
446.50
453.00
447.00
446.50
447.00
446.50
450.50
447.00
447.50
447.00
447.00
447.00
447.50
447.00
447.00
447.00
447.00
447.00
447.00
442.57
447.00
447.50
446.50
447.50
447.00
447.00
449.50
447.50
447.00
446.50
447.00
447.50
448.00
447.00
447.00
447.00
452.00
447.50
