18.21
390.00
478.50
479.50
478.50
478.50
478.50
479.00
473.76
479.00
478.50
479.50
478.50
479.00
479.50
479.00
478.00
478.50
478.50
478.00
478.00
479.00
480.00
478.50
478.50
479.50
479.00
479.00
478.50
479.00
478.50
478.50
479.00
479.50
479.00
479.00
478.50
479.00
478.50
478.50
479.00
479.00
479.00
478.50
478.50
479.50
478.00
479.00
478.50
478.50
478.50
479.00
478.50
479.00
478.50
479.00
478.50
479.00
479.00
478.50
478.50
478.00
483.50
478.50
478.50
479.00
478.00
478.50
478.50
479.00
478.50
478.50
478.50
478.50
479.00
479.00
478.50
480.00
478.50
479.00
479.00
479.00
479.00
478.50
478.50
479.00
478.50
479.00
478.50
479.50
479.50
478.50
478.50
479.00
479.00
479.00
478.50
478.50
478.50
478.50
479.00
478.50
479.00
479.00
478.50
479.00
478.00
480.00
478.00
479.00
478.50
479.00
479.00
479.00
479.00
478.50
478.50
479.50
478.50
479.50
478.50
478.50
478.50
479.50
478.50
479.00
478.50
479.00
479.00
479.00
478.50
479.50
479.00
479.00
478.50
479.50
478.50
479.50
479.50
478.50
478.50
478.50
479.00
479.00
478.50
479.00
479.00
479.50
479.00
479.00
479.00
479.00
478.50
479.50
479.00
478.50
479.00
479.00
479.00
479.00
478.50
479.50
479.50
479.00
479.00
480.00
478.50
487.00
478.50
479.00
479.00
479.50
479.00
479.50
479.00
478.50
478.50
480.50
478.50
480.00
478.50
478.50
483.00
479.00
478.50
478.50
473.76
479.50
478.50
479.00
478.50
479.00
478.50
479.00
478.50
479.00
479.00
479.50
479.00
478.50
478.00
478.50
479.00
478.50
479.00
478.50
478.50
480.50
479.00
479.00
478.50
478.50
481.50
478.50
478.50
479.00
479.00
479.50
478.50
479.50
478.50
479.00
478.50
479.00
479.00
479.00
478.50
479.50
478.50
478.50
479.00
479.50
479.00
479.00
479.00
478.50
478.50
489.50
479.00
479.00
478.50
479.00
483.00
479.00
479.00
478.50
479.00
479.50
478.50
478.50
479.00
479.00
489.00
478.50
478.50
479.50
478.50
479.50
478.50
479.00
478.50
478.50
483.00
479.00
478.50
479.00
478.50
481.50
478.50
479.50
478.50
479.00
479.00
478.50
479.50
479.00
478.50
479.00
479.00
479.50
479.00
479.50
479.50
479.00
478.50
479.50
479.00
479.00
478.00
478.50
478.50
479.00
478.50
478.50
479.00
478.50
478.50
479.50
479.00
479.50
478.50
479.00
479.00
479.00
479.00
479.00
478.50
480.00
478.50
479.00
478.50
479.00
479.00
478.50
478.50
479.00
478.50
479.50
478.50
479.50
478.50
479.00
479.00
479.00
478.50
478.50
479.00
479.50
478.00
479.50
478.50
478.50
482.00
478.50
478.50
479.00
478.50
479.00
479.00
479.00
478.50
479.00
479.50
478.50
478.50
479.00
478.00
479.50
478.50
478.50
478.50
479.00
478.50
478.50
479.00
479.00
478.50
478.50
479.00
479.50
478.50
479.50
478.50
478.50
479.00
479.00
479.00
479.00
478.00
474.26
479.00
479.50
478.50
479.00
479.00
479.00
479.00
479.00
479.50
479.00
479.00
479.00
479.50
478.50
478.00
479.00
479.00
479.50
479.00
480.00
478.50
479.00
478.50
479.00
479.00
479.00
478.50
479.50
478.50
479.00
479.00
479.00
479.50
479.50
479.00
478.50
478.50
480.00
478.50
479.00
479.00
479.50
479.00
479.00
479.00
479.00
479.00
479.50
479.00
480.00
479.00
479.50
480.50
480.00
479.00
480.00
478.50
478.50
478.50
478.00
479.00
479.50
479.50
479.00
478.50
479.50
479.00
479.00
479.00
479.50
479.00
479.00
479.00
479.50
479.00
479.00
479.00
479.50
478.50
479.00
480.00
479.50
478.50
479.00
479.50
478.50
478.50
479.00
479.00
479.50
478.50
479.50
479.00
479.50
478.00
480.50
480.00
481.50
479.00
479.00
479.00
481.00
479.00
480.50
479.50
479.50
479.00
480.00
479.50
480.00
479.00
479.50
482.50
479.50
479.50
481.00
480.00
480.50
479.50
480.00
479.50
481.50
