19.94
230.33
261.00
254.00
236.00
271.50
246.00
237.50
240.50
255.00
258.00
219.50
269.00
238.50
252.50
248.00
217.50
246.00
248.50
240.50
249.00
245.00
227.50
254.50
248.00
253.00
277.00
239.50
253.50
223.50
260.00
233.00
251.00
258.00
255.50
248.00
258.50
259.50
240.50
251.50
263.00
259.00
236.50
261.50
239.50
247.50
236.50
240.00
260.00
248.50
236.50
247.00
235.00
253.00
254.50
232.00
248.00
246.50
263.50
239.50
246.50
248.50
247.50
242.00
241.00
257.50
219.00
237.50
249.50
238.50
239.00
264.50
239.00
248.00
262.00
268.50
253.50
256.50
264.50
249.50
239.50
242.00
249.00
231.50
266.50
247.00
252.00
256.00
259.50
244.00
248.50
233.50
257.50
236.00
240.00
265.00
242.50
253.00
248.50
256.00
248.00
254.50
255.00
249.50
245.50
259.50
248.50
241.00
244.00
228.00
227.50
247.00
248.50
253.47
245.00
255.00
267.00
231.00
242.00
234.50
255.00
250.00
252.00
249.00
263.50
227.00
253.50
254.50
276.00
245.00
240.00
258.00
274.00
246.00
250.00
247.50
259.00
230.50
244.50
231.50
256.00
251.00
232.00
255.50
273.50
241.00
234.00
246.00
259.50
241.00
241.00
250.50
252.50
250.50
262.00
236.50
252.00
227.00
237.50
259.00
254.50
243.00
233.00
245.50
249.50
261.50
248.00
253.50
271.50
249.00
223.50
249.00
237.50
262.00
257.50
256.00
258.00
246.50
251.00
251.50
243.00
259.00
269.00
255.50
254.00
249.50
243.00
254.50
229.00
253.00
261.00
240.50
272.50
255.50
255.50
240.00
264.00
242.00
231.50
246.00
252.50
244.50
232.00
264.50
251.50
246.00
250.50
251.50
246.00
263.50
250.50
237.50
250.50
248.00
262.00
255.50
264.50
240.00
251.00
265.00
281.50
251.50
254.50
260.00
236.50
266.00
228.50
261.00
234.50
226.50
237.50
234.00
267.50
259.50
244.00
223.00
227.50
255.00
252.50
257.00
262.50
246.00
245.00
247.00
263.00
245.00
242.00
269.50
267.00
264.00
234.50
258.50
244.00
227.00
244.50
232.50
239.50
233.00
258.50
262.50
257.50
262.50
240.00
258.00
243.50
248.50
237.50
243.50
249.00
231.50
255.00
252.00
238.50
226.50
252.00
236.50
254.00
261.00
241.50
258.00
253.00
258.00
236.50
257.50
235.50
235.00
249.00
252.00
240.50
228.50
251.50
244.00
242.00
234.00
259.50
242.00
238.50
245.50
244.00
260.50
251.50
261.50
249.50
237.50
230.00
254.50
263.00
267.00
262.50
227.50
238.00
241.00
253.00
253.50
254.00
260.50
250.50
244.50
263.50
246.00
244.50
239.50
267.00
242.00
246.50
246.50
238.00
255.50
233.50
239.50
236.00
240.50
248.50
260.00
243.00
275.00
248.50
249.00
266.50
263.50
236.50
237.00
245.00
222.00
268.00
254.00
269.50
250.00
251.00
251.50
223.50
256.50
256.00
242.00
242.50
243.00
249.00
267.00
260.50
253.50
254.00
254.00
250.50
234.50
236.50
253.50
256.00
236.50
256.00
239.50
250.00
264.00
243.50
271.00
246.00
255.50
242.50
210.00
242.00
224.00
239.00
244.00
275.74
243.00
228.00
245.00
238.00
244.50
246.50
267.00
256.50
252.00
250.50
259.00
249.50
232.00
266.00
237.50
234.50
247.50
231.00
241.50
262.00
264.50
281.00
229.50
260.50
241.50
246.00
245.00
257.00
261.00
252.50
266.50
246.00
237.50
262.00
263.50
233.00
249.00
254.00
234.00
230.00
235.50
244.50
240.50
253.50
231.00
260.00
256.50
237.50
253.00
255.50
255.50
267.50
251.00
250.50
270.50
242.50
234.50
259.00
234.00
254.50
241.50
235.50
239.00
251.50
240.50
250.50
266.00
255.50
250.00
248.50
239.00
264.50
238.00
242.00
256.50
242.00
232.50
268.50
251.50
247.00
264.50
257.00
251.00
272.00
237.00
278.00
234.00
257.00
251.50
232.50
245.50
