19.16
172.00
218.50
215.50
241.00
223.00
224.00
214.00
254.50
240.50
228.00
254.50
247.00
226.00
238.50
235.00
237.00
262.50
239.50
238.00
247.50
244.00
232.50
256.00
226.00
239.50
228.50
225.50
231.00
245.50
252.00
240.00
228.00
248.50
237.50
237.50
230.50
239.00
226.00
223.00
252.00
229.00
235.50
221.50
247.00
216.50
250.50
249.00
237.00
248.50
232.00
246.50
242.00
234.50
242.50
250.50
235.50
231.00
248.00
239.00
229.00
239.00
249.00
230.00
237.00
240.50
243.50
241.00
244.00
256.00
245.00
230.00
256.00
237.50
236.50
235.00
237.00
242.00
219.00
220.00
230.69
227.50
234.50
235.50
242.50
245.00
222.00
249.50
233.50
234.00
234.00
232.00
226.00
241.00
245.50
248.00
243.00
235.50
252.00
223.00
243.00
235.50
226.00
247.00
228.00
244.50
227.00
227.50
238.00
238.50
225.00
239.00
252.00
234.00
255.00
249.00
240.50
243.00
232.50
240.00
237.00
216.00
238.00
265.00
251.50
245.00
217.50
242.00
236.50
237.50
231.00
251.00
237.00
229.00
215.00
239.00
239.00
233.00
214.00
254.00
234.50
233.50
230.00
245.00
243.00
253.00
240.00
229.00
257.00
233.00
216.00
231.00
252.50
246.50
239.50
227.50
243.00
246.00
231.00
238.00
233.00
222.00
246.00
232.00
247.00
258.00
243.50
220.50
250.00
236.00
244.00
244.00
221.50
236.50
233.00
242.00
225.00
233.50
267.50
228.00
250.50
233.50
224.00
223.00
225.00
242.50
238.50
243.50
232.50
230.00
227.50
221.50
229.00
237.00
234.00
230.50
249.50
241.00
246.50
243.50
232.00
218.50
228.00
236.50
249.00
223.00
249.50
259.00
248.00
226.50
246.00
237.00
235.00
230.50
229.50
247.00
223.00
225.00
239.00
245.00
226.00
230.00
250.00
229.00
241.50
226.50
222.00
243.00
238.50
226.00
212.50
244.50
218.50
229.00
248.00
231.00
242.00
236.00
222.50
269.50
250.00
255.00
227.00
228.00
228.00
248.00
272.00
238.00
232.00
240.50
233.50
230.69
243.00
242.00
242.00
217.00
242.00
245.00
226.50
226.50
216.00
237.00
248.00
235.00
258.00
251.00
242.00
245.00
244.50
250.50
226.00
228.50
234.00
229.00
250.50
233.50
238.50
223.00
248.00
249.00
232.00
252.00
233.00
232.00
233.00
238.50
256.50
239.00
252.00
225.00
234.00
234.00
235.50
238.50
228.50
242.00
232.00
254.00
241.50
258.00
216.50
257.50
247.00
235.00
233.00
248.00
243.00
231.50
242.00
244.50
234.50
242.50
255.00
227.00
232.50
228.50
239.00
251.00
249.00
236.00
231.00
215.00
231.50
254.00
243.50
253.00
240.00
234.00
225.00
231.00
223.00
239.00
254.00
224.00
229.50
253.50
238.50
219.50
248.00
246.00
239.00
237.00
236.00
240.00
260.50
237.50
247.00
240.50
230.00
245.50
220.00
222.50
236.00
235.00
228.50
224.00
244.00
248.00
240.00
259.00
227.00
233.50
229.50
257.00
212.00
243.00
247.00
242.00
226.00
241.00
254.50
241.50
236.00
249.00
220.00
232.00
231.50
222.50
235.00
235.00
257.00
244.00
228.00
233.50
247.50
229.00
253.00
230.00
230.00
239.00
237.00
234.50
221.50
246.50
258.50
249.00
256.00
259.00
243.00
242.00
213.00
237.00
256.00
241.00
242.00
251.00
228.00
237.00
221.00
244.00
236.50
236.50
222.00
249.00
253.50
230.00
245.00
240.50
241.00
247.00
243.50
229.50
217.50
208.50
249.00
226.00
251.49
247.50
218.00
244.00
225.50
232.00
236.00
227.00
247.00
246.00
218.00
238.00
235.00
248.00
230.00
240.50
260.50
248.00
238.50
239.00
234.50
255.00
232.00
233.00
226.00
238.50
241.50
235.00
214.00
229.00
236.50
222.50
243.00
235.00
248.00
229.50
243.50
234.00
249.50
248.50
241.50
240.00
239.50
250.00
217.00
225.00
236.00
230.50
251.50
236.50
233.00
242.00
234.50
241.00
245.50
234.50
228.00
243.00
237.00
220.00
230.00
245.00
215.00
244.00
212.00
248.00
243.50
226.50
253.50
238.50
232.50
