read_job: (g=0): rw=read, bs=1M-1M/1M-1M/1M-1M, ioengine=libaio, iodepth=16
fio-2.1.10
Starting 1 process

read_job: (groupid=0, jobs=1): err= 0: pid=5263: Wed Sep 30 21:49:48 2015
  read : io=235520MB, bw=554100KB/s, iops=541, runt=435251msec
    slat (usec): min=30, max=392, avg=151.87, stdev=13.03
    clat (usec): min=5228, max=55288, avg=29408.93, stdev=180.60
     lat (usec): min=5596, max=55442, avg=29561.55, stdev=178.65
    clat percentiles (usec):
     |  1.00th=[29312],  5.00th=[29312], 10.00th=[29312], 20.00th=[29312],
     | 30.00th=[29312], 40.00th=[29312], 50.00th=[29312], 60.00th=[29312],
     | 70.00th=[29312], 80.00th=[29312], 90.00th=[29312], 95.00th=[29568],
     | 99.00th=[29568], 99.50th=[29568], 99.90th=[29568], 99.95th=[29568],
     | 99.99th=[29824]
    bw (KB  /s): min=551856, max=555008, per=100.00%, avg=555001.82, stdev=119.32
    lat (msec) : 10=0.01%, 20=0.01%, 50=99.99%, 100=0.01%
  cpu          : usr=0.73%, sys=9.38%, ctx=245227, majf=0, minf=4124
  IO depths    : 1=0.1%, 2=0.1%, 4=0.1%, 8=0.1%, 16=100.0%, 32=0.0%, >=64=0.0%
     submit    : 0=0.0%, 4=100.0%, 8=0.0%, 16=0.0%, 32=0.0%, 64=0.0%, >=64=0.0%
     complete  : 0=0.0%, 4=100.0%, 8=0.0%, 16=0.1%, 32=0.0%, 64=0.0%, >=64=0.0%
     issued    : total=r=235520/w=0/d=0, short=r=0/w=0/d=0
     latency   : target=0, window=0, percentile=100.00%, depth=16

Run status group 0 (all jobs):
   READ: io=235520MB, aggrb=554099KB/s, minb=554099KB/s, maxb=554099KB/s, mint=435251msec, maxt=435251msec

Disk stats (read/write):
  sda: ios=470966/0, merge=0/0, ticks=13640776/0, in_queue=13639716, util=100.00%
