18.97
141.00
186.00
182.00
193.00
199.00
180.00
193.50
194.50
199.50
218.50
185.00
185.50
212.00
208.50
191.00
188.00
198.00
183.00
198.00
222.00
189.00
201.00
188.00
198.00
191.50
185.50
206.50
210.50
179.00
195.50
179.50
197.00
165.00
192.00
197.00
192.00
204.50
185.50
184.00
197.00
182.00
153.00
178.00
155.00
151.50
145.50
155.00
137.00
141.00
156.00
153.00
140.00
144.00
144.00
131.00
145.00
145.00
152.00
129.00
151.00
149.00
157.00
136.00
150.00
145.00
147.00
143.00
138.00
145.00
138.50
151.50
141.00
146.00
148.00
143.00
148.50
140.50
139.00
138.00
152.00
154.00
134.00
138.00
144.00
131.00
145.50
148.50
139.00
148.00
142.50
143.50
145.00
151.00
144.00
145.00
137.00
148.00
136.00
150.50
159.50
148.00
132.00
153.00
145.00
152.00
144.00
143.00
139.00
138.50
136.50
139.00
141.50
135.50
133.00
131.00
129.00
140.00
137.00
134.00
129.00
131.00
137.00
147.00
143.00
149.00
147.00
138.50
132.50
147.00
138.00
132.00
145.00
139.00
134.00
139.00
138.50
148.50
130.00
131.00
150.00
152.00
136.00
143.00
145.05
136.50
146.00
144.00
141.00
141.00
136.00
139.00
144.00
141.50
136.50
136.00
145.50
139.00
135.50
143.00
145.00
135.50
133.00
136.50
134.00
142.00
147.00
133.00
134.00
137.00
138.00
143.00
149.00
149.00
144.50
137.50
159.00
152.50
144.50
140.00
141.00
133.50
132.50
141.00
135.00
139.00
138.50
124.50
134.00
146.00
159.00
141.00
145.50
150.50
140.00
132.00
133.50
142.50
138.00
137.00
139.00
133.00
135.00
147.50
155.50
133.50
137.00
125.50
141.00
123.00
134.00
143.00
146.00
143.00
136.00
134.00
121.00
147.00
142.00
136.00
135.00
139.00
135.50
138.50
143.00
146.00
141.50
142.50
163.00
144.00
139.00
133.50
135.50
150.00
142.00
138.00
137.00
121.00
136.00
145.00
151.50
140.00
146.50
134.50
137.50
139.00
138.00
145.00
147.00
147.00
142.00
132.00
138.00
142.00
131.00
130.50
143.00
145.00
141.50
133.00
146.50
152.50
147.50
150.50
139.00
125.50
127.50
151.00
137.00
136.50
144.50
141.00
142.00
137.00
128.00
143.00
130.00
149.00
141.00
144.00
130.50
139.50
133.00
141.00
160.00
153.50
130.50
148.00
143.00
129.00
136.00
121.00
136.00
130.00
134.00
131.00
143.00
133.00
139.00
138.50
142.50
142.00
140.00
131.00
129.00
131.00
128.00
133.50
130.50
137.00
127.00
134.00
140.00
139.00
137.00
143.00
150.00
146.00
139.00
130.50
139.50
149.00
136.00
126.00
124.00
129.70
136.00
134.00
144.00
137.00
128.00
136.00
135.00
156.00
153.00
146.00
140.50
141.50
130.00
151.00
132.50
142.50
144.00
129.50
139.50
135.00
133.00
149.00
132.00
140.50
136.50
130.00
143.50
134.50
136.00
144.00
127.00
146.50
133.50
139.00
147.00
134.00
131.00
139.00
126.50
129.50
131.00
133.00
138.00
147.00
137.00
139.00
128.00
125.00
131.00
139.00
117.00
130.00
139.00
129.00
143.50
145.50
126.00
131.00
148.00
147.00
129.00
129.00
153.00
155.50
148.50
147.00
146.00
157.50
122.50
133.50
124.00
138.00
136.50
140.00
150.00
166.50
147.00
140.50
137.00
135.00
137.00
138.00
137.00
129.50
139.50
138.50
140.50
145.00
143.00
139.00
128.00
131.00
137.00
147.00
139.00
142.00
124.00
125.50
126.50
133.00
140.00
142.00
142.00
136.00
138.50
140.50
148.00
149.00
138.50
143.50
146.00
150.00
141.00
151.00
145.00
139.00
138.00
128.00
130.00
130.00
137.00
131.00
148.00
141.00
136.00
133.00
138.00
141.50
135.50
137.00
144.00
150.00
140.00
141.00
137.00
151.00
137.00
145.00
141.50
131.50
145.00
145.00
143.00
147.00
154.00
131.00
143.00
147.00
132.00
134.00
140.00
134.00
148.00
131.00
136.50
145.50
125.00
143.00
137.50
138.50
136.00
143.00
148.50
141.50
155.00
144.00
140.00
127.00
140.00
150.00
136.50
156.50
140.00
134.00
130.00
136.00
145.00
136.50
148.50
135.64
133.00
145.50
142.50
149.00
140.00
136.00
149.50
142.50
146.00
132.00
136.00
133.00
131.50
129.50
140.00
149.00
152.50
140.50
151.50
138.50
150.50
137.50
125.00
124.50
133.50
137.00
150.00
146.00
144.00
141.00
149.00
142.00
140.00
143.00
136.50
131.00
132.50
135.00
128.00
139.00
132.00
135.50
152.00
122.50
136.00
136.50
141.50
137.00
138.00
138.50
133.50
127.00
154.00
135.00
142.00
130.00
141.00
151.50
139.50
136.00
141.00
142.00
154.00
147.00
139.00
140.00
144.00
140.00
138.00
134.00
130.00
146.00
139.00
128.00
116.00
145.00
132.00
137.00
134.00
131.00
131.00
129.00
142.00
142.50
138.50
147.00
140.00
134.00
149.00
144.00
130.00
127.50
136.50
124.00
142.50
142.50
133.00
128.00
140.00
145.00
144.00
150.00
138.50
136.50
127.50
140.00
129.50
140.00
147.00
143.00
147.00
140.50
132.50
137.50
125.50
126.00
141.00
128.00
135.00
130.00
136.50
132.50
139.00
135.00
140.00
144.00
140.50
149.50
130.50
139.50
135.00
139.00
144.00
138.50
141.00
142.00
142.00
136.50
137.00
134.00
138.00
147.00
127.00
132.50
136.50
129.00
129.00
142.00
139.00
152.00
153.50
147.50
154.00
165.50
144.00
150.50
141.00
145.50
123.50
125.00
132.50
137.50
155.00
144.00
148.00
149.00
145.00
145.00
141.00
132.00
144.00
124.50
129.50
131.00
146.00
127.00
142.50
141.00
132.50
129.00
141.00
146.00
153.00
136.00
132.18
147.00
144.50
146.00
140.00
147.00
145.00
149.00
144.00
144.00
137.00
130.00
124.00
119.00
119.00
128.50
149.50
135.00
131.00
135.00
156.00
151.00
129.00
130.50
145.50
129.00
125.00
137.00
129.50
140.00
131.50
129.00
137.50
145.50
145.00
137.00
129.00
128.50
130.00
145.50
138.00
143.00
137.00
139.00
137.00
146.50
149.00
146.50
141.50
145.50
136.50
148.50
137.00
149.00
128.50
148.50
143.50
138.50
128.00
134.00
132.50
146.50
143.00
131.00
139.00
134.00
131.00
127.00
128.00
133.50
132.50
142.00
129.00
127.00
134.50
145.50
139.50
138.50
138.00
138.00
141.50
140.50
126.00
141.00
146.00
148.00
152.00
142.00
145.00
139.00
142.50
137.50
147.50
139.50
143.00
124.00
127.00
129.00
141.00
138.00
138.00
134.00
147.00
143.50
130.50
139.00
141.00
139.00
137.00
130.00
132.00
147.00
150.00
144.50
136.50
130.00
131.00
146.00
130.00
140.00
133.00
120.00
127.00
145.00
147.00
133.00
119.00
145.50
137.50
124.50
124.50
147.00
149.00
138.00
129.50
134.50
148.50
145.50
139.00
134.00
