write_job: (g=0): rw=write, bs=1M-1M/1M-1M/1M-1M, ioengine=libaio, iodepth=1
fio-2.1.10
Starting 1 process

write_job: (groupid=0, jobs=1): err= 0: pid=5078: Wed Sep 30 20:48:25 2015
  write: io=235520MB, bw=304122KB/s, iops=296, runt=793013msec
    slat (usec): min=36, max=271, avg=190.68, stdev=20.49
    clat (msec): min=1, max=21, avg= 3.17, stdev= 1.45
     lat (msec): min=2, max=21, avg= 3.36, stdev= 1.45
    clat percentiles (usec):
     |  1.00th=[ 2008],  5.00th=[ 2040], 10.00th=[ 2040], 20.00th=[ 2040],
     | 30.00th=[ 2040], 40.00th=[ 2040], 50.00th=[ 2384], 60.00th=[ 3120],
     | 70.00th=[ 3920], 80.00th=[ 4512], 90.00th=[ 5216], 95.00th=[ 5792],
     | 99.00th=[ 7264], 99.50th=[ 8256], 99.90th=[10560], 99.95th=[11712],
     | 99.99th=[15424]
    bw (KB  /s): min=171346, max=470099, per=100.00%, avg=304463.00, stdev=110847.44
    lat (msec) : 2=0.38%, 4=70.93%, 10=28.52%, 20=0.17%, 50=0.01%
  cpu          : usr=2.57%, sys=4.15%, ctx=246754, majf=0, minf=27
  IO depths    : 1=100.0%, 2=0.0%, 4=0.0%, 8=0.0%, 16=0.0%, 32=0.0%, >=64=0.0%
     submit    : 0=0.0%, 4=100.0%, 8=0.0%, 16=0.0%, 32=0.0%, 64=0.0%, >=64=0.0%
     complete  : 0=0.0%, 4=100.0%, 8=0.0%, 16=0.0%, 32=0.0%, 64=0.0%, >=64=0.0%
     issued    : total=r=0/w=235520/d=0, short=r=0/w=0/d=0
     latency   : target=0, window=0, percentile=100.00%, depth=1

Run status group 0 (all jobs):
  WRITE: io=235520MB, aggrb=304121KB/s, minb=304121KB/s, maxb=304121KB/s, mint=793013msec, maxt=793013msec

Disk stats (read/write):
  sda: ios=84/470950, merge=0/0, ticks=4/1117780, in_queue=1116176, util=95.09%
