read_job: (g=0): rw=read, bs=1M-1M/1M-1M/1M-1M, ioengine=libaio, iodepth=128
fio-2.1.10
Starting 1 process

read_job: (groupid=0, jobs=1): err= 0: pid=5299: Wed Sep 30 22:11:35 2015
  read : io=235520MB, bw=554098KB/s, iops=541, runt=435252msec
    slat (usec): min=23, max=29477, avg=1846.94, stdev=7051.24
    clat (msec): min=112, max=360, avg=234.68, stdev= 7.37
     lat (msec): min=112, max=360, avg=236.53, stdev= 2.18
    clat percentiles (msec):
     |  1.00th=[  208],  5.00th=[  208], 10.00th=[  237], 20.00th=[  237],
     | 30.00th=[  237], 40.00th=[  237], 50.00th=[  237], 60.00th=[  237],
     | 70.00th=[  237], 80.00th=[  237], 90.00th=[  237], 95.00th=[  237],
     | 99.00th=[  237], 99.50th=[  237], 99.90th=[  237], 99.95th=[  237],
     | 99.99th=[  330]
    bw (KB  /s): min=430545, max=554836, per=100.00%, avg=554691.04, stdev=4226.14
    lat (msec) : 250=99.97%, 500=0.03%
  cpu          : usr=0.03%, sys=1.46%, ctx=16353, majf=0, minf=32797
  IO depths    : 1=0.1%, 2=0.1%, 4=0.1%, 8=0.1%, 16=0.1%, 32=0.1%, >=64=100.0%
     submit    : 0=0.0%, 4=100.0%, 8=0.0%, 16=0.0%, 32=0.0%, 64=0.0%, >=64=0.0%
     complete  : 0=0.0%, 4=100.0%, 8=0.0%, 16=0.0%, 32=0.0%, 64=0.0%, >=64=0.1%
     issued    : total=r=235520/w=0/d=0, short=r=0/w=0/d=0
     latency   : target=0, window=0, percentile=100.00%, depth=128

Run status group 0 (all jobs):
   READ: io=235520MB, aggrb=554098KB/s, minb=554098KB/s, maxb=554098KB/s, mint=435252msec, maxt=435252msec

Disk stats (read/write):
  sda: ios=470780/0, merge=0/0, ticks=62313536/0, in_queue=62322736, util=100.00%
