write_job: (g=0): rw=write, bs=1M-1M/1M-1M/1M-1M, ioengine=libaio, iodepth=16
fio-2.1.10
Starting 1 process

write_job: (groupid=0, jobs=1): err= 0: pid=5138: Wed Sep 30 21:03:53 2015
  write: io=235520MB, bw=520549KB/s, iops=508, runt=463304msec
    slat (usec): min=37, max=274, avg=186.24, stdev=17.67
    clat (usec): min=3725, max=58681, avg=31280.18, stdev=263.02
     lat (usec): min=3794, max=58873, avg=31467.24, stdev=262.70
    clat percentiles (usec):
     |  1.00th=[31104],  5.00th=[31104], 10.00th=[31104], 20.00th=[31104],
     | 30.00th=[31104], 40.00th=[31104], 50.00th=[31104], 60.00th=[31104],
     | 70.00th=[31104], 80.00th=[31616], 90.00th=[31616], 95.00th=[31616],
     | 99.00th=[31872], 99.50th=[31872], 99.90th=[32640], 99.95th=[33536],
     | 99.99th=[35072]
    bw (KB  /s): min=516096, max=522240, per=100.00%, avg=521042.06, stdev=614.65
    lat (msec) : 4=0.01%, 10=0.01%, 20=0.01%, 50=99.99%, 100=0.01%
  cpu          : usr=4.66%, sys=6.65%, ctx=242615, majf=0, minf=28
  IO depths    : 1=0.1%, 2=0.1%, 4=0.1%, 8=0.1%, 16=100.0%, 32=0.0%, >=64=0.0%
     submit    : 0=0.0%, 4=100.0%, 8=0.0%, 16=0.0%, 32=0.0%, 64=0.0%, >=64=0.0%
     complete  : 0=0.0%, 4=100.0%, 8=0.0%, 16=0.1%, 32=0.0%, 64=0.0%, >=64=0.0%
     issued    : total=r=0/w=235520/d=0, short=r=0/w=0/d=0
     latency   : target=0, window=0, percentile=100.00%, depth=16

Run status group 0 (all jobs):
  WRITE: io=235520MB, aggrb=520549KB/s, minb=520549KB/s, maxb=520549KB/s, mint=463304msec, maxt=463304msec

Disk stats (read/write):
  sda: ios=84/470978, merge=0/0, ticks=0/14504000, in_queue=14502876, util=100.00%
