19.64
205.33
245.00
225.00
228.50
254.50
224.00
243.00
216.00
250.00
250.50
220.50
232.00
242.00
234.00
233.50
233.50
208.00
234.50
238.00
229.50
231.00
243.00
206.00
242.50
235.50
257.50
252.50
254.00
232.50
219.50
224.50
247.50
226.00
235.50
248.50
239.00
240.50
251.00
255.50
219.00
243.00
228.00
253.50
233.50
263.00
232.00
223.00
246.00
226.00
245.00
231.00
238.00
243.00
235.00
225.00
245.00
241.50
217.00
237.50
246.00
241.00
233.50
238.50
242.50
232.50
228.00
233.00
244.00
219.00
230.00
247.00
215.00
234.00
240.50
237.50
232.50
240.50
259.50
252.50
240.59
240.00
250.00
244.00
233.50
224.50
255.00
229.00
246.00
244.50
238.50
242.00
237.50
239.50
236.00
244.00
226.00
236.50
236.50
246.00
228.50
232.50
251.00
230.00
251.00
235.50
240.50
248.00
233.00
237.00
257.50
240.50
218.50
242.00
217.50
218.00
229.00
232.00
249.00
237.00
240.00
253.00
236.00
222.00
228.00
228.00
259.00
248.00
234.00
235.00
237.00
221.00
242.00
249.00
258.50
227.50
229.00
246.00
275.00
214.50
249.50
236.00
242.00
235.00
226.00
211.00
245.50
253.50
219.00
240.00
249.00
256.00
218.00
238.00
235.00
246.50
225.50
226.50
234.50
251.00
240.50
251.00
222.50
237.00
232.00
213.50
233.50
258.50
222.50
248.00
234.00
232.50
249.50
246.00
244.00
226.00
255.00
238.00
207.00
242.50
227.50
246.50
255.50
244.00
253.00
231.00
242.50
228.50
244.00
241.00
251.00
257.00
244.00
241.50
238.50
240.00
224.50
231.50
230.00
243.00
250.00
252.00
249.00
247.00
229.50
259.50
233.00
212.00
230.00
245.50
226.50
234.50
236.00
249.50
249.50
234.50
248.50
245.50
228.50
230.00
252.50
239.00
219.50
241.50
238.00
250.00
258.50
225.50
238.00
254.00
277.00
232.00
256.00
243.00
233.00
250.00
242.00
232.50
238.50
206.00
218.00
228.00
245.00
255.00
247.50
235.00
194.50
231.00
248.50
242.50
231.00
253.47
239.00
237.00
227.00
256.00
230.00
230.00
264.00
253.00
255.00
243.00
221.50
247.50
212.50
225.50
228.50
213.50
235.00
214.00
253.00
241.00
255.00
247.00
224.00
247.00
226.50
237.50
223.00
221.00
246.50
219.50
237.00
233.00
232.50
239.50
217.00
238.50
227.50
256.00
240.00
232.50
243.50
228.00
255.00
225.00
249.00
228.00
232.50
222.50
255.00
219.00
226.00
241.00
248.00
223.00
234.00
237.00
236.00
220.00
237.00
230.00
223.00
252.00
251.00
239.00
241.00
218.00
230.00
240.00
250.00
262.00
242.00
222.00
234.00
228.00
230.00
243.00
253.50
231.50
251.00
235.50
225.50
258.00
246.00
225.00
230.00
253.00
231.50
233.50
235.00
235.00
235.50
231.50
212.00
230.50
227.50
242.00
245.00
232.00
250.00
250.00
228.00
244.00
246.00
256.00
227.00
218.50
236.50
215.50
258.50
245.00
256.00
224.00
258.50
228.50
223.50
234.00
252.50
238.00
221.00
229.00
238.00
234.00
259.00
244.00
250.00
247.00
239.00
236.00
223.00
232.00
248.00
244.00
227.00
245.00
225.00
241.50
240.00
244.00
241.00
239.50
259.00
237.00
211.00
221.50
215.50
218.00
235.00
233.00
269.00
230.50
218.50
227.00
228.50
217.00
253.00
238.00
255.00
231.00
238.50
233.00
263.50
225.50
226.00
237.00
224.00
230.50
228.50
222.00
230.00
244.50
263.50
270.00
221.00
254.00
217.82
231.00
247.00
233.00
255.50
248.50
244.00
247.00
223.00
240.50
251.50
243.00
232.50
229.50
233.00
225.00
218.50
232.00
229.50
233.00
242.00
210.00
256.00
242.50
242.50
225.00
236.00
244.00
261.50
241.50
237.00
254.00
231.00
247.00
228.50
238.50
231.00
235.50
219.50
227.00
233.00
234.00
241.00
222.50
253.00
245.00
237.00
241.50
233.00
233.00
232.50
224.50
251.00
235.00
227.00
247.00
255.00
231.50
235.50
254.50
246.00
228.00
261.50
227.50
266.50
231.00
234.00
249.00
221.00
231.00
237.00
