19.26
177.00
240.00
240.00
259.50
213.00
251.50
248.00
260.00
234.00
246.00
272.00
239.00
251.50
245.50
256.00
272.00
248.00
249.00
263.00
244.50
243.50
270.50
241.00
241.00
248.50
215.00
256.00
249.00
263.00
247.00
264.50
248.00
235.00
248.50
248.50
246.50
234.00
260.00
240.00
248.50
239.50
255.00
233.00
253.00
251.00
256.00
256.00
240.00
248.00
256.00
256.00
249.01
252.50
238.00
267.50
248.50
246.00
238.00
258.00
246.00
242.50
255.50
252.00
252.00
240.00
276.50
257.50
244.00
256.50
256.00
238.00
255.50
248.00
248.00
229.00
235.00
232.00
227.50
252.50
248.00
256.00
240.00
264.00
230.00
250.00
248.00
243.50
244.50
241.50
246.50
257.00
239.00
264.00
255.00
228.00
250.50
250.50
244.00
244.00
252.50
243.50
240.00
248.00
248.00
240.00
240.00
263.50
248.50
256.00
268.50
256.50
242.50
240.50
250.00
252.00
231.00
267.00
248.00
264.00
247.50
248.50
243.50
244.50
232.00
264.50
254.00
241.50
231.50
250.00
259.50
239.00
212.00
267.00
245.00
248.00
240.00
263.00
249.00
267.00
247.00
246.00
256.00
241.00
223.00
263.00
257.00
251.00
237.00
253.00
263.00
251.50
234.00
246.50
230.00
258.00
248.00
248.00
272.00
248.00
224.00
264.00
246.50
257.50
248.00
232.00
248.00
256.00
234.50
241.50
257.00
267.00
260.50
242.50
225.00
240.00
232.00
255.50
232.50
250.50
245.50
240.00
232.00
231.00
236.50
239.00
253.50
242.00
260.50
256.00
236.00
261.50
240.00
216.00
254.00
250.00
233.00
239.00
270.00
266.00
254.50
253.00
244.00
255.00
233.50
240.00
256.00
237.50
244.00
246.50
249.50
250.50
237.50
262.50
240.00
240.00
232.00
248.00
248.00
245.54
224.00
240.00
216.00
256.00
250.50
241.00
240.00
260.50
240.00
280.00
272.00
264.00
236.00
224.50
253.50
259.50
268.00
262.50
241.00
247.00
235.00
251.50
251.50
252.50
233.50
255.00
249.00
242.00
230.50
231.50
240.00
258.50
244.00
265.50
256.00
260.00
258.50
257.00
256.50
232.00
224.00
248.00
264.00
238.50
249.50
256.00
248.00
265.00
247.00
256.00
255.00
245.00
247.50
244.50
274.00
238.00
262.00
222.50
251.50
259.00
244.00
233.00
248.00
254.50
257.50
248.00
272.00
232.00
256.00
258.50
261.50
240.00
257.00
255.50
245.50
251.50
262.50
248.00
260.50
251.50
240.00
235.00
233.50
262.50
257.00
260.00
251.00
213.00
234.00
254.00
264.00
256.00
261.50
234.50
236.50
238.50
237.00
248.00
262.00
228.00
246.00
254.00
242.00
235.50
261.00
239.50
256.00
248.00
246.50
265.50
248.00
264.00
264.00
243.50
242.50
250.00
222.50
252.50
245.00
232.00
228.00
260.00
259.50
244.50
272.00
225.00
246.00
233.50
255.50
240.00
256.00
264.00
248.00
242.00
251.50
258.50
261.50
236.00
230.50
240.00
240.00
240.00
249.00
247.50
263.50
252.50
243.50
243.50
260.50
240.00
256.00
242.00
238.00
264.00
225.50
240.50
240.50
261.50
274.50
253.50
272.00
264.00
243.00
224.50
244.50
264.00
260.50
258.50
254.46
237.50
247.50
228.50
254.50
253.50
242.50
232.00
265.50
238.50
256.00
264.00
256.00
254.50
257.50
246.00
236.50
209.00
252.50
233.50
246.50
272.00
224.00
256.00
237.00
233.00
242.00
247.00
249.00
259.00
229.00
259.00
252.50
248.50
239.50
272.50
256.00
256.00
264.00
243.50
260.50
240.00
248.00
239.50
255.50
242.00
239.00
230.00
242.00
246.00
231.50
251.50
247.00
251.50
253.00
239.50
264.00
256.00
256.00
248.00
248.00
256.00
240.00
231.00
241.00
242.50
245.50
262.00
242.00
256.00
240.00
248.00
264.00
235.50
237.50
241.50
250.50
227.00
248.00
256.00
232.00
248.00
220.50
264.50
235.00
251.00
261.00
237.50
