18.40
398.50
508.50
508.50
508.00
508.50
509.00
508.50
508.50
508.00
508.50
507.50
508.50
508.50
508.00
507.50
508.50
508.00
508.50
508.00
509.00
508.50
508.00
508.50
508.00
508.00
507.50
508.00
508.00
508.00
508.50
508.50
508.00
508.00
508.50
508.50
507.50
508.50
507.50
508.50
508.50
508.00
509.00
508.00
508.00
508.00
508.50
508.00
508.50
508.50
508.00
508.50
508.00
508.00
507.50
509.00
508.00
507.50
508.50
508.50
508.50
509.00
508.50
508.50
508.00
508.50
508.00
508.50
507.50
508.00
508.50
508.50
508.50
508.50
508.00
508.00
508.00
508.00
508.50
507.50
508.50
508.00
508.50
507.50
508.50
508.50
508.00
508.50
508.50
509.00
508.00
508.00
508.00
508.50
507.50
508.50
508.00
508.50
508.00
508.50
508.50
508.50
507.50
508.50
508.50
508.00
508.50
508.00
508.00
508.00
508.50
508.50
507.50
508.50
508.50
508.00
509.00
507.50
508.00
508.50
508.50
508.00
508.50
508.00
508.50
508.00
509.00
508.00
508.50
508.50
508.50
508.50
508.00
508.50
503.47
508.00
508.00
509.00
507.50
508.50
508.00
507.50
508.00
508.00
509.00
508.50
508.00
508.00
508.50
508.50
508.50
508.00
508.50
508.50
507.50
508.50
508.50
508.50
508.00
507.50
508.50
508.00
508.50
508.00
508.00
508.50
507.50
508.00
508.50
508.50
508.50
508.00
507.00
508.50
508.50
507.50
508.00
508.50
508.00
508.00
509.00
508.00
508.50
508.00
508.50
508.50
508.50
507.50
508.00
508.50
508.50
508.00
509.00
508.50
508.50
508.50
508.00
508.50
508.50
508.50
508.00
508.50
508.50
508.00
508.50
508.50
508.00
508.50
508.50
508.50
508.00
508.00
508.50
508.00
508.50
508.50
508.50
508.50
508.50
508.00
508.50
508.00
508.50
507.50
508.00
508.00
508.00
508.00
509.00
509.00
508.00
508.50
508.50
508.50
508.00
507.50
507.50
508.50
508.00
508.50
508.50
509.00
508.00
508.50
508.50
509.00
507.50
508.00
508.50
508.50
509.00
508.00
508.50
508.50
508.50
507.50
508.00
508.50
508.00
508.50
508.50
507.50
508.00
508.00
508.00
508.00
508.00
508.00
508.50
507.50
508.50
507.50
508.50
508.50
508.50
508.50
508.00
508.50
508.00
508.00
509.00
508.00
508.00
508.00
508.50
508.50
508.50
508.00
509.00
508.00
508.50
508.50
507.50
508.50
508.50
507.50
502.97
507.50
509.00
508.50
507.50
508.00
508.00
508.50
508.00
508.50
508.00
508.00
509.00
508.00
508.50
508.50
508.50
508.50
508.00
508.00
508.00
507.50
508.50
509.00
508.00
508.00
508.00
508.50
508.00
509.00
507.00
507.50
507.50
508.50
507.00
508.50
506.50
508.00
508.50
507.50
508.00
508.50
508.50
508.00
507.50
508.00
508.50
508.50
508.00
508.50
509.00
509.00
507.50
508.50
508.00
508.00
508.50
508.00
508.50
509.00
507.50
508.50
508.00
508.00
508.00
508.00
509.00
508.00
508.00
507.00
509.00
508.50
508.00
508.00
508.50
508.50
508.00
508.50
508.00
508.00
507.50
508.00
508.50
508.50
508.50
508.50
508.50
508.00
507.50
508.00
508.00
508.00
508.50
508.00
508.50
508.00
508.50
508.00
508.50
508.50
508.00
508.50
508.00
508.00
508.00
508.00
508.00
508.00
508.50
507.50
508.00
508.50
508.50
508.50
508.00
508.00
508.00
508.00
508.50
508.00
508.00
508.00
509.00
507.50
508.50
508.00
509.00
508.00
508.00
508.00
508.50
508.00
508.50
509.00
507.00
508.00
508.00
508.50
508.00
508.50
508.00
508.50
508.50
508.00
508.00
508.00
508.00
509.00
508.00
508.00
508.50
508.00
508.50
508.00
508.00
508.50
507.50
508.50
508.50
508.50
508.50
508.00
502.97
508.50
508.00
508.00
507.50
508.50
