write_job: (g=0): rw=write, bs=1M-1M/1M-1M/1M-1M, ioengine=libaio, iodepth=32
fio-2.1.10
Starting 1 process

write_job: (groupid=0, jobs=1): err= 0: pid=5161: Wed Sep 30 21:11:37 2015
  write: io=235520MB, bw=520476KB/s, iops=508, runt=463369msec
    slat (usec): min=34, max=235, avg=165.05, stdev=17.28
    clat (usec): min=3740, max=121434, avg=62784.33, stdev=613.94
     lat (usec): min=3809, max=121606, avg=62950.15, stdev=614.34
    clat percentiles (usec):
     |  1.00th=[62720],  5.00th=[62720], 10.00th=[62720], 20.00th=[62720],
     | 30.00th=[62720], 40.00th=[62720], 50.00th=[62720], 60.00th=[62720],
     | 70.00th=[62720], 80.00th=[62720], 90.00th=[63232], 95.00th=[63232],
     | 99.00th=[63744], 99.50th=[63744], 99.90th=[64256], 99.95th=[64768],
     | 99.99th=[76288]
    bw (KB  /s): min=519153, max=522240, per=100.00%, avg=521034.42, stdev=627.54
    lat (msec) : 4=0.01%, 10=0.01%, 20=0.01%, 50=0.01%, 100=99.99%
    lat (msec) : 250=0.01%
  cpu          : usr=5.07%, sys=5.90%, ctx=242162, majf=0, minf=28
  IO depths    : 1=0.1%, 2=0.1%, 4=0.1%, 8=0.1%, 16=0.1%, 32=100.0%, >=64=0.0%
     submit    : 0=0.0%, 4=100.0%, 8=0.0%, 16=0.0%, 32=0.0%, 64=0.0%, >=64=0.0%
     complete  : 0=0.0%, 4=100.0%, 8=0.0%, 16=0.0%, 32=0.1%, 64=0.0%, >=64=0.0%
     issued    : total=r=0/w=235520/d=0, short=r=0/w=0/d=0
     latency   : target=0, window=0, percentile=100.00%, depth=32

Run status group 0 (all jobs):
  WRITE: io=235520MB, aggrb=520476KB/s, minb=520476KB/s, maxb=520476KB/s, mint=463369msec, maxt=463369msec

Disk stats (read/write):
  sda: ios=84/470895, merge=0/0, ticks=4/29321124, in_queue=29321600, util=100.00%
