19.74
216.33
263.50
261.50
231.00
274.00
248.00
237.00
236.50
262.50
254.00
221.00
264.00
242.00
255.00
244.50
220.50
241.50
250.50
235.00
254.00
240.50
220.50
255.00
257.00
254.00
267.50
241.00
248.50
227.00
256.00
237.00
253.00
264.00
253.00
251.00
255.00
265.00
230.00
260.00
247.00
262.00
245.00
260.00
245.00
242.00
243.00
240.00
257.00
255.50
237.50
243.00
241.58
251.50
259.50
223.00
249.00
248.50
258.50
241.50
245.50
250.00
248.50
239.50
243.00
258.00
215.00
236.00
251.00
234.00
236.00
262.00
248.00
246.50
256.00
274.50
254.50
257.50
266.00
240.50
244.00
237.50
253.50
231.50
273.00
255.00
251.00
254.00
252.50
243.50
242.50
238.50
253.00
232.50
238.50
261.00
242.00
254.00
252.00
247.50
245.50
262.00
255.50
252.00
244.50
253.00
252.50
241.50
238.50
240.50
230.00
238.00
247.00
244.50
257.50
254.00
269.00
225.50
240.50
236.00
248.00
248.50
250.50
255.50
266.00
229.50
246.00
259.00
272.00
250.00
238.00
254.00
279.50
224.50
260.00
253.50
242.50
237.00
250.50
226.50
254.00
248.00
241.00
261.00
274.00
245.00
230.00
243.00
253.00
244.00
237.00
243.00
259.00
250.50
262.50
236.50
242.50
243.00
221.00
245.50
271.50
230.00
252.00
239.00
250.00
261.00
250.50
242.50
267.00
254.00
237.00
229.00
242.00
258.00
261.00
246.00
264.00
240.00
254.50
239.50
249.00
253.50
260.00
264.50
254.00
255.00
240.00
248.00
242.00
241.00
263.00
230.00
251.50
274.50
239.00
241.00
267.00
247.50
224.50
231.00
251.00
253.00
248.00
247.00
263.50
259.50
239.50
265.50
251.00
241.50
253.50
251.00
256.00
229.00
257.00
255.00
261.50
254.00
244.00
246.04
268.50
257.00
276.00
242.00
247.50
262.00
258.00
243.00
257.00
214.00
228.00
231.50
260.50
274.00
249.00
237.00
223.00
235.00
261.00
251.00
265.00
249.00
234.00
244.00
264.50
241.50
255.50
255.50
272.00
264.50
252.50
233.00
246.00
224.00
239.50
236.50
230.00
234.00
239.50
266.00
274.00
248.00
227.00
258.50
246.00
244.00
245.50
230.50
252.00
235.00
246.00
253.00
248.00
243.00
217.00
254.00
236.00
272.00
249.00
241.00
249.00
262.00
248.50
245.50
242.00
248.50
222.50
274.50
235.50
233.00
237.50
268.00
242.50
240.00
250.00
245.00
237.00
251.50
236.50
238.50
256.50
259.00
263.00
231.00
239.00
236.00
245.00
280.00
256.00
240.50
225.50
242.00
240.00
257.00
253.00
247.00
255.00
247.50
237.50
268.00
249.50
234.50
248.50
263.50
232.00
247.00
235.00
241.00
251.00
231.00
249.00
233.50
235.50
254.00
253.00
243.00
278.00
248.00
233.50
262.50
259.00
234.50
237.50
250.50
219.50
267.00
248.00
268.00
242.50
262.00
241.00
230.50
251.50
256.50
243.00
234.50
235.50
256.00
261.00
256.00
256.50
257.50
253.00
238.00
234.00
250.00
260.50
260.50
231.00
256.50
228.00
256.50
260.00
235.50
267.50
247.00
262.00
235.50
220.50
245.50
221.00
214.50
246.00
273.00
248.50
231.00
244.50
236.00
229.70
253.00
255.00
270.00
240.50
242.50
249.00
260.00
224.00
263.50
237.00
237.00
237.00
243.50
237.50
244.50
265.00
285.00
236.50
262.50
235.50
225.00
267.00
240.50
262.00
255.00
251.50
253.50
245.00
244.00
266.00
244.00
248.00
255.50
250.50
214.00
245.00
242.00
227.50
249.50
242.50
251.00
254.00
251.50
239.00
250.00
250.50
272.50
255.00
254.00
264.00
238.00
245.00
243.00
242.00
262.00
226.00
234.00
241.50
242.00
245.00
234.50
248.50
262.50
258.00
243.00
241.00
237.00
252.50
241.00
253.50
253.00
232.50
256.50
263.00
250.00
241.00
264.50
244.00
247.00
260.00
248.50
273.00
235.00
258.00
241.00
230.50
252.50
