rw_job: (g=0): rw=rw, bs=1M-1M/1M-1M/1M-1M, ioengine=libaio, iodepth=4
fio-2.1.10
Starting 1 process

rw_job: (groupid=0, jobs=1): err= 0: pid=5367: Wed Sep 30 22:34:13 2015
  read : io=117756MB, bw=228921KB/s, iops=223, runt=526742msec
    slat (usec): min=30, max=220, avg=153.33, stdev=13.02
    clat (msec): min=4, max=25, avg= 9.02, stdev= 2.13
     lat (msec): min=4, max=25, avg= 9.18, stdev= 2.13
    clat percentiles (usec):
     |  1.00th=[ 6688],  5.00th=[ 7264], 10.00th=[ 7392], 20.00th=[ 7520],
     | 30.00th=[ 7776], 40.00th=[ 8032], 50.00th=[ 8256], 60.00th=[ 8512],
     | 70.00th=[ 8896], 80.00th=[10048], 90.00th=[12480], 95.00th=[13504],
     | 99.00th=[16768], 99.50th=[17792], 99.90th=[19584], 99.95th=[20864],
     | 99.99th=[23680]
    bw (KB  /s): min=159425, max=286147, per=100.00%, avg=229146.16, stdev=18324.03
  write: io=117764MB, bw=228936KB/s, iops=223, runt=526742msec
    slat (usec): min=35, max=262, avg=187.52, stdev=20.12
    clat (msec): min=6, max=23, avg= 8.51, stdev= 1.70
     lat (msec): min=6, max=24, avg= 8.70, stdev= 1.70
    clat percentiles (usec):
     |  1.00th=[ 6880],  5.00th=[ 7328], 10.00th=[ 7456], 20.00th=[ 7520],
     | 30.00th=[ 7648], 40.00th=[ 7840], 50.00th=[ 7968], 60.00th=[ 8096],
     | 70.00th=[ 8256], 80.00th=[ 8640], 90.00th=[11072], 95.00th=[12608],
     | 99.00th=[14912], 99.50th=[16512], 99.90th=[18560], 99.95th=[19072],
     | 99.99th=[23168]
    bw (KB  /s): min=149504, max=296960, per=100.00%, avg=229159.38, stdev=16036.01
    lat (msec) : 10=83.59%, 20=16.36%, 50=0.05%
  cpu          : usr=2.34%, sys=6.87%, ctx=244778, majf=0, minf=27
  IO depths    : 1=0.1%, 2=0.1%, 4=100.0%, 8=0.0%, 16=0.0%, 32=0.0%, >=64=0.0%
     submit    : 0=0.0%, 4=100.0%, 8=0.0%, 16=0.0%, 32=0.0%, 64=0.0%, >=64=0.0%
     complete  : 0=0.0%, 4=100.0%, 8=0.0%, 16=0.0%, 32=0.0%, 64=0.0%, >=64=0.0%
     issued    : total=r=117756/w=117764/d=0, short=r=0/w=0/d=0
     latency   : target=0, window=0, percentile=100.00%, depth=4

Run status group 0 (all jobs):
   READ: io=117756MB, aggrb=228920KB/s, minb=228920KB/s, maxb=228920KB/s, mint=526742msec, maxt=526742msec
  WRITE: io=117764MB, aggrb=228936KB/s, minb=228936KB/s, maxb=228936KB/s, mint=526742msec, maxt=526742msec

Disk stats (read/write):
  sda: ios=235490/235424, merge=0/0, ticks=2009820/1884432, in_queue=3892828, util=100.00%
