read_job: (g=0): rw=read, bs=1M-1M/1M-1M/1M-1M, ioengine=libaio, iodepth=4
fio-2.1.10
Starting 1 process

read_job: (groupid=0, jobs=1): err= 0: pid=5253: Wed Sep 30 21:42:32 2015
  read : io=235520MB, bw=554098KB/s, iops=541, runt=435252msec
    slat (usec): min=30, max=228, avg=151.77, stdev=13.09
    clat (usec): min=3730, max=10920, avg=7233.02, stdev=26.78
     lat (usec): min=3909, max=11072, avg=7385.52, stdev=20.57
    clat percentiles (usec):
     |  1.00th=[ 7200],  5.00th=[ 7200], 10.00th=[ 7200], 20.00th=[ 7200],
     | 30.00th=[ 7200], 40.00th=[ 7200], 50.00th=[ 7200], 60.00th=[ 7264],
     | 70.00th=[ 7264], 80.00th=[ 7264], 90.00th=[ 7264], 95.00th=[ 7264],
     | 99.00th=[ 7328], 99.50th=[ 7328], 99.90th=[ 7392], 99.95th=[ 7392],
     | 99.99th=[ 7392]
    bw (KB  /s): min=552960, max=555008, per=100.00%, avg=555000.54, stdev=102.15
    lat (msec) : 4=0.01%, 10=100.00%, 20=0.01%
  cpu          : usr=0.70%, sys=9.34%, ctx=245177, majf=0, minf=1052
  IO depths    : 1=0.1%, 2=0.1%, 4=100.0%, 8=0.0%, 16=0.0%, 32=0.0%, >=64=0.0%
     submit    : 0=0.0%, 4=100.0%, 8=0.0%, 16=0.0%, 32=0.0%, 64=0.0%, >=64=0.0%
     complete  : 0=0.0%, 4=100.0%, 8=0.0%, 16=0.0%, 32=0.0%, 64=0.0%, >=64=0.0%
     issued    : total=r=235520/w=0/d=0, short=r=0/w=0/d=0
     latency   : target=0, window=0, percentile=100.00%, depth=4

Run status group 0 (all jobs):
   READ: io=235520MB, aggrb=554098KB/s, minb=554098KB/s, maxb=554098KB/s, mint=435252msec, maxt=435252msec

Disk stats (read/write):
  sda: ios=470961/0, merge=0/0, ticks=3196448/0, in_queue=3194860, util=100.00%
