19.07
117.00
163.00
182.00
188.00
206.50
186.50
182.00
199.00
202.00
220.50
186.50
200.00
213.00
230.50
204.00
218.00
212.50
219.50
245.50
229.50
224.50
219.00
237.00
224.00
227.50
238.50
222.00
226.50
214.50
213.00
214.50
229.50
218.00
237.00
222.00
236.00
222.00
210.00
229.00
219.50
229.00
212.50
213.00
242.00
206.00
228.50
214.00
217.50
208.00
231.00
246.50
217.00
235.50
227.50
221.50
228.00
232.00
224.00
223.50
235.50
223.00
215.00
244.50
224.50
220.00
211.00
235.00
225.00
228.00
226.50
233.00
228.50
220.50
221.50
251.00
230.00
218.50
238.50
225.00
217.50
223.50
223.00
233.00
210.00
212.00
221.50
220.50
209.50
223.50
229.50
230.00
232.00
211.00
228.50
216.00
218.00
228.00
225.00
220.00
213.50
246.50
214.00
232.00
226.00
232.00
227.00
208.00
233.50
223.50
216.00
227.00
221.50
220.50
216.50
215.50
224.00
223.00
207.00
221.50
230.00
224.00
229.00
241.00
234.50
221.00
229.50
211.50
231.00
219.50
208.50
224.00
250.00
229.00
233.50
206.50
237.00
222.00
223.00
209.50
241.50
227.00
216.00
216.00
204.00
240.00
220.50
217.50
199.50
240.50
224.00
222.00
221.00
223.00
235.00
227.00
241.58
219.00
218.00
235.00
227.00
202.00
225.00
230.00
240.00
218.00
205.00
229.00
238.00
227.00
216.00
225.00
207.00
233.00
230.00
218.00
247.00
238.00
224.00
203.00
241.00
226.00
227.50
231.50
205.00
222.00
225.00
224.00
210.00
225.50
226.50
244.00
219.00
224.00
225.50
195.50
227.00
211.00
224.50
226.50
224.00
219.50
219.00
218.00
210.50
210.00
228.00
219.50
235.50
213.50
236.50
227.00
220.50
238.00
212.50
204.00
228.50
226.50
226.00
211.00
231.50
243.50
239.00
221.00
228.50
219.50
230.00
220.00
215.00
224.50
224.50
217.50
219.00
216.00
230.00
217.50
225.00
231.00
216.00
221.00
220.00
207.00
230.00
223.00
227.00
209.00
218.00
200.00
229.00
215.00
235.00
205.50
237.00
222.50
218.00
260.00
240.00
238.00
220.50
214.50
213.00
220.50
244.50
236.00
235.00
216.00
222.00
209.00
230.00
222.00
230.00
232.50
207.50
225.50
231.50
214.00
214.00
205.50
220.50
230.00
216.00
231.00
243.00
232.00
221.00
237.00
238.50
237.50
212.00
212.00
223.00
219.00
239.50
219.50
216.00
225.00
231.50
234.50
221.50
228.50
236.00
221.00
216.00
227.00
234.00
243.00
211.00
236.00
209.50
220.50
225.50
224.50
231.00
218.00
226.50
217.00
243.50
225.50
241.00
214.50
228.00
232.00
242.00
221.00
213.00
233.00
238.00
216.83
229.50
229.00
225.50
230.00
237.50
209.50
221.00
224.00
209.00
242.50
232.50
240.00
225.00
203.00
207.50
221.50
238.00
232.50
236.50
233.00
225.00
208.00
223.00
221.00
230.00
227.50
213.50
226.50
231.50
229.00
216.50
222.00
233.50
216.00
224.50
234.50
221.00
220.00
247.50
219.50
237.00
224.50
227.00
214.50
227.00
203.00
223.50
224.50
223.00
207.00
228.00
226.50
240.00
216.50
241.00
212.00
222.00
204.50
241.50
217.00
218.50
228.00
240.50
222.00
224.50
226.50
231.00
234.00
228.00
217.00
206.00
226.00
215.00
205.00
221.00
234.00
237.00
216.00
227.00
220.50
225.50
226.00
224.50
238.00
222.00
204.00
236.00
217.50
213.00
209.00
235.00
246.50
229.00
233.50
249.00
239.00
225.00
206.00
219.00
225.00
243.00
236.00
234.50
234.00
221.50
212.00
216.00
228.00
229.00
229.00
213.00
233.00
231.00
216.00
233.50
238.50
226.00
226.00
232.00
230.50
211.50
200.50
208.50
237.00
214.00
238.00
228.00
210.00
234.00
210.00
220.00
220.50
206.50
230.00
238.50
215.50
211.00
237.50
216.50
230.50
217.00
250.50
239.00
229.50
235.50
218.00
215.00
239.00
220.00
220.00
220.00
225.50
221.50
222.00
211.00
209.00
221.50
225.50
209.00
234.00
221.00
225.00
230.00
229.00
221.00
234.00
237.13
230.50
223.50
222.00
229.50
226.00
206.00
225.50
223.50
230.00
233.50
212.50
237.00
229.50
208.00
225.50
237.50
217.50
202.00
232.00
235.00
210.00
200.00
240.00
217.00
221.00
219.50
203.50
242.00
207.00
230.00
240.00
230.00
218.00
