write_job: (g=0): rw=write, bs=1M-1M/1M-1M/1M-1M, ioengine=libaio, iodepth=4
fio-2.1.10
Starting 1 process

write_job: (groupid=0, jobs=1): err= 0: pid=5112: Wed Sep 30 20:56:09 2015
  write: io=235520MB, bw=520650KB/s, iops=508, runt=463214msec
    slat (usec): min=35, max=270, avg=187.33, stdev=19.42
    clat (usec): min=3768, max=11566, avg=7672.12, stdev=90.31
     lat (usec): min=3940, max=11761, avg=7860.27, stdev=87.74
    clat percentiles (usec):
     |  1.00th=[ 7584],  5.00th=[ 7648], 10.00th=[ 7648], 20.00th=[ 7648],
     | 30.00th=[ 7648], 40.00th=[ 7648], 50.00th=[ 7648], 60.00th=[ 7648],
     | 70.00th=[ 7648], 80.00th=[ 7648], 90.00th=[ 7712], 95.00th=[ 7968],
     | 99.00th=[ 8032], 99.50th=[ 8096], 99.90th=[ 8256], 99.95th=[ 8384],
     | 99.99th=[ 8768]
    bw (KB  /s): min=518144, max=522240, per=100.00%, avg=521109.92, stdev=514.60
    lat (msec) : 4=0.01%, 10=100.00%, 20=0.01%
  cpu          : usr=4.75%, sys=6.59%, ctx=242481, majf=0, minf=27
  IO depths    : 1=0.1%, 2=0.1%, 4=100.0%, 8=0.0%, 16=0.0%, 32=0.0%, >=64=0.0%
     submit    : 0=0.0%, 4=100.0%, 8=0.0%, 16=0.0%, 32=0.0%, 64=0.0%, >=64=0.0%
     complete  : 0=0.0%, 4=100.0%, 8=0.0%, 16=0.0%, 32=0.0%, 64=0.0%, >=64=0.0%
     issued    : total=r=0/w=235520/d=0, short=r=0/w=0/d=0
     latency   : target=0, window=0, percentile=100.00%, depth=4

Run status group 0 (all jobs):
  WRITE: io=235520MB, aggrb=520650KB/s, minb=520650KB/s, maxb=520650KB/s, mint=463214msec, maxt=463214msec

Disk stats (read/write):
  sda: ios=84/470804, merge=0/0, ticks=4/3383544, in_queue=3381944, util=100.00%
