19.54
150.33
172.00
203.50
189.50
192.00
208.50
210.50
206.00
187.50
193.50
208.00
224.50
190.50
188.00
241.00
200.00
217.50
221.50
202.00
204.00
218.00
233.50
208.50
228.50
226.50
194.00
234.00
226.00
231.00
230.00
250.00
214.00
219.00
199.00
238.00
204.00
222.00
241.00
225.00
233.00
220.00
243.50
236.00
205.50
233.50
217.50
240.00
223.00
236.00
221.00
208.00
234.00
211.00
223.00
238.00
229.50
214.50
214.00
230.00
210.00
229.00
232.00
209.00
225.00
223.00
241.00
219.00
223.00
218.00
228.00
206.00
224.00
241.00
226.00
194.50
216.50
233.00
204.50
220.00
225.50
221.00
232.00
217.00
241.50
241.50
235.00
231.50
250.50
224.00
213.00
217.00
215.00
240.00
223.00
227.00
231.00
231.50
234.00
228.50
235.00
198.00
238.00
214.50
226.50
216.50
225.00
226.50
226.00
223.00
225.00
225.00
236.50
215.50
226.00
231.00
226.00
219.50
231.50
233.00
212.00
214.00
208.00
204.00
207.00
227.50
220.50
228.00
225.00
237.00
230.00
226.00
198.50
223.00
207.50
233.50
215.00
239.50
236.00
233.00
212.50
215.00
229.50
230.50
253.50
216.50
222.50
222.00
259.00
204.50
231.00
234.00
229.50
221.00
210.00
218.00
202.48
231.50
222.00
215.50
235.50
253.50
211.50
211.00
219.50
231.50
223.00
216.00
214.00
219.00
233.00
224.00
247.00
221.50
216.00
226.50
199.00
214.00
236.00
238.00
204.00
241.00
215.00
214.00
242.50
238.50
222.50
209.50
246.50
226.50
207.50
200.50
223.50
228.50
222.00
246.00
225.50
239.00
219.50
225.00
218.50
228.50
230.00
243.00
239.00
226.50
231.50
233.00
211.00
231.00
213.00
228.00
245.00
208.00
228.00
247.50
223.50
230.00
220.00
244.00
222.00
200.00
208.00
226.50
222.50
230.00
216.00
237.50
238.00
214.50
238.00
235.00
213.00
222.00
222.00
240.00
223.00
214.50
229.00
231.00
231.00
239.50
226.50
230.50
223.00
240.50
241.50
249.50
223.00
229.50
215.50
246.50
211.00
231.00
235.00
197.50
207.50
205.00
236.00
243.00
229.50
213.50
205.00
204.00
214.00
236.50
225.50
246.00
223.50
222.50
214.50
216.50
248.00
215.00
218.00
239.50
235.50
249.00
228.00
215.00
227.00
208.50
194.50
219.00
225.00
200.50
214.50
219.00
238.00
240.50
227.50
232.00
214.00
233.00
219.00
222.50
217.50
212.00
221.00
218.00
211.00
225.00
228.00
217.00
224.00
195.00
236.50
206.50
244.00
227.00
223.00
224.00
222.00
245.50
218.50
233.00
213.00
230.00
203.00
233.00
219.00
223.00
201.00
235.00
235.50
212.50
209.00
244.55
215.00
201.00
227.00
222.50
208.50
233.00
238.00
232.00
229.00
211.00
220.00
213.50
215.00
248.50
243.00
235.50
209.50
216.00
209.00
224.00
232.50
240.50
224.00
234.50
234.50
215.00
239.00
228.00
227.50
215.00
231.50
233.00
209.00
227.00
221.00
211.00
225.00
211.00
192.00
227.00
211.50
233.50
214.00
228.50
225.00
251.50
226.00
228.50
233.00
237.50
210.00
223.00
207.00
229.00
195.00
244.00
234.00
234.00
216.00
241.00
228.00
217.00
209.00
236.50
226.50
226.00
207.50
205.50
226.00
241.00
237.00
220.00
236.00
233.00
226.00
213.50
221.50
230.50
214.50
233.00
232.50
215.50
217.00
221.00
222.00
232.00
212.50
241.50
225.50
239.00
227.00
198.50
213.00
210.50
199.00
205.50
225.00
250.00
224.50
216.50
212.00
208.00
213.00
221.00
229.00
236.00
248.00
222.50
219.50
227.50
244.00
211.50
211.00
232.00
218.00
209.00
217.00
217.00
209.50
220.50
235.00
259.00
250.00
207.50
239.50
203.00
224.00
241.00
212.00
241.50
236.00
219.50
246.50
209.50
222.00
234.00
241.00
206.00
231.00
223.00
231.00
198.50
210.00
218.50
217.00
217.00
231.00
194.00
238.00
227.00
232.50
216.50
227.00
223.00
239.00
241.00
229.00
233.50
236.50
216.50
224.50
221.50
227.50
225.00
215.00
209.50
210.40
213.00
223.00
218.00
229.50
224.50
241.50
229.50
225.50
233.00
207.50
240.00
210.00
217.00
237.00
218.00
207.00
233.50
237.50
214.00
221.50
248.00
233.50
208.50
248.00
220.50
227.00
256.00
215.00
233.00
222.50
210.50
223.00
220.00
