18.61
395.00
508.00
508.50
508.00
508.50
508.00
508.00
508.50
507.50
508.50
508.50
508.00
507.50
508.50
508.50
508.00
508.00
508.00
508.00
508.00
508.50
508.50
508.50
508.00
508.00
507.50
509.00
508.50
507.50
508.00
507.00
508.00
508.50
507.50
508.00
508.50
507.50
508.00
508.00
508.00
508.00
508.50
508.50
508.00
508.00
508.00
508.50
507.50
509.00
506.00
508.00
508.00
508.00
507.50
508.50
508.00
508.50
508.00
508.50
508.50
508.00
508.50
508.00
508.00
508.00
508.00
508.50
508.00
508.50
507.00
508.50
508.00
508.00
507.50
507.50
508.50
508.00
508.00
508.50
508.50
508.50
507.50
508.00
508.50
508.50
508.00
508.50
508.50
508.00
508.50
508.00
503.47
507.50
508.00
507.50
509.00
508.00
508.50
508.00
508.50
508.00
508.50
508.50
508.00
508.00
508.00
508.50
507.50
508.50
507.50
508.50
508.00
508.00
506.50
508.50
508.00
508.50
508.50
508.50
508.00
508.50
508.50
507.50
509.00
508.50
507.50
508.00
507.50
508.00
508.50
508.00
508.00
508.00
508.50
507.50
508.00
508.00
508.00
507.50
508.00
508.00
507.00
508.50
508.50
508.50
508.00
508.50
508.50
508.00
507.50
508.00
508.50
508.00
508.00
507.00
508.00
508.50
508.00
508.00
508.00
508.50
507.50
508.50
507.50
508.00
508.50
508.00
508.50
508.00
508.00
508.50
508.00
507.50
508.50
508.00
508.00
508.00
508.50
507.00
508.00
508.00
508.50
508.00
508.00
508.50
508.00
508.00
508.00
508.50
508.00
507.50
507.50
508.50
507.50
508.00
508.50
508.00
508.00
507.50
507.50
508.00
508.00
508.00
508.00
508.00
509.00
507.00
508.00
507.50
508.50
507.00
507.50
508.00
508.50
507.50
508.50
508.00
508.50
508.00
508.50
508.00
508.50
508.00
507.50
508.50
508.00
508.50
508.50
508.50
508.00
507.50
508.00
508.50
508.00
508.00
508.00
508.50
508.00
509.00
507.50
508.00
508.50
506.50
509.00
508.00
508.00
508.50
508.00
508.00
508.00
508.50
508.00
503.96
508.50
507.50
508.50
507.50
507.50
507.00
508.50
508.50
508.00
508.00
508.00
508.00
508.50
508.00
507.50
508.00
507.50
508.00
508.00
508.00
508.50
508.00
508.00
507.50
508.00
508.50
508.00
508.00
508.00
508.50
507.50
508.50
508.50
508.00
508.00
508.00
508.00
507.50
508.00
508.00
508.50
508.50
508.00
508.00
508.00
508.00
508.00
508.00
508.50
508.00
507.00
508.00
508.00
508.50
507.00
508.00
508.00
508.50
508.00
508.00
508.00
508.00
508.00
508.50
508.00
508.00
508.00
507.50
507.50
507.50
508.00
508.50
509.00
507.50
508.00
508.50
508.00
508.00
508.00
507.50
508.50
507.50
508.00
508.00
508.00
508.50
508.00
509.00
508.00
508.50
508.00
508.50
508.00
508.50
507.50
508.00
508.50
508.50
507.50
507.50
508.50
508.00
507.50
508.00
508.50
508.00
508.00
508.00
508.50
508.00
507.50
508.50
508.00
508.50
508.00
508.50
508.00
508.00
507.50
508.00
508.00
508.00
508.00
508.00
508.00
508.50
508.00
508.00
509.00
508.00
508.00
507.50
508.00
507.50
508.50
508.50
508.50
508.00
508.50
508.00
508.00
508.00
508.50
507.50
508.50
508.00
508.00
507.00
508.50
507.50
508.50
507.50
508.00
508.00
508.00
508.00
508.50
508.50
508.00
508.00
508.50
507.50
508.00
508.00
501.98
508.50
508.00
508.00
508.00
508.00
508.00
508.50
508.00
508.50
507.50
508.50
508.00
508.50
507.50
507.50
508.50
508.50
508.00
507.00
508.00
508.50
507.50
508.50
507.50
508.50
508.50
508.00
508.50
508.00
508.50
507.50
508.00
508.50
508.00
508.00
508.50
508.00
508.50
508.00
508.50
507.50
508.50
508.00
508.00
508.50
397.00
