19.84
231.33
273.50
259.00
237.50
277.00
251.00
248.00
241.00
256.00
228.00
211.00
268.00
236.00
253.50
241.50
231.00
247.00
256.00
236.50
259.50
242.00
236.00
259.00
257.00
253.00
278.00
245.00
243.00
237.00
259.00
241.00
254.00
254.00
266.00
250.00
264.50
265.00
248.50
251.50
261.50
250.50
263.00
249.50
234.50
266.50
240.00
246.50
253.50
249.00
252.00
250.00
246.00
253.00
251.50
238.50
257.00
256.44
249.00
252.00
243.50
260.50
241.50
232.50
258.00
241.50
238.50
257.50
229.50
250.00
259.00
239.00
257.00
260.50
276.50
267.00
255.00
273.00
249.00
242.50
244.50
259.00
238.00
269.00
258.00
258.00
254.50
260.50
242.00
262.00
240.00
250.00
246.00
251.00
259.00
246.00
256.00
252.00
250.00
254.00
261.00
261.00
249.50
248.50
275.00
243.00
243.50
235.00
234.50
235.00
261.00
245.50
256.50
254.50
269.00
251.50
220.50
251.50
238.00
273.00
247.00
252.50
257.50
253.00
243.50
260.00
266.50
263.00
245.00
249.00
282.00
240.00
251.00
264.00
253.00
246.00
250.00
214.50
267.50
258.50
238.50
254.00
276.00
246.00
247.00
241.00
254.00
249.00
238.00
243.50
259.50
255.00
262.00
246.00
244.00
241.50
230.00
259.00
272.00
240.50
248.00
239.00
266.00
257.00
248.00
248.50
276.50
255.00
224.00
253.50
240.00
261.50
275.00
252.00
262.50
247.00
253.50
247.00
251.00
267.00
269.00
269.50
251.50
264.00
246.00
245.50
243.00
244.50
243.00
272.50
273.50
253.00
252.00
249.00
255.00
239.50
242.50
242.00
256.00
263.00
241.50
258.00
257.50
253.00
266.50
259.50
249.00
249.50
254.50
262.00
233.00
264.00
263.00
265.00
252.00
256.00
251.00
278.00
255.00
273.00
255.00
246.50
264.85
245.00
249.00
259.00
217.50
235.50
232.00
272.00
264.00
255.00
227.00
237.00
248.00
259.00
254.00
259.00
254.00
248.00
245.00
265.50
248.50
247.00
273.00
275.00
262.50
233.50
265.50
239.00
234.50
247.00
231.50
246.50
235.00
261.00
271.00
261.00
241.00
259.00
257.00
239.00
257.00
237.00
250.50
239.50
254.50
243.50
256.00
252.00
225.00
256.00
237.00
282.00
250.50
243.50
256.00
269.00
248.00
253.00
240.00
247.00
235.50
269.50
237.00
234.00
251.00
265.00
244.00
235.00
260.00
250.00
228.50
256.50
245.00
254.00
260.00
253.00
263.00
227.00
245.00
248.00
263.00
276.00
266.00
230.50
245.50
241.00
252.00
252.00
272.00
258.00
243.00
254.00
262.00
256.00
247.50
235.00
269.50
248.00
245.00
258.00
240.00
255.50
242.50
239.00
240.00
245.00
257.00
252.00
249.00
283.00
242.00
246.00
271.00
265.00
239.50
235.50
252.00
232.50
270.50
254.00
256.00
259.00
254.00
246.50
226.00
267.00
251.50
246.50
240.50
246.50
248.50
271.00
257.00
263.00
265.00
259.50
242.50
239.00
248.00
262.00
260.00
248.00
246.50
248.50
254.00
260.00
251.00
259.00
260.00
253.00
226.50
237.50
218.00
248.00
242.50
260.50
269.00
240.00
239.00
237.00
242.00
242.50
269.00
265.50
249.50
255.50
254.00
265.35
234.00
260.00
236.00
239.50
253.50
243.00
246.50
251.50
269.00
287.00
236.50
270.50
232.00
247.50
261.50
253.00
265.50
257.00
255.00
262.50
233.00
259.00
275.00
239.50
249.00
261.00
239.50
233.00
238.00
249.00
240.50
254.50
239.00
267.00
265.50
235.50
254.00
250.00
267.50
261.00
243.50
270.00
261.50
244.50
248.50
251.50
247.00
244.50
240.50
239.50
234.50
257.00
241.00
253.00
275.00
254.00
260.00
246.00
231.00
266.00
240.50
261.50
252.00
233.00
259.00
264.00
257.50
249.00
271.50
248.50
249.00
263.50
264.00
261.00
242.00
260.00
242.50
253.50
246.00
