19.36
161.00
240.00
240.00
264.50
228.50
246.00
257.50
259.50
245.00
212.50
268.50
226.00
259.50
244.50
256.00
272.50
258.00
252.00
265.50
245.00
259.00
264.00
247.50
248.50
251.50
226.50
262.50
255.00
260.50
249.00
263.00
248.00
248.00
245.00
251.00
240.00
248.00
259.00
245.00
246.50
249.50
240.00
256.00
272.00
238.50
259.50
254.00
250.00
254.50
255.00
256.50
259.00
253.00
248.00
263.00
249.00
237.62
256.00
257.00
263.00
246.00
258.00
263.50
240.50
256.00
265.00
247.00
272.00
256.50
248.00
263.50
246.50
249.50
235.50
236.50
248.00
228.50
251.50
256.00
256.00
247.50
258.50
238.00
248.50
247.50
256.00
245.00
265.50
239.00
259.00
255.50
256.00
257.00
242.00
261.00
248.00
248.00
246.50
250.00
247.50
243.00
253.00
248.00
236.00
262.00
254.00
264.00
271.50
264.50
248.00
256.00
248.50
247.50
232.00
247.00
281.00
255.00
262.00
227.50
258.00
253.50
249.00
254.00
265.00
248.00
240.00
240.00
256.00
256.00
222.00
258.00
256.00
244.00
252.00
256.00
256.00
280.00
240.00
248.00
264.50
244.50
227.00
262.00
253.50
260.50
247.00
249.00
263.50
248.50
240.00
249.50
238.50
257.50
251.50
267.00
272.00
248.00
232.00
264.00
256.00
256.00
240.00
248.50
255.50
256.00
232.00
243.00
278.00
247.00
264.00
244.50
232.50
247.00
236.00
256.00
249.00
257.50
245.50
240.00
241.50
238.50
255.50
240.50
251.00
261.00
256.00
261.00
256.00
235.00
232.00
253.00
251.50
247.50
246.00
266.00
264.00
261.50
251.00
249.00
262.50
240.00
240.00
254.00
242.00
246.50
255.00
258.50
243.50
244.50
272.00
240.00
240.00
244.50
251.50
247.50
253.50
225.00
244.00
230.00
248.00
256.00
237.62
256.50
253.50
246.50
283.50
269.00
267.00
224.00
240.00
248.00
275.50
270.00
254.50
245.50
251.50
243.00
254.50
261.50
251.50
236.50
256.00
263.00
230.50
230.50
244.00
264.00
240.00
264.00
272.00
256.00
272.00
256.00
272.00
238.50
238.50
244.50
260.00
244.50
246.00
263.50
248.50
267.50
252.50
264.00
248.00
263.00
248.00
254.50
274.50
247.50
264.00
228.00
252.50
264.00
250.50
237.50
256.00
250.00
261.50
256.50
264.00
238.00
266.00
264.00
254.00
242.00
259.00
266.50
239.00
251.50
272.00
248.00
262.00
250.00
240.00
248.00
242.50
279.00
253.50
257.00
241.00
231.00
240.50
271.50
261.00
262.50
247.00
253.50
234.50
245.50
256.00
253.50
242.50
251.50
252.50
264.00
236.00
256.50
263.00
247.00
261.50
248.00
261.00
267.00
262.50
260.50
249.00
249.00
251.00
223.00
257.00
253.50
236.00
233.00
261.50
267.50
250.00
266.50
232.00
248.00
249.00
246.50
247.50
257.00
272.00
232.00
256.00
256.00
267.50
252.50
258.50
233.50
250.00
242.00
240.00
240.00
258.50
269.50
256.00
243.50
245.50
257.50
253.50
257.00
247.00
248.00
256.00
240.00
240.00
252.50
275.50
264.00
283.00
256.00
261.00
240.00
232.00
266.50
266.00
267.50
263.50
256.50
240.00
240.00
256.00
248.00
250.50
235.15
268.00
245.00
270.00
265.00
256.00
262.00
258.00
249.50
241.00
216.50
261.00
236.00
268.00
256.00
241.00
256.00
239.00
248.00
240.00
243.00
268.00
241.00
235.00
269.00
256.00
248.00
265.00
267.00
263.00
254.50
262.50
246.50
265.50
241.00
239.00
269.00
243.00
248.00
232.00
240.00
256.00
235.00
237.00
257.50
254.50
248.50
258.00
253.50
263.50
256.50
264.00
248.00
262.50
252.50
229.00
255.50
240.50
252.00
268.00
240.50
263.50
247.50
250.00
262.50
240.00
240.00
248.00
256.00
231.00
257.00
256.00
240.00
241.50
243.00
260.50
239.00
264.00
251.00
253.00
