write_job: (g=0): rw=write, bs=1M-1M/1M-1M/1M-1M, ioengine=libaio, iodepth=64
fio-2.1.10
Starting 1 process

write_job: (groupid=0, jobs=1): err= 0: pid=5186: Wed Sep 30 21:19:21 2015
  write: io=235520MB, bw=520322KB/s, iops=508, runt=463506msec
    slat (usec): min=34, max=251, avg=167.29, stdev=17.26
    clat (msec): min=3, max=248, avg=125.78, stdev= 1.69
     lat (msec): min=3, max=248, avg=125.94, stdev= 1.69
    clat percentiles (msec):
     |  1.00th=[  126],  5.00th=[  126], 10.00th=[  126], 20.00th=[  126],
     | 30.00th=[  126], 40.00th=[  126], 50.00th=[  126], 60.00th=[  126],
     | 70.00th=[  126], 80.00th=[  127], 90.00th=[  127], 95.00th=[  127],
     | 99.00th=[  127], 99.50th=[  128], 99.90th=[  128], 99.95th=[  129],
     | 99.99th=[  204]
    bw (KB  /s): min=518144, max=522240, per=100.00%, avg=520852.25, stdev=606.92
    lat (msec) : 4=0.01%, 10=0.01%, 20=0.01%, 50=0.01%, 100=0.01%
    lat (msec) : 250=99.98%
  cpu          : usr=5.09%, sys=5.96%, ctx=242180, majf=0, minf=28
  IO depths    : 1=0.1%, 2=0.1%, 4=0.1%, 8=0.1%, 16=0.1%, 32=0.1%, >=64=100.0%
     submit    : 0=0.0%, 4=100.0%, 8=0.0%, 16=0.0%, 32=0.0%, 64=0.0%, >=64=0.0%
     complete  : 0=0.0%, 4=100.0%, 8=0.0%, 16=0.0%, 32=0.0%, 64=0.1%, >=64=0.0%
     issued    : total=r=0/w=235520/d=0, short=r=0/w=0/d=0
     latency   : target=0, window=0, percentile=100.00%, depth=64

Run status group 0 (all jobs):
  WRITE: io=235520MB, aggrb=520322KB/s, minb=520322KB/s, maxb=520322KB/s, mint=463506msec, maxt=463506msec

Disk stats (read/write):
  sda: ios=84/471003, merge=0/0, ticks=4/58996968, in_queue=58999308, util=100.00%
