17.48
171.50
208.75
221.25
228.50
227.25
217.75
226.00
220.00
220.75
218.25
218.00
216.00
220.00
224.25
226.00
216.25
217.00
228.75
220.00
216.25
224.25
210.75
218.50
217.25
219.50
218.00
213.25
218.50
205.25
206.25
224.50
226.75
209.25
231.00
220.00
218.25
216.00
219.00
222.50
222.75
218.00
227.75
220.00
220.75
230.50
219.00
221.00
216.50
229.95
217.75
211.75
212.00
221.75
221.50
212.75
227.50
225.25
212.50
219.75
225.75
212.50
217.75
212.00
225.25
229.25
218.50
232.75
222.50
218.50
214.25
222.75
230.75
223.25
220.00
225.75
224.75
213.25
229.75
224.25
217.50
220.25
230.75
223.50
221.25
216.25
228.25
212.00
227.50
216.50
223.50
213.50
222.50
230.75
224.00
215.75
218.00
229.25
213.25
222.25
227.25
219.00
215.00
221.00
227.50
221.25
211.50
235.00
225.00
228.50
217.25
219.25
224.00
231.50
208.75
227.00
218.00
222.50
218.25
229.00
228.00
221.25
222.00
215.75
225.25
224.25
218.50
221.00
223.75
218.50
217.75
221.25
210.50
221.75
218.00
222.50
221.25
214.50
221.50
223.00
217.50
225.50
220.00
225.25
210.50
218.25
228.75
212.50
222.50
223.75
222.50
215.50
222.50
226.25
217.75
214.50
227.50
211.25
214.50
230.50
220.00
202.50
234.75
224.00
221.75
214.75
218.25
221.00
208.50
216.00
224.00
222.50
212.25
218.00
224.00
208.00
222.75
228.75
225.25
215.25
213.50
222.50
221.50
222.00
228.00
231.75
210.75
217.75
220.75
214.25
218.00
233.50
228.25
212.25
221.25
213.00
226.25
217.50
224.00
223.50
213.25
218.25
227.00
235.50
207.50
214.00
217.25
219.25
228.00
230.50
235.00
214.11
215.25
226.50
218.50
217.75
228.25
237.00
218.50
212.00
217.50
223.75
221.00
224.00
229.75
220.25
228.00
227.50
220.75
221.25
222.25
215.00
221.75
209.25
222.00
227.50
216.75
213.75
216.75
228.00
223.50
214.50
226.75
234.50
221.25
238.00
212.25
229.00
223.50
217.75
219.25
225.00
210.75
207.25
216.75
215.25
211.00
222.25
221.00
225.75
221.50
215.75
224.25
223.00
221.25
226.50
213.25
225.75
224.75
214.75
224.50
216.00
226.75
224.75
213.50
218.00
223.75
221.75
221.00
232.50
224.75
221.75
222.75
221.50
226.25
222.50
212.75
233.25
223.75
215.75
219.25
231.00
228.00
221.75
228.00
234.50
218.75
226.25
215.25
219.25
228.25
216.75
215.25
221.25
216.50
226.75
221.50
214.75
210.75
221.00
223.00
236.75
229.00
229.75
223.75
227.25
215.75
224.50
233.25
225.75
216.75
219.00
221.75
224.00
211.25
226.00
217.50
223.75
224.75
221.00
221.00
219.00
229.25
216.75
214.75
205.00
230.50
220.25
215.25
218.25
226.00
219.75
221.25
223.75
224.50
223.50
216.25
231.50
215.75
222.50
225.50
227.50
228.00
219.00
222.50
225.75
226.00
229.25
221.00
229.50
217.25
230.00
212.75
219.00
222.50
220.00
219.50
230.25
227.00
218.25
214.25
225.50
230.25
225.75
219.00
224.01
213.75
225.50
224.25
226.75
221.50
218.50
221.50
224.00
221.75
213.00
225.75
221.00
212.25
219.25
221.25
226.00
225.00
221.50
221.00
221.75
219.50
214.75
224.75
220.25
218.00
218.00
223.50
226.75
216.50
219.50
224.75
224.75
218.25
222.00
221.75
226.75
233.50
222.50
230.75
213.50
231.75
216.50
212.00
217.25
224.50
229.00
211.00
222.25
222.50
223.50
217.75
226.75
229.25
228.00
210.25
221.00
225.75
227.00
219.00
230.25
229.00
226.25
228.75
217.50
224.00
223.00
222.00
224.50
225.25
226.75
216.25
231.50
231.00
215.75
207.50
224.50
222.75
214.75
227.25
215.75
224.50
219.25
219.25
217.25
226.00
211.50
219.75
225.00
214.00
226.00
225.50
224.25
211.50
225.75
219.50
211.50
224.25
221.75
217.75
217.50
226.00
228.25
217.00
226.25
236.75
235.25
215.75
226.50
227.25
222.50
216.75
228.25
228.75
214.00
222.75
215.00
219.00
232.00
223.00
225.75
219.00
227.25
207.75
220.75
222.00
219.50
222.50
223.00
221.50
223.50
217.00
227.50
231.75
209.25
222.50
224.50
228.00
210.50
220.75
225.25
224.50
216.50
225.50
221.50
220.00
216.25
229.75
218.00
212.25
225.75
216.75
226.50
217.50
229.75
222.00
218.00
222.50
