write_job: (g=0): rw=write, bs=256K-256K/256K-256K/256K-256K, ioengine=libaio, iodepth=16
fio-2.1.10
Starting 1 process

write_job: (groupid=0, jobs=1): err= 0: pid=4742: Wed Sep 30 18:21:39 2015
  write: io=235520MB, bw=518233KB/s, iops=2024, runt=465375msec
    slat (usec): min=9, max=139, avg=53.21, stdev= 9.13
    clat (usec): min=2274, max=14734, avg=7846.17, stdev=71.78
     lat (usec): min=2358, max=14802, avg=7899.83, stdev=68.91
    clat percentiles (usec):
     |  1.00th=[ 7776],  5.00th=[ 7776], 10.00th=[ 7776], 20.00th=[ 7776],
     | 30.00th=[ 7840], 40.00th=[ 7840], 50.00th=[ 7840], 60.00th=[ 7840],
     | 70.00th=[ 7840], 80.00th=[ 7904], 90.00th=[ 7904], 95.00th=[ 7904],
     | 99.00th=[ 8256], 99.50th=[ 8256], 99.90th=[ 8256], 99.95th=[ 8512],
     | 99.99th=[ 9408]
    bw (KB  /s): min=515584, max=519168, per=100.00%, avg=518467.17, stdev=440.13
    lat (msec) : 4=0.01%, 10=100.00%, 20=0.01%
  cpu          : usr=5.87%, sys=9.48%, ctx=953827, majf=0, minf=27
  IO depths    : 1=0.1%, 2=0.1%, 4=0.1%, 8=0.1%, 16=100.0%, 32=0.0%, >=64=0.0%
     submit    : 0=0.0%, 4=100.0%, 8=0.0%, 16=0.0%, 32=0.0%, 64=0.0%, >=64=0.0%
     complete  : 0=0.0%, 4=100.0%, 8=0.0%, 16=0.1%, 32=0.0%, 64=0.0%, >=64=0.0%
     issued    : total=r=0/w=942080/d=0, short=r=0/w=0/d=0
     latency   : target=0, window=0, percentile=100.00%, depth=16

Run status group 0 (all jobs):
  WRITE: io=235520MB, aggrb=518232KB/s, minb=518232KB/s, maxb=518232KB/s, mint=465375msec, maxt=465375msec

Disk stats (read/write):
  sda: ios=84/941798, merge=0/0, ticks=8/7378436, in_queue=7376764, util=100.00%
