read_job: (g=0): rw=read, bs=256K-256K/256K-256K/256K-256K, ioengine=libaio, iodepth=32
fio-2.1.10
Starting 1 process

read_job: (groupid=0, jobs=1): err= 0: pid=4882: Wed Sep 30 19:16:17 2015
  read : io=235520MB, bw=551784KB/s, iops=2155, runt=437078msec
    slat (usec): min=8, max=101, avg=42.23, stdev= 4.15
    clat (usec): min=2319, max=28747, avg=14800.92, stdev=64.33
     lat (usec): min=2407, max=28790, avg=14843.46, stdev=63.93
    clat percentiles (usec):
     |  1.00th=[14784],  5.00th=[14784], 10.00th=[14784], 20.00th=[14784],
     | 30.00th=[14784], 40.00th=[14784], 50.00th=[14784], 60.00th=[14784],
     | 70.00th=[14784], 80.00th=[14784], 90.00th=[14784], 95.00th=[14784],
     | 99.00th=[14784], 99.50th=[14784], 99.90th=[14912], 99.95th=[14912],
     | 99.99th=[14912]
    bw (KB  /s): min=549888, max=551936, per=100.00%, avg=551933.65, stdev=69.31
    lat (msec) : 4=0.01%, 10=0.01%, 20=100.00%, 50=0.01%
  cpu          : usr=1.40%, sys=11.43%, ctx=953889, majf=0, minf=2076
  IO depths    : 1=0.1%, 2=0.1%, 4=0.1%, 8=0.1%, 16=0.1%, 32=100.0%, >=64=0.0%
     submit    : 0=0.0%, 4=100.0%, 8=0.0%, 16=0.0%, 32=0.0%, 64=0.0%, >=64=0.0%
     complete  : 0=0.0%, 4=100.0%, 8=0.0%, 16=0.0%, 32=0.1%, 64=0.0%, >=64=0.0%
     issued    : total=r=942080/w=0/d=0, short=r=0/w=0/d=0
     latency   : target=0, window=0, percentile=100.00%, depth=32

Run status group 0 (all jobs):
   READ: io=235520MB, aggrb=551783KB/s, minb=551783KB/s, maxb=551783KB/s, mint=437078msec, maxt=437078msec

Disk stats (read/write):
  sda: ios=941781/0, merge=0/0, ticks=13929540/0, in_queue=13927968, util=100.00%
