write_job: (g=0): rw=write, bs=256K-256K/256K-256K/256K-256K, ioengine=libaio, iodepth=32
fio-2.1.10
Starting 1 process

write_job: (groupid=0, jobs=1): err= 0: pid=4770: Wed Sep 30 18:29:25 2015
  write: io=235520MB, bw=518139KB/s, iops=2023, runt=465459msec
    slat (usec): min=10, max=123, avg=53.25, stdev= 9.09
    clat (usec): min=2306, max=30574, avg=15752.73, stdev=116.75
     lat (usec): min=2330, max=30624, avg=15806.44, stdev=115.19
    clat percentiles (usec):
     |  1.00th=[15680],  5.00th=[15680], 10.00th=[15680], 20.00th=[15680],
     | 30.00th=[15680], 40.00th=[15680], 50.00th=[15680], 60.00th=[15680],
     | 70.00th=[15808], 80.00th=[15808], 90.00th=[15808], 95.00th=[15808],
     | 99.00th=[16192], 99.50th=[16192], 99.90th=[16512], 99.95th=[16768],
     | 99.99th=[17792]
    bw (KB  /s): min=515584, max=519168, per=100.00%, avg=518352.10, stdev=429.71
    lat (msec) : 4=0.01%, 10=0.01%, 20=100.00%, 50=0.01%
  cpu          : usr=5.95%, sys=9.46%, ctx=953825, majf=0, minf=27
  IO depths    : 1=0.1%, 2=0.1%, 4=0.1%, 8=0.1%, 16=0.1%, 32=100.0%, >=64=0.0%
     submit    : 0=0.0%, 4=100.0%, 8=0.0%, 16=0.0%, 32=0.0%, 64=0.0%, >=64=0.0%
     complete  : 0=0.0%, 4=100.0%, 8=0.0%, 16=0.0%, 32=0.1%, 64=0.0%, >=64=0.0%
     issued    : total=r=0/w=942080/d=0, short=r=0/w=0/d=0
     latency   : target=0, window=0, percentile=100.00%, depth=32

Run status group 0 (all jobs):
  WRITE: io=235520MB, aggrb=518139KB/s, minb=518139KB/s, maxb=518139KB/s, mint=465459msec, maxt=465459msec

Disk stats (read/write):
  sda: ios=84/941662, merge=0/0, ticks=8/14823532, in_queue=14822352, util=100.00%
