17.86
181.58
215.50
207.75
201.75
210.00
208.75
205.75
222.25
208.75
209.50
223.75
212.75
209.50
212.00
213.50
211.25
210.50
214.25
201.75
212.00
207.50
211.50
227.00
206.75
211.75
221.50
199.50
208.50
210.25
211.75
219.00
202.75
196.00
216.50
198.00
200.50
209.50
216.25
220.50
205.00
200.75
216.75
215.25
206.75
213.25
215.75
203.75
215.25
218.00
212.25
207.00
220.50
210.00
226.75
217.50
208.25
223.75
207.75
203.25
217.00
213.50
217.00
210.50
214.00
227.75
214.25
219.25
194.50
217.75
198.75
221.25
211.75
221.50
216.50
194.25
206.00
218.50
205.25
203.00
214.50
200.00
220.00
211.25
203.25
203.25
216.50
202.50
210.25
218.75
205.00
216.50
208.50
213.00
221.00
206.50
200.99
209.00
209.75
210.75
218.00
210.00
210.50
213.75
213.25
208.00
226.00
205.75
211.25
217.00
213.25
203.75
198.75
213.25
201.00
220.00
213.75
203.00
208.75
231.00
201.50
227.25
207.25
217.75
209.50
203.75
211.25
213.50
217.75
223.50
214.00
197.00
213.75
218.75
204.75
208.50
223.00
213.50
218.50
212.00
218.25
211.50
209.75
223.50
219.00
206.50
206.00
219.00
215.00
215.00
217.25
215.75
216.75
209.00
213.00
213.25
214.25
205.75
220.75
212.75
211.50
208.00
214.75
211.25
228.25
211.25
202.50
221.00
217.50
204.25
214.25
218.50
207.25
219.75
213.00
224.25
218.00
209.50
215.25
222.00
200.00
223.75
216.75
212.75
213.25
208.75
203.00
217.75
212.25
206.00
212.75
199.00
209.75
207.50
209.75
221.75
217.25
214.75
216.75
201.25
206.00
221.75
207.50
221.25
217.25
211.75
204.50
221.25
213.75
202.50
219.75
208.50
207.25
219.75
211.00
222.00
210.50
197.50
202.25
203.75
219.75
211.75
215.25
217.75
205.25
204.00
203.25
201.00
221.00
218.75
218.75
202.75
216.25
210.00
216.00
210.50
202.25
205.25
211.25
217.50
211.00
211.25
216.00
223.00
201.75
213.00
214.00
218.25
214.75
200.50
209.50
216.50
210.75
201.50
211.00
201.75
194.75
214.25
202.25
213.50
219.25
210.00
220.25
226.25
215.75
227.25
212.75
222.00
213.25
209.50
215.25
208.25
219.25
215.25
210.15
206.25
211.75
212.00
211.50
208.00
220.75
213.00
213.25
209.75
212.00
213.50
213.75
219.50
214.50
211.75
208.75
208.00
205.50
207.75
214.00
204.25
215.00
213.75
213.75
219.00
214.75
203.25
223.75
208.25
201.50
207.50
207.50
197.25
193.50
218.75
207.25
217.25
218.75
201.25
215.00
223.75
208.75
223.75
210.00
195.75
223.75
223.75
214.00
213.50
203.75
202.00
202.75
208.50
208.00
214.00
218.75
197.25
212.50
212.75
211.25
214.00
217.00
206.25
219.75
211.00
213.25
209.00
213.25
215.25
219.25
198.25
207.75
217.25
219.25
216.00
211.25
211.00
220.25
206.50
212.50
215.00
211.50
207.00
207.75
218.00
202.75
223.50
209.00
215.25
224.00
201.75
201.50
208.75
211.00
208.50
220.50
201.00
208.00
211.00
205.00
200.00
222.25
206.25
213.50
221.25
215.00
209.50
213.75
204.00
209.75
211.50
212.50
217.00
214.00
199.50
200.75
214.75
207.25
217.75
203.25
208.75
207.50
220.50
203.25
217.25
210.50
208.25
217.50
211.75
205.25
219.50
219.00
216.75
215.50
194.00
220.25
208.25
216.50
211.25
212.25
214.50
218.75
203.75
220.50
217.50
203.00
205.25
223.75
206.00
205.75
203.00
210.75
223.00
205.50
202.75
201.00
213.75
211.00
207.50
209.25
201.50
235.00
208.75
212.75
220.50
206.50
210.25
217.25
220.25
201.25
213.25
215.50
205.25
207.00
211.25
222.25
216.00
201.73
210.25
217.00
196.25
204.50
203.00
209.00
215.50
211.25
216.00
207.25
215.75
206.00
204.75
208.50
209.75
201.50
216.25
219.50
212.00
212.75
209.50
219.50
215.25
213.75
206.00
219.00
211.00
212.00
209.25
221.00
219.50
205.25
213.00
218.75
201.00
209.75
219.75
208.00
221.00
217.75
203.00
224.50
211.00
215.25
214.50
199.50
222.00
213.25
192.50
197.50
206.50
205.50
198.75
211.25
207.50
214.50
204.75
209.50
211.00
208.50
213.50
210.50
215.50
208.75
203.25
218.50
209.50
211.00
223.00
208.75
215.50
211.25
211.00
214.75
215.75
205.50
211.75
216.25
207.25
225.75
208.50
205.75
212.50
213.50
212.25
216.25
204.75
216.75
217.50
204.00
210.75
213.50
201.75
210.00
213.50
213.25
215.25
221.50
193.00
219.50
211.25
209.00
209.75
206.25
