17.58
190.75
244.25
249.25
244.75
250.50
249.25
239.75
255.00
241.75
243.75
243.25
244.50
247.00
247.50
244.50
246.00
251.75
250.50
241.75
237.50
247.50
241.50
247.50
251.25
243.50
242.50
243.50
256.00
247.50
244.75
243.00
248.50
246.25
238.25
251.50
253.75
243.00
249.50
244.75
255.00
237.25
247.00
245.00
245.25
237.00
243.00
238.00
250.75
242.25
240.75
251.00
244.75
238.25
246.25
242.75
233.50
240.00
256.50
241.25
256.00
240.00
245.25
234.75
251.50
256.00
234.25
251.50
253.50
243.75
251.50
242.00
245.75
245.25
253.00
247.00
248.00
252.00
232.75
253.25
240.75
240.25
248.00
249.75
260.75
238.00
241.75
252.00
238.50
245.25
253.50
235.00
250.25
245.25
245.75
236.50
263.25
246.50
254.75
243.25
248.00
246.25
250.50
238.00
245.50
242.25
244.25
253.25
245.25
250.75
237.50
245.50
251.00
253.50
240.00
245.75
245.50
241.75
238.50
246.25
247.75
236.50
253.25
237.75
245.25
247.00
246.00
249.50
237.25
238.50
239.25
249.75
250.75
239.25
250.25
247.75
245.75
245.50
243.75
249.00
243.25
237.00
241.50
253.00
240.50
249.00
250.25
248.50
244.75
246.75
237.00
243.25
238.00
245.75
249.25
239.25
242.00
240.75
245.50
251.75
252.75
245.50
240.00
256.00
247.00
249.75
245.50
251.00
239.25
235.15
253.00
244.75
253.25
244.25
249.25
237.50
252.25
250.50
242.00
246.00
243.25
242.25
258.75
237.25
248.75
237.00
251.00
254.50
256.75
248.00
239.25
247.25
238.25
249.75
255.25
256.50
239.00
237.75
241.75
249.25
247.50
252.75
235.75
251.75
254.75
243.50
240.00
246.50
241.75
243.00
247.50
252.50
242.50
235.00
247.75
252.25
237.25
242.50
259.50
242.75
261.50
250.50
250.50
240.50
242.50
247.00
242.50
234.75
232.25
240.25
239.00
242.00
243.50
250.00
245.25
243.25
247.00
244.50
257.25
237.75
253.75
241.75
240.25
243.50
246.00
244.25
241.50
240.25
246.50
247.75
250.50
256.75
249.25
240.25
247.75
242.25
244.25
243.00
250.50
239.00
246.75
246.25
256.50
245.50
250.00
255.00
251.50
253.25
243.00
239.25
255.75
245.75
240.25
237.00
245.50
253.00
231.25
238.00
245.25
257.00
251.75
250.00
248.25
252.25
239.75
252.25
254.75
249.75
239.50
252.00
248.75
240.00
249.75
238.25
247.75
245.50
238.25
245.00
251.25
246.75
239.75
237.75
243.75
241.75
244.75
241.75
247.25
247.00
241.50
243.75
252.50
238.75
248.25
246.25
241.25
258.25
249.00
244.00
247.75
237.25
250.75
251.75
251.50
254.50
237.25
254.25
238.25
243.75
241.25
241.50
247.75
246.50
245.75
235.50
248.25
247.00
254.50
247.75
240.84
251.50
252.50
241.75
249.75
242.50
248.25
251.00
236.00
249.25
247.50
238.50
238.00
243.50
250.25
246.25
248.00
239.00
247.25
244.75
241.75
248.25
243.00
242.00
249.25
257.00
238.00
247.25
252.00
243.25
241.00
255.25
255.25
258.25
237.50
255.00
241.75
246.25
235.00
244.75
248.50
249.25
244.25
239.25
250.75
243.00
244.25
251.50
253.25
239.50
238.75
248.75
250.25
241.00
263.00
250.75
249.75
245.75
239.25
250.50
246.00
246.75
251.75
252.00
244.75
252.25
250.00
240.25
249.25
243.00
242.25
246.50
239.50
253.00
238.75
242.75
255.00
234.50
244.75
251.00
245.25
243.00
249.25
238.50
246.00
244.00
239.25
244.00
241.25
243.25
240.75
248.75
245.75
248.00
266.75
258.75
241.50
256.75
248.00
247.00
251.00
254.25
245.50
247.25
245.25
242.75
249.25
250.00
243.00
250.00
248.50
234.50
246.50
254.00
248.50
243.00
246.00
252.75
243.50
252.50
245.00
247.25
248.50
254.00
245.25
241.75
251.75
244.25
243.00
249.25
255.25
244.50
244.50
242.50
245.75
248.75
245.50
252.50
245.00
247.00
247.25
