15.98
315.75
387.00
387.75
387.25
387.25
387.75
388.25
387.50
387.50
387.00
386.75
388.25
358.75
329.75
284.25
262.25
251.00
253.00
244.75
232.50
223.75
216.25
205.75
223.25
221.25
224.75
220.25
216.00
211.00
232.25
217.25
217.25
217.75
218.50
213.75
218.25
220.25
216.50
220.50
205.50
224.25
215.75
226.50
215.25
210.75
215.25
227.00
211.75
217.50
218.25
217.50
214.75
222.25
223.75
216.00
217.00
214.00
212.75
224.50
222.00
211.75
206.50
221.25
210.75
218.00
206.25
217.00
219.75
213.50
211.75
224.25
224.75
222.50
221.00
217.25
218.00
213.00
213.75
229.25
233.25
219.50
219.50
228.25
206.25
211.00
230.25
224.50
222.50
223.00
217.75
217.75
219.75
218.25
236.50
229.25
220.25
226.00
226.00
218.00
219.75
210.00
227.50
216.25
212.00
216.25
216.75
209.75
215.50
228.50
216.75
215.00
214.00
212.75
222.25
238.50
231.00
233.50
226.00
217.50
229.75
221.00
232.75
240.25
248.50
240.00
226.00
227.75
225.75
228.25
233.00
221.25
214.25
216.50
219.75
221.00
208.25
219.50
227.00
219.75
223.75
245.00
246.75
236.00
212.75
214.36
220.25
218.00
214.75
227.25
234.25
227.25
225.00
214.00
222.25
215.75
226.50
204.25
213.25
214.00
210.00
216.50
227.75
216.25
240.50
228.75
229.00
227.50
213.00
218.00
225.50
213.25
214.25
242.00
235.50
239.75
229.25
241.00
244.00
251.00
238.50
218.75
225.00
220.25
222.25
221.25
206.00
218.50
207.25
207.50
215.25
236.00
223.25
252.75
237.50
228.25
214.00
227.75
226.75
232.75
230.00
210.25
208.00
222.75
232.00
232.25
222.75
212.25
225.25
236.25
218.00
202.00
225.75
231.50
236.75
242.25
222.75
251.00
211.25
219.75
220.25
213.50
213.25
211.00
225.00
220.50
219.50
214.25
218.25
229.00
213.00
213.25
224.25
219.50
224.25
209.50
210.25
212.00
217.50
228.75
230.50
232.75
228.75
228.25
236.75
234.75
223.00
229.25
243.75
241.75
243.75
259.50
257.00
250.25
246.25
242.50
236.75
253.50
241.75
256.50
268.25
268.00
273.75
259.50
251.50
272.75
256.00
274.50
279.00
277.75
253.75
262.75
238.25
214.50
221.75
242.25
227.25
213.25
218.50
236.00
240.75
245.75
245.50
270.50
254.25
243.25
249.25
251.25
231.75
229.00
247.00
250.00
230.25
240.00
231.00
242.00
243.00
231.50
241.00
254.50
264.00
283.50
256.25
256.50
258.75
265.25
270.25
257.50
250.00
271.25
252.00
236.25
240.75
229.25
234.50
249.00
250.25
264.00
271.00
275.00
294.75
297.75
259.75
251.00
261.75
259.75
263.00
254.00
264.00
268.50
249.00
271.00
265.10
260.50
259.25
252.25
258.25
266.25
284.75
278.75
268.00
261.00
275.50
266.25
258.25
263.75
283.50
247.25
286.75
290.25
294.00
302.75
292.75
290.00
286.75
277.25
273.25
261.25
261.75
281.75
297.00
304.25
281.50
294.25
281.75
299.50
266.50
266.00
258.50
277.75
299.50
281.25
274.00
265.50
285.25
275.25
265.50
276.25
283.50
271.75
301.00
307.75
321.50
300.75
308.50
304.50
316.75
304.00
289.50
312.25
303.25
302.75
341.50
328.75
352.25
344.50
319.25
313.00
328.25
315.50
346.25
317.00
330.75
359.00
296.75
330.75
319.50
355.75
332.00
339.50
334.75
327.25
344.00
332.00
300.50
327.75
347.50
325.25
323.50
368.25
345.00
335.75
358.25
359.75
351.00
355.50
366.75
381.00
378.50
370.00
378.00
370.00
377.25
383.25
378.25
380.75
386.00
347.25
369.50
375.75
374.25
374.50
380.25
388.00
383.50
385.25
370.50
385.00
372.00
383.25
385.75
387.75
385.75
385.75
384.25
388.00
385.75
388.75
380.25
384.25
386.50
387.00
384.75
381.50
369.75
382.00
384.00
377.00
375.00
367.00
372.25
364.50
370.25
365.00
361.50
368.25
377.25
383.75
387.50
377.75
370.50
374.50
384.50
384.25
387.25
385.75
387.00
389.25
382.75
382.50
388.50
389.25
388.00
388.25
386.25
388.00
387.25
390.50
385.75
384.50
385.75
381.25
385.75
383.25
382.00
386.00
384.50
389.00
383.00
382.75
385.75
387.25
384.16
386.25
386.75
385.75
387.00
386.50
387.75
385.75
387.25
383.75
388.25
387.75
387.00
388.50
387.00
390.50
385.75
386.50
387.00
386.50
387.75
386.75
386.75
387.00
385.75
394.25
387.75
387.75
387.00
384.75
389.00
386.25
386.25
386.00
385.00
390.25
385.00
386.50
384.25
387.50
395.50
387.50
383.75
386.00
387.25
417.50
385.25
387.75
386.25
386.50
416.00
387.00
386.25
385.50
385.50
390.25
385.25
387.25
387.25
387.00
384.75
387.50
387.00
386.25
387.75
390.75
387.00
387.50
388.00
387.25
394.25
387.25
387.50
387.25
388.00
386.75
387.75
386.75
387.50
387.00
387.75
386.50
386.75
387.50
387.25
388.50
386.75
388.00
387.25
388.00
387.50
388.00
387.00
387.00
387.00
387.25
386.50
387.75
388.00
387.25
388.00
388.75
387.25
388.25
387.50
395.00
387.25
387.25
388.75
387.75
393.00
387.25
387.50
388.00
387.25
393.25
388.00
387.50
388.25
387.50
391.25
387.75
387.75
388.50
388.25
390.25
387.75
387.75
387.75
386.75
388.50
387.25
388.00
388.00
388.00
388.25
387.75
387.75
387.25
387.00
391.50
387.00
386.50
387.50
387.50
388.00
387.00
387.75
387.50
388.50
388.50
387.50
387.50
389.00
388.00
392.25
388.50
389.00
388.25
387.75
387.75
388.25
387.25
387.75
387.75
389.00
387.75
387.50
389.75
388.25
388.25
388.50
388.00
388.50
388.75
389.00
388.75
388.75
387.50
387.50
389.00
388.25
388.00
388.25
387.00
389.25
388.25
389.25
385.15
387.75
401.75
387.50
387.75
388.00
388.00
388.75
387.75
388.75
388.50
388.00
388.00
387.25
388.25
387.50
388.00
388.75
387.50
387.75
388.00
387.25
387.50
389.25
387.75
388.00
387.25
388.00
388.25
388.75
387.75
387.25
388.25
388.00
387.50
388.25
387.25
387.50
386.75
387.00
388.50
388.00
387.75
387.75
386.75
387.75
388.50
388.25
387.75
387.00
388.00
387.50
411.75
387.75
388.00
387.25
387.00
388.50
388.75
