rw_job: (g=0): rw=rw, bs=256K-256K/256K-256K/256K-256K, ioengine=libaio, iodepth=4
fio-2.1.10
Starting 1 process

rw_job: (groupid=0, jobs=1): err= 0: pid=4950: Wed Sep 30 20:01:09 2015
  read : io=117751MB, bw=183297KB/s, iops=716, runt=657823msec
    slat (usec): min=9, max=116, avg=48.16, stdev= 8.20
    clat (msec): min=1, max=18, avg= 2.96, stdev= 1.39
     lat (msec): min=1, max=18, avg= 3.01, stdev= 1.39
    clat percentiles (usec):
     |  1.00th=[ 1832],  5.00th=[ 1880], 10.00th=[ 1928], 20.00th=[ 2008],
     | 30.00th=[ 2320], 40.00th=[ 2576], 50.00th=[ 2736], 60.00th=[ 2864],
     | 70.00th=[ 2992], 80.00th=[ 3120], 90.00th=[ 3664], 95.00th=[ 7008],
     | 99.00th=[ 8256], 99.50th=[ 8768], 99.90th=[12352], 99.95th=[12608],
     | 99.99th=[13504]
    bw (KB  /s): min=134144, max=217600, per=100.00%, avg=183422.73, stdev=10221.04
  write: io=117769MB, bw=183325KB/s, iops=716, runt=657823msec
    slat (usec): min=10, max=120, avg=54.27, stdev= 9.04
    clat (usec): min=675, max=17840, avg=2512.88, stdev=1117.86
     lat (usec): min=725, max=17891, avg=2567.59, stdev=1117.69
    clat percentiles (usec):
     |  1.00th=[ 1736],  5.00th=[ 1832], 10.00th=[ 1864], 20.00th=[ 1912],
     | 30.00th=[ 1944], 40.00th=[ 2008], 50.00th=[ 2224], 60.00th=[ 2416],
     | 70.00th=[ 2640], 80.00th=[ 2864], 90.00th=[ 3056], 95.00th=[ 3440],
     | 99.00th=[ 7904], 99.50th=[ 8160], 99.90th=[11328], 99.95th=[12224],
     | 99.99th=[12736]
    bw (KB  /s): min=133120, max=211968, per=100.00%, avg=183454.34, stdev=9671.72
    lat (usec) : 750=0.01%, 1000=0.02%
    lat (msec) : 2=29.51%, 4=64.45%, 10=5.82%, 20=0.19%
  cpu          : usr=2.62%, sys=8.00%, ctx=955126, majf=0, minf=27
  IO depths    : 1=0.1%, 2=0.1%, 4=100.0%, 8=0.0%, 16=0.0%, 32=0.0%, >=64=0.0%
     submit    : 0=0.0%, 4=100.0%, 8=0.0%, 16=0.0%, 32=0.0%, 64=0.0%, >=64=0.0%
     complete  : 0=0.0%, 4=100.0%, 8=0.0%, 16=0.0%, 32=0.0%, 64=0.0%, >=64=0.0%
     issued    : total=r=471003/w=471077/d=0, short=r=0/w=0/d=0
     latency   : target=0, window=0, percentile=100.00%, depth=4

Run status group 0 (all jobs):
   READ: io=117751MB, aggrb=183296KB/s, minb=183296KB/s, maxb=183296KB/s, mint=657823msec, maxt=657823msec
  WRITE: io=117769MB, aggrb=183325KB/s, minb=183325KB/s, maxb=183325KB/s, mint=657823msec, maxt=657823msec

Disk stats (read/write):
  sda: ios=470912/470920, merge=0/0, ticks=1388388/1175348, in_queue=2561752, util=100.00%
