read_job: (g=0): rw=read, bs=256K-256K/256K-256K/256K-256K, ioengine=libaio, iodepth=16
fio-2.1.10
Starting 1 process

read_job: (groupid=0, jobs=1): err= 0: pid=4869: Wed Sep 30 19:08:59 2015
  read : io=235520MB, bw=551771KB/s, iops=2155, runt=437088msec
    slat (usec): min=8, max=167, avg=42.15, stdev= 4.22
    clat (usec): min=2358, max=13900, avg=7378.07, stdev=22.24
     lat (usec): min=2462, max=13942, avg=7420.52, stdev=21.20
    clat percentiles (usec):
     |  1.00th=[ 7328],  5.00th=[ 7392], 10.00th=[ 7392], 20.00th=[ 7392],
     | 30.00th=[ 7392], 40.00th=[ 7392], 50.00th=[ 7392], 60.00th=[ 7392],
     | 70.00th=[ 7392], 80.00th=[ 7392], 90.00th=[ 7392], 95.00th=[ 7392],
     | 99.00th=[ 7392], 99.50th=[ 7392], 99.90th=[ 7456], 99.95th=[ 7456],
     | 99.99th=[ 7456]
    bw (KB  /s): min=549888, max=551936, per=100.00%, avg=551933.07, stdev=71.43
    lat (msec) : 4=0.01%, 10=100.00%, 20=0.01%
  cpu          : usr=1.42%, sys=11.38%, ctx=953881, majf=0, minf=1052
  IO depths    : 1=0.1%, 2=0.1%, 4=0.1%, 8=0.1%, 16=100.0%, 32=0.0%, >=64=0.0%
     submit    : 0=0.0%, 4=100.0%, 8=0.0%, 16=0.0%, 32=0.0%, 64=0.0%, >=64=0.0%
     complete  : 0=0.0%, 4=100.0%, 8=0.0%, 16=0.1%, 32=0.0%, 64=0.0%, >=64=0.0%
     issued    : total=r=942080/w=0/d=0, short=r=0/w=0/d=0
     latency   : target=0, window=0, percentile=100.00%, depth=16

Run status group 0 (all jobs):
   READ: io=235520MB, aggrb=551770KB/s, minb=551770KB/s, maxb=551770KB/s, mint=437088msec, maxt=437088msec

Disk stats (read/write):
  sda: ios=941755/0, merge=0/0, ticks=6937516/0, in_queue=6935916, util=100.00%
