17.38
164.75
206.25
205.00
214.00
222.25
215.75
212.50
210.00
215.75
209.00
209.50
211.75
206.75
222.00
215.25
206.25
216.25
216.25
210.00
223.50
214.50
203.50
202.75
218.00
202.25
210.75
211.00
208.00
211.00
205.50
207.50
215.50
211.75
205.50
213.25
200.50
210.00
198.50
210.50
205.75
219.50
214.50
207.75
208.75
217.25
210.00
218.50
216.00
213.00
204.75
219.50
204.25
209.75
205.50
209.00
216.00
212.00
202.75
220.50
214.50
204.50
213.50
211.75
204.25
209.50
208.00
205.25
229.00
202.25
217.75
213.75
212.75
204.50
212.25
215.75
218.00
210.75
204.25
216.50
217.75
213.75
209.75
213.50
212.25
212.50
215.50
210.25
215.25
211.75
214.00
209.00
216.50
202.50
215.75
208.75
207.18
220.25
212.50
201.50
212.75
223.50
196.25
217.50
213.75
215.75
205.50
212.25
213.75
212.00
209.25
215.75
223.25
212.50
217.00
207.25
210.50
212.00
221.75
202.50
216.75
209.50
207.25
213.00
219.75
213.75
213.25
215.00
203.25
213.75
217.25
213.00
212.75
213.50
212.75
210.75
212.25
196.75
217.00
215.50
194.75
218.50
215.00
202.75
214.25
212.75
214.75
215.50
205.50
214.25
209.50
198.75
215.50
220.25
201.25
223.50
216.25
205.50
211.00
215.75
208.50
222.25
206.75
204.00
209.50
216.25
211.75
211.50
206.25
219.00
218.75
212.75
206.50
210.50
209.25
202.50
212.50
211.25
215.50
204.25
204.75
209.50
208.75
204.25
218.75
214.25
213.25
207.50
200.00
218.00
213.25
208.25
216.00
222.00
202.75
215.25
208.25
207.25
209.25
223.50
216.25
210.50
218.00
199.25
216.00
211.50
216.25
209.75
212.00
210.00
214.75
218.25
209.75
211.00
209.25
203.75
214.50
215.25
219.00
227.00
208.00
205.50
213.50
202.75
213.50
225.00
214.75
210.50
211.00
197.75
210.00
210.50
204.75
219.25
216.25
202.75
223.00
222.50
204.75
216.75
208.50
206.00
210.75
204.25
214.50
219.50
204.25
205.00
213.00
208.25
216.00
209.00
209.75
223.50
218.75
212.75
222.25
213.50
210.75
206.75
210.50
213.25
212.25
208.75
195.25
207.00
203.50
207.50
204.75
208.25
216.50
220.75
195.75
215.75
216.83
205.75
222.75
208.00
207.50
212.25
208.00
206.75
217.00
210.00
211.75
214.75
204.00
212.25
217.50
205.75
216.25
227.00
208.25
213.25
216.00
206.00
216.25
216.00
209.75
209.50
212.50
215.50
208.50
211.75
217.50
215.75
215.25
217.25
218.00
211.75
212.25
213.25
211.25
215.75
209.50
214.50
204.00
209.00
213.50
207.75
211.00
205.25
205.25
215.00
219.75
213.00
223.75
219.00
215.00
210.75
209.75
215.75
222.25
220.25
203.75
216.25
206.75
205.00
212.75
214.75
205.75
213.25
213.00
207.00
209.75
206.00
221.50
213.00
204.00
209.50
207.25
202.00
211.00
207.00
210.75
219.50
208.25
212.00
218.00
209.75
216.00
210.50
216.75
210.25
207.75
215.25
219.00
217.00
215.75
208.50
216.25
219.00
211.00
220.50
217.75
211.00
206.00
215.50
205.50
215.75
206.50
210.75
211.50
215.25
213.25
215.75
202.75
207.50
216.00
206.00
224.50
213.25
206.00
209.25
223.25
204.75
219.50
206.50
209.25
209.75
212.75
210.25
211.50
213.75
205.00
211.50
200.00
212.25
208.00
217.75
213.00
218.25
202.25
216.25
208.25
196.50
214.00
212.25
207.75
211.50
209.25
222.25
207.75
196.25
222.00
224.00
200.75
203.75
222.00
210.75
225.75
215.50
208.00
222.50
212.25
213.00
199.25
211.00
206.75
212.25
214.75
206.00
212.75
210.50
217.50
213.50
209.50
216.25
216.25
204.50
201.00
213.50
203.22
222.00
211.50
227.25
209.50
225.25
213.75
203.00
219.25
212.00
214.75
210.75
212.50
213.50
216.75
211.25
215.00
213.75
205.75
213.75
216.50
209.75
201.25
214.75
206.00
221.75
205.00
199.50
214.00
216.25
199.75
209.50
214.00
209.50
212.75
210.00
214.50
204.50
205.50
211.75
207.25
207.25
207.75
211.25
208.00
213.25
210.25
215.00
216.25
222.25
213.25
227.75
205.25
213.00
216.75
213.50
203.75
219.75
218.25
203.25
217.25
205.75
213.75
213.75
209.25
215.75
210.50
205.75
214.75
198.75
206.00
214.50
213.75
210.50
215.50
209.50
215.75
214.25
215.50
214.75
211.25
211.25
209.75
214.75
208.00
206.25
214.00
214.25
206.75
214.75
200.25
220.00
208.00
212.75
210.00
203.75
205.50
218.00
204.50
220.50
213.50
210.75
212.00
215.50
214.00
