17.68
184.50
242.75
246.00
254.75
252.50
257.50
237.75
252.50
243.25
245.25
245.75
249.00
248.75
255.50
246.00
249.25
252.75
252.25
242.00
241.50
246.50
239.75
248.75
244.00
246.75
244.50
246.25
256.00
246.00
254.50
245.75
243.50
245.25
242.25
255.50
249.75
244.00
256.00
242.50
253.25
245.75
249.00
251.00
237.25
247.75
242.75
226.75
248.00
240.00
248.25
240.75
242.75
242.00
248.50
243.75
235.25
243.50
255.50
246.00
257.00
246.50
252.25
231.50
253.00
258.25
241.75
256.00
254.50
248.50
247.25
252.00
248.75
253.00
252.00
260.00
241.25
252.75
249.50
245.00
244.00
249.00
253.50
258.25
249.50
236.50
254.75
244.00
253.75
250.25
246.78
240.50
249.25
251.75
244.00
254.75
255.00
259.00
245.50
249.25
250.25
252.75
233.75
251.00
239.25
253.75
254.25
250.25
247.25
242.00
241.00
249.50
256.00
242.50
249.75
253.50
245.75
240.75
248.25
250.00
238.25
255.25
238.50
243.00
250.50
250.00
251.25
239.75
238.00
239.75
252.50
248.75
244.75
254.50
253.25
241.00
251.00
248.00
249.00
243.75
238.25
243.00
254.75
242.25
252.00
252.50
242.25
247.75
245.50
244.50
243.00
244.75
249.50
246.00
245.50
245.50
241.25
247.50
255.75
258.25
239.50
247.00
248.25
256.75
253.50
255.50
242.00
235.75
248.00
250.75
251.75
253.75
246.75
248.00
241.25
248.50
252.75
241.00
249.75
243.75
252.50
255.00
242.75
245.00
242.25
262.25
254.50
262.50
245.25
245.00
242.50
246.75
255.50
259.50
254.25
240.75
242.75
246.75
242.00
256.75
247.25
254.50
255.50
254.00
246.00
245.75
248.00
247.00
249.75
249.50
242.00
239.75
250.00
249.75
248.75
244.75
262.25
251.00
260.25
253.00
251.25
247.00
243.75
252.50
239.50
241.50
230.50
243.25
241.75
247.25
248.25
256.25
241.75
245.50
255.25
248.25
254.25
242.75
255.25
239.75
246.00
252.00
249.50
240.50
243.25
243.00
248.25
249.50
240.10
246.25
254.50
248.00
250.00
244.50
248.50
254.00
244.50
253.50
240.75
247.25
261.75
244.00
259.50
267.00
247.25
253.25
237.50
247.00
252.25
244.50
242.50
240.00
259.25
241.25
238.50
243.00
249.50
261.75
255.50
262.50
246.25
251.50
247.00
254.00
253.25
248.00
252.50
244.00
252.25
241.25
249.25
251.50
245.50
246.00
242.00
253.75
258.50
238.25
246.50
249.25
248.25
248.25
248.25
252.00
249.25
248.00
251.50
250.50
248.75
248.25
248.25
241.25
253.00
254.00
250.50
249.50
243.50
256.75
252.25
257.75
258.25
240.25
253.25
244.00
247.25
252.00
244.00
253.50
250.00
248.00
239.50
245.25
257.25
263.25
246.00
243.50
260.25
246.00
256.50
242.00
247.25
254.75
245.75
250.50
252.50
247.50
241.00
243.50
244.00
255.00
249.00
240.25
250.25
245.25
238.75
244.75
248.75
238.50
248.75
249.50
250.50
242.00
258.25
249.25
244.25
245.00
254.75
265.75
246.25
257.00
247.25
255.50
228.00
249.00
247.75
251.50
247.00
249.25
242.50
253.75
246.50
256.25
260.00
247.75
232.00
254.25
257.50
241.25
264.25
252.25
262.00
253.00
246.25
249.75
247.25
251.50
251.25
254.50
248.50
258.75
249.25
240.50
251.00
248.50
242.00
249.00
238.50
256.50
237.75
243.25
253.50
238.00
244.25
259.25
245.79
244.50
250.25
242.25
247.75
246.00
243.50
233.00
246.25
238.25
247.00
254.00
245.75
252.00
262.00
263.25
246.75
253.50
251.00
247.25
260.50
258.00
239.75
247.25
246.50
240.25
249.00
258.75
241.00
249.50
245.25
241.00
246.50
243.50
255.00
250.50
244.50
258.75
243.25
252.50
247.00
244.75
249.25
247.00
244.75
243.00
250.00
245.25
245.25
248.00
244.00
250.50
243.25
240.75
247.50
236.50
264.50
243.25
246.50
247.75
254.50
