write_job: (g=0): rw=write, bs=256K-256K/256K-256K/256K-256K, ioengine=libaio, iodepth=1
fio-2.1.10
Starting 1 process

write_job: (groupid=0, jobs=1): err= 0: pid=4691: Wed Sep 30 18:06:08 2015
  write: io=235520MB, bw=318086KB/s, iops=1242, runt=758199msec
    slat (usec): min=10, max=126, avg=64.79, stdev= 9.18
    clat (usec): min=489, max=13600, avg=732.90, stdev=363.35
     lat (usec): min=521, max=13671, avg=798.43, stdev=362.65
    clat percentiles (usec):
     |  1.00th=[  524],  5.00th=[  540], 10.00th=[  572], 20.00th=[  572],
     | 30.00th=[  572], 40.00th=[  572], 50.00th=[  572], 60.00th=[  572],
     | 70.00th=[  804], 80.00th=[  860], 90.00th=[ 1048], 95.00th=[ 1400],
     | 99.00th=[ 2128], 99.50th=[ 2448], 99.90th=[ 4448], 99.95th=[ 5600],
     | 99.99th=[ 7264]
    bw (KB  /s): min=190976, max=446976, per=100.00%, avg=318297.29, stdev=76790.05
    lat (usec) : 500=0.01%, 750=68.31%, 1000=20.67%
    lat (msec) : 2=9.70%, 4=1.19%, 10=0.12%, 20=0.01%
  cpu          : usr=4.00%, sys=8.20%, ctx=960628, majf=0, minf=27
  IO depths    : 1=100.0%, 2=0.0%, 4=0.0%, 8=0.0%, 16=0.0%, 32=0.0%, >=64=0.0%
     submit    : 0=0.0%, 4=100.0%, 8=0.0%, 16=0.0%, 32=0.0%, 64=0.0%, >=64=0.0%
     complete  : 0=0.0%, 4=100.0%, 8=0.0%, 16=0.0%, 32=0.0%, 64=0.0%, >=64=0.0%
     issued    : total=r=0/w=942080/d=0, short=r=0/w=0/d=0
     latency   : target=0, window=0, percentile=100.00%, depth=1

Run status group 0 (all jobs):
  WRITE: io=235520MB, aggrb=318085KB/s, minb=318085KB/s, maxb=318085KB/s, mint=758199msec, maxt=758199msec

Disk stats (read/write):
  sda: ios=84/941988, merge=0/0, ticks=8/673792, in_queue=671476, util=88.61%
