rw_job: (g=0): rw=rw, bs=256K-256K/256K-256K/256K-256K, ioengine=libaio, iodepth=1
fio-2.1.10
Starting 1 process

rw_job: (groupid=0, jobs=1): err= 0: pid=4922: Wed Sep 30 19:50:11 2015
  read : io=117751MB, bw=103757KB/s, iops=405, runt=1162109msec
    slat (usec): min=9, max=124, avg=57.56, stdev= 8.47
    clat (usec): min=487, max=17933, avg=1763.79, stdev=1382.67
     lat (usec): min=516, max=17994, avg=1821.96, stdev=1382.85
    clat percentiles (usec):
     |  1.00th=[  556],  5.00th=[  604], 10.00th=[  620], 20.00th=[  644],
     | 30.00th=[  716], 40.00th=[ 1288], 50.00th=[ 1640], 60.00th=[ 1816],
     | 70.00th=[ 2064], 80.00th=[ 2416], 90.00th=[ 2736], 95.00th=[ 3760],
     | 99.00th=[ 7264], 99.50th=[ 7840], 99.90th=[11456], 99.95th=[11968],
     | 99.99th=[12736]
    bw (KB  /s): min=81408, max=171520, per=100.00%, avg=103844.41, stdev=12493.45
  write: io=117769MB, bw=103773KB/s, iops=405, runt=1162109msec
    slat (usec): min=10, max=129, avg=64.55, stdev= 9.36
    clat (usec): min=486, max=3382, avg=567.01, stdev=30.16
     lat (usec): min=519, max=3451, avg=632.26, stdev=33.89
    clat percentiles (usec):
     |  1.00th=[  524],  5.00th=[  540], 10.00th=[  540], 20.00th=[  548],
     | 30.00th=[  572], 40.00th=[  572], 50.00th=[  572], 60.00th=[  572],
     | 70.00th=[  572], 80.00th=[  572], 90.00th=[  572], 95.00th=[  572],
     | 99.00th=[  596], 99.50th=[  628], 99.90th=[  940], 99.95th=[  940],
     | 99.99th=[ 1240]
    bw (KB  /s): min=80384, max=168960, per=100.00%, avg=103863.95, stdev=12274.03
    lat (usec) : 500=0.01%, 750=65.08%, 1000=2.55%
    lat (msec) : 2=16.38%, 4=13.50%, 10=2.37%, 20=0.12%
  cpu          : usr=1.84%, sys=5.75%, ctx=958569, majf=0, minf=27
  IO depths    : 1=100.0%, 2=0.0%, 4=0.0%, 8=0.0%, 16=0.0%, 32=0.0%, >=64=0.0%
     submit    : 0=0.0%, 4=100.0%, 8=0.0%, 16=0.0%, 32=0.0%, 64=0.0%, >=64=0.0%
     complete  : 0=0.0%, 4=100.0%, 8=0.0%, 16=0.0%, 32=0.0%, 64=0.0%, >=64=0.0%
     issued    : total=r=471003/w=471077/d=0, short=r=0/w=0/d=0
     latency   : target=0, window=0, percentile=100.00%, depth=1

Run status group 0 (all jobs):
   READ: io=117751MB, aggrb=103756KB/s, minb=103756KB/s, maxb=103756KB/s, mint=1162109msec, maxt=1162109msec
  WRITE: io=117769MB, aggrb=103773KB/s, minb=103773KB/s, maxb=103773KB/s, mint=1162109msec, maxt=1162109msec

Disk stats (read/write):
  sda: ios=470994/470990, merge=0/0, ticks=820104/259192, in_queue=1076868, util=92.73%
