17.96
191.58
217.50
218.25
220.25
209.75
216.75
220.50
228.25
209.00
227.75
225.75
220.25
221.75
223.50
214.25
209.25
223.00
217.25
210.25
208.25
227.25
236.50
215.75
221.75
228.75
210.75
213.25
220.25
210.00
219.25
209.50
209.75
220.25
212.75
228.00
218.00
223.75
229.25
224.25
214.50
228.00
219.25
217.25
221.25
213.50
224.50
227.50
224.50
215.10
234.25
213.75
232.75
221.00
217.25
227.50
220.00
220.75
219.25
227.00
223.25
225.50
227.00
233.00
223.00
212.00
228.00
209.75
232.25
221.50
227.00
226.25
210.25
212.75
224.75
223.25
212.00
214.50
222.50
226.25
218.00
218.00
219.75
216.75
210.00
224.25
218.00
229.00
208.75
231.00
228.75
217.75
211.25
216.75
219.25
225.25
225.50
218.50
226.50
212.50
220.75
231.00
225.50
213.50
225.75
222.25
222.25
202.25
229.75
206.50
230.00
218.75
216.25
215.50
238.00
212.00
234.50
224.25
224.75
215.00
211.50
232.00
218.50
235.75
225.00
212.00
211.50
228.00
224.25
213.75
221.50
226.75
234.75
209.50
234.00
223.50
216.75
227.75
226.50
221.50
209.00
230.50
226.25
218.75
232.00
229.25
218.50
220.75
225.50
218.50
220.50
218.50
227.75
223.25
210.75
220.50
222.75
232.25
215.75
216.50
229.25
227.25
209.25
223.00
226.75
215.50
227.00
230.00
225.25
224.50
224.75
217.50
231.50
228.50
224.75
218.25
223.50
217.00
218.50
209.50
229.50
225.00
219.75
214.00
219.00
216.50
217.00
224.75
231.50
217.50
223.75
214.75
216.25
223.25
217.25
237.00
214.50
212.50
228.50
225.00
217.75
221.00
225.25
214.50
225.25
219.00
233.00
220.00
202.50
219.75
208.50
224.26
222.25
227.50
229.75
212.25
211.50
218.00
225.00
220.75
230.50
230.25
219.75
218.25
228.25
231.00
207.00
211.50
221.50
224.50
225.00
221.75
225.00
229.00
212.50
215.50
226.50
227.50
218.25
222.00
221.00
222.00
218.75
208.00
223.25
201.25
216.00
221.50
226.50
229.75
218.75
220.00
232.25
231.75
236.75
227.00
223.00
229.75
224.00
213.75
221.00
235.75
220.50
215.00
216.25
221.75
234.00
207.75
224.50
240.50
215.50
224.25
222.75
225.50
221.00
225.25
220.75
226.00
208.75
216.75
223.00
220.75
214.75
229.25
221.50
222.00
220.75
224.00
229.50
219.50
219.75
226.25
212.50
215.75
210.00
206.50
223.25
220.00
221.25
229.75
209.25
224.25
220.25
232.25
229.25
210.25
220.75
237.25
227.00
221.50
216.50
212.75
215.25
211.50
227.00
221.50
226.00
209.50
222.25
219.00
226.00
216.25
229.50
220.25
223.00
222.00
227.75
222.00
220.75
231.00
221.50
215.00
218.25
228.25
228.50
224.25
221.50
234.50
213.25
219.75
219.25
225.50
214.75
218.75
223.25
227.50
223.00
215.00
232.75
219.25
214.00
217.25
215.00
229.50
213.50
216.25
216.75
224.75
212.00
211.50
235.50
218.50
221.25
224.75
230.50
220.00
221.50
220.50
221.75
219.00
230.50
227.00
221.75
203.75
214.00
229.21
226.50
202.50
216.25
228.50
228.50
217.00
224.25
223.50
223.00
216.00
216.50
224.25
230.25
230.50
228.25
217.75
214.75
225.75
222.75
221.50
220.00
237.75
226.25
216.25
229.00
227.25
217.50
213.25
225.50
221.50
213.75
208.75
232.25
226.25
214.25
211.50
211.75
229.25
211.25
215.00
222.75
234.00
224.50
223.00
233.00
221.00
214.25
226.50
228.25
215.25
219.25
229.00
219.25
212.00
230.25
237.25
223.00
207.75
229.00
221.75
212.75
206.75
211.50
228.50
220.75
221.25
218.75
226.25
224.50
212.25
213.75
222.25
212.50
227.50
229.00
215.50
227.00
221.00
219.75
232.00
225.00
217.25
229.50
226.75
212.50
230.75
230.50
219.25
218.25
228.25
220.75
216.00
227.25
223.75
231.50
220.00
227.00
233.00
226.00
215.50
221.75
228.00
219.75
207.00
212.00
209.50
219.00
214.25
217.00
222.25
219.50
214.25
218.00
225.25
216.25
225.75
224.00
220.25
217.00
221.00
228.00
225.75
225.25
228.75
221.00
222.25
220.00
224.00
227.50
212.00
219.00
223.50
223.50
222.75
221.75
228.00
218.00
216.75
228.50
223.50
217.00
227.00
227.75
222.00
211.75
222.25
219.00
229.25
218.50
225.50
234.50
202.25
219.75
223.50
229.75
210.75
214.00
