17.68
132.33
151.50
149.25
150.75
144.50
150.50
142.25
143.00
141.50
150.00
162.00
144.75
143.25
150.25
151.75
150.50
158.00
152.50
146.75
146.00
143.75
140.00
144.50
131.50
136.50
139.75
133.00
133.25
132.25
142.00
146.50
155.50
155.50
147.75
149.75
145.50
152.25
139.00
150.00
143.75
148.25
148.50
149.25
145.50
148.00
139.25
129.00
145.75
155.50
141.25
139.11
148.25
139.75
130.75
142.00
119.25
123.25
119.00
111.75
105.00
96.75
102.75
101.50
106.00
99.50
96.75
101.50
100.25
104.75
102.75
93.25
97.00
100.25
98.00
97.75
100.25
109.00
98.25
108.75
90.00
98.00
101.25
110.50
98.00
98.50
102.50
102.25
100.75
103.75
99.75
94.00
104.25
99.50
107.75
100.50
105.25
94.75
92.50
100.00
94.75
104.25
99.50
104.75
99.75
100.25
97.50
95.75
103.00
99.50
98.75
110.00
105.25
99.50
101.50
95.75
102.75
90.25
99.00
102.00
99.00
91.00
100.75
96.50
102.25
98.00
100.25
96.75
104.50
109.00
98.75
97.25
90.50
98.00
97.25
106.00
106.00
94.50
101.75
100.50
97.00
99.00
95.50
103.25
96.50
98.00
97.50
97.25
101.50
103.25
99.00
93.25
95.50
105.75
93.50
104.75
94.75
97.50
95.50
99.25
98.00
103.25
102.50
94.75
102.50
109.25
98.00
92.25
98.00
101.75
101.75
100.75
105.25
98.00
94.50
100.75
100.25
102.25
96.50
89.50
94.75
102.50
97.75
108.25
97.75
104.75
91.25
96.75
96.50
105.75
99.50
100.50
92.75
96.50
102.25
94.00
98.75
100.00
102.75
102.00
99.25
93.75
99.00
103.25
98.00
94.00
102.00
106.00
101.00
92.50
94.00
91.25
106.25
102.00
91.00
93.00
97.50
107.00
95.00
97.25
101.00
101.75
93.75
98.75
97.25
99.75
117.25
96.75
96.75
99.75
104.00
99.01
101.25
93.50
101.50
96.25
100.00
92.50
93.25
98.25
99.25
98.75
105.00
94.75
99.25
102.75
96.00
111.25
95.75
98.00
95.25
94.75
98.50
96.75
99.25
101.75
105.25
97.25
98.00
96.50
95.50
103.00
99.00
99.00
102.00
101.75
96.75
102.25
100.25
97.00
95.00
107.75
101.00
99.75
101.00
96.25
97.75
101.50
102.50
99.75
95.75
97.75
97.00
100.75
88.50
104.50
106.50
92.25
99.00
105.00
103.25
98.75
102.75
99.75
106.00
103.25
93.50
101.25
91.75
98.25
100.00
107.25
99.50
95.50
95.75
98.25
98.25
96.75
100.50
101.75
101.25
100.25
96.50
103.50
101.00
99.25
94.00
98.00
109.50
92.25
98.25
103.00
103.75
98.50
99.00
102.00
94.00
97.75
96.75
100.00
108.00
106.00
87.75
98.50
101.25
95.50
100.25
99.75
100.25
99.75
98.75
95.75
101.25
108.00
99.75
97.75
101.50
104.25
99.50
97.75
94.75
106.25
101.25
94.00
99.25
105.00
105.00
99.50
101.25
102.50
100.75
106.00
95.00
101.50
98.25
99.00
92.50
99.25
104.75
97.75
97.75
89.00
100.25
107.00
95.50
100.75
95.75
97.50
104.00
91.75
94.00
99.00
98.00
95.50
93.75
97.50
99.75
98.75
97.00
98.00
104.25
100.25
92.50
101.00
98.50
100.25
99.00
96.00
89.75
97.75
97.00
97.00
106.75
97.00
96.75
96.00
97.00
110.50
98.25
100.00
93.75
105.25
95.75
98.25
98.25
103.25
102.50
93.81
104.00
95.50
96.00
106.75
97.75
95.25
93.00
94.50
104.75
106.75
94.50
102.00
99.25
96.00
101.75
99.25
102.75
89.25
95.25
96.50
100.50
95.50
92.25
95.75
102.00
100.25
101.25
104.75
95.50
97.25
99.00
102.75
99.75
94.75
96.25
97.25
95.50
96.25
97.50
101.25
91.75
106.25
96.75
107.00
107.50
94.25
102.50
108.50
93.50
97.00
98.25
105.75
96.00
101.00
93.50
101.25
102.25
102.00
86.50
97.25
92.00
103.25
95.00
102.25
99.75
100.75
108.00
96.50
96.75
97.75
104.00
99.75
97.75
93.75
105.75
100.00
91.50
96.00
96.25
100.75
101.25
99.00
98.25
107.00
100.50
99.50
94.75
102.00
100.75
94.00
102.25
108.25
102.00
92.00
99.50
96.50
94.50
104.50
97.75
102.25
93.50
91.00
101.25
100.75
92.00
97.75
96.25
97.25
100.00
99.25
106.50
98.50
98.75
92.75
95.25
103.75
103.00
96.50
105.25
106.25
100.25
104.00
99.25
98.00
99.50
104.50
101.25
100.00
100.00
98.75
106.50
100.25
96.50
94.25
100.25
105.25
103.75
98.50
99.75
98.25
96.75
93.25
101.25
102.25
91.25
99.25
94.50
101.75
106.25
95.50
96.00
93.00
99.75
99.25
106.75
101.00
98.75
98.75
104.00
94.00
101.25
99.00
102.50
100.50
99.50
102.00
101.25
98.25
101.75
99.50
98.50
100.25
97.50
101.00
98.50
98.25
101.00
88.75
95.00
99.75
94.00
96.25
102.97
96.50
97.75
90.25
103.00
98.25
99.00
100.50
90.50
102.00
104.75
100.75
97.00
101.00
99.00
102.00
96.75
96.75
103.50
105.25
94.00
97.00
97.50
97.75
97.75
98.25
94.00
98.50
99.25
98.25
96.75
94.25
94.50
102.00
99.25
93.50
98.75
93.50
111.75
99.75
100.00
96.75
91.25
101.25
102.00
95.25
102.75
100.00
107.75
97.50
100.00
101.25
101.50
92.75
94.25
102.50
100.50
104.50
103.50
100.75
100.50
97.50
96.50
105.50
96.75
95.25
93.50
94.50
100.00
95.75
92.25
96.50
103.25
97.50
99.00
98.50
95.25
99.00
103.75
94.75
91.75
94.25
98.50
97.50
97.75
96.25
96.50
106.75
99.00
93.75
103.25
102.50
94.50
95.75
97.50
105.25
99.25
97.25
96.50
101.50
101.50
103.25
94.50
101.00
97.50
99.75
99.00
104.50
100.00
100.25
98.50
95.75
98.50
92.50
100.00
107.50
96.00
111.00
100.50
98.75
96.00
109.25
93.25
100.25
94.75
102.25
101.25
96.25
101.25
101.75
94.75
100.75
95.25
97.25
102.00
96.50
101.25
96.50
96.00
101.75
105.75
95.75
96.75
98.00
105.75
95.75
99.00
88.75
102.25
107.50
96.75
106.50
95.75
97.00
97.25
90.25
97.00
101.50
97.00
96.25
98.50
101.00
102.00
96.25
99.50
97.50
94.75
104.75
97.25
97.50
94.00
99.00
96.25
99.25
92.00
101.50
104.25
107.00
91.50
92.25
103.50
103.00
105.25
98.00
99.00
101.50
96.78
101.50
99.25
105.75
95.75
99.25
96.50
98.50
104.50
103.00
96.00
98.75
102.00
105.00
95.75
98.50
102.25
96.25
96.50
92.25
91.00
100.25
100.00
100.50
96.00
95.75
109.00
96.50
94.50
92.75
102.00
98.25
100.00
95.25
94.75
107.75
98.75
98.25
91.50
107.50
96.50
94.50
100.50
94.25
101.00
103.50
94.75
96.50
101.75
97.25
105.00
96.00
108.25
102.75
104.50
102.75
99.25
105.50
96.25
99.25
94.50
96.50
99.25
99.25
93.50
99.25
100.25
100.50
99.00
98.50
101.25
97.50
99.00
104.00
101.25
99.75
96.25
91.75
98.75
104.75
101.50
102.00
97.75
94.75
95.50
98.00
95.25
95.50
103.00
98.25
99.75
99.25
95.50
92.25
98.25
92.50
99.00
106.50
92.75
102.25
102.00
96.75
90.75
100.00
95.25
93.75
87.50
98.25
99.00
102.25
99.25
100.00
88.25
101.75
102.50
97.75
96.25
99.00
105.00
113.25
92.00
101.25
105.00
101.00
94.00
97.50
104.75
91.50
99.75
99.75
96.50
101.75
101.00
103.75
97.50
95.25
97.25
95.00
97.75
95.75
101.25
96.25
96.50
97.00
94.75
100.50
100.00
102.75
106.50
106.50
103.50
96.25
94.75
99.25
98.25
95.75
104.00
107.75
101.50
94.50
91.00
99.75
93.00
94.25
94.25
99.00
93.50
100.75
109.25
99.00
95.25
99.50
95.50
104.25
96.25
95.75
105.50
90.50
92.25
105.00
98.50
97.75
94.06
96.25
99.75
99.75
97.25
97.00
93.50
102.25
103.50
102.25
101.25
98.00
102.75
98.75
96.25
101.25
92.50
105.00
98.75
94.25
108.25
101.50
96.50
101.25
97.25
96.75
103.75
101.75
97.25
101.75
100.50
94.75
93.00
99.50
104.75
102.00
97.00
99.50
104.50
92.00
99.75
97.00
106.00
94.75
106.00
93.50
94.00
98.25
103.25
96.75
104.00
105.75
97.00
96.75
100.25
107.50
101.75
97.50
95.75
102.25
103.25
100.00
101.25
93.25
105.50
98.00
99.75
96.00
101.50
95.50
100.00
96.50
102.25
93.75
91.25
94.25
89.25
94.00
97.50
92.50
98.75
97.25
107.00
99.25
92.00
102.25
95.25
101.75
97.25
90.00
104.25
100.50
95.50
94.25
98.25
96.75
99.50
104.75
99.50
98.00
96.25
99.75
101.00
97.25
99.25
108.00
90.75
96.50
97.25
99.00
99.00
102.25
100.50
101.50
100.00
99.00
95.00
97.75
102.75
103.00
99.00
96.75
102.25
103.50
88.75
101.50
99.00
97.50
100.50
100.25
98.00
97.25
99.75
98.00
93.25
100.00
101.25
102.00
95.00
100.00
97.00
94.75
103.25
100.75
102.50
96.25
94.25
105.50
95.75
94.75
98.75
97.75
102.00
99.25
102.25
95.25
100.25
102.75
98.75
97.75
96.00
107.75
98.25
101.75
100.75
95.00
99.75
91.25
104.50
100.75
92.00
97.50
94.00
102.50
103.75
104.50
97.50
96.25
98.25
101.25
100.50
99.25
98.25
92.00
104.75
91.50
97.75
105.69
92.50
97.50
103.25
101.50
94.25
102.00
101.50
