18.06
206.83
250.75
241.50
239.75
240.50
242.75
250.25
240.00
252.75
250.00
252.75
236.00
245.75
243.00
246.50
237.50
240.50
240.00
248.25
258.25
244.00
253.00
249.75
246.00
240.75
253.25
252.00
227.75
248.75
243.50
245.50
245.25
251.50
256.50
242.25
240.25
251.25
246.00
254.25
231.75
249.00
247.75
248.25
240.00
250.50
252.50
250.00
246.00
257.75
237.00
239.25
252.00
245.00
252.00
252.00
254.75
255.50
231.25
249.00
231.50
251.75
244.50
255.25
235.25
234.00
254.50
243.25
237.25
246.25
242.00
249.00
240.50
239.50
242.25
238.00
246.00
242.00
257.50
232.50
247.25
251.00
245.25
241.50
242.00
252.75
251.25
235.50
255.25
243.25
239.75
248.75
248.50
249.25
250.50
245.75
224.75
248.50
236.25
253.25
242.50
241.50
242.25
262.25
246.50
247.25
251.25
230.75
240.25
248.00
259.50
248.50
248.00
238.50
249.00
242.50
242.25
244.00
257.25
250.00
241.50
257.50
239.00
257.75
249.50
249.25
238.50
241.75
259.00
249.75
247.75
250.25
238.25
251.00
245.00
243.75
251.25
247.00
247.25
238.00
246.00
255.75
248.00
240.25
255.25
244.00
244.50
253.25
245.75
250.50
250.25
253.25
249.25
251.75
248.25
255.00
249.25
253.25
249.75
238.75
242.50
251.00
258.00
242.75
240.75
238.25
246.75
242.00
250.25
254.46
245.75
246.25
235.25
248.25
240.50
259.25
247.25
245.25
248.25
248.00
240.75
245.75
237.00
259.25
249.50
260.25
242.75
230.00
234.50
244.75
247.75
243.75
260.75
236.00
239.75
232.50
247.00
262.25
248.50
245.00
244.50
245.50
250.00
230.00
241.75
248.75
244.50
245.75
248.50
255.25
247.75
243.25
246.75
257.50
239.75
236.75
253.00
243.00
229.00
244.75
234.50
239.75
239.25
247.00
258.00
244.25
255.00
259.50
257.25
245.25
254.50
250.75
251.25
241.00
248.00
253.25
240.75
249.25
237.00
257.50
240.25
244.50
256.75
242.50
244.75
246.00
251.25
250.50
241.75
250.25
236.25
240.50
244.25
242.50
239.75
243.75
249.25
244.50
241.75
247.50
250.25
247.50
235.75
239.75
236.25
237.25
244.25
242.50
254.00
242.75
238.75
253.00
251.25
254.75
243.00
238.25
255.25
259.25
248.75
237.00
235.25
226.50
243.25
242.00
251.00
240.00
239.50
246.50
252.00
245.25
253.00
252.25
245.75
249.75
238.75
244.75
258.25
246.00
230.00
249.50
254.00
251.75
248.50
251.25
241.50
250.00
239.00
240.25
239.25
249.25
239.25
249.75
245.75
245.75
251.75
242.00
243.00
233.00
241.25
246.00
233.50
244.00
238.75
238.00
256.00
243.50
249.25
244.75
248.50
246.50
242.75
236.75
243.50
251.25
246.00
244.50
224.75
250.50
250.50
241.00
236.75
248.25
251.00
244.50
247.75
246.50
257.75
239.75
241.25
248.75
256.25
246.00
247.25
243.25
242.25
247.25
246.00
252.50
253.25
250.50
250.25
248.25
238.50
245.00
251.25
245.75
234.00
248.75
251.00
248.75
236.75
235.75
252.25
232.50
233.75
250.50
259.00
250.25
250.25
250.25
248.25
253.25
236.50
247.25
245.25
238.25
238.75
255.25
261.00
238.50
235.50
254.50
233.50
233.50
242.00
240.75
246.25
243.25
243.75
239.75
251.50
238.75
247.50
241.50
246.50
255.00
240.25
250.50
251.00
249.75
250.75
237.75
256.75
257.25
238.00
258.00
253.25
239.25
243.75
250.25
242.00
246.00
254.50
251.25
252.50
242.50
255.00
253.00
243.25
241.75
242.00
242.75
228.00
235.00
245.25
243.50
245.25
245.25
244.50
238.50
250.25
245.50
253.25
248.00
238.25
244.75
244.25
248.00
253.50
264.00
242.75
249.00
246.75
245.50
251.00
240.00
250.50
240.25
255.00
247.00
250.25
246.50
246.00
252.50
241.25
251.00
251.75
245.25
250.00
245.00
245.50
252.25
247.25
254.50
239.25
246.00
249.50
246.50
240.00
