16.40
407.50
506.00
505.75
506.00
506.00
506.00
506.00
506.25
506.00
506.50
506.25
506.00
505.75
506.00
506.25
506.25
505.25
506.25
506.00
506.00
506.00
506.25
506.50
506.00
506.00
506.50
506.00
506.25
506.25
506.00
506.25
505.25
504.75
506.00
506.25
506.25
506.25
506.00
506.25
506.25
506.00
506.50
506.00
506.00
506.00
505.75
505.75
506.25
506.00
506.00
506.25
506.00
506.25
506.00
505.75
506.25
505.75
506.25
506.00
506.50
506.25
505.50
506.00
505.75
506.25
505.25
506.00
506.00
506.00
506.25
505.75
506.50
506.00
506.25
506.25
506.00
506.25
505.75
506.00
506.00
506.25
506.00
506.00
505.75
506.25
506.00
506.25
506.25
506.00
506.00
506.00
506.25
506.25
506.25
506.25
506.00
506.00
504.75
500.74
506.50
506.25
506.00
506.25
506.25
506.25
506.00
506.25
506.00
506.25
506.50
505.75
505.50
506.00
505.75
506.25
506.00
506.00
506.25
505.75
506.00
505.75
506.25
506.00
506.25
506.00
506.00
505.75
506.00
505.75
505.75
506.00
506.25
506.25
505.75
505.75
506.50
506.25
506.00
506.00
506.25
506.25
505.50
506.25
506.25
506.25
505.25
506.00
506.25
505.50
506.25
506.00
506.00
506.25
506.00
505.75
506.25
506.25
505.75
506.25
506.50
505.50
506.00
505.00
506.00
506.25
506.00
506.00
506.00
506.25
506.00
506.00
506.25
506.25
506.25
506.00
505.75
505.75
506.25
506.25
506.25
506.25
505.50
506.00
506.50
505.75
506.25
506.25
506.00
506.00
506.00
506.50
505.50
506.25
506.00
506.25
506.00
506.25
506.00
506.25
505.50
506.50
506.00
506.25
506.00
506.25
506.25
506.00
506.00
506.00
506.00
506.00
506.00
506.25
506.00
505.75
506.00
505.75
506.25
506.00
506.25
506.50
505.75
506.25
506.25
506.00
505.75
506.00
506.00
506.00
506.00
506.00
506.25
506.00
506.00
506.00
506.00
506.25
506.25
505.75
506.00
505.75
506.00
506.00
506.00
506.25
506.25
505.50
506.00
506.00
506.25
505.75
506.50
506.00
506.25
506.25
506.00
506.00
506.50
506.00
504.75
505.50
506.00
506.00
506.50
500.74
506.25
506.25
506.00
506.00
505.75
505.75
506.00
506.25
506.00
506.25
506.00
506.25
506.25
505.75
506.00
506.00
506.00
506.50
506.00
506.25
506.25
506.25
506.00
506.25
506.00
505.50
506.25
505.75
506.00
506.25
506.25
506.25
506.25
506.00
506.00
506.25
506.00
506.25
506.00
505.75
505.75
506.25
505.50
506.00
506.00
505.75
506.00
505.75
506.00
506.00
506.50
506.25
506.25
506.25
506.00
506.00
506.25
506.00
506.00
505.75
506.00
506.00
506.25
506.00
506.00
506.50
506.00
506.00
506.25
506.25
506.00
506.00
506.00
506.25
505.75
506.00
506.00
506.25
506.00
506.25
506.25
506.00
506.00
506.25
506.25
506.25
506.00
506.00
506.25
505.50
506.25
505.00
505.75
506.00
506.25
506.00
506.25
506.50
505.75
506.25
506.00
506.25
506.25
506.25
505.75
505.75
506.25
504.25
506.00
506.25
506.00
506.25
506.25
505.75
506.25
506.00
506.25
505.75
506.00
506.25
505.75
506.25
506.00
505.50
505.25
505.75
506.00
506.00
506.00
506.00
506.00
505.75
506.25
506.00
505.75
506.00
506.00
506.00
506.25
506.00
506.25
506.00
506.00
506.25
506.00
506.00
505.75
506.00
505.75
506.00
506.50
505.75
506.25
505.75
505.50
506.00
505.25
506.00
506.50
506.00
506.25
506.25
506.25
506.00
506.00
501.24
506.00
506.25
506.00
505.75
506.25
506.00
506.00
506.00
506.25
505.75
506.25
506.00
505.75
506.25
506.00
506.00
506.00
506.00
506.00
505.75
506.00
506.25
505.50
505.25
506.00
506.25
506.00
506.00
506.25
506.25
506.25
505.75
506.00
506.00
