16.82
405.75
508.00
508.00
508.00
508.00
508.00
507.50
508.00
508.00
508.00
507.50
507.50
508.00
508.00
507.50
508.50
507.50
508.00
508.00
507.75
508.25
508.00
507.50
507.50
508.50
508.00
508.00
508.00
507.50
508.00
507.00
508.50
508.50
508.00
508.00
508.00
508.00
508.00
508.50
507.50
508.00
508.00
507.00
508.00
508.00
508.00
508.00
508.00
508.00
508.50
507.50
508.00
507.50
508.00
508.00
502.48
507.50
507.50
508.00
508.00
508.00
507.50
508.25
507.75
507.50
507.50
508.00
507.50
508.00
508.50
508.00
507.50
508.00
508.00
508.00
507.50
508.00
508.50
508.50
507.50
507.50
508.00
507.50
508.00
508.00
508.00
507.50
507.50
507.50
508.00
507.50
507.50
508.00
508.00
508.00
508.00
507.50
508.00
508.00
508.00
507.50
507.50
508.50
508.00
507.50
506.50
508.00
508.00
508.25
507.75
508.00
507.50
508.50
508.00
507.50
508.50
508.25
507.75
508.00
508.00
508.00
507.50
507.50
508.00
507.50
507.50
508.00
508.00
508.00
508.00
507.50
508.00
508.00
508.50
508.00
507.00
508.00
508.00
508.00
508.00
508.50
507.50
507.50
507.50
508.00
508.00
507.50
508.00
508.00
507.50
507.00
507.00
507.50
508.00
508.00
507.50
508.00
507.50
507.50
508.00
507.50
508.00
508.00
507.50
507.50
507.50
507.00
508.00
508.00
508.00
506.50
507.50
508.50
507.50
507.50
507.50
508.00
508.00
508.00
507.50
508.25
507.75
508.00
508.00
507.75
507.75
508.00
507.50
507.50
508.50
508.50
508.00
508.00
508.00
508.00
508.50
507.75
508.25
508.00
508.00
508.25
507.75
507.50
507.50
508.00
508.00
508.00
508.00
507.50
508.00
508.00
507.50
508.00
508.00
508.00
507.00
508.00
507.50
508.00
507.75
502.72
507.50
507.50
507.00
508.00
508.00
507.50
507.50
508.00
507.50
508.00
507.50
508.00
507.50
508.25
507.75
507.50
508.00
508.00
507.00
507.50
507.50
508.00
507.50
508.50
507.50
508.00
507.50
508.00
508.00
508.00
507.50
508.00
507.50
508.00
507.50
508.00
508.00
508.00
508.00
508.00
508.00
508.50
507.50
507.50
508.00
508.00
507.50
507.50
508.50
507.50
508.00
508.00
508.00
508.00
507.50
508.50
508.00
508.00
507.50
507.50
508.00
507.50
507.50
508.00
508.00
508.00
508.00
507.00
508.00
508.50
507.50
508.00
508.00
508.00
507.50
508.00
508.50
508.00
507.00
507.00
508.50
507.50
508.25
507.25
508.00
508.00
508.00
508.00
508.50
508.00
508.00
508.00
508.00
508.00
507.75
507.75
508.00
508.50
508.25
507.75
507.50
508.00
507.50
508.00
508.00
508.00
508.00
508.00
507.50
508.00
508.00
507.00
508.00
508.00
508.00
508.00
507.50
508.00
508.00
508.00
507.50
508.00
508.00
507.00
508.00
507.50
508.00
508.50
507.50
508.50
508.00
508.00
508.00
508.25
507.75
507.50
508.00
508.00
508.00
508.00
508.00
507.50
507.50
507.50
508.00
508.50
508.00
508.00
508.00
507.50
508.50
507.50
508.00
507.50
508.00
508.00
507.50
502.97
508.00
508.00
508.00
508.00
508.00
508.00
507.75
507.75
508.50
508.50
508.00
508.00
508.50
508.00
507.00
509.00
507.50
507.50
508.00
508.00
508.00
508.00
508.00
507.50
508.00
508.00
508.50
508.00
507.50
508.00
507.75
507.75
508.00
507.50
508.75
507.75
507.50
508.00
506.50
508.00
508.00
508.00
508.00
507.50
508.50
507.50
508.50
507.00
508.00
508.50
508.00
508.00
507.50
508.00
508.00
508.00
508.50
508.50
507.50
507.50
508.00
508.00
508.00
508.00
508.00
507.00
508.00
508.00
508.00
508.00
508.00
508.00
508.50
508.25
507.75
508.50
508.00
508.00
508.00
507.50
508.00
508.25
507.25
508.00
480.75
