18.16
214.83
247.50
245.25
246.50
243.00
243.75
252.50
238.75
256.00
251.75
254.25
241.25
247.75
239.75
252.25
243.00
243.75
246.00
254.25
254.25
247.75
242.75
248.25
245.00
248.25
251.00
243.25
239.50
254.50
238.25
248.50
251.25
253.00
249.75
242.50
250.25
247.25
246.50
251.00
241.50
243.50
254.25
247.75
254.25
251.75
254.50
235.25
240.00
253.50
238.50
236.50
257.00
252.25
245.75
253.25
260.75
245.00
234.25
252.50
241.50
255.75
246.00
253.25
242.00
237.25
248.00
251.50
248.00
240.25
250.25
254.00
242.50
244.50
245.50
241.00
255.75
247.25
246.75
251.75
253.00
248.75
241.25
245.75
249.00
255.25
244.75
254.25
240.50
251.25
253.22
252.50
243.75
247.00
252.75
241.00
247.00
234.75
258.75
244.75
242.25
241.25
263.00
241.75
257.50
247.25
246.25
239.25
248.00
257.50
249.50
244.50
242.00
244.25
256.25
244.25
250.75
260.75
250.75
244.50
262.25
238.50
254.25
253.50
248.00
241.75
247.00
255.25
254.50
253.00
239.75
249.75
253.00
246.00
249.00
251.00
247.50
251.50
237.25
246.50
263.75
245.00
244.50
257.25
243.50
242.75
250.50
254.25
248.50
258.00
258.25
249.50
250.00
262.50
250.50
246.00
259.75
246.25
247.50
241.25
256.50
254.00
250.25
243.25
243.00
238.25
247.25
257.25
255.75
247.25
234.25
245.50
249.25
250.00
252.75
251.25
245.75
254.50
247.25
248.25
246.50
242.50
255.25
254.00
256.25
235.50
245.75
232.25
255.50
251.25
252.75
249.25
244.25
237.00
250.75
252.25
254.00
251.50
255.25
239.25
252.50
246.25
235.75
251.25
250.25
248.50
258.75
249.75
248.50
241.00
258.25
251.75
251.25
242.00
248.00
253.25
233.50
242.75
245.00
236.50
244.75
250.00
253.00
249.75
259.00
260.75
256.50
252.25
255.75
255.25
258.00
242.50
255.25
250.50
240.50
249.50
239.75
260.00
246.00
257.50
253.00
246.00
241.25
249.00
252.00
248.00
249.75
248.25
234.16
233.00
241.25
247.25
249.25
249.50
245.00
252.25
249.00
250.75
253.25
243.75
235.00
243.50
242.50
237.00
250.75
240.25
258.25
245.75
243.25
255.25
248.75
255.75
238.75
248.25
261.25
255.75
245.25
235.75
244.00
238.50
251.25
248.75
249.25
236.25
246.25
256.25
247.00
254.00
248.75
252.00
246.00
249.25
249.25
256.50
254.50
241.75
248.00
256.75
254.25
250.50
250.00
255.00
257.75
246.75
248.50
247.25
248.75
244.75
253.25
246.25
243.50
257.00
237.00
245.75
241.00
241.00
253.75
240.25
244.75
244.25
239.00
260.50
248.00
251.50
251.25
251.25
251.00
241.50
249.25
247.50
252.75
246.75
246.00
238.50
255.75
255.25
238.00
247.50
244.50
251.50
250.00
246.00
253.25
253.00
249.00
248.25
257.25
258.25
251.25
236.00
245.25
248.50
248.25
249.75
260.00
247.25
248.00
255.50
235.25
246.50
252.50
248.00
238.25
250.75
250.00
246.25
242.50
230.75
253.25
240.50
248.50
242.50
267.75
251.25
252.25
246.50
248.75
248.25
256.50
250.50
245.50
244.50
244.50
254.50
262.00
251.00
233.75
256.25
236.75
242.75
243.00
247.75
253.75
244.50
245.25
249.25
246.50
244.00
249.00
242.75
253.25
249.50
247.25
251.00
255.75
248.00
256.25
240.75
251.75
255.00
239.75
259.50
257.50
241.00
245.79
251.50
246.75
255.25
249.75
254.00
246.50
247.75
250.00
250.50
244.25
248.50
247.25
240.00
229.50
239.00
241.75
243.50
250.00
251.50
242.75
245.25
251.25
239.25
251.75
247.75
245.00
238.00
253.50
252.75
255.75
257.25
245.25
251.00
244.75
248.25
249.75
245.75
247.50
245.50
252.25
249.00
249.50
250.25
243.75
251.50
239.00
248.75
254.75
241.75
246.75
246.50
244.00
253.50
244.25
258.25
235.50
248.25
244.75
253.50
237.75
