17.03
403.75
508.00
507.50
508.50
508.00
507.50
508.50
507.50
508.00
508.00
507.50
508.00
508.00
508.50
508.50
507.50
508.00
508.00
507.50
508.00
508.50
508.00
508.00
508.50
508.00
508.00
507.50
508.50
507.50
507.50
508.50
507.50
508.50
508.00
508.00
508.00
508.50
508.00
508.00
508.00
508.50
507.50
508.00
508.00
507.50
508.50
508.00
508.00
508.00
508.00
508.00
508.00
508.50
503.47
507.50
508.50
508.00
508.00
508.00
507.50
508.50
507.50
508.00
508.00
508.00
508.00
508.50
507.50
508.50
508.00
508.00
508.00
508.50
508.00
507.00
508.50
508.00
508.00
508.00
508.00
508.50
507.50
508.00
508.00
507.50
508.00
507.50
507.50
507.50
508.00
507.50
508.00
508.50
507.00
508.00
508.00
508.00
508.50
508.00
507.50
508.00
508.00
508.00
508.50
508.50
508.00
507.50
508.00
508.50
507.50
508.00
507.50
508.00
508.50
507.50
508.00
508.50
508.00
508.50
507.50
508.50
508.00
508.50
507.00
508.50
507.50
508.00
508.00
508.50
508.00
508.50
507.50
508.00
508.00
508.00
508.50
508.00
508.00
507.50
507.50
508.00
508.00
508.50
507.50
508.50
508.00
508.00
507.50
508.00
507.50
508.00
508.00
508.00
508.00
508.00
508.00
508.00
507.50
507.50
508.00
508.00
508.00
508.00
508.00
508.00
508.00
508.50
508.00
508.00
507.50
508.00
508.00
508.50
508.00
508.50
508.00
507.00
508.50
508.50
508.00
508.00
508.00
508.50
508.00
508.00
508.50
508.00
508.00
507.50
508.50
507.50
507.50
508.50
507.50
508.00
508.00
507.50
508.00
508.50
508.00
508.00
508.00
508.50
506.50
508.00
508.00
508.50
507.50
507.00
508.50
508.00
508.00
502.48
508.50
508.00
508.00
508.00
508.50
508.50
508.50
507.50
508.00
508.50
507.00
508.50
508.00
508.00
508.00
508.00
508.50
508.00
507.50
508.50
507.50
509.00
508.00
508.00
508.00
507.50
508.00
507.50
508.00
508.00
507.00
508.00
508.00
508.00
507.50
508.50
508.00
508.00
507.50
507.50
508.00
507.50
508.00
508.00
508.50
507.50
508.50
507.50
508.50
507.50
508.00
508.00
507.50
508.50
507.50
508.00
508.50
508.00
507.50
507.00
508.00
508.00
508.00
508.00
508.50
508.50
507.50
508.00
508.50
508.00
507.50
508.00
508.00
507.50
507.50
507.00
508.00
508.50
508.00
508.50
508.00
507.50
508.00
508.50
507.50
508.50
508.00
507.50
508.50
508.00
507.50
508.50
508.00
508.00
508.50
508.00
508.00
508.00
508.00
508.00
508.00
508.00
508.00
508.00
507.00
508.50
508.00
508.00
508.00
508.50
508.00
508.00
507.50
508.00
508.50
508.00
508.00
508.00
508.50
507.00
508.00
507.50
508.00
508.50
507.50
508.00
508.00
507.50
508.50
508.00
508.00
508.00
508.00
508.50
507.50
508.00
508.50
508.00
507.00
508.50
508.50
507.50
508.50
507.50
508.00
508.50
508.50
507.50
508.00
508.00
507.50
508.00
508.50
508.00
508.00
508.00
507.00
508.50
507.50
508.50
508.00
508.00
508.00
503.47
508.00
508.00
508.00
508.00
507.50
508.50
508.00
507.50
508.00
508.00
508.00
508.00
508.00
508.50
507.50
507.50
508.50
507.50
508.50
507.00
507.00
508.00
507.50
508.00
506.50
508.00
508.00
508.00
507.00
508.50
508.50
508.00
508.00
508.00
508.00
507.50
508.50
507.50
508.50
507.50
507.50
508.00
508.00
508.00
508.00
507.50
507.50
508.50
507.50
508.00
507.50
508.50
507.50
508.00
507.00
508.50
508.00
507.50
508.00
507.50
508.00
508.00
508.00
508.00
508.00
508.50
508.00
508.00
508.50
507.50
508.00
507.00
508.00
508.00
508.00
508.00
508.00
508.00
508.00
508.00
508.00
508.00
507.50
508.00
506.50
508.00
438.25
