write_job: (g=0): rw=write, bs=256K-256K/256K-256K/256K-256K, ioengine=libaio, iodepth=4
fio-2.1.10
Starting 1 process

write_job: (groupid=0, jobs=1): err= 0: pid=4720: Wed Sep 30 18:13:53 2015
  write: io=235520MB, bw=518216KB/s, iops=2024, runt=465390msec
    slat (usec): min=9, max=124, avg=53.96, stdev= 9.17
    clat (usec): min=1738, max=7480, avg=1917.82, stdev=43.23
     lat (usec): min=1824, max=7529, avg=1972.22, stdev=38.35
    clat percentiles (usec):
     |  1.00th=[ 1864],  5.00th=[ 1864], 10.00th=[ 1864], 20.00th=[ 1880],
     | 30.00th=[ 1912], 40.00th=[ 1912], 50.00th=[ 1928], 60.00th=[ 1928],
     | 70.00th=[ 1928], 80.00th=[ 1944], 90.00th=[ 1960], 95.00th=[ 1960],
     | 99.00th=[ 1976], 99.50th=[ 1992], 99.90th=[ 2320], 99.95th=[ 2352],
     | 99.99th=[ 2480]
    bw (KB  /s): min=512512, max=519168, per=100.00%, avg=518550.85, stdev=459.97
    lat (msec) : 2=99.54%, 4=0.46%, 10=0.01%
  cpu          : usr=5.70%, sys=9.71%, ctx=953605, majf=0, minf=27
  IO depths    : 1=0.1%, 2=0.1%, 4=100.0%, 8=0.0%, 16=0.0%, 32=0.0%, >=64=0.0%
     submit    : 0=0.0%, 4=100.0%, 8=0.0%, 16=0.0%, 32=0.0%, 64=0.0%, >=64=0.0%
     complete  : 0=0.0%, 4=100.0%, 8=0.0%, 16=0.0%, 32=0.0%, 64=0.0%, >=64=0.0%
     issued    : total=r=0/w=942080/d=0, short=r=0/w=0/d=0
     latency   : target=0, window=0, percentile=100.00%, depth=4

Run status group 0 (all jobs):
  WRITE: io=235520MB, aggrb=518215KB/s, minb=518215KB/s, maxb=518215KB/s, mint=465390msec, maxt=465390msec

Disk stats (read/write):
  sda: ios=84/941711, merge=0/0, ticks=4/1796140, in_queue=1794484, util=100.00%
