17.77
119.58
162.50
159.25
159.25
152.50
150.00
143.75
169.00
159.25
164.75
165.50
169.50
166.25
168.25
186.50
182.75
178.50
184.75
177.75
180.00
176.00
184.50
175.75
174.50
181.00
169.25
181.50
188.50
182.75
182.50
175.50
184.75
173.75
171.50
180.75
184.75
184.25
178.00
172.75
174.00
181.00
186.50
171.75
181.50
181.50
181.75
184.50
186.25
175.75
173.50
184.50
186.00
180.00
174.50
181.50
168.75
185.75
178.00
189.25
182.50
163.00
193.25
178.75
180.00
184.00
179.75
177.75
185.50
173.00
179.00
168.00
180.25
180.25
183.00
186.75
188.25
192.25
197.00
178.50
187.75
161.75
190.00
170.50
179.00
188.75
177.00
186.00
183.75
166.50
178.75
174.00
182.75
173.50
177.25
180.75
175.25
184.25
181.00
184.50
176.75
174.75
175.50
179.25
180.50
179.00
186.50
175.25
191.00
170.75
183.50
185.75
182.00
175.75
173.00
167.00
174.25
173.00
179.25
184.00
172.50
179.75
180.25
171.25
185.50
174.75
185.00
184.25
173.25
185.75
174.75
184.50
179.00
164.00
188.50
163.25
184.00
180.75
181.50
175.75
173.25
183.50
194.25
177.75
182.50
173.00
185.25
176.25
164.75
176.25
175.50
182.00
184.75
183.25
183.00
174.25
175.50
179.00
180.75
178.50
178.00
187.00
182.00
180.00
187.75
172.75
187.75
189.00
180.25
176.75
191.25
184.25
182.50
174.50
190.25
176.50
191.09
179.25
187.50
181.00
179.00
178.50
179.25
186.75
174.00
180.00
186.50
183.00
186.75
175.00
177.00
175.50
181.00
183.00
190.50
180.00
184.00
176.75
185.50
194.25
164.50
179.75
179.00
181.75
182.50
186.00
186.75
178.25
181.00
185.00
182.75
182.00
183.75
191.50
185.75
175.00
192.50
175.50
172.50
175.25
175.00
174.75
184.25
183.25
177.75
177.50
173.25
172.25
175.50
176.75
174.00
192.50
191.25
177.00
180.75
181.75
171.25
171.00
191.00
177.75
178.00
196.00
176.00
178.50
174.50
179.75
180.50
184.25
178.50
177.00
173.50
184.50
177.75
180.75
182.00
186.75
176.75
170.00
180.50
167.25
184.50
180.00
178.50
183.50
191.00
174.25
179.75
168.75
179.00
169.25
191.25
188.50
177.75
186.25
179.00
189.25
180.00
184.50
182.75
166.50
177.75
180.25
180.75
177.75
178.50
185.25
180.75
184.00
183.50
172.25
181.25
183.75
177.00
182.75
177.50
182.00
172.75
187.25
180.50
169.00
170.50
178.50
178.50
166.25
177.25
173.75
184.00
186.00
181.00
182.75
182.25
186.75
189.25
190.25
174.00
191.25
187.25
187.00
181.75
175.75
177.75
173.75
188.75
180.50
177.00
180.25
173.00
175.75
185.00
176.75
177.00
179.25
196.50
172.50
176.25
182.00
174.00
175.75
188.25
182.00
182.50
186.50
178.25
171.75
176.50
179.50
172.50
183.25
173.25
173.50
183.25
173.00
179.50
183.25
182.25
191.00
174.00
187.50
170.75
174.75
173.00
168.00
183.25
171.00
167.08
176.25
178.25
177.00
187.25
179.50
179.00
168.75
185.25
178.75
194.00
186.25
172.75
177.25
176.25
184.00
188.25
176.75
180.25
176.75
164.25
171.25
166.50
185.75
169.25
189.00
181.75
171.00
174.75
170.00
177.00
185.00
170.25
185.75
179.00
178.75
176.50
177.00
182.25
185.75
172.25
176.50
180.00
187.50
180.25
170.75
173.25
178.25
188.00
179.75
183.00
176.25
179.75
178.25
183.00
171.75
179.25
176.75
174.00
185.75
172.50
189.25
171.50
180.50
180.00
178.00
183.75
188.75
168.75
174.25
178.50
175.50
177.50
181.50
187.75
168.75
179.50
170.75
183.50
169.75
181.00
186.25
169.75
189.75
173.00
180.75
181.75
176.00
182.00
177.75
169.00
185.00
168.75
189.50
177.25
181.00
175.00
165.50
181.00
181.75
176.50
182.25
169.25
178.00
183.25
181.00
185.00
174.25
181.50
172.00
176.00
190.50
171.25
187.75
179.50
186.00
198.00
176.50
185.50
174.25
165.50
186.75
179.75
183.75
179.75
178.75
195.25
179.25
188.25
176.75
189.75
180.00
173.50
178.75
173.00
189.00
175.00
170.50
175.00
170.75
180.75
188.75
172.75
184.00
169.75
177.00
182.75
180.50
172.50
179.25
176.25
181.50
192.25
181.75
172.75
182.75
172.00
179.25
178.75
180.75
182.50
171.75
182.25
181.50
170.50
175.75
168.75
184.50
195.75
183.50
179.75
170.00
179.50
192.25
162.25
180.00
162.75
179.25
175.50
180.75
178.25
176.98
180.25
177.50
168.25
180.25
171.50
176.75
177.50
175.00
170.50
191.00
189.75
178.50
180.25
173.50
179.75
174.75
186.50
173.75
181.75
175.50
181.50
182.25
169.00
184.75
189.00
173.75
180.75
173.00
174.50
189.75
169.25
189.00
175.50
193.25
176.25
177.50
187.50
178.75
180.25
188.50
180.00
182.75
179.25
171.50
184.50
175.50
174.50
158.75
170.25
170.50
180.75
171.50
182.25
182.25
176.25
176.50
175.75
170.50
182.00
184.75
170.00
188.00
175.75
187.75
174.50
178.25
179.50
182.75
180.00
174.75
185.25
184.25
168.25
179.25
179.00
170.00
185.50
171.50
187.25
173.00
177.00
186.25
176.75
192.75
178.50
177.00
184.00
171.50
178.25
179.75
181.00
176.75
180.25
180.50
178.75
178.75
180.00
170.00
191.50
170.50
179.75
184.50
178.50
174.25
182.25
183.25
166.00
176.75
174.75
175.25
183.50
176.75
177.00
