17.20
115.75
147.50
146.50
145.50
154.25
152.25
154.50
151.00
149.50
152.00
141.50
159.25
146.25
146.75
144.00
149.50
149.50
146.00
148.75
152.25
144.50
149.75
142.75
137.25
134.75
138.25
143.25
136.00
139.25
150.25
146.00
139.25
143.00
149.00
148.00
143.25
147.00
145.25
147.25
148.75
143.75
149.50
141.25
143.25
140.50
146.25
149.75
148.25
144.00
150.75
145.30
142.00
135.50
136.00
127.75
125.00
110.75
119.25
110.00
109.50
105.50
105.25
99.50
96.00
104.50
96.00
104.75
106.50
98.75
93.25
99.25
109.50
102.75
97.50
98.50
100.25
100.75
102.00
96.75
107.50
101.50
95.75
96.25
98.00
96.50
99.25
95.00
93.50
94.25
100.50
102.50
102.50
102.50
91.75
103.25
96.50
104.75
101.75
100.50
97.75
95.00
99.25
97.25
98.00
97.75
101.25
94.75
98.00
93.25
97.75
91.00
95.75
97.75
100.00
102.75
99.50
108.25
104.50
87.75
101.25
110.50
99.75
95.75
95.00
100.50
95.75
102.75
95.75
93.25
101.00
97.50
106.25
107.75
104.50
104.25
97.75
97.25
94.00
104.50
106.50
102.25
102.25
96.00
105.50
102.75
99.75
91.00
101.00
101.00
97.00
100.00
106.00
100.75
109.00
95.75
98.00
98.50
104.75
101.25
104.25
96.50
93.00
107.75
104.00
94.25
94.75
103.50
108.00
98.00
95.75
96.00
101.75
96.25
102.00
92.00
106.50
102.75
101.25
99.00
102.75
102.00
101.25
92.50
95.75
96.25
95.75
105.50
101.50
95.25
95.75
95.50
98.25
101.75
95.50
106.50
99.25
93.25
94.75
98.00
95.00
101.75
99.75
105.75
96.75
97.25
96.75
99.25
96.00
106.75
101.50
111.50
104.25
94.00
99.75
103.25
102.00
95.75
95.00
98.00
97.25
102.50
103.00
104.25
103.75
99.75
94.00
101.50
97.25
96.75
98.50
94.80
91.75
103.00
93.75
99.75
97.00
99.00
102.25
106.50
99.00
103.25
97.50
99.75
98.25
90.25
96.50
97.75
99.25
98.75
98.00
103.00
106.75
99.00
103.00
89.50
104.00
102.50
98.75
92.25
99.25
103.75
97.25
95.00
91.25
98.75
98.25
91.50
97.25
105.50
96.75
95.75
91.25
102.00
102.50
100.75
99.50
94.25
91.75
96.50
99.75
96.50
100.00
96.00
105.00
96.75
94.00
101.00
100.50
100.75
95.25
99.25
97.25
96.25
95.75
100.25
96.00
95.75
103.75
101.00
99.50
88.75
100.25
101.25
103.50
96.50
100.75
96.50
99.25
100.00
100.50
93.50
100.25
105.00
105.50
94.25
105.50
101.25
96.25
98.00
98.50
94.00
91.75
94.25
101.50
96.75
106.50
102.00
96.50
92.25
98.50
89.75
104.75
100.75
104.75
102.25
95.25
94.00
101.75
105.00
94.50
99.50
99.50
96.50
95.50
92.00
95.50
97.00
96.50
95.25
98.50
96.75
101.50
97.75
101.00
96.50
96.75
95.75
96.00
99.00
99.00
99.75
96.00
96.25
101.25
97.00
97.25
107.00
97.25
104.25
101.75
98.75
96.75
94.75
95.75
87.25
100.00
105.75
93.25
102.50
100.75
101.50
105.50
93.75
99.00
108.00
100.00
97.00
91.00
99.00
91.25
95.75
91.25
94.00
102.25
99.75
93.75
95.50
108.00
103.75
100.00
100.75
95.25
98.75
98.75
99.00
97.50
91.50
97.00
97.25
105.75
96.25
107.00
98.75
95.75
96.75
101.00
99.01
92.75
97.00
103.25
103.75
97.50
97.00
101.50
110.25
90.00
90.25
101.50
100.00
93.50
93.75
93.00
98.25
98.25
99.50
110.75
98.50
105.00
106.00
105.50
103.00
98.75
98.75
98.25
93.00
98.75
99.00
98.00
88.75
98.00
100.50
98.25
104.50
101.50
105.75
106.00
108.25
101.75
88.50
99.00
94.75
96.75
97.25
101.00
97.50
98.25
100.25
96.00
100.25
106.75
98.25
101.25
94.75
95.25
98.75
99.75
107.75
103.00
101.50
100.50
96.25
105.00
103.75
97.50
99.00
92.75
99.75
98.75
96.50
93.50
94.00
95.25
94.50
102.00
97.50
106.75
100.25
96.50
90.25
101.25
93.00
92.75
97.25
104.75
107.00
99.75
99.75
103.00
101.75
91.75
101.75
104.25
102.50
111.00
103.50
105.00
100.75
101.50
111.50
107.00
95.50
96.25
96.00
101.00
99.00
94.50
101.00
94.25
97.00
97.75
100.00
96.25
96.00
89.75
96.25
95.25
91.75
88.25
92.25
96.75
97.50
95.00
93.75
100.00
97.25
95.75
98.75
103.25
92.75
102.50
106.00
107.75
96.00
90.00
97.00
94.75
102.75
94.50
106.00
97.50
100.00
102.00
99.25
100.25
94.25
94.75
101.00
96.50
101.50
95.00
100.75
91.75
95.00
102.50
104.00
99.50
96.25
99.00
104.75
98.75
94.50
102.25
97.00
97.50
97.25
96.50
98.00
99.00
102.50
98.50
98.00
102.50
101.75
102.00
104.00
98.75
98.50
103.25
98.75
96.29
99.00
98.50
102.00
93.00
97.75
99.50
99.00
95.00
98.50
99.25
101.00
94.75
101.75
101.00
100.00
99.75
99.50
95.75
100.25
100.00
95.75
100.75
106.50
109.25
97.50
99.00
96.25
109.50
106.75
107.00
109.75
98.00
97.25
100.75
97.75
99.25
102.75
95.50
96.50
96.75
94.50
104.00
109.75
93.75
94.75
95.50
103.75
97.25
95.50
95.25
98.00
92.75
97.25
107.50
101.00
100.25
92.50
94.00
99.50
91.50
91.50
97.25
101.50
104.50
101.75
103.00
103.25
102.25
107.50
98.50
112.75
97.75
95.00
103.25
103.50
96.50
97.75
95.00
98.75
101.75
100.75
98.50
103.00
100.25
97.50
96.75
98.50
95.50
104.25
98.50
97.75
94.25
95.25
98.25
96.50
99.75
95.25
100.50
98.75
97.50
98.25
104.25
95.25
104.25
99.75
93.25
91.75
97.75
102.50
99.75
101.75
97.00
108.75
102.25
96.50
99.00
95.50
97.50
94.50
94.50
93.50
105.00
97.50
91.50
97.50
97.25
104.50
93.50
91.25
100.25
100.00
98.75
97.75
102.25
103.75
99.50
97.00
104.00
101.25
98.75
95.75
100.75
101.25
94.75
97.00
96.75
105.25
100.75
93.50
101.25
95.00
99.25
101.25
96.25
109.00
97.25
105.75
102.25
104.75
96.50
97.75
102.75
100.75
95.25
97.00
109.00
103.75
102.25
92.50
104.25
107.75
98.75
104.50
103.75
101.00
97.00
94.25
96.50
103.50
101.50
96.00
96.00
99.50
98.75
95.00
98.76
100.25
97.25
104.75
101.50
94.00
106.00
105.50
101.50
101.00
102.50
91.00
99.00
94.50
102.50
95.25
98.50
101.75
99.25
101.75
104.50
102.25
100.00
97.25
92.50
103.00
95.00
101.75
102.50
103.50
103.25
100.25
98.00
94.25
101.00
92.00
101.00
94.50
100.75
98.75
98.50
98.25
98.25
101.25
95.75
93.75
94.25
106.00
101.25
101.50
99.75
100.25
95.50
98.75
96.50
97.00
99.00
97.25
103.00
92.50
99.50
108.25
99.50
97.25
97.00
101.75
97.50
94.50
101.25
98.75
103.00
101.75
85.50
93.75
94.50
100.50
94.75
92.25
102.50
99.00
94.25
94.75
97.75
103.75
96.00
96.00
103.75
102.00
99.50
93.50
90.75
95.75
101.25
100.50
98.25
108.25
100.00
94.50
97.00
94.75
93.75
102.25
99.50
100.50
102.50
99.25
106.75
102.00
99.50
96.75
98.75
100.75
105.50
102.75
102.50
103.00
100.75
100.00
98.25
87.75
92.75
99.50
97.50
101.75
92.00
99.25
96.75
102.50
100.50
93.00
99.25
103.00
93.75
92.75
96.75
104.00
97.75
95.50
97.50
98.00
95.75
101.75
103.25
102.75
103.00
101.50
100.25
95.00
100.75
92.00
95.25
98.50
99.50
106.00
97.25
104.00
107.00
95.00
102.75
105.75
106.00
98.75
106.50
104.25
104.25
93.00
106.25
98.75
97.75
96.75
101.00
97.50
100.50
98.50
99.00
98.00
97.75
103.25
104.75
91.75
101.25
104.25
100.00
99.75
95.75
105.75
103.25
100.50
102.50
100.75
95.75
95.25
96.25
99.00
100.75
101.50
99.50
94.25
99.75
93.25
94.75
103.50
98.50
93.50
98.50
95.00
101.50
106.00
98.75
91.50
96.50
96.00
94.00
98.50
103.25
101.25
97.50
90.25
91.00
96.00
94.25
105.00
101.75
100.75
96.25
105.75
92.25
97.50
104.75
105.50
94.50
96.75
97.75
95.75
96.25
98.25
100.00
98.00
96.25
95.00
98.25
101.50
96.75
91.00
91.25
105.25
97.50
96.75
96.75
100.75
98.50
101.50
96.00
99.25
98.00
95.25
96.25
96.75
108.00
108.75
101.00
106.25
108.25
103.25
104.50
105.25
105.75
91.25
98.75
102.75
97.75
102.00
93.00
99.00
99.75
102.50
108.00
97.00
104.75
92.75
101.00
97.50
99.50
101.00
94.00
97.50
101.00
95.75
105.25
97.75
96.00
104.25
104.75
102.00
95.25
97.75
100.75
98.50
98.00
93.25
94.00
88.50
94.50
100.50
108.75
95.25
96.75
95.75
101.50
99.00
95.75
96.75
102.50
104.00
100.00
90.50
101.50
103.50
96.50
94.25
101.00
104.50
102.75
97.25
89.50
99.50
107.50
94.25
95.25
96.75
104.00
103.00
92.25
94.50
102.50
97.00
97.50
96.50
98.75
107.00
100.25
95.50
98.00
98.25
98.50
99.50
98.50
101.00
102.50
97.50
92.75
93.00
110.00
101.00
97.00
96.75
101.00
95.25
91.50
98.00
102.25
99.00
94.75
89.25
102.25
112.00
95.00
99.75
100.25
98.02
97.25
103.75
95.75
97.25
106.25
103.75
107.25
