17.29
106.25
156.25
153.00
154.25
161.50
154.00
159.75
173.50
168.25
160.75
154.50
176.50
167.75
164.75
178.25
176.50
182.75
184.75
180.00
185.50
183.25
182.25
174.00
180.00
191.75
178.50
183.00
167.50
171.25
184.75
175.00
176.00
177.75
179.25
179.75
176.50
175.50
173.75
181.00
192.75
178.25
185.75
184.00
174.50
185.25
162.75
185.00
178.00
179.75
185.75
183.25
184.25
178.00
180.25
175.00
179.50
187.50
183.25
178.25
175.75
182.75
175.00
172.25
179.00
165.75
176.50
187.75
173.25
170.75
184.00
176.00
176.50
173.50
177.25
187.50
180.50
188.00
171.25
179.50
179.00
186.00
178.50
189.75
179.50
185.25
174.50
180.00
172.50
180.00
190.50
176.25
177.25
176.25
182.25
186.25
185.00
185.75
177.25
184.00
180.25
184.25
174.50
185.75
188.50
181.25
180.75
190.75
167.50
187.50
172.75
186.25
179.25
175.50
180.50
171.25
188.50
172.50
167.25
175.75
180.75
173.50
173.25
184.75
187.25
177.50
169.25
182.00
178.00
185.25
171.25
178.00
194.75
188.75
176.75
181.50
186.50
174.75
175.25
184.25
187.25
177.25
174.50
182.00
174.50
172.50
173.25
181.00
184.75
180.75
179.25
182.75
166.75
173.25
185.25
185.50
185.00
176.25
172.00
187.50
175.00
184.25
172.00
170.75
188.50
173.75
181.75
175.50
182.00
182.75
175.50
183.25
183.50
183.50
178.75
184.25
176.73
179.00
177.75
173.25
166.50
194.75
176.50
177.25
186.25
182.00
187.25
174.50
183.25
180.00
174.25
187.75
173.50
187.25
174.75
169.75
190.75
180.25
181.00
171.50
182.00
184.75
173.25
188.50
181.50
182.50
172.00
170.50
178.50
168.25
185.25
183.25
180.50
176.75
173.75
179.75
181.25
171.75
173.50
183.00
181.00
182.25
170.25
169.00
192.00
175.50
184.75
180.00
178.50
187.50
167.50
189.00
172.75
174.25
185.25
174.50
191.50
181.00
176.50
184.25
181.50
169.50
183.75
175.25
184.50
173.00
189.00
176.50
175.25
180.00
183.25
188.25
165.75
173.50
182.00
173.25
181.00
187.25
188.50
198.00
176.00
179.75
173.50
179.50
175.00
182.25
190.50
181.75
193.00
172.75
181.00
174.75
172.25
180.00
183.75
190.50
176.75
185.75
174.50
190.25
187.75
180.50
181.00
174.00
178.50
184.75
172.00
178.25
176.75
177.25
186.25
176.25
175.50
170.25
181.00
184.75
178.00
179.25
177.00
188.00
187.75
176.00
195.50
185.50
176.75
183.75
180.25
177.75
168.25
190.75
177.00
173.50
168.25
171.50
169.50
173.50
181.75
178.00
179.75
171.50
186.00
179.50
170.75
182.50
173.25
190.50
181.00
184.50
166.25
178.00
184.50
177.00
175.00
180.25
170.25
183.00
178.00
176.75
175.50
175.50
185.00
185.00
178.00
180.25
184.25
190.00
181.50
177.75
178.25
176.25
182.50
173.00
178.00
179.00
183.00
185.00
182.25
179.75
173.50
175.50
188.75
175.25
185.75
186.75
186.88
182.00
175.50
190.00
175.75
175.25
182.75
180.00
179.25
173.00
181.00
177.00
171.75
189.50
172.25
169.00
175.00
169.25
181.75
185.00
184.75
181.50
185.75
178.75
181.50
192.25
170.75
182.00
187.00
174.75
180.00
175.00
179.25
181.50
176.50
176.00
167.50
176.25
184.25
179.50
170.50
180.50
170.00
181.25
181.50
179.00
189.25
168.00
176.50
169.75
167.50
186.00
176.50
171.75
180.25
167.25
176.00
184.75
178.50
187.25
178.25
182.00
184.25
169.50
183.50
180.75
178.50
173.75
180.25
192.75
178.25
190.00
174.25
187.00
181.25
186.00
181.25
175.25
194.75
180.00
183.75
170.25
186.00
180.75
170.50
174.25
177.75
176.00
178.75
184.50
181.50
179.00
171.50
172.50
178.50
177.50
183.25
186.00
187.25
171.50
181.00
179.00
182.50
186.50
178.00
182.25
177.75
177.00
177.25
176.00
176.50
179.25
181.50
185.75
177.25
181.00
176.00
177.50
181.50
171.00
183.75
181.50
184.50
179.75
182.00
185.25
180.25
166.25
178.75
185.50
176.75
172.00
184.25
181.50
182.50
178.75
170.25
181.50
187.00
176.75
171.00
171.50
182.50
194.00
185.75
192.00
177.00
184.50
184.75
179.50
190.75
169.50
173.00
173.50
174.50
174.50
181.50
172.25
181.00
171.50
177.00
185.50
175.50
178.00
179.25
184.50
180.00
174.75
179.25
174.75
184.00
184.25
184.25
176.50
196.50
180.25
178.75
184.75
182.25
168.75
188.75
175.74
177.50
172.50
183.00
181.00
180.75
184.25
173.50
185.75
185.50
182.25
173.75
179.00
178.00
180.50
166.25
183.00
170.75
168.25
191.50
171.25
173.00
175.25
177.25
184.00
168.25
169.00
185.50
178.75
171.00
180.25
178.75
187.50
174.00
179.75
177.50
169.75
178.50
175.50
169.25
187.75
174.75
178.25
182.50
180.50
185.00
172.00
181.00
189.50
176.25
195.50
176.50
196.00
173.50
181.00
179.50
178.25
186.75
179.75
175.25
184.25
179.00
172.50
182.75
189.50
174.00
188.50
184.75
169.00
183.00
174.00
165.75
174.50
176.25
177.50
172.75
176.75
182.25
177.50
175.00
187.25
174.50
189.50
182.50
181.00
185.50
172.75
178.75
178.75
180.00
173.00
171.00
185.25
181.25
176.25
175.50
172.50
187.50
178.50
169.25
195.50
170.00
181.75
171.50
173.25
179.25
170.50
190.25
173.00
176.25
183.00
169.00
189.50
184.00
