write_job: (g=0): rw=write, bs=256K-256K/256K-256K/256K-256K, ioengine=libaio, iodepth=64
fio-2.1.10
Starting 1 process

write_job: (groupid=0, jobs=1): err= 0: pid=4795: Wed Sep 30 18:37:09 2015
  write: io=235520MB, bw=520114KB/s, iops=2031, runt=463692msec
    slat (usec): min=8, max=127, avg=45.21, stdev= 8.67
    clat (usec): min=2266, max=61300, avg=31451.12, stdev=274.19
     lat (usec): min=2294, max=61344, avg=31496.83, stdev=273.98
    clat percentiles (usec):
     |  1.00th=[31360],  5.00th=[31360], 10.00th=[31360], 20.00th=[31360],
     | 30.00th=[31360], 40.00th=[31360], 50.00th=[31360], 60.00th=[31360],
     | 70.00th=[31360], 80.00th=[31616], 90.00th=[31616], 95.00th=[31872],
     | 99.00th=[32128], 99.50th=[32128], 99.90th=[33024], 99.95th=[33024],
     | 99.99th=[34048]
    bw (KB  /s): min=517120, max=521728, per=100.00%, avg=520452.98, stdev=607.30
    lat (msec) : 4=0.01%, 10=0.01%, 20=0.01%, 50=99.99%, 100=0.01%
  cpu          : usr=6.18%, sys=8.44%, ctx=510541, majf=0, minf=28
  IO depths    : 1=0.1%, 2=0.1%, 4=0.1%, 8=0.1%, 16=0.1%, 32=0.1%, >=64=100.0%
     submit    : 0=0.0%, 4=100.0%, 8=0.0%, 16=0.0%, 32=0.0%, 64=0.0%, >=64=0.0%
     complete  : 0=0.0%, 4=100.0%, 8=0.0%, 16=0.0%, 32=0.0%, 64=0.1%, >=64=0.0%
     issued    : total=r=0/w=942080/d=0, short=r=0/w=0/d=0
     latency   : target=0, window=0, percentile=100.00%, depth=64

Run status group 0 (all jobs):
  WRITE: io=235520MB, aggrb=520113KB/s, minb=520113KB/s, maxb=520113KB/s, mint=463692msec, maxt=463692msec

Disk stats (read/write):
  sda: ios=84/500277, merge=0/441421, ticks=4/15708252, in_queue=15707548, util=100.00%
