16.42
333.25
411.75
412.00
411.00
411.00
411.00
412.50
410.75
410.50
411.00
410.50
418.50
410.50
410.50
410.50
410.50
411.00
409.50
410.25
411.25
410.50
411.75
411.50
410.50
411.00
411.25
432.25
411.25
411.00
411.25
410.75
412.25
410.75
407.43
411.50
410.75
422.25
411.00
410.75
410.75
411.00
411.75
412.50
410.50
410.75
411.25
435.75
410.00
411.00
411.25
412.25
412.75
412.00
411.50
411.75
411.50
412.75
411.75
411.75
410.75
411.75
410.75
411.00
411.50
411.75
411.75
412.00
411.75
411.75
411.00
412.25
413.25
411.75
411.00
412.00
411.75
453.00
411.00
411.75
411.25
411.00
411.50
411.50
411.75
412.00
411.25
412.75
411.50
411.50
411.00
411.00
411.25
411.00
411.75
412.00
410.75
412.00
411.75
412.00
412.00
413.50
416.75
413.25
411.50
412.00
411.75
412.25
411.00
411.50
411.25
413.50
411.75
411.75
411.00
411.75
411.00
413.25
411.75
411.75
411.75
412.00
412.00
412.25
412.00
411.25
411.50
413.25
412.25
412.25
411.75
411.00
416.50
412.00
411.75
411.50
412.50
418.25
411.75
412.25
412.75
412.75
412.75
412.25
410.25
411.50
411.75
412.50
411.25
411.00
410.75
412.25
412.25
412.50
411.50
411.75
412.50
416.00
410.25
411.75
411.75
412.25
417.00
412.25
412.50
412.00
412.25
412.50
411.75
411.50
411.25
412.00
417.50
412.00
411.25
412.00
411.25
418.25
411.75
411.75
412.00
411.25
412.75
412.50
411.75
411.50
411.50
412.75
411.75
411.25
410.75
411.50
412.50
411.75
411.50
412.50
413.50
412.50
410.75
411.50
411.50
411.75
412.00
411.25
411.00
412.25
413.00
425.75
411.75
411.25
411.00
411.25
408.42
411.00
411.50
412.25
412.50
422.75
412.00
411.75
411.50
410.75
417.25
412.25
412.00
411.50
413.00
414.75
411.75
411.00
411.50
412.25
414.75
412.25
411.00
412.00
412.25
417.75
411.25
411.50
411.25
411.75
414.00
412.50
412.75
412.25
412.50
413.00
412.25
412.25
412.75
412.00
414.50
411.75
412.25
411.50
412.00
413.00
412.00
412.50
412.00
411.75
413.75
412.00
411.50
412.25
411.75
413.50
412.00
412.00
412.00
412.75
413.75
412.00
412.00
412.25
411.25
412.75
412.00
412.00
412.00
412.00
412.50
412.50
412.25
412.25
411.50
413.25
411.75
411.25
412.00
413.00
412.50
412.25
411.75
411.75
413.00
417.00
412.25
411.75
412.50
413.25
412.50
412.75
412.25
411.50
412.75
413.25
411.75
411.75
411.50
411.75
416.75
413.75
411.75
412.00
412.00
418.25
411.50
411.75
412.00
411.25
412.25
412.25
411.50
412.00
412.00
418.50
412.00
412.50
411.00
411.50
412.75
411.75
411.50
412.50
412.50
415.00
412.00
411.50
411.50
411.75
418.25
412.50
411.75
412.50
412.00
416.25
412.25
411.50
412.00
412.00
412.75
411.50
411.50
411.50
411.25
415.50
411.00
411.50
411.25
412.00
416.75
411.00
411.25
410.75
412.50
412.00
411.25
412.25
412.25
413.00
435.75
412.75
412.00
411.75
412.00
412.75
412.00
412.75
412.50
411.00
412.75
412.00
412.00
413.25
412.75
414.00
412.50
411.00
412.50
411.50
412.00
411.00
412.00
408.17
412.00
418.75
412.25
411.75
412.50
411.50
412.25
412.50
411.75
411.75
411.75
420.50
411.75
412.00
411.75
411.00
413.50
411.75
412.00
411.75
412.50
417.00
411.75
412.00
413.00
412.75
413.75
411.75
412.25
412.25
412.25
414.25
412.00
411.50
411.50
411.25
417.50
411.75
411.00
411.00
411.75
412.50
412.00
412.50
411.75
411.50
416.25
411.50
411.25
412.00
411.50
420.75
411.50
412.00
412.00
412.00
413.50
411.50
412.00
410.75
412.50
413.75
411.75
412.25
412.25
411.00
413.25
412.25
412.00
411.25
412.50
412.00
411.75
412.50
412.25
412.75
412.25
411.50
413.00
412.00
411.75
413.50
412.25
412.75
411.50
412.00
412.50
412.00
411.50
411.75
411.50
419.25
411.50
412.00
411.25
411.00
412.50
412.25
412.25
410.50
412.50
412.50
411.25
411.25
411.75
412.00
411.75
411.75
412.00
411.75
412.00
413.00
411.00
411.25
412.75
412.00
412.75
411.50
411.50
412.25
412.50
411.75
411.00
411.75
411.00
411.25
415.75
412.00
411.25
411.75
411.75
415.75
412.00
411.00
411.75
412.25
413.75
411.00
411.25
411.25
411.50
423.50
411.25
411.75
412.25
413.25
416.75
412.75
412.00
411.75
412.25
416.00
412.25
412.75
412.25
412.25
413.00
412.25
412.25
412.00
413.50
412.50
411.75
411.50
411.75
412.25
415.00
411.75
412.50
412.00
411.75
413.25
411.25
411.50
412.25
411.50
