12.06
240.27
296.08
295.61
294.18
294.18
293.65
293.53
293.20
293.52
293.87
294.52
294.48
293.66
296.19
293.89
288.71
290.20
294.60
296.20
294.43
293.87
291.77
292.89
293.43
292.61
293.52
292.93
291.79
292.68
292.61
293.03
293.21
293.31
293.38
293.91
290.76
293.44
292.83
296.93
295.73
294.14
294.13
294.14
295.31
293.89
293.91
294.21
290.79
293.92
294.83
294.21
294.77
290.79
296.18
294.17
294.48
293.95
294.90
291.93
294.71
293.89
293.35
293.66
293.13
293.48
293.13
292.86
292.82
296.89
294.49
294.70
294.82
294.50
294.45
291.92
295.29
294.61
293.58
294.23
294.66
294.84
294.54
292.62
285.67
287.43
293.23
294.04
288.19
294.31
290.10
293.86
285.77
291.14
292.83
294.82
295.01
292.59
293.23
296.36
296.13
295.84
294.54
294.23
296.20
294.14
292.89
294.10
292.74
297.11
294.74
294.48
293.32
294.24
297.73
291.87
293.46
294.59
294.98
295.29
294.83
294.09
293.72
293.75
295.11
294.37
294.41
294.04
295.13
295.00
295.00
293.84
294.67
293.61
296.75
294.61
294.45
293.91
294.45
296.74
295.06
293.62
294.82
294.04
289.82
292.06
294.89
294.02
294.29
293.15
295.43
290.33
292.42
294.03
297.17
293.96
292.15
291.69
293.02
293.79
293.24
292.25
293.67
290.68
295.05
293.03
291.95
292.07
293.46
295.73
293.52
294.31
294.15
291.00
290.53
293.55
291.45
292.43
290.60
294.73
293.63
293.03
293.07
293.40
297.05
292.01
293.67
292.96
293.36
298.15
295.46
294.86
291.39
293.50
294.48
293.32
293.19
293.21
293.08
294.79
293.60
292.66
292.92
293.27
294.87
292.77
293.64
293.09
292.71
293.41
293.47
293.18
293.82
293.36
294.99
293.13
294.21
293.61
294.47
297.50
292.98
294.24
294.94
294.30
296.65
293.16
290.01
293.21
294.38
296.04
294.37
294.03
291.32
294.45
294.98
294.06
294.79
293.29
293.32
296.42
293.77
293.55
293.25
293.16
294.75
293.20
293.07
292.61
293.88
293.30
292.91
289.66
292.73
288.34
293.75
292.84
293.07
292.70
293.28
295.78
292.75
291.59
292.90
294.14
296.40
293.07
291.09
292.46
291.53
295.29
292.06
293.16
290.91
293.12
293.77
293.87
295.41
294.21
289.67
297.11
293.00
293.18
290.38
292.39
293.33
290.57
292.45
291.25
290.02
293.32
292.96
290.10
294.98
291.07
293.61
292.92
293.35
292.70
292.97
290.03
291.43
292.21
293.62
293.53
293.60
291.61
292.20
292.80
291.56
293.53
294.28
294.05
294.31
294.76
295.48
293.62
294.12
294.43
294.37
294.81
292.40
293.57
294.41
293.98
294.98
294.08
293.71
293.09
293.29
292.84
293.16
293.06
293.34
292.71
293.82
293.34
293.71
293.11
293.47
296.66
293.37
293.55
290.86
293.30
294.04
293.01
293.23
293.60
293.36
293.37
293.09
293.06
293.06
293.23
292.94
292.52
292.51
293.05
292.53
293.08
293.00
292.34
293.34
292.73
290.16
293.09
293.15
293.54
293.11
293.62
292.81
291.16
292.85
293.51
293.00
293.21
292.87
293.23
292.24
293.32
293.25
293.91
292.81
293.55
295.21
291.77
293.09
293.05
293.03
298.98
293.99
293.42
295.17
295.71
296.08
295.62
295.32
296.40
295.75
298.50
293.55
293.52
293.34
293.01
293.18
293.48
293.04
293.02
293.36
295.04
295.95
295.89
296.18
293.60
296.12
296.56
294.63
293.76
293.72
294.60
292.98
293.38
293.50
293.67
293.69
293.59
293.53
290.80
293.72
296.70
295.47
296.02
295.92
295.94
293.56
293.72
293.62
292.92
293.70
296.75
296.02
295.76
295.63
295.51
293.70
293.42
293.05
293.14
293.61
296.16
293.48
293.57
292.53
293.48
294.11
293.13
292.77
295.57
291.83
293.82
293.04
293.32
293.29
293.43
293.78
293.05
292.90
289.97
293.30
295.73
293.73
293.04
292.94
293.71
293.55
293.01
292.68
292.48
293.55
295.67
293.92
292.90
293.64
292.83
295.61
294.04
293.11
293.36
292.89
294.37
293.50
292.88
293.37
291.12
294.04
292.02
290.99
292.27
291.23
293.19
291.69
293.75
294.62
293.77
294.48
293.60
293.29
292.00
293.94
292.88
292.76
293.11
293.05
292.91
295.44
293.47
293.39
292.80
292.93
297.90
295.43
290.75
294.84
293.07
296.17
295.83
296.30
294.26
292.39
297.06
294.18
293.44
294.56
294.57
296.34
293.57
293.78
293.06
293.16
296.20
294.60
293.47
294.99
294.11
291.69
289.84
293.25
292.61
293.18
295.13
292.71
292.91
293.52
293.59
290.34
292.12
293.32
293.03
293.30
296.85
293.96
294.99
295.79
295.21
297.02
293.79
293.19
293.54
290.57
294.07
292.83
293.36
292.36
292.52
293.41
292.77
293.00
293.25
293.06
296.07
293.82
292.86
292.95
292.94
293.58
293.74
294.02
290.46
294.64
294.78
289.07
292.02
294.76
293.96
295.76
293.96
294.25
294.02
294.19
293.75
294.49
295.15
294.08
287.62
293.11
293.05
292.82
293.05
292.57
299.12
293.93
293.07
294.44
292.59
294.80
293.86
292.79
293.41
293.13
293.62
292.62
293.42
293.45
293.16
296.55
293.10
292.79
291.98
292.73
287.43
290.93
293.34
293.16
293.03
295.64
293.48
292.99
293.00
293.14
293.07
293.11
291.93
291.77
293.14
297.16
293.62
292.86
292.98
293.10
291.55
292.73
292.70
293.08
293.28
292.98
292.06
293.50
290.12
293.24
296.03
294.52
292.33
293.25
289.46
296.43
291.23
292.84
292.64
293.02
295.04
293.35
293.64
293.09
293.46
292.99
292.59
293.31
292.98
290.25
297.73
294.60
293.17
293.27
293.52
292.61
292.86
293.24
293.04
293.03
295.36
293.25
292.46
294.40
293.41
292.91
289.80
292.74
293.05
292.38
293.97
292.82
293.50
292.54
293.21
292.84
292.45
292.20
292.93
293.67
293.40
294.16
292.09
292.35
293.07
292.84
294.06
292.55
292.60
292.88
292.80
293.41
292.99
292.62
290.45
294.32
296.38
293.19
293.16
293.24
292.84
294.06
293.18
292.63
293.05
293.39
293.04
295.60
292.61
293.50
292.12
293.86
293.84
292.95
293.00
292.62
288.80
292.68
293.19
293.21
293.58
293.32
293.03
293.01
293.11
293.15
293.00
292.98
292.40
290.68
290.09
292.88
292.80
292.66
293.70
294.98
293.95
293.10
293.89
294.57
287.94
293.89
294.28
294.64
292.57
295.10
294.07
294.51
293.95
294.12
288.91
294.84
295.04
294.52
294.21
292.24
293.07
293.95
290.19
291.44
291.33
293.77
293.03
293.38
292.04
290.89
293.62
294.55
292.27
292.89
293.10
293.38
293.65
292.39
