randwrite_job: (g=0): rw=randwrite, bs=4K-4K/4K-4K/4K-4K, ioengine=libaio, iodepth=128
fio-2.1.10
Starting 1 process

randwrite_job: (groupid=0, jobs=1): err= 0: pid=2238: Wed Sep 30 04:32:41 2015
  write: io=235520MB, bw=280208KB/s, iops=70051, runt=860691msec
    slat (usec): min=1, max=205, avg= 7.48, stdev= 4.25
    clat (usec): min=274, max=36090, avg=1818.13, stdev=947.64
     lat (usec): min=276, max=36094, avg=1825.84, stdev=947.65
    clat percentiles (usec):
     |  1.00th=[  516],  5.00th=[  620], 10.00th=[  748], 20.00th=[ 1004],
     | 30.00th=[ 1256], 40.00th=[ 1512], 50.00th=[ 1768], 60.00th=[ 2008],
     | 70.00th=[ 2256], 80.00th=[ 2512], 90.00th=[ 2800], 95.00th=[ 2992],
     | 99.00th=[ 4768], 99.50th=[ 6560], 99.90th=[10176], 99.95th=[11584],
     | 99.99th=[14272]
    bw (KB  /s): min=278512, max=321696, per=100.00%, avg=280201.08, stdev=1610.78
    lat (usec) : 500=0.24%, 750=9.83%, 1000=9.86%
    lat (msec) : 2=39.45%, 4=39.30%, 10=1.21%, 20=0.11%, 50=0.01%
  cpu          : usr=17.97%, sys=68.80%, ctx=16174451, majf=0, minf=25
  IO depths    : 1=0.1%, 2=0.1%, 4=0.1%, 8=0.1%, 16=0.1%, 32=0.1%, >=64=100.0%
     submit    : 0=0.0%, 4=100.0%, 8=0.0%, 16=0.0%, 32=0.0%, 64=0.0%, >=64=0.0%
     complete  : 0=0.0%, 4=100.0%, 8=0.0%, 16=0.0%, 32=0.0%, 64=0.0%, >=64=0.1%
     issued    : total=r=0/w=60293120/d=0, short=r=0/w=0/d=0
     latency   : target=0, window=0, percentile=100.00%, depth=128

Run status group 0 (all jobs):
  WRITE: io=235520MB, aggrb=280207KB/s, minb=280207KB/s, maxb=280207KB/s, mint=860691msec, maxt=860691msec

Disk stats (read/write):
  sda: ios=84/60218614, merge=0/63996, ticks=4/109011440, in_queue=109202284, util=100.00%
