11.25
17.36
21.35
20.90
21.02
21.20
20.84
21.26
20.93
20.84
21.33
21.32
21.17
21.26
20.77
21.11
21.44
21.50
20.95
21.50
20.97
21.30
20.26
21.22
21.43
20.70
20.71
21.26
21.67
21.43
21.38
21.39
20.95
20.82
21.13
20.95
21.55
20.67
20.71
21.28
20.80
21.20
22.16
20.99
21.19
21.09
20.95
21.20
21.41
20.48
20.72
21.06
20.70
21.36
21.71
21.25
21.35
20.48
20.48
20.88
21.58
21.48
20.91
20.53
21.14
21.22
21.65
21.20
21.08
21.25
21.06
21.36
21.27
21.17
20.71
20.89
21.90
21.54
21.84
20.97
20.68
20.92
20.79
21.64
21.26
21.25
20.86
21.07
20.73
21.38
21.49
20.82
21.21
21.44
20.68
21.08
21.59
21.62
20.82
21.16
21.27
21.58
21.32
21.20
21.23
21.06
20.36
20.55
21.59
21.11
20.72
21.04
20.77
20.82
21.45
21.19
21.70
21.59
20.79
21.38
21.32
21.25
21.08
20.27
21.13
21.23
20.66
21.65
21.46
20.83
20.69
20.73
20.77
21.53
21.23
20.90
21.20
21.34
20.92
20.79
21.22
21.00
21.10
21.38
20.66
20.84
21.09
20.92
21.33
21.41
21.15
21.24
21.84
21.09
21.21
21.30
20.86
20.67
21.31
21.56
20.73
21.02
20.74
20.97
21.09
21.56
21.01
21.00
20.77
20.84
20.80
21.39
20.64
21.08
21.04
20.72
21.29
21.35
20.59
21.20
21.09
21.01
20.96
21.52
21.43
21.16
21.42
21.47
20.92
21.22
21.08
20.87
21.16
21.01
21.14
21.38
21.23
20.87
20.62
21.42
20.86
21.46
20.32
21.26
21.50
20.66
20.41
21.46
21.16
21.22
20.95
20.98
21.43
21.29
21.06
21.23
21.01
20.68
21.43
21.16
21.33
21.02
20.96
21.52
21.28
21.14
20.97
20.47
21.72
21.19
20.52
21.29
20.85
21.44
21.42
20.48
21.03
21.68
20.73
21.52
21.10
20.71
21.12
21.31
20.93
20.82
20.85
21.31
21.25
20.92
21.04
20.77
21.47
21.59
20.65
21.50
21.58
20.68
21.27
21.29
20.91
21.15
20.70
20.84
21.15
20.70
20.77
20.97
20.93
20.25
20.75
20.27
21.29
20.91
20.89
21.11
21.18
21.59
20.72
20.70
21.24
20.91
20.97
20.44
20.76
21.22
20.74
20.75
20.90
20.91
21.14
21.55
21.20
20.75
20.84
21.25
21.57
20.70
20.70
20.76
21.18
21.30
20.26
21.49
21.54
21.19
20.63
20.64
20.49
21.00
21.63
20.41
20.88
21.11
20.85
21.33
21.56
20.70
20.20
20.62
21.18
20.86
20.83
20.99
21.22
19.97
20.48
20.44
21.11
21.09
20.66
20.84
20.28
20.50
20.42
21.20
20.81
20.08
20.75
20.71
20.71
20.19
20.48
20.29
20.84
20.29
19.98
20.23
20.33
20.82
20.21
20.15
20.88
20.93
20.24
20.96
20.83
20.36
20.23
20.05
20.32
19.82
20.66
20.79
20.77
20.20
20.05
20.13
20.60
20.69
19.57
19.82
20.58
20.02
19.12
20.28
20.70
20.01
19.92
20.35
20.39
19.70
20.01
19.95
19.97
20.00
20.03
20.69
20.54
20.05
20.01
19.28
19.95
19.94
19.53
18.87
20.49
20.50
19.17
19.71
19.93
19.16
20.54
19.93
19.82
19.18
19.94
19.89
19.93
19.17
19.07
19.36
19.11
19.08
18.79
18.79
19.18
19.38
19.33
19.39
19.34
19.26
17.45
18.53
18.24
19.24
18.60
19.08
18.79
18.69
17.70
18.36
19.56
18.71
19.30
18.93
18.94
19.26
18.72
18.83
19.48
18.89
18.82
17.73
18.77
18.39
18.56
19.73
18.83
18.49
18.58
18.75
18.84
18.96
18.34
19.06
19.05
18.80
19.25
18.80
18.65
17.35
19.09
18.96
18.60
19.01
19.05
19.12
18.63
17.96
18.94
18.95
18.82
18.82
17.95
19.35
19.40
19.09
19.43
18.80
18.27
18.15
19.58
18.19
18.54
18.70
18.84
19.16
18.75
18.96
18.46
19.28
18.44
18.31
19.19
18.15
18.80
18.96
18.74
18.55
17.86
18.92
18.75
18.89
18.47
18.21
18.98
18.93
18.53
19.14
18.62
17.48
19.30
18.49
18.90
18.23
18.40
19.23
18.30
17.87
18.60
18.74
18.61
19.05
19.07
18.33
18.19
18.79
18.52
19.09
18.88
18.71
18.36
19.22
18.15
18.46
18.61
17.96
18.79
18.80
19.06
18.98
18.26
19.20
18.79
18.32
18.66
18.39
19.54
18.44
18.46
19.35
19.66
19.80
18.23
17.97
18.54
18.73
18.82
19.03
18.36
19.27
17.95
19.00
18.74
18.26
18.01
18.91
18.76
18.21
18.34
18.57
18.37
18.99
18.00
17.53
18.73
18.35
19.00
18.56
18.50
19.30
17.58
18.87
18.41
18.49
18.21
18.28
19.02
19.17
17.26
19.46
18.40
18.70
18.55
18.02
19.04
18.26
18.62
19.70
18.55
17.77
18.35
18.81
18.72
18.75
17.96
19.15
18.23
18.89
18.82
18.44
18.73
18.93
18.66
18.63
18.21
18.87
18.52
19.38
18.95
18.72
18.46
19.36
18.20
18.88
18.25
18.20
18.91
18.75
18.53
18.30
18.20
19.21
18.51
18.46
18.37
18.85
18.99
18.03
18.42
18.42
19.00
18.50
19.22
18.67
18.56
17.71
18.70
18.73
18.45
17.73
18.58
18.44
18.90
18.16
18.06
18.43
18.83
18.47
19.20
17.81
17.63
18.21
18.74
19.43
17.96
18.01
18.71
18.60
18.41
18.53
18.75
18.59
17.39
19.30
19.07
18.88
18.56
18.20
19.14
18.47
18.28
18.71
18.66
19.21
18.37
18.24
18.36
18.50
18.14
18.73
18.60
18.60
17.80
18.44
18.34
18.70
18.79
19.07
19.04
19.64
18.46
17.66
18.75
18.32
19.84
18.31
18.71
18.44
17.45
20.07
19.32
18.20
18.29
18.16
19.15
18.86
18.11
18.43
18.04
18.01
17.05
18.58
19.71
18.35
19.15
17.79
18.70
18.58
17.49
17.78
19.13
19.21
17.93
18.52
18.80
17.57
18.59
19.32
19.11
18.86
18.95
18.11
18.61
18.41
18.48
19.43
17.68
18.26
18.09
18.42
18.96
19.30
19.09
18.21
18.01
18.91
17.99
18.62
19.12
18.21
18.20
19.60
18.77
18.75
18.59
17.98
19.08
18.36
17.46
18.57
18.77
18.55
18.07
18.07
18.68
18.05
18.46
18.12
18.56
18.79
18.00
18.11
18.98
18.14
18.73
18.95
18.42
19.37
18.25
18.19
18.33
18.41
18.59
19.18
18.69
18.23
18.46
18.11
18.90
18.55
18.31
18.66
18.20
19.04
18.40
18.26
19.15
18.58
18.46
18.40
18.66
18.36
17.37
19.18
19.01
18.19
18.64
18.36
18.46
18.63
18.24
18.05
18.78
18.21
18.51
18.48
19.12
18.05
18.63
19.20
18.23
18.57
19.00
18.80
18.60
18.72
18.34
18.70
18.50
19.62
17.68
18.12
18.59
18.55
18.32
19.47
18.44
18.61
18.41
17.94
19.15
18.86
17.95
18.45
18.09
18.94
18.74
18.46
18.48
18.31
18.14
18.80
18.96
18.77
18.95
17.73
18.53
18.03
18.38
18.88
18.89
17.93
18.32
18.45
18.81
17.57
18.36
18.60
19.00
18.78
18.42
18.34
18.36
18.65
18.52
18.91
19.07
18.60
18.29
18.09
18.35
18.79
18.57
18.26
18.79
18.52
18.73
18.77
17.94
19.40
18.04
18.18
18.63
18.83
18.29
18.63
18.72
18.53
18.13
18.82
18.75
18.54
18.12
18.09
18.63
18.76
19.47
17.66
18.92
18.93
17.86
19.08
18.18
18.39
18.50
18.70
18.71
18.95
18.05
18.61
19.11
18.59
18.06
18.44
19.17
18.55
17.11
18.40
18.37
18.38
18.30
18.80
18.48
19.02
18.11
18.20
18.31
18.61
18.71
18.34
18.34
18.88
18.23
18.91
18.98
18.88
17.61
17.91
18.82
18.98
18.67
18.68
18.81
18.71
18.51
18.81
18.93
18.97
18.02
19.00
18.28
18.47
18.50
18.28
18.50
18.93
19.11
18.96
18.66
18.13
17.35
18.11
18.68
18.68
18.63
18.49
18.38
19.18
18.20
18.74
18.40
18.93
18.85
17.94
18.45
19.23
18.06
18.88
19.02
18.83
19.10
18.37
18.11
18.30
18.42
18.81
18.64
18.79
18.74
18.60
18.11
18.47
18.59
17.71
18.46
19.05
18.05
18.82
18.02
19.03
17.38
19.00
18.95
18.61
18.44
18.15
19.18
18.23
18.77
18.88
18.16
19.08
18.87
18.95
18.79
18.09
18.02
18.91
18.95
19.14
19.28
17.53
19.26
18.28
18.61
18.48
18.55
18.01
18.38
19.35
19.07
18.19
18.59
18.66
19.07
19.12
18.84
18.83
18.22
18.18
18.45
18.89
17.78
18.42
17.70
18.62
18.74
18.43
19.07
18.36
17.97
19.05
19.23
18.30
19.09
17.88
17.62
18.68
19.11
18.21
19.23
18.94
18.21
18.00
18.86
17.85
18.86
18.78
19.03
19.08
18.62
18.34
17.94
18.78
19.18
18.46
18.96
19.26
18.41
18.50
17.88
18.78
19.24
18.95
18.93
18.78
18.37
18.47
18.97
18.32
18.79
18.10
17.93
18.85
18.58
18.20
17.45
18.07
18.20
18.70
18.53
18.78
18.18
18.90
17.93
18.56
18.42
17.68
18.97
19.10
18.26
18.97
18.58
18.30
18.73
18.97
18.05
19.26
18.55
17.27
18.04
18.94
18.56
18.77
18.69
18.30
18.57
18.29
18.77
18.38
18.45
17.86
18.58
18.92
18.82
18.52
19.19
18.05
18.52
18.45
19.03
18.43
18.51
17.88
18.58
18.89
18.18
18.04
18.89
18.75
18.98
18.78
18.32
18.12
18.26
18.40
18.47
18.77
18.80
18.80
17.94
17.77
18.86
18.74
18.38
18.89
18.36
18.20
18.72
18.67
18.52
18.58
18.56
19.32
17.83
18.94
18.53
18.42
18.63
18.68
18.57
18.20
18.68
19.05
19.06
19.07
18.09
19.24
17.71
18.39
18.84
18.75
17.71
18.40
18.20
18.29
18.35
18.31
18.70
17.84
17.88
17.91
19.38
18.50
18.55
18.43
18.30
18.17
18.92
18.16
18.36
17.97
18.81
18.39
18.60
18.12
17.90
18.94
18.62
18.55
18.35
18.07
18.43
18.30
18.87
19.68
17.92
17.88
17.86
18.38
19.12
19.25
18.49
18.89
18.02
18.71
18.80
19.16
19.12
18.64
18.33
18.50
18.58
18.56
18.64
17.89
18.41
18.33
17.42
18.42
18.78
18.43
18.51
18.57
19.14
18.07
18.73
18.29
18.63
18.04
18.98
18.59
18.88
18.66
18.54
18.76
18.92
18.10
18.51
17.82
18.10
19.07
17.95
17.98
19.23
18.09
17.49
18.42
18.86
18.21
18.18
18.47
18.14
18.56
18.38
18.95
18.46
18.58
18.13
18.85
18.57
18.46
18.45
18.44
18.95
18.61
18.93
18.48
19.07
19.23
17.53
18.78
18.58
18.56
18.97
18.68
18.47
18.35
18.26
18.52
18.96
18.74
18.45
18.65
18.77
18.23
18.45
19.25
19.04
19.26
17.57
18.82
18.81
18.72
19.07
19.00
18.33
18.55
18.00
18.73
18.93
17.80
19.42
17.45
18.41
18.35
19.14
18.67
18.89
18.89
18.61
18.32
19.07
18.93
18.75
18.95
18.82
18.63
18.34
18.21
18.60
18.71
19.32
18.41
19.00
18.11
18.79
18.62
19.09
17.97
19.33
18.35
18.79
18.05
18.86
19.60
18.37
17.34
18.76
18.62
18.52
18.38
18.15
18.18
19.12
18.10
18.88
18.45
18.95
18.29
17.79
19.08
18.60
17.89
18.77
18.36
18.05
18.43
19.16
19.00
19.06
16.56
18.72
18.50
18.59
19.34
18.10
18.29
18.93
18.40
18.62
18.48
18.46
18.50
17.46
18.70
19.45
18.79
18.35
18.66
17.97
18.12
18.54
19.29
19.45
18.10
17.43
18.39
18.46
18.81
18.46
18.68
18.11
18.31
18.37
18.38
18.77
18.66
17.20
19.11
19.12
19.17
18.32
19.18
17.74
18.03
19.33
18.82
18.72
18.97
17.93
18.55
19.10
19.20
18.97
18.41
18.35
18.32
18.23
18.18
19.12
18.55
18.08
18.54
18.93
18.79
18.71
18.39
18.18
18.49
17.80
18.60
18.52
18.71
18.77
19.11
18.82
18.04
18.70
18.61
18.55
18.37
18.45
18.11
19.21
18.59
17.42
18.33
18.53
17.81
19.00
18.68
18.88
18.16
18.75
17.78
18.85
18.03
18.40
18.36
18.27
18.82
17.57
18.21
19.39
18.46
18.85
18.69
18.67
17.95
18.41
18.43
18.51
19.16
18.83
18.39
18.95
18.21
18.29
18.36
19.20
18.60
18.21
18.08
18.66
18.23
18.65
18.67
18.76
18.80
17.79
18.14
18.96
18.76
17.62
18.83
18.10
18.36
18.32
19.13
18.64
18.71
18.93
18.71
19.31
18.39
18.41
18.78
18.97
18.98
16.82
18.87
18.07
18.75
18.65
19.12
19.11
18.50
17.79
18.35
18.64
18.46
18.38
19.79
18.91
18.57
18.25
18.71
18.22
19.07
17.94
19.14
18.80
18.12
17.98
18.86
18.88
18.46
19.48
18.36
18.31
18.04
18.51
19.28
18.64
18.41
17.96
18.94
18.24
19.26
17.82
18.14
18.57
19.03
18.66
18.39
18.59
18.88
18.30
18.25
19.13
18.92
18.15
18.51
18.72
17.95
19.00
17.97
19.24
18.59
17.50
18.02
18.55
18.15
18.62
18.47
18.99
18.79
18.02
18.45
18.80
19.15
18.65
18.75
19.22
18.14
17.83
18.49
18.78
18.72
17.68
17.53
18.39
18.67
18.11
19.00
19.52
17.97
18.17
18.79
18.61
18.26
18.29
18.54
19.18
18.30
17.80
18.73
17.98
18.77
18.53
17.88
19.11
17.50
18.26
18.91
18.61
18.55
19.07
18.54
18.39
18.73
18.51
17.95
18.82
18.71
17.56
18.55
19.00
18.17
17.24
17.79
17.83
18.17
18.32
18.55
19.02
18.45
17.01
18.66
18.57
18.38
17.90
18.71
18.98
18.22
18.49
18.20
18.02
18.88
18.21
18.45
19.10
18.30
18.60
17.24
18.86
18.42
18.14
18.61
19.30
17.95
18.87
18.30
18.72
18.68
17.93
19.41
17.93
18.78
18.32
18.52
18.35
18.31
18.82
18.98
18.56
18.62
17.34
18.29
18.82
18.92
19.16
18.55
18.36
18.76
18.68
18.88
18.69
18.71
17.93
18.19
18.47
18.57
19.50
18.26
19.29
18.02
17.88
18.15
18.91
18.96
18.64
18.19
18.46
17.84
18.59
19.50
18.51
18.42
18.36
18.56
18.39
17.90
19.09
18.71
18.20
18.83
17.77
18.50
18.74
18.93
18.05
18.48
18.83
18.54
17.82
19.28
18.86
17.73
18.85
18.75
18.07
17.97
18.70
18.09
18.61
18.08
18.48
18.70
18.32
18.87
18.59
17.85
18.59
18.45
18.91
18.45
18.98
18.44
18.59
19.51
18.40
19.05
18.63
17.77
18.77
19.08
18.53
18.57
18.16
18.41
18.29
19.31
18.34
18.59
19.26
18.20
18.69
18.77
18.58
19.25
18.27
18.21
17.33
18.71
19.24
19.11
19.56
18.27
18.97
18.36
18.63
18.67
18.97
18.69
18.34
18.10
18.71
18.92
17.99
18.61
19.22
18.45
18.97
18.32
18.11
17.84
18.39
19.07
18.82
18.95
18.24
18.44
18.18
18.22
18.89
19.45
18.62
18.54
18.06
18.18
18.33
18.89
19.13
18.83
18.70
18.18
18.27
19.00
18.32
18.51
18.66
18.58
18.46
19.05
18.31
18.89
18.55
17.72
18.49
18.59
19.06
18.38
18.38
18.86
18.20
18.82
18.53
19.03
18.87
18.04
17.91
18.68
18.20
19.39
18.16
18.50
19.05
18.02
18.05
18.65
18.20
19.03
18.46
18.82
19.03
18.28
18.23
17.65
18.59
19.34
18.49
18.79
19.19
18.22
18.92
18.81
18.82
18.52
18.63
19.45
17.85
18.58
18.74
18.46
18.67
18.80
18.62
17.92
18.35
18.79
18.28
18.30
18.79
18.62
18.30
19.39
18.53
19.16
18.37
18.47
18.76
17.89
19.11
18.89
18.77
18.05
18.37
18.75
18.52
17.77
19.11
18.29
18.78
18.08
19.05
18.44
18.92
18.67
18.26
18.29
18.35
18.84
19.64
18.76
18.48
17.94
18.47
18.95
18.81
18.97
18.93
18.41
18.59
18.70
18.04
19.23
18.85
18.44
18.03
18.41
18.58
18.79
20.00
18.95
17.83
18.54
17.35
18.91
19.11
18.62
18.22
17.96
18.41
18.16
18.64
18.80
18.84
17.85
16.74
18.56
18.75
18.60
18.30
19.62
18.18
17.79
18.30
18.22
18.46
18.18
18.16
19.43
19.20
18.56
18.28
18.34
18.78
18.38
18.68
18.41
19.05
18.88
18.86
18.70
18.80
18.38
18.45
18.92
18.41
18.24
17.98
18.91
18.31
18.63
18.45
19.54
18.48
17.95
18.44
19.18
18.24
18.08
18.56
18.17
17.92
18.66
19.09
17.50
18.90
17.74
18.29
18.73
19.13
18.84
18.15
18.39
18.43
18.74
18.40
18.97
18.62
18.58
17.73
18.34
18.44
18.86
18.69
18.57
18.33
18.15
18.83
18.46
19.11
18.43
18.05
18.33
18.26
18.54
18.42
18.86
18.94
18.78
18.40
18.29
18.39
18.50
18.35
18.95
18.24
18.17
18.98
18.56
18.04
18.06
18.37
18.61
18.71
18.27
18.16
18.56
19.71
18.05
18.65
18.70
19.09
18.73
17.98
18.30
18.50
18.69
18.25
18.75
17.95
18.43
17.61
18.30
18.77
18.96
18.41
18.69
18.48
18.08
18.24
18.27
18.80
18.31
18.85
17.95
18.80
18.73
18.27
18.35
18.77
18.61
17.36
18.61
18.79
18.94
18.00
17.84
18.44
18.62
18.02
19.50
18.45
18.58
17.51
18.41
19.14
18.98
18.92
17.75
18.98
18.57
17.61
18.79
19.12
18.94
17.58
18.84
18.98
19.39
18.21
18.52
18.40
18.67
18.36
19.20
18.64
18.48
18.27
18.62
18.71
19.02
18.92
18.78
18.96
17.89
18.44
18.15
18.60
18.55
17.97
18.49
18.67
18.36
19.02
18.52
18.72
18.93
18.64
18.54
17.91
17.89
18.68
19.18
19.00
18.03
18.40
18.38
18.63
18.56
19.54
17.99
18.90
18.21
17.19
19.10
18.84
19.04
18.67
18.67
18.49
18.71
18.88
19.41
18.60
18.10
18.15
18.41
18.65
18.99
18.78
19.15
18.55
18.75
18.49
18.23
18.88
19.26
18.89
18.61
18.52
18.47
19.06
19.49
19.09
18.18
18.75
18.38
19.13
18.89
18.91
18.08
18.60
18.79
18.16
18.55
19.39
18.16
18.40
18.47
19.14
18.08
18.27
19.08
18.09
18.12
18.66
18.71
18.54
18.96
18.32
18.43
18.46
17.79
18.38
18.54
18.83
18.04
18.84
18.28
18.75
18.83
17.22
19.04
18.79
19.36
17.46
18.81
18.36
18.90
18.34
18.08
19.00
18.75
17.82
18.71
18.97
17.53
17.97
19.02
18.73
18.89
18.84
18.47
18.11
18.46
18.54
18.20
18.72
18.69
17.43
18.29
18.70
18.84
18.33
18.78
18.55
18.27
17.84
18.23
19.14
18.90
19.75
18.39
18.32
18.69
18.86
18.94
19.05
19.29
17.80
17.73
18.17
18.25
18.72
19.22
18.64
18.65
18.57
18.48
18.78
18.96
18.58
18.65
18.74
18.37
18.18
18.60
18.71
18.18
18.38
18.66
18.52
18.63
18.50
19.03
18.23
17.92
19.12
18.12
18.46
18.62
18.99
18.46
18.42
18.41
18.64
19.05
18.40
18.72
17.11
18.09
18.78
18.97
18.99
18.97
18.68
18.14
18.50
18.54
19.14
18.79
17.93
18.32
18.48
17.71
18.32
19.10
18.91
18.71
17.97
18.27
17.86
19.16
18.30
18.38
18.71
18.55
18.55
18.65
18.78
19.08
18.34
19.02
19.14
18.19
18.48
18.90
18.68
18.04
18.97
18.58
18.54
18.53
18.53
18.45
18.71
18.66
18.73
18.22
18.79
18.27
18.75
18.12
18.59
18.89
16.71
19.18
18.24
18.02
17.50
18.15
18.94
17.97
18.82
18.82
18.59
18.01
18.18
19.50
18.27
18.62
18.16
18.12
18.48
18.86
19.30
18.50
18.73
18.33
17.97
18.36
18.97
18.99
18.50
18.41
18.40
18.84
18.72
18.65
19.52
18.49
17.62
17.84
18.26
18.44
18.60
18.62
18.14
18.34
18.55
18.24
18.36
19.34
17.87
18.37
18.61
18.27
18.18
18.72
19.82
18.09
18.60
18.22
18.87
17.91
18.00
19.72
18.70
17.89
18.41
18.62
18.18
18.62
18.74
18.87
18.10
18.46
18.64
18.48
19.52
18.00
18.96
17.54
18.41
18.14
19.27
19.14
18.35
18.51
17.39
18.30
18.69
18.98
18.87
18.28
18.77
17.89
18.38
18.09
19.23
18.03
17.78
18.09
18.59
18.52
17.28
19.57
18.91
18.98
18.47
17.86
19.67
18.54
18.30
18.57
18.79
18.15
17.87
18.69
18.89
17.99
18.89
18.45
18.60
17.88
18.35
19.05
18.24
18.78
18.63
18.69
18.64
18.17
18.34
18.11
18.67
18.41
18.41
19.02
18.67
17.22
19.29
17.99
18.59
18.33
18.89
17.98
18.34
18.43
18.18
18.91
18.48
18.89
18.56
19.02
18.77
18.18
18.22
19.43
18.86
17.12
17.74
18.32
19.41
18.56
18.81
18.48
17.74
18.68
18.11
18.16
18.70
19.53
18.40
18.38
18.01
18.63
18.44
18.71
19.66
17.97
18.41
17.96
18.18
18.53
19.02
19.09
17.98
18.33
17.81
18.52
18.92
18.40
18.67
17.98
18.64
18.04
18.11
18.79
18.47
18.58
18.84
18.68
18.55
18.67
18.99
19.00
18.91
18.48
18.42
18.64
18.78
17.65
18.90
18.14
18.97
18.39
17.98
18.81
18.17
18.83
18.77
18.55
19.23
18.21
18.83
19.04
18.66
18.80
18.49
18.11
19.20
18.25
19.14
18.44
18.38
17.95
18.75
18.11
19.19
18.27
18.66
18.74
18.50
18.78
18.36
19.11
18.73
18.26
18.68
18.78
18.52
18.32
18.59
18.63
18.68
18.47
18.45
18.97
19.07
17.90
18.30
18.64
18.69
18.87
18.75
18.89
18.54
18.30
18.30
18.98
19.29
18.76
17.91
17.83
19.01
18.44
18.59
18.81
18.67
17.67
17.29
18.88
18.67
18.08
18.59
17.82
18.73
18.66
19.00
18.35
19.07
18.70
17.68
18.54
19.07
19.28
18.32
18.07
18.63
18.48
18.00
18.44
18.80
18.77
18.02
18.93
17.93
18.18
18.47
18.79
18.77
18.56
18.73
18.05
18.36
18.95
19.68
18.04
18.96
18.77
17.59
18.39
18.78
19.32
18.41
18.64
18.78
18.85
19.02
19.02
18.16
18.86
18.16
18.54
18.59
18.36
19.20
17.95
19.46
17.81
18.62
18.52
19.11
19.05
18.34
18.57
18.71
18.61
18.66
18.54
18.43
18.48
18.35
19.08
18.59
18.67
18.21
18.58
18.49
18.26
19.07
18.49
18.77
19.05
18.12
18.13
19.13
18.74
17.80
18.53
18.41
18.45
17.91
18.60
18.61
18.32
18.47
18.63
18.36
17.75
18.64
18.82
18.71
18.47
17.89
18.44
18.39
18.72
18.59
18.90
18.48
18.34
18.42
18.49
18.43
18.26
18.39
17.99
19.15
18.50
18.28
18.41
18.57
18.95
17.32
18.08
19.05
18.51
17.93
18.99
19.10
18.18
17.88
18.82
18.36
18.22
19.09
17.97
18.62
17.79
18.62
17.80
18.66
19.04
19.22
18.86
18.34
17.99
18.33
18.78
18.74
18.73
19.14
19.52
18.50
18.16
18.58
18.05
18.94
18.51
18.30
18.70
18.03
18.33
18.78
18.69
18.88
18.54
18.55
18.59
18.31
18.58
18.17
19.03
19.04
18.36
18.27
17.66
18.91
18.27
18.60
19.44
18.68
18.13
17.43
17.98
18.57
18.57
19.74
19.02
18.14
18.35
18.44
18.79
19.03
19.18
18.71
17.66
18.64
18.47
18.29
18.79
19.04
19.63
18.34
18.73
18.60
18.64
18.54
19.29
17.76
18.61
18.04
18.46
19.07
18.79
18.85
18.38
18.76
17.73
17.50
18.77
19.17
18.49
18.82
18.57
18.32
18.07
18.71
19.25
18.08
18.72
17.87
18.24
18.14
18.64
18.95
18.06
18.74
18.38
17.99
17.99
18.75
19.27
18.21
18.48
18.77
18.69
18.28
19.05
19.10
18.43
17.86
18.89
18.96
18.44
18.22
18.56
18.68
18.14
19.19
18.72
19.33
18.52
18.34
18.28
18.23
18.77
18.39
19.17
18.57
18.46
18.21
18.43
18.58
18.21
17.32
18.57
19.64
18.86
17.60
18.95
18.68
18.84
18.48
19.21
18.54
18.18
18.65
19.21
18.82
18.13
18.44
18.53
18.62
18.43
18.67
17.79
18.87
18.59
18.64
18.19
18.28
18.67
18.55
18.35
18.34
18.65
18.47
18.24
19.04
18.37
17.87
18.73
19.11
18.41
18.45
19.11
18.51
18.17
18.20
19.24
18.63
18.70
19.09
19.59
18.89
18.62
18.84
18.00
19.35
18.51
18.23
18.62
18.82
18.88
17.86
18.81
18.92
18.75
18.85
18.36
18.45
17.86
19.45
18.97
18.27
18.93
18.67
18.20
18.50
19.04
18.45
18.77
19.16
17.86
18.61
18.52
18.94
18.80
19.06
18.57
18.20
18.95
17.76
18.53
18.43
18.73
18.62
18.14
18.98
18.73
18.27
18.50
18.75
18.54
16.93
18.93
19.48
18.01
18.90
18.93
18.16
18.12
18.33
18.41
18.21
18.91
19.32
18.79
18.55
18.82
18.43
18.64
18.66
18.30
18.37
18.52
18.81
17.70
19.07
18.89
18.08
17.57
18.16
18.80
18.47
18.14
18.59
18.34
19.18
18.47
18.66
18.21
18.99
18.00
18.05
18.98
18.43
18.56
18.47
18.92
18.52
18.19
18.95
18.41
18.71
18.37
18.54
18.69
18.68
18.61
18.54
18.82
19.05
18.34
18.48
18.16
18.85
18.38
18.64
19.14
18.73
18.02
18.19
18.86
18.91
18.56
19.59
17.40
18.90
18.45
18.71
18.44
18.10
19.20
18.37
18.61
18.96
19.18
18.18
18.75
19.61
17.54
18.54
18.42
18.71
18.72
17.60
18.69
18.41
17.98
18.30
18.38
18.86
18.05
18.57
18.24
18.39
18.88
17.79
19.46
18.62
18.10
18.99
17.82
19.05
18.49
18.76
18.23
19.05
18.60
17.62
19.02
18.64
18.03
17.11
19.07
18.54
18.38
18.74
19.09
18.46
17.48
18.97
18.86
18.35
18.67
18.44
18.99
18.48
18.62
18.39
18.30
19.16
18.36
18.59
18.54
18.91
19.15
17.97
18.11
18.76
18.68
18.73
18.54
19.17
18.62
18.58
18.54
18.89
18.89
17.32
19.36
18.36
17.87
18.60
18.52
18.72
17.91
18.82
18.75
18.67
18.64
18.78
18.66
18.57
18.67
18.73
18.54
18.52
18.44
18.87
18.22
18.73
18.41
18.32
18.74
18.61
18.90
18.23
18.42
18.46
18.36
18.46
18.54
18.92
18.02
18.73
18.41
18.05
18.55
18.88
19.30
18.77
18.04
17.48
18.26
18.75
18.82
18.97
18.41
18.67
18.21
18.32
18.96
18.89
18.47
18.50
18.23
18.51
18.38
19.11
18.95
18.55
17.62
18.29
19.01
18.62
18.98
19.22
18.94
18.41
17.77
18.61
19.02
18.81
19.16
18.86
18.84
17.95
18.49
18.57
19.20
18.96
17.93
18.18
18.49
18.54
18.04
19.03
19.35
18.29
18.41
18.58
18.46
18.67
19.55
18.23
18.51
17.87
18.47
19.14
19.36
18.90
18.22
18.40
18.26
18.94
18.65
16.84
18.99
18.04
18.42
18.24
18.38
19.13
18.44
19.30
18.37
19.12
18.18
18.59
19.03
18.95
18.44
18.37
19.32
18.56
18.48
18.93
18.49
18.17
18.41
17.70
18.80
18.78
18.34
18.21
18.92
18.62
17.89
18.49
18.59
19.20
17.97
18.96
19.08
18.44
18.29
17.77
19.89
18.25
18.82
18.25
18.43
18.70
18.54
18.95
18.43
18.77
18.39
18.28
18.59
18.38
17.83
17.76
19.04
18.84
18.32
18.62
18.78
18.57
18.85
18.43
18.78
18.48
18.79
18.88
17.90
19.13
18.55
18.66
18.78
18.95
17.74
18.21
19.16
18.96
18.58
18.54
18.31
18.54
18.20
18.46
18.67
18.41
18.50
18.78
18.50
18.73
18.56
18.68
18.66
19.22
17.84
18.88
18.57
18.44
18.50
18.75
18.99
18.16
18.52
17.76
18.89
18.91
18.01
18.77
18.35
18.86
18.48
18.65
18.74
19.46
18.90
17.91
18.82
18.56
18.59
18.35
18.25
18.58
17.21
18.47
18.33
19.36
18.91
18.63
17.89
18.54
18.58
18.49
18.75
19.04
18.31
18.43
18.68
18.96
18.52
17.61
19.10
18.93
18.66
17.61
19.12
18.58
18.66
18.62
18.59
18.90
18.44
18.92
19.18
18.88
18.54
18.10
19.11
18.25
18.36
19.10
18.27
18.46
17.60
18.06
19.15
18.96
18.95
18.08
18.19
18.04
18.23
18.78
18.51
19.05
19.39
18.11
18.84
18.67
19.06
19.19
18.41
19.12
17.57
18.69
18.27
19.03
19.65
18.50
18.48
18.07
18.55
18.88
18.50
19.25
18.93
18.01
17.69
18.60
17.99
18.68
18.54
18.72
18.35
18.84
18.52
18.19
19.20
18.73
18.80
18.24
18.89
17.88
18.62
19.34
19.03
18.52
18.49
18.48
18.58
18.16
19.05
18.88
18.38
17.98
17.93
18.41
18.95
19.19
18.50
18.29
18.09
18.48
18.66
18.49
18.98
18.95
18.33
18.37
18.22
18.52
18.02
19.30
18.81
18.29
18.33
18.33
18.58
18.16
19.02
18.45
19.16
18.36
18.32
18.67
18.08
19.31
18.54
18.07
18.74
17.12
18.61
18.71
