12.71
293.73
337.54
337.84
337.79
337.85
337.52
337.68
337.54
337.54
337.72
337.61
337.62
337.66
337.73
337.75
337.69
337.70
337.68
337.71
337.61
337.63
337.64
337.66
337.61
337.89
337.71
337.69
337.55
337.77
338.04
337.74
337.43
337.70
337.53
337.79
337.89
337.95
337.92
337.83
337.45
337.61
337.95
337.91
338.12
338.21
337.77
337.49
337.68
337.75
337.84
337.70
337.53
337.56
337.74
337.82
337.82
338.07
338.07
337.96
337.88
337.69
337.92
337.57
337.63
338.08
337.51
338.34
337.75
337.69
337.96
337.92
337.77
337.90
337.91
338.06
337.78
337.76
337.79
337.65
338.04
338.05
337.62
337.16
337.37
337.86
337.96
337.74
337.64
337.73
337.89
337.65
337.60
337.63
337.54
337.68
337.45
337.80
337.64
337.41
337.65
337.85
337.73
337.70
337.81
338.12
337.85
337.64
337.79
337.76
337.84
337.81
337.76
337.85
337.80
337.98
337.99
337.93
337.96
337.84
337.80
337.80
337.75
337.74
337.72
337.95
338.04
337.70
337.74
337.84
337.89
337.85
337.88
337.46
337.83
337.90
337.66
337.38
337.59
337.97
337.88
337.99
337.69
337.81
337.64
336.95
337.70
337.50
337.79
337.59
337.75
337.56
337.75
338.12
337.73
337.88
337.59
337.94
338.16
337.69
337.08
337.86
337.60
337.74
337.82
337.72
337.68
337.76
337.44
337.78
337.90
337.82
337.75
337.88
337.82
337.91
338.05
337.87
337.77
337.87
338.00
337.94
337.81
337.62
337.95
337.93
338.05
337.71
337.73
337.80
337.83
336.93
337.75
337.61
337.57
337.69
337.61
337.89
337.66
337.54
337.80
337.68
337.90
337.78
337.36
337.75
337.86
337.68
337.20
337.70
337.85
337.59
337.64
337.62
337.39
337.70
337.55
337.61
337.49
337.68
337.55
337.57
337.78
337.51
337.62
337.57
337.62
337.11
337.66
337.90
337.80
337.61
337.43
337.96
337.81
337.54
337.04
337.88
337.45
336.95
336.75
337.66
337.58
337.78
338.06
337.68
337.74
337.64
337.59
337.64
337.76
337.52
337.82
337.91
337.45
337.65
337.49
337.33
337.63
337.66
337.30
337.79
337.43
337.76
337.50
337.66
337.91
337.95
337.45
337.57
337.83
337.49
337.72
337.80
337.68
337.77
337.47
337.76
337.74
337.66
337.44
337.59
337.66
337.72
337.69
337.85
337.75
337.63
337.54
337.83
337.88
338.14
337.61
337.96
334.06
337.62
337.67
337.69
337.82
337.54
337.64
337.59
337.59
337.59
337.66
337.79
337.54
337.76
337.79
337.80
337.53
337.46
337.77
337.81
337.96
337.68
336.93
337.56
337.51
337.57
337.66
337.72
337.77
337.86
337.25
337.62
337.60
337.56
337.79
337.63
337.27
337.64
337.48
337.45
337.54
337.79
337.44
337.77
337.79
337.59
337.62
337.54
337.81
337.87
337.52
337.52
337.62
337.48
337.37
337.75
337.72
337.36
338.00
337.79
337.63
337.66
337.56
337.38
337.71
337.70
337.75
337.89
337.77
337.45
337.32
337.56
337.60
337.56
337.75
337.52
337.40
337.59
337.65
337.65
337.80
338.00
337.40
337.75
337.40
337.61
337.66
337.64
337.54
337.78
337.52
337.66
337.61
337.64
337.44
337.80
337.72
337.38
337.75
337.77
337.07
338.15
337.57
337.35
337.50
337.48
337.64
337.51
337.38
337.57
337.80
337.85
337.55
337.52
337.47
337.71
337.77
337.74
337.31
337.43
337.46
337.47
337.67
337.62
337.63
337.75
337.69
337.65
337.97
337.66
337.74
337.82
337.62
337.42
337.72
337.87
337.29
337.33
337.66
337.51
337.81
337.55
337.50
337.45
337.65
337.33
337.56
337.38
337.51
337.88
337.54
337.53
337.44
337.56
337.53
337.71
337.88
337.92
337.85
337.38
337.68
337.61
337.64
337.95
337.45
337.54
337.26
337.53
337.57
337.75
337.52
337.27
337.35
337.38
337.70
337.77
337.93
337.00
337.57
337.63
337.44
337.55
337.52
337.73
337.79
337.50
337.45
337.41
337.45
337.87
337.61
337.84
337.77
337.72
337.70
337.65
337.63
337.73
337.98
337.95
337.69
337.71
337.59
337.74
337.48
337.78
337.71
337.82
337.65
337.70
336.79
337.86
337.52
337.75
337.78
337.71
337.85
337.83
337.90
337.87
337.49
337.25
337.36
337.84
337.54
337.78
337.59
337.56
337.95
337.66
337.72
337.90
337.94
337.65
337.57
337.41
337.64
337.84
337.60
337.54
337.66
337.87
337.75
337.47
337.64
337.59
337.61
337.70
337.52
337.71
337.68
337.57
337.63
337.36
337.71
337.16
337.68
337.59
337.55
337.64
337.78
337.64
337.72
337.61
337.59
337.60
337.39
337.36
337.60
337.53
337.92
337.81
337.79
337.68
337.61
337.54
337.55
337.53
337.63
337.56
337.61
337.87
337.48
337.52
337.89
337.90
337.84
337.59
337.77
337.77
337.58
337.72
337.50
337.51
337.91
337.57
337.93
337.54
337.63
337.48
337.55
337.46
337.36
337.62
337.40
337.86
337.32
337.51
337.61
337.35
337.57
337.56
337.43
336.93
337.42
337.80
337.77
337.70
337.66
334.29
337.37
337.28
337.38
337.46
337.83
337.71
337.23
337.56
337.37
337.43
337.33
337.90
337.07
337.11
337.52
337.50
337.64
337.58
337.72
337.46
337.25
337.27
337.30
337.34
337.34
337.28
337.50
337.50
337.11
337.82
337.43
337.68
337.25
336.99
337.59
337.36
337.19
337.53
337.71
337.48
337.35
337.10
337.20
337.49
337.66
337.26
337.49
337.59
336.76
337.01
337.31
337.36
337.53
337.23
337.17
337.19
336.94
336.92
336.93
337.29
337.03
337.11
336.76
336.52
336.67
336.70
336.25
336.42
336.43
335.87
335.50
334.98
334.55
333.67
331.74
331.56
329.85
327.66
328.08
322.73
322.22
322.82
319.66
318.85
325.95
