11.25
39.68
45.35
53.74
64.56
61.94
67.77
75.24
78.25
85.03
82.13
75.83
76.07
84.99
120.79
100.61
89.07
95.49
99.34
101.48
101.80
106.29
102.31
101.39
128.30
113.91
109.47
105.18
109.23
121.18
106.71
108.58
114.70
112.67
120.07
116.50
120.35
116.19
123.71
116.40
126.31
128.53
144.70
122.82
133.34
123.32
142.61
136.14
131.15
141.31
136.42
148.82
139.52
142.79
143.08
149.34
123.64
123.52
135.20
125.11
159.64
136.29
138.97
153.84
153.18
146.69
144.55
144.82
156.66
147.57
151.89
145.03
165.72
139.81
131.10
153.72
119.24
152.22
145.37
122.94
136.59
122.39
132.28
112.94
117.57
148.07
154.09
122.88
91.45
92.89
72.54
82.32
91.09
96.39
87.56
97.35
148.82
136.72
151.46
138.67
131.32
127.61
151.51
130.34
130.10
128.83
140.24
123.59
121.84
143.88
141.88
153.65
132.51
162.19
146.41
129.84
138.71
150.82
130.64
151.11
120.46
154.28
154.65
159.32
131.64
160.52
149.47
137.74
134.18
137.70
136.27
153.80
138.58
151.25
168.14
137.49
171.62
149.83
165.63
167.65
159.83
177.72
152.11
145.54
170.07
163.34
174.85
162.80
154.19
174.57
176.63
127.77
167.36
154.30
178.82
177.49
130.49
166.51
142.97
179.88
150.25
151.96
147.38
168.02
161.35
177.06
158.48
121.90
176.48
171.02
164.44
152.68
194.83
166.25
144.28
156.54
183.26
184.03
150.36
155.48
157.32
166.29
160.23
155.36
129.52
164.33
168.31
165.48
171.20
149.75
173.32
153.11
141.19
162.30
146.90
155.64
156.64
156.47
160.28
161.79
154.20
183.76
176.97
154.97
160.55
160.76
146.33
169.99
169.94
159.42
154.42
150.01
129.54
138.74
126.61
157.50
157.56
166.39
166.84
148.80
148.20
160.43
139.40
169.32
168.79
166.13
172.62
181.18
184.36
175.13
174.85
185.95
147.43
167.21
175.80
183.16
162.92
181.66
171.29
197.98
173.96
169.12
171.77
189.03
202.74
155.16
193.57
173.38
173.52
163.64
159.24
157.05
166.03
170.86
169.08
179.84
162.71
188.16
142.38
186.38
167.37
173.59
180.14
172.46
183.35
159.27
161.57
166.90
183.60
174.93
177.31
164.13
194.42
164.95
162.11
159.79
192.06
165.86
176.21
177.52
172.47
170.73
172.48
189.36
165.32
157.55
180.65
157.78
153.80
158.21
155.99
139.84
143.44
167.39
170.18
168.77
165.65
159.45
150.05
186.85
148.61
168.86
171.01
170.59
159.26
162.56
171.99
151.31
162.50
166.28
163.66
152.00
169.99
173.92
154.37
175.50
160.75
162.86
145.63
182.51
169.38
168.29
173.08
189.73
171.13
161.74
176.66
169.46
165.17
174.04
139.66
175.14
164.46
169.75
179.77
185.10
161.51
170.89
171.27
190.27
172.87
170.45
175.40
181.82
169.21
160.61
148.56
166.38
143.66
153.82
143.16
148.53
157.08
171.43
167.14
140.63
168.72
175.62
167.31
156.97
182.50
178.61
168.56
128.96
132.08
133.72
118.21
140.05
122.09
152.83
184.05
132.58
168.29
137.48
137.64
147.62
147.80
159.23
168.27
187.66
188.79
204.20
220.95
169.34
197.14
189.71
180.83
210.30
205.79
214.17
197.96
206.25
199.14
207.48
213.52
200.92
201.43
169.29
170.73
199.47
208.71
185.84
182.00
170.11
191.09
184.08
189.30
189.64
180.08
202.23
187.19
182.09
191.62
202.26
174.54
192.64
213.11
179.58
191.85
181.78
200.83
202.89
196.57
178.66
176.61
206.60
205.38
202.84
181.29
183.89
163.76
134.40
173.80
136.54
143.99
156.43
166.39
167.90
191.21
179.50
161.80
156.95
156.43
173.64
156.50
183.06
193.52
218.14
212.25
199.67
186.43
203.56
205.70
188.06
186.03
208.13
194.19
199.58
198.70
186.30
210.54
205.45
217.98
204.06
186.52
201.81
189.25
204.33
195.22
196.19
191.71
187.16
196.67
194.83
203.20
193.54
186.77
206.57
189.89
218.55
203.09
201.03
208.66
198.21
227.32
187.49
221.59
222.44
195.27
237.88
241.50
253.45
255.29
245.74
235.86
225.45
235.11
255.78
233.26
233.55
243.70
258.50
217.72
255.95
242.04
237.80
240.97
238.59
238.29
245.11
229.38
238.20
251.35
243.10
249.57
238.34
240.09
245.51
222.49
232.28
247.07
249.19
253.82
257.26
210.60
235.01
252.36
255.38
250.40
249.51
249.36
247.75
231.25
243.84
273.99
272.87
273.46
273.46
273.14
273.79
274.12
273.27
272.93
273.83
274.00
274.04
274.05
274.04
274.05
274.07
274.05
274.07
274.04
274.07
274.00
274.09
274.09
273.91
273.95
274.10
274.06
274.07
273.96
274.08
273.63
273.15
274.34
273.76
273.12
273.56
273.53
274.11
274.18
273.56
273.69
273.49
273.51
273.20
273.44
273.18
273.11
273.18
273.65
273.77
273.88
274.00
273.17
273.76
272.97
273.09
273.17
274.12
273.41
273.30
273.00
273.23
273.43
274.09
273.27
273.67
273.88
273.91
273.91
273.42
274.09
274.03
274.03
273.48
273.73
273.59
274.08
274.06
274.17
274.03
273.32
273.54
273.53
273.91
273.81
273.83
273.25
273.60
273.11
273.00
273.19
273.86
274.27
273.71
257.19
103.98
50.90
45.80
44.11
45.52
43.88
43.34
43.44
42.61
44.46
43.65
43.85
42.02
42.45
43.09
43.15
42.73
43.30
44.27
42.21
43.95
46.30
43.88
43.47
44.43
44.68
43.57
44.08
43.72
43.66
44.70
43.81
43.59
43.53
43.86
43.88
43.52
43.85
43.83
44.01
44.61
44.15
43.46
43.70
43.53
44.15
42.38
43.85
43.26
43.67
44.38
44.07
43.68
44.12
42.91
44.10
43.02
44.51
43.93
43.61
43.62
43.45
45.40
44.58
45.06
44.69
44.26
42.96
44.12
45.46
44.37
45.46
44.18
43.68
45.16
44.23
44.84
44.71
44.71
44.50
44.35
43.77
44.80
44.91
44.72
44.99
43.56
44.87
44.66
44.39
45.01
44.20
45.35
45.17
45.43
44.89
44.79
45.43
45.23
45.09
46.37
43.24
45.34
43.25
44.60
44.27
44.80
45.55
43.43
43.62
44.53
45.20
44.00
43.62
44.41
44.78
45.14
45.46
45.45
44.20
44.15
45.85
45.89
45.00
45.50
45.95
45.12
45.24
46.72
45.61
45.74
44.86
44.42
45.02
44.80
46.52
45.02
45.73
45.00
45.44
45.11
45.72
47.07
45.98
45.33
46.04
45.41
45.16
45.89
45.48
46.00
45.25
45.72
46.51
44.99
46.66
45.43
45.84
44.95
45.78
45.38
45.46
45.25
45.55
46.65
46.62
46.22
46.02
45.69
45.91
45.64
46.01
46.06
45.44
46.38
46.14
45.73
44.41
44.48
45.44
45.92
46.13
45.95
46.14
45.62
47.43
46.80
45.33
47.07
46.14
45.06
46.10
45.52
45.37
46.51
45.70
46.34
47.53
46.33
46.66
45.87
46.23
46.81
46.88
46.37
47.84
46.97
47.32
46.61
46.62
46.81
45.95
46.63
46.98
47.37
46.06
47.46
47.10
45.80
45.78
46.21
46.82
47.58
46.40
48.36
47.04
47.91
47.27
47.56
47.84
47.13
47.48
46.86
47.16
47.09
47.19
47.09
47.71
46.50
46.39
48.19
47.53
48.56
47.68
47.40
48.06
47.49
45.52
46.28
47.21
46.73
46.76
47.16
47.10
46.64
48.38
48.68
47.11
47.87
48.26
46.93
47.75
48.39
48.66
47.67
47.97
48.01
48.08
48.46
48.04
48.44
46.73
48.29
47.36
48.24
47.55
48.23
48.72
48.04
49.00
47.50
48.74
48.49
47.85
48.33
47.91
48.59
47.29
48.57
48.11
49.28
48.09
48.45
48.51
47.02
47.07
48.64
47.75
48.43
47.64
48.72
48.07
47.95
48.45
48.69
48.97
49.33
48.50
49.91
46.48
48.75
48.46
48.09
48.96
49.22
49.07
50.19
48.34
49.18
48.95
48.60
47.83
48.99
48.92
48.57
48.73
49.05
48.46
50.98
48.89
49.41
48.89
48.11
50.05
49.64
49.61
49.34
48.63
50.26
48.35
48.93
48.49
49.26
49.75
51.13
48.22
48.84
48.54
49.34
48.89
49.91
48.83
48.27
49.38
50.29
49.37
50.23
49.41
50.52
50.76
48.33
49.82
46.95
49.55
50.45
49.00
49.70
49.15
48.32
49.31
49.89
49.13
48.95
50.64
50.70
50.04
50.37
49.82
50.12
49.26
48.93
51.52
49.35
49.96
49.96
50.51
49.76
48.42
49.79
48.74
48.91
49.83
51.13
50.41
50.07
50.80
50.06
49.72
50.55
50.99
49.52
49.31
50.94
50.91
50.21
51.07
49.68
51.27
50.62
50.89
52.87
49.41
50.53
50.41
49.94
51.03
50.59
49.36
49.69
51.04
49.35
51.52
49.98
51.29
49.74
49.84
51.52
50.72
50.04
50.57
52.80
51.68
49.88
51.70
50.36
51.62
52.06
50.46
51.57
51.41
51.76
51.11
50.11
50.49
51.28
50.78
52.48
51.40
52.58
52.41
51.12
51.47
50.45
50.65
51.88
50.66
51.93
50.55
53.87
52.02
51.38
51.28
52.14
51.23
52.25
51.76
52.48
51.51
52.93
51.29
51.34
52.43
51.31
52.14
50.41
53.04
51.57
52.59
53.24
51.82
53.03
52.81
50.75
52.31
51.83
52.07
52.29
53.20
51.55
52.31
52.96
51.84
51.88
53.62
52.97
52.77
51.77
53.07
52.18
51.44
53.10
52.53
53.44
53.20
53.12
53.78
52.01
53.37
52.42
53.31
52.56
53.68
53.23
51.73
54.59
53.28
53.32
52.80
52.65
54.60
52.46
53.64
52.24
54.57
53.71
53.77
53.98
52.80
52.72
53.83
52.82
54.03
52.82
53.66
53.30
53.60
53.00
53.60
54.46
55.93
55.31
54.80
54.51
53.61
54.23
54.71
52.88
55.06
54.37
53.86
55.19
54.86
54.07
54.76
54.59
55.06
54.15
55.19
54.23
55.11
54.21
54.18
53.79
55.59
54.45
54.86
53.87
53.91
54.55
54.12
54.23
52.19
54.19
53.00
55.25
55.55
54.26
55.23
55.65
54.19
53.93
54.54
55.76
54.48
55.27
53.63
56.62
54.44
54.43
57.08
55.54
54.85
56.80
55.16
54.30
55.47
53.89
57.49
54.82
54.45
55.18
55.54
55.50
55.17
53.75
55.66
56.57
56.66
55.95
55.18
57.46
56.30
54.41
56.55
55.74
56.00
53.03
57.56
57.41
55.67
57.67
56.11
57.57
56.04
55.28
55.95
57.60
57.04
55.91
56.20
55.84
56.52
57.62
58.08
56.57
58.30
55.93
56.24
57.51
56.58
56.01
57.20
56.44
58.06
57.18
57.11
59.20
58.71
58.70
56.95
57.23
57.17
57.71
57.68
57.32
58.43
58.61
58.33
57.15
57.70
57.38
57.57
57.33
58.21
56.09
57.61
58.32
58.28
58.02
57.70
57.62
57.49
56.25
56.74
57.10
56.68
57.94
59.02
57.26
56.62
58.83
59.27
58.48
58.09
57.96
58.81
58.67
57.16
56.72
57.68
58.74
58.34
57.55
58.48
57.49
58.19
58.93
60.17
57.35
58.22
57.09
60.00
58.65
59.26
58.78
59.83
59.20
58.69
59.14
60.73
58.40
58.47
59.89
58.95
58.41
58.66
59.37
59.65
60.58
58.93
59.33
58.93
59.02
59.54
59.44
59.50
58.55
61.64
60.35
59.72
58.21
59.02
60.99
59.59
57.21
59.64
60.00
58.14
60.42
61.21
58.97
59.96
58.79
58.76
61.89
60.55
60.69
59.43
60.05
61.90
59.96
58.77
59.61
60.86
59.94
61.16
60.59
59.83
61.25
60.45
60.12
60.39
61.08
60.37
60.87
60.78
61.18
61.44
60.18
61.69
61.77
61.11
60.71
62.40
60.50
61.25
61.37
60.79
61.51
61.59
60.05
60.53
61.87
60.49
62.55
62.13
61.81
62.54
60.82
63.25
62.36
61.86
62.25
62.72
60.98
61.75
62.64
63.54
62.01
62.77
60.59
63.40
61.75
63.90
62.10
61.20
62.09
62.48
62.02
61.89
63.09
63.02
62.41
63.89
62.82
65.27
62.01
64.42
62.88
65.15
63.00
62.40
63.84
63.13
64.54
62.57
63.69
63.08
62.93
63.35
64.77
63.57
65.24
63.21
64.20
63.58
62.71
63.04
63.33
62.33
64.50
63.30
63.72
64.70
64.88
63.55
64.89
64.80
63.59
62.62
64.49
63.93
65.83
65.20
65.95
65.01
63.75
65.72
65.38
65.22
63.63
65.56
64.78
65.89
65.27
64.72
64.73
64.82
65.07
65.01
65.89
64.70
65.79
64.54
64.04
65.23
63.32
64.70
66.49
66.50
64.96
67.04
65.39
67.00
66.70
66.35
65.61
65.54
64.63
66.30
66.98
65.16
66.52
66.30
65.12
66.27
66.67
65.11
67.53
66.89
67.79
68.04
67.62
67.15
66.41
66.94
67.73
68.05
67.20
67.59
68.16
67.56
66.38
66.45
66.64
66.90
71.14
68.02
68.47
66.36
66.79
66.57
68.61
66.78
68.15
67.78
67.75
67.68
69.03
69.00
67.90
67.45
68.86
68.85
68.03
67.63
67.03
68.95
66.94
66.69
68.62
68.40
70.79
68.14
68.08
69.08
70.57
70.01
68.47
70.11
70.72
68.32
69.04
67.89
68.11
69.26
68.57
70.02
69.75
69.93
68.17
69.22
69.85
70.13
70.71
69.75
70.12
68.69
71.58
71.03
71.36
69.71
69.30
69.78
69.61
69.61
71.18
71.20
69.23
69.34
71.12
71.12
71.61
69.71
70.61
70.47
69.76
69.01
71.00
70.49
69.11
71.64
71.23
71.50
71.53
69.97
71.23
73.57
74.81
71.36
71.23
71.19
72.93
72.34
70.96
72.56
71.68
72.16
72.97
73.67
73.18
72.32
74.64
73.25
72.01
72.64
72.13
73.03
73.86
72.85
74.23
71.28
74.53
71.55
72.52
74.02
75.16
73.98
73.33
74.17
73.50
74.79
73.32
72.76
74.14
72.96
73.66
72.95
75.27
72.83
74.88
75.55
74.83
75.96
74.22
73.33
73.88
75.01
75.34
75.62
74.71
73.24
74.98
75.30
74.02
76.19
75.03
74.26
74.77
75.28
75.12
74.06
77.64
74.92
77.06
76.60
74.62
75.67
76.27
77.14
75.98
78.46
75.38
78.23
77.83
75.68
78.25
77.29
77.43
76.54
77.24
78.94
75.70
77.05
78.61
79.38
78.58
76.52
77.37
79.92
79.17
78.54
77.96
78.66
78.48
77.73
78.03
76.73
77.33
77.19
77.43
79.29
79.00
77.50
78.20
75.98
79.82
78.67
78.29
78.87
78.24
78.93
78.12
80.16
79.61
79.91
80.82
78.75
81.68
80.02
79.67
79.97
81.78
81.23
80.66
81.38
82.48
80.19
81.88
82.92
80.90
79.37
83.11
82.43
81.94
83.80
81.82
80.43
81.92
82.28
81.89
83.27
80.62
82.11
82.54
84.57
82.74
81.95
82.45
84.32
81.81
83.67
80.78
83.43
82.84
81.51
86.64
83.66
82.02
83.66
83.27
82.68
83.79
85.66
84.72
84.61
84.27
86.49
81.73
83.95
84.92
85.33
84.81
86.42
87.04
84.42
85.14
87.65
85.20
84.73
87.43
88.59
86.75
86.71
86.53
87.36
88.01
87.29
87.23
86.48
88.06
87.08
87.46
88.35
87.37
90.23
88.09
87.40
90.95
87.27
88.41
87.83
88.02
88.02
88.44
91.64
87.34
88.54
88.58
91.87
88.02
92.35
89.09
90.74
91.93
88.61
90.27
92.56
91.28
90.92
90.42
91.29
94.79
89.47
92.66
90.92
92.04
92.28
90.68
93.30
90.12
92.20
91.75
91.64
92.88
93.78
92.23
93.95
94.55
94.49
91.45
94.61
93.61
95.46
93.04
94.30
94.54
94.43
94.69
95.21
93.56
94.68
93.67
93.57
95.51
94.41
94.21
94.78
96.23
91.77
96.45
96.37
94.84
95.62
94.71
95.66
98.17
95.95
98.60
95.97
97.20
99.07
96.41
98.22
97.14
96.57
98.82
99.57
97.49
96.59
95.89
97.70
98.64
99.78
101.02
99.44
99.72
102.99
100.80
100.09
100.07
100.98
99.89
101.08
99.41
100.23
102.15
101.82
100.81
102.85
99.27
98.77
102.79
103.20
101.86
102.87
102.62
107.75
102.35
104.33
106.10
106.38
103.83
105.46
105.32
103.88
102.96
104.79
104.22
103.94
105.14
106.96
104.49
106.44
105.42
104.06
107.54
107.88
105.51
106.56
107.12
108.73
110.13
105.94
108.86
110.18
107.70
109.59
107.12
109.47
110.02
109.28
109.71
110.79
114.06
111.64
110.42
111.77
112.52
111.73
113.27
109.95
113.81
111.49
113.15
113.62
113.38
113.39
114.54
113.74
112.55
114.70
115.37
115.88
116.36
112.98
120.69
115.22
115.57
118.88
116.91
115.57
115.95
119.72
112.92
113.79
115.79
115.90
114.52
119.84
120.07
118.61
122.67
120.78
124.13
122.55
116.46
120.29
118.41
119.97
119.73
116.26
118.48
119.99
122.68
123.53
124.94
127.63
124.89
124.57
127.70
121.39
124.34
124.94
128.75
132.37
124.74
129.08
129.57
131.56
127.64
130.12
128.89
129.08
128.20
127.86
122.38
126.07
127.19
128.49
126.98
126.64
128.84
130.61
131.28
132.03
132.51
132.79
136.50
141.71
136.52
134.34
131.57
136.10
134.34
136.96
137.67
135.61
140.64
133.78
139.18
144.40
142.97
140.59
146.18
141.50
140.06
142.95
142.26
143.87
145.60
144.34
145.95
150.15
150.59
148.27
149.65
149.89
151.39
148.16
149.50
149.32
151.79
149.72
152.23
151.16
151.56
155.24
160.03
156.46
156.47
157.85
155.81
158.46
162.37
162.65
163.98
159.14
162.32
164.30
162.47
164.22
171.04
166.30
167.32
171.52
164.25
164.88
173.11
167.53
173.16
176.92
174.40
177.59
177.05
172.70
176.60
178.95
179.90
183.80
182.29
185.09
184.11
186.45
189.90
185.76
192.94
192.23
192.68
192.47
193.00
198.64
199.95
202.70
199.58
201.74
200.52
198.23
200.60
215.73
211.08
211.93
211.03
211.02
214.63
213.65
210.87
221.02
232.82
230.45
227.03
226.76
229.57
226.60
232.75
240.05
240.29
246.33
247.04
244.07
243.05
248.92
253.45
260.34
263.54
264.13
266.19
266.08
264.55
262.63
265.80
270.89
266.00
268.27
271.68
270.16
268.89
269.15
269.03
270.75
268.95
270.65
272.00
264.98
269.18
268.24
