randwrite_job: (g=0): rw=randwrite, bs=4K-4K/4K-4K/4K-4K, ioengine=libaio, iodepth=16
fio-2.1.10
Starting 1 process

randwrite_job: (groupid=0, jobs=1): err= 0: pid=2005: Wed Sep 30 03:49:36 2015
  write: io=235520MB, bw=109936KB/s, iops=27483, runt=2193754msec
    slat (usec): min=1, max=257, avg= 8.79, stdev= 4.48
    clat (usec): min=32, max=5745, avg=571.04, stdev=724.29
     lat (usec): min=34, max=5753, avg=580.12, stdev=723.98
    clat percentiles (usec):
     |  1.00th=[  171],  5.00th=[  201], 10.00th=[  215], 20.00th=[  221],
     | 30.00th=[  225], 40.00th=[  231], 50.00th=[  249], 60.00th=[  382],
     | 70.00th=[  414], 80.00th=[  506], 90.00th=[ 1496], 95.00th=[ 2576],
     | 99.00th=[ 3312], 99.50th=[ 3344], 99.90th=[ 3408], 99.95th=[ 3408],
     | 99.99th=[ 3472]
    bw (KB  /s): min=41768, max=281200, per=99.99%, avg=109918.64, stdev=67924.80
    lat (usec) : 50=0.01%, 100=0.01%, 250=50.17%, 500=29.58%, 750=4.71%
    lat (usec) : 1000=2.04%
    lat (msec) : 2=6.01%, 4=7.48%, 10=0.01%
  cpu          : usr=8.44%, sys=29.85%, ctx=16227036, majf=0, minf=25
  IO depths    : 1=0.1%, 2=0.1%, 4=0.1%, 8=0.1%, 16=100.0%, 32=0.0%, >=64=0.0%
     submit    : 0=0.0%, 4=100.0%, 8=0.0%, 16=0.0%, 32=0.0%, 64=0.0%, >=64=0.0%
     complete  : 0=0.0%, 4=100.0%, 8=0.0%, 16=0.1%, 32=0.0%, 64=0.0%, >=64=0.0%
     issued    : total=r=0/w=60293120/d=0, short=r=0/w=0/d=0
     latency   : target=0, window=0, percentile=100.00%, depth=16

Run status group 0 (all jobs):
  WRITE: io=235520MB, aggrb=109935KB/s, minb=109935KB/s, maxb=109935KB/s, mint=2193754msec, maxt=2193754msec

Disk stats (read/write):
  sda: ios=84/60276689, merge=0/0, ticks=12/30752092, in_queue=30743276, util=100.00%
