11.11
114.97
214.80
200.97
192.78
187.96
171.85
169.27
173.68
186.35
182.99
177.33
172.02
166.84
174.81
185.41
177.76
166.17
156.79
160.71
165.67
168.09
161.39
158.93
163.21
170.46
167.32
165.32
158.70
165.09
159.31
160.71
157.16
172.54
169.20
164.99
162.80
160.98
156.51
162.97
156.32
153.10
148.13
153.85
154.76
156.56
157.39
154.30
152.19
150.24
150.09
157.38
156.51
139.49
134.82
141.73
139.33
145.43
143.77
144.31
135.64
143.90
137.48
137.30
134.17
137.21
128.74
135.30
133.48
129.80
130.64
135.63
127.77
129.12
129.19
125.67
123.91
117.42
127.25
126.22
136.37
141.10
130.12
126.71
120.77
123.97
122.98
128.77
124.40
121.54
123.47
118.50
121.20
129.30
128.36
132.11
126.36
120.06
126.79
119.39
111.29
114.48
112.75
114.66
115.27
116.77
112.76
111.82
116.05
110.16
112.21
114.27
115.25
116.76
125.78
116.85
119.53
107.57
104.37
107.51
109.40
108.92
104.82
110.86
106.08
110.27
118.52
116.04
117.32
118.23
117.21
113.84
106.78
107.92
104.36
115.84
104.50
104.50
103.01
99.68
106.10
101.63
94.33
102.50
108.66
112.84
101.61
104.09
102.59
99.27
90.93
90.43
90.32
93.52
94.01
96.14
92.31
90.30
86.86
95.08
93.09
92.92
94.59
91.45
86.22
100.98
100.16
95.99
93.74
88.15
88.64
85.64
83.97
82.32
93.66
84.42
85.18
87.91
87.59
87.85
91.44
89.95
89.20
91.61
83.41
82.75
78.71
80.52
83.38
82.14
89.25
86.17
80.79
91.85
82.82
83.18
79.62
84.32
81.23
82.04
79.03
77.26
79.78
80.97
78.18
80.21
78.50
81.31
83.76
75.61
78.04
75.51
76.88
77.89
72.78
77.12
78.05
72.60
73.00
71.88
75.75
73.49
70.73
72.43
72.06
75.30
73.77
76.25
68.98
71.01
73.13
68.76
68.58
66.91
72.11
74.18
72.70
75.87
71.85
74.06
73.96
71.61
74.72
66.99
67.99
70.04
72.61
69.80
71.24
67.15
68.26
78.45
69.68
62.91
65.64
62.99
67.38
65.35
62.07
63.66
62.11
59.71
59.64
66.89
61.76
60.49
59.48
62.87
63.93
61.32
60.08
57.79
63.41
63.30
61.52
61.50
59.03
59.22
58.74
62.91
59.90
59.51
62.63
63.86
60.81
65.36
60.72
60.17
65.44
60.94
57.21
60.17
60.39
60.83
57.96
56.68
54.75
60.52
57.59
57.89
59.39
61.05
54.27
57.02
56.51
53.55
59.18
55.90
56.98
53.57
51.35
55.86
55.72
58.43
54.48
58.02
54.83
57.66
57.65
56.23
52.24
57.97
54.42
58.18
54.18
53.40
56.84
54.73
53.71
51.07
56.12
50.84
48.98
49.85
51.16
48.28
47.14
48.64
50.89
47.14
55.32
47.97
50.54
49.88
47.54
50.37
52.18
48.89
49.32
47.12
48.62
50.46
46.34
47.65
51.70
48.79
45.15
49.10
46.34
46.50
47.63
44.45
46.05
45.91
41.26
45.59
43.89
46.12
43.56
50.79
44.05
43.23
40.46
44.45
50.79
43.31
42.15
44.92
45.22
42.69
48.75
45.88
46.09
44.25
41.27
43.81
49.01
43.70
44.95
44.69
42.54
45.76
42.43
44.64
45.81
40.30
42.53
43.59
39.98
38.68
36.47
36.85
39.21
41.62
40.25
37.01
42.37
37.01
36.46
42.88
41.51
35.63
38.96
37.80
37.79
36.37
39.54
36.18
38.40
34.21
34.22
34.86
35.59
34.51
34.39
36.05
32.52
33.98
36.77
38.16
36.44
36.16
32.93
37.25
33.88
35.02
36.68
35.55
34.42
31.28
34.12
33.13
30.17
37.52
30.69
29.88
30.46
29.19
31.37
30.50
31.42
30.62
31.61
30.98
30.55
29.20
30.74
34.60
27.93
30.83
30.34
29.78
30.75
27.99
29.85
28.29
26.31
28.21
25.55
25.23
25.96
26.97
28.38
25.45
23.76
25.65
26.15
27.11
26.34
25.61
28.30
28.88
31.05
29.81
25.26
27.13
29.57
27.82
26.48
26.11
25.71
27.62
26.12
26.77
26.27
29.22
28.01
27.18
24.14
24.22
27.94
26.06
26.02
25.02
22.96
24.88
29.28
27.28
23.27
24.75
24.81
24.52
25.68
23.91
24.40
22.84
23.35
22.56
25.17
25.23
21.55
23.02
24.10
22.50
22.36
27.14
22.63
21.70
24.55
26.09
23.05
23.35
21.79
23.58
25.41
24.93
20.69
21.96
24.20
23.80
23.96
23.33
23.95
24.46
24.63
25.28
24.39
24.44
23.24
22.15
22.05
23.54
23.52
24.42
22.64
23.61
27.02
23.73
24.76
23.58
23.08
25.91
24.21
22.48
23.16
23.61
21.95
23.07
23.41
22.73
21.83
21.83
22.03
22.75
24.97
23.20
22.48
22.05
23.43
23.78
22.54
23.67
24.42
22.58
22.91
22.08
23.25
22.75
24.34
22.89
21.85
21.15
21.52
22.61
22.65
24.04
22.02
22.46
20.20
21.50
22.26
21.68
22.49
21.27
22.01
23.25
22.51
21.80
23.45
21.71
20.64
22.32
22.05
21.68
20.21
24.27
23.41
22.27
21.55
21.33
20.09
25.04
23.49
21.96
20.82
22.39
22.73
21.63
20.96
23.98
22.42
20.08
21.71
23.06
22.27
22.28
20.62
20.95
22.50
21.94
21.48
22.21
20.83
22.16
21.18
21.82
21.98
20.36
21.74
22.77
21.82
21.40
21.96
21.72
22.82
22.35
21.45
23.61
23.56
21.33
21.65
20.31
21.11
20.88
23.61
21.30
21.24
22.38
23.88
22.41
21.84
23.00
21.82
22.84
21.52
20.96
22.31
21.79
21.23
21.62
21.49
21.23
22.05
21.93
20.41
21.23
21.25
20.94
20.11
22.07
21.22
20.04
19.80
20.39
23.40
22.65
20.96
21.84
21.11
23.46
22.89
21.27
19.68
22.73
24.52
24.26
22.27
23.20
21.57
21.92
23.08
21.99
20.83
22.86
21.34
22.36
23.08
21.75
22.23
19.79
18.84
21.59
20.07
20.79
19.61
19.05
20.24
20.72
21.12
20.28
21.00
21.48
21.41
21.11
20.86
22.14
19.35
22.36
20.68
20.22
19.14
21.44
23.20
21.30
20.76
19.73
20.66
20.37
21.77
20.55
21.69
23.21
21.86
20.95
21.37
20.09
19.77
20.97
20.26
20.62
21.16
19.69
22.22
21.95
20.41
21.06
19.97
21.80
20.16
19.82
20.64
22.04
20.54
20.77
21.19
20.00
19.99
19.95
19.95
19.74
21.76
21.66
21.31
20.55
20.89
21.60
20.28
20.82
19.53
20.14
19.54
20.22
21.93
21.48
21.61
21.00
21.33
21.57
20.66
20.60
20.27
21.40
20.87
21.80
20.92
19.75
19.96
20.71
19.52
21.00
20.38
20.84
19.81
20.88
19.53
20.55
21.10
20.23
20.64
20.30
21.12
19.80
20.47
21.19
19.67
20.94
20.23
19.98
19.93
20.00
19.52
19.89
20.15
19.84
19.66
19.50
20.58
19.97
20.45
21.61
19.68
21.17
21.11
22.40
21.03
20.40
20.07
20.21
20.93
20.44
21.39
20.55
20.01
20.68
19.72
19.40
20.45
20.82
21.70
21.09
20.73
19.38
20.56
22.66
20.64
19.35
20.04
20.11
19.53
19.91
20.38
21.42
21.00
20.53
20.10
21.65
18.86
19.86
20.50
19.94
21.39
20.89
19.86
21.66
20.10
21.70
21.01
20.34
21.56
20.52
19.33
19.63
21.16
21.16
21.11
19.76
20.12
20.17
20.34
20.28
20.68
20.98
20.05
21.07
20.49
20.09
20.40
20.17
19.63
20.79
20.98
20.53
20.88
20.05
19.61
19.67
20.89
20.22
20.04
20.38
19.91
20.29
20.36
19.42
19.36
20.43
20.92
20.45
20.54
20.23
19.83
20.16
20.43
20.13
20.57
20.62
19.48
19.45
20.39
20.08
20.47
19.99
19.69
19.86
19.60
19.88
20.18
20.65
19.52
19.52
18.94
20.45
20.31
20.27
19.24
19.75
19.63
20.44
19.82
20.31
20.22
18.95
20.14
20.21
20.19
20.08
20.76
19.70
19.11
20.34
19.36
19.68
19.72
20.33
22.48
21.31
21.21
21.35
20.98
20.06
20.37
20.92
19.41
20.70
20.04
19.94
20.91
19.36
20.34
20.59
19.84
20.62
21.07
21.20
20.18
20.07
20.44
20.11
20.49
19.23
20.65
20.37
19.89
19.34
19.43
19.74
20.30
21.05
19.48
19.80
20.66
19.70
21.04
20.01
20.46
20.57
19.52
21.13
20.03
20.52
19.69
20.45
20.80
19.66
20.30
21.53
20.40
20.23
20.93
21.48
20.21
19.36
19.85
19.89
20.95
21.02
20.05
21.32
19.59
20.23
19.90
20.97
20.73
21.45
19.25
20.79
19.26
19.18
20.08
19.67
20.21
20.14
19.66
21.75
20.33
20.29
20.29
21.14
19.91
20.27
20.44
20.62
20.26
20.45
20.53
20.95
20.09
19.73
19.54
19.84
19.69
20.84
19.38
21.15
21.25
19.91
20.52
19.69
20.03
19.85
20.39
20.84
19.89
20.51
21.00
20.61
19.93
20.62
19.96
20.32
21.35
19.55
22.28
21.66
20.61
20.30
20.43
19.98
20.14
20.62
20.75
19.77
19.38
20.14
19.76
21.31
20.88
20.18
20.44
20.21
21.12
20.56
20.50
19.73
19.64
19.89
20.27
20.46
20.56
19.77
20.25
20.60
20.22
19.62
21.39
21.45
20.10
20.21
20.12
20.54
20.34
20.94
19.89
19.76
20.00
20.34
19.72
20.98
19.97
21.00
19.57
20.71
20.31
20.27
18.96
21.43
20.67
19.95
18.96
19.39
20.10
20.22
19.35
19.34
21.00
19.97
20.30
19.68
20.88
19.75
21.23
20.54
19.77
20.16
20.42
19.65
20.99
20.07
21.10
20.55
20.63
21.16
20.17
20.47
19.88
20.62
21.03
21.21
19.88
20.70
20.53
19.41
20.73
20.26
20.65
20.87
21.75
19.89
19.73
20.77
20.45
20.52
20.23
20.12
20.16
20.34
20.91
20.09
20.46
19.95
21.04
20.18
20.77
21.12
20.47
21.23
20.23
20.17
20.07
20.64
20.24
20.43
20.99
21.69
20.75
20.41
20.85
20.48
21.66
21.55
20.36
20.11
20.33
20.59
19.91
20.70
21.08
21.03
21.76
20.75
20.31
20.27
20.91
20.18
20.29
20.52
20.76
19.59
20.71
19.80
20.78
19.42
20.33
20.40
19.88
20.75
19.90
20.68
20.47
20.73
20.31
20.01
20.69
21.02
21.03
20.84
20.45
20.64
20.85
20.64
21.59
20.29
20.23
21.45
20.11
20.81
21.11
21.05
21.47
21.34
20.74
21.04
20.39
20.79
20.58
19.81
20.26
21.04
21.10
19.89
20.17
20.47
21.10
20.95
20.83
20.02
20.21
19.58
20.33
20.75
20.47
21.48
20.49
20.95
20.50
20.41
20.84
20.27
20.78
20.58
20.87
20.38
20.62
21.12
20.84
20.48
20.22
20.66
20.34
19.77
20.50
20.95
21.73
20.83
21.36
19.76
20.70
20.31
20.12
20.13
19.79
21.28
20.72
20.79
21.11
21.65
21.50
20.61
20.95
21.57
20.80
20.52
20.86
20.19
20.31
20.73
20.57
22.30
20.60
21.46
21.01
20.74
20.41
20.62
20.35
20.05
20.24
19.64
20.81
19.93
20.44
20.10
20.20
20.77
21.51
21.11
20.99
21.44
19.61
20.29
20.28
20.21
19.99
21.13
20.29
20.71
19.91
21.35
19.93
20.53
19.91
20.38
20.85
21.01
20.46
20.88
20.56
19.95
21.10
20.25
20.70
20.89
20.93
20.42
20.73
20.01
20.97
20.32
20.07
20.07
20.78
21.98
22.11
20.33
20.72
21.42
21.41
21.48
20.21
21.50
20.75
21.15
20.20
20.73
20.52
21.78
21.11
21.18
21.42
20.54
21.25
21.09
21.69
20.25
20.77
20.55
20.62
20.03
20.26
20.33
20.71
20.14
20.57
21.15
20.62
20.98
21.19
21.24
20.24
20.37
21.46
20.77
19.70
19.88
21.34
20.18
20.61
20.29
20.20
21.07
20.94
19.93
20.93
20.70
21.02
21.21
21.29
21.41
20.80
21.13
19.70
21.43
20.19
20.63
21.32
20.82
21.04
20.36
20.76
21.65
21.60
21.09
21.69
19.99
20.17
20.77
21.81
20.53
20.84
20.62
20.46
20.40
21.32
21.00
21.05
20.56
21.43
19.91
20.47
20.10
19.95
21.25
22.04
21.35
21.54
20.44
21.22
21.17
20.23
20.56
20.95
21.17
20.82
19.79
20.46
20.85
21.39
20.84
21.37
21.79
20.11
21.99
20.48
21.60
21.64
20.96
20.69
21.45
20.90
21.77
21.21
20.93
21.13
20.98
21.05
21.03
21.95
21.20
21.00
20.53
21.29
21.93
21.43
21.14
20.41
20.88
21.17
21.64
22.04
21.57
21.60
21.41
20.85
20.33
20.86
22.23
21.00
21.01
21.43
21.92
21.61
21.95
21.29
21.27
21.82
22.34
21.86
21.78
21.68
21.49
21.24
21.22
20.92
20.95
21.38
21.63
21.16
21.45
21.35
20.48
19.90
21.00
21.44
21.30
21.75
21.24
22.20
20.99
21.91
21.76
21.79
20.91
21.35
21.57
21.06
20.92
20.67
21.08
20.80
21.79
20.86
21.04
22.48
21.61
21.16
21.20
20.62
21.01
21.07
21.11
21.05
21.39
21.18
20.15
21.23
21.02
21.49
21.67
21.36
21.57
21.04
21.84
21.41
21.59
21.11
21.42
20.64
20.94
21.57
22.14
20.93
21.52
21.30
21.67
20.96
21.46
21.45
22.68
22.97
22.33
20.59
21.22
21.40
21.10
23.12
21.80
21.49
22.21
21.31
22.28
21.53
21.73
21.35
21.94
21.88
21.32
22.33
21.78
21.75
22.14
22.16
22.45
21.46
22.59
21.89
22.01
21.87
22.13
22.54
22.80
21.30
22.18
21.46
22.76
22.43
23.01
21.82
21.05
21.76
21.70
21.62
21.40
20.70
21.21
21.56
22.17
23.15
21.19
20.91
21.58
21.10
21.58
21.64
21.72
20.95
21.97
21.76
21.29
21.43
22.20
23.05
22.55
22.01
20.92
22.67
21.43
21.99
21.89
22.00
21.72
20.75
21.89
22.02
22.14
21.66
21.19
21.40
21.28
21.71
22.58
21.65
22.50
21.72
20.77
22.56
21.59
20.93
21.35
21.52
21.62
21.43
22.00
21.69
22.18
21.46
20.56
21.49
22.04
21.78
21.30
21.57
20.75
22.80
21.89
21.62
21.88
21.94
21.90
21.56
21.31
22.50
22.88
21.91
22.45
22.13
21.32
22.47
22.21
22.31
21.70
22.63
23.09
21.77
21.89
23.05
21.72
21.85
21.29
22.10
22.73
22.79
21.98
21.99
22.03
21.87
21.79
21.93
21.86
21.57
21.90
22.10
22.11
22.61
23.66
22.39
22.06
22.67
21.70
21.63
23.21
22.64
22.54
21.77
23.82
22.82
22.77
22.40
22.37
24.29
22.63
21.59
21.86
22.91
22.09
21.83
22.66
22.53
22.50
22.70
22.62
21.97
23.65
22.39
23.26
22.19
22.71
22.33
22.25
22.20
23.16
22.75
21.96
22.38
22.09
22.79
23.34
23.11
22.25
22.21
21.89
22.37
22.05
22.33
22.16
22.11
21.38
22.42
21.63
21.37
21.05
22.48
22.89
23.11
24.20
22.43
22.54
22.73
23.61
22.54
22.30
22.05
21.95
22.41
22.11
22.33
22.11
22.58
21.94
21.68
22.29
21.72
21.75
21.40
22.39
21.79
22.52
21.60
21.61
21.95
22.35
22.25
23.08
22.30
22.00
21.98
22.41
21.85
22.75
22.94
21.92
22.49
21.98
23.02
22.06
22.60
22.11
22.16
22.41
21.34
22.23
21.98
21.88
22.52
22.88
22.41
22.18
21.70
22.01
22.38
21.48
22.94
22.29
21.38
23.34
22.37
23.31
22.45
22.50
22.52
22.30
22.58
22.17
22.67
21.96
21.68
22.38
22.18
22.64
23.07
22.18
22.60
22.19
22.02
22.05
22.07
23.08
23.18
22.39
22.98
21.59
22.64
22.27
22.10
22.83
22.29
22.36
23.22
22.81
22.77
22.02
21.99
22.57
22.20
22.65
22.01
22.16
22.53
22.67
23.00
23.43
23.21
21.71
22.26
22.32
23.96
22.64
22.36
22.38
22.64
22.38
23.24
24.01
22.71
23.32
22.95
22.80
22.94
22.75
22.90
23.80
22.12
23.48
22.65
23.27
23.24
23.13
22.58
22.95
23.25
23.19
22.75
23.39
21.75
22.70
22.27
22.73
22.00
23.11
23.05
22.92
21.83
22.61
21.89
22.85
23.80
23.00
22.30
22.77
22.36
23.54
22.88
22.49
23.14
23.26
22.33
23.30
22.63
22.95
23.61
23.18
23.67
23.04
22.05
23.64
23.86
23.51
22.66
22.61
22.41
22.48
23.12
22.36
23.48
23.02
22.70
22.98
23.37
22.21
23.45
22.01
22.43
23.28
22.26
22.68
21.93
22.72
22.58
22.64
22.80
23.52
23.08
22.08
22.24
22.37
22.68
23.47
23.29
22.85
22.44
22.55
22.53
23.14
23.10
22.83
23.21
22.73
22.93
22.90
22.93
22.77
22.22
22.66
22.75
22.69
22.65
23.38
22.98
23.36
22.71
22.60
22.98
23.46
22.25
22.98
21.82
22.62
22.72
23.75
23.37
23.03
24.10
23.27
23.34
23.43
22.45
22.78
22.69
23.65
22.50
22.35
23.04
23.45
23.50
22.89
24.44
24.11
23.06
23.01
23.34
23.81
23.13
22.58
22.22
22.54
23.67
24.09
23.05
24.17
23.77
23.48
23.82
23.73
23.00
23.26
23.12
23.48
23.24
24.37
23.79
22.57
22.25
22.09
23.35
23.21
23.61
23.39
24.86
23.12
23.55
23.34
23.38
24.84
23.92
23.30
23.20
23.04
22.93
23.44
23.93
23.46
22.93
23.35
23.62
22.71
23.46
22.61
23.20
23.91
23.62
22.96
23.26
23.04
22.60
23.61
23.56
23.66
23.58
23.12
22.49
23.78
23.54
22.57
23.13
23.12
23.64
22.73
23.56
22.77
23.85
23.01
23.46
22.80
23.79
22.86
25.29
23.02
22.48
23.22
23.44
23.54
23.69
23.25
22.71
23.30
22.95
23.07
24.20
23.03
22.90
23.11
22.77
23.36
23.09
23.30
23.45
23.79
24.00
23.31
24.23
23.87
23.84
23.24
23.33
23.40
23.43
22.99
22.98
23.02
24.06
23.23
23.02
22.35
23.04
23.01
22.25
23.50
24.21
22.70
23.48
23.33
23.39
22.80
23.51
23.61
23.42
23.69
23.64
23.45
23.95
23.71
23.75
23.63
22.89
22.56
23.04
23.52
23.90
23.65
23.97
23.44
23.09
23.18
24.08
23.69
23.00
22.89
22.80
23.68
23.12
22.95
23.27
23.73
22.86
23.51
23.12
24.15
23.85
23.19
23.33
23.61
24.08
23.11
23.36
23.20
23.38
22.85
23.02
23.26
23.27
23.39
23.70
23.41
23.59
23.43
23.45
23.48
23.83
23.00
24.23
24.12
23.50
24.18
23.29
23.45
24.36
23.72
22.87
23.51
23.89
23.64
23.16
23.29
23.56
23.76
23.17
23.01
23.12
23.96
23.98
23.59
23.64
23.94
23.76
23.38
24.36
23.33
24.02
24.58
23.23
23.94
24.16
23.10
24.20
23.36
22.88
23.41
23.57
23.70
23.93
24.20
23.47
24.48
24.27
23.65
23.81
23.83
23.64
23.81
23.41
23.36
23.82
23.44
23.46
24.24
23.99
23.72
23.14
23.11
24.17
24.02
24.29
24.54
24.23
23.64
23.55
23.72
23.82
23.47
23.82
24.00
23.39
23.93
24.92
23.25
23.86
23.56
23.08
24.18
22.75
24.00
23.58
23.20
23.92
23.71
24.35
23.41
23.92
23.80
24.29
23.68
23.46
23.91
23.75
23.47
23.92
23.84
23.55
25.30
24.27
23.85
23.38
23.24
22.87
23.63
23.33
24.07
23.27
23.94
22.77
22.86
23.96
23.26
24.05
23.72
22.55
24.43
23.55
24.71
23.72
23.28
23.91
23.16
23.77
23.79
23.58
23.39
23.24
24.43
24.51
24.07
23.79
23.71
23.91
23.54
22.70
22.64
23.30
23.51
23.23
23.30
23.56
23.56
23.79
24.71
23.17
23.55
23.41
23.22
23.07
24.70
23.69
23.25
23.61
23.78
23.54
23.85
23.46
23.47
24.02
23.36
23.68
23.21
24.19
24.18
23.80
23.80
24.23
23.05
23.53
23.78
23.69
23.89
23.58
23.82
23.33
23.76
24.17
24.43
24.38
24.37
23.75
24.72
25.01
23.86
23.38
22.99
23.86
24.19
23.90
23.42
23.66
24.23
23.70
23.74
24.46
24.07
24.79
22.47
24.06
23.55
23.99
24.22
23.42
23.44
24.11
23.86
23.57
24.79
23.71
24.24
24.82
23.91
22.82
23.75
24.13
24.60
25.30
24.64
23.80
23.50
24.02
23.58
23.85
23.57
24.18
23.82
23.65
24.86
24.08
23.89
24.00
24.21
24.03
23.98
23.51
24.36
23.70
23.60
23.71
23.56
23.32
24.24
24.36
23.86
22.91
23.64
23.68
24.07
23.93
24.05
23.63
24.68
23.80
23.55
23.73
23.63
23.77
24.02
24.01
24.60
24.26
23.80
24.02
23.96
23.89
23.98
22.78
23.96
24.09
23.29
24.29
24.02
24.02
23.85
24.14
23.69
24.04
24.01
24.30
24.25
24.22
24.01
23.79
24.50
23.33
24.29
24.04
24.57
24.16
24.20
25.00
24.64
24.49
23.77
24.10
24.51
24.12
23.55
24.66
24.47
23.64
23.66
24.25
24.66
24.01
24.29
24.79
24.62
22.98
24.34
23.97
24.23
24.48
24.57
24.13
24.00
24.45
23.96
24.91
23.84
23.88
23.81
23.87
23.87
24.27
23.96
24.18
24.51
23.58
24.48
24.27
24.15
24.29
24.07
23.79
24.02
24.52
24.74
25.11
23.49
24.69
24.03
23.99
24.30
24.34
24.01
23.73
23.91
23.55
24.04
23.91
23.87
23.73
24.43
23.79
24.82
23.52
23.44
23.97
23.89
23.62
23.79
24.30
23.88
23.79
24.27
24.50
24.11
24.32
24.38
24.13
23.54
24.75
23.52
24.29
24.41
24.15
24.14
23.84
24.34
25.00
23.63
24.58
23.77
23.58
23.45
23.74
23.27
23.66
24.03
23.88
23.66
23.70
24.45
23.48
24.15
24.14
24.41
24.43
24.85
23.89
24.87
24.62
24.77
24.05
23.89
24.07
25.00
23.99
24.43
24.57
24.71
24.21
23.24
24.03
24.90
24.31
25.19
24.36
23.89
24.28
24.56
23.60
24.04
24.91
24.47
24.29
24.69
24.71
24.19
24.11
24.16
24.80
23.49
23.25
23.41
24.91
24.47
24.72
23.79
24.63
24.96
24.38
24.29
23.91
24.54
24.33
24.53
24.09
24.50
23.77
24.79
23.75
23.88
23.46
23.98
23.53
24.00
24.59
24.36
24.19
24.12
23.48
24.21
24.24
24.28
24.56
23.71
24.25
24.79
24.14
24.64
24.26
24.64
24.16
24.90
24.48
24.60
23.95
25.12
24.62
24.87
25.36
24.23
24.72
24.40
24.36
23.09
23.96
24.32
24.41
24.05
23.93
24.50
24.78
24.41
24.61
24.09
24.63
24.29
24.77
24.11
24.70
24.78
24.22
24.09
24.86
24.25
23.94
24.57
23.92
25.00
24.30
24.41
24.23
24.75
24.22
24.29
24.04
24.48
24.66
24.39
23.96
24.36
23.89
24.79
24.82
24.58
24.76
25.53
24.84
24.46
24.97
25.62
25.09
24.47
24.29
24.34
23.88
24.80
24.32
24.57
24.75
24.48
25.24
25.33
24.05
24.69
24.61
24.79
25.11
23.29
24.89
24.87
25.25
24.59
24.68
24.71
24.38
24.48
24.43
24.44
24.39
24.80
23.90
24.33
24.09
24.12
24.46
24.11
24.44
24.31
24.83
24.47
24.62
24.48
25.04
25.13
24.12
24.19
24.06
24.52
25.02
25.05
24.50
24.24
25.19
25.12
24.53
25.59
24.82
24.60
25.50
24.74
24.18
24.76
24.54
25.32
24.74
26.02
24.74
25.02
23.70
24.80
24.30
25.68
24.88
24.99
24.57
23.96
24.54
24.95
24.48
25.39
25.49
24.52
24.20
24.70
23.96
25.03
24.50
24.97
25.07
24.69
24.00
24.81
24.95
24.80
24.70
24.94
24.82
24.93
24.74
24.68
24.53
24.28
24.98
24.90
24.73
24.29
24.18
24.57
24.76
25.44
24.24
24.26
24.92
24.31
24.85
25.46
25.11
25.07
25.00
24.82
25.55
25.34
26.27
25.45
25.07
24.84
24.11
24.84
25.30
25.11
24.24
24.17
24.83
24.00
24.81
24.45
23.62
24.16
25.50
24.35
24.46
24.24
23.80
24.27
24.91
24.68
24.25
24.55
24.32
24.69
24.08
25.15
25.06
24.70
24.49
24.44
25.14
23.02
24.48
24.38
24.61
24.19
23.80
24.76
25.06
24.24
24.77
24.20
24.98
25.12
24.81
24.52
24.00
24.68
24.70
24.27
23.87
24.30
24.58
24.91
24.36
24.62
23.64
24.37
24.88
24.13
24.91
24.29
25.54
24.87
24.82
24.73
24.80
24.53
24.44
25.42
25.21
23.84
24.62
25.10
24.66
24.32
24.50
25.33
25.28
25.36
24.09
24.54
24.40
24.70
24.67
24.49
24.08
24.54
24.27
24.32
24.57
24.96
24.93
24.56
25.18
24.45
25.65
25.23
24.45
24.86
24.14
24.61
24.21
24.40
25.14
24.42
24.37
24.45
24.75
24.63
25.05
23.88
24.50
26.16
25.49
24.34
24.16
24.86
24.22
25.00
24.37
24.87
25.41
24.89
24.91
24.61
24.55
24.25
24.35
24.79
24.89
25.71
24.39
24.82
24.46
24.36
23.81
24.76
24.55
24.17
24.94
24.23
25.20
24.95
24.44
25.01
24.40
25.20
25.01
25.09
25.47
24.89
24.60
24.48
24.00
24.47
24.58
23.72
24.84
23.48
23.38
24.93
24.79
24.83
24.83
24.07
23.76
24.98
24.50
24.59
25.35
24.65
24.20
24.60
24.36
25.04
24.74
24.62
25.24
24.99
25.18
23.25
24.77
23.88
24.69
24.01
24.85
24.44
25.29
25.49
25.21
24.64
25.61
24.91
25.44
24.16
23.79
24.36
25.12
24.90
24.64
25.17
24.72
24.14
24.29
25.00
24.39
24.99
24.75
24.83
25.24
24.45
24.31
25.17
24.73
25.23
24.89
24.52
24.52
23.83
23.94
23.97
23.95
23.43
23.17
24.73
24.09
24.70
24.14
23.87
23.71
24.45
24.12
24.49
25.24
24.33
24.66
24.95
24.02
23.75
24.84
24.46
25.21
24.87
25.37
25.04
24.30
24.82
24.71
25.04
23.96
25.11
24.01
24.09
25.11
24.65
24.62
24.16
24.95
24.71
24.66
23.61
24.71
25.79
23.61
24.94
24.71
24.67
24.43
24.51
24.50
24.20
24.17
25.02
25.59
25.01
24.65
24.57
23.75
25.14
24.29
24.09
24.20
24.77
24.88
24.28
24.83
24.75
24.83
24.40
24.86
24.88
25.02
24.38
25.15
25.05
24.85
25.01
24.89
24.93
24.64
24.43
24.48
24.57
26.89
24.86
24.72
25.46
24.45
25.36
24.75
24.81
24.98
24.00
24.69
24.32
25.37
24.44
24.82
24.54
26.01
24.73
23.64
24.64
23.67
24.89
24.56
24.24
25.27
23.64
24.15
24.61
23.94
24.83
24.70
24.70
24.20
24.80
24.24
24.31
24.58
25.58
24.14
24.32
24.72
24.20
23.93
25.17
25.49
24.15
25.14
24.14
25.66
24.89
25.45
25.31
24.11
25.39
25.35
25.28
25.22
25.04
24.80
24.65
24.54
25.55
25.40
25.59
24.45
24.89
23.87
24.71
24.22
25.38
24.55
25.00
24.41
24.91
24.57
25.15
25.16
24.91
24.94
24.91
24.89
24.72
25.42
25.07
24.49
25.81
24.51
24.68
24.84
24.76
24.89
24.52
24.76
24.44
24.88
24.97
23.73
24.65
24.93
24.95
23.77
24.86
24.75
24.51
25.11
24.77
24.36
24.10
24.26
23.67
24.58
24.97
24.34
25.05
24.49
24.66
24.25
24.86
24.59
24.31
24.38
24.53
24.75
23.87
24.97
24.97
24.53
24.84
23.63
24.73
24.31
24.25
24.57
24.60
25.16
24.73
24.38
24.81
24.80
23.90
24.13
24.10
24.90
24.82
24.96
24.30
23.84
24.74
24.73
24.85
25.03
24.75
25.17
25.16
24.48
25.14
25.03
25.06
24.46
24.17
24.79
25.16
24.36
24.51
25.32
25.26
24.97
24.66
25.86
24.49
24.70
24.75
24.61
20.92
22.34
22.46
20.91
22.31
21.01
21.72
21.20
21.18
20.10
21.00
20.71
20.53
20.75
20.22
21.38
20.48
21.70
21.73
21.56
20.52
20.68
20.38
21.11
20.56
21.45
20.56
20.86
20.18
21.19
21.56
21.71
21.03
20.51
21.32
21.91
21.25
20.77
21.53
21.12
21.66
20.23
20.56
21.73
21.67
20.12
21.57
21.16
21.22
21.11
20.53
21.21
20.86
21.41
20.66
21.12
21.55
21.08
20.25
20.07
20.94
21.24
21.09
19.65
19.94
20.52
21.61
20.24
20.75
19.86
21.75
21.48
20.98
21.21
21.41
21.14
20.63
21.58
20.37
21.52
21.00
21.16
21.16
22.10
21.05
20.23
20.46
21.23
20.64
21.18
21.23
21.04
20.60
20.79
20.67
21.22
20.41
21.94
21.52
21.52
20.97
20.57
21.98
20.89
20.94
20.30
20.23
20.39
20.70
21.20
21.38
21.59
21.49
21.16
21.17
21.19
20.66
21.16
21.12
21.61
22.52
21.64
21.06
18.98
20.19
20.51
20.70
20.66
21.02
21.41
20.81
21.82
21.59
22.75
22.05
21.61
20.25
20.45
21.82
20.57
20.66
21.22
21.33
20.75
20.69
21.34
21.54
21.13
20.83
21.63
20.82
20.76
21.16
21.52
21.70
20.48
21.03
20.21
20.07
22.32
21.84
22.14
21.43
21.55
23.44
20.60
21.59
20.09
20.72
21.30
22.08
21.01
22.01
22.35
21.98
21.68
20.11
22.10
21.86
21.77
20.80
21.22
21.58
20.90
22.23
21.68
22.61
21.73
21.64
22.17
21.41
22.41
22.12
21.15
20.64
20.73
21.19
21.54
21.29
22.14
21.52
21.86
21.52
21.29
