randrw_job: (g=0): rw=randrw, bs=4K-4K/4K-4K/4K-4K, ioengine=libaio, iodepth=16
fio-2.1.10
Starting 1 process

randrw_job: (groupid=0, jobs=1): err= 0: pid=2576: Wed Sep 30 06:20:29 2015
  read : io=117754MB, bw=138246KB/s, iops=34561, runt=872209msec
    slat (usec): min=1, max=153, avg= 7.10, stdev= 3.57
    clat (usec): min=53, max=12403, avg=332.70, stdev=415.19
     lat (usec): min=90, max=12420, avg=340.04, stdev=415.18
    clat percentiles (usec):
     |  1.00th=[  113],  5.00th=[  135], 10.00th=[  153], 20.00th=[  177],
     | 30.00th=[  195], 40.00th=[  211], 50.00th=[  225], 60.00th=[  241],
     | 70.00th=[  258], 80.00th=[  294], 90.00th=[  708], 95.00th=[ 1048],
     | 99.00th=[ 1400], 99.50th=[ 2008], 99.90th=[ 5920], 99.95th=[ 6368],
     | 99.99th=[ 7392]
    bw (KB  /s): min=118984, max=145176, per=100.00%, avg=138249.34, stdev=2218.17
  write: io=117766MB, bw=138261KB/s, iops=34565, runt=872209msec
    slat (usec): min=1, max=164, avg= 7.43, stdev= 3.69
    clat (usec): min=0, max=1985, avg=111.91, stdev=40.50
     lat (usec): min=30, max=1993, avg=119.59, stdev=40.87
    clat percentiles (usec):
     |  1.00th=[   36],  5.00th=[   45], 10.00th=[   55], 20.00th=[   73],
     | 30.00th=[   88], 40.00th=[  101], 50.00th=[  113], 60.00th=[  125],
     | 70.00th=[  137], 80.00th=[  149], 90.00th=[  165], 95.00th=[  177],
     | 99.00th=[  199], 99.50th=[  207], 99.90th=[  223], 99.95th=[  231],
     | 99.99th=[  258]
    bw (KB  /s): min=119152, max=145528, per=100.00%, avg=138264.06, stdev=2278.41
    lat (usec) : 2=0.01%, 4=0.01%, 10=0.01%, 20=0.01%, 50=3.54%
    lat (usec) : 100=15.99%, 250=63.29%, 500=10.47%, 750=1.98%, 1000=1.85%
    lat (msec) : 2=2.62%, 4=0.09%, 10=0.16%, 20=0.01%
  cpu          : usr=16.18%, sys=61.54%, ctx=16373807, majf=0, minf=25
  IO depths    : 1=0.1%, 2=0.1%, 4=0.1%, 8=0.1%, 16=100.0%, 32=0.0%, >=64=0.0%
     submit    : 0=0.0%, 4=100.0%, 8=0.0%, 16=0.0%, 32=0.0%, 64=0.0%, >=64=0.0%
     complete  : 0=0.0%, 4=100.0%, 8=0.0%, 16=0.1%, 32=0.0%, 64=0.0%, >=64=0.0%
     issued    : total=r=30144936/w=30148184/d=0, short=r=0/w=0/d=0
     latency   : target=0, window=0, percentile=100.00%, depth=16

Run status group 0 (all jobs):
   READ: io=117754MB, aggrb=138246KB/s, minb=138246KB/s, maxb=138246KB/s, mint=872209msec, maxt=872209msec
  WRITE: io=117766MB, aggrb=138261KB/s, minb=138261KB/s, maxb=138261KB/s, mint=872209msec, maxt=872209msec

Disk stats (read/write):
  sda: ios=30139552/30142752, merge=0/0, ticks=9571076/3019736, in_queue=12587780, util=100.00%
