11.37
95.34
128.39
129.50
134.12
135.69
134.79
136.78
135.32
135.28
131.82
132.48
132.46
135.86
134.58
137.11
134.36
135.06
136.29
135.73
135.51
134.15
132.61
133.71
133.77
135.78
135.58
133.70
135.91
134.25
133.02
134.04
134.25
134.91
135.93
131.93
132.98
135.85
134.67
133.82
134.93
133.81
134.36
134.98
135.43
136.05
134.28
135.63
136.53
134.47
135.02
135.51
134.79
136.35
136.41
134.34
132.07
135.19
137.88
137.24
134.61
137.38
134.08
135.90
135.76
136.53
135.67
135.09
135.85
134.22
134.67
134.45
134.27
136.84
134.40
135.26
134.50
136.02
135.64
135.32
136.89
133.95
135.93
136.97
134.79
135.43
134.23
134.18
134.80
135.04
135.71
134.81
133.16
135.89
136.30
134.18
135.88
134.86
136.94
134.91
135.49
135.73
133.44
134.95
133.82
132.87
132.49
134.52
133.81
135.84
134.78
136.00
133.33
133.97
134.52
132.51
134.71
132.96
137.19
134.21
134.93
133.31
132.91
134.43
132.79
136.11
132.41
133.58
133.63
133.07
134.69
134.04
135.99
134.96
132.23
135.61
136.67
133.76
136.07
135.37
133.23
133.65
134.82
135.64
135.25
135.79
132.27
133.94
135.65
134.21
132.45
132.52
133.73
135.38
135.22
135.90
133.04
135.62
136.62
135.60
134.96
136.42
135.12
135.00
136.37
135.45
135.58
134.92
133.73
133.87
134.86
135.54
135.02
135.06
132.52
134.76
134.47
136.82
132.38
134.14
135.33
134.43
135.09
132.57
132.30
135.20
135.77
136.84
135.42
133.48
134.89
136.98
133.48
135.89
134.61
136.39
135.54
136.39
136.32
133.84
134.21
135.00
135.50
135.19
135.52
135.56
135.26
136.54
133.26
133.73
134.25
132.35
134.96
135.53
134.16
135.08
135.75
134.12
136.09
133.91
134.85
134.71
134.84
133.29
134.79
134.89
133.16
134.33
135.88
133.21
134.84
134.57
136.49
135.47
133.57
135.61
134.38
135.51
135.54
133.70
132.26
135.80
134.07
135.86
132.91
135.36
134.97
135.55
138.15
133.57
135.68
133.84
134.89
131.58
134.39
133.20
135.03
134.59
135.26
135.07
135.16
133.93
135.59
136.64
135.64
135.05
135.52
134.12
136.18
134.36
135.87
135.09
135.17
134.50
135.68
135.01
134.64
132.97
135.89
135.45
136.69
135.44
135.34
133.85
135.51
136.39
135.32
135.11
136.08
135.60
133.88
136.31
135.70
135.03
134.82
132.38
134.47
133.86
135.22
136.48
132.93
133.42
134.71
136.68
134.97
135.15
134.41
136.30
136.30
135.39
136.02
134.41
135.99
136.26
135.98
135.93
133.59
134.40
134.66
133.87
135.33
135.92
135.34
133.79
135.99
133.27
133.95
131.80
135.21
133.92
133.12
135.46
135.48
136.48
134.26
134.54
136.09
131.79
134.61
133.80
135.14
134.77
134.75
134.38
130.82
133.62
133.73
135.03
133.71
135.45
135.76
136.16
134.11
136.52
132.21
134.58
134.38
134.23
132.71
134.42
134.40
135.18
135.66
135.15
134.88
137.04
133.85
136.27
136.14
131.96
134.20
133.96
134.73
135.12
132.75
133.95
135.07
132.70
136.02
135.54
135.63
135.97
135.35
136.63
133.58
136.15
135.93
134.47
136.84
135.43
135.29
135.00
133.75
135.70
133.38
134.66
135.62
134.44
133.41
134.19
135.09
135.42
134.16
135.43
132.86
132.79
135.04
135.19
135.91
133.61
135.57
134.98
132.99
134.91
132.01
137.28
135.75
134.09
134.98
135.93
133.61
135.93
135.50
134.94
136.68
135.88
135.95
136.39
134.76
134.65
135.43
135.38
135.02
135.41
134.16
134.98
136.70
135.11
136.16
135.33
135.98
136.39
135.51
136.63
134.18
132.67
135.11
132.49
135.87
134.42
135.69
133.68
136.69
135.62
137.11
136.12
134.03
136.60
133.13
135.04
135.41
136.16
134.80
136.20
133.57
132.74
135.00
136.25
136.44
135.21
136.03
136.93
137.06
135.44
136.85
136.09
134.31
134.82
136.47
134.98
137.51
135.37
135.19
137.38
133.69
135.32
135.55
133.09
133.65
136.33
135.64
135.74
135.92
132.28
135.82
134.34
133.41
135.35
134.35
136.82
135.98
134.10
135.62
135.72
137.05
131.86
135.82
135.47
136.66
136.80
134.68
135.32
135.91
135.98
134.93
136.02
135.52
136.12
135.91
134.63
134.46
136.06
135.79
137.35
135.23
136.98
135.51
136.04
135.68
135.27
136.10
136.49
134.32
136.78
135.57
135.71
136.72
135.03
135.44
135.59
135.43
135.00
134.11
136.45
136.20
133.50
134.64
135.96
135.34
135.59
134.77
136.73
135.55
136.29
135.16
136.42
135.67
136.41
135.17
135.50
136.00
136.77
136.16
134.72
134.70
135.79
137.40
136.88
133.94
134.71
137.46
135.71
135.12
136.31
133.04
133.04
136.33
134.75
135.69
135.39
133.04
135.20
134.26
135.40
135.92
133.54
132.00
133.61
137.44
136.19
135.59
134.86
135.29
135.56
133.59
133.27
134.00
135.93
136.91
134.98
135.66
135.22
137.11
134.14
133.70
136.51
135.80
136.15
137.47
133.31
135.23
134.67
133.51
134.77
136.27
135.28
133.77
137.36
136.45
136.79
134.72
135.39
136.72
136.90
135.28
135.88
134.69
137.61
135.93
135.59
136.77
136.21
135.96
135.66
135.34
134.98
135.17
135.34
135.37
136.64
135.80
136.02
134.43
135.38
133.17
135.12
136.81
136.76
133.30
134.39
135.49
135.97
135.52
135.79
135.98
136.27
135.38
136.34
134.47
135.31
135.43
135.29
133.19
135.53
133.70
133.86
134.57
135.68
137.14
136.00
135.33
135.67
133.76
135.54
133.61
133.81
133.87
135.75
134.95
133.98
134.45
134.05
136.43
134.74
133.57
135.12
135.79
136.05
136.81
134.97
135.04
134.46
134.83
136.07
134.88
136.25
135.79
135.38
136.41
133.01
133.40
136.17
136.52
137.53
135.34
136.93
134.66
136.35
136.04
135.39
135.18
134.55
135.94
137.23
135.45
136.05
136.16
135.70
137.09
136.84
136.81
136.34
133.75
137.04
135.03
135.71
135.28
135.51
135.98
136.77
135.62
135.45
135.09
133.96
135.52
134.78
135.46
136.18
135.42
135.34
134.37
136.52
133.07
135.96
131.77
133.55
132.88
134.55
133.26
135.61
133.86
135.10
134.52
133.63
135.64
134.54
133.67
136.69
136.15
132.63
134.34
135.66
135.58
136.19
133.60
133.79
133.70
136.06
135.50
133.21
135.40
132.52
131.88
133.68
134.30
134.23
135.47
134.66
136.94
136.64
133.28
134.14
135.16
135.20
133.27
134.80
134.51
134.33
134.50
132.91
135.22
135.68
133.62
135.79
135.33
134.79
133.50
135.20
133.12
135.14
135.48
132.31
134.08
136.06
134.67
133.84
134.73
134.21
135.47
135.39
136.55
134.10
135.02
136.36
135.02
134.96
134.54
135.50
136.52
135.30
133.54
134.46
133.22
132.41
132.60
135.61
133.53
135.58
134.01
134.11
136.03
134.14
134.16
136.77
135.83
135.89
134.36
133.41
135.65
133.95
133.23
132.27
135.59
135.23
136.17
134.80
136.12
135.21
135.88
133.07
134.49
135.03
136.02
134.80
133.81
136.51
134.62
134.55
134.71
135.38
135.77
135.28
132.97
136.71
135.32
132.92
136.34
135.26
135.98
136.04
135.89
134.97
134.77
