11.78
27.05
33.31
33.21
33.31
33.49
33.34
33.34
33.34
33.40
33.43
33.57
33.55
33.58
33.49
33.47
33.55
33.58
33.55
33.50
33.54
33.59
33.46
33.45
33.51
33.53
34.18
33.53
33.49
33.52
33.46
33.66
33.49
33.55
33.51
33.52
33.50
33.56
33.55
33.55
33.51
33.85
33.53
33.58
33.57
33.57
33.43
33.52
33.51
33.56
33.50
33.55
33.46
33.51
33.48
33.58
33.52
33.50
33.49
33.52
33.59
33.57
33.52
33.50
33.44
33.55
33.51
33.56
33.23
33.47
33.48
33.48
33.51
33.59
33.42
33.47
33.50
33.54
33.47
33.50
33.49
33.70
33.47
33.45
33.47
33.46
33.55
33.46
33.52
33.52
33.48
33.46
33.40
33.46
33.48
33.52
33.54
33.53
33.47
33.51
33.53
33.52
33.52
33.55
33.48
33.45
33.46
33.33
33.52
33.53
33.50
33.52
33.50
33.52
33.55
33.61
33.55
33.54
33.48
33.49
33.54
33.59
33.52
33.55
33.51
33.52
33.53
33.53
33.52
33.51
33.50
33.64
33.59
33.65
33.55
33.57
33.76
33.55
33.56
33.52
33.55
33.60
33.43
33.50
33.49
33.41
33.36
33.34
33.42
33.48
33.53
33.44
33.49
33.54
33.48
33.50
33.57
33.53
33.43
33.43
33.43
33.38
33.43
33.48
33.43
33.55
33.46
33.53
33.51
33.46
33.42
33.50
33.46
33.49
33.54
33.57
33.52
33.56
33.47
33.50
33.50
33.46
33.50
33.46
33.50
33.49
34.35
33.50
33.59
33.62
33.41
33.39
33.57
33.61
33.55
33.50
33.45
33.52
33.53
33.54
33.55
33.60
33.43
33.54
33.52
33.57
33.44
33.48
33.52
33.48
33.55
33.52
33.56
33.59
33.50
33.46
33.53
33.57
33.48
34.13
33.38
33.65
33.66
34.60
34.73
34.29
34.64
33.77
33.55
33.94
33.64
33.62
33.44
33.38
33.59
34.58
33.78
34.10
33.82
33.61
33.55
33.43
33.67
33.52
33.63
33.77
33.88
33.54
33.57
33.61
33.53
33.60
33.25
33.62
33.54
33.48
33.46
33.62
33.56
33.50
33.55
34.25
33.50
33.46
33.55
33.78
33.49
33.50
33.74
33.50
33.68
34.00
33.56
33.56
33.53
33.55
33.47
33.44
33.51
33.55
33.48
33.55
33.49
33.57
33.55
33.53
33.75
33.53
33.45
33.52
33.49
33.55
33.54
33.52
33.52
33.57
33.48
33.52
33.47
33.49
33.54
33.53
33.52
33.47
33.49
33.49
33.52
33.58
33.60
33.59
33.48
33.51
33.84
33.97
34.49
33.58
34.68
33.51
33.38
33.46
33.53
33.61
33.52
33.39
33.72
33.71
33.44
33.44
33.45
33.90
33.48
33.83
33.55
33.53
33.46
33.43
33.45
33.48
33.46
33.32
34.91
33.04
33.27
33.23
33.29
33.34
33.29
33.29
33.32
33.24
33.33
33.55
33.32
33.20
33.24
33.23
33.22
33.19
33.13
33.09
33.25
33.19
33.15
33.26
33.21
33.17
33.25
33.32
33.27
33.55
33.50
33.81
33.56
33.52
33.50
33.57
33.56
33.47
33.46
33.54
33.50
33.68
33.42
33.46
33.51
33.52
33.48
33.52
33.54
33.50
33.50
33.56
33.54
33.54
33.48
33.50
33.48
33.54
33.54
33.47
33.50
33.59
33.52
33.52
33.40
33.52
33.67
33.49
33.50
33.55
33.46
33.85
33.54
33.47
33.47
33.50
33.50
33.56
33.46
33.50
33.50
33.50
33.52
33.57
33.55
33.50
33.48
33.56
33.57
33.52
33.55
33.59
33.55
33.50
33.48
33.60
33.61
33.54
33.51
33.49
33.50
33.32
33.46
33.45
33.52
33.47
33.64
33.44
33.49
33.55
33.51
33.54
33.47
33.48
33.46
33.46
34.82
33.46
33.79
33.42
33.46
33.51
33.45
33.59
33.50
33.51
33.47
33.48
34.15
33.57
34.08
33.91
33.48
33.45
34.21
34.47
33.54
33.61
33.52
34.02
33.52
33.53
33.52
33.96
33.61
33.70
34.08
33.56
33.61
33.66
33.43
33.65
33.47
33.45
33.47
33.39
33.41
33.52
33.50
33.50
33.51
33.48
33.47
33.44
33.42
33.43
33.79
33.54
33.57
33.59
33.57
33.73
33.95
34.28
33.50
33.55
33.47
33.52
33.47
33.54
33.50
33.56
33.45
33.57
33.45
33.47
33.45
33.49
33.50
33.54
33.45
33.48
33.48
33.36
33.32
33.43
33.41
33.45
33.45
33.53
33.51
33.45
33.39
33.43
33.45
33.41
32.34
30.46
30.46
29.82
30.23
37.71
36.27
33.54
33.44
33.45
33.71
33.43
33.45
33.38
33.46
33.43
33.42
33.42
33.52
33.39
33.32
33.45
33.49
33.33
33.28
33.35
33.42
33.39
33.48
33.39
33.28
33.39
33.47
33.49
33.47
33.47
33.50
33.48
33.47
33.39
33.43
33.48
34.05
33.52
35.28
33.14
33.44
33.36
33.41
33.43
33.98
33.57
33.50
33.46
33.52
33.54
33.44
33.47
33.45
33.48
33.39
33.40
33.38
33.57
33.47
33.40
33.47
33.46
33.50
33.43
33.44
33.41
33.52
33.61
33.48
33.43
33.45
33.41
33.39
33.02
33.82
33.51
33.59
33.54
33.52
33.49
33.52
33.54
33.51
33.54
33.50
33.50
33.45
33.48
33.52
33.48
33.52
33.51
33.50
33.49
33.46
33.54
33.43
33.42
33.41
33.47
33.53
33.48
33.52
33.51
33.52
33.48
33.46
33.45
33.56
33.48
33.46
33.26
33.49
33.46
33.48
33.41
33.42
33.50
33.36
33.57
33.45
33.54
33.51
33.55
33.52
33.42
33.46
33.49
33.55
33.55
33.49
33.50
33.54
33.54
33.51
33.49
33.52
33.57
33.58
33.54
33.56
33.52
33.52
33.43
33.46
33.54
33.51
33.50
33.44
33.47
33.43
33.43
33.34
33.48
33.36
33.48
33.49
33.48
33.47
33.46
33.50
33.52
33.46
33.49
33.52
35.35
33.46
33.51
33.44
33.72
33.35
34.05
33.30
33.46
33.45
33.57
33.49
33.42
33.45
33.52
33.43
33.46
33.35
33.50
33.50
33.45
33.52
33.56
33.50
33.50
33.52
33.46
33.49
33.42
33.44
33.44
33.48
33.41
33.40
33.63
33.52
33.48
33.42
33.45
33.22
33.42
33.46
33.95
33.43
33.67
33.55
33.45
33.48
33.55
33.79
33.50
33.54
33.55
33.45
33.42
33.44
33.49
33.45
33.42
33.39
33.48
33.98
33.44
33.45
33.50
33.48
33.45
33.48
33.43
33.45
33.39
33.49
33.54
33.43
33.89
33.54
33.54
33.52
33.50
33.50
33.52
33.48
33.55
33.39
33.58
33.56
33.54
33.55
33.49
33.53
33.57
33.24
33.57
33.50
33.66
33.60
33.55
33.46
33.49
33.43
33.49
33.47
33.54
33.51
33.47
33.43
33.52
33.46
33.45
33.47
33.52
33.48
33.46
33.41
33.46
33.44
33.43
33.29
33.29
33.48
33.27
33.52
33.56
33.59
33.39
33.58
33.48
33.48
33.44
33.37
33.45
33.50
33.49
33.55
33.54
33.79
33.45
33.44
33.45
33.51
33.50
33.50
33.51
33.54
33.50
33.46
33.55
33.52
33.54
33.47
33.47
33.54
33.55
33.55
33.56
33.54
33.50
33.52
33.52
33.48
33.52
33.41
33.55
33.54
33.67
33.50
33.53
33.54
33.54
34.15
33.52
33.48
33.54
33.48
33.65
33.46
33.51
33.50
33.52
33.22
33.58
33.49
33.53
33.51
33.77
33.53
33.49
33.47
33.48
33.64
33.57
33.52
33.46
33.48
33.61
33.52
33.49
33.48
33.51
33.49
33.50
33.48
33.48
33.49
33.46
33.46
33.54
33.54
33.53
33.43
33.45
33.91
33.92
33.79
34.49
33.71
33.70
33.92
33.77
34.21
34.05
33.51
33.61
33.69
34.03
33.50
33.69
33.60
33.64
33.45
33.45
33.48
33.55
33.48
33.55
33.48
33.48
33.49
33.45
33.80
33.46
33.50
33.46
33.48
33.48
33.41
33.41
33.51
33.51
33.50
33.54
33.39
33.34
33.45
33.42
33.47
33.45
33.41
33.45
33.45
33.44
33.43
33.36
33.42
33.82
33.49
33.48
33.48
33.38
33.44
33.42
33.49
33.48
33.49
33.51
33.52
33.52
33.38
33.41
33.23
33.48
33.54
33.46
34.40
34.01
33.56
33.61
33.58
33.55
33.40
33.54
33.55
33.54
33.45
33.54
33.54
33.47
33.55
33.52
33.59
33.62
33.54
33.52
33.55
33.52
33.55
33.54
33.59
33.55
33.48
33.55
33.58
33.57
33.52
33.62
33.57
33.57
33.52
33.55
33.68
33.45
33.42
33.57
33.52
33.73
33.47
33.43
33.45
33.41
33.31
33.44
33.39
33.46
33.37
33.74
33.57
33.55
33.48
33.49
33.79
33.52
33.51
33.59
33.53
33.53
33.53
33.55
33.46
33.48
33.50
33.45
33.51
33.52
33.39
33.48
33.43
33.41
33.48
33.43
33.39
33.38
33.41
33.38
33.42
33.37
33.30
33.41
33.42
33.43
34.18
33.48
33.42
33.52
33.44
33.50
33.49
33.54
33.54
33.47
33.82
33.57
33.54
33.53
33.57
33.61
33.49
33.43
33.45
33.45
33.58
33.61
33.57
33.56
33.50
33.48
33.55
33.62
33.51
33.57
33.62
33.54
33.51
33.54
33.49
33.50
33.49
33.54
33.59
33.64
33.48
33.52
33.54
33.63
33.55
33.51
33.50
33.47
33.51
33.56
33.58
33.59
33.59
33.57
33.52
33.52
33.44
33.53
33.53
33.50
33.45
33.43
33.34
33.40
33.41
33.48
33.47
33.48
33.41
33.52
33.88
33.47
33.48
33.56
33.54
33.54
33.54
33.54
33.57
33.60
33.51
33.53
33.56
33.57
33.58
33.71
33.58
33.59
33.57
33.57
33.62
33.56
33.35
33.46
33.27
33.49
33.50
33.52
33.51
33.54
33.54
33.52
33.53
33.54
33.55
33.59
33.53
33.56
33.52
33.54
33.52
33.53
33.49
33.52
33.52
33.72
33.41
33.49
33.54
33.55
33.64
33.58
33.57
33.61
33.53
34.05
33.53
33.55
33.48
33.52
34.41
33.53
33.52
33.63
33.53
33.60
33.46
33.50
33.54
33.53
33.52
33.54
33.55
33.52
33.46
33.54
33.50
33.54
33.51
33.52
33.90
33.57
33.55
33.59
33.56
33.51
33.46
33.45
33.55
33.57
33.43
33.52
33.48
33.55
33.54
33.66
33.56
33.54
33.83
33.53
33.45
33.46
33.48
33.42
33.46
33.40
33.46
33.41
33.46
33.40
33.43
33.48
33.37
33.47
33.38
33.40
33.53
33.43
33.36
33.40
33.40
33.44
33.38
33.50
33.47
33.58
33.46
33.50
33.39
33.38
33.89
33.41
33.40
33.37
33.43
33.43
33.41
33.54
33.39
33.43
34.99
33.37
33.38
33.49
33.46
33.65
33.43
33.41
33.45
33.41
33.46
33.40
33.39
33.46
33.51
33.48
33.49
33.51
33.47
33.50
33.40
33.45
33.45
33.41
33.45
33.58
33.48
33.47
33.48
33.49
33.44
33.44
33.45
33.58
33.54
33.43
33.48
33.56
33.45
33.44
33.50
33.43
33.33
33.36
33.49
33.44
33.49
33.51
33.54
33.55
33.44
33.48
33.43
33.41
33.50
33.74
33.51
33.52
33.46
33.45
33.44
33.48
33.46
33.59
33.54
33.39
33.82
33.75
33.45
33.45
33.39
33.48
33.55
33.13
33.47
33.55
33.52
33.49
33.48
33.60
33.53
33.54
33.48
33.51
33.50
33.48
33.50
33.46
33.42
33.49
33.44
33.48
33.48
33.40
33.42
33.41
33.47
33.43
33.32
33.36
33.44
33.45
33.96
33.45
33.48
33.55
33.52
33.49
33.51
33.50
33.48
33.45
33.53
33.53
33.47
33.85
33.56
33.61
33.48
33.49
33.75
33.54
33.47
33.46
33.38
33.79
33.40
33.46
33.46
33.51
33.44
33.46
33.52
33.58
33.57
33.51
33.50
33.48
33.44
33.43
33.53
33.36
33.45
33.46
33.49
33.32
33.49
33.51
33.46
33.43
33.49
33.56
33.58
33.58
33.47
33.47
33.50
33.48
33.38
33.41
33.46
33.43
33.45
33.46
33.40
33.25
33.47
33.37
33.43
33.40
33.48
33.42
33.45
33.33
33.42
35.02
35.30
33.47
33.40
33.49
33.52
34.09
33.64
33.46
33.54
33.61
33.50
33.42
33.39
33.49
33.47
33.46
33.59
33.30
33.87
33.45
33.46
33.50
33.48
33.47
33.47
33.50
33.43
33.45
33.38
33.49
33.43
33.39
33.47
33.37
34.04
33.32
33.30
33.45
33.39
33.36
33.29
33.34
33.30
33.43
33.80
33.40
33.48
33.42
33.39
33.38
33.33
33.41
33.48
33.47
33.50
33.54
33.52
33.47
33.30
33.51
33.53
33.54
33.39
33.38
33.45
33.46
33.41
33.41
33.50
33.53
33.48
33.40
33.42
33.41
33.42
33.29
33.38
33.39
33.32
33.63
33.34
33.37
33.42
33.36
33.13
33.41
33.47
33.54
33.50
33.43
33.42
33.91
33.47
33.36
33.36
33.54
33.48
33.58
33.42
33.35
34.30
33.35
33.46
33.44
33.77
33.47
33.30
33.45
33.36
33.48
33.41
33.47
33.27
33.52
34.00
33.43
33.41
33.43
33.38
33.41
33.42
33.37
33.41
33.54
33.39
33.37
34.01
33.41
33.48
33.45
33.48
33.50
35.91
33.37
33.44
33.39
33.48
33.53
33.39
33.41
34.40
33.51
33.56
33.47
33.47
33.48
33.46
33.69
33.54
33.46
33.46
33.84
33.50
33.46
33.38
33.98
33.35
33.39
33.40
35.55
38.47
33.53
33.57
33.50
33.61
33.50
33.46
33.50
33.46
33.56
34.16
33.74
32.88
33.57
33.80
32.77
33.49
33.52
33.42
32.94
33.53
34.03
33.96
33.48
34.42
34.06
33.05
33.05
33.54
33.24
34.51
34.37
34.15
33.41
34.26
33.59
33.42
33.00
33.45
34.45
33.47
33.56
33.75
34.16
33.93
33.93
33.55
34.05
33.88
33.48
33.39
33.52
33.38
33.45
33.41
33.53
34.11
33.69
34.23
33.48
33.46
34.09
33.35
33.46
33.48
33.49
33.48
33.43
34.17
33.53
33.33
33.70
33.70
33.89
34.50
33.32
33.51
33.43
34.00
34.46
34.31
33.52
33.84
33.53
33.80
33.27
34.27
33.49
33.47
33.98
33.41
33.49
33.51
33.48
33.48
33.51
33.55
33.50
33.48
33.55
33.71
33.48
33.47
33.52
33.46
33.60
33.38
33.40
33.48
33.36
33.39
33.45
33.43
33.44
33.36
33.25
33.54
33.89
33.53
33.84
33.48
33.56
33.16
33.55
33.58
33.92
33.94
34.30
33.65
34.23
33.73
33.66
33.85
33.95
33.70
33.50
33.51
33.67
33.89
34.08
33.66
34.01
33.45
33.42
33.49
33.48
33.45
33.43
33.48
33.50
33.88
33.48
33.49
33.43
33.45
33.44
33.38
33.73
33.34
33.55
33.55
33.84
33.42
33.46
33.52
33.70
33.55
33.82
33.94
33.66
33.89
33.71
33.99
34.34
33.82
33.79
33.95
33.91
34.02
34.04
33.93
33.58
33.47
33.96
33.43
33.52
33.79
33.46
33.50
33.56
33.32
33.38
33.43
33.41
33.44
33.42
33.44
33.47
33.43
33.41
33.61
33.81
33.53
33.43
33.75
34.61
33.39
33.50
33.51
33.69
33.88
34.11
33.97
33.96
33.87
34.02
33.67
33.54
34.46
34.50
33.48
33.52
33.48
33.46
33.48
33.48
33.47
33.45
33.17
33.91
33.41
34.18
33.79
33.56
33.53
34.96
34.19
34.49
34.07
34.25
34.36
33.44
33.42
33.91
33.46
33.90
33.37
33.58
34.04
33.85
34.07
33.60
33.42
33.48
33.64
34.47
33.51
33.50
33.44
33.50
33.61
33.54
33.54
33.61
33.55
33.47
33.50
33.55
33.54
33.48
33.44
33.88
34.19
33.69
33.74
34.03
33.97
33.96
34.03
34.03
33.97
34.07
33.92
33.55
33.50
33.53
34.01
33.47
33.52
33.94
34.13
33.98
34.00
33.95
33.95
34.14
33.89
34.04
34.04
33.86
33.91
33.82
34.27
34.09
34.01
34.29
34.01
33.62
33.46
33.54
33.47
33.53
34.11
34.04
34.05
34.13
34.16
33.77
33.85
34.02
33.91
34.17
34.00
34.04
33.89
33.96
34.03
34.03
33.99
34.02
33.89
33.91
34.01
34.02
34.17
33.98
33.93
34.09
33.98
33.96
33.96
34.14
34.03
34.22
33.85
33.97
34.22
33.79
34.03
34.11
33.89
33.97
33.81
33.96
33.86
33.76
34.36
34.05
33.49
33.65
34.12
33.87
33.47
33.71
33.42
33.48
33.40
33.48
33.50
33.46
33.41
33.88
33.41
33.40
33.43
33.43
33.47
33.48
33.46
33.45
33.47
33.41
33.41
33.96
34.00
34.02
34.01
34.07
33.79
33.49
33.48
33.49
33.47
31.78
29.81
29.78
37.78
37.10
37.59
37.03
37.65
37.76
33.91
33.45
33.44
33.57
33.73
33.44
33.48
36.50
33.28
33.27
33.28
33.23
33.16
33.30
33.28
33.27
33.27
33.27
33.26
33.27
33.22
33.21
33.27
33.28
33.30
33.29
33.33
33.29
33.19
33.46
33.27
33.25
33.22
33.38
33.39
33.44
33.52
33.55
33.45
33.38
33.45
33.43
33.46
33.57
33.64
33.55
33.50
33.47
33.42
33.71
33.51
33.50
33.42
33.40
33.59
33.52
33.48
33.42
33.41
33.48
33.52
33.48
33.46
33.49
33.39
33.52
33.52
33.50
33.54
33.55
33.46
33.44
33.39
33.47
33.51
33.60
33.55
33.50
33.46
33.46
33.55
33.51
33.50
33.44
33.46
33.49
33.48
33.52
33.50
33.53
33.52
33.51
33.42
33.46
33.47
33.47
33.46
33.44
33.43
33.54
33.55
33.57
33.51
33.47
33.39
33.45
33.50
33.46
33.44
33.50
33.51
33.52
33.44
33.43
33.50
33.55
33.46
33.48
33.45
33.46
33.52
33.58
33.49
33.53
33.43
33.45
33.51
33.46
33.45
33.50
33.52
33.46
33.35
33.46
33.52
33.57
33.49
33.50
33.50
33.60
33.54
33.61
33.56
33.59
33.48
33.55
33.54
33.52
33.44
33.82
33.56
33.59
33.50
33.41
33.44
33.54
33.54
33.54
33.57
33.59
33.49
33.48
33.45
33.49
33.51
33.57
33.51
33.53
33.50
33.54
33.60
33.59
33.47
33.55
33.57
33.59
33.52
33.61
33.57
33.52
33.56
33.66
33.52
33.53
33.53
33.52
33.50
33.54
33.49
33.55
33.47
33.54
33.49
33.54
33.17
33.41
33.47
33.52
33.37
33.71
33.48
33.51
33.42
33.49
33.44
33.49
33.55
33.62
33.53
33.60
33.51
33.52
33.48
33.43
33.45
33.55
33.52
33.55
33.46
33.77
33.48
33.48
33.45
33.52
33.52
33.58
33.53
33.50
33.44
33.53
33.49
33.47
33.47
33.48
33.59
33.53
33.51
33.46
33.48
33.45
33.45
33.57
33.51
33.51
33.64
33.45
33.52
33.57
33.45
33.46
33.46
33.48
33.42
33.47
33.52
33.46
33.40
33.52
33.50
33.53
33.42
33.38
33.43
33.47
33.52
33.54
33.52
33.48
33.46
33.48
33.48
33.43
33.43
33.41
33.46
33.43
33.50
33.58
33.50
33.56
33.50
33.45
33.52
33.51
33.43
33.49
33.46
33.46
33.43
33.56
33.52
33.52
33.52
33.53
33.52
33.21
33.49
33.52
33.52
33.52
33.52
33.55
33.52
33.60
33.52
33.47
33.55
33.55
33.54
33.54
33.48
33.51
33.55
33.43
33.51
33.49
33.51
33.51
33.46
33.51
33.45
33.43
33.42
33.44
33.50
33.52
33.52
33.46
33.47
33.64
33.50
33.50
33.50
33.50
33.48
33.48
33.55
33.58
33.54
33.66
33.49
33.57
33.58
33.59
33.45
33.54
33.48
33.47
33.40
33.59
33.45
33.48
33.50
33.48
33.52
33.59
33.57
33.63
33.54
33.80
33.56
33.52
33.54
33.55
33.49
33.55
33.53
33.54
33.50
33.68
33.53
33.53
33.49
33.48
33.54
33.55
33.50
33.52
33.45
33.48
33.46
33.52
33.46
33.41
33.46
33.59
33.47
32.94
32.44
32.67
33.05
33.04
33.05
33.07
35.01
33.08
33.17
32.99
33.54
33.67
33.68
33.16
33.07
38.07
38.78
38.64
37.54
38.23
38.63
38.60
38.83
35.97
33.27
33.27
33.27
33.36
33.31
33.31
33.29
33.33
33.27
34.96
38.49
38.07
38.22
37.82
38.37
38.03
38.25
38.34
37.90
38.00
37.25
37.63
34.60
33.25
33.20
33.29
33.21
33.33
33.25
33.32
33.27
33.27
33.22
33.23
33.26
33.22
33.26
33.28
33.17
33.23
33.14
33.09
33.40
33.25
33.22
33.16
33.23
33.41
33.43
33.45
33.45
33.49
33.83
33.42
33.43
33.42
33.29
33.43
33.48
33.53
33.52
33.50
33.53
33.43
33.34
33.51
33.50
33.54
33.45
33.51
33.52
33.52
33.42
33.49
33.54
33.51
33.17
33.45
33.53
33.58
33.55
33.51
33.53
33.52
33.51
33.54
33.47
33.57
33.54
33.55
33.54
33.53
33.48
33.50
33.47
33.52
33.54
33.50
33.56
33.46
33.45
33.51
33.51
33.55
33.53
33.51
33.52
33.55
33.41
33.48
33.48
33.54
33.49
33.40
33.46
33.48
33.46
33.48
33.47
33.52
33.49
33.48
33.63
33.39
33.38
33.49
33.46
33.62
33.48
33.51
33.56
33.54
33.46
33.48
33.46
33.51
33.44
33.46
33.48
33.46
33.51
33.57
33.77
33.59
33.49
33.51
33.56
33.46
33.53
33.55
33.52
33.51
33.45
33.46
33.48
33.50
33.48
33.45
33.49
33.46
33.53
33.53
33.47
33.51
33.50
33.51
33.57
33.59
33.48
33.49
33.53
33.54
33.61
33.62
33.52
33.46
33.47
33.56
33.50
33.51
33.49
33.48
33.45
33.45
33.43
33.42
33.41
33.46
33.49
33.43
33.51
33.43
33.32
33.43
33.51
33.48
33.45
33.37
33.46
33.48
33.43
33.44
33.50
33.48
33.46
33.53
33.58
33.53
33.52
33.50
33.50
33.51
33.33
33.44
33.47
33.45
33.44
33.44
33.45
33.44
33.39
33.43
33.62
33.46
33.50
33.48
33.46
34.25
38.51
34.48
33.46
33.49
33.59
33.50
33.50
33.57
33.48
33.55
33.54
33.55
33.55
33.50
33.72
33.56
33.53
33.61
33.55
33.56
33.50
33.53
33.54
33.58
33.50
33.50
33.55
33.58
33.51
33.57
33.52
33.54
33.52
33.48
33.16
33.51
33.48
33.54
33.52
33.59
33.56
33.61
33.59
33.57
33.52
33.57
33.57
33.55
33.52
33.46
33.52
33.54
33.50
33.47
33.43
33.50
33.47
33.55
33.54
33.55
33.41
33.44
33.43
33.42
33.43
33.41
33.44
33.42
33.44
33.49
33.47
33.70
33.84
33.43
34.84
33.48
33.19
33.41
33.36
33.43
33.34
33.49
33.47
33.29
37.16
35.64
32.65
30.70
30.70
34.52
33.60
33.52
32.88
30.84
38.88
34.04
33.48
33.52
33.49
33.47
33.51
33.47
33.50
33.46
33.49
33.50
33.51
33.49
33.46
33.79
33.46
33.50
33.52
33.50
33.48
33.47
33.55
33.55
33.56
33.56
33.49
33.46
33.50
33.50
33.74
33.41
33.41
33.41
33.46
33.42
33.48
33.47
33.41
33.42
33.50
33.45
33.45
33.52
33.51
33.50
33.47
33.53
33.48
33.46
33.66
33.48
33.53
33.53
33.47
33.43
33.49
33.41
33.44
33.47
33.40
33.45
33.45
33.51
33.52
33.50
33.44
33.50
33.48
33.42
33.61
33.45
33.52
33.50
33.46
33.43
33.45
33.49
33.43
33.43
33.48
33.52
33.47
33.43
33.45
33.48
33.43
33.50
33.50
33.49
33.92
33.45
33.48
33.41
33.50
33.43
33.45
33.48
33.45
33.44
33.53
33.43
33.50
33.52
33.49
33.37
33.45
33.35
33.33
33.41
34.33
33.35
33.41
33.41
33.39
33.64
33.38
33.53
33.36
33.66
33.35
33.35
33.44
33.45
33.06
33.41
33.45
33.49
33.50
33.43
33.57
33.47
33.44
33.45
33.45
33.66
33.48
33.44
33.44
33.48
33.71
33.41
33.30
33.42
33.51
33.62
31.03
29.70
29.86
34.52
37.02
31.70
30.25
30.27
30.42
37.08
35.76
33.40
33.43
33.46
33.51
33.52
33.52
33.49
33.50
33.55
33.44
33.51
33.52
33.50
33.43
33.49
33.46
33.58
33.43
33.44
33.42
33.43
33.38
33.37
33.44
33.42
33.41
33.46
33.51
33.43
33.34
33.48
33.48
33.49
33.43
33.54
33.54
33.59
33.54
33.51
33.52
33.50
33.52
33.52
33.50
33.54
33.40
33.93
33.46
33.70
33.43
33.56
34.49
33.58
33.48
33.46
33.49
33.43
33.37
33.55
33.54
33.54
33.46
33.48
33.51
33.58
33.53
33.51
33.47
33.51
33.47
33.49
33.50
33.49
33.45
33.46
33.51
33.52
33.51
33.48
33.51
33.53
33.48
33.43
33.47
33.54
33.39
33.46
33.53
33.52
33.47
33.52
33.48
33.45
33.48
33.51
33.53
33.53
33.46
33.45
33.46
33.45
33.37
33.50
33.46
33.46
33.54
33.46
33.44
33.55
33.51
33.42
33.43
33.36
33.42
33.59
33.51
33.48
33.47
33.38
33.42
33.49
33.51
33.49
33.67
33.42
33.39
33.48
33.43
33.43
33.45
33.48
33.41
33.47
33.49
33.53
33.46
33.54
33.48
33.42
33.48
33.50
33.48
33.37
33.48
33.57
33.47
33.38
33.43
33.49
33.15
33.51
33.52
33.53
33.60
33.44
33.52
33.46
33.48
33.39
33.48
33.53
33.42
33.39
34.07
33.50
33.50
33.54
33.47
33.37
33.40
33.46
33.39
33.38
33.42
33.50
33.36
33.43
33.38
33.45
33.48
33.52
33.38
33.40
33.43
33.67
33.49
33.55
33.50
33.46
33.51
33.52
33.57
33.59
33.47
33.46
33.48
33.55
33.42
33.82
33.43
33.48
33.46
33.38
33.73
33.52
33.46
33.56
33.54
33.89
33.51
33.49
33.47
33.52
33.44
33.50
33.52
33.53
33.47
33.88
33.46
33.48
33.46
33.53
33.56
33.47
33.53
33.59
33.55
33.47
33.33
33.45
33.41
33.46
33.73
33.51
33.50
33.49
33.44
33.47
33.47
33.50
33.49
33.47
33.44
33.41
33.46
33.54
33.46
33.50
33.42
33.54
33.48
33.56
33.61
33.40
33.45
33.46
33.48
34.43
33.46
33.45
33.41
33.47
33.98
33.50
33.48
33.51
33.52
33.55
33.50
33.55
33.48
33.51
33.56
33.60
33.51
33.46
33.48
34.50
33.48
33.57
33.46
33.50
33.56
33.54
33.48
33.46
33.52
34.08
33.45
33.46
33.48
33.49
33.59
33.48
33.47
33.46
33.50
34.16
33.52
33.46
33.41
33.47
33.52
33.54
33.53
33.46
33.48
33.88
33.50
33.52
33.55
33.54
33.55
33.50
33.49
33.35
33.51
33.43
33.45
33.49
33.42
33.48
33.48
33.54
33.45
33.43
33.49
33.54
33.47
33.40
33.50
33.40
33.47
33.52
33.55
33.57
33.54
33.48
33.16
33.49
33.50
33.49
33.49
33.55
33.58
33.60
33.55
33.49
33.50
33.55
33.56
33.56
33.49
33.52
33.48
33.52
33.55
33.56
33.59
33.55
33.52
33.52
33.46
33.53
33.50
33.53
33.52
33.48
33.46
33.49
33.54
33.49
33.45
33.49
33.54
33.58
33.49
33.65
33.54
33.49
33.48
33.52
33.52
33.50
33.39
33.50
33.53
33.54
33.49
33.50
33.52
33.52
33.48
33.56
33.55
33.57
33.48
33.62
33.53
33.44
33.49
33.52
34.12
33.46
33.54
33.53
33.51
33.71
33.50
33.54
33.62
33.63
33.66
33.42
33.48
33.52
33.50
33.46
33.48
33.47
33.46
33.49
33.48
33.50
33.54
33.59
33.54
33.54
33.52
33.55
33.55
33.57
33.47
33.54
33.54
33.52
33.54
33.52
33.52
33.54
33.46
33.53
33.49
33.46
33.38
33.50
33.43
33.48
33.47
33.56
33.49
33.47
33.73
33.55
33.49
33.49
33.46
33.50
33.51
33.53
33.54
33.55
33.66
33.52
33.56
33.57
33.55
33.70
33.49
33.44
33.44
33.52
33.62
33.57
33.46
33.48
33.51
33.45
33.50
33.45
33.42
33.43
33.70
33.56
33.55
33.50
33.45
33.44
33.47
33.54
33.40
33.49
33.43
33.48
33.46
33.48
33.47
33.52
33.43
33.45
33.44
33.50
33.46
33.54
33.49
33.48
33.45
33.61
33.45
33.50
33.44
33.51
33.44
33.51
33.45
33.46
33.45
33.85
33.44
33.44
33.50
33.56
33.85
33.21
33.58
33.59
33.59
33.46
33.38
33.51
33.50
33.55
33.82
33.55
33.52
33.50
33.50
33.77
33.53
33.46
33.54
33.55
33.51
33.56
33.52
33.57
33.49
33.48
33.54
33.61
33.55
33.57
33.48
33.52
33.50
33.54
33.55
33.58
33.48
33.50
33.51
33.54
33.53
33.61
33.48
33.48
33.55
33.61
33.51
33.51
33.51
33.43
33.29
33.49
33.52
33.55
33.41
34.13
33.52
33.50
33.46
33.48
33.91
33.42
33.42
33.51
33.53
33.52
33.43
33.45
33.52
33.48
33.57
33.52
33.47
33.47
33.49
33.54
33.45
33.45
33.44
33.53
33.83
33.53
33.50
33.55
33.47
34.00
33.45
33.44
33.49
33.45
33.48
33.49
33.52
33.50
33.43
34.02
33.51
33.52
33.48
33.54
33.55
33.54
33.51
33.54
33.52
34.10
33.41
33.52
33.46
33.46
33.76
33.48
33.50
33.51
33.39
33.43
33.49
33.55
33.54
33.47
33.63
33.51
33.42
33.48
33.51
33.56
33.45
33.40
33.52
33.51
33.45
33.52
33.50
33.44
33.44
34.00
33.44
33.45
33.50
33.48
33.46
33.49
33.44
33.53
33.50
33.51
33.47
33.58
33.56
33.53
33.48
33.50
33.61
