11.68
116.80
143.98
144.05
144.86
144.77
144.15
143.79
143.20
143.82
144.82
143.27
143.81
143.93
144.68
144.13
143.88
144.46
142.88
143.79
143.44
145.20
144.60
145.02
144.09
143.16
143.95
144.19
144.39
143.48
143.38
144.07
145.66
145.18
144.16
144.45
143.52
142.98
144.89
143.49
143.31
143.78
143.44
144.14
144.23
143.89
143.68
144.22
144.05
144.45
145.61
143.32
143.20
144.34
144.63
144.56
143.39
144.86
143.22
144.86
144.36
144.83
142.82
145.00
143.97
144.58
143.43
143.43
142.74
144.27
143.54
143.54
143.89
142.91
143.81
145.05
143.89
144.86
144.12
145.14
143.69
142.95
143.85
144.66
144.34
144.20
143.62
143.23
144.20
142.47
144.81
144.52
143.67
143.77
144.26
143.88
142.77
144.40
144.41
143.97
143.14
143.20
144.34
144.76
144.77
143.49
144.87
143.86
143.16
144.62
144.34
144.30
144.69
142.86
143.84
143.19
143.96
144.69
143.58
144.25
144.56
142.85
143.55
143.44
142.98
143.55
143.86
144.46
143.60
143.52
145.13
143.09
144.34
145.18
142.25
143.66
144.81
143.40
143.09
144.17
144.25
143.96
144.05
143.95
144.55
143.71
143.35
144.09
143.72
143.79
144.70
144.04
144.18
144.48
143.89
144.16
142.90
143.80
143.35
143.14
143.43
143.84
143.46
144.05
143.60
143.81
144.98
143.66
143.42
144.43
145.20
143.44
144.28
144.94
143.67
143.79
143.21
144.02
143.75
144.16
143.46
144.54
144.16
144.92
144.70
143.19
144.93
142.75
144.54
143.38
143.31
144.19
143.80
143.65
143.20
143.38
144.56
143.27
144.60
144.52
143.57
143.80
143.59
144.01
144.34
144.66
143.29
143.54
144.23
144.46
143.71
144.22
143.98
144.07
142.61
144.05
143.75
143.61
144.14
143.95
144.17
143.83
144.35
144.62
143.81
143.68
144.11
143.95
143.92
143.26
143.50
144.88
144.92
144.49
143.90
144.23
144.32
143.32
143.64
142.55
143.82
144.06
145.41
144.18
143.64
142.91
143.60
143.23
144.34
144.33
142.32
144.08
143.54
144.61
143.80
144.63
144.49
144.26
144.37
144.39
143.41
143.86
145.21
144.75
144.41
143.32
143.45
144.16
144.38
144.59
143.73
141.77
143.86
144.95
144.17
144.33
143.64
144.21
144.98
143.82
143.16
143.13
144.32
143.84
144.53
142.74
143.77
144.43
144.84
143.33
144.90
144.46
143.54
144.59
144.21
144.90
143.78
143.58
144.22
143.67
144.30
144.36
144.26
142.91
143.64
144.06
143.40
145.07
143.46
143.60
144.48
144.84
144.46
143.80
143.38
142.82
144.34
143.60
144.70
144.28
143.94
144.72
144.50
143.55
143.76
143.30
143.06
144.26
144.12
144.65
144.62
143.69
144.65
145.70
143.61
143.94
143.89
144.16
144.61
142.96
144.84
143.97
143.53
144.54
144.22
144.26
143.74
144.27
143.88
143.96
144.57
142.46
143.92
143.95
144.62
144.12
145.57
143.68
144.16
143.30
143.19
144.00
143.44
144.51
144.21
143.93
143.64
143.45
143.89
143.93
143.86
143.79
142.74
143.89
144.91
144.02
144.54
144.08
143.74
144.04
144.46
144.18
144.14
142.56
143.60
143.47
143.52
144.53
142.84
143.66
143.23
143.54
145.28
144.20
143.91
144.31
143.81
145.43
144.12
144.19
144.18
144.96
142.76
143.07
143.92
145.12
144.38
144.65
144.84
143.81
144.48
145.05
145.41
144.64
145.66
144.72
143.63
144.18
144.35
144.60
144.38
144.15
143.72
143.92
144.71
144.57
144.85
143.96
143.11
144.00
144.79
143.60
145.52
144.72
144.67
143.45
144.62
145.10
144.73
145.18
143.20
144.51
145.55
145.20
144.09
143.88
144.20
142.48
143.42
144.68
144.40
143.61
144.93
143.39
144.91
144.70
143.64
144.33
143.93
143.30
144.02
144.96
143.82
144.02
144.60
144.09
143.89
144.17
144.47
143.70
145.31
142.72
145.27
144.64
143.71
142.82
145.05
143.68
143.32
144.37
144.41
143.92
144.41
145.21
144.14
144.59
142.17
143.74
143.96
143.98
143.81
144.52
143.80
144.35
143.69
144.43
144.11
144.72
142.59
143.66
144.64
143.78
144.11
144.52
144.04
143.77
145.56
144.05
143.57
143.68
142.45
142.20
143.96
144.61
145.07
143.75
144.04
143.57
143.41
143.11
144.40
145.28
145.11
143.86
143.41
144.72
143.93
143.01
143.69
144.22
143.62
144.18
142.99
143.34
144.45
145.09
143.50
143.77
143.74
145.50
144.57
144.75
143.86
143.92
144.22
144.11
144.58
144.90
143.84
144.25
143.72
144.99
145.08
142.81
143.23
143.98
144.43
143.79
143.34
144.92
145.05
144.18
144.35
143.71
144.94
143.93
143.11
143.58
144.77
144.57
143.44
144.48
143.97
145.50
143.56
144.48
143.81
143.30
145.56
143.59
144.39
143.43
145.09
144.71
144.22
142.68
144.87
144.43
144.82
142.89
144.59
145.16
144.74
144.41
143.94
143.63
143.51
144.42
143.14
144.05
144.40
143.59
144.94
143.44
144.31
143.94
145.59
144.20
144.24
144.60
144.35
144.86
144.33
145.50
144.38
144.61
144.60
143.64
143.24
144.00
143.04
144.78
144.17
143.77
143.98
143.87
145.31
144.58
143.79
144.00
143.73
143.17
144.18
144.07
143.39
144.01
142.54
144.22
143.55
143.94
143.29
143.98
144.16
144.25
143.73
144.04
143.59
143.43
143.83
145.40
144.54
143.46
144.77
143.73
142.69
143.56
144.41
144.31
145.04
144.24
143.65
144.55
144.85
144.45
143.56
144.07
143.67
143.93
144.70
143.84
144.34
143.64
144.87
143.20
144.59
144.91
143.71
144.48
144.40
143.11
143.79
143.79
144.84
143.45
144.72
144.50
142.79
143.96
143.25
143.95
144.01
144.16
143.82
143.76
143.12
143.30
144.59
144.05
144.70
142.59
144.13
143.96
144.80
143.39
143.42
144.44
144.23
143.11
143.55
144.61
144.77
144.43
143.16
143.96
144.27
144.46
144.43
141.64
143.34
144.41
143.53
143.38
143.96
143.09
143.28
143.70
143.72
143.43
143.38
143.38
145.79
143.76
142.57
143.71
143.84
142.88
142.70
142.65
143.71
145.00
143.75
141.36
144.32
144.79
145.00
141.91
144.64
145.07
143.65
143.90
144.77
142.00
145.41
143.20
144.54
144.50
142.90
145.25
145.15
143.46
143.74
144.36
143.77
142.74
143.96
143.64
143.75
144.58
143.38
142.66
142.88
144.29
142.35
143.36
143.67
143.17
142.54
142.60
142.99
143.09
142.65
144.19
143.12
143.82
142.71
143.69
142.91
143.40
143.25
143.33
142.71
142.89
143.10
145.26
144.00
142.26
143.92
141.62
142.98
143.04
144.47
144.47
141.17
144.00
144.00
143.50
143.27
143.27
140.98
143.31
142.67
142.69
140.45
140.83
139.83
138.80
135.70
125.08
116.36
