randwrite_job: (g=0): rw=randwrite, bs=4K-4K/4K-4K/4K-4K, ioengine=libaio, iodepth=1
fio-2.1.10
Starting 1 process

randwrite_job: (groupid=0, jobs=1): err= 0: pid=900: Wed Sep 30 02:13:00 2015
  write: io=25545MB, bw=7266.3KB/s, iops=1816, runt=3600001msec
    slat (usec): min=2, max=567, avg=15.45, stdev=10.19
    clat (usec): min=1, max=200435, avg=531.11, stdev=455.93
     lat (usec): min=30, max=200474, avg=546.87, stdev=455.02
    clat percentiles (usec):
     |  1.00th=[   38],  5.00th=[   46], 10.00th=[   63], 20.00th=[   67],
     | 30.00th=[  185], 40.00th=[  189], 50.00th=[  274], 60.00th=[  964],
     | 70.00th=[  980], 80.00th=[  988], 90.00th=[ 1004], 95.00th=[ 1020],
     | 99.00th=[ 1432], 99.50th=[ 1464], 99.90th=[ 1512], 99.95th=[ 1528],
     | 99.99th=[ 1544]
    bw (KB  /s): min= 3632, max=46016, per=100.00%, avg=7271.48, stdev=6269.18
    lat (usec) : 2=0.01%, 4=0.18%, 10=0.01%, 20=0.01%, 50=5.02%
    lat (usec) : 100=22.42%, 250=19.26%, 500=7.17%, 750=1.49%, 1000=31.35%
    lat (msec) : 2=13.12%, 4=0.01%, 10=0.01%, 20=0.01%, 50=0.01%
    lat (msec) : 250=0.01%
  cpu          : usr=1.62%, sys=4.78%, ctx=6547594, majf=0, minf=26
  IO depths    : 1=100.0%, 2=0.0%, 4=0.0%, 8=0.0%, 16=0.0%, 32=0.0%, >=64=0.0%
     submit    : 0=0.0%, 4=100.0%, 8=0.0%, 16=0.0%, 32=0.0%, 64=0.0%, >=64=0.0%
     complete  : 0=0.0%, 4=100.0%, 8=0.0%, 16=0.0%, 32=0.0%, 64=0.0%, >=64=0.0%
     issued    : total=r=0/w=6539593/d=0, short=r=0/w=0/d=0
     latency   : target=0, window=0, percentile=100.00%, depth=1

Run status group 0 (all jobs):
  WRITE: io=25545MB, aggrb=7266KB/s, minb=7266KB/s, maxb=7266KB/s, mint=3600001msec, maxt=3600001msec

Disk stats (read/write):
  sda: ios=88/11921316, merge=0/0, ticks=56/6639744, in_queue=6632332, util=98.87%
