12.53
116.37
143.12
144.75
143.84
143.62
144.96
142.77
144.39
144.29
144.40
144.91
143.73
143.79
143.04
143.51
144.07
144.56
142.65
144.40
144.76
144.65
144.59
143.84
144.68
144.65
143.05
143.47
144.64
143.81
144.37
144.93
143.68
143.42
143.96
144.72
143.51
143.82
143.96
144.96
144.45
143.58
145.46
144.23
143.57
143.43
143.55
143.75
144.36
144.04
143.07
144.16
144.62
143.66
143.93
144.03
144.18
143.38
144.56
143.31
142.97
143.63
143.58
143.63
144.22
144.08
143.77
143.83
143.94
143.65
143.89
144.89
144.72
142.55
143.04
143.54
143.46
143.53
144.30
143.95
144.28
144.12
145.28
143.48
144.27
143.63
145.16
144.32
143.53
144.06
143.96
144.04
143.92
143.69
144.42
143.26
145.36
143.40
143.38
142.98
144.91
143.53
143.51
143.46
143.74
143.10
143.21
143.58
145.20
143.75
143.89
144.40
143.02
144.26
143.91
144.11
144.57
143.63
143.37
144.12
143.30
144.79
143.93
145.18
142.84
144.22
143.11
143.44
145.12
143.43
143.11
144.53
142.86
143.41
144.39
144.41
143.41
145.09
144.38
143.79
143.86
144.11
144.07
143.66
143.77
143.68
144.86
144.13
143.72
143.03
144.18
144.01
144.33
145.02
143.87
144.43
144.83
144.31
144.01
143.57
145.04
144.17
144.87
142.39
144.58
144.34
143.58
144.63
143.91
143.79
143.07
144.48
144.29
143.92
144.03
143.75
143.46
144.58
143.80
144.02
144.65
144.12
143.43
143.30
143.44
144.35
143.18
145.15
144.21
144.07
143.56
144.61
143.93
143.44
144.48
143.88
144.06
144.83
144.38
143.52
144.28
143.72
143.78
145.14
144.23
143.40
145.27
143.24
143.98
143.79
144.12
143.87
144.04
143.47
144.46
145.00
144.87
143.81
143.29
144.56
143.53
144.25
144.39
144.84
145.17
144.44
144.37
144.29
146.14
143.99
143.63
142.95
141.95
143.29
144.06
144.74
144.43
143.82
145.24
144.45
144.43
143.73
143.71
144.02
144.18
144.40
143.22
144.89
144.04
144.73
143.92
143.42
144.18
144.30
144.17
143.77
144.37
144.01
144.21
145.17
143.45
143.87
143.50
143.23
144.16
144.14
144.30
144.92
144.41
144.13
142.91
143.74
142.79
143.82
144.60
142.75
145.15
144.00
143.72
144.44
143.88
143.54
144.53
144.57
144.41
144.37
143.94
143.71
144.45
143.65
144.76
144.20
143.50
143.83
145.23
143.93
143.73
143.91
144.57
144.12
144.38
144.40
143.49
143.34
144.68
143.83
145.00
143.29
143.51
144.67
143.90
143.91
144.99
143.86
143.75
144.70
144.06
144.01
143.64
143.88
144.37
143.52
144.08
143.93
145.56
144.11
144.89
144.66
144.64
144.01
143.66
144.38
144.55
142.88
144.35
143.88
144.63
144.58
144.17
145.12
143.25
144.15
144.32
144.43
143.44
144.55
143.80
144.38
143.49
144.03
144.59
143.55
143.84
144.84
144.10
145.39
144.13
144.08
143.81
144.70
143.92
143.95
143.81
143.71
144.26
144.29
145.29
144.26
144.14
143.67
145.23
144.66
143.58
144.71
142.40
143.95
143.61
144.17
143.67
143.58
144.33
143.23
144.41
144.48
144.02
145.68
144.22
144.06
144.08
144.68
144.57
144.08
142.82
143.75
144.27
143.24
144.26
142.36
144.67
144.35
143.20
144.50
143.27
143.11
145.20
142.98
142.73
143.94
144.30
144.15
143.51
142.52
143.86
143.57
144.03
144.34
144.46
144.02
144.30
143.66
144.72
144.95
144.50
142.34
143.52
143.58
144.82
145.10
145.16
143.83
143.62
144.60
143.00
143.09
143.79
144.47
144.34
144.29
144.39
144.25
143.72
143.96
143.04
144.01
144.18
144.12
145.25
142.31
144.14
144.13
143.36
144.64
142.55
144.63
143.73
144.26
145.28
144.71
144.61
143.90
142.89
143.84
144.23
144.22
144.00
143.11
143.29
144.14
142.81
143.89
142.89
143.18
143.04
144.65
143.95
143.72
143.14
144.06
143.80
144.16
144.98
144.55
143.97
143.72
144.17
144.85
144.88
144.91
143.76
144.53
143.40
144.29
143.66
144.37
144.23
144.09
144.23
143.01
144.27
144.65
144.16
144.65
143.23
143.58
143.98
144.23
144.32
143.96
144.40
142.64
143.70
144.36
144.65
143.46
143.87
144.58
143.19
144.21
143.88
145.03
144.46
142.88
144.22
143.30
143.31
144.09
142.57
145.44
143.33
143.90
142.52
142.45
144.95
144.70
143.66
144.32
144.56
144.82
144.28
143.69
143.99
144.14
144.54
144.67
143.82
144.35
143.79
143.72
143.02
144.18
144.68
143.45
143.75
142.54
145.17
144.19
142.84
143.07
145.78
143.61
144.17
143.54
144.69
144.32
143.88
143.71
144.04
142.73
144.43
144.57
143.63
143.49
142.97
143.92
144.14
143.93
144.35
145.16
142.58
143.83
143.51
145.20
143.28
144.49
144.92
145.35
143.85
142.91
143.55
143.45
144.34
142.38
143.73
142.75
144.75
144.38
143.34
144.17
142.93
144.45
143.50
143.96
143.03
144.20
143.14
144.75
143.62
143.72
143.31
143.49
144.34
142.93
144.21
142.86
143.85
144.25
143.61
144.30
144.40
144.10
144.36
144.28
144.26
144.80
143.54
144.43
143.43
144.46
144.64
144.74
143.39
143.08
144.20
144.24
144.35
144.46
144.39
143.79
144.04
144.12
143.74
144.55
144.27
143.94
143.11
143.55
144.15
144.58
144.19
143.63
142.95
142.85
143.08
144.84
143.71
145.32
143.03
143.68
143.57
143.95
144.30
143.65
143.76
144.12
143.67
144.83
144.68
144.70
142.72
144.29
143.48
143.59
143.32
142.05
143.90
144.31
143.92
144.70
144.01
143.35
145.57
144.68
144.18
143.98
143.80
144.46
144.35
145.08
143.90
144.41
144.12
145.16
144.95
142.95
144.10
142.84
143.18
144.02
143.89
145.29
144.23
144.39
143.27
143.80
144.04
145.20
143.55
143.91
145.09
143.98
144.24
143.69
143.90
143.09
144.18
144.03
142.96
142.00
144.81
143.67
144.99
144.59
143.13
145.28
145.12
144.77
144.98
143.82
144.98
143.69
142.59
144.44
144.02
143.87
143.21
144.16
144.27
143.90
144.49
144.53
144.60
143.41
143.99
144.02
143.32
143.50
144.10
143.46
143.41
144.54
143.53
144.46
144.31
143.43
143.86
144.33
144.41
143.92
144.07
143.92
145.57
144.65
143.52
144.52
144.84
144.71
145.02
142.23
143.71
143.67
142.72
144.33
144.38
143.25
144.01
144.69
143.06
144.56
145.02
143.44
143.37
144.98
143.81
143.61
143.03
144.43
143.55
143.76
145.08
143.73
144.14
144.27
144.20
142.46
144.75
142.22
143.95
142.63
143.87
143.99
143.86
143.09
141.64
143.52
144.38
143.94
142.31
144.43
142.53
141.98
143.36
142.95
139.48
140.13
140.66
139.45
135.00
125.59
115.22
