12.22
95.02
127.44
130.35
134.00
133.54
135.50
136.08
136.29
134.86
133.20
132.46
133.33
135.92
134.20
135.73
133.08
135.40
137.34
135.46
135.55
135.82
131.87
133.96
133.16
134.88
136.42
134.54
135.48
133.44
133.59
134.36
134.86
136.37
134.13
130.73
132.02
134.93
134.66
134.64
135.24
133.29
135.84
136.09
134.96
137.91
134.57
134.79
136.75
134.15
134.29
135.66
134.97
135.36
134.95
135.18
132.76
135.27
136.95
136.52
135.78
135.59
134.35
135.50
135.66
134.76
135.48
134.74
134.02
135.29
134.42
135.84
134.44
136.63
134.71
135.57
135.41
136.99
135.57
134.62
134.39
134.31
135.22
134.98
136.09
135.10
134.23
136.43
134.86
134.78
133.93
134.94
134.86
136.74
136.26
135.33
135.26
134.78
136.43
134.47
136.08
135.11
133.59
137.52
132.44
131.09
133.04
136.30
133.75
134.73
133.45
135.83
132.52
132.20
134.29
134.32
134.16
131.91
137.15
133.45
133.34
135.49
133.26
135.43
133.23
134.83
133.04
132.97
132.46
133.77
135.65
135.01
137.00
134.89
132.86
134.68
136.54
135.20
135.61
133.75
133.93
132.29
134.02
135.74
136.91
135.58
133.14
134.79
136.20
133.33
131.95
132.92
134.36
134.84
134.11
135.83
134.39
136.45
136.23
135.96
134.11
134.94
136.14
135.32
136.48
135.79
135.66
136.18
135.18
133.79
135.57
137.25
135.19
136.12
132.12
134.58
136.09
135.24
132.55
135.13
134.77
133.52
133.95
133.71
131.73
134.28
136.22
136.95
136.11
133.26
135.26
136.54
135.30
134.93
134.22
135.13
134.55
135.16
136.30
133.67
136.07
135.12
135.82
135.23
136.07
136.56
134.53
137.47
134.13
133.95
134.60
131.81
135.74
134.34
134.60
135.43
136.71
134.35
136.37
132.50
136.73
134.67
134.14
133.86
134.56
134.20
132.90
133.47
135.80
136.46
135.23
135.31
136.86
134.58
134.21
135.21
134.15
136.00
135.31
134.41
133.70
135.53
135.46
136.55
134.39
135.68
135.23
133.45
134.91
132.93
135.79
134.17
134.69
131.91
136.18
135.33
135.46
135.04
134.04
134.00
135.82
133.53
137.83
135.96
137.27
134.86
135.93
135.16
136.25
134.19
136.14
135.91
133.11
135.17
135.30
134.73
134.25
133.95
136.16
135.50
134.88
133.80
135.29
134.83
136.49
136.52
135.61
134.50
135.91
135.19
136.09
134.02
135.88
135.12
133.54
133.86
133.80
133.10
135.88
136.34
133.21
134.32
134.95
137.23
135.97
135.32
134.40
136.04
136.21
134.57
137.24
133.62
136.01
135.45
137.10
134.49
134.04
134.67
134.02
135.98
135.05
135.86
134.62
133.60
135.49
135.57
134.27
131.64
133.99
133.88
133.94
135.44
134.96
136.23
134.23
135.32
136.62
133.15
133.89
134.18
134.90
133.50
135.23
133.53
130.14
134.35
134.61
136.86
135.72
135.25
137.20
135.71
132.74
135.70
133.25
133.70
132.44
134.73
132.87
135.45
134.34
135.09
136.27
135.62
134.27
137.24
135.43
135.33
134.18
132.90
135.51
133.02
134.26
135.25
132.96
135.02
134.81
132.82
136.84
136.50
135.45
135.10
134.62
137.93
135.21
135.41
136.99
134.70
135.71
135.52
135.40
136.21
135.20
135.17
133.99
135.58
136.12
134.58
135.34
133.77
133.03
135.09
133.06
135.89
132.54
132.83
134.97
134.25
136.29
134.90
136.33
135.80
135.04
134.86
132.91
137.18
136.54
134.74
135.73
134.10
133.43
136.11
134.65
135.42
133.79
135.57
136.52
135.44
134.33
134.77
135.47
135.89
135.38
134.33
131.81
134.68
136.11
135.39
135.37
132.72
134.39
135.12
135.00
135.72
134.41
132.78
134.84
132.95
135.14
134.79
135.96
134.06
135.06
134.91
135.84
136.89
135.55
137.18
133.97
133.96
135.02
135.67
132.65
134.60
133.27
134.24
134.55
135.69
135.89
134.37
136.67
136.02
135.18
133.95
136.02
137.07
135.54
134.91
136.12
136.16
136.29
134.75
135.39
135.76
134.41
134.61
135.08
134.65
134.25
136.85
136.14
134.31
135.79
133.08
134.93
134.61
132.34
135.16
133.02
136.64
134.84
133.91
133.58
135.96
134.39
132.55
135.79
136.81
135.77
135.17
136.45
134.70
136.43
136.07
134.73
135.92
134.84
135.03
136.95
137.07
135.86
136.17
135.66
137.07
136.13
135.73
135.24
135.81
137.58
134.90
135.09
135.62
136.13
136.74
135.63
136.30
135.91
134.39
134.88
136.07
134.25
135.01
135.01
135.81
135.34
136.09
135.68
136.27
134.47
134.51
135.59
136.21
136.15
136.76
136.79
136.78
133.98
134.80
134.74
135.58
134.97
135.36
136.81
136.75
135.51
133.26
136.71
135.08
136.77
135.35
136.67
135.19
136.12
137.33
134.28
131.51
135.38
134.09
134.85
137.25
133.15
134.65
134.15
134.83
134.61
132.68
132.40
134.83
135.57
134.79
134.90
136.25
136.93
133.75
133.25
134.98
133.29
135.41
135.38
134.30
135.54
136.44
136.84
133.79
133.59
136.59
135.48
136.35
136.78
133.15
134.86
133.76
131.94
135.29
136.52
135.79
135.18
134.10
137.01
135.84
136.52
134.30
136.19
136.96
137.42
135.55
133.95
135.78
137.09
135.47
134.98
133.76
134.70
134.13
136.75
135.87
134.97
134.70
135.99
136.16
135.93
135.16
133.90
133.97
134.11
134.84
135.59
136.36
132.97
133.10
135.12
135.48
133.47
136.05
133.89
134.58
135.88
135.42
134.50
136.65
135.42
135.85
133.38
136.14
133.87
133.66
134.96
136.10
135.37
135.33
136.04
136.18
134.15
134.63
134.57
133.31
134.30
137.35
135.42
134.79
135.30
133.98
136.33
134.91
134.18
135.27
135.84
134.94
137.23
135.18
135.53
136.11
132.59
135.18
134.26
133.80
136.21
136.52
136.56
134.63
132.25
136.01
134.84
136.71
136.21
136.26
133.70
136.56
135.82
135.32
136.25
135.30
135.82
134.87
135.87
135.39
136.79
133.85
136.25
136.12
136.40
135.95
134.55
136.89
135.16
135.97
136.45
135.88
136.34
136.73
135.11
135.54
136.75
134.46
136.38
135.08
135.48
137.29
136.39
134.02
136.29
136.55
131.30
135.28
130.82
134.88
134.58
135.29
133.17
134.10
134.52
135.62
135.48
133.02
135.62
135.75
134.21
136.03
135.60
131.71
134.84
135.36
134.79
135.30
133.38
134.50
134.77
135.08
136.88
134.59
135.11
133.59
133.47
134.98
135.68
135.19
135.93
135.46
136.87
134.65
134.04
135.26
135.13
134.81
133.69
137.32
134.88
135.13
134.20
134.17
136.19
136.55
133.80
134.80
134.86
134.84
133.62
132.89
132.93
135.46
134.59
133.94
134.30
136.75
133.11
133.99
134.56
135.11
134.25
134.52
137.65
136.14
134.68
136.00
136.81
135.80
135.70
136.78
134.44
135.00
134.55
134.25
133.00
134.82
133.16
134.75
135.25
135.51
135.60
136.21
137.33
134.47
135.32
136.65
137.77
135.15
133.41
135.07
136.57
133.22
134.89
134.10
135.99
136.31
137.04
135.56
133.85
136.24
135.73
132.78
135.60
136.20
137.29
133.82
133.27
135.84
134.95
134.48
134.67
135.42
135.43
136.25
134.48
135.43
135.92
133.11
135.43
135.12
136.91
135.33
135.46
135.91
133.60
