11.89
230.66
274.20
273.27
273.21
273.25
273.18
273.20
273.14
273.19
273.14
273.14
273.49
273.19
273.24
273.18
273.18
273.62
273.16
273.21
273.20
273.23
274.68
273.16
273.14
273.16
273.24
273.13
273.19
273.12
273.16
273.09
274.45
273.17
273.22
273.23
273.25
273.39
273.12
273.13
273.20
273.14
273.59
273.14
273.15
273.18
273.27
273.36
273.17
273.24
273.18
273.27
274.60
273.72
273.22
273.23
273.19
273.39
273.18
273.16
273.19
273.22
274.79
274.29
273.26
273.19
273.16
273.73
273.14
273.12
273.15
273.17
274.48
273.98
273.11
273.14
273.18
274.45
273.69
273.12
273.08
273.06
274.07
273.28
273.15
273.18
273.13
273.13
273.12
273.09
273.09
273.17
274.57
274.72
273.33
273.09
273.08
274.73
273.84
273.17
273.08
273.15
274.56
273.21
273.15
273.19
273.18
273.26
273.12
273.13
273.12
273.12
274.50
273.50
274.50
274.76
273.36
273.32
273.11
273.18
274.19
273.15
273.30
273.13
273.20
273.13
273.18
273.23
273.14
273.21
273.19
273.12
274.63
274.47
273.27
273.07
273.12
273.25
273.15
273.14
273.13
273.13
273.24
273.04
273.00
273.10
273.06
273.61
273.13
273.10
273.09
273.13
274.49
274.60
274.49
274.47
271.77
273.41
273.20
273.13
273.13
273.13
273.13
273.17
273.12
273.10
273.13
273.30
273.74
273.32
273.14
273.18
273.64
273.97
273.36
273.20
273.15
274.59
274.52
274.50
273.14
273.14
273.13
273.16
273.06
273.14
273.05
273.68
273.07
273.10
273.26
273.10
273.28
273.23
273.09
273.05
273.07
273.04
273.12
273.09
273.14
273.10
274.24
273.11
273.09
273.14
273.22
274.70
274.49
274.45
273.16
273.23
274.69
274.53
274.49
274.52
273.11
273.28
273.07
273.11
273.12
273.23
274.40
273.38
273.37
273.16
273.09
273.47
273.07
273.10
273.09
273.07
274.52
273.17
273.36
273.54
273.38
273.80
273.52
273.24
273.38
273.16
273.09
273.41
273.28
273.09
273.07
273.90
273.04
273.05
273.08
273.05
274.61
274.49
274.67
274.49
274.50
274.15
273.07
273.09
273.07
272.98
274.63
274.06
273.16
273.06
273.14
273.38
273.01
273.40
273.07
273.03
274.59
273.04
273.03
273.05
273.06
274.61
273.78
273.04
273.07
273.12
274.52
273.89
273.12
273.09
273.20
273.21
273.07
273.09
273.07
273.15
274.25
274.34
273.41
273.40
273.36
273.47
273.18
273.11
273.16
273.06
274.85
274.50
274.52
274.20
273.04
274.45
273.17
273.18
273.08
273.13
274.55
273.18
273.00
273.10
273.11
274.26
273.18
273.19
273.14
273.16
273.80
273.41
273.10
273.18
273.11
273.46
273.05
272.86
273.11
273.15
273.52
273.14
273.15
273.14
273.11
273.18
273.14
273.08
273.12
273.11
274.41
273.09
273.29
273.18
273.10
273.48
273.12
273.08
273.12
273.12
273.20
273.09
273.16
273.19
273.20
273.23
273.13
273.15
273.17
273.14
274.83
273.87
273.16
273.09
273.17
273.12
273.13
270.47
273.07
273.09
273.46
273.13
273.14
273.28
273.15
274.54
274.48
273.21
273.15
273.18
274.00
273.11
273.15
273.20
273.30
273.61
273.08
273.13
273.14
273.04
273.48
273.07
273.07
273.07
273.12
273.51
273.17
273.14
273.08
273.57
274.56
273.94
273.16
273.12
273.20
274.55
274.50
274.46
273.58
273.15
273.04
273.07
273.09
273.02
273.04
273.12
273.08
273.00
272.98
273.09
273.77
273.21
273.36
273.52
273.34
273.17
273.12
273.11
273.08
273.07
273.21
273.12
273.16
273.11
273.11
274.54
273.20
273.03
273.04
273.06
273.49
273.04
273.07
273.01
273.12
274.55
273.12
273.04
273.07
273.07
273.95
273.03
273.09
273.09
273.06
273.56
273.07
273.02
273.09
273.14
274.36
273.13
273.12
273.03
273.08
273.27
273.16
273.10
273.14
273.09
274.46
274.45
274.46
274.48
274.46
274.57
274.61
274.39
274.48
274.29
274.60
274.52
273.13
273.02
273.02
273.02
272.98
273.02
273.07
273.02
273.02
273.02
273.13
273.01
273.04
273.62
273.17
273.09
272.98
273.02
274.54
274.48
274.46
273.21
273.00
274.48
274.46
274.07
273.07
273.08
273.22
273.06
273.02
273.04
273.02
273.14
273.09
273.14
273.19
273.05
274.44
273.13
273.12
273.12
273.13
273.14
273.16
273.14
273.18
273.19
273.24
273.33
273.31
273.21
273.11
273.14
273.36
273.23
273.93
273.31
273.08
273.10
273.15
273.14
273.12
273.21
273.09
273.17
273.14
273.45
274.13
273.11
273.08
273.14
273.17
274.76
274.48
274.49
274.49
274.48
274.64
273.38
273.17
273.11
273.11
274.08
273.11
273.12
273.10
273.11
274.47
273.17
273.19
273.07
273.03
273.58
273.15
273.17
273.18
273.10
273.34
273.18
273.15
273.12
273.09
273.20
273.10
273.54
274.25
273.12
274.45
274.62
274.64
274.50
274.14
274.54
274.52
274.49
271.96
274.50
274.52
274.50
274.52
274.74
274.46
273.19
273.08
273.12
273.14
273.15
274.73
274.50
273.75
273.18
273.20
273.20
273.19
273.23
273.13
273.29
273.45
273.15
273.15
273.13
273.21
274.10
273.21
273.18
273.22
273.16
274.17
273.21
273.19
273.16
273.16
273.62
273.16
273.14
273.24
273.19
274.74
274.51
274.50
273.32
273.17
274.23
273.16
273.21
273.22
273.21
274.52
274.45
273.85
273.26
273.26
273.25
273.23
273.18
273.20
273.23
273.21
273.19
273.18
273.12
273.14
273.18
273.20
273.17
273.21
273.13
273.29
273.19
273.24
273.20
273.19
274.70
274.49
273.86
273.15
273.21
273.19
273.54
273.19
273.20
273.25
273.22
273.24
273.37
274.53
274.52
274.48
274.48
274.51
273.47
273.20
273.22
273.26
273.23
273.34
273.22
274.46
274.49
274.50
273.60
273.15
273.25
273.20
273.21
273.18
273.26
273.21
273.18
273.19
273.16
273.23
273.90
273.07
273.26
273.20
273.23
273.80
273.27
273.23
273.18
273.29
274.05
273.21
273.23
273.17
273.24
274.49
274.54
274.51
273.90
273.17
273.23
273.22
273.16
273.02
273.14
274.38
274.50
274.26
273.16
273.46
273.45
273.16
273.15
273.13
273.27
273.22
273.18
273.18
273.29
273.45
273.31
273.15
273.23
273.50
273.48
273.37
274.59
274.57
274.54
274.52
274.38
273.18
273.21
273.09
273.13
274.47
273.12
273.10
273.23
273.14
273.20
273.12
273.15
273.11
273.16
274.66
274.55
274.52
273.72
273.20
273.22
273.21
273.16
273.22
273.23
273.27
273.25
273.25
273.25
273.23
273.23
273.18
273.19
273.19
273.26
273.92
273.17
273.14
273.24
273.25
273.29
273.22
273.21
273.20
273.20
274.55
274.66
274.57
274.59
274.38
274.81
274.02
273.29
273.29
273.26
274.63
274.63
274.59
274.63
274.65
274.79
274.63
274.65
274.78
271.31
273.41
273.36
273.32
273.39
273.39
273.57
273.42
273.53
273.59
273.50
274.78
273.68
273.91
273.93
274.16
274.50
274.53
274.66
275.05
275.70
277.49
277.25
277.58
278.49
279.55
281.07
282.61
285.73
293.46
302.80
