12.11
17.04
21.27
21.02
21.06
20.86
21.23
21.04
21.04
20.45
21.11
20.90
21.47
21.45
21.18
20.95
21.70
21.27
21.63
21.41
21.03
21.26
19.93
20.93
20.84
20.61
20.46
21.29
21.00
20.85
21.69
21.24
21.00
20.83
20.81
21.67
21.59
20.49
21.01
20.90
21.32
21.62
20.81
20.81
21.39
20.70
21.30
21.28
21.68
21.10
20.26
21.00
21.46
21.52
21.43
20.82
21.27
20.73
20.73
21.70
21.21
21.47
21.54
20.39
20.64
21.48
21.03
21.39
21.84
20.74
21.02
21.28
22.32
21.35
20.88
20.68
21.33
21.39
21.21
22.15
21.25
20.84
20.52
21.65
21.32
20.88
20.90
21.03
20.99
20.90
20.88
20.75
21.10
21.27
20.33
20.97
21.29
21.16
20.71
21.44
21.18
22.14
20.97
20.91
21.18
21.20
20.38
21.46
21.25
21.43
21.12
21.60
19.88
21.03
20.94
21.29
22.43
21.35
20.80
20.95
21.20
20.93
21.14
20.89
21.34
20.68
21.29
21.61
21.38
20.48
20.67
21.18
21.94
21.43
21.00
21.00
21.45
20.77
20.82
20.62
21.41
21.16
20.94
21.48
20.38
21.11
21.05
21.21
21.42
20.82
20.55
21.78
21.43
21.04
20.89
20.60
21.27
20.71
20.93
21.09
21.19
21.23
21.30
21.31
21.24
21.65
21.00
21.46
21.38
21.02
20.32
21.18
20.70
21.40
20.83
20.54
21.30
21.03
20.66
21.36
21.27
21.18
20.15
21.00
21.27
21.08
22.01
21.53
21.57
20.68
20.77
21.22
20.98
21.34
21.24
21.34
21.20
20.34
21.35
20.96
21.13
21.74
20.76
21.59
21.49
20.99
20.37
21.70
21.43
21.25
20.65
21.61
20.75
20.93
20.74
20.43
20.54
20.90
20.91
20.65
21.45
21.20
21.23
20.40
20.87
21.11
21.39
20.38
21.16
21.30
20.63
21.16
21.07
21.23
21.18
21.35
20.93
20.87
21.25
20.96
21.04
21.46
20.82
21.40
20.89
21.07
20.84
21.16
21.47
21.37
21.24
20.49
21.78
21.23
20.84
21.04
21.36
20.69
21.23
21.18
21.30
21.12
21.34
20.83
21.40
21.03
21.12
20.74
20.85
20.62
21.05
20.57
21.36
20.78
21.47
20.94
20.95
21.59
20.39
20.95
21.45
21.30
21.61
20.63
21.10
20.93
21.25
20.99
21.17
19.82
21.54
21.45
21.17
21.07
20.93
20.99
20.86
20.82
20.49
21.07
21.13
21.47
20.45
21.39
21.28
20.77
21.09
20.38
20.52
20.62
21.52
20.35
20.84
21.36
21.30
20.83
20.97
20.75
19.81
20.92
21.52
20.51
20.87
20.72
21.69
19.66
21.26
20.41
20.34
21.29
21.11
19.61
20.46
20.67
20.56
20.47
20.91
20.02
20.10
20.52
20.44
19.94
20.11
20.57
20.70
20.18
20.61
20.35
20.52
20.93
20.43
20.60
21.13
21.15
20.42
20.78
20.56
20.54
20.59
20.13
20.59
19.26
20.14
20.97
20.10
20.21
20.48
20.22
20.26
20.19
19.42
20.04
20.32
20.17
19.48
19.78
20.15
20.03
19.98
20.14
20.46
19.73
20.50
20.52
19.99
19.59
19.95
19.57
20.54
20.03
19.99
19.77
19.99
20.19
19.73
18.79
20.60
19.85
19.96
19.76
19.41
19.07
20.15
19.73
19.89
19.17
19.61
19.25
20.00
19.21
19.64
19.43
18.27
18.54
18.77
18.54
19.12
19.09
19.55
19.00
19.06
18.78
18.29
18.42
18.31
19.03
18.98
18.30
19.62
18.70
17.28
18.24
19.48
18.52
18.98
18.90
18.76
19.20
18.16
18.66
19.27
19.57
19.48
17.90
18.28
18.60
18.32
20.15
17.89
18.68
18.78
18.95
18.93
18.86
18.12
18.63
19.38
18.91
18.75
19.49
18.99
18.06
18.98
18.87
18.90
18.30
19.27
19.20
19.01
17.90
18.75
18.63
18.67
19.17
18.77
18.73
20.07
19.11
18.89
19.54
18.02
18.01
19.47
18.07
18.23
18.55
18.91
19.14
18.67
19.44
19.13
19.28
19.18
18.87
18.84
18.32
18.90
18.70
18.92
18.69
18.52
18.59
18.36
19.08
18.51
18.50
18.08
18.04
19.23
19.55
18.96
18.14
18.96
18.02
18.42
17.98
18.55
19.01
18.16
18.64
18.20
18.15
18.80
18.27
18.15
18.73
17.71
18.55
19.46
19.35
18.68
18.70
18.51
18.77
18.74
18.18
18.09
17.85
19.04
18.88
18.88
18.05
18.38
18.87
18.50
18.64
18.58
17.89
18.58
18.73
19.19
19.76
19.27
19.73
17.85
18.57
18.38
18.36
18.61
19.03
18.98
18.68
18.41
18.68
18.50
18.51
18.69
18.62
18.97
18.07
18.21
19.11
18.00
19.12
18.51
17.72
19.29
19.11
18.46
18.92
18.66
18.64
18.11
19.43
18.26
18.49
17.86
18.18
18.54
18.54
17.51
20.11
18.78
18.41
18.44
18.61
18.01
18.19
18.41
18.81
18.88
17.42
18.81
18.85
18.82
18.59
18.06
19.06
18.70
19.10
18.86
18.96
18.79
18.76
18.65
19.44
18.96
18.61
18.73
19.41
18.88
18.23
18.62
19.38
18.84
18.20
17.93
18.15
19.13
18.88
19.14
18.16
18.37
19.11
18.98
18.61
18.59
18.57
18.30
18.61
18.93
18.10
18.62
18.52
18.55
18.66
18.12
17.76
19.14
18.97
18.39
17.51
18.39
18.57
18.94
18.03
18.51
17.98
18.99
18.91
18.47
17.80
17.26
18.38
18.65
19.46
18.57
17.91
18.51
19.35
18.52
17.88
18.64
18.59
18.01
18.93
18.68
18.93
18.34
18.08
18.91
19.18
17.70
18.70
18.93
19.49
17.98
18.45
18.93
19.20
18.58
19.27
18.57
18.56
17.96
18.05
17.81
18.68
18.90
18.84
19.18
19.29
18.16
17.74
18.43
18.57
19.35
17.31
18.44
18.78
17.76
19.47
19.04
18.32
18.68
18.96
19.18
18.95
18.13
18.45
18.36
18.62
17.41
18.45
19.86
18.62
19.05
17.77
19.05
17.76
17.60
18.16
19.13
18.64
18.26
17.91
18.49
17.55
19.07
18.23
18.88
18.67
19.14
17.74
18.21
18.68
17.99
19.36
18.35
18.16
18.34
18.23
18.50
18.43
19.45
17.04
19.18
18.86
17.75
18.50
18.86
18.65
17.77
18.76
18.43
18.73
18.61
18.07
18.86
18.39
17.88
17.52
19.27
18.22
17.95
18.41
18.55
18.13
18.99
18.41
19.45
19.37
17.39
18.45
18.79
18.39
18.28
18.80
18.58
19.02
18.15
18.36
17.66
17.73
18.89
19.30
18.59
18.82
18.24
17.84
19.23
18.54
17.60
19.16
18.16
19.23
18.37
18.41
18.52
18.37
18.19
18.79
18.11
18.65
16.92
18.78
18.20
18.13
19.06
18.28
18.73
19.24
18.20
19.02
18.46
18.40
18.55
18.23
19.30
18.30
18.47
19.38
18.85
18.86
18.96
18.81
18.94
18.97
18.33
18.62
18.53
19.61
18.11
17.95
18.40
18.42
18.42
19.14
18.52
18.61
17.86
17.77
18.54
19.36
18.25
18.47
19.03
18.87
18.48
18.16
18.16
18.36
17.75
18.79
18.54
18.58
19.06
17.99
18.71
18.23
17.89
18.55
18.77
17.54
18.22
18.55
18.77
17.55
18.71
18.91
18.98
18.75
18.65
18.69
18.68
19.10
18.54
18.65
18.83
18.71
18.41
17.95
18.57
18.93
18.16
18.82
19.31
18.76
18.99
18.73
18.99
18.58
18.23
18.46
18.22
19.87
18.05
18.94
18.13
18.80
18.07
18.65
19.09
18.12
18.55
18.21
18.82
18.22
19.27
17.75
19.19
18.95
17.67
18.57
17.98
18.40
17.90
18.04
18.51
19.21
18.80
18.90
18.82
19.23
17.91
18.21
18.34
18.90
17.72
19.36
18.53
18.58
18.86
19.04
18.21
18.74
17.84
17.74
18.30
18.36
18.73
17.84
18.12
18.79
17.99
18.28
18.93
18.90
17.80
18.48
19.12
18.82
18.99
18.69
18.64
18.82
18.54
18.17
18.83
18.25
18.33
18.38
18.70
18.42
17.89
18.13
18.36
18.46
18.97
19.45
18.53
18.11
17.36
18.37
18.96
19.34
19.33
18.70
18.65
18.92
18.17
18.61
18.72
18.80
18.96
18.02
18.67
18.55
18.18
18.22
19.30
18.72
18.80
18.79
18.45
19.11
18.42
18.62
18.88
18.65
18.51
18.67
18.90
18.79
18.62
17.79
18.64
18.97
18.26
18.82
17.97
18.52
17.49
19.04
18.63
18.60
18.41
17.91
19.24
18.16
18.97
18.68
18.44
18.56
18.82
18.97
19.56
18.11
17.97
18.86
18.94
18.79
19.38
17.39
18.35
18.70
18.64
18.82
19.20
18.74
18.14
19.26
18.56
18.25
18.45
18.60
19.03
18.48
18.28
19.24
18.30
17.77
18.74
18.70
17.51
19.09
17.96
18.57
19.02
17.85
18.61
18.64
18.30
18.79
19.31
18.55
19.02
18.07
18.22
19.45
18.86
18.39
18.62
18.44
18.52
19.08
18.30
18.06
18.32
18.84
18.67
19.40
18.79
18.52
18.00
18.54
19.30
19.21
18.43
19.26
18.25
17.92
17.75
18.90
19.38
18.97
18.59
18.27
18.50
18.19
18.46
18.30
18.69
17.77
18.17
19.39
18.32
18.11
17.91
18.30
18.44
18.44
18.32
18.93
17.99
18.79
18.23
18.52
18.41
18.36
18.84
19.14
17.86
19.39
18.58
18.34
18.51
18.70
17.88
19.65
18.43
17.80
18.67
18.54
18.51
18.39
19.10
18.32
18.42
18.59
18.69
18.48
19.18
18.43
19.13
18.55
18.73
18.92
18.35
18.99
18.77
18.61
18.18
18.50
18.92
18.47
18.16
18.97
18.66
18.41
19.14
18.45
18.71
18.86
17.99
18.24
18.64
18.76
18.56
18.57
18.97
18.87
18.50
18.01
19.28
18.18
18.55
19.45
18.07
18.15
18.88
18.80
19.04
18.80
18.28
19.16
18.27
19.16
18.16
18.41
19.09
18.99
18.51
18.54
18.46
18.44
18.16
19.05
19.20
18.65
17.17
18.89
18.80
18.95
17.43
18.33
18.75
18.15
18.82
18.77
19.16
18.21
18.14
17.87
19.29
18.16
18.00
18.05
18.18
17.99
18.93
18.07
18.58
17.57
18.32
18.06
19.01
18.06
18.71
18.40
18.83
19.07
18.37
18.18
18.69
18.62
18.68
20.09
17.93
17.34
17.79
18.64
18.54
19.33
18.64
18.46
17.88
19.05
17.74
19.19
19.43
18.12
17.79
18.52
18.00
18.54
18.67
18.49
18.38
18.34
17.37
18.84
18.41
18.99
18.95
18.24
18.91
17.92
18.96
18.17
18.79
17.80
18.90
17.88
19.51
18.91
17.82
18.74
18.58
18.27
18.27
18.16
18.21
18.56
18.48
18.10
19.11
18.25
17.68
18.46
18.75
17.78
18.54
18.62
18.03
18.19
18.70
19.00
18.78
18.74
17.84
19.10
18.27
18.74
18.09
18.60
18.64
19.21
18.69
18.67
18.92
19.23
17.65
18.85
18.70
18.86
19.37
18.18
18.65
17.87
18.20
18.82
18.98
18.61
18.76
18.40
18.36
18.61
19.67
19.68
19.27
18.87
17.49
18.40
19.50
17.99
19.19
18.62
18.46
18.23
18.47
17.90
19.33
17.79
19.22
17.98
18.15
18.41
18.55
18.06
18.89
18.50
18.26
18.61
18.68
19.11
18.28
18.93
18.57
18.10
18.51
18.09
19.25
18.45
18.24
18.70
18.76
18.00
18.87
18.52
19.48
19.15
19.06
17.20
18.69
17.90
19.01
19.02
18.44
17.55
18.75
18.93
18.35
18.61
19.18
18.53
19.32
18.34
18.61
18.70
19.05
18.08
17.80
18.61
18.46
18.41
18.44
18.35
18.12
18.57
18.79
18.72
20.09
17.21
19.11
18.48
18.30
18.79
18.63
17.46
19.56
18.23
18.84
18.79
18.26
18.18
17.98
18.65
19.71
19.06
18.18
18.73
18.63
18.38
18.28
18.79
19.23
18.20
17.09
18.61
18.16
18.73
18.50
18.77
18.17
18.77
18.00
18.81
19.17
18.75
17.55
18.87
19.13
18.92
18.36
19.53
18.24
18.07
19.25
18.69
19.46
18.77
18.11
18.43
19.10
18.25
19.05
18.61
18.13
18.92
18.52
18.24
19.72
18.93
17.75
18.25
18.36
18.38
19.07
18.31
18.07
18.32
18.64
19.11
18.27
18.73
19.38
18.06
18.43
17.96
18.53
18.69
18.46
18.29
18.21
18.43
19.32
18.61
17.99
17.91
18.76
18.52
18.96
18.36
18.38
18.70
18.69
17.72
18.82
17.80
18.34
19.03
18.01
18.55
18.09
18.07
19.28
18.72
19.09
19.16
18.93
17.81
18.53
17.80
19.17
18.81
19.12
18.46
18.50
18.44
18.05
18.17
19.32
18.23
17.51
18.18
18.77
18.10
18.99
19.30
18.56
18.54
18.10
19.02
19.55
18.46
17.95
19.38
17.49
18.37
18.04
19.07
18.50
18.21
19.04
19.32
19.31
18.12
18.00
18.81
19.19
18.24
17.47
18.84
18.82
18.43
18.12
18.99
19.01
18.70
17.88
18.36
18.59
18.71
18.47
19.69
18.45
18.53
18.04
18.31
18.68
19.21
18.16
19.18
18.05
18.20
18.30
18.62
18.93
18.85
19.43
18.21
18.06
17.88
17.93
19.21
18.89
19.04
18.01
18.20
18.23
18.70
18.54
18.97
18.68
18.65
19.74
18.64
19.20
19.05
18.35
18.61
18.92
18.73
18.40
18.76
18.94
17.91
18.80
18.62
19.03
18.61
17.84
18.05
18.05
18.66
19.07
18.07
18.59
18.62
18.87
18.20
19.41
18.93
18.88
17.80
19.15
17.95
17.82
18.57
18.65
18.87
17.96
17.92
18.05
18.78
17.96
19.17
19.41
18.29
17.56
18.97
18.40
18.14
18.88
19.04
18.95
18.21
17.78
18.18
17.91
18.69
18.40
18.19
19.12
17.71
18.49
18.54
18.64
18.51
18.54
18.19
18.39
18.94
18.92
18.96
18.61
18.38
18.10
18.65
18.41
18.33
17.48
18.18
18.26
18.46
18.55
18.24
19.23
18.65
17.32
18.47
18.44
18.16
17.68
18.79
18.84
18.62
18.48
17.96
18.79
18.41
18.86
18.53
19.53
18.09
18.03
17.81
18.71
18.32
18.79
19.10
19.41
18.03
19.17
18.71
19.20
18.84
17.86
19.82
18.09
18.93
17.98
18.48
18.27
18.46
18.83
19.37
18.48
18.12
17.63
18.25
19.01
18.85
18.57
18.30
18.04
18.29
18.58
18.76
18.20
18.29
17.76
17.52
18.32
17.93
19.15
18.06
18.98
18.04
17.57
18.64
18.25
18.16
19.16
18.13
18.22
18.49
18.39
19.37
19.04
18.46
17.90
18.62
18.76
17.84
18.53
19.06
18.36
18.80
18.20
18.37
18.21
18.66
18.21
18.80
18.59
18.70
18.29
18.54
19.11
17.88
18.52
18.48
18.66
18.57
19.05
18.32
18.45
18.43
18.62
19.10
18.51
19.43
18.27
18.45
18.76
19.31
18.88
18.71
18.86
18.71
18.61
19.26
18.66
19.14
18.76
18.40
18.73
18.52
18.40
18.81
18.03
18.55
18.33
18.86
18.64
18.27
18.50
18.55
18.22
18.47
18.28
19.17
17.97
18.54
17.51
18.43
18.90
18.77
19.62
18.62
19.43
18.13
18.85
18.74
18.93
18.58
18.32
18.32
18.91
18.50
18.43
19.21
19.09
18.75
19.11
18.37
18.63
18.12
17.97
19.11
18.46
18.64
18.33
18.76
18.25
18.39
19.65
19.30
18.64
18.51
18.03
19.07
18.57
18.80
19.00
18.79
18.97
17.84
18.11
18.88
17.98
18.47
18.45
18.62
19.42
19.28
18.32
18.65
18.89
18.62
18.45
18.41
19.30
18.48
18.97
18.85
18.55
18.71
18.73
18.21
18.65
18.00
17.87
18.84
18.38
18.96
18.30
18.46
19.15
17.89
18.56
18.70
17.98
18.86
18.61
18.61
18.97
18.46
18.33
18.00
18.20
19.61
19.17
18.66
18.75
17.97
18.65
18.75
18.27
18.29
18.12
19.11
18.23
19.18
19.14
18.48
18.46
18.72
18.39
17.64
18.83
18.77
18.59
18.68
17.95
18.69
18.20
19.20
18.87
19.06
18.23
18.30
19.09
17.84
18.84
18.50
19.39
17.31
18.24
18.99
18.74
17.99
19.23
18.55
19.07
18.36
18.75
18.13
19.20
18.69
18.15
18.03
19.00
18.76
19.29
18.52
19.43
18.40
18.17
18.54
18.41
18.82
18.28
18.11
18.57
18.80
18.40
18.56
18.50
18.78
17.54
17.94
18.97
18.39
19.39
18.74
18.01
18.05
17.75
19.05
18.72
18.38
18.35
18.17
18.33
17.97
19.06
19.02
18.88
17.94
17.18
18.27
19.04
18.36
18.77
19.86
18.66
17.77
18.12
18.30
18.61
18.50
18.68
19.03
19.12
18.54
18.37
18.43
18.62
18.30
18.81
18.09
19.42
18.89
19.13
18.01
18.70
18.54
18.24
18.81
18.79
18.10
18.00
19.13
18.34
18.70
17.98
18.94
18.50
17.89
18.59
18.58
18.39
18.47
18.30
19.04
18.38
18.92
19.80
17.59
18.89
17.59
18.01
17.89
19.47
18.74
17.81
17.81
18.09
18.67
18.80
19.00
18.18
18.47
17.89
18.29
18.34
19.03
18.88
18.38
18.45
18.32
18.58
18.59
18.61
18.41
18.04
18.29
17.95
18.24
18.36
18.52
18.89
19.40
18.70
18.11
19.07
18.70
18.24
18.93
18.00
18.02
19.04
18.66
17.99
17.96
18.13
18.42
18.92
18.51
18.13
18.35
19.03
18.66
17.98
19.38
19.16
18.55
17.94
18.69
17.84
18.88
18.46
19.04
17.89
18.36
17.88
17.77
19.29
19.12
18.84
17.89
18.13
18.36
18.68
18.89
18.52
18.57
18.37
18.76
18.53
19.04
18.22
18.07
18.79
18.30
17.72
18.75
18.97
18.52
18.17
18.46
18.76
18.74
18.16
19.09
18.33
19.04
16.81
18.70
19.10
18.82
19.16
18.79
19.57
18.70
17.29
18.34
19.40
18.86
17.59
19.18
18.79
19.45
18.44
18.57
18.32
18.58
18.57
18.84
18.55
18.59
17.96
19.25
18.29
18.41
19.32
18.61
18.98
17.50
18.08
18.76
18.59
18.25
18.48
18.40
18.57
18.21
18.75
18.16
18.77
18.84
18.63
18.49
18.32
18.32
18.62
19.66
18.00
18.58
17.94
18.63
18.82
18.34
19.44
17.98
19.03
17.69
17.76
18.72
19.00
19.12
18.08
18.73
18.71
18.15
18.87
19.47
18.50
18.47
18.30
18.61
18.62
18.88
19.43
18.46
19.20
18.23
18.39
18.89
18.54
18.89
18.16
18.55
18.89
18.52
18.60
19.52
18.87
18.49
18.82
18.66
19.16
19.12
18.98
18.18
19.07
18.29
18.27
18.40
19.42
17.96
18.54
18.89
18.41
17.99
18.57
19.59
18.46
18.64
18.57
18.94
18.41
18.84
17.56
18.68
18.12
18.09
18.55
18.86
19.22
17.65
18.81
18.20
18.82
18.53
17.75
18.65
18.66
19.25
17.70
18.43
17.88
19.13
18.48
18.01
18.83
18.62
17.77
18.80
18.44
18.24
18.16
19.29
18.57
18.39
19.25
18.52
17.65
18.05
18.77
18.79
19.46
18.60
17.87
18.34
19.08
18.51
18.14
18.55
18.93
18.64
17.51
18.99
19.97
18.45
19.79
18.31
18.40
18.66
18.30
18.94
18.21
19.12
18.04
17.76
17.91
18.31
17.92
19.39
18.67
18.93
18.79
17.93
19.16
19.16
18.22
18.65
18.97
18.53
18.86
18.26
19.43
18.02
17.93
18.05
18.25
19.18
18.71
19.11
18.32
17.75
18.30
17.92
18.52
18.97
19.11
18.41
18.39
18.34
18.55
18.83
18.92
18.30
17.54
18.52
18.34
18.54
19.43
19.11
18.30
17.94
19.06
18.42
19.38
19.20
17.43
18.26
18.85
16.94
19.02
19.14
18.86
18.56
18.32
18.24
18.61
19.26
18.57
18.99
18.72
18.79
18.41
18.77
18.18
19.30
18.26
19.01
18.78
18.23
18.30
19.18
18.81
18.27
19.20
19.08
18.29
18.03
18.22
18.65
18.48
18.27
18.80
18.01
19.25
17.95
18.26
18.77
18.33
18.55
17.05
18.71
18.16
17.34
18.00
18.80
18.75
17.87
19.56
18.13
18.67
18.18
17.86
19.00
18.46
18.16
18.14
17.99
18.53
18.83
18.79
18.39
18.81
18.07
18.59
18.39
18.55
19.07
18.88
18.67
18.68
18.31
18.90
18.51
19.93
17.81
18.33
18.33
18.58
19.27
18.56
19.11
18.37
19.29
18.38
17.73
18.38
19.18
18.00
18.49
19.12
19.23
18.55
19.12
19.58
17.66
18.76
18.14
18.75
17.98
18.33
19.63
18.85
17.84
18.80
18.61
18.71
18.91
18.54
18.83
17.67
18.28
18.69
18.75
19.64
17.49
18.59
18.03
18.10
17.97
19.22
18.73
18.38
18.33
17.71
18.21
17.94
19.39
18.64
17.76
18.45
18.16
18.36
18.87
19.43
18.21
17.73
17.93
18.87
18.50
17.73
19.32
18.59
18.38
17.93
17.93
19.20
18.01
18.43
18.17
18.17
18.36
18.31
18.83
19.09
18.16
19.11
17.95
18.54
18.32
18.46
19.42
18.63
18.00
18.37
18.54
18.68
18.15
18.27
18.35
18.95
18.71
18.90
18.37
18.95
17.74
18.59
17.94
18.69
18.51
18.90
17.89
18.44
18.54
17.98
18.89
18.78
18.64
18.34
18.50
18.58
18.03
19.70
19.20
19.09
17.92
17.86
19.31
18.76
18.27
18.91
18.29
17.43
17.97
18.19
17.92
19.21
19.49
18.18
18.22
18.11
19.03
18.30
19.12
19.21
18.19
18.32
18.14
18.60
18.68
18.55
19.29
18.48
18.80
17.69
17.62
19.20
18.07
18.96
18.52
18.38
17.82
18.03
18.75
18.10
18.24
17.72
19.28
17.88
18.81
19.26
19.30
19.71
18.14
18.32
18.28
18.55
18.30
18.91
18.44
18.50
18.45
18.76
19.13
18.32
18.51
18.58
18.21
19.23
18.15
18.35
19.19
18.51
18.95
18.18
18.21
19.52
17.83
18.86
18.31
18.47
18.63
18.87
18.51
18.66
18.65
18.32
18.72
18.79
18.44
18.41
18.82
19.17
18.06
19.09
19.13
18.56
18.67
18.45
18.51
18.78
19.17
18.29
18.72
19.09
17.30
18.40
19.00
18.59
19.17
18.21
19.01
18.52
18.32
19.02
19.26
18.98
18.41
18.55
18.10
18.70
18.05
18.70
18.93
19.29
17.55
17.48
19.05
18.45
18.41
18.23
18.26
18.24
18.43
19.04
18.77
17.91
18.84
17.31
18.79
19.48
19.31
18.09
18.36
18.96
18.00
17.97
18.36
19.09
18.43
17.08
18.81
18.58
18.11
18.86
19.06
19.09
18.73
18.79
17.86
18.86
19.12
20.00
18.47
19.09
18.90
17.42
18.54
18.81
19.00
18.86
17.62
18.90
18.73
19.02
19.39
18.47
18.67
18.51
19.03
19.09
17.80
19.20
17.96
19.61
17.29
19.13
18.89
18.82
18.87
18.07
18.45
17.91
19.05
19.00
18.67
19.35
17.71
18.55
17.86
18.80
18.44
18.52
18.58
18.41
18.14
19.21
18.79
18.62
19.21
17.79
18.23
19.52
18.59
18.15
19.36
18.45
18.70
17.95
18.28
19.12
18.50
19.02
18.61
17.80
17.60
18.12
18.56
18.92
18.60
18.86
18.84
17.66
18.40
18.73
19.15
18.78
18.40
18.64
18.05
19.44
17.91
18.93
18.22
19.30
18.05
18.33
18.85
18.97
19.62
17.58
17.70
18.41
18.75
18.67
18.59
19.01
18.50
17.76
18.24
18.73
18.37
19.41
18.31
18.94
17.89
18.94
18.16
18.93
18.79
18.86
18.52
18.33
18.24
18.11
18.22
18.28
18.55
18.28
18.87
19.25
18.05
18.66
18.02
18.61
18.54
18.77
18.34
17.89
18.36
18.37
18.95
18.70
17.88
18.75
18.04
18.47
18.26
19.00
19.40
18.75
18.34
17.99
17.92
19.50
17.53
18.53
19.75
18.32
18.32
16.89
18.27
18.70
18.61
19.71
18.98
17.86
18.36
18.68
19.08
18.69
19.33
18.53
17.63
18.68
18.19
18.54
18.27
19.64
19.35
17.93
18.22
18.53
18.28
19.02
19.37
17.57
18.69
18.57
18.59
18.83
18.56
19.84
18.20
18.92
18.34
17.54
18.86
19.34
18.78
18.61
18.89
17.96
18.28
18.78
19.11
18.18
19.06
18.88
17.46
18.41
18.95
19.55
18.39
18.64
18.27
18.26
18.00
19.80
19.28
18.38
18.15
19.01
18.49
18.40
18.80
18.33
18.70
18.30
18.72
19.08
19.06
18.56
18.68
18.87
18.71
18.03
18.97
19.32
18.70
18.03
18.34
18.32
18.95
19.08
19.57
18.20
18.37
18.68
18.62
18.79
18.20
18.09
18.62
18.42
19.23
18.08
18.98
19.31
18.81
18.70
18.66
18.54
17.52
18.35
18.55
18.86
17.87
18.04
18.86
17.96
18.32
18.66
18.41
18.57
18.32
18.95
18.00
18.78
18.39
18.54
18.66
18.68
17.73
19.06
18.53
18.95
18.21
17.67
18.43
18.59
18.17
18.23
19.77
18.92
18.12
18.31
19.30
18.08
18.54
18.56
19.45
18.00
17.93
18.29
18.46
18.66
18.56
19.05
18.51
18.30
19.09
17.86
18.90
19.00
18.72
18.23
18.75
19.05
18.03
19.04
19.24
18.01
19.11
18.92
17.77
18.58
18.33
18.48
18.65
19.20
17.85
18.86
18.24
18.60
18.45
19.07
19.00
17.86
18.22
18.02
18.88
18.62
18.98
18.89
18.12
18.51
18.55
17.79
19.23
19.16
18.88
17.16
18.12
19.25
18.44
18.86
19.45
18.38
18.75
18.34
18.31
18.20
18.54
18.49
18.78
18.61
18.60
17.93
18.27
18.95
18.12
18.27
18.14
18.27
17.80
18.19
18.34
18.52
17.36
18.21
19.27
18.25
18.21
17.86
18.19
19.67
18.80
18.09
18.14
19.16
18.05
17.54
19.22
19.14
18.68
18.17
18.65
18.66
18.44
18.18
18.49
18.92
18.30
18.96
18.29
17.94
18.56
17.66
18.27
18.86
17.70
17.88
18.11
18.70
18.75
18.28
18.58
18.13
17.97
18.59
18.62
18.55
18.62
19.02
17.00
18.75
18.17
18.96
18.29
18.00
19.36
17.65
18.58
18.90
19.22
18.19
18.97
18.99
16.47
18.29
18.75
19.02
18.82
18.00
18.65
18.10
17.59
18.25
18.92
18.84
18.37
18.39
18.82
18.34
18.85
17.14
19.65
18.76
18.15
18.82
17.60
19.48
18.30
18.98
18.27
18.36
18.91
18.04
18.75
18.98
18.40
16.98
18.88
18.60
18.05
18.21
18.87
18.45
17.77
19.05
19.64
18.62
17.76
18.55
18.68
18.66
18.15
19.19
18.21
18.70
18.43
18.79
19.00
18.81
19.25
18.56
18.75
18.83
18.68
18.45
18.16
18.88
18.50
18.60
18.23
18.93
18.66
16.73
19.00
18.39
17.61
18.43
18.37
18.77
17.68
18.82
18.56
18.20
19.15
18.38
18.31
18.63
18.38
18.71
18.49
18.46
18.38
19.34
18.67
18.73
18.38
17.63
19.02
18.72
19.23
18.68
18.84
18.90
17.88
18.11
18.65
19.12
18.63
18.76
18.52
18.52
18.88
18.66
18.95
18.89
18.50
17.74
18.40
18.60
18.28
18.96
18.14
18.49
18.49
18.19
18.51
19.12
18.21
18.39
18.48
18.73
18.39
18.62
19.38
18.58
18.12
18.61
18.77
18.05
18.12
19.11
17.99
18.43
17.92
18.64
18.92
17.68
18.80
18.47
18.62
18.15
18.23
18.70
18.69
18.18
18.27
18.37
18.56
18.55
17.95
18.84
19.35
18.80
18.60
18.55
18.72
19.22
19.31
18.91
18.18
18.35
18.64
18.98
18.38
19.12
17.66
17.90
17.97
18.50
18.96
17.37
18.98
18.15
18.29
18.33
18.67
18.64
18.41
18.84
18.44
19.40
17.87
18.75
18.98
19.03
18.34
18.13
18.71
18.54
18.75
18.62
18.66
18.29
18.48
18.02
18.86
18.45
18.91
17.80
18.46
18.59
18.29
18.16
18.46
19.54
17.45
18.54
18.41
18.12
17.86
17.68
19.37
17.84
18.47
18.02
18.47
18.63
18.56
18.88
18.21
18.48
18.38
18.52
18.32
18.29
18.05
18.31
18.79
18.84
18.03
18.81
19.29
18.11
19.05
18.85
18.81
18.98
19.25
18.67
18.71
18.74
18.63
18.46
18.26
19.08
18.04
18.31
18.95
19.04
18.43
18.18
18.91
18.53
18.09
18.39
18.74
18.51
18.98
18.67
19.10
18.54
18.81
18.07
18.71
19.16
17.72
18.36
18.29
19.23
17.82
18.66
19.11
17.96
17.96
18.03
18.76
18.37
18.34
19.23
18.92
18.91
17.96
18.45
18.29
18.66
18.68
17.91
18.89
18.36
18.63
18.45
18.63
19.09
17.52
18.41
18.62
18.74
18.21
18.09
18.31
18.54
18.64
18.84
18.35
19.00
18.83
18.20
18.39
18.61
18.16
17.68
19.28
18.93
18.66
18.25
19.02
18.98
18.68
19.08
18.78
18.39
18.32
19.23
19.24
18.93
19.14
18.43
18.54
18.69
18.85
19.38
17.98
18.49
17.61
18.22
18.32
19.02
19.08
18.54
18.39
18.29
18.41
18.53
18.55
18.67
18.81
17.96
18.94
18.55
18.75
19.64
18.06
18.78
18.11
17.99
18.80
18.95
19.10
18.58
19.19
18.41
19.01
18.44
18.47
19.12
18.10
18.05
18.35
17.97
17.95
19.10
19.00
18.15
18.76
18.32
18.61
18.24
19.44
18.87
18.16
18.20
18.45
17.62
18.76
19.17
19.02
18.46
18.45
18.28
18.51
18.87
18.50
18.31
18.17
17.85
18.01
18.34
18.91
18.86
18.62
18.54
17.96
18.76
18.54
18.21
18.89
18.59
17.89
18.63
17.64
18.42
18.16
18.90
18.82
18.32
17.99
18.45
18.50
17.79
19.29
18.89
18.14
18.32
18.14
18.34
17.98
19.18
18.15
18.17
18.25
17.52
18.80
18.06
