11.45
218.52
271.30
271.09
269.38
268.71
271.08
272.86
271.89
272.47
272.57
272.27
272.31
272.78
270.17
271.15
273.47
273.79
273.39
274.12
273.28
273.09
273.12
272.59
273.68
272.73
272.92
272.71
273.80
273.77
273.55
274.01
272.66
273.68
273.18
273.49
274.08
273.91
273.87
273.83
272.59
272.77
273.73
273.62
272.76
273.68
272.61
272.59
273.20
272.57
272.46
273.66
273.55
273.98
274.05
274.04
274.02
273.93
273.81
273.08
273.68
273.89
272.86
273.91
273.55
274.06
274.15
273.09
273.48
273.39
273.72
273.71
273.97
273.48
273.30
274.13
272.41
272.36
272.97
273.39
272.62
272.45
273.99
272.56
272.65
272.65
273.06
273.95
273.99
273.96
273.97
273.99
274.00
273.97
272.42
272.26
273.48
273.53
272.58
273.88
273.64
274.07
272.70
272.61
273.35
273.12
273.27
272.45
272.99
273.18
273.86
272.94
272.83
273.30
273.56
270.58
273.59
273.48
274.00
273.34
273.93
273.19
273.47
273.59
273.44
273.26
273.00
273.03
273.28
273.16
273.90
273.83
272.54
273.78
274.01
273.77
272.63
273.26
272.32
272.91
272.15
272.79
272.31
273.01
272.51
273.02
273.93
273.60
272.67
272.68
274.07
272.62
273.32
273.17
273.53
273.61
272.91
273.02
272.70
273.38
272.71
272.54
273.42
273.76
272.95
273.59
273.32
273.43
274.00
273.81
274.18
272.61
274.16
274.03
274.08
274.05
273.75
273.83
272.47
273.88
273.79
273.58
272.88
273.96
273.54
274.05
273.49
273.63
274.06
273.90
273.02
273.48
274.11
274.00
273.61
274.05
274.20
273.62
272.64
273.70
272.76
272.98
272.74
273.66
273.88
274.09
272.89
272.50
273.34
274.22
273.02
273.38
273.73
272.90
274.12
273.36
272.80
273.11
273.94
272.50
272.90
272.82
272.79
273.81
273.02
274.18
273.95
273.69
273.44
273.39
272.88
272.87
272.73
272.50
272.63
273.39
272.74
273.03
272.98
272.88
272.83
273.02
273.14
272.36
272.98
272.61
274.07
274.12
274.00
273.80
273.34
274.00
272.53
270.25
274.51
273.32
273.10
273.51
273.38
272.86
273.19
273.54
273.80
273.89
274.11
273.10
272.82
273.13
273.68
273.83
272.45
273.50
274.08
273.84
272.46
272.35
274.09
272.99
272.47
273.54
272.41
272.43
272.82
272.89
273.56
273.36
273.06
273.59
273.57
271.86
274.25
274.02
274.03
273.41
274.00
274.13
273.80
273.05
272.41
274.14
272.84
272.85
274.35
273.24
272.85
273.41
273.68
274.22
272.36
274.20
273.49
272.93
273.01
272.77
273.49
272.68
272.86
272.64
273.10
274.01
272.80
272.97
272.57
272.52
274.62
272.93
272.65
272.93
272.59
273.55
273.60
273.92
273.00
273.78
273.02
272.69
273.87
273.23
272.95
273.65
272.50
272.63
272.45
273.23
273.60
274.12
273.93
274.15
273.78
274.26
274.18
273.46
273.55
273.41
273.61
274.05
273.49
272.72
273.17
272.44
272.50
273.91
273.20
272.89
273.60
273.29
273.18
273.61
272.95
273.76
273.50
274.00
274.21
272.84
272.52
272.99
274.09
274.11
274.12
274.08
274.07
274.11
274.00
274.24
274.20
273.35
272.45
272.90
272.76
273.62
273.68
272.84
272.63
273.08
274.42
273.23
273.45
273.20
272.53
273.70
272.62
272.46
272.46
272.54
274.00
272.80
272.44
273.77
273.74
273.62
273.44
273.73
273.88
274.18
274.23
272.98
272.98
273.18
272.86
273.34
273.22
273.88
273.41
273.63
274.11
273.87
273.79
273.47
272.59
272.80
272.49
272.38
272.93
272.97
272.46
272.55
272.97
272.55
272.60
272.43
274.11
272.85
272.72
274.03
273.79
273.88
273.88
274.09
274.10
273.04
273.87
272.69
273.36
274.09
272.68
272.60
272.75
273.53
272.49
273.09
273.71
273.44
274.10
272.87
273.11
273.63
272.55
272.31
272.33
273.08
272.65
272.91
272.71
272.50
273.21
272.87
272.65
272.93
272.37
272.24
272.60
272.96
272.85
273.02
273.80
273.25
273.18
273.51
273.36
272.60
272.46
273.77
273.36
274.02
273.45
273.48
273.75
274.16
273.98
274.39
272.80
273.44
272.60
272.98
273.48
273.57
273.65
274.14
274.04
274.07
274.28
273.39
272.60
274.23
273.17
272.79
272.57
273.21
272.70
273.25
272.70
272.43
272.57
273.20
273.45
273.70
273.05
273.69
274.12
274.29
273.23
274.10
271.29
272.74
272.77
273.25
272.82
272.98
272.67
273.37
273.52
272.99
272.86
273.95
273.93
273.31
273.96
273.68
272.69
274.11
274.04
273.56
274.14
273.38
272.39
272.30
272.69
273.55
273.71
273.95
273.96
273.70
273.87
273.54
273.93
274.00
273.19
272.88
274.20
273.41
272.58
273.63
272.93
273.32
272.42
272.98
273.51
273.36
272.78
273.11
272.85
272.90
274.03
273.59
272.87
274.14
274.02
272.59
272.30
273.36
273.22
274.27
273.20
272.97
272.62
272.98
272.73
272.93
272.46
272.44
272.75
274.02
272.79
273.11
273.93
273.59
273.99
274.06
273.21
272.62
272.33
273.52
274.18
272.80
273.18
273.03
272.59
272.36
273.74
273.97
272.39
272.66
273.43
272.87
273.52
272.33
273.14
272.71
274.29
273.31
272.47
272.49
272.40
273.23
272.48
273.24
272.58
273.62
272.45
273.86
272.62
272.52
272.51
273.66
273.20
272.66
273.68
273.31
272.50
273.89
274.10
272.43
272.73
272.29
272.79
272.61
272.54
273.11
272.65
274.06
274.10
274.14
272.56
272.52
274.47
272.39
272.56
272.75
272.71
272.79
272.56
272.70
272.96
272.99
272.65
272.80
272.83
273.52
273.18
272.87
272.32
273.64
273.03
274.12
272.45
273.72
274.06
273.93
274.15
273.73
274.20
274.07
273.96
274.04
272.86
273.11
272.84
274.12
274.14
273.65
273.61
273.81
273.11
273.73
272.38
272.90
273.40
274.20
273.71
274.13
273.50
272.73
272.38
272.32
272.87
272.62
272.39
272.86
272.40
273.56
272.31
272.88
272.60
273.15
272.46
272.33
272.52
272.75
273.63
273.51
272.31
272.29
272.43
274.21
272.82
273.88
274.08
274.05
274.05
273.82
274.16
273.31
273.99
273.67
273.27
273.82
272.56
272.89
272.68
273.37
272.93
272.78
273.13
273.78
272.87
272.78
274.21
273.80
272.64
273.72
273.35
273.28
272.38
272.98
273.57
273.89
274.12
274.10
272.95
273.57
272.48
274.32
272.70
272.34
274.16
273.25
273.24
274.16
273.35
273.42
272.32
272.88
272.43
272.49
273.54
272.39
273.82
273.92
274.12
274.03
272.69
273.64
273.73
272.38
273.61
273.51
273.15
272.88
274.13
273.17
273.77
273.68
273.68
272.93
273.50
272.67
272.48
273.17
272.44
273.46
272.34
273.44
273.61
273.79
273.30
273.55
274.08
270.93
272.70
273.19
272.56
273.32
274.20
273.17
273.14
273.79
272.37
273.23
274.05
274.00
272.95
272.63
272.91
274.30
273.20
273.83
273.99
274.20
273.73
274.17
273.45
273.78
272.59
272.75
272.95
274.36
273.72
272.43
273.79
273.78
273.40
273.24
272.37
272.58
273.83
273.58
273.29
273.47
273.04
273.29
272.80
272.47
273.64
