12.28
272.11
334.53
336.84
336.60
336.96
336.89
334.44
334.56
337.00
337.23
337.20
336.84
334.48
336.88
336.84
336.90
337.09
336.96
337.11
336.90
337.16
336.81
337.27
337.34
337.05
336.55
334.34
334.05
332.44
336.38
330.39
333.90
336.88
336.88
334.39
336.89
337.01
333.16
334.25
334.00
333.72
333.53
335.19
337.09
336.95
336.39
336.05
336.81
335.16
334.59
336.45
337.24
337.10
336.75
336.92
334.72
333.71
333.47
333.60
336.95
333.51
333.83
333.20
333.62
335.48
333.77
333.53
333.61
333.22
335.55
334.12
333.83
333.64
333.38
337.34
336.94
335.85
335.03
330.42
337.27
337.22
335.35
334.04
331.61
336.80
336.29
337.12
337.15
337.43
337.67
337.05
336.95
337.38
337.16
337.23
337.41
337.21
334.11
337.16
336.45
336.95
336.55
337.39
337.54
336.97
337.32
337.40
336.96
337.44
337.14
336.77
333.86
334.45
333.38
333.39
335.65
334.47
333.72
333.70
337.33
337.13
336.81
333.68
333.12
337.40
336.93
336.93
336.77
334.36
335.59
335.62
336.36
337.05
336.82
337.02
336.64
336.82
334.84
331.32
337.14
337.11
336.83
334.81
335.55
337.35
335.17
330.39
335.71
336.73
335.02
333.16
331.97
334.65
336.27
336.88
334.75
333.66
332.79
336.94
337.45
335.51
336.91
337.09
334.40
333.94
333.59
333.54
333.59
333.63
333.57
333.82
333.75
333.66
333.49
333.86
334.17
333.86
333.81
333.11
336.20
337.00
336.74
337.27
337.14
337.30
337.05
335.25
333.54
336.88
337.39
336.81
337.02
337.11
336.98
337.12
337.10
337.29
336.77
336.99
336.90
336.99
337.12
336.84
335.41
336.57
334.51
336.55
336.44
336.64
336.84
336.52
336.76
337.03
336.91
336.97
336.88
337.14
336.91
337.14
337.09
336.98
336.71
337.03
334.48
335.68
335.78
337.14
336.95
337.12
336.11
337.09
336.78
337.32
336.60
337.20
337.04
336.96
335.93
330.14
334.28
336.86
336.75
336.72
333.71
337.16
333.93
333.38
333.89
333.34
335.08
333.92
333.79
333.57
333.71
336.96
334.61
334.50
333.66
333.46
336.84
337.22
336.69
336.89
336.84
337.48
336.85
336.79
336.94
334.27
337.16
336.68
335.73
334.44
335.53
337.24
336.86
336.97
337.05
336.70
336.93
332.71
333.00
331.28
333.34
337.46
332.72
333.57
334.12
336.58
337.02
337.05
333.99
333.24
333.13
334.99
334.17
334.07
334.56
333.32
336.77
334.36
333.58
332.83
332.96
336.09
333.31
333.45
333.49
333.21
334.92
333.11
336.32
337.14
334.51
336.92
336.11
333.75
336.62
336.68
336.88
336.90
334.34
333.59
333.29
333.30
333.28
336.53
333.32
333.73
334.14
333.75
332.30
333.42
333.59
333.30
333.31
333.66
333.40
333.29
337.18
335.28
332.93
333.05
335.96
333.25
334.08
331.60
337.03
336.84
337.43
337.03
336.83
337.04
336.35
336.08
335.85
336.71
336.66
337.00
336.82
336.83
336.68
336.79
336.92
336.70
336.54
335.39
336.88
336.97
336.70
336.92
335.89
334.44
334.30
337.29
336.66
337.02
336.73
336.79
336.97
334.32
333.70
336.92
336.66
337.02
336.62
335.12
336.55
337.20
337.17
336.82
337.13
335.12
336.24
335.97
336.41
337.02
336.91
336.98
337.18
336.96
336.98
336.73
336.71
336.79
337.04
336.68
336.89
336.81
336.94
337.05
336.79
337.12
336.81
337.09
336.32
336.82
336.96
336.68
336.96
337.10
337.13
337.01
337.02
336.95
336.89
336.62
335.44
334.22
336.90
337.10
337.05
337.03
337.12
336.97
337.11
334.38
335.04
337.02
336.71
336.92
336.98
336.94
336.53
336.91
336.99
336.85
336.72
336.64
335.48
335.85
336.91
334.59
336.75
336.82
335.55
336.87
337.05
336.90
336.95
336.66
336.62
336.57
336.74
336.84
336.77
336.87
336.97
336.93
336.95
337.00
336.80
336.74
333.03
333.98
334.09
334.60
333.08
334.70
336.97
334.22
333.28
333.42
334.20
334.49
332.98
333.50
334.34
336.89
337.07
336.75
332.79
330.60
330.53
336.22
336.30
335.68
334.19
335.78
336.40
335.00
333.84
336.70
334.59
336.46
336.46
337.12
336.80
335.80
337.08
336.56
333.61
333.07
333.43
335.15
337.11
336.98
336.52
336.68
337.62
336.58
336.99
336.75
336.84
336.95
336.98
336.94
336.89
336.75
336.93
336.84
336.78
336.60
336.62
336.97
336.70
336.57
335.89
330.00
335.59
336.82
337.00
336.41
336.77
336.83
336.77
332.54
336.61
336.51
336.92
335.86
336.65
336.71
336.82
337.02
336.75
336.69
335.04
330.95
333.08
332.57
334.80
334.07
336.68
336.77
335.03
333.76
334.14
333.27
334.27
337.24
336.55
333.98
333.18
336.93
337.10
336.84
334.94
337.14
336.93
336.64
337.05
336.59
337.16
337.24
335.95
336.90
336.88
336.87
336.79
336.93
336.67
337.01
336.91
337.03
336.90
337.00
336.94
336.07
335.05
336.64
334.61
335.83
336.89
336.96
336.81
337.18
336.91
335.64
335.89
336.79
336.38
337.09
336.78
336.94
337.11
336.82
336.79
336.02
334.26
337.06
336.82
337.14
336.45
337.04
336.88
336.55
335.28
334.16
336.66
337.64
336.83
336.55
336.34
336.69
336.50
337.03
336.85
336.90
336.56
337.50
336.82
337.18
335.80
333.30
337.10
336.16
336.39
336.82
336.87
331.61
336.94
337.15
336.84
335.93
337.38
337.17
337.04
337.33
337.02
337.05
336.97
337.06
337.25
337.16
336.96
336.71
336.90
337.09
337.29
337.00
336.68
336.92
336.90
337.07
337.09
337.14
336.93
336.55
336.58
337.58
337.37
336.92
336.38
337.20
337.40
337.16
337.02
337.28
337.23
337.17
336.85
337.27
336.51
334.26
337.04
337.32
337.15
337.10
336.18
337.04
