12.32
116.20
147.67
148.17
146.63
147.29
148.57
146.88
148.13
148.56
147.93
146.82
147.34
147.57
147.16
147.43
148.50
146.88
148.18
148.66
147.73
148.29
147.60
147.45
148.72
147.61
147.77
148.07
147.00
149.14
148.95
146.44
148.27
146.34
148.13
148.06
147.46
147.77
148.33
148.73
147.72
148.77
147.63
147.20
147.09
147.92
145.92
147.51
147.75
147.25
149.01
147.57
147.87
147.64
147.90
146.80
147.06
146.33
146.74
146.85
147.48
146.62
146.91
148.31
147.76
148.80
147.90
146.81
147.52
149.01
147.62
147.41
147.53
146.87
147.12
145.73
147.71
147.98
147.93
147.99
148.57
146.64
147.70
147.83
147.59
147.25
147.73
147.74
147.64
148.15
147.23
148.64
146.84
147.79
148.91
147.63
147.09
148.16
147.69
147.98
145.89
147.36
147.30
146.16
147.84
149.47
147.63
148.12
147.91
147.96
147.93
148.41
148.59
148.11
146.14
148.03
147.72
147.36
148.39
148.44
148.68
148.47
147.95
147.49
148.03
148.33
147.54
146.47
148.53
146.58
147.65
149.07
147.14
147.98
147.90
147.12
147.92
147.55
147.19
148.57
147.80
148.70
147.76
148.47
147.82
147.73
148.29
147.13
147.99
147.72
148.17
148.73
148.81
147.63
148.46
148.60
149.08
148.37
148.77
147.82
148.24
147.61
146.61
147.67
147.29
146.74
148.07
148.04
146.90
148.22
147.62
148.36
147.93
146.84
148.00
148.56
147.09
147.36
147.27
147.09
147.74
147.59
148.65
147.39
147.76
148.54
147.55
148.29
147.80
148.14
147.21
147.06
148.92
147.07
147.30
148.21
147.25
148.80
147.27
147.50
147.83
149.35
147.61
147.73
147.67
147.13
147.42
147.86
147.84
148.17
148.50
148.85
148.47
146.99
147.63
148.00
147.58
148.29
148.94
149.04
147.27
146.59
149.06
148.65
145.54
146.89
145.91
147.89
147.57
148.29
147.37
148.50
148.32
149.11
147.63
147.90
147.55
147.55
147.31
148.67
148.51
148.19
147.25
148.43
148.17
147.87
148.02
147.59
146.80
148.53
147.30
148.65
147.02
147.85
148.36
146.39
147.45
146.85
148.32
148.68
147.76
147.78
147.42
146.89
147.86
147.18
146.04
146.96
146.54
148.08
147.55
147.24
147.04
148.17
148.25
148.26
147.99
148.35
148.09
146.91
147.72
147.34
147.94
148.30
145.53
147.06
148.20
148.60
146.45
148.37
147.43
148.72
147.69
147.83
147.63
147.66
147.13
148.82
148.84
147.85
147.15
149.00
147.71
147.23
148.23
147.75
147.26
147.91
147.68
148.53
147.67
147.33
147.41
146.98
148.31
147.89
148.46
147.34
148.18
147.28
147.33
147.27
146.01
148.32
147.56
147.59
148.19
148.14
147.00
147.92
147.78
149.33
147.90
147.17
148.89
148.09
146.65
148.73
148.17
146.93
148.55
147.82
147.64
147.21
147.93
147.50
148.85
146.41
147.39
147.27
147.77
147.95
148.18
146.52
146.87
148.10
147.95
148.55
146.21
148.16
148.53
148.29
147.88
147.95
147.65
146.25
147.80
146.67
147.68
147.61
148.44
146.81
148.12
147.19
147.57
148.15
149.71
148.02
149.09
147.50
148.21
148.12
147.36
146.77
148.71
147.65
148.31
145.98
147.30
147.70
147.73
146.99
147.73
148.24
148.74
147.13
147.12
148.02
148.38
147.87
146.31
146.84
146.33
146.62
147.13
148.38
148.50
148.48
146.74
148.08
147.96
147.90
147.75
146.87
147.14
147.96
147.75
148.46
147.76
146.97
148.65
147.40
146.42
147.33
148.29
148.98
146.21
147.66
147.70
148.61
147.35
146.54
146.84
148.11
148.38
148.47
148.07
147.55
147.76
148.43
148.24
147.35
148.19
147.07
147.62
148.25
148.95
148.07
147.91
145.98
148.63
146.78
148.89
146.07
145.34
147.82
147.79
148.09
146.76
147.21
146.18
145.94
148.52
148.15
144.97
148.27
148.39
147.92
148.28
146.00
146.94
147.31
147.58
148.79
148.10
149.24
147.74
147.26
147.70
147.91
147.18
147.76
149.28
148.53
147.56
147.43
148.30
148.43
147.14
148.12
146.61
147.96
147.26
148.32
147.63
148.79
146.64
148.59
149.24
146.75
148.35
146.89
148.09
147.38
147.91
146.61
148.51
148.17
147.39
147.20
147.26
148.11
147.50
146.62
148.65
146.56
148.01
146.23
147.52
148.52
147.59
147.58
147.36
148.13
148.43
148.60
146.80
147.38
147.61
148.51
147.45
147.96
147.44
146.86
147.88
148.22
147.34
147.43
146.74
147.72
148.63
148.39
146.32
147.99
148.37
147.10
146.75
147.86
147.24
147.59
147.41
148.66
147.04
147.47
147.27
148.41
147.04
146.77
147.03
147.60
147.67
147.85
148.34
147.65
147.68
147.60
147.57
147.05
146.79
148.73
148.30
147.14
146.81
147.52
148.00
147.59
145.82
147.09
145.89
147.95
148.17
147.21
147.33
145.97
147.38
147.66
146.95
147.25
148.07
147.23
148.01
147.35
147.22
146.82
147.34
148.02
146.70
146.84
146.75
148.73
146.21
147.03
148.75
147.51
147.54
147.66
148.68
147.62
148.39
148.30
147.79
146.97
147.56
148.73
147.30
147.34
147.79
146.77
147.79
148.12
148.66
147.10
147.64
148.20
147.81
147.86
148.25
147.47
147.80
148.07
147.66
148.60
147.11
146.27
147.57
146.61
148.41
146.98
148.83
147.75
147.37
147.09
147.57
148.23
147.93
147.49
146.63
148.02
147.42
147.93
148.14
146.89
146.84
148.20
147.67
146.95
147.59
146.29
147.54
146.96
148.05
148.03
146.96
148.69
148.93
146.18
148.50
147.43
148.32
149.26
148.15
148.28
148.62
148.01
148.63
148.76
147.81
147.53
148.04
147.71
147.30
147.29
148.30
147.30
148.48
146.02
147.86
148.28
147.14
148.05
147.63
147.71
147.83
146.85
147.81
147.55
146.15
147.94
147.14
148.62
147.79
147.04
148.76
148.91
147.39
149.18
149.51
148.02
148.48
147.65
149.07
147.03
147.00
148.01
148.11
148.25
147.06
147.92
148.58
147.80
148.03
147.96
148.29
148.86
147.09
146.32
147.30
148.00
147.92
146.37
147.33
147.73
148.50
147.38
147.12
147.91
147.19
148.02
146.76
147.30
147.66
148.90
148.75
147.41
147.08
147.18
147.90
148.00
146.45
146.93
147.32
147.70
148.69
148.49
147.68
147.34
148.29
148.05
147.96
149.61
147.01
148.36
147.63
146.77
147.22
146.94
148.23
146.66
148.76
148.04
148.00
148.05
146.80
145.71
147.59
148.18
147.04
148.71
146.93
148.31
147.93
147.23
147.96
147.45
148.17
147.21
146.27
148.88
148.45
147.11
147.86
146.82
146.46
148.43
146.40
147.32
147.14
146.21
