11.47
116.32
148.38
147.20
148.14
148.43
147.14
148.54
146.90
148.04
147.92
146.26
147.04
148.25
148.80
147.66
146.96
147.12
148.61
147.37
148.16
147.92
148.39
148.49
146.72
147.05
148.37
148.72
146.97
148.28
147.36
148.79
149.53
147.28
148.34
147.83
146.78
148.38
146.88
147.61
147.74
146.65
147.59
147.92
147.26
147.86
146.97
147.62
148.72
148.65
147.70
146.91
148.57
148.19
148.51
146.32
147.20
146.79
148.16
147.81
147.71
146.98
148.74
147.61
147.82
147.32
148.41
145.42
148.62
147.04
147.11
146.90
148.26
149.85
145.90
147.73
147.97
148.55
147.06
147.32
147.29
147.78
147.74
148.18
146.48
146.32
147.55
147.09
148.02
148.50
147.86
147.06
148.09
147.47
146.84
149.01
148.96
146.91
146.17
148.57
147.31
147.86
148.43
147.82
148.38
147.18
148.53
148.41
148.39
148.81
148.38
147.52
146.88
148.28
147.39
147.55
147.82
148.87
146.39
148.30
146.96
148.23
147.76
148.52
147.97
147.04
148.00
148.47
147.08
148.00
148.90
147.07
147.09
148.07
146.35
147.12
148.26
147.26
148.59
147.24
148.66
148.12
148.24
147.85
147.41
147.66
148.95
147.82
147.72
147.68
147.98
148.09
147.09
147.43
147.41
148.19
147.69
147.04
148.48
148.55
147.40
148.18
147.20
146.51
147.27
147.75
149.16
147.20
147.94
148.18
147.20
148.41
148.38
146.02
147.67
147.22
147.95
147.21
149.04
148.68
148.49
148.07
146.52
147.75
147.66
148.00
146.66
147.48
148.39
147.08
146.95
147.36
147.03
147.25
148.50
147.88
146.60
148.07
147.09
147.59
148.54
147.24
148.71
147.73
147.72
147.80
147.34
148.66
147.52
145.41
148.04
147.91
148.06
148.02
147.81
147.15
147.68
149.42
147.59
147.22
147.82
146.19
146.87
147.50
145.39
148.63
148.45
149.75
147.14
147.52
147.58
148.04
146.69
147.01
147.39
148.68
148.50
148.09
147.08
146.50
148.36
147.09
147.89
146.58
147.20
148.90
147.84
147.13
148.43
147.99
147.57
148.43
147.39
147.41
147.30
148.25
148.73
148.40
147.01
147.48
147.89
147.20
147.77
147.84
146.59
146.88
147.68
146.66
147.54
147.32
147.83
148.18
146.55
147.55
147.73
148.14
146.92
148.52
146.94
146.33
147.79
147.98
148.88
147.59
146.10
147.15
148.12
147.80
148.04
147.57
147.20
147.52
148.20
147.93
148.25
147.40
147.30
147.84
147.63
149.19
147.52
148.16
147.66
148.14
147.79
148.15
146.32
146.55
147.68
148.20
148.39
148.20
147.16
147.88
148.38
147.89
146.23
146.68
145.98
146.78
147.63
147.69
146.87
147.93
148.60
148.66
147.57
148.48
146.37
147.91
147.30
148.25
149.07
146.81
147.52
148.75
148.17
148.07
147.54
147.99
148.04
147.83
146.64
147.53
147.40
147.44
147.52
147.80
147.11
147.71
146.33
147.04
148.21
146.13
147.27
148.30
147.92
146.82
146.02
148.30
147.51
146.66
147.21
147.12
147.36
148.59
147.75
148.32
146.72
148.06
148.50
147.22
148.79
146.16
146.40
147.12
147.51
149.02
147.16
147.86
146.28
147.38
149.00
148.26
147.56
148.48
148.06
149.33
146.77
147.56
148.73
147.35
147.57
147.94
147.45
149.46
149.16
148.14
148.08
148.76
148.21
149.07
148.02
147.11
149.00
147.71
148.41
148.08
146.70
147.64
148.91
146.03
148.95
148.63
148.36
147.36
146.95
147.80
146.38
148.38
148.43
149.09
148.51
148.36
147.68
148.26
147.28
148.01
148.47
148.16
148.04
149.09
148.18
147.96
147.48
147.86
148.63
146.23
148.92
149.07
148.14
148.41
148.87
146.54
147.66
147.67
147.19
148.52
148.05
147.00
147.46
147.40
148.55
147.61
146.55
147.56
149.40
148.97
147.63
148.05
147.91
145.81
148.22
147.20
146.96
148.12
147.70
148.29
147.63
145.50
147.35
148.67
148.05
147.49
146.06
147.79
148.01
147.02
148.07
148.82
146.20
148.15
147.63
149.22
148.89
147.24
147.10
148.61
146.93
147.64
147.78
148.42
147.23
148.77
147.94
148.15
147.37
148.98
146.30
145.67
149.25
147.83
147.62
147.37
147.64
146.89
146.39
148.15
149.61
148.25
147.83
147.96
148.36
148.04
145.58
146.78
149.68
146.93
149.80
145.18
147.51
147.14
147.63
147.92
147.58
147.79
148.64
148.40
148.45
147.08
146.45
148.43
148.12
148.70
148.33
147.93
146.05
149.76
147.97
148.43
146.32
147.72
148.29
148.06
146.88
148.07
147.78
148.36
147.06
147.55
148.22
148.62
146.85
147.84
147.01
148.73
147.56
146.41
149.11
148.89
147.07
147.06
148.05
147.62
149.26
148.41
146.35
147.45
147.91
148.07
146.96
147.16
147.70
148.72
147.39
147.86
148.60
148.18
147.96
147.63
146.54
147.80
148.14
145.37
147.32
148.11
147.22
148.66
147.56
148.27
147.17
149.19
147.94
148.16
147.62
148.34
147.67
148.95
149.05
148.07
147.14
147.48
147.41
147.11
147.26
147.82
147.43
147.29
149.09
147.87
147.71
149.37
147.21
147.53
146.61
148.54
147.04
146.90
146.85
148.25
145.74
147.67
147.54
148.20
146.87
147.84
147.86
147.48
148.78
148.23
146.98
147.21
147.32
148.52
148.18
148.59
148.47
146.14
148.10
146.38
148.41
148.88
148.49
148.17
146.77
148.89
146.91
148.55
147.45
146.50
147.13
148.68
147.98
148.48
147.54
147.57
148.09
148.32
147.21
147.74
147.54
148.27
146.74
147.38
147.66
146.68
147.98
148.43
148.30
147.28
147.50
147.40
148.54
147.60
148.00
147.88
147.43
147.40
148.65
148.94
148.30
146.37
145.82
147.78
148.63
146.58
146.94
147.00
147.71
148.92
146.23
146.88
148.72
148.08
147.44
147.91
146.32
148.34
148.20
148.32
146.68
147.68
147.36
147.53
148.05
147.27
147.20
147.14
147.82
147.22
147.16
147.47
149.21
146.65
147.16
147.89
147.36
146.50
147.54
146.84
148.15
147.38
146.72
147.55
148.21
146.96
147.89
147.81
149.31
146.71
147.38
148.69
146.53
146.60
147.30
149.00
147.12
146.80
148.38
148.22
146.98
147.25
148.08
147.95
145.26
146.49
147.03
146.08
148.46
146.82
147.19
147.67
147.20
147.30
148.79
145.31
147.70
146.29
146.86
147.43
147.27
147.36
146.40
147.14
148.40
145.00
147.05
147.02
146.94
147.01
146.75
147.62
145.37
147.62
147.67
147.64
147.28
147.32
145.58
147.98
148.53
148.46
147.18
148.70
146.98
147.16
147.13
147.90
146.50
148.21
148.14
146.69
147.41
147.38
146.66
148.09
145.85
147.44
