12.13
43.16
53.32
57.26
55.48
59.59
60.34
63.21
61.70
62.16
60.38
60.39
61.38
62.45
64.00
64.34
64.06
65.12
64.55
64.41
65.26
65.32
66.05
65.17
65.98
67.34
64.51
67.99
65.34
66.00
65.50
68.01
65.71
66.03
66.42
66.41
65.83
66.78
65.54
66.95
65.28
66.96
65.28
66.74
66.18
67.16
64.78
66.32
66.91
66.09
65.15
66.84
65.66
66.50
65.38
67.81
65.94
67.37
65.28
66.78
65.94
66.52
66.27
67.69
65.62
66.53
66.18
67.68
66.87
66.69
64.96
66.56
64.80
66.11
65.79
66.25
65.61
67.20
64.52
66.88
65.80
67.07
66.08
66.60
66.01
66.86
66.44
66.44
66.75
66.50
65.04
67.36
65.50
67.04
66.28
66.71
65.35
66.18
65.90
66.08
65.73
69.39
65.91
66.62
66.34
66.70
66.06
65.63
66.79
65.42
65.70
67.01
66.82
66.68
66.27
65.18
67.21
65.01
66.75
66.27
67.61
65.38
66.16
67.34
65.13
66.09
67.10
65.67
67.05
65.68
65.98
67.70
65.24
65.59
65.26
67.02
66.04
65.82
67.11
65.39
66.29
65.96
66.13
66.23
65.86
66.54
66.96
66.75
64.54
67.70
64.81
66.81
64.88
66.27
66.04
66.98
65.82
65.60
66.18
65.35
65.72
65.62
65.56
66.55
63.98
67.30
65.29
65.91
66.23
66.32
65.77
66.67
65.84
64.84
67.07
66.13
66.56
65.23
67.82
66.05
65.71
66.64
65.25
66.23
65.53
65.54
66.71
66.84
66.67
66.62
66.42
65.91
65.88
66.21
65.95
67.71
65.55
65.98
65.92
66.12
65.44
67.07
65.21
67.07
65.65
65.96
65.19
65.93
66.59
66.31
67.21
66.46
64.93
66.66
65.30
66.61
64.71
66.59
66.53
67.51
65.32
66.04
65.72
65.56
66.10
65.55
65.99
66.51
65.64
65.30
67.29
67.45
66.66
65.50
66.91
66.69
66.94
64.96
66.12
64.33
67.60
65.88
66.02
66.93
64.28
65.83
65.75
68.04
64.52
67.12
65.75
67.50
66.40
66.53
64.95
66.18
66.86
66.39
65.79
65.35
66.29
65.53
65.54
66.61
66.85
66.35
66.07
66.04
65.84
66.84
65.94
67.58
66.88
66.76
65.22
66.29
64.92
66.17
65.75
65.77
67.58
67.21
65.14
65.67
65.39
67.48
68.96
66.91
65.18
66.26
66.31
66.23
66.30
67.87
65.15
66.03
66.56
64.62
66.84
65.70
65.83
67.18
66.65
65.10
66.78
65.39
66.09
67.46
65.05
65.97
65.60
67.11
65.69
64.36
67.17
65.29
69.49
67.04
66.55
67.02
66.20
66.17
65.76
66.44
67.02
65.68
67.16
64.80
66.32
65.73
66.83
65.85
65.74
66.83
65.05
66.66
65.15
66.16
66.37
65.81
67.41
67.30
67.20
64.77
67.70
65.44
66.62
66.89
66.22
67.54
65.44
67.12
66.47
65.79
65.43
66.33
66.54
66.80
66.15
66.35
66.03
65.00
66.97
66.57
66.72
66.30
66.30
66.33
65.39
65.24
65.95
66.21
66.38
65.88
66.18
66.06
65.12
67.09
65.08
66.87
66.13
67.19
64.48
68.27
64.92
66.80
66.21
65.98
66.84
66.26
66.51
66.59
66.89
65.73
65.62
65.61
65.03
66.52
64.64
66.15
65.64
66.23
64.64
66.58
65.44
64.76
66.54
67.25
66.56
66.20
66.03
66.36
66.11
66.27
66.08
66.28
66.58
66.11
67.60
66.41
65.42
66.09
66.08
67.06
65.68
67.39
66.07
65.74
66.66
66.64
66.34
67.39
65.88
65.92
65.35
65.57
66.01
66.67
65.92
67.75
66.46
65.62
66.06
66.18
65.50
65.62
66.37
65.99
66.21
66.84
66.11
69.02
65.61
66.50
65.47
67.26
64.53
66.52
65.20
66.27
66.80
68.58
65.32
65.72
66.52
65.69
69.63
66.48
67.31
65.42
66.62
66.02
66.94
64.69
66.73
66.15
66.12
66.50
65.42
67.40
66.87
66.39
66.61
65.61
66.71
65.44
67.91
65.81
65.70
66.54
66.64
65.87
67.31
67.59
67.27
66.42
67.21
66.45
66.84
65.73
66.54
65.86
66.74
64.82
64.70
65.21
65.54
65.19
66.29
65.97
65.86
69.34
66.27
66.71
65.45
66.88
65.69
66.59
66.50
66.36
66.50
66.41
65.66
66.38
66.58
66.58
64.89
66.26
65.53
65.96
66.80
65.96
66.39
66.48
66.93
65.91
66.06
67.21
66.29
67.34
65.11
65.69
65.46
67.74
65.94
67.45
66.43
66.19
65.92
66.04
66.09
69.48
66.15
65.73
67.26
64.94
71.34
65.71
66.04
66.45
65.97
68.07
65.82
66.79
66.73
66.73
66.52
66.71
67.25
66.28
65.53
66.41
66.43
64.72
66.52
64.90
68.09
65.34
66.82
66.71
66.27
68.48
65.97
67.29
65.63
66.64
65.12
67.05
65.01
66.35
66.55
67.26
65.86
66.39
66.21
66.78
66.93
65.89
64.95
66.53
65.27
66.45
65.67
66.29
65.61
66.92
65.71
66.46
65.79
66.41
66.98
65.38
66.52
65.62
66.27
66.89
65.96
67.90
65.09
67.14
65.39
69.25
64.64
68.05
64.50
67.16
64.53
67.58
65.52
66.52
65.52
66.04
67.45
64.21
67.29
65.32
71.34
65.53
66.49
66.18
66.20
67.19
64.80
66.82
65.27
66.27
67.15
66.07
65.42
66.20
66.98
65.01
65.33
66.95
66.14
65.64
65.32
65.46
65.91
67.08
65.77
65.88
66.99
67.17
65.44
67.31
65.34
64.69
65.89
66.02
66.57
67.31
65.89
66.57
65.41
66.54
65.59
67.08
66.32
66.77
66.17
66.51
65.57
67.68
65.38
66.82
69.16
65.70
66.65
64.83
66.98
66.20
66.23
65.15
66.65
65.67
66.76
65.70
65.50
65.83
65.30
65.53
65.56
67.14
66.25
66.29
70.11
67.38
64.76
68.79
66.13
66.72
66.28
67.67
66.31
66.79
64.68
67.52
65.12
65.99
65.96
65.51
66.69
65.88
66.30
64.19
68.37
65.14
67.31
66.12
66.87
63.95
67.37
65.12
67.95
65.39
69.90
66.46
67.43
65.61
65.64
66.27
66.16
66.72
65.36
66.92
66.79
66.09
66.43
65.52
66.63
66.72
66.27
66.66
67.05
65.51
68.64
65.93
65.42
66.34
66.35
66.82
66.55
66.55
66.64
66.90
65.34
67.16
65.20
67.05
66.31
66.11
66.28
65.69
66.22
64.42
67.38
65.61
66.37
65.12
66.64
65.85
68.04
65.87
66.30
65.98
67.21
66.53
66.13
67.12
64.75
67.34
64.54
67.15
65.38
68.37
64.94
67.43
65.39
67.64
63.30
67.84
66.06
66.86
66.04
66.49
67.79
67.13
66.02
66.55
66.87
66.44
64.86
66.19
64.98
65.57
65.27
67.05
66.39
65.77
67.38
66.60
66.46
67.13
66.80
65.76
66.31
65.46
66.21
65.71
66.35
66.74
65.88
66.53
66.58
65.50
67.00
65.87
66.59
66.43
67.54
65.80
64.99
66.27
67.87
65.98
66.91
66.61
66.96
65.77
66.39
66.08
66.10
65.34
65.41
66.23
66.15
66.23
66.29
66.33
65.64
68.22
66.41
65.29
66.57
66.19
66.84
66.10
67.02
66.16
66.03
67.04
66.22
65.49
65.79
67.56
67.31
67.44
65.00
67.54
64.50
67.09
64.91
67.55
63.53
67.09
64.70
67.48
64.58
67.10
66.10
66.30
65.88
64.91
65.43
65.35
66.14
65.10
65.79
65.59
66.31
65.70
65.30
66.70
65.79
67.06
66.92
65.60
65.75
65.78
66.57
68.60
65.25
66.34
64.61
67.49
65.45
67.46
67.14
67.08
65.51
66.60
66.25
65.83
66.62
65.52
66.40
66.68
66.84
66.94
66.12
66.36
68.12
65.79
66.61
66.93
67.98
66.90
66.42
65.90
64.62
66.63
65.57
66.02
65.51
66.49
66.85
66.75
66.52
64.93
65.00
69.70
66.82
65.40
66.97
65.75
66.84
64.94
66.80
65.28
66.61
64.88
65.20
65.42
66.34
65.45
66.80
66.87
65.82
66.85
66.45
66.92
66.37
65.79
66.91
65.38
70.62
65.92
66.79
65.02
67.81
65.82
66.63
64.57
67.16
66.04
69.88
64.35
66.93
65.52
66.20
66.45
67.09
64.70
67.33
65.83
66.73
64.83
66.31
65.99
65.64
65.23
67.88
66.04
67.55
65.82
70.55
66.23
66.14
66.71
64.53
65.76
66.08
65.70
65.69
66.35
65.76
65.25
66.12
66.77
64.85
66.88
65.59
66.66
66.21
67.02
62.68
55.71
55.45
52.33
55.02
51.77
52.14
51.14
52.40
53.30
53.97
51.57
51.70
52.30
51.86
51.70
51.95
51.64
51.52
52.46
51.66
51.96
50.93
51.70
52.46
51.21
51.87
51.52
52.30
52.47
50.73
50.27
52.40
51.84
51.75
50.56
51.09
52.05
51.03
54.12
50.77
52.28
51.31
51.95
52.28
51.62
51.94
50.61
51.03
53.48
49.66
52.76
50.53
51.42
51.16
49.48
52.38
50.68
51.56
50.83
51.98
51.96
51.50
52.02
52.63
52.22
52.23
52.34
52.24
51.31
50.99
51.75
52.54
52.97
52.38
51.88
51.44
50.95
52.03
52.02
51.77
51.84
52.02
51.96
50.82
51.27
51.55
51.99
51.99
50.62
52.18
49.69
52.87
51.96
51.52
51.15
51.75
53.43
51.79
51.91
51.93
51.33
53.30
50.55
51.85
52.84
50.57
52.73
51.10
53.48
52.14
51.55
52.42
51.64
52.01
50.19
50.44
52.75
51.23
51.03
52.77
54.27
52.30
53.29
50.70
51.85
51.62
51.01
52.09
51.20
51.27
52.05
52.58
52.06
50.45
53.01
51.70
51.09
50.98
49.82
51.63
51.57
52.01
50.73
50.80
53.06
50.05
51.04
50.48
52.23
51.88
51.25
52.32
51.26
52.41
53.32
50.75
51.79
51.25
51.13
51.72
51.04
51.78
50.69
51.73
50.75
49.67
52.09
52.17
53.30
50.92
51.49
52.05
49.93
54.30
51.08
51.55
51.61
51.34
53.71
51.22
52.48
50.86
51.69
53.27
50.65
51.62
49.95
50.44
53.05
49.76
52.75
50.97
50.58
51.65
52.25
53.75
51.14
52.70
51.03
51.12
53.23
49.70
51.56
51.43
52.33
52.35
50.94
52.70
50.77
50.79
50.89
49.91
52.00
51.11
51.95
51.20
51.33
52.95
50.58
51.46
50.59
50.46
52.20
50.79
52.14
50.17
51.30
52.83
50.77
54.33
51.42
51.76
50.34
51.18
52.65
51.31
51.81
51.36
52.06
51.71
52.46
50.91
51.38
51.29
52.07
50.86
51.21
51.83
51.23
49.88
53.72
52.27
50.51
51.56
51.27
51.31
51.67
50.63
50.58
51.38
51.95
51.48
51.62
49.94
51.64
51.99
49.18
52.81
52.62
52.26
52.27
50.74
52.41
50.97
51.22
51.57
51.00
52.88
49.25
51.32
52.58
49.99
51.94
49.88
52.56
52.86
49.92
52.93
50.05
51.77
52.02
50.39
52.73
51.50
50.94
52.06
49.08
51.60
50.17
51.51
52.30
49.69
50.89
50.74
51.93
51.54
51.83
50.87
50.88
52.35
53.66
49.78
51.52
51.45
53.00
53.58
50.51
51.99
51.84
50.13
51.68
49.83
50.86
50.90
50.33
51.83
49.89
51.64
51.99
50.92
51.04
50.89
50.86
50.48
50.39
51.47
51.72
51.30
50.75
51.43
51.64
51.83
51.72
52.05
50.94
51.10
51.50
51.20
50.89
50.89
52.36
51.70
51.57
51.11
50.90
51.84
51.92
51.36
50.89
51.28
51.73
51.93
51.14
49.73
52.32
50.26
51.61
51.91
51.07
51.41
51.55
51.54
52.47
49.88
52.93
51.03
50.43
52.11
50.34
50.80
51.80
51.67
51.05
50.80
50.68
52.10
50.76
51.18
50.52
52.26
52.56
51.37
51.25
50.32
51.61
52.36
50.68
52.27
50.55
52.66
51.80
51.49
52.02
51.50
52.45
52.52
51.47
52.38
52.22
54.29
50.45
51.99
52.28
51.97
51.89
51.35
52.22
51.85
52.02
51.28
51.62
51.22
51.11
52.46
53.21
50.15
52.27
50.90
50.92
53.23
50.66
51.47
51.22
50.90
51.45
51.63
53.47
51.37
51.26
53.45
51.48
51.73
50.44
51.64
52.86
51.00
51.12
51.46
51.67
53.20
50.63
52.03
52.15
52.62
50.54
50.39
51.68
52.72
50.84
52.25
52.05
51.39
51.68
51.26
52.21
51.38
51.27
52.32
51.55
52.34
51.46
51.27
52.32
50.64
54.17
51.14
51.99
52.73
52.38
51.34
51.21
52.62
51.44
51.76
51.62
50.82
52.08
52.35
52.45
51.39
51.80
52.34
49.66
51.60
50.45
50.08
52.98
51.55
52.58
51.54
50.73
51.20
50.13
52.10
52.98
51.45
52.32
51.09
51.90
54.40
51.49
51.88
52.39
51.43
52.95
50.42
52.09
52.28
50.27
53.14
51.57
50.52
52.27
51.79
53.92
52.09
51.09
50.41
50.34
52.35
51.91
50.15
53.17
48.97
51.43
52.36
50.65
52.36
50.39
53.18
52.38
49.98
53.60
50.55
52.21
51.36
49.86
52.22
50.39
51.30
51.67
51.07
51.34
51.46
50.96
50.70
51.34
50.06
51.12
52.09
50.80
51.21
51.10
51.28
52.48
49.45
51.64
52.31
51.39
52.64
50.02
51.70
50.95
51.07
50.86
50.43
52.49
51.95
50.29
51.98
52.16
51.89
51.56
50.55
53.03
51.55
51.05
52.50
50.86
51.98
50.70
50.97
52.57
51.77
50.97
50.77
51.64
51.93
51.62
52.31
50.99
52.71
51.81
52.56
51.70
50.64
53.07
51.82
51.69
50.25
51.61
52.57
52.54
51.37
52.26
52.60
50.76
52.81
50.92
51.52
50.73
51.19
53.06
47.91
52.08
51.29
51.90
50.35
50.52
51.54
49.41
51.39
51.89
51.48
53.51
50.39
51.61
51.06
50.68
52.48
51.13
51.78
50.73
52.80
49.80
52.29
50.63
51.45
51.65
50.50
53.03
51.23
52.98
51.30
50.27
52.00
49.99
50.56
52.29
51.36
52.34
51.82
49.81
52.57
48.97
51.98
51.39
49.95
51.49
51.55
51.54
52.38
51.13
51.34
51.97
50.88
51.56
51.99
50.03
52.22
50.55
50.07
51.87
50.73
52.78
51.45
51.32
51.77
51.64
52.18
52.21
52.48
51.57
51.59
51.92
53.00
51.21
50.87
51.07
51.70
53.19
50.72
51.58
52.12
53.07
52.48
51.58
51.82
51.63
52.28
51.78
50.66
50.81
51.22
52.34
50.82
50.71
51.18
52.54
50.15
49.61
50.82
51.05
50.96
52.46
51.54
51.13
52.46
51.43
52.12
53.67
51.08
50.86
51.19
51.75
52.11
51.74
51.88
51.38
50.46
52.26
52.30
50.85
53.34
51.73
51.59
51.92
50.55
51.56
51.11
51.97
52.34
50.84
51.99
49.80
51.73
51.34
49.60
52.57
48.69
51.32
50.93
50.96
51.35
49.91
51.64
50.88
50.00
50.76
51.00
51.48
50.67
52.48
50.60
53.30
49.47
51.82
51.14
53.38
51.46
51.73
51.53
49.86
53.12
51.52
51.16
50.62
50.35
51.98
53.06
50.86
52.71
51.59
52.04
52.57
50.40
52.23
51.33
50.86
51.29
50.58
51.96
50.01
51.62
52.50
52.44
51.92
52.14
50.76
52.45
51.73
50.55
52.85
52.03
51.19
52.44
51.15
53.18
51.03
53.45
51.87
53.60
51.18
51.08
53.43
50.61
50.45
49.97
51.93
53.20
51.32
51.51
52.06
51.54
52.14
52.54
51.12
52.60
51.36
52.97
51.23
52.03
50.40
50.56
54.12
49.86
51.65
50.91
51.98
50.54
52.14
50.96
52.86
50.93
51.55
52.67
50.54
50.89
50.62
52.04
52.51
51.74
51.55
51.62
50.32
52.10
52.27
51.94
51.75
51.17
51.27
51.62
52.25
51.01
51.39
50.79
51.25
53.00
49.81
51.09
52.95
50.60
52.45
51.60
52.01
51.45
53.93
50.69
50.39
52.83
50.80
52.00
52.23
51.05
52.51
51.52
50.22
52.50
51.00
50.36
50.86
51.63
50.04
51.77
51.97
51.23
51.18
51.25
51.74
52.71
51.28
52.00
50.89
51.94
51.85
51.66
51.35
51.09
50.75
50.79
50.49
52.38
51.14
50.90
51.27
50.67
51.79
51.30
51.54
52.66
50.98
51.13
51.37
50.30
51.86
51.36
51.84
52.22
51.13
51.73
51.66
50.22
50.28
53.61
51.72
50.91
51.95
50.45
50.47
51.57
50.12
52.59
50.15
51.65
51.02
50.93
51.44
51.46
51.45
49.61
52.33
51.00
51.11
51.48
51.02
50.66
50.29
