11.18
22.12
24.98
24.91
24.49
25.25
24.83
24.77
25.15
24.57
24.95
24.86
25.03
24.84
24.38
25.36
25.30
24.93
24.16
25.07
24.05
24.70
24.09
24.94
24.62
24.57
25.04
24.07
25.31
24.77
25.07
24.77
25.36
24.41
24.41
24.73
25.09
24.68
25.37
25.11
25.54
24.91
24.57
25.84
23.89
24.25
24.84
25.04
23.71
25.68
25.10
25.49
25.86
24.49
24.88
25.03
24.38
24.62
24.56
25.33
24.53
24.79
25.37
25.26
24.66
24.77
25.00
25.07
25.16
24.88
24.12
25.09
24.25
24.68
23.68
24.90
25.20
24.84
24.59
25.30
25.37
24.09
25.21
25.04
24.60
24.82
25.17
24.63
24.61
25.40
24.27
24.68
25.08
25.38
25.62
24.89
25.09
25.17
24.62
24.68
24.89
24.55
24.64
24.97
25.77
25.62
24.67
24.75
24.73
25.41
25.14
24.62
24.97
25.69
24.07
24.79
25.20
24.02
24.50
25.21
24.55
25.34
25.26
25.27
24.54
23.83
25.52
24.70
25.47
24.68
24.94
25.55
25.00
24.20
23.95
24.18
24.82
24.61
24.93
24.33
25.22
25.49
24.58
24.29
25.35
24.57
24.95
25.54
24.62
24.74
25.45
24.84
25.23
24.65
24.29
25.18
25.18
24.50
24.45
24.21
24.96
24.09
24.91
24.74
25.24
25.05
25.09
25.29
25.32
24.18
24.44
24.73
24.10
23.98
25.73
25.23
23.88
24.40
24.89
24.31
23.78
25.54
24.88
25.40
25.34
25.30
24.37
25.25
24.28
24.75
23.86
24.36
24.15
24.57
24.58
24.92
24.83
24.71
24.70
23.82
24.71
24.88
24.82
23.84
24.97
24.46
24.52
24.68
24.28
24.11
24.89
25.23
24.39
24.34
24.41
24.39
23.98
25.07
24.84
23.53
25.09
24.83
23.95
24.71
25.32
25.47
23.78
24.25
24.73
24.89
25.12
24.11
23.79
24.95
25.48
24.19
24.42
24.62
24.81
24.56
25.64
25.05
24.85
25.31
24.62
24.05
24.06
25.16
25.27
24.65
24.41
24.48
24.55
23.49
24.89
25.45
25.02
24.06
24.54
24.67
23.58
24.21
24.48
25.35
24.05
25.12
25.16
24.91
24.16
24.42
24.05
23.95
24.53
24.32
24.15
23.45
24.80
24.09
24.74
24.24
23.50
24.29
24.25
24.48
24.52
24.29
24.27
24.26
24.14
24.95
24.12
24.32
24.31
24.02
24.36
24.59
24.68
24.36
24.66
25.19
23.97
25.57
24.80
25.16
24.09
24.48
24.12
24.65
25.78
25.18
24.51
24.47
23.18
24.98
24.43
23.53
24.80
25.21
24.85
24.84
23.89
22.89
24.70
23.56
23.96
24.88
23.91
24.59
24.70
24.88
24.61
24.96
24.27
23.57
24.39
23.53
23.07
24.43
26.34
25.10
24.32
24.90
23.98
24.02
23.84
25.87
23.89
24.14
24.90
24.19
24.61
24.21
24.07
24.80
25.87
23.97
25.59
24.72
25.27
24.77
25.34
25.63
23.32
25.88
24.54
25.29
24.55
24.78
24.19
25.11
25.73
25.45
24.88
24.65
24.93
25.73
24.46
23.76
25.16
25.74
25.67
24.81
25.47
24.02
25.46
25.06
25.02
25.23
25.16
25.82
25.34
24.88
24.85
25.48
23.55
25.88
25.38
23.54
26.24
25.04
24.64
25.35
25.03
25.25
25.51
25.96
25.54
26.44
24.59
24.25
24.14
25.82
24.66
24.71
24.92
25.36
23.96
25.50
25.58
24.86
24.93
25.22
26.04
25.71
25.19
26.22
26.25
26.12
25.09
26.04
24.84
26.23
25.94
26.18
24.95
25.33
23.96
25.38
26.59
27.75
24.90
26.03
26.07
25.48
24.11
26.49
26.41
26.61
26.06
26.89
25.87
25.07
26.16
25.06
25.60
25.40
23.93
25.51
26.06
27.36
26.96
26.48
24.50
25.23
24.77
25.82
24.07
26.06
27.67
27.39
25.19
23.68
26.92
24.38
27.09
26.37
25.60
27.70
26.45
25.30
26.44
25.25
26.66
25.96
27.65
23.95
25.17
26.39
24.98
26.27
26.92
25.11
27.36
26.12
25.21
25.63
26.92
25.79
26.47
25.36
25.63
27.12
26.54
24.50
25.01
24.88
26.33
25.15
25.89
27.48
25.39
23.97
25.48
27.99
26.78
28.54
27.50
25.42
24.32
24.45
25.31
25.35
25.02
28.70
27.80
27.62
25.32
25.35
31.01
26.46
27.04
26.70
28.82
28.08
28.19
25.74
25.79
27.94
27.34
26.32
24.85
25.17
25.59
26.30
26.72
26.84
27.31
25.07
25.11
27.75
26.21
23.20
29.33
29.28
24.69
26.60
25.08
25.29
25.60
26.18
26.32
29.40
27.46
26.67
28.12
25.18
26.30
25.98
26.49
25.54
26.27
27.71
25.28
28.43
25.24
24.40
24.12
26.69
25.80
24.19
26.40
28.14
28.34
30.86
28.69
27.29
27.97
28.77
30.45
29.61
28.65
25.30
26.59
28.73
29.76
25.69
26.93
26.00
25.08
26.62
30.05
26.89
26.35
26.13
25.36
25.61
29.93
30.21
31.14
27.87
26.40
24.25
25.21
27.61
25.81
25.40
25.37
25.05
26.22
27.37
30.71
30.74
27.43
30.98
26.31
28.10
28.62
27.55
32.04
31.04
27.60
28.14
27.97
34.99
29.95
29.96
31.85
29.11
31.49
33.29
32.05
32.34
32.42
32.09
30.57
32.03
29.91
31.31
33.30
30.48
31.51
29.82
29.51
26.81
27.86
31.27
31.93
30.80
31.44
31.13
31.52
33.47
31.64
32.40
32.56
31.43
32.12
32.64
33.26
32.77
33.70
33.36
32.03
31.29
31.39
30.68
30.96
30.41
30.09
32.23
31.33
32.81
31.17
31.98
31.91
31.64
33.44
30.98
29.91
30.41
29.89
32.34
31.52
30.12
30.68
30.45
31.08
30.93
32.52
31.15
29.75
31.53
30.73
31.12
31.52
30.79
32.74
29.63
28.25
29.97
31.04
29.42
32.36
28.65
30.36
28.98
32.42
28.45
30.27
31.33
31.30
30.02
29.95
31.01
32.46
30.27
30.79
32.25
31.21
30.90
31.26
33.66
31.05
32.99
31.49
31.11
30.11
30.38
30.83
31.17
32.75
34.27
32.65
30.81
28.86
31.33
32.03
32.21
31.81
32.09
32.16
28.64
31.14
30.48
31.54
30.75
31.53
29.98
31.09
30.48
31.28
31.88
31.80
31.27
32.83
33.61
30.14
28.40
30.48
32.56
30.84
32.10
31.86
32.16
29.92
31.50
31.64
30.89
30.86
35.21
31.72
31.36
32.64
31.56
30.66
30.82
33.16
32.78
31.37
31.26
31.17
32.31
31.61
32.15
30.55
30.02
30.04
30.72
32.04
29.86
33.67
41.39
41.07
53.79
45.39
60.43
51.04
60.27
46.80
60.06
67.34
72.33
57.55
68.86
66.42
50.95
70.84
79.80
73.46
55.47
84.23
57.03
70.68
62.77
75.05
73.18
86.95
82.32
57.68
93.98
107.59
80.76
82.70
73.43
100.66
86.91
72.51
91.71
94.96
93.04
108.87
81.33
68.98
98.57
86.92
75.07
94.98
82.80
103.75
99.97
103.46
107.19
82.36
103.84
81.46
96.28
103.43
61.75
37.82
27.27
25.39
25.47
27.38
27.43
25.67
25.72
25.12
26.04
24.53
24.89
25.41
24.89
26.65
25.14
24.82
25.28
24.59
24.52
24.15
23.80
25.41
24.32
23.78
24.95
23.72
24.49
24.58
23.91
24.44
22.95
23.56
24.79
24.43
23.98
24.34
23.76
24.10
24.18
23.13
23.27
23.35
23.98
23.43
23.80
23.90
23.84
24.52
24.31
23.41
24.34
23.48
24.60
23.61
23.56
24.61
24.80
24.23
24.29
24.07
25.16
23.37
23.97
25.05
24.23
24.66
24.55
24.72
24.72
23.48
24.98
24.46
24.52
24.37
24.71
24.54
24.49
24.00
24.87
24.93
25.18
24.16
23.70
23.63
24.61
24.01
24.14
24.36
22.57
23.48
24.43
25.04
24.47
24.69
23.63
24.46
24.79
25.16
24.35
24.65
24.29
25.16
23.81
24.55
23.78
24.80
25.04
24.55
24.95
24.97
25.16
25.61
25.34
24.75
25.46
24.29
23.96
24.89
24.71
24.80
24.98
24.86
24.46
25.63
23.99
25.67
24.86
24.78
25.80
25.20
24.83
23.71
24.51
24.82
23.50
24.73
25.22
24.45
24.22
24.88
25.67
24.09
24.07
25.46
24.62
25.54
24.11
24.86
25.65
23.89
24.25
25.31
24.76
25.59
25.14
24.84
24.84
25.77
24.00
25.48
24.90
23.89
24.50
24.14
25.06
25.60
24.21
24.58
25.45
24.89
24.12
25.37
26.05
25.23
25.18
25.35
24.25
24.74
25.11
24.54
25.37
25.93
25.25
25.81
25.22
24.90
25.99
25.03
25.65
26.16
26.04
24.21
24.07
24.56
25.09
25.00
25.36
24.84
24.80
25.03
25.16
25.50
25.57
25.24
24.39
25.83
25.76
25.04
25.43
25.78
25.81
26.58
25.46
25.90
25.41
25.88
25.78
24.96
24.53
25.21
26.27
25.59
26.33
24.30
25.26
24.75
25.41
26.55
23.84
24.67
25.66
25.38
26.44
26.71
24.43
24.86
24.58
25.75
25.63
25.83
25.31
24.43
25.89
26.05
25.87
25.17
26.24
26.32
26.52
25.35
26.26
24.84
25.93
25.44
26.58
25.15
25.44
25.57
26.09
26.61
26.43
25.32
25.91
26.38
26.22
25.87
25.20
26.05
25.07
25.46
26.14
25.52
24.86
24.74
26.23
26.72
26.35
26.32
25.84
27.03
26.03
25.54
25.22
26.51
25.86
25.25
26.92
26.40
25.36
26.30
25.06
26.86
26.48
27.52
26.68
26.20
26.96
26.87
25.67
25.18
25.84
26.51
25.95
25.76
27.43
26.87
25.50
26.46
26.78
26.66
26.77
26.52
26.60
26.39
26.51
25.38
26.45
25.02
25.72
26.20
25.89
26.59
25.77
25.62
26.46
27.20
26.76
26.04
25.56
26.02
25.83
24.85
25.22
26.66
25.48
26.04
26.13
25.93
25.80
25.41
26.55
26.03
24.99
25.16
25.52
27.32
25.89
25.96
26.41
26.09
26.04
26.60
26.63
25.67
24.33
26.37
26.41
25.64
26.79
26.52
25.76
26.71
26.51
25.50
26.43
26.98
25.65
25.80
25.52
24.70
26.46
27.20
26.16
27.25
26.82
26.03
25.63
24.84
24.66
26.49
26.65
25.99
26.62
26.12
26.06
25.41
25.34
27.16
26.94
25.48
26.90
26.57
26.68
27.64
25.62
26.05
26.67
26.60
26.56
26.49
25.39
26.04
26.38
27.00
27.44
27.08
25.36
26.22
26.93
26.73
25.39
27.65
27.48
27.59
27.33
26.88
27.29
25.44
26.61
25.36
26.00
26.07
26.89
24.50
25.63
27.30
27.01
25.51
26.68
26.10
26.90
27.00
26.94
26.26
25.53
26.03
26.05
26.41
25.07
26.49
27.08
26.11
25.27
26.13
26.05
27.20
26.77
27.27
26.17
26.66
26.63
25.08
26.92
25.60
26.22
26.64
26.75
26.84
26.54
26.32
26.96
25.94
25.91
26.63
26.63
26.26
27.10
26.38
27.88
27.08
25.65
25.52
28.04
27.91
27.62
27.21
26.79
25.75
26.25
26.56
27.18
27.28
27.63
26.40
27.70
27.98
27.39
26.18
26.63
27.61
27.27
25.82
26.23
26.06
27.30
27.35
27.39
27.66
26.61
26.61
27.02
26.04
28.34
28.15
27.17
27.64
26.31
28.65
27.57
27.38
27.54
27.87
27.81
27.16
26.82
27.50
27.26
26.94
27.66
27.07
27.69
26.61
27.59
26.86
25.82
28.38
27.88
27.82
28.21
26.55
27.28
27.78
27.94
27.15
28.00
27.78
27.74
27.27
28.69
27.05
26.58
26.78
28.11
27.80
27.99
28.08
26.35
26.75
27.18
27.64
28.00
27.59
28.37
27.86
27.16
27.59
28.07
28.07
27.42
27.33
27.38
27.16
27.16
27.59
27.43
26.98
27.57
27.48
27.57
27.23
27.12
26.10
30.14
28.30
27.93
27.19
27.40
27.16
27.12
27.98
28.09
27.56
26.89
27.48
27.07
26.31
26.00
26.99
26.17
26.90
27.59
26.36
27.90
27.18
27.12
26.80
27.74
26.77
26.84
27.25
31.07
27.61
27.19
27.93
26.97
26.79
27.59
27.73
27.55
26.73
25.85
26.94
27.95
26.40
26.45
27.75
26.07
27.94
26.34
27.18
27.08
26.46
26.82
27.41
26.39
27.12
27.06
25.60
27.61
28.07
27.27
28.04
27.79
27.64
27.53
27.48
28.52
27.31
28.36
26.38
27.91
27.61
28.49
27.46
28.14
27.63
27.90
28.18
28.96
28.34
27.98
28.70
29.18
27.56
28.55
28.69
28.83
28.68
28.41
28.46
27.52
28.22
29.00
28.59
28.23
28.90
27.65
28.62
27.09
28.08
27.84
28.20
28.14
28.11
28.06
28.98
28.32
27.50
29.01
27.31
27.79
28.71
29.14
28.37
27.95
28.88
28.79
27.95
28.77
28.27
28.12
28.67
28.63
27.52
27.82
29.36
28.65
28.27
29.19
28.83
28.34
28.33
27.32
27.93
27.66
27.98
27.23
28.30
28.58
29.24
28.18
28.77
27.60
28.51
28.08
28.37
29.00
27.63
27.48
27.83
28.56
28.56
28.43
27.88
28.11
28.15
28.06
28.93
27.89
29.43
28.10
28.91
28.34
28.76
28.16
28.04
28.84
28.82
28.05
28.39
28.37
27.44
28.27
28.68
28.10
28.07
28.96
28.21
28.71
28.54
28.52
28.76
28.71
28.48
28.36
28.74
28.93
28.53
28.22
28.52
28.87
28.67
29.28
29.02
28.00
28.21
28.69
28.96
28.07
28.71
28.23
29.02
28.81
28.90
28.06
29.14
29.02
29.66
27.33
28.62
28.35
28.38
29.67
29.03
28.12
28.73
29.01
29.05
29.46
29.56
28.80
28.80
29.07
29.16
29.38
28.46
29.01
29.04
29.04
28.73
29.33
29.04
28.42
28.82
29.25
29.13
28.75
28.38
28.96
29.30
29.46
29.18
29.11
29.27
28.08
29.78
29.42
28.56
28.94
28.35
29.19
29.24
29.30
28.32
28.86
28.62
28.59
28.83
29.19
29.36
29.51
28.20
29.57
29.45
29.77
28.06
27.80
29.11
28.38
29.14
29.50
28.62
29.46
29.45
29.41
28.25
27.85
29.96
29.29
28.80
28.95
29.32
30.07
29.05
29.59
28.88
29.38
28.67
29.07
28.86
29.19
29.36
29.51
29.53
29.61
29.33
29.30
29.09
29.09
28.86
29.67
29.17
29.43
28.70
29.33
29.30
29.53
29.51
29.40
28.55
28.85
29.86
28.99
29.57
29.20
28.55
30.07
29.40
29.38
29.83
29.04
28.96
29.23
28.58
29.14
29.62
29.17
29.38
29.89
28.96
28.68
29.40
29.57
29.28
29.98
30.31
28.78
29.56
29.74
30.63
28.55
29.07
29.70
29.29
29.29
28.82
28.93
28.72
29.97
28.69
29.45
28.12
28.78
29.14
28.86
29.35
29.38
29.01
29.00
29.96
30.27
29.29
29.36
28.77
30.21
28.88
29.31
29.63
29.31
29.57
29.89
29.03
29.36
29.90
29.73
29.84
29.63
29.91
29.51
29.52
29.54
28.25
29.62
29.88
29.89
29.26
29.35
30.05
29.09
29.99
29.32
29.20
28.97
29.77
29.29
29.64
29.80
29.39
30.12
29.74
29.63
30.32
29.80
30.47
29.21
30.47
29.80
29.34
30.08
29.60
29.79
30.14
29.54
30.45
30.03
29.04
29.10
30.19
29.82
29.74
29.51
29.84
30.40
29.37
28.87
30.32
30.38
29.61
30.34
29.57
30.55
30.04
29.41
28.63
30.66
31.13
30.39
29.47
29.61
29.77
29.68
29.29
29.20
30.55
30.06
30.05
30.16
30.33
30.45
29.45
30.31
29.57
30.05
29.73
30.05
30.15
30.38
29.18
29.69
29.39
30.67
29.52
29.82
30.07
29.29
30.09
30.46
29.15
30.40
30.35
30.45
29.96
29.51
29.86
30.09
29.73
29.50
30.07
29.63
30.55
30.33
30.91
30.46
29.92
30.50
29.56
30.68
30.27
30.29
29.84
30.09
31.20
29.97
30.57
30.69
30.33
30.91
30.28
29.90
30.57
30.16
30.82
30.77
31.16
30.14
31.29
30.14
29.29
30.25
30.08
29.88
29.37
30.25
30.77
30.68
30.12
29.50
30.45
29.69
31.18
30.66
30.87
31.09
30.41
30.60
30.55
30.20
30.52
30.68
29.77
30.63
29.94
30.96
30.39
30.73
31.18
30.70
30.18
31.11
31.09
30.03
30.71
30.14
30.14
30.34
31.20
30.48
30.04
30.65
30.69
30.85
29.93
30.89
29.80
31.19
31.35
30.80
29.36
29.92
31.26
30.64
30.43
30.71
30.05
30.27
31.64
29.95
30.22
30.90
31.26
30.83
30.07
30.41
31.06
30.70
30.25
30.82
30.22
31.13
30.19
31.65
29.93
30.98
30.64
30.33
29.82
30.95
30.38
30.78
30.86
30.21
31.21
30.24
30.89
30.70
30.82
29.98
31.12
31.43
31.64
30.87
30.14
31.32
30.95
30.51
29.86
30.09
31.28
30.09
30.58
31.31
30.31
30.64
31.20
31.23
29.97
30.95
29.80
30.48
30.46
30.59
31.00
30.00
29.82
31.56
31.38
30.85
29.20
31.39
31.37
31.54
30.63
31.20
31.34
31.09
31.62
31.06
30.86
30.41
31.65
29.26
32.20
30.99
31.50
31.46
31.04
31.09
31.16
30.32
30.80
31.13
31.41
30.75
31.41
31.77
31.43
31.74
31.84
31.39
31.06
29.89
30.00
31.07
31.12
30.70
31.22
30.99
31.27
30.88
30.04
31.55
31.18
30.93
32.08
30.93
32.33
30.54
29.59
30.84
30.41
30.64
31.74
31.95
31.80
31.00
31.69
30.84
30.62
31.07
31.13
31.21
31.42
31.95
30.71
31.05
30.63
32.02
31.74
31.40
30.83
31.48
32.21
30.43
31.56
31.30
30.70
30.82
31.34
32.25
31.54
31.49
31.66
31.74
30.41
31.83
31.68
31.64
32.13
31.77
29.85
30.41
32.23
31.00
32.00
31.81
31.91
31.13
31.77
31.74
31.10
31.15
32.26
31.84
31.32
31.67
32.02
31.77
30.04
31.20
30.54
32.21
31.32
32.36
31.39
30.57
31.77
32.01
30.33
31.03
30.39
30.77
32.51
31.87
32.28
31.66
32.07
31.00
32.22
31.34
31.32
31.71
31.07
31.65
31.79
31.91
32.53
31.47
31.65
32.49
31.68
31.88
32.95
31.76
31.87
31.93
32.42
31.26
32.00
32.32
32.19
31.35
32.22
32.30
31.41
31.82
31.76
32.38
32.16
31.79
31.99
32.20
31.72
32.60
32.47
32.38
31.69
31.94
32.48
31.77
32.46
31.50
32.70
32.51
31.93
32.07
31.62
32.00
32.04
32.08
32.01
31.97
32.00
32.50
31.77
32.40
31.64
32.49
31.48
32.50
32.64
31.87
32.65
31.39
32.86
32.29
32.18
32.18
32.10
31.89
32.54
32.25
31.29
31.71
32.00
32.32
32.00
32.41
32.79
31.97
32.49
31.09
32.27
32.07
32.67
32.18
32.48
32.75
31.77
33.11
32.67
32.28
31.86
32.52
32.12
32.44
32.61
32.01
32.55
32.17
31.59
32.34
32.42
32.14
31.80
32.57
32.39
32.92
33.40
31.95
32.73
32.46
32.83
32.43
32.23
32.58
32.79
31.93
32.62
32.97
32.50
32.81
32.45
31.64
32.55
34.30
32.77
31.83
32.79
32.25
32.63
32.99
32.83
32.11
32.37
33.00
32.19
32.66
32.59
33.11
32.21
32.11
33.21
32.31
32.77
32.51
30.95
33.46
32.41
33.16
33.12
32.55
31.88
32.86
32.37
32.36
32.80
32.93
32.07
33.35
32.66
33.32
33.22
32.35
31.98
32.79
32.30
31.04
32.88
32.81
32.88
32.41
32.78
32.97
33.72
32.97
31.97
33.90
33.64
32.20
33.31
32.38
33.07
33.38
32.77
33.31
32.75
33.27
33.03
33.11
32.84
32.94
33.62
33.40
33.30
33.19
32.94
33.25
33.07
33.52
33.41
33.05
33.38
33.35
33.06
32.50
32.82
32.68
32.80
32.30
32.48
32.95
33.29
33.08
34.01
32.55
33.75
32.80
33.57
33.41
33.11
33.09
33.43
33.42
33.20
33.50
33.00
33.67
33.30
33.65
33.66
33.68
33.21
33.45
32.93
33.02
33.47
33.59
33.80
33.04
33.09
33.95
33.03
32.92
34.17
33.61
32.27
34.00
32.99
33.57
33.24
33.46
32.48
32.82
33.15
33.20
33.79
33.37
33.24
33.16
33.04
33.25
33.30
33.80
33.78
33.58
33.27
33.79
33.27
34.17
33.54
33.45
34.33
33.77
33.45
33.84
33.54
33.48
33.82
33.91
33.70
33.60
33.10
33.72
33.96
33.09
33.71
33.67
33.33
33.31
33.75
33.62
32.81
33.72
33.69
32.49
33.32
32.96
33.32
33.66
33.97
33.96
32.78
32.56
33.77
34.17
34.14
33.76
34.02
33.79
33.86
33.48
33.48
34.08
33.32
33.86
34.21
33.71
33.40
33.89
34.42
33.54
33.99
33.77
34.28
33.73
33.78
33.39
33.64
34.32
33.76
33.57
33.86
33.62
33.18
34.12
33.63
33.64
34.35
33.58
33.31
34.00
33.47
33.38
34.17
34.08
33.91
33.57
34.04
33.98
33.02
34.27
33.54
34.18
33.91
34.15
33.78
33.38
33.84
33.74
34.32
33.75
33.71
34.09
34.11
34.06
34.29
34.17
34.43
34.00
34.22
33.82
33.73
33.29
34.47
33.91
34.02
34.36
34.62
34.20
33.71
34.18
34.04
34.65
33.96
34.08
34.39
34.25
33.59
34.06
34.23
33.87
34.19
33.63
34.33
34.68
34.12
32.83
34.39
34.77
34.46
34.76
34.10
35.14
34.34
33.55
34.84
34.32
34.26
34.73
33.76
34.03
34.88
34.09
34.66
34.28
34.31
33.86
34.24
33.64
32.77
34.73
34.45
33.66
33.86
34.05
34.75
34.77
34.46
34.32
33.79
34.76
33.89
34.14
33.82
34.16
35.82
35.38
34.37
34.62
34.53
34.80
34.25
34.20
34.68
34.42
34.58
34.52
34.17
34.00
34.19
34.57
35.16
35.24
34.56
33.86
33.69
34.19
34.71
34.54
34.78
33.77
34.72
35.21
34.57
34.34
34.59
34.05
35.53
34.55
34.72
34.53
35.11
34.13
35.04
34.89
35.01
35.02
34.69
34.38
34.50
34.83
35.07
34.91
34.91
34.28
34.27
34.80
34.51
35.03
35.07
34.51
35.17
34.46
34.98
34.43
34.09
34.04
35.05
34.34
35.44
34.66
35.24
34.84
34.07
35.02
34.13
35.32
35.05
33.69
35.11
34.41
34.93
34.92
35.57
35.36
34.45
34.69
35.10
34.52
35.35
34.34
35.38
34.89
35.20
34.81
34.91
35.20
34.57
35.20
35.13
35.10
35.13
35.43
35.03
35.14
34.70
35.44
33.82
34.73
35.55
35.84
34.96
34.57
35.15
35.98
35.34
34.99
34.70
35.38
35.65
34.85
34.32
35.20
35.43
35.25
35.42
35.35
34.21
35.02
35.39
35.53
35.46
35.43
35.70
35.28
35.45
34.72
34.93
35.66
35.51
35.50
35.63
35.34
35.02
34.83
35.41
35.24
35.16
35.25
35.09
35.61
35.50
35.21
35.57
34.41
35.63
35.39
34.68
35.03
35.75
34.84
34.41
36.60
35.64
35.65
35.10
35.77
35.52
34.38
35.71
35.01
35.51
35.66
35.57
35.18
35.70
35.62
34.90
36.16
35.48
35.50
35.89
35.68
35.57
36.09
34.00
35.65
36.01
35.21
35.66
35.46
35.59
36.50
35.38
36.08
35.82
35.37
36.07
35.29
36.16
35.93
35.54
35.13
36.59
35.99
35.22
35.08
36.30
35.26
35.93
35.94
36.02
35.79
35.85
36.24
35.99
35.38
36.15
36.38
36.54
35.69
35.82
36.25
35.89
35.77
36.27
36.29
35.54
35.47
35.89
35.88
36.54
35.12
35.62
36.08
36.71
34.78
36.02
35.16
36.78
35.98
35.27
36.54
35.70
35.93
35.19
35.77
36.38
35.69
36.42
36.61
36.27
36.24
35.79
36.07
36.12
34.96
36.06
36.21
36.05
35.91
36.51
36.09
36.67
36.54
36.49
36.24
36.27
36.18
35.73
36.73
36.41
36.77
37.08
36.08
36.61
36.85
36.30
36.89
36.56
36.57
36.11
36.27
36.08
36.34
36.21
36.09
34.86
36.49
35.31
35.90
37.38
35.79
35.41
36.53
37.30
36.56
36.50
36.32
36.54
36.80
36.75
36.23
36.06
35.19
36.20
36.16
36.81
35.87
36.21
36.26
36.79
36.48
35.65
36.14
36.82
36.60
36.35
36.76
36.27
37.37
36.10
36.21
35.17
36.10
35.90
36.17
35.75
36.58
36.67
36.27
36.36
36.76
36.70
36.21
36.39
36.54
36.44
36.70
36.50
37.42
36.55
36.77
36.08
36.72
36.19
36.98
36.24
36.95
36.05
36.41
37.01
37.00
37.07
36.38
36.38
37.26
37.09
36.79
36.80
36.59
36.71
36.74
37.15
35.89
36.92
36.89
37.42
36.74
36.93
36.07
37.27
36.72
37.12
37.00
35.98
36.88
36.39
37.79
37.22
37.21
36.78
36.67
37.04
36.63
36.44
37.00
36.86
36.94
37.25
36.52
36.82
37.75
36.54
37.28
36.63
37.55
38.16
38.03
36.86
37.34
36.94
37.22
37.16
36.65
36.06
36.50
37.17
36.63
37.29
37.00
36.67
37.59
36.84
37.49
37.23
37.45
37.13
36.73
37.14
36.71
36.93
36.92
37.25
37.29
36.95
36.46
36.25
37.11
36.37
36.27
35.50
35.95
37.71
36.88
37.72
36.31
36.98
36.39
35.97
36.86
35.53
36.88
36.84
36.77
36.15
36.18
36.92
38.23
37.89
36.24
38.07
37.11
36.72
35.03
37.88
36.89
37.51
37.25
37.18
36.87
37.05
37.82
36.38
36.51
37.08
37.04
37.42
36.86
37.61
37.47
35.94
36.53
36.96
37.55
37.34
37.25
37.05
37.40
37.96
37.14
37.12
37.61
37.11
37.05
37.32
36.81
36.76
37.28
36.80
38.27
37.42
37.34
37.61
37.26
38.40
37.63
36.04
38.01
35.06
38.59
37.27
37.02
38.03
36.07
37.10
36.62
37.02
37.35
38.25
38.14
37.25
37.26
37.12
37.24
38.04
37.54
38.57
36.36
36.34
37.78
37.23
36.38
37.76
37.79
37.51
37.96
37.52
37.76
37.59
37.49
37.41
38.24
37.26
39.08
38.45
38.39
38.23
37.14
38.34
37.14
37.89
37.20
37.98
38.41
36.84
37.71
38.58
36.82
37.10
37.56
37.09
37.13
38.95
38.26
36.52
38.02
36.30
37.26
36.43
37.95
38.06
38.55
39.29
38.36
37.82
38.61
38.78
38.10
38.11
38.38
38.50
39.26
38.54
38.66
38.56
38.90
38.55
37.52
38.47
38.79
38.65
38.09
38.85
39.18
38.64
38.44
38.89
38.20
39.08
38.82
37.62
38.58
39.22
38.57
39.50
38.62
39.40
38.29
38.93
39.24
38.75
39.55
38.54
38.96
38.02
38.71
39.42
37.48
37.55
38.41
38.52
38.80
37.89
37.46
39.16
40.52
38.70
39.13
39.72
39.19
38.95
38.65
39.80
38.30
39.41
39.46
38.16
39.19
37.74
39.80
38.92
40.79
38.91
39.95
38.92
37.70
38.88
38.94
38.91
39.10
39.66
39.68
39.02
38.64
39.51
39.16
38.77
39.68
39.39
38.74
39.12
38.60
38.21
39.61
39.46
39.95
38.67
39.26
38.18
39.30
39.37
39.08
37.19
39.17
38.94
40.77
40.92
40.07
38.97
40.09
39.39
39.29
38.56
39.12
38.27
38.61
40.56
39.55
39.44
39.07
38.99
40.91
38.66
38.66
38.05
39.10
39.47
39.08
39.14
39.04
40.18
39.19
39.68
39.84
39.42
40.14
39.50
38.77
39.70
39.98
39.26
39.02
39.96
39.62
40.00
39.50
39.64
41.01
39.31
38.95
40.20
39.95
39.35
39.29
39.87
39.52
38.83
40.45
39.61
38.48
39.95
38.82
39.58
39.28
39.61
39.87
40.07
40.02
39.21
38.91
39.43
40.43
39.05
39.50
39.38
39.77
39.09
39.89
40.91
39.32
40.52
39.48
39.88
37.98
40.76
38.31
40.43
39.30
40.86
40.21
39.11
39.65
40.20
40.75
40.55
40.40
40.03
39.14
40.50
39.63
40.32
39.55
40.45
39.83
39.91
39.07
40.62
40.23
40.00
40.50
40.38
40.95
39.80
39.94
40.23
40.46
40.33
40.37
40.66
41.14
39.17
41.86
39.98
40.70
40.05
41.24
40.65
40.90
39.14
39.96
40.60
40.37
41.16
40.55
40.23
41.48
40.22
40.52
40.70
40.08
40.47
40.97
40.65
40.76
41.52
40.55
40.19
41.29
39.68
39.54
41.43
40.77
41.08
43.18
40.75
40.66
41.82
40.30
40.44
41.73
40.80
40.79
40.80
40.61
41.30
41.32
42.45
40.22
40.73
40.16
41.18
41.04
40.27
40.69
41.51
42.34
41.29
41.12
42.44
42.44
41.36
41.37
41.05
40.95
41.89
41.08
41.73
40.32
40.58
41.01
41.68
42.18
41.07
41.15
42.20
41.83
41.21
41.91
41.63
40.61
41.62
41.54
41.48
41.32
42.74
41.75
41.10
42.30
40.78
41.24
41.85
39.57
42.15
42.79
40.92
41.98
41.41
41.34
41.62
42.36
41.80
42.32
41.59
41.92
42.43
41.71
41.86
41.29
40.43
40.87
43.35
40.99
41.43
40.81
42.20
40.68
42.68
41.77
42.38
40.94
41.47
41.59
42.73
41.72
41.16
42.93
41.36
41.27
42.42
41.29
42.20
42.62
42.08
42.45
42.09
42.95
42.21
42.22
42.25
42.88
42.56
42.49
42.21
42.77
42.14
42.17
41.45
42.82
42.36
43.53
41.80
42.67
41.89
43.14
42.54
43.45
43.32
42.12
42.29
42.93
42.68
42.45
42.98
43.05
42.61
42.52
43.51
43.71
42.20
43.21
42.56
42.62
43.45
42.21
42.46
44.10
42.50
43.27
42.61
43.20
42.78
42.53
42.82
42.94
43.62
42.55
44.43
42.22
42.83
41.83
43.84
43.76
44.29
43.06
42.32
42.42
42.60
43.33
42.72
42.79
43.01
