11.86
92.77
117.25
118.93
118.66
118.55
118.54
119.24
118.49
119.11
118.71
119.05
118.58
119.34
118.28
119.33
118.53
119.26
119.12
119.23
119.42
119.07
118.98
119.66
119.42
119.31
119.39
118.95
119.24
119.22
119.14
119.39
119.50
119.12
119.22
119.36
119.49
119.26
120.04
119.54
119.34
119.48
119.18
119.91
119.06
119.26
119.26
119.48
119.18
119.09
119.47
119.28
119.43
119.94
119.44
119.43
118.54
118.89
123.25
119.08
118.78
118.32
119.42
118.89
119.26
119.38
119.50
119.48
119.06
118.59
119.21
119.56
119.52
119.29
119.54
119.04
119.38
119.40
120.25
119.14
119.18
119.09
118.77
118.88
118.88
119.00
119.29
118.96
123.43
119.42
119.43
119.07
119.53
119.14
119.25
119.12
119.24
119.38
119.15
119.21
119.21
119.25
119.46
119.68
119.25
118.84
119.27
119.37
119.52
119.09
119.14
119.24
119.20
119.75
119.27
119.55
119.23
119.14
119.20
119.42
119.27
119.00
119.20
119.71
119.35
119.32
119.07
119.34
119.36
118.86
119.14
119.48
119.54
119.37
119.36
118.98
119.34
119.29
119.38
119.31
119.27
118.96
119.08
119.05
119.15
119.40
119.30
118.97
119.29
119.14
119.36
118.98
118.99
119.42
118.97
119.18
119.18
119.11
119.00
118.83
118.78
118.91
119.30
119.05
119.30
118.94
118.96
118.90
119.74
119.37
119.30
119.19
119.12
122.08
119.40
119.16
119.26
118.72
119.23
119.23
119.38
118.84
119.24
119.07
119.34
118.88
119.06
119.12
120.05
118.96
119.09
119.13
119.39
119.75
119.36
119.05
118.98
118.89
120.19
119.28
119.47
119.15
119.31
119.48
119.12
119.18
119.14
119.19
119.48
119.39
119.18
119.09
119.21
122.46
119.27
119.17
119.19
119.22
119.81
119.22
119.17
119.19
119.44
126.12
119.53
118.92
118.96
119.24
119.37
118.94
119.11
119.20
119.33
119.21
119.37
119.25
119.41
119.23
119.10
119.44
119.29
119.04
119.33
119.07
119.20
119.27
119.57
119.18
119.07
119.07
119.46
119.18
119.46
119.10
119.14
119.23
119.03
119.05
119.27
119.32
119.25
119.22
119.21
119.91
119.03
118.98
119.19
119.10
119.10
118.98
118.88
119.09
119.29
119.57
119.00
119.62
119.48
119.39
119.80
119.36
119.55
119.39
119.60
130.90
119.36
119.16
118.94
119.22
119.17
119.31
119.11
119.21
119.25
119.39
119.26
119.08
119.11
118.75
119.29
119.17
119.37
119.11
118.39
119.02
118.96
119.11
119.45
119.48
123.64
119.15
119.43
119.36
119.33
119.18
119.38
119.02
118.99
119.19
119.34
119.33
119.25
118.87
119.02
119.18
119.20
119.15
119.38
118.84
119.80
119.18
119.14
119.27
119.13
119.19
118.98
119.19
119.21
119.23
119.35
118.93
119.09
119.20
119.37
119.46
119.23
119.05
118.96
119.18
119.40
119.22
119.48
119.07
119.04
119.49
119.28
118.27
119.37
119.07
119.02
119.31
119.34
119.21
119.21
120.48
119.02
119.16
119.52
119.33
118.86
118.77
118.93
119.31
119.54
119.24
118.93
119.16
119.30
119.04
120.55
119.08
118.98
118.95
119.13
119.16
119.36
118.59
118.20
119.12
118.71
118.66
119.24
119.29
119.19
124.51
119.21
119.19
119.04
118.73
119.16
119.02
119.08
119.18
119.30
119.05
119.16
119.02
119.27
119.01
119.37
119.18
119.43
119.13
118.75
125.00
119.50
119.32
119.32
119.24
124.94
119.33
119.21
119.38
119.34
119.07
118.95
119.04
119.20
119.16
119.62
119.04
119.16
119.01
119.54
119.09
119.02
119.21
119.35
119.26
119.48
119.29
119.21
119.07
119.26
119.02
119.09
119.05
118.63
119.13
119.92
118.29
118.05
119.03
119.12
118.89
118.80
119.07
118.34
118.71
118.91
119.09
118.97
118.49
118.33
119.23
119.29
118.90
118.72
119.52
119.41
119.12
119.45
119.23
119.11
119.64
119.61
119.32
119.11
119.22
119.16
119.12
119.26
118.79
119.21
119.16
119.31
119.00
119.20
119.41
123.11
118.95
119.06
119.29
119.40
119.47
119.48
118.93
119.18
119.33
120.11
119.01
119.44
119.18
119.38
119.27
119.05
118.95
118.33
119.29
119.18
119.13
119.20
119.12
119.52
119.56
118.97
119.00
119.16
118.97
125.32
119.30
118.71
118.85
118.39
119.30
118.40
118.88
118.96
119.26
119.03
119.31
119.20
119.03
119.36
123.65
119.24
118.05
119.43
119.23
122.11
119.18
119.25
118.91
119.11
118.89
119.11
119.01
119.43
119.21
123.73
119.22
119.39
119.16
118.68
119.41
119.47
119.08
119.38
119.23
119.49
119.20
119.24
119.07
119.28
126.11
119.41
119.30
119.16
119.12
119.18
119.25
119.34
119.35
119.29
119.02
119.07
119.56
119.47
119.45
119.29
119.14
119.25
119.12
119.32
119.23
118.95
118.79
119.18
119.29
119.55
118.84
118.97
119.11
119.20
119.18
118.96
119.28
119.14
118.91
119.46
119.26
119.17
119.35
119.46
119.02
119.27
119.34
119.40
119.28
119.38
119.18
119.41
119.12
119.13
119.62
119.10
119.21
119.17
118.89
119.34
119.25
119.38
118.90
119.23
118.89
119.08
119.14
119.27
119.02
118.89
119.21
119.28
119.26
119.17
126.40
119.07
119.08
119.17
119.05
119.25
119.04
119.50
119.40
119.62
119.14
119.43
119.12
119.36
119.29
119.36
119.11
119.08
119.20
119.45
119.23
119.47
119.24
119.55
119.54
119.41
119.29
119.38
119.21
118.99
119.92
119.48
119.41
119.67
119.37
118.96
119.03
118.88
119.27
119.40
119.38
119.42
119.16
119.17
119.50
119.73
119.29
118.88
118.89
119.20
119.07
119.39
119.31
119.17
119.32
119.33
119.16
119.58
118.96
119.15
119.55
119.32
119.33
119.29
118.92
118.91
118.98
119.39
119.22
119.46
119.10
119.19
119.01
119.18
119.14
119.57
119.17
119.33
119.09
119.09
121.21
119.24
119.48
119.33
117.76
119.31
119.12
119.35
119.38
119.26
119.48
118.92
119.30
119.52
119.16
119.23
119.19
119.18
119.43
119.38
119.16
119.29
119.12
119.22
119.30
119.52
119.38
119.25
119.08
119.32
119.60
119.30
119.36
119.65
119.05
119.12
119.41
119.48
119.48
119.38
118.95
119.19
119.06
119.23
119.04
119.55
119.23
119.29
119.41
119.36
119.28
119.18
119.23
119.41
119.27
119.33
119.28
119.36
119.28
118.94
119.13
119.37
119.11
119.20
119.00
119.00
119.38
119.03
119.15
119.35
119.61
119.18
119.30
119.30
119.32
119.16
119.09
119.20
119.08
119.16
119.17
119.29
119.29
119.25
119.08
119.39
119.31
119.33
119.18
119.05
120.03
118.96
119.19
119.50
118.99
123.76
119.16
119.21
119.36
119.52
122.85
119.25
119.44
119.49
119.05
119.37
119.11
119.06
119.08
119.25
119.27
119.26
118.85
119.38
119.25
119.82
119.15
119.04
119.07
119.23
119.22
119.18
119.07
118.97
119.07
120.32
119.24
119.29
119.18
119.36
119.14
119.27
119.24
119.06
119.19
120.27
119.29
119.06
119.38
119.17
121.99
119.12
119.11
119.36
119.31
119.32
119.23
119.29
119.02
119.34
126.06
119.20
119.27
119.66
119.11
119.14
119.25
119.29
119.30
119.50
119.61
119.15
119.27
119.55
119.42
122.67
119.37
119.34
119.25
119.50
122.74
118.91
118.59
119.27
119.08
119.18
119.30
119.37
119.14
119.12
119.14
119.04
119.32
119.29
117.65
119.10
119.32
119.20
119.07
119.14
118.92
119.17
119.21
119.14
119.25
119.50
119.02
119.02
119.31
119.24
119.12
119.26
118.93
119.16
119.34
119.25
118.99
119.48
119.15
118.93
119.11
119.30
119.29
119.31
118.93
119.62
119.08
119.23
119.33
119.34
120.58
119.17
119.04
119.32
118.97
119.07
119.12
119.11
119.21
119.12
119.34
119.30
119.14
119.17
119.45
119.85
119.50
119.32
119.24
119.21
119.52
119.12
119.16
119.37
119.07
119.67
119.03
118.97
119.12
119.19
119.93
119.09
119.09
119.36
119.32
119.29
119.03
119.09
119.07
119.36
119.07
119.07
119.10
118.97
119.18
119.36
119.14
119.38
118.93
119.32
119.12
119.23
119.27
119.00
119.05
119.05
118.96
119.37
119.36
118.88
119.04
119.29
119.10
118.60
118.87
119.47
118.85
119.38
118.91
118.95
123.02
119.13
118.98
119.17
119.01
119.27
119.15
119.11
118.86
118.70
118.66
118.97
118.82
118.86
119.00
119.14
119.20
119.11
119.09
119.34
119.14
119.04
119.16
118.84
118.98
119.17
118.88
119.38
119.41
119.10
119.01
119.35
119.27
119.11
119.06
118.91
119.22
118.82
119.18
119.35
119.32
119.45
119.34
119.34
118.98
119.55
119.39
119.44
119.16
119.11
118.95
119.27
119.34
119.01
118.96
124.96
119.00
119.05
119.02
118.76
119.43
119.32
119.12
119.26
119.41
119.20
119.06
119.42
118.96
119.16
118.86
118.94
119.12
119.09
118.70
118.96
119.12
118.10
119.06
119.13
118.92
119.25
119.11
119.14
119.19
119.06
119.04
119.18
119.27
119.25
119.65
119.32
118.93
118.99
119.05
119.80
119.11
119.07
118.81
119.33
119.16
119.15
119.11
119.22
118.97
119.03
119.19
119.26
119.25
119.16
118.96
118.96
119.14
119.29
118.98
119.24
119.12
119.22
119.14
118.99
119.35
119.15
119.00
119.12
119.08
119.17
118.98
119.00
118.93
119.02
119.89
119.19
119.17
119.03
118.78
122.43
119.25
119.23
119.38
119.44
118.84
119.05
119.33
119.32
119.36
120.02
118.90
119.31
119.28
119.24
118.98
119.33
119.05
119.21
119.14
119.73
119.18
118.95
119.29
119.15
119.42
119.28
119.29
119.50
119.14
122.45
119.36
119.00
119.28
119.51
119.20
119.51
119.24
119.33
119.25
119.09
119.16
119.28
119.21
119.28
119.14
119.01
118.75
119.29
119.25
122.65
119.25
119.21
118.83
119.05
118.96
119.37
119.21
119.12
118.96
119.16
119.10
119.08
119.00
119.40
119.40
118.95
119.27
118.96
119.25
119.62
118.99
119.43
119.12
119.30
122.70
119.18
119.11
119.26
119.16
119.68
118.93
118.95
118.92
118.94
119.31
119.41
119.34
119.35
119.03
119.09
118.41
119.12
119.14
119.30
118.84
119.20
119.31
119.09
118.92
119.16
119.11
119.20
119.23
119.32
119.35
119.05
118.96
119.23
119.40
119.52
119.20
119.27
119.03
118.83
119.49
119.15
119.27
119.30
119.10
119.48
119.13
119.12
119.14
118.36
119.02
119.19
119.22
119.52
119.28
118.98
118.98
119.30
119.02
119.27
119.12
119.20
118.68
118.77
119.10
119.48
119.35
119.05
118.76
119.01
119.82
119.12
118.87
119.06
119.00
119.45
119.18
119.29
119.36
119.07
119.51
119.09
119.46
119.36
119.33
119.37
119.20
119.02
119.34
119.39
119.00
119.10
119.01
119.31
119.16
119.73
118.99
119.53
118.96
119.29
119.32
119.44
119.02
119.25
119.04
119.17
119.39
119.26
118.91
119.09
118.86
119.16
118.89
118.96
118.88
119.07
119.05
118.91
119.43
119.31
119.64
119.27
118.89
119.11
119.11
119.35
119.25
119.14
119.28
119.20
119.29
119.35
119.13
119.31
119.14
120.30
119.14
119.29
119.23
119.28
119.06
118.82
119.21
119.21
118.98
119.36
119.07
118.98
119.46
119.03
120.76
119.13
119.01
119.10
119.10
124.37
118.96
119.09
118.76
119.04
122.92
118.93
118.94
118.99
118.95
119.14
119.36
119.36
119.04
119.20
119.14
119.23
118.65
119.13
119.13
119.09
118.92
119.01
119.17
119.24
119.22
119.15
118.98
119.16
119.32
118.98
119.16
119.29
118.65
119.39
119.02
119.14
118.99
119.02
119.16
118.94
119.19
119.11
119.34
119.11
119.12
119.32
119.19
119.25
119.18
124.59
118.94
119.28
119.21
119.23
119.03
119.29
119.07
119.09
119.32
119.46
119.31
119.19
119.32
119.18
119.24
119.00
119.26
119.16
118.90
120.48
119.32
119.06
119.02
119.17
118.99
117.90
119.30
119.35
119.29
119.54
118.92
119.23
119.07
119.14
119.04
119.18
118.88
119.07
119.20
119.32
119.27
119.21
119.05
119.02
123.67
119.12
119.30
119.45
119.19
119.33
119.29
119.34
119.36
119.25
119.03
119.05
119.24
119.48
119.11
119.61
119.16
119.26
119.21
119.19
119.81
119.20
119.08
119.39
119.00
119.29
119.13
119.32
118.95
119.04
122.31
119.09
119.31
119.38
118.88
118.91
119.16
119.47
119.01
119.23
119.21
119.27
119.11
119.18
119.35
119.04
118.98
118.86
119.46
119.23
119.38
119.29
119.06
119.17
119.02
119.54
119.27
119.02
118.86
119.03
119.66
119.18
119.00
118.38
118.92
123.18
118.34
118.40
119.20
119.02
122.20
119.20
119.16
119.20
119.27
119.11
118.90
119.13
119.16
119.10
118.89
119.05
118.96
118.93
119.17
119.23
119.27
119.68
119.07
119.37
120.02
119.34
119.05
118.90
118.95
119.34
119.19
119.38
119.03
119.31
123.71
119.07
119.31
119.44
119.29
120.02
118.81
119.19
119.00
118.97
119.25
118.93
119.18
119.25
119.09
122.29
119.27
119.36
119.03
119.20
118.89
119.32
119.18
119.24
119.05
119.94
119.09
119.10
119.22
119.25
119.08
119.29
119.15
119.36
119.38
119.54
119.15
119.36
119.11
119.34
119.61
119.36
119.27
119.03
119.33
118.91
119.20
119.16
118.90
118.84
119.02
119.32
119.18
119.26
119.38
119.56
118.92
119.32
119.15
119.28
118.82
119.08
119.04
118.15
119.21
119.11
118.99
119.35
119.31
119.27
119.17
119.10
118.96
118.75
118.19
118.16
119.02
119.12
118.74
118.71
119.51
118.38
118.39
118.47
119.00
119.64
118.18
118.09
118.81
118.69
121.88
118.41
118.99
118.58
118.94
118.79
118.98
119.23
118.23
118.35
119.12
118.49
118.98
118.97
119.22
119.12
118.55
118.39
118.87
118.92
118.10
118.25
119.18
119.23
119.08
118.88
119.14
119.18
118.26
118.34
118.80
118.42
118.86
119.07
119.19
118.25
118.82
118.87
119.04
119.17
118.89
118.51
119.02
118.96
117.91
119.05
118.84
118.39
118.26
118.73
119.12
118.30
119.00
119.26
119.04
119.30
119.27
119.20
118.93
118.79
118.98
119.25
119.25
119.05
118.84
118.76
119.07
119.18
119.25
119.12
119.98
119.24
119.14
118.98
118.97
119.08
119.16
119.12
119.07
119.02
119.37
119.12
119.16
119.18
118.96
119.98
118.89
119.03
119.26
119.41
122.01
119.23
118.92
119.63
119.21
122.16
119.23
119.29
119.24
119.44
119.02
119.38
119.01
119.07
119.04
119.25
119.27
119.11
118.91
119.23
119.14
119.33
119.03
119.38
118.95
119.11
119.23
119.29
119.34
119.13
119.08
119.19
118.97
119.16
119.17
125.64
119.01
119.16
119.37
119.14
119.04
119.28
119.18
119.11
118.87
118.88
119.03
119.18
119.09
119.04
119.05
119.06
119.08
119.11
118.77
118.93
119.14
119.00
119.08
119.06
120.48
119.11
119.28
119.18
117.77
118.96
118.86
118.96
119.30
119.13
118.89
118.91
118.98
119.23
118.74
125.55
119.51
119.08
118.84
118.94
118.93
118.99
118.86
118.86
118.76
118.85
119.23
119.26
119.10
118.92
118.87
118.98
119.27
119.27
119.05
119.14
119.16
119.09
118.96
119.63
122.13
119.26
119.16
119.04
119.00
119.40
119.41
119.18
118.88
119.11
121.84
119.09
119.28
119.13
118.98
119.00
119.04
119.04
119.02
119.25
121.26
119.15
119.30
119.31
119.32
119.41
118.88
119.00
119.27
119.11
118.91
119.43
119.02
119.35
119.09
119.04
119.32
119.09
118.87
119.12
119.80
119.17
119.26
119.25
119.13
118.93
118.94
119.00
119.18
118.77
119.20
118.97
119.21
119.16
119.18
118.98
118.98
119.22
119.00
119.43
119.19
119.10
118.82
118.79
118.81
118.99
119.11
119.17
119.16
119.01
119.34
119.20
119.28
119.06
118.62
119.08
119.21
119.52
118.96
119.28
121.94
119.20
119.28
119.20
119.43
124.40
118.93
119.07
119.01
119.21
118.82
118.89
118.86
118.77
118.68
119.06
119.20
119.07
118.66
119.26
119.61
119.01
118.98
119.26
118.98
119.40
119.16
119.21
119.20
119.20
123.61
119.21
119.10
118.71
118.32
118.17
119.06
118.33
118.79
119.30
119.88
119.23
118.84
119.02
119.15
119.81
119.02
119.33
119.04
119.28
119.38
119.09
