randwrite_job: (g=0): rw=randwrite, bs=4K-4K/4K-4K/4K-4K, ioengine=libaio, iodepth=4
fio-2.1.10
Starting 1 process

randwrite_job: (groupid=0, jobs=1): err= 0: pid=1809: Wed Sep 30 03:13:02 2015
  write: io=114438MB, bw=32551KB/s, iops=8137, runt=3600001msec
    slat (usec): min=1, max=186, avg= 8.33, stdev= 2.91
    clat (usec): min=7, max=20957, avg=480.61, stdev=345.95
     lat (usec): min=31, max=20964, avg=489.26, stdev=344.64
    clat percentiles (usec):
     |  1.00th=[   33],  5.00th=[   39], 10.00th=[   45], 20.00th=[   47],
     | 30.00th=[   63], 40.00th=[  266], 50.00th=[  660], 60.00th=[  796],
     | 70.00th=[  804], 80.00th=[  812], 90.00th=[  820], 95.00th=[  828],
     | 99.00th=[  876], 99.50th=[  900], 99.90th=[ 1160], 99.95th=[ 1208],
     | 99.99th=[ 1240]
    bw (KB  /s): min=22272, max=140104, per=100.00%, avg=32556.91, stdev=8468.80
    lat (usec) : 10=0.01%, 50=21.33%, 100=9.11%, 250=3.61%, 500=14.06%
    lat (usec) : 750=2.88%, 1000=48.76%
    lat (msec) : 2=0.24%, 4=0.01%, 10=0.01%, 20=0.01%, 50=0.01%
  cpu          : usr=3.63%, sys=10.46%, ctx=17408506, majf=0, minf=25
  IO depths    : 1=0.1%, 2=0.1%, 4=100.0%, 8=0.0%, 16=0.0%, 32=0.0%, >=64=0.0%
     submit    : 0=0.0%, 4=100.0%, 8=0.0%, 16=0.0%, 32=0.0%, 64=0.0%, >=64=0.0%
     complete  : 0=0.0%, 4=100.0%, 8=0.0%, 16=0.0%, 32=0.0%, 64=0.0%, >=64=0.0%
     issued    : total=r=0/w=29296232/d=0, short=r=0/w=0/d=0
     latency   : target=0, window=0, percentile=100.00%, depth=4

Run status group 0 (all jobs):
  WRITE: io=114438MB, aggrb=32551KB/s, minb=32551KB/s, maxb=32551KB/s, mint=3600001msec, maxt=3600001msec

Disk stats (read/write):
  sda: ios=84/29295619, merge=0/0, ticks=8/13858972, in_queue=13849272, util=100.00%
