11.28
43.61
53.29
56.90
56.59
59.25
60.03
62.81
61.93
62.95
61.07
60.63
61.40
62.63
63.69
65.20
64.46
63.55
64.53
64.29
65.54
64.88
65.86
65.36
65.74
66.17
65.34
67.27
65.47
65.95
65.57
69.00
66.71
66.82
65.85
66.61
65.06
65.79
66.62
66.36
65.89
66.46
65.17
66.94
64.73
66.98
65.78
66.31
66.50
66.43
65.40
67.70
66.34
66.05
64.35
66.96
66.04
66.88
66.32
66.32
67.07
66.13
66.39
67.27
65.78
66.28
65.36
66.96
66.27
66.86
66.40
67.64
65.09
67.41
65.39
66.82
65.73
67.12
65.12
66.09
65.61
66.48
65.89
67.29
66.11
66.51
65.77
66.02
65.77
65.89
65.64
66.73
64.63
66.63
66.40
66.46
66.34
66.00
65.68
66.06
66.30
69.55
65.88
67.55
66.03
66.76
66.05
66.38
66.72
66.26
66.59
67.29
65.86
65.73
65.63
65.62
66.55
66.23
66.30
67.62
66.83
66.30
66.50
66.07
66.52
66.32
66.27
66.11
66.77
66.43
66.77
66.75
66.83
65.78
66.74
66.13
65.96
66.14
67.71
65.82
65.75
65.97
66.88
65.84
66.11
66.47
65.92
67.00
64.37
66.85
64.89
66.85
65.45
66.41
65.12
65.89
65.74
65.51
66.02
65.62
65.22
66.44
65.59
67.60
65.43
66.08
65.54
66.56
66.50
66.96
67.14
65.41
65.96
65.75
66.31
65.75
66.82
65.15
65.96
66.00
65.29
67.20
65.70
65.89
66.33
66.48
66.03
66.24
66.13
65.52
65.99
66.76
65.87
65.86
65.40
67.18
65.14
67.17
66.38
65.88
65.38
66.98
66.00
66.71
64.86
66.92
65.06
66.18
66.61
66.27
65.09
66.00
65.80
67.15
65.62
68.28
64.61
65.59
66.66
65.86
65.12
66.37
65.95
66.19
67.14
66.46
65.77
66.09
66.90
65.29
67.79
68.80
66.58
65.88
66.96
65.11
66.39
65.33
66.30
65.44
66.86
66.34
65.79
67.70
64.82
66.50
66.15
66.12
64.78
66.86
65.06
67.09
66.20
66.21
65.64
66.57
66.67
66.06
66.46
66.25
65.18
66.58
66.12
65.93
66.55
65.37
66.19
66.28
64.42
66.21
65.77
67.49
66.44
66.62
65.57
66.30
66.38
66.35
64.85
66.67
65.65
66.57
66.42
66.05
66.37
67.38
68.36
66.55
66.81
65.93
67.38
66.25
66.24
66.21
65.12
65.74
66.98
65.23
65.84
65.24
65.66
66.41
66.18
65.88
66.84
65.56
66.27
66.84
65.39
66.46
65.11
66.21
66.30
65.90
66.69
65.01
69.55
67.10
66.36
65.67
67.12
65.32
66.18
66.62
65.91
66.64
67.23
65.35
66.93
65.70
66.29
65.95
65.93
66.39
64.89
66.72
65.34
65.47
66.14
65.76
65.50
68.33
66.44
63.88
67.34
65.98
66.03
66.65
65.22
66.89
65.67
66.16
66.50
65.14
65.46
67.00
66.64
67.33
64.99
65.16
66.77
65.80
67.23
66.97
66.11
65.71
65.64
66.65
65.98
66.31
66.47
67.03
65.66
65.93
65.71
66.02
66.14
66.84
65.38
66.82
65.58
67.69
64.67
67.32
65.07
67.03
65.80
66.24
65.77
66.87
66.41
66.66
65.29
65.95
65.86
66.35
65.06
66.88
65.46
66.73
66.17
66.20
66.05
66.33
65.10
65.45
66.67
66.49
65.06
66.02
66.78
66.34
66.22
64.59
67.02
65.78
66.33
65.84
66.62
67.05
65.84
65.74
66.11
66.24
65.88
66.63
65.30
66.73
66.18
65.86
66.77
67.89
64.68
65.76
66.76
66.14
65.38
65.82
66.48
67.10
66.73
65.52
65.74
65.41
65.64
65.64
66.74
66.66
65.59
65.81
65.21
69.95
66.02
66.78
65.56
66.48
65.09
66.46
65.46
66.86
65.79
69.34
65.23
66.41
65.94
66.80
68.34
64.72
66.82
65.27
66.30
65.54
66.88
64.98
65.51
67.27
66.48
66.11
65.15
67.47
66.74
66.25
67.11
65.30
66.99
66.42
66.30
66.14
65.04
65.79
66.05
66.50
66.99
67.29
66.41
66.61
66.14
65.53
66.06
65.59
66.93
65.55
66.75
66.18
66.04
66.13
66.69
65.91
66.58
65.87
65.88
69.55
65.61
67.39
65.32
66.67
65.53
65.32
65.91
65.59
65.10
66.17
65.16
65.95
67.13
66.45
65.73
67.23
65.62
66.54
66.56
65.66
66.11
65.89
66.12
65.86
66.28
66.00
66.39
66.56
65.37
66.31
64.84
67.20
65.50
66.55
65.95
67.29
65.80
66.17
66.21
69.18
66.08
65.46
67.69
66.34
70.10
66.26
65.86
66.60
66.09
67.98
66.19
66.86
66.15
66.66
66.50
66.54
66.45
67.13
66.43
67.20
66.89
65.77
66.30
65.28
67.66
64.85
67.08
65.34
66.29
68.20
66.00
67.39
65.74
66.60
65.17
66.64
66.08
66.89
64.91
66.47
66.68
67.11
66.64
66.98
66.41
65.94
65.82
67.00
65.75
65.69
64.83
66.61
66.08
66.62
66.21
66.32
65.97
66.03
66.50
65.85
65.46
66.00
65.68
67.30
65.84
66.75
64.94
67.50
63.87
69.71
64.20
67.88
64.61
67.42
65.00
67.54
65.54
66.60
66.35
66.00
66.47
64.77
67.29
65.62
71.00
65.86
66.94
65.42
66.50
66.80
65.95
66.69
65.29
65.60
66.64
66.70
65.17
66.06
65.68
66.25
65.26
66.25
66.41
66.02
65.77
65.19
66.18
66.96
65.52
66.32
65.87
66.44
65.68
65.70
65.54
65.52
66.71
67.02
66.01
67.29
65.32
65.77
66.80
65.75
66.70
66.83
66.64
66.08
66.47
66.54
64.70
67.72
65.51
66.20
67.75
65.73
66.91
65.20
66.61
66.24
66.91
65.16
66.57
66.39
66.24
65.68
65.81
66.82
65.24
66.37
65.57
65.89
66.38
65.59
68.75
66.24
65.26
67.07
66.02
67.00
65.74
67.02
65.81
67.11
65.56
67.56
65.64
65.98
66.78
64.62
66.58
65.92
67.48
65.30
68.12
64.93
66.94
66.36
67.06
63.92
66.88
65.29
67.55
65.50
69.92
66.07
66.39
65.56
66.51
66.06
66.61
65.70
65.81
66.81
65.73
67.00
66.39
66.27
67.53
65.36
67.08
65.92
66.30
66.15
69.15
65.87
65.84
66.64
65.71
66.32
67.00
65.89
66.05
66.56
66.07
66.65
65.48
66.40
66.14
66.18
65.41
65.57
66.66
65.52
66.82
65.46
66.46
65.80
65.77
65.70
66.81
65.74
66.36
66.55
66.56
65.63
66.26
66.90
65.58
67.23
64.45
67.76
65.57
68.23
64.52
66.25
65.39
66.41
64.64
66.96
66.62
65.73
65.84
66.10
67.13
66.93
65.62
67.07
65.49
65.55
64.93
66.54
66.45
66.27
65.46
66.95
66.58
66.91
66.77
66.97
66.46
66.76
67.23
65.76
66.24
65.73
66.68
65.88
66.66
66.30
66.12
65.19
66.02
65.33
66.70
65.65
65.34
65.84
66.42
65.96
65.84
65.74
66.79
66.45
66.85
65.30
66.80
64.83
66.70
65.38
66.65
66.48
66.33
66.12
66.38
65.85
66.52
66.37
66.51
67.41
66.77
66.92
67.84
65.86
67.34
66.20
66.16
65.92
66.83
67.40
66.45
65.77
66.04
66.18
68.45
66.20
65.73
66.12
64.98
68.03
65.77
67.98
65.23
66.59
65.40
67.21
65.05
66.24
66.05
66.99
66.22
67.08
66.47
65.62
67.07
65.79
66.95
65.14
67.45
65.82
66.64
65.68
66.64
66.14
66.99
65.51
65.91
66.25
65.88
68.30
66.61
65.12
65.04
67.35
65.70
66.92
65.77
67.99
65.77
68.05
66.69
66.18
67.01
66.30
66.32
66.04
66.88
65.45
66.70
65.54
67.45
65.35
67.10
67.07
68.80
66.48
66.19
66.07
66.53
66.88
67.07
66.19
66.33
66.74
66.15
65.98
65.79
65.85
66.22
69.49
66.28
66.54
66.83
66.09
66.95
65.19
66.50
65.32
67.01
65.69
66.85
66.46
66.67
65.88
66.85
66.32
65.70
66.32
64.99
67.47
66.24
66.22
66.67
65.06
69.97
66.46
67.47
65.07
68.30
65.63
66.83
66.41
66.89
64.74
70.32
65.13
66.94
65.49
66.79
65.57
66.36
65.13
66.62
65.24
66.11
65.49
65.93
65.45
66.82
65.77
67.27
66.71
66.58
65.98
71.49
65.64
66.71
65.95
65.96
65.90
66.36
66.09
66.06
66.02
66.00
66.36
66.69
66.81
65.48
67.62
66.03
67.17
66.54
66.39
64.43
56.26
55.87
52.32
54.18
52.32
51.79
50.94
51.97
52.54
53.96
52.24
53.00
51.95
52.88
51.10
51.68
51.01
51.97
51.96
51.92
51.45
51.23
51.49
52.04
51.94
51.13
51.92
52.53
51.86
51.32
50.71
52.84
50.90
52.54
50.99
51.46
51.77
50.07
51.98
50.84
52.16
50.80
51.23
52.57
51.31
52.39
49.49
51.61
53.79
49.66
52.72
50.66
50.89
50.97
51.00
51.80
50.86
51.03
52.04
50.84
52.82
50.90
51.24
52.09
53.27
51.92
51.56
53.29
51.58
52.23
52.02
51.49
52.35
51.52
51.95
51.36
51.06
52.15
52.27
51.03
52.52
50.93
52.36
50.53
52.41
51.02
52.48
52.34
50.93
52.47
49.84
52.22
51.65
52.23
51.79
51.83
53.20
52.33
51.60
51.25
51.20
53.66
50.75
52.43
52.68
50.84
51.73
50.08
52.44
52.11
51.29
51.62
51.71
52.73
50.27
50.59
52.74
52.38
51.64
52.40
53.33
52.49
52.64
51.85
50.75
51.68
51.18
51.81
51.37
50.85
51.37
51.74
51.01
51.34
53.24
52.20
52.01
52.08
49.91
52.16
51.85
51.88
50.98
51.05
52.87
50.23
51.36
51.08
52.21
53.29
51.13
52.35
50.51
51.33
52.34
50.77
52.54
50.17
51.71
52.24
52.36
52.02
50.36
52.48
51.21
50.41
51.60
50.54
52.56
50.79
51.19
52.45
50.38
54.25
50.55
51.94
52.31
50.29
53.67
51.23
51.91
50.80
51.43
52.15
50.95
51.72
51.00
51.08
52.94
50.79
52.18
51.14
51.05
52.36
52.29
53.34
50.57
52.26
50.67
51.32
52.34
50.49
52.06
50.71
52.81
52.53
51.60
52.76
51.69
50.82
51.33
50.22
51.43
51.46
51.70
51.61
50.54
52.13
52.51
51.69
50.68
51.11
52.59
51.10
52.18
51.06
50.79
51.86
50.66
53.23
50.97
51.39
51.37
52.09
52.91
51.34
51.93
51.25
51.38
51.32
51.81
51.93
52.07
51.06
51.69
51.72
51.93
51.97
51.19
50.71
52.80
51.79
51.57
51.01
50.79
51.70
51.78
51.24
50.73
51.23
52.02
51.55
51.20
49.75
51.82
52.31
49.84
52.38
52.39
52.48
51.94
50.84
52.61
50.98
51.37
51.90
50.81
52.71
50.19
52.22
52.53
50.44
52.79
50.02
51.63
53.01
50.28
52.79
50.08
50.79
52.75
49.69
52.36
50.47
52.02
53.03
50.20
51.28
50.54
51.55
52.57
50.09
50.21
49.98
51.66
52.64
51.53
51.19
51.30
52.52
53.85
49.32
51.51
50.60
52.16
52.32
50.59
53.42
51.18
50.63
52.54
50.12
51.98
50.80
50.38
50.98
49.79
52.32
51.54
51.17
52.35
50.95
52.30
51.32
50.53
52.09
52.57
51.54
51.06
51.77
51.27
50.75
51.44
51.53
51.53
51.77
51.00
50.99
52.25
50.21
52.17
51.11
52.07
50.89
50.29
52.34
52.04
51.48
51.50
52.40
50.64
52.41
51.16
50.50
52.92
50.14
50.86
51.96
51.53
51.76
51.12
51.64
52.07
51.41
53.21
51.04
50.95
52.01
50.09
52.05
51.95
51.82
51.78
50.88
50.74
51.14
51.70
52.61
50.77
51.57
52.45
52.30
52.65
50.60
52.82
52.89
51.13
51.85
50.61
52.04
52.75
51.93
51.85
51.59
52.58
52.41
50.71
51.83
52.33
53.79
51.20
51.85
51.59
51.11
51.76
52.52
52.09
50.81
51.78
52.07
50.12
52.19
51.11
52.01
53.20
50.25
52.70
50.66
50.93
53.16
52.04
52.79
50.34
50.75
51.26
51.60
53.12
50.76
51.62
52.74
50.82
52.75
50.79
52.06
52.33
50.21
51.42
51.86
51.46
53.50
50.34
51.91
51.48
51.92
50.78
51.09
50.71
51.38
50.29
52.57
52.02
51.25
50.96
52.12
51.83
51.03
51.92
52.28
51.59
51.51
52.30
50.55
51.68
50.95
54.11
50.47
52.93
52.14
52.55
53.00
50.34
52.37
51.41
52.11
51.77
50.15
52.41
51.50
51.56
51.55
51.19
52.75
50.19
52.62
50.76
51.01
53.00
52.14
52.21
51.87
51.87
52.31
49.77
52.59
52.72
50.79
51.50
51.45
51.21
54.51
50.57
51.33
52.88
51.60
53.32
50.82
51.44
53.44
51.75
52.59
51.69
51.20
52.11
51.71
53.33
52.01
50.85
51.71
50.26
52.78
51.92
50.00
53.51
49.67
51.36
52.02
50.96
52.45
50.72
52.31
51.31
49.61
53.15
50.57
52.11
51.50
51.32
52.91
50.57
51.56
50.41
51.93
51.75
51.27
50.92
51.48
50.67
50.91
51.18
53.16
50.89
51.47
51.70
51.43
52.56
49.59
51.41
53.15
51.49
52.48
49.66
50.99
51.56
51.19
50.97
50.40
51.98
51.70
50.91
52.12
50.78
51.10
52.37
50.10
52.27
51.79
50.93
52.12
51.11
51.62
51.38
51.28
52.78
51.20
51.99
50.18
51.11
51.21
50.96
52.89
50.13
52.35
50.89
52.72
51.70
51.09
52.40
51.71
52.08
50.05
51.91
50.96
53.00
50.96
51.38
52.68
51.77
52.42
49.97
50.87
51.13
51.04
53.03
48.91
52.45
51.80
51.70
51.14
49.96
52.26
49.82
51.55
50.95
50.61
52.38
50.31
51.34
51.43
50.76
52.20
50.82
52.29
51.53
52.85
49.84
52.29
50.31
50.93
51.52
50.52
51.50
51.86
52.95
51.82
50.07
52.62
49.59
49.68
52.61
50.04
52.21
51.96
50.27
52.32
50.06
51.97
51.46
50.81
51.25
51.79
51.50
51.47
52.11
51.30
51.57
51.74
50.86
52.22
50.49
52.49
51.31
50.66
51.31
50.48
52.89
51.16
50.54
51.55
51.98
52.04
52.35
51.86
51.32
51.42
50.96
52.82
51.27
50.56
51.52
51.39
52.75
49.42
51.35
51.52
52.08
51.67
51.40
51.82
50.92
52.23
51.19
50.55
50.62
51.47
51.09
50.35
51.03
51.39
51.82
50.71
51.02
51.89
50.69
50.77
51.71
51.16
50.73
52.44
51.20
52.16
53.15
51.23
52.13
50.12
51.98
51.26
51.14
50.67
51.32
50.55
51.92
51.71
50.69
52.72
51.69
52.69
51.23
50.37
50.94
51.28
50.91
51.27
50.89
51.57
50.43
51.31
52.18
50.19
52.20
50.08
51.38
50.43
50.81
50.68
51.31
50.48
50.90
51.73
51.15
51.52
51.07
51.10
52.20
50.75
52.50
50.82
52.06
50.12
52.71
51.10
51.46
51.32
50.38
52.64
51.09
51.70
51.36
50.61
51.89
53.73
50.32
53.12
51.16
50.81
52.73
50.86
53.15
50.77
51.34
51.99
50.68
51.27
50.02
50.85
52.30
51.69
51.79
52.03
51.14
52.67
51.07
51.46
52.14
50.45
51.46
52.38
50.00
52.35
50.85
53.35
51.00
53.13
51.70
52.33
54.05
50.49
50.38
49.97
51.18
52.74
51.82
51.84
51.87
51.65
52.89
51.75
49.42
52.11
51.11
52.69
51.32
52.66
50.66
50.04
52.83
49.77
51.31
51.25
50.66
51.36
50.66
50.44
52.33
50.76
50.49
51.77
50.04
51.35
50.36
51.90
51.72
51.61
51.63
51.15
49.52
51.91
52.42
52.40
51.70
51.34
51.88
51.11
51.14
51.31
51.14
50.66
50.45
52.83
49.95
51.27
52.45
49.79
52.09
50.43
52.07
51.55
53.54
49.52
50.25
52.78
50.86
51.20
52.09
50.75
51.76
52.48
51.37
52.89
51.21
50.05
50.71
50.76
50.46
51.52
52.16
51.46
50.45
50.79
51.65
51.89
51.29
51.36
50.68
51.79
52.68
51.44
51.60
50.54
51.90
51.31
50.15
52.32
50.66
51.08
51.80
51.11
51.13
51.33
51.37
52.09
51.46
51.32
51.93
50.39
51.64
50.95
50.78
50.78
51.31
51.49
52.06
51.48
50.13
53.33
51.41
51.41
51.54
50.43
50.94
51.78
50.72
52.26
50.14
52.25
49.65
50.98
51.92
51.72
50.57
50.48
52.48
50.37
50.84
51.39
52.02
51.24
49.91
