12.49
296.34
337.55
337.64
337.63
337.62
337.52
337.51
337.54
337.61
337.43
337.50
337.54
337.61
337.80
337.95
337.88
337.73
337.89
337.88
338.01
337.37
337.69
337.71
337.62
337.55
337.00
337.68
337.73
337.08
337.75
336.73
337.84
338.07
337.80
337.77
337.89
337.79
337.52
337.80
337.68
337.55
337.81
337.81
337.81
338.18
337.75
337.91
337.75
337.71
337.72
337.98
337.83
337.83
337.90
337.61
337.53
337.53
338.03
337.99
337.84
337.84
337.87
337.68
337.97
338.09
337.83
337.58
337.95
337.91
337.96
337.80
337.86
337.85
337.98
338.31
337.98
338.17
338.05
338.00
337.88
337.76
337.86
337.99
337.91
337.61
338.07
337.97
337.72
337.89
337.68
338.02
337.75
338.09
337.60
337.45
338.25
337.84
337.83
337.89
337.81
337.96
337.92
338.00
337.91
337.90
337.80
337.76
337.72
337.86
337.73
337.81
337.80
337.85
337.81
337.63
337.98
337.94
338.10
337.94
338.12
337.96
337.76
337.88
337.55
337.63
337.55
337.77
337.67
337.73
337.85
337.67
337.86
337.77
337.67
337.62
337.79
338.07
337.84
337.62
337.70
337.76
337.60
337.55
337.96
336.76
337.86
337.94
337.77
337.71
337.69
337.90
337.88
337.90
337.75
337.70
334.48
337.93
337.23
337.77
337.89
337.72
337.72
337.93
337.78
337.64
337.56
337.72
337.77
337.93
337.52
337.60
337.66
337.72
337.59
337.72
337.70
337.78
337.81
337.73
337.76
337.71
337.64
337.52
337.55
337.70
337.52
337.16
337.91
337.91
337.89
337.64
337.51
337.84
337.52
337.51
337.65
337.55
337.53
337.66
337.79
337.73
337.45
337.37
337.36
337.49
337.70
337.64
337.67
337.59
337.69
337.71
337.52
337.71
337.40
337.57
337.71
337.88
337.75
337.71
337.72
337.74
337.52
337.62
337.38
337.60
337.69
337.68
337.69
337.93
337.59
337.65
337.49
337.50
337.50
337.34
337.53
337.91
337.70
337.69
337.55
337.56
337.34
337.41
337.76
337.71
337.47
337.75
337.50
337.52
337.63
337.85
337.71
337.66
337.80
337.70
337.80
337.66
337.42
337.63
337.64
337.53
337.81
337.47
337.67
337.77
337.45
337.61
337.74
337.52
337.65
337.65
337.74
337.51
337.58
337.71
337.70
337.40
337.49
337.70
337.58
337.58
337.43
338.03
337.77
337.69
337.49
337.46
337.55
337.46
337.55
337.74
337.43
337.53
337.66
337.77
337.56
337.46
337.59
337.76
337.47
337.61
337.67
337.49
337.51
337.20
337.63
337.50
337.51
337.66
337.77
337.98
337.25
337.43
337.63
337.66
337.67
337.55
337.48
337.59
337.68
337.76
337.54
337.71
337.62
337.10
337.62
337.56
337.75
337.61
337.77
337.55
337.59
337.13
337.43
337.62
337.70
337.12
337.38
337.51
337.66
337.63
337.66
337.62
337.61
337.68
337.52
337.74
337.69
337.57
337.71
337.32
337.61
337.50
337.51
337.60
337.71
337.60
337.60
337.58
337.73
337.75
337.42
337.62
337.56
337.59
337.59
337.63
337.54
337.56
337.29
337.51
337.72
337.88
337.37
337.76
337.54
337.72
337.68
337.64
337.57
337.61
337.60
337.08
337.68
337.46
337.79
337.51
337.68
337.75
337.73
337.77
337.38
337.57
337.80
337.51
337.66
337.56
337.47
337.50
337.66
337.94
337.55
337.53
337.73
337.50
337.39
337.57
337.61
337.30
337.56
337.64
337.44
337.40
337.46
337.61
337.55
337.79
337.69
337.62
337.66
337.82
337.79
337.72
337.74
337.41
337.73
337.62
337.50
337.59
337.66
337.81
337.74
337.59
337.36
337.58
337.79
337.55
334.54
337.68
337.70
337.75
337.62
337.95
337.62
337.58
337.71
337.49
337.62
337.62
337.53
337.69
337.81
337.56
337.68
337.46
337.60
337.66
337.30
337.91
337.58
337.62
337.56
337.98
337.69
337.48
337.36
337.45
337.55
337.59
337.69
337.64
337.41
337.81
337.89
337.76
337.64
337.40
337.47
337.33
337.67
337.34
337.36
337.48
337.67
337.70
337.05
337.48
337.45
337.81
337.56
337.74
337.70
337.30
337.50
337.45
337.56
337.82
337.35
337.45
337.26
337.55
337.49
337.58
337.68
337.55
337.70
337.96
337.77
337.29
337.56
337.49
337.77
337.68
337.79
337.64
337.50
337.24
337.54
337.89
337.68
337.24
337.18
337.70
337.77
337.59
337.63
337.68
337.59
337.84
337.61
337.62
337.71
337.67
337.64
337.46
337.52
337.23
337.53
337.62
337.62
337.61
337.63
337.54
337.56
337.36
337.70
337.76
337.65
337.63
337.55
337.75
337.61
337.66
337.55
337.18
337.55
337.29
337.04
337.43
337.38
337.72
337.73
337.61
337.44
337.40
337.40
337.75
337.74
337.68
337.35
337.66
337.48
337.32
337.62
337.64
337.83
337.77
337.61
337.76
337.62
337.59
337.37
337.73
337.52
337.34
337.63
337.57
337.73
337.53
337.71
337.67
337.82
337.69
337.83
337.71
337.66
337.44
337.68
337.57
337.29
337.66
337.52
337.74
337.72
337.61
337.57
337.71
337.59
337.60
337.61
337.46
337.57
337.53
337.73
337.54
337.71
336.82
337.08
337.52
337.61
337.47
337.66
337.49
337.57
337.41
337.78
337.34
337.65
337.78
337.47
337.49
337.56
337.61
337.49
337.80
337.55
337.75
337.30
337.45
337.50
337.71
337.62
337.61
337.96
337.80
337.57
337.37
337.64
337.23
337.75
337.68
337.39
337.53
337.55
337.65
337.50
337.49
337.69
337.62
337.56
337.60
337.70
337.57
337.55
337.62
337.32
337.53
337.47
337.36
337.54
337.49
337.73
337.34
337.61
337.68
337.45
337.23
336.56
337.09
337.44
336.98
337.34
337.36
337.06
336.60
336.86
336.38
335.80
335.53
334.44
333.43
333.39
331.52
331.09
329.11
325.75
319.34
301.85
