11.58
115.26
145.04
144.75
145.51
145.79
143.86
145.11
143.92
144.38
145.69
144.01
144.53
145.24
145.93
144.29
145.52
144.64
145.45
144.39
144.48
145.11
144.40
144.84
144.80
143.97
144.78
145.24
144.53
144.74
144.70
143.67
145.70
145.56
144.34
145.38
144.75
145.06
144.72
144.27
143.99
144.34
143.95
144.31
144.90
144.81
145.18
144.54
143.84
144.77
145.19
144.04
143.70
144.45
144.73
145.02
144.82
144.79
143.44
146.38
145.13
145.45
145.25
145.20
143.82
144.82
143.98
144.32
144.09
144.72
143.80
143.76
145.45
144.35
145.41
144.67
145.02
144.67
143.61
145.46
143.74
143.16
144.12
145.16
144.96
144.42
143.70
145.48
144.21
145.14
145.33
144.10
144.83
143.64
145.68
144.34
143.49
145.86
145.34
144.51
144.13
145.14
145.43
145.09
144.98
145.08
144.71
143.77
145.54
145.38
145.39
144.96
145.95
143.72
143.64
144.54
145.63
143.73
145.77
145.25
143.82
145.18
143.77
143.46
144.76
143.92
146.02
144.37
143.12
145.73
144.66
144.09
145.58
144.76
142.78
144.75
143.31
144.46
145.15
145.08
144.95
144.96
144.05
145.19
144.27
144.91
144.69
144.41
144.56
145.29
144.87
144.84
144.46
145.16
143.92
143.42
145.48
144.16
144.55
143.96
143.17
144.09
144.55
144.18
143.94
145.80
144.30
143.48
145.11
145.29
144.63
144.52
144.93
144.65
144.64
144.25
144.29
144.42
144.66
144.61
145.98
143.98
145.91
145.73
144.98
145.41
143.81
145.05
144.86
144.72
144.49
144.09
144.59
145.05
144.18
144.62
144.63
145.48
145.08
145.22
144.98
145.09
143.23
144.07
145.00
142.34
145.07
144.54
144.27
144.73
144.21
144.31
145.51
144.39
144.15
144.36
144.47
145.79
143.64
144.84
144.22
145.70
143.52
144.08
144.14
145.34
144.35
143.70
143.84
143.90
145.76
145.69
145.02
144.85
144.61
144.18
144.58
143.74
143.38
143.23
144.75
145.85
144.73
144.44
143.11
145.36
143.90
144.38
144.16
144.00
145.33
144.01
144.48
145.25
145.23
144.77
145.34
145.30
143.77
144.80
145.21
145.23
145.71
145.22
144.24
144.22
145.20
144.91
144.46
144.62
143.86
146.48
144.23
144.79
145.46
144.46
144.50
144.44
143.71
143.79
145.12
145.22
144.08
145.29
144.02
144.46
144.98
144.85
145.50
144.14
144.74
145.71
145.16
144.43
144.94
143.70
145.03
143.89
143.79
145.05
145.38
144.64
144.79
143.97
144.75
145.65
143.45
144.01
145.14
144.77
144.62
144.67
144.71
144.71
143.40
144.46
145.13
143.85
145.45
144.18
145.15
144.25
144.38
142.25
144.87
144.75
143.79
145.36
143.86
145.29
144.86
145.05
145.13
144.55
144.11
144.14
144.05
144.32
144.24
144.76
145.30
143.11
145.77
145.64
144.05
143.86
144.77
145.01
144.70
144.07
145.09
145.70
144.14
143.73
145.39
144.53
145.86
143.76
143.92
145.22
143.69
145.16
144.53
145.16
145.20
144.17
145.58
143.14
143.64
144.55
144.39
143.97
145.61
145.13
144.53
144.05
144.86
145.41
144.15
145.12
145.20
144.48
144.14
144.52
143.68
144.79
143.67
145.53
143.88
143.72
145.43
145.89
144.75
144.34
144.91
146.04
145.37
144.72
144.59
145.53
143.67
144.00
144.17
146.12
145.28
144.46
144.59
145.21
145.74
146.96
144.96
145.50
144.09
145.38
144.66
144.83
144.44
144.70
144.16
145.00
144.27
145.61
145.95
144.84
144.84
143.92
143.41
143.96
145.00
145.02
145.59
145.45
145.10
144.87
145.32
144.52
143.70
144.73
144.87
145.57
145.42
144.66
144.98
144.41
144.47
144.90
144.60
144.91
145.56
144.47
146.46
144.43
145.28
144.50
143.77
144.92
144.21
144.29
145.38
145.78
145.03
144.76
145.49
145.50
144.50
144.42
144.91
144.14
144.14
144.75
145.71
145.27
144.86
144.62
145.31
144.06
145.09
144.22
145.37
145.17
145.00
145.62
145.41
144.39
144.00
144.27
145.53
145.44
144.84
145.15
144.84
145.23
144.24
145.12
144.71
145.43
144.11
144.68
143.58
144.63
144.34
145.11
145.07
145.14
145.54
145.42
144.64
144.66
144.15
143.88
144.45
145.18
146.36
143.53
144.26
146.16
144.29
144.42
145.34
146.16
144.01
145.07
145.80
146.16
144.35
143.32
144.65
147.07
144.67
145.59
143.42
145.64
143.93
144.44
144.63
144.35
145.63
145.62
144.79
144.97
143.06
144.11
145.78
143.97
145.40
145.45
143.97
144.29
145.61
144.05
146.02
143.77
143.36
146.14
144.53
144.62
145.65
143.82
145.61
144.91
144.68
144.34
144.99
144.38
144.69
145.14
144.82
145.86
144.34
145.81
145.41
145.60
144.82
143.12
144.19
145.71
145.52
144.69
144.23
145.36
144.57
144.52
144.41
144.52
145.37
145.55
144.05
144.89
145.98
145.55
146.15
145.83
143.68
145.72
145.54
144.32
144.57
144.39
145.82
145.57
145.86
144.20
145.11
145.85
144.64
144.98
145.65
145.00
146.10
144.38
145.71
146.05
144.45
145.35
145.48
143.67
144.17
144.21
144.64
145.35
144.73
144.71
144.23
145.94
144.71
144.32
144.80
144.05
145.03
144.85
145.38
144.64
144.98
143.16
144.04
143.95
144.64
144.95
144.77
145.04
144.30
145.34
145.30
145.14
143.96
144.13
145.55
144.88
145.19
145.97
144.49
144.43
143.48
145.63
145.90
146.16
145.49
144.11
144.94
145.10
144.25
145.01
144.63
144.10
144.58
144.96
145.49
145.61
144.70
144.92
145.74
144.93
145.78
144.70
144.83
145.28
144.75
144.45
144.24
144.36
145.12
145.18
145.23
144.24
144.58
144.06
144.55
144.89
144.66
144.85
144.22
144.37
145.09
145.89
145.34
144.32
144.27
144.60
144.78
145.21
144.48
144.74
144.24
144.70
144.54
145.52
145.18
145.60
145.28
144.48
144.98
144.77
146.67
143.85
143.71
144.98
144.96
144.27
144.26
144.55
143.95
143.07
144.39
144.54
144.12
145.26
143.55
145.95
143.08
144.14
145.04
144.66
144.63
143.66
144.27
145.61
142.68
144.54
143.29
145.38
143.99
144.54
145.28
145.03
144.99
144.79
145.34
144.40
143.64
143.86
145.61
144.78
143.79
144.51
145.13
144.47
144.12
143.85
144.48
144.51
144.06
143.78
143.93
146.03
145.30
143.02
145.48
145.29
143.10
143.64
145.48
143.48
143.36
143.70
143.64
144.27
143.91
145.15
143.21
145.67
144.74
143.94
144.21
145.09
143.14
144.19
144.52
144.23
143.98
146.37
144.69
143.82
145.73
143.46
143.86
144.85
144.82
144.52
144.55
143.70
144.34
144.05
144.41
142.91
143.28
143.77
143.30
143.02
141.81
142.56
140.40
141.02
136.28
129.88
118.79
