12.43
115.08
144.18
145.40
144.61
144.53
144.54
144.28
145.05
144.91
145.48
145.39
144.64
144.91
144.17
143.94
145.86
145.01
144.58
145.00
146.13
144.75
143.49
144.66
145.03
145.20
144.13
144.20
144.96
145.39
145.68
144.50
143.07
143.97
144.43
144.89
145.36
145.57
144.20
145.95
144.64
144.82
145.75
144.04
144.59
144.50
144.60
144.17
143.58
143.74
143.77
145.25
144.62
143.64
144.23
144.45
145.70
144.12
143.48
144.73
144.18
144.74
145.15
143.67
144.89
144.33
145.07
144.44
144.89
143.76
145.18
144.70
144.14
144.88
144.62
144.19
144.57
143.32
143.11
144.91
144.46
145.49
144.10
144.65
143.65
145.14
145.58
145.57
144.48
145.61
144.00
144.51
144.39
144.86
144.43
144.18
146.16
144.16
143.80
145.39
145.99
144.71
143.72
145.06
143.61
143.31
144.58
144.95
145.39
144.55
145.29
144.48
144.45
145.10
145.20
145.18
144.50
144.85
143.60
144.84
144.66
145.91
144.80
144.91
144.54
144.16
143.77
145.22
145.48
143.73
144.54
143.91
143.78
144.69
144.65
144.65
144.16
145.38
145.20
144.25
145.75
143.86
145.02
143.86
145.09
144.67
145.29
144.94
144.61
144.20
144.35
145.37
145.05
144.61
144.67
145.47
145.08
146.09
144.33
145.01
144.54
144.82
143.90
143.90
145.78
144.42
144.01
145.09
143.89
143.28
145.36
144.39
144.35
144.82
144.96
144.46
144.13
145.38
144.41
145.69
145.12
143.96
144.41
144.62
144.74
144.07
146.04
144.66
144.60
145.50
145.27
144.84
144.12
146.11
144.31
144.59
146.29
144.89
144.60
145.55
144.99
145.15
144.67
144.00
143.70
144.50
144.66
144.24
143.63
145.31
143.66
144.33
145.02
146.12
145.32
145.24
144.75
145.02
144.09
144.45
144.53
145.64
143.64
145.60
144.78
145.36
144.89
146.34
143.99
144.29
143.64
142.32
144.49
145.11
145.05
144.00
145.50
145.21
145.30
143.39
144.26
144.60
144.59
144.56
145.18
145.15
145.62
143.34
145.11
145.46
144.78
144.55
144.57
144.90
144.84
144.71
144.79
144.71
144.58
145.13
144.98
144.04
143.77
145.20
145.27
145.23
145.39
144.59
144.84
143.54
145.95
144.55
143.96
144.99
144.19
145.34
143.82
144.18
144.27
144.74
144.91
145.30
145.52
145.13
145.27
144.86
144.41
144.56
144.70
144.72
144.46
145.59
145.29
144.97
143.23
144.73
145.05
144.90
143.26
145.82
144.12
144.96
144.00
146.11
145.69
143.73
143.44
144.37
144.63
144.84
144.74
145.14
144.71
145.31
145.07
143.68
145.33
142.97
145.03
144.70
144.08
143.88
144.51
146.08
145.64
144.86
145.37
145.20
142.29
144.35
145.72
144.10
144.21
145.41
143.70
144.60
144.11
144.63
145.42
143.78
145.31
144.88
144.71
144.08
145.00
144.85
143.71
144.55
145.46
144.46
145.24
145.64
145.45
144.24
145.40
143.67
144.55
145.72
145.02
144.40
145.32
144.71
144.56
144.50
145.44
146.06
145.12
144.03
145.16
144.90
144.42
146.37
144.43
143.54
143.73
143.92
144.87
145.04
144.12
144.46
145.19
145.79
145.02
145.48
145.51
143.98
145.54
145.27
145.43
144.58
144.11
144.62
145.34
143.69
145.28
143.07
144.91
145.07
144.21
144.18
144.36
144.78
145.14
144.60
143.66
143.62
144.25
145.52
144.28
143.69
143.95
143.86
143.66
144.72
145.17
144.13
144.46
144.66
144.31
144.92
146.08
143.86
144.30
143.98
145.46
144.82
144.78
144.03
144.05
145.37
143.77
143.46
144.57
145.19
145.64
143.53
143.48
144.18
145.13
144.93
143.36
142.84
144.93
144.73
146.01
144.71
144.97
144.65
144.61
145.16
144.23
145.50
144.25
143.95
145.42
145.29
144.93
144.87
144.19
144.82
145.33
144.96
144.47
145.44
143.57
144.01
143.78
143.84
141.68
145.30
143.36
145.77
145.20
145.23
143.22
144.59
145.61
144.62
145.54
145.49
144.53
144.76
144.94
145.29
146.12
145.69
145.40
145.20
144.95
144.65
144.71
145.07
145.79
144.55
143.82
144.66
146.00
144.50
144.12
144.32
144.23
143.70
145.44
145.32
144.95
144.88
145.29
143.89
145.47
145.85
144.63
144.25
145.36
144.37
144.51
145.39
146.43
145.98
143.82
143.61
144.16
144.82
144.95
144.06
145.17
145.60
145.06
144.04
144.36
144.74
146.09
145.20
144.23
144.62
144.83
145.66
145.74
144.03
144.08
144.04
144.68
144.91
144.33
144.05
143.92
144.30
144.42
145.38
143.43
143.36
144.58
145.42
145.51
143.78
144.25
146.11
144.79
143.77
144.22
144.71
144.55
144.42
144.76
144.67
144.53
144.57
145.42
145.21
143.91
144.93
144.38
145.47
144.39
144.22
144.52
145.14
144.38
143.26
145.86
144.45
144.29
144.66
146.47
143.99
144.72
144.55
144.27
144.79
143.15
144.74
144.26
145.34
145.77
144.92
144.10
145.80
144.59
144.09
145.05
144.70
145.22
143.81
145.58
144.74
143.82
144.84
144.11
145.18
143.79
144.28
143.64
144.06
145.30
144.66
144.84
145.23
144.26
145.54
144.16
145.45
145.07
144.62
144.69
144.75
143.86
145.28
145.22
144.36
144.69
145.08
145.66
145.51
144.72
145.67
143.66
144.28
144.72
145.50
145.48
144.91
144.29
144.72
144.70
145.71
145.32
144.59
143.28
143.57
144.40
144.41
145.96
145.00
145.10
144.53
145.45
144.18
145.50
145.19
143.58
144.56
143.73
144.52
145.64
145.66
144.46
143.21
145.43
144.80
144.95
142.86
144.93
144.88
144.98
145.36
144.34
145.29
145.14
145.55
145.32
144.59
144.60
145.09
145.37
145.50
145.72
144.48
144.55
145.10
145.58
145.35
145.22
144.52
144.61
144.28
144.73
144.85
146.45
144.68
144.52
145.01
144.54
145.16
145.46
143.89
145.63
145.62
145.18
144.70
144.51
144.97
144.52
144.55
145.30
144.27
144.32
145.44
144.91
146.01
144.69
144.63
145.51
145.16
145.54
145.26
145.33
144.70
143.35
144.68
144.59
145.09
144.94
145.14
145.69
144.57
145.01
145.61
144.16
145.64
144.45
143.95
143.37
143.99
145.51
143.64
144.82
144.64
144.50
146.40
143.79
144.48
144.18
144.91
143.94
144.30
144.45
144.40
145.09
144.72
144.34
145.21
145.30
145.44
145.24
144.05
145.25
144.57
144.70
144.71
146.16
144.14
144.78
145.01
143.88
145.57
145.38
145.09
145.39
144.49
145.34
144.68
144.71
144.56
145.44
145.19
144.78
145.18
146.00
144.66
145.77
144.17
144.94
143.82
145.34
145.00
145.16
145.11
144.17
143.65
144.80
143.14
144.48
144.64
143.62
144.04
145.04
142.02
144.49
142.89
141.04
141.69
141.36
141.80
135.24
130.90
116.99
