11.67
231.55
274.24
274.59
274.52
274.47
273.74
273.07
273.38
273.07
273.02
273.10
273.08
273.07
273.10
273.09
273.05
273.10
273.45
273.02
273.10
273.08
273.07
273.48
273.04
272.74
273.10
273.07
273.46
273.00
273.01
273.07
273.10
273.49
273.04
273.06
273.08
273.08
274.47
273.62
273.57
272.85
272.96
273.38
273.95
273.68
273.79
273.02
272.87
273.02
273.03
272.89
272.86
273.33
272.95
272.93
272.84
272.96
274.39
272.93
272.93
272.95
272.90
273.83
273.06
273.08
273.12
273.71
273.00
272.89
272.95
272.84
272.98
274.39
274.42
273.90
272.98
272.99
273.87
273.02
273.07
272.99
273.00
274.43
273.48
273.26
273.55
273.25
273.65
273.00
272.98
272.97
272.82
273.21
273.40
273.64
273.48
274.27
274.44
273.23
273.00
273.00
273.03
273.07
273.03
273.06
272.98
273.00
272.91
272.99
272.99
273.02
273.01
273.01
273.06
272.97
272.98
272.94
272.91
272.92
272.99
272.98
272.96
273.02
273.01
273.01
273.05
273.22
274.12
273.35
273.57
274.44
273.09
272.99
272.97
272.98
272.95
272.94
272.97
272.99
273.00
273.01
273.03
273.92
273.98
274.01
273.28
273.63
273.88
274.05
273.17
272.96
273.04
273.88
273.64
274.76
273.38
272.94
273.01
272.96
272.91
272.96
273.01
273.06
272.95
272.86
272.97
272.91
273.09
272.85
272.94
272.98
272.88
273.49
272.92
272.98
272.95
273.02
273.52
272.93
273.00
272.89
272.98
273.98
272.96
272.95
272.95
273.07
273.53
272.95
272.98
272.94
272.99
274.48
274.56
273.58
273.05
273.02
273.46
272.96
273.03
272.91
272.88
273.00
272.80
272.95
272.91
272.96
272.98
272.90
272.99
273.00
273.04
274.50
273.98
273.22
273.39
273.06
274.16
273.46
274.43
273.20
272.97
273.25
273.01
272.98
272.96
273.07
273.16
272.88
272.95
273.01
272.88
274.45
274.45
274.43
270.89
273.01
274.54
273.97
272.98
272.96
272.96
273.25
273.01
272.96
272.97
273.06
274.44
274.46
274.43
273.34
273.00
273.20
272.91
272.92
272.92
272.91
273.62
272.94
272.93
272.99
272.98
272.92
272.98
272.99
273.01
273.00
274.41
274.50
274.45
274.45
273.59
274.47
273.59
272.96
273.01
273.02
274.43
273.32
273.39
273.43
272.97
274.43
273.61
272.92
272.96
272.94
273.63
272.90
272.90
272.91
272.94
274.57
274.38
274.36
273.31
272.92
274.07
272.87
272.81
272.95
272.96
274.50
274.41
274.42
274.47
274.00
273.00
273.41
272.88
273.83
273.14
273.89
273.12
272.98
272.98
272.87
273.84
274.41
273.73
272.99
272.98
274.46
274.54
274.41
274.30
272.95
274.44
272.88
272.86
272.87
272.95
273.23
272.99
272.99
273.03
273.01
274.53
274.40
274.41
274.43
273.17
273.81
272.92
272.95
272.93
272.98
273.12
273.01
272.98
273.00
273.02
274.48
274.21
272.97
272.96
272.96
273.38
272.92
273.03
273.03
273.00
273.83
273.04
273.02
273.04
273.03
274.52
273.13
273.07
272.98
273.09
273.24
273.16
272.99
273.07
272.99
274.57
274.46
274.43
274.41
274.45
274.50
274.43
274.41
274.42
274.42
274.35
274.43
274.43
274.42
274.43
274.46
274.40
274.43
274.41
273.44
273.61
273.19
273.33
273.54
273.70
273.80
273.15
273.12
273.09
273.11
273.45
273.14
272.99
273.07
273.07
273.87
273.10
273.12
273.19
273.11
274.07
273.07
273.06
273.03
273.01
274.53
274.43
273.82
273.10
273.14
273.03
273.33
274.46
274.57
274.47
274.25
273.01
273.10
273.10
273.02
273.15
273.00
273.00
273.09
273.05
273.49
273.01
273.04
273.02
273.12
274.06
273.05
273.12
273.07
273.11
274.59
274.50
274.58
274.47
274.48
274.49
273.58
273.16
273.07
273.15
274.57
274.47
274.51
273.48
273.26
274.64
274.46
274.46
274.50
274.50
274.52
274.50
274.49
274.47
274.47
274.58
274.51
274.50
274.50
270.97
273.91
273.13
273.37
273.17
273.30
273.87
273.22
273.20
273.22
273.18
273.46
273.15
273.06
273.20
273.23
274.12
273.11
273.13
273.04
273.07
274.47
273.23
273.50
273.07
273.09
274.44
273.16
273.32
273.97
273.26
274.56
273.21
273.17
273.16
273.42
273.07
273.07
273.10
273.05
273.08
273.77
273.17
273.16
273.12
273.17
273.64
273.15
273.11
273.14
273.11
274.66
274.60
274.49
274.48
274.47
274.53
274.45
274.46
274.57
274.51
274.45
274.45
274.44
274.50
273.09
273.27
273.07
272.99
273.10
273.06
273.20
273.05
273.04
273.05
273.04
273.14
273.15
273.04
273.11
273.08
273.64
273.11
273.07
273.06
273.03
273.05
273.06
273.01
273.05
273.05
273.10
273.01
273.07
273.11
273.04
274.22
273.07
273.04
273.00
273.07
273.29
273.08
273.05
273.07
273.06
273.11
273.14
273.16
273.17
273.09
273.11
273.13
273.14
273.20
273.11
273.25
273.07
273.10
273.10
273.06
274.43
274.55
273.32
273.09
273.07
274.63
273.09
273.13
273.07
273.05
274.43
274.45
274.45
274.47
273.34
273.06
273.16
273.16
273.11
273.03
273.07
273.11
272.58
273.07
273.14
274.62
274.50
274.47
274.48
274.66
274.64
274.49
274.50
274.48
274.57
274.50
274.52
274.13
273.15
274.36
273.25
273.11
273.11
273.92
273.96
273.39
273.02
273.11
273.18
273.12
274.54
274.48
273.43
273.11
273.21
274.59
273.21
273.19
273.23
273.12
274.57
274.07
273.04
273.11
273.08
274.14
273.04
273.06
273.04
273.13
273.21
273.11
273.15
273.12
273.10
274.28
273.17
273.14
273.25
273.21
274.48
273.64
273.13
273.14
273.15
274.28
273.10
273.16
273.07
273.07
273.36
273.03
273.08
273.09
273.07
273.61
273.04
273.12
273.10
270.36
274.67
274.48
273.78
273.08
273.10
273.78
273.00
273.01
273.01
273.49
273.54
273.15
273.04
273.06
273.06
274.20
273.10
273.11
273.04
273.06
273.43
273.11
273.09
273.12
273.05
274.52
273.12
273.04
273.09
273.14
273.75
273.04
273.07
273.05
272.99
274.32
273.06
273.07
273.03
272.96
273.77
273.13
273.04
273.12
273.12
274.47
274.52
274.48
274.40
274.48
274.49
273.42
273.08
273.13
273.16
274.55
274.52
274.51
274.50
274.55
274.49
274.50
274.69
274.50
273.84
273.08
273.09
273.07
273.18
273.14
273.53
273.26
273.46
273.61
273.25
274.18
273.47
274.27
273.16
273.33
274.70
274.55
274.71
274.06
273.18
274.74
273.34
273.08
273.05
273.08
273.34
273.12
273.21
273.11
273.10
274.46
274.48
274.50
274.50
274.47
273.12
273.10
273.20
273.13
273.07
274.61
274.49
274.47
274.51
274.70
274.53
274.52
274.53
274.48
274.49
274.83
274.51
274.51
274.52
274.54
274.52
274.49
274.50
274.52
274.50
274.64
273.46
273.66
273.47
273.40
273.63
273.39
273.45
273.48
273.60
274.71
273.57
273.54
273.55
273.57
274.23
273.64
273.70
273.73
273.73
273.98
274.01
273.99
274.30
274.43
274.93
274.90
275.17
275.57
275.97
277.73
278.38
284.35
302.56
