randwrite_job: (g=0): rw=randwrite, bs=4K-4K/4K-4K/4K-4K, ioengine=libaio, iodepth=64
fio-2.1.10
Starting 1 process

randwrite_job: (groupid=0, jobs=1): err= 0: pid=2175: Wed Sep 30 04:18:20 2015
  write: io=235520MB, bw=280164KB/s, iops=70041, runt=860825msec
    slat (usec): min=1, max=197, avg= 6.98, stdev= 4.33
    clat (usec): min=147, max=6424, avg=905.19, stdev=306.20
     lat (usec): min=149, max=6427, avg=912.40, stdev=306.23
    clat percentiles (usec):
     |  1.00th=[  502],  5.00th=[  532], 10.00th=[  572], 20.00th=[  644],
     | 30.00th=[  724], 40.00th=[  804], 50.00th=[  876], 60.00th=[  956],
     | 70.00th=[ 1032], 80.00th=[ 1112], 90.00th=[ 1208], 95.00th=[ 1304],
     | 99.00th=[ 2096], 99.50th=[ 2480], 99.90th=[ 3216], 99.95th=[ 3472],
     | 99.99th=[ 4016]
    bw (KB  /s): min=278592, max=309024, per=100.00%, avg=280151.78, stdev=1098.91
    lat (usec) : 250=0.01%, 500=0.85%, 750=32.56%, 1000=32.59%
    lat (msec) : 2=32.84%, 4=1.15%, 10=0.01%
  cpu          : usr=17.89%, sys=66.06%, ctx=18025864, majf=0, minf=25
  IO depths    : 1=0.1%, 2=0.1%, 4=0.1%, 8=0.1%, 16=0.1%, 32=0.1%, >=64=100.0%
     submit    : 0=0.0%, 4=100.0%, 8=0.0%, 16=0.0%, 32=0.0%, 64=0.0%, >=64=0.0%
     complete  : 0=0.0%, 4=100.0%, 8=0.0%, 16=0.0%, 32=0.0%, 64=0.1%, >=64=0.0%
     issued    : total=r=0/w=60293120/d=0, short=r=0/w=0/d=0
     latency   : target=0, window=0, percentile=100.00%, depth=64

Run status group 0 (all jobs):
  WRITE: io=235520MB, aggrb=280164KB/s, minb=280164KB/s, maxb=280164KB/s, mint=860825msec, maxt=860825msec

Disk stats (read/write):
  sda: ios=84/60255695, merge=0/35871, ticks=4/54059576, in_queue=54140060, util=100.00%
