randrw_job: (g=0): rw=randrw, bs=4K-4K/4K-4K/4K-4K, ioengine=libaio, iodepth=64
fio-2.1.10
Starting 1 process

randrw_job: (groupid=0, jobs=1): err= 0: pid=2691: Wed Sep 30 06:47:22 2015
  read : io=117754MB, bw=148085KB/s, iops=37021, runt=814259msec
    slat (usec): min=0, max=358, avg= 6.61, stdev= 4.49
    clat (usec): min=106, max=12337, avg=783.63, stdev=486.09
     lat (usec): min=108, max=12350, avg=790.49, stdev=486.14
    clat percentiles (usec):
     |  1.00th=[  330],  5.00th=[  426], 10.00th=[  474], 20.00th=[  532],
     | 30.00th=[  580], 40.00th=[  620], 50.00th=[  668], 60.00th=[  724],
     | 70.00th=[  796], 80.00th=[  908], 90.00th=[ 1240], 95.00th=[ 1528],
     | 99.00th=[ 2064], 99.50th=[ 3856], 99.90th=[ 6496], 99.95th=[ 6880],
     | 99.99th=[ 9024]
    bw (KB  /s): min=112072, max=151608, per=100.00%, avg=148100.17, stdev=1774.08
  write: io=117766MB, bw=148101KB/s, iops=37025, runt=814259msec
    slat (usec): min=0, max=245, avg= 7.06, stdev= 4.63
    clat (usec): min=65, max=11870, avg=927.50, stdev=475.66
     lat (usec): min=73, max=11878, avg=934.82, stdev=475.46
    clat percentiles (usec):
     |  1.00th=[  294],  5.00th=[  386], 10.00th=[  442], 20.00th=[  524],
     | 30.00th=[  604], 40.00th=[  700], 50.00th=[  804], 60.00th=[  932],
     | 70.00th=[ 1096], 80.00th=[ 1304], 90.00th=[ 1608], 95.00th=[ 1848],
     | 99.00th=[ 2352], 99.50th=[ 2544], 99.90th=[ 3024], 99.95th=[ 3312],
     | 99.99th=[ 4576]
    bw (KB  /s): min=111680, max=151336, per=100.00%, avg=148115.88, stdev=1761.03
    lat (usec) : 100=0.01%, 250=0.33%, 500=15.32%, 750=39.07%, 1000=19.59%
    lat (msec) : 2=23.55%, 4=1.91%, 10=0.24%, 20=0.01%
  cpu          : usr=16.00%, sys=64.05%, ctx=11437128, majf=0, minf=25
  IO depths    : 1=0.1%, 2=0.1%, 4=0.1%, 8=0.1%, 16=0.1%, 32=0.1%, >=64=100.0%
     submit    : 0=0.0%, 4=100.0%, 8=0.0%, 16=0.0%, 32=0.0%, 64=0.0%, >=64=0.0%
     complete  : 0=0.0%, 4=100.0%, 8=0.0%, 16=0.0%, 32=0.0%, 64=0.1%, >=64=0.0%
     issued    : total=r=30144936/w=30148184/d=0, short=r=0/w=0/d=0
     latency   : target=0, window=0, percentile=100.00%, depth=64

Run status group 0 (all jobs):
   READ: io=117754MB, aggrb=148085KB/s, minb=148085KB/s, maxb=148085KB/s, mint=814259msec, maxt=814259msec
  WRITE: io=117766MB, aggrb=148101KB/s, minb=148101KB/s, maxb=148101KB/s, mint=814259msec, maxt=814259msec

Disk stats (read/write):
  sda: ios=30133690/30132653, merge=4546/8684, ticks=22502868/26998808, in_queue=49525116, util=100.00%
