randread_job: (g=0): rw=randread, bs=4K-4K/4K-4K/4K-4K, ioengine=libaio, iodepth=64
fio-2.1.10
Starting 1 process

randread_job: (groupid=0, jobs=1): err= 0: pid=3824: Wed Sep 30 09:10:39 2015
  read : io=235520MB, bw=345661KB/s, iops=86415, runt=697714msec
    slat (usec): min=0, max=284, avg= 6.38, stdev= 4.22
    clat (usec): min=123, max=4764, avg=732.58, stdev=234.54
     lat (usec): min=125, max=4765, avg=739.18, stdev=234.44
    clat percentiles (usec):
     |  1.00th=[  386],  5.00th=[  438], 10.00th=[  478], 20.00th=[  540],
     | 30.00th=[  596], 40.00th=[  652], 50.00th=[  716], 60.00th=[  764],
     | 70.00th=[  820], 80.00th=[  892], 90.00th=[  980], 95.00th=[ 1064],
     | 99.00th=[ 1608], 99.50th=[ 1896], 99.90th=[ 2416], 99.95th=[ 2608],
     | 99.99th=[ 3024]
    bw (KB  /s): min=324072, max=346520, per=100.00%, avg=345669.76, stdev=1209.81
    lat (usec) : 250=0.01%, 500=13.48%, 750=43.32%, 1000=35.04%
    lat (msec) : 2=7.79%, 4=0.37%, 10=0.01%
  cpu          : usr=15.20%, sys=67.62%, ctx=8369603, majf=0, minf=89
  IO depths    : 1=0.1%, 2=0.1%, 4=0.1%, 8=0.1%, 16=0.1%, 32=0.1%, >=64=100.0%
     submit    : 0=0.0%, 4=100.0%, 8=0.0%, 16=0.0%, 32=0.0%, 64=0.0%, >=64=0.0%
     complete  : 0=0.0%, 4=100.0%, 8=0.0%, 16=0.0%, 32=0.0%, 64=0.1%, >=64=0.0%
     issued    : total=r=60293120/w=0/d=0, short=r=0/w=0/d=0
     latency   : target=0, window=0, percentile=100.00%, depth=64

Run status group 0 (all jobs):
   READ: io=235520MB, aggrb=345660KB/s, minb=345660KB/s, maxb=345660KB/s, mint=697714msec, maxt=697714msec

Disk stats (read/write):
  sda: ios=60257413/0, merge=33084/0, ticks=42209800/0, in_queue=42227172, util=100.00%
