15.51
59.54
84.69
95.66
96.61
95.03
91.12
98.19
100.83
104.04
105.73
97.51
102.99
103.62
101.30
103.36
99.67
98.88
99.77
106.05
101.30
97.77
94.39
91.49
100.04
92.07
101.30
101.57
97.08
98.30
97.19
102.57
106.47
102.20
99.35
99.46
102.41
96.98
96.03
94.61
98.40
99.62
100.14
98.30
104.52
96.82
104.62
99.72
103.15
103.36
100.78
98.93
103.20
101.51
105.10
104.31
103.62
104.57
100.20
106.52
105.68
104.89
102.30
101.72
102.62
102.25
105.89
101.30
105.26
105.89
108.21
101.20
103.73
101.99
105.68
104.73
104.73
104.62
102.73
105.68
105.05
105.05
105.10
103.36
101.99
113.75
106.73
101.09
102.52
102.20
102.46
105.21
102.41
105.15
102.46
105.42
108.69
103.31
103.99
104.52
104.62
98.61
101.36
106.37
104.89
101.51
92.13
99.88
102.94
98.89
102.52
99.14
103.94
104.41
103.41
99.25
98.77
96.29
97.19
102.20
95.77
100.62
100.30
101.51
99.67
101.14
98.98
99.83
101.04
104.04
108.63
98.82
99.98
94.76
99.67
104.41
103.83
103.46
101.94
101.57
98.03
102.73
96.35
99.72
108.21
100.78
102.78
104.20
103.36
100.14
105.31
103.83
103.73
105.73
99.93
101.62
104.41
103.31
103.99
102.78
101.51
103.89
109.27
103.73
108.53
105.73
102.46
103.36
104.36
102.67
102.67
107.31
103.20
104.57
107.95
105.05
103.46
106.58
103.68
103.31
101.36
103.89
104.20
105.15
107.53
103.52
106.89
101.14
104.20
105.94
103.68
98.09
104.10
94.71
99.77
104.36
103.31
100.51
96.71
105.84
106.63
104.36
99.98
94.24
96.66
99.46
101.41
100.51
99.98
97.03
98.40
101.46
97.77
101.94
99.98
95.40
96.61
96.56
98.72
101.25
102.41
107.84
104.52
102.99
99.04
92.65
95.98
103.99
102.78
99.30
103.62
102.62
106.05
101.67
102.94
100.09
99.67
104.20
102.83
101.88
106.10
101.25
103.57
105.79
105.47
106.84
103.25
104.52
103.99
95.71
104.04
102.52
105.26
103.83
106.05
100.56
106.47
99.93
105.36
102.52
104.52
101.51
102.73
105.21
104.15
98.93
103.20
106.52
104.26
100.46
103.78
99.14
104.20
105.79
108.00
105.47
106.10
102.88
105.10
101.99
99.25
103.83
105.89
100.41
103.36
103.20
99.62
100.93
102.83
98.35
101.46
96.91
102.73
100.88
100.56
99.88
100.56
104.78
99.30
97.45
97.03
98.03
97.24
101.83
100.25
104.52
105.89
108.11
104.15
101.36
102.04
102.83
97.45
104.99
100.51
96.66
103.10
97.93
102.41
105.63
102.88
104.47
102.20
109.53
102.15
104.62
97.93
104.26
104.52
104.89
101.78
102.88
100.62
105.10
102.20
105.63
101.36
107.10
102.94
105.05
102.67
103.83
106.73
108.16
105.57
103.68
102.99
99.46
101.41
105.47
104.68
104.36
103.94
105.21
106.10
102.88
105.73
107.00
98.56
103.20
102.62
101.83
106.47
102.41
104.99
102.52
104.99
108.58
107.68
101.36
105.21
100.09
98.35
102.46
103.73
101.94
105.15
100.93
106.00
101.30
101.57
99.51
93.13
100.88
105.15
94.92
97.56
96.03
99.09
99.25
103.83
98.61
94.18
100.93
98.56
104.84
102.88
101.94
100.83
93.45
101.41
97.35
97.93
107.47
99.56
103.31
101.88
99.40
105.10
100.88
99.25
104.36
101.88
105.26
100.56
98.30
103.04
103.04
95.66
101.78
101.41
106.84
101.67
103.04
97.56
103.25
103.20
104.41
102.94
101.72
100.35
106.15
101.09
101.25
104.94
102.88
105.73
104.20
101.30
105.21
104.15
101.99
103.78
107.95
102.04
107.42
108.26
102.99
107.21
106.05
104.10
105.10
101.20
108.00
103.68
107.53
101.46
108.47
104.36
104.41
105.47
101.51
99.30
97.88
106.10
101.25
106.10
108.74
101.09
102.41
96.77
101.57
101.88
93.45
96.56
102.25
100.56
99.19
98.93
95.87
100.83
103.99
99.51
99.25
103.12
101.30
95.03
95.77
97.40
100.25
95.98
102.52
96.71
100.14
103.68
95.19
103.20
98.51
100.46
104.68
100.67
100.46
99.93
98.88
103.46
104.15
103.46
102.36
104.89
102.83
101.14
103.73
103.20
101.30
102.83
102.36
104.47
105.84
101.88
106.31
103.52
103.89
101.41
102.52
105.21
107.05
98.88
102.41
100.93
100.72
107.53
104.57
106.73
107.31
103.57
108.32
98.40
104.31
108.37
105.68
104.20
104.36
100.04
101.04
106.63
99.19
103.31
105.05
104.52
99.83
104.89
105.57
102.46
94.18
105.10
104.73
107.05
104.89
108.21
101.57
103.36
103.73
101.83
103.25
100.67
102.41
101.09
97.29
95.29
101.46
99.77
102.04
102.99
100.93
91.92
100.67
99.19
102.46
100.78
97.19
102.41
98.93
100.04
96.13
101.14
102.88
96.61
99.56
96.08
101.14
100.20
97.24
98.72
104.52
102.30
98.82
100.67
100.35
103.04
100.99
101.41
103.73
100.83
106.52
102.09
103.25
103.99
103.41
103.25
105.10
99.67
102.04
102.88
102.36
105.57
109.95
108.47
101.99
103.94
102.99
103.52
100.41
106.42
103.36
103.62
101.78
103.10
101.51
105.57
103.36
104.36
103.89
105.31
103.25
105.94
100.09
103.89
102.88
106.26
103.73
107.31
104.99
101.83
104.15
102.20
104.57
99.93
100.46
103.89
103.41
99.09
99.04
101.62
98.61
107.10
105.94
98.09
97.77
98.88
100.99
96.03
102.09
103.94
102.46
90.33
101.14
96.71
98.26
95.34
98.72
104.47
99.09
102.09
100.51
101.67
101.94
101.04
101.72
106.10
100.62
98.77
100.51
104.52
97.82
105.31
104.68
103.57
102.30
99.14
101.14
108.21
103.99
105.52
103.83
106.26
104.04
104.94
105.42
105.36
100.30
106.42
102.25
107.16
100.41
101.36
104.36
101.46
103.89
104.10
102.67
102.20
99.46
100.25
102.99
106.89
102.41
105.79
101.30
100.88
102.78
105.26
103.94
101.94
105.63
106.58
102.36
106.10
102.78
103.41
104.73
105.73
104.47
106.79
103.83
102.62
103.83
105.26
102.09
104.26
100.99
102.94
103.46
99.51
102.57
100.62
97.61
100.88
99.25
100.78
104.20
99.19
103.15
95.34
97.88
101.25
103.10
96.40
100.25
102.30
100.56
103.62
101.14
100.83
101.83
98.30
98.88
100.09
103.41
100.88
99.56
99.56
102.20
102.09
100.56
98.98
101.78
104.68
98.40
100.30
104.15
104.94
105.94
103.89
102.94
102.78
110.64
106.21
104.99
103.10
101.62
106.26
106.21
104.73
101.20
102.25
106.31
106.21
101.72
100.25
104.78
106.89
105.63
100.20
102.09
102.04
101.72
106.89
105.10
106.42
102.30
102.52
108.42
104.15
106.68
103.68
105.36
106.10
99.14
105.63
107.68
105.94
102.46
100.88
102.57
100.35
101.36
101.88
103.04
100.62
100.72
101.51
105.05
103.04
104.15
100.09
102.25
98.09
103.25
101.67
96.13
92.76
103.41
100.35
103.10
101.62
99.72
99.67
102.99
93.97
93.04
101.04
105.84
102.36
95.77
101.09
105.73
102.94
98.56
102.99
102.20
100.88
100.67
100.30
103.99
99.88
95.34
102.94
96.40
108.05
103.25
100.93
99.19
106.37
105.05
103.73
103.94
102.67
101.57
102.15
100.72
101.04
106.15
106.42
103.89
103.04
103.04
107.37
105.47
103.57
103.10
104.31
101.46
106.00
102.46
104.36
99.93
108.79
103.10
104.26
99.93
102.78
106.00
103.83
106.00
98.30
105.36
101.25
105.36
106.21
100.78
102.62
100.99
104.73
101.30
102.99
102.46
105.36
105.79
104.04
100.09
100.20
98.77
102.62
102.94
105.26
95.71
101.99
103.31
100.20
100.83
93.66
93.66
99.14
100.25
96.77
100.35
94.34
101.57
100.04
96.87
95.55
99.14
100.83
100.88
101.30
98.98
102.15
99.25
102.46
97.72
106.26
98.14
103.68
98.51
96.08
103.20
96.29
98.82
102.62
101.51
101.83
105.47
104.15
100.88
101.67
99.98
107.05
107.63
99.83
108.47
108.32
105.79
104.47
106.15
106.79
102.99
109.90
102.73
100.93
105.63
103.46
101.36
103.57
111.01
95.40
104.62
107.16
103.15
100.56
102.73
105.05
107.21
103.89
104.15
104.73
105.42
103.10
101.04
105.05
111.59
98.03
103.52
99.25
104.68
103.10
101.62
107.68
102.52
103.68
100.35
103.68
102.99
100.83
101.83
103.04
105.63
100.83
96.66
98.98
101.30
95.61
101.20
97.03
100.35
100.35
102.20
97.61
96.35
102.15
105.05
97.03
93.87
98.61
98.26
103.20
100.72
98.24
101.94
93.34
94.97
97.77
104.78
104.47
101.83
102.67
96.08
107.63
101.78
103.41
101.30
96.61
97.40
98.98
101.04
101.94
102.78
104.89
105.57
103.94
105.79
102.94
105.10
104.26
102.15
104.89
104.68
102.67
107.58
102.78
104.89
101.72
105.21
101.78
107.89
102.20
102.25
103.36
104.15
101.14
106.89
105.84
102.94
103.83
99.83
107.53
107.84
102.78
102.36
105.89
107.00
106.84
103.78
101.94
104.94
105.94
107.21
103.52
102.73
104.99
103.36
103.15
103.15
101.30
105.57
98.61
103.73
100.93
102.25
89.12
105.47
100.20
99.09
98.82
101.36
98.72
99.98
97.88
104.84
100.20
98.35
98.51
97.98
96.77
96.77
99.88
100.20
94.39
101.62
97.56
100.62
101.67
100.09
104.26
100.62
99.09
104.52
98.24
94.18
99.09
102.09
105.89
103.68
98.56
101.51
100.46
102.52
101.83
101.14
102.78
104.31
102.52
104.41
103.89
