15.69
79.58
109.32
106.37
111.22
114.06
111.80
109.85
113.64
110.00
110.21
108.84
110.00
108.26
110.48
112.43
108.53
115.01
109.95
109.69
106.52
110.48
107.79
110.06
112.01
107.58
108.63
105.42
110.64
112.43
108.53
111.16
110.85
112.54
107.05
113.43
107.42
109.63
108.42
110.48
110.64
109.00
108.95
108.95
112.11
109.27
111.96
109.05
112.06
107.68
107.58
115.59
105.05
114.70
111.01
107.31
103.57
106.63
111.59
111.69
113.17
105.94
112.69
109.85
108.00
109.58
110.43
107.63
110.58
108.53
108.95
110.58
105.15
108.32
110.11
111.06
111.06
110.64
112.11
108.90
108.74
112.22
113.96
110.00
110.90
107.84
115.38
109.85
107.95
115.86
109.16
108.95
114.86
104.47
107.58
111.53
112.85
112.38
108.32
107.74
105.79
108.69
111.11
114.33
113.54
110.32
110.43
106.95
106.89
109.58
109.58
108.47
113.64
111.43
107.89
108.26
110.85
110.16
112.80
111.59
108.32
109.53
109.37
107.89
111.64
113.96
111.32
110.90
108.11
103.57
110.06
108.16
112.17
112.75
111.53
115.12
107.10
109.69
109.32
110.00
109.32
112.54
107.16
108.69
108.00
113.91
113.80
110.16
107.00
112.38
111.48
110.16
112.85
107.47
109.48
108.63
108.63
111.27
109.05
111.01
114.17
111.59
109.37
112.01
108.63
109.05
110.00
109.11
107.74
109.69
109.21
110.64
106.26
110.85
109.27
114.12
113.33
113.77
106.68
110.79
111.53
109.37
114.59
106.37
110.95
112.38
112.22
104.73
109.63
113.17
113.64
108.95
112.80
106.52
111.27
110.69
108.21
108.05
110.64
111.48
106.37
106.37
112.59
108.58
113.43
113.48
110.11
113.27
110.21
110.11
113.48
107.95
108.00
112.69
115.49
107.31
107.31
110.16
112.59
109.32
107.74
108.21
111.85
107.47
111.64
109.58
114.28
113.01
111.06
112.22
108.69
111.53
104.57
110.00
109.27
109.95
112.06
110.64
109.16
109.21
111.64
107.79
112.01
110.43
110.58
111.16
107.10
111.38
109.42
110.21
106.63
104.41
111.32
110.58
110.69
110.37
111.16
112.01
106.68
114.86
109.11
108.26
106.73
111.64
109.05
107.00
106.37
106.37
112.59
108.69
108.53
109.21
108.42
107.21
109.11
111.01
113.01
113.33
107.16
111.96
106.89
112.54
111.16
112.27
110.43
109.21
109.74
108.79
111.90
106.68
112.48
110.85
108.63
108.05
105.21
111.59
106.00
112.85
115.96
115.59
110.85
110.58
107.84
109.90
109.37
109.05
107.21
111.43
111.01
115.07
107.84
109.16
109.37
108.58
109.21
106.31
106.42
113.06
112.22
114.22
110.85
110.48
103.46
103.89
110.00
110.79
114.33
111.06
114.17
108.47
110.21
107.68
107.63
107.42
108.90
112.17
113.48
107.42
114.70
113.43
113.38
110.37
113.01
111.80
107.05
106.63
111.22
110.11
110.69
108.69
109.32
110.64
108.63
109.85
106.83
111.22
108.42
112.43
111.90
107.47
111.01
107.63
114.86
107.42
110.48
113.75
107.00
110.69
112.85
113.80
111.64
110.27
112.17
111.38
114.54
110.85
112.06
109.90
113.75
107.74
106.31
111.69
108.58
110.16
107.68
110.74
106.79
108.42
108.63
108.95
110.06
109.63
108.53
106.89
108.26
109.05
106.26
104.15
114.06
109.53
110.48
110.53
108.37
109.37
111.80
110.11
105.68
109.42
104.94
109.69
110.37
107.10
111.48
111.32
110.64
108.69
107.84
110.21
115.91
111.38
111.01
109.74
112.17
108.42
109.05
110.21
110.69
109.95
116.70
112.38
110.64
113.64
110.37
111.69
115.80
111.11
112.75
106.95
112.06
107.95
105.05
110.90
109.79
106.58
111.64
109.42
109.05
111.59
111.53
111.85
109.53
109.79
106.05
108.26
108.90
110.16
112.90
111.32
110.16
106.47
112.80
108.95
111.38
109.85
110.85
108.37
107.89
105.63
109.21
105.73
105.31
108.90
105.84
111.01
107.74
110.27
108.53
111.74
110.74
112.85
109.21
112.54
111.53
115.22
110.90
110.74
109.32
111.27
105.42
108.58
110.00
110.00
110.00
108.84
109.95
112.11
111.53
109.48
110.85
110.21
109.48
114.33
106.52
106.05
108.74
116.28
111.59
110.64
112.06
110.06
106.84
112.27
113.75
107.21
111.16
112.38
115.22
106.42
113.17
108.16
109.32
112.11
110.48
108.63
109.69
111.90
106.15
110.43
108.71
111.80
111.43
111.01
106.73
107.47
112.11
106.47
111.06
113.85
104.41
111.11
110.90
106.73
116.75
111.16
106.15
105.94
111.69
108.32
110.21
110.06
108.47
112.27
112.43
108.00
111.96
107.47
112.27
105.57
111.16
106.26
108.47
109.42
114.22
105.52
110.95
109.63
107.84
113.75
109.53
110.79
115.70
110.90
110.48
109.69
107.95
110.11
107.89
104.78
113.12
109.42
107.95
106.42
104.94
109.63
110.53
114.49
108.00
109.42
108.95
103.78
109.05
108.47
106.73
110.27
110.11
109.90
108.32
113.38
111.32
111.11
108.42
109.53
109.37
107.68
107.63
107.00
112.01
114.06
113.70
112.06
107.84
111.69
106.84
108.47
112.11
115.54
109.37
104.52
110.27
110.00
104.31
115.01
114.70
111.11
110.53
108.05
108.42
111.11
110.95
108.74
109.69
109.42
110.69
111.22
109.32
108.90
108.95
110.95
107.63
108.53
113.12
110.16
108.05
111.11
113.96
108.32
108.00
109.79
106.47
109.32
112.17
111.80
114.12
104.10
107.31
109.42
110.27
108.37
111.80
114.33
108.63
110.06
108.37
109.11
110.90
109.63
110.85
106.26
109.79
107.63
111.11
111.16
110.58
113.22
109.48
107.74
111.06
109.16
116.86
111.53
110.79
111.11
108.84
109.11
110.74
110.74
110.95
110.64
109.90
109.21
106.79
110.32
113.80
107.31
111.01
110.37
111.22
114.28
112.43
109.79
111.43
110.79
110.37
107.16
107.10
112.80
108.74
110.95
113.91
111.22
110.58
106.15
108.03
110.16
110.16
110.79
110.74
109.74
105.57
109.21
107.79
113.06
111.01
112.27
109.95
109.11
113.17
110.58
110.69
111.64
114.01
110.79
113.27
112.90
109.27
110.85
111.43
106.26
108.90
113.64
110.16
109.00
111.06
115.01
110.69
114.33
107.74
107.63
105.63
109.42
110.95
113.01
110.37
109.42
112.80
108.90
113.70
108.90
108.63
106.15
110.06
109.79
112.38
109.21
110.64
110.37
106.10
112.54
111.32
109.37
105.68
115.70
111.48
109.11
114.91
107.84
111.22
108.84
112.64
113.96
110.74
112.85
108.16
109.32
112.32
105.42
110.85
110.06
108.74
108.47
113.33
106.42
110.48
109.11
114.33
113.48
108.74
107.21
106.63
110.85
106.21
110.79
112.80
107.00
109.58
108.11
110.43
111.22
115.28
107.79
109.85
110.21
108.42
107.63
108.74
108.58
111.64
110.90
108.53
112.17
105.89
108.00
108.37
111.16
108.58
110.43
113.85
110.58
108.58
112.01
109.42
111.59
109.42
107.68
109.85
110.37
108.21
113.43
112.80
109.42
106.21
112.59
112.69
112.11
110.90
111.22
108.53
106.15
107.31
108.00
112.64
111.69
109.79
111.80
102.99
107.53
111.48
108.42
109.85
111.59
108.63
111.38
110.79
109.21
108.16
104.84
109.32
112.17
110.11
107.63
109.11
112.27
104.73
108.47
112.22
105.31
106.89
106.15
112.01
115.70
111.32
109.69
107.16
105.47
109.42
110.53
111.96
110.32
109.18
105.84
110.85
108.32
110.95
113.48
106.31
109.58
113.27
112.90
112.22
107.63
113.01
111.80
108.58
114.06
108.90
107.10
110.69
115.54
111.43
109.21
109.53
108.26
111.64
108.26
109.32
114.38
110.79
110.74
106.37
107.00
112.17
106.37
111.22
111.38
113.43
107.79
109.74
111.53
113.75
110.48
107.42
109.00
108.53
108.58
108.63
111.90
108.26
108.26
109.21
108.69
108.90
109.79
113.01
109.74
112.69
107.53
107.68
104.62
103.78
111.22
109.79
106.05
109.63
107.47
107.79
110.48
111.80
109.05
110.58
109.32
110.90
110.37
108.63
109.95
112.17
107.53
110.64
110.79
106.79
105.94
108.37
109.79
109.32
110.11
112.64
105.63
109.42
112.22
110.85
110.11
111.90
110.06
113.01
111.48
110.69
110.95
109.11
110.00
107.68
111.69
104.78
113.17
112.01
110.74
108.11
103.99
108.00
109.95
111.53
107.26
109.58
107.00
112.54
113.91
111.80
108.26
105.94
108.74
114.64
110.48
106.68
106.31
110.74
112.11
108.21
106.89
110.79
108.84
110.95
106.10
109.11
115.33
110.95
109.95
109.90
113.59
110.53
107.95
111.74
110.43
107.74
114.59
103.68
110.58
109.85
113.06
108.37
109.63
110.95
108.00
110.11
106.73
108.11
109.90
108.95
110.16
110.58
112.06
107.31
112.11
113.12
113.85
109.37
110.11
109.79
108.63
104.31
107.58
108.58
111.85
112.43
107.10
108.42
108.91
108.42
109.48
109.69
108.11
114.54
112.64
111.22
