write_job: (g=0): rw=write, bs=54K-54K/54K-54K/54K-54K, ioengine=libaio, iodepth=4
fio-2.1.10
Starting 1 process

write_job: (groupid=0, jobs=1): err= 0: pid=4315: Wed Sep 30 14:37:18 2015
  write: io=235520MB, bw=494442KB/s, iops=9156, runt=487767msec
    slat (usec): min=3, max=278, avg=16.08, stdev= 1.83
    clat (usec): min=135, max=2115, avg=418.98, stdev= 5.23
     lat (usec): min=156, max=2129, avg=435.29, stdev= 4.70
    clat percentiles (usec):
     |  1.00th=[  414],  5.00th=[  414], 10.00th=[  414], 20.00th=[  418],
     | 30.00th=[  418], 40.00th=[  418], 50.00th=[  418], 60.00th=[  418],
     | 70.00th=[  422], 80.00th=[  422], 90.00th=[  426], 95.00th=[  426],
     | 99.00th=[  430], 99.50th=[  434], 99.90th=[  446], 99.95th=[  450],
     | 99.99th=[  462]
    bw (KB  /s): min=491292, max=494640, per=100.00%, avg=494495.00, stdev=274.44
    lat (usec) : 250=0.01%, 500=100.00%, 750=0.01%, 1000=0.01%
    lat (msec) : 2=0.01%, 4=0.01%
  cpu          : usr=7.42%, sys=17.08%, ctx=4489092, majf=0, minf=27
  IO depths    : 1=0.1%, 2=0.1%, 4=100.0%, 8=0.0%, 16=0.0%, 32=0.0%, >=64=0.0%
     submit    : 0=0.0%, 4=100.0%, 8=0.0%, 16=0.0%, 32=0.0%, 64=0.0%, >=64=0.0%
     complete  : 0=0.0%, 4=100.0%, 8=0.0%, 16=0.0%, 32=0.0%, 64=0.0%, >=64=0.0%
     issued    : total=r=0/w=4466158/d=0, short=r=0/w=0/d=0
     latency   : target=0, window=0, percentile=100.00%, depth=4

Run status group 0 (all jobs):
  WRITE: io=235520MB, aggrb=494442KB/s, minb=494442KB/s, maxb=494442KB/s, mint=487767msec, maxt=487767msec

Disk stats (read/write):
  sda: ios=84/4465632, merge=0/0, ticks=4/1843312, in_queue=1840568, util=100.00%
