write_job: (g=0): rw=write, bs=54K-54K/54K-54K/54K-54K, ioengine=libaio, iodepth=64
fio-2.1.10
Starting 1 process

write_job: (groupid=0, jobs=1): err= 0: pid=4388: Wed Sep 30 15:01:29 2015
  write: io=235520MB, bw=508129KB/s, iops=9409, runt=474629msec
    slat (usec): min=2, max=128, avg=11.65, stdev= 1.89
    clat (usec): min=1911, max=13353, avg=6788.18, stdev=21.17
     lat (usec): min=1968, max=13364, avg=6800.07, stdev=20.86
    clat percentiles (usec):
     |  1.00th=[ 6752],  5.00th=[ 6752], 10.00th=[ 6752], 20.00th=[ 6816],
     | 30.00th=[ 6816], 40.00th=[ 6816], 50.00th=[ 6816], 60.00th=[ 6816],
     | 70.00th=[ 6816], 80.00th=[ 6816], 90.00th=[ 6816], 95.00th=[ 6816],
     | 99.00th=[ 6816], 99.50th=[ 6816], 99.90th=[ 6880], 99.95th=[ 6880],
     | 99.99th=[ 7392]
    bw (KB  /s): min=505332, max=509436, per=100.00%, avg=508259.38, stdev=405.79
    lat (msec) : 2=0.01%, 4=0.01%, 10=100.00%, 20=0.01%
  cpu          : usr=7.86%, sys=12.75%, ctx=2387989, majf=0, minf=27
  IO depths    : 1=0.1%, 2=0.1%, 4=0.1%, 8=0.1%, 16=0.1%, 32=0.1%, >=64=100.0%
     submit    : 0=0.0%, 4=100.0%, 8=0.0%, 16=0.0%, 32=0.0%, 64=0.0%, >=64=0.0%
     complete  : 0=0.0%, 4=100.0%, 8=0.0%, 16=0.0%, 32=0.0%, 64=0.1%, >=64=0.0%
     issued    : total=r=0/w=4466158/d=0, short=r=0/w=0/d=0
     latency   : target=0, window=0, percentile=100.00%, depth=64

Run status group 0 (all jobs):
  WRITE: io=235520MB, aggrb=508128KB/s, minb=508128KB/s, maxb=508128KB/s, mint=474629msec, maxt=474629msec

Disk stats (read/write):
  sda: ios=84/2371892, merge=0/2092850, ticks=4/16059720, in_queue=16057960, util=100.00%
