15.88
172.39
222.12
222.38
221.59
216.05
216.26
220.75
219.22
218.21
218.27
217.11
219.69
218.06
215.63
217.10
224.91
222.12
222.17
224.54
224.60
216.95
214.47
220.96
227.50
211.25
220.85
220.32
221.43
216.11
215.42
216.21
217.79
215.16
222.33
220.11
213.57
216.05
222.43
222.59
218.27
220.11
227.92
219.64
218.85
224.70
225.54
219.01
227.92
217.90
216.47
218.79
225.91
214.31
218.00
220.43
215.53
219.59
221.85
216.58
225.23
224.02
220.64
226.23
222.91
219.53
215.16
225.33
227.50
222.43
208.72
220.27
219.53
212.94
213.73
222.70
227.02
212.52
222.59
222.91
223.28
218.43
219.27
219.69
225.33
217.37
220.75
220.17
228.50
214.21
220.11
223.86
222.49
224.60
214.42
226.39
220.01
221.33
216.16
222.49
216.42
215.21
222.43
229.34
224.07
222.54
216.69
223.38
220.96
224.75
220.90
217.58
219.48
224.91
223.49
219.06
217.74
219.74
222.17
215.31
222.43
223.12
214.84
211.94
219.48
226.02
215.68
216.26
223.17
220.32
223.22
216.37
218.00
219.22
219.16
221.12
217.69
227.44
224.33
217.32
222.91
226.44
225.60
211.52
227.81
218.21
222.59
216.32
222.28
228.60
227.71
214.52
219.01
215.42
221.96
224.49
220.96
218.11
219.38
222.80
218.06
217.53
227.71
222.28
217.85
221.64
220.64
214.47
218.43
224.02
223.49
219.59
218.69
215.31
225.91
208.78
218.58
215.16
217.05
214.73
223.07
220.80
221.64
220.64
219.01
221.27
223.28
221.59
215.10
220.38
224.44
220.11
215.47
219.74
219.85
210.99
221.85
218.64
224.44
212.68
221.06
220.64
212.26
216.95
221.33
218.95
217.05
228.13
219.48
225.33
220.80
220.27
218.06
218.69
221.85
216.69
222.12
224.33
223.59
216.11
212.57
221.12
218.43
217.00
220.01
224.54
209.09
217.74
223.22
225.02
214.79
212.78
222.49
221.91
214.15
218.21
219.32
216.11
211.68
221.06
221.91
218.21
213.10
225.18
224.65
214.89
219.01
218.53
222.33
217.32
219.48
223.91
215.74
216.63
213.89
219.96
224.60
218.00
217.27
218.79
223.12
217.16
214.37
223.75
226.28
214.21
223.70
219.53
225.33
218.64
219.74
218.32
216.69
215.95
217.53
216.21
216.32
213.79
218.21
218.27
214.31
212.57
217.90
220.06
214.10
222.01
220.43
220.06
219.64
214.95
218.58
218.95
221.43
222.28
221.70
218.53
213.31
220.85
224.81
225.39
217.16
213.73
220.06
215.05
219.27
226.81
222.59
216.05
219.53
219.53
220.59
214.79
232.24
216.21
218.85
220.32
220.06
220.80
221.64
221.59
219.43
217.32
224.60
225.02
217.85
216.26
225.02
219.96
211.62
219.38
217.79
209.88
214.73
221.48
221.12
216.21
211.25
225.12
219.06
218.79
222.70
222.33
219.85
218.00
220.06
219.87
217.74
217.42
217.90
218.27
222.01
214.21
219.01
218.43
217.05
216.00
211.46
219.53
214.10
214.15
217.11
218.11
218.95
220.06
223.07
223.80
218.64
217.79
225.91
221.17
217.05
218.00
223.33
216.32
218.95
217.16
224.96
216.05
226.28
219.96
220.69
224.60
224.96
215.42
216.74
223.38
215.26
218.64
220.38
224.28
212.41
216.69
216.84
220.85
214.73
211.73
223.33
219.80
217.11
220.69
224.86
214.58
223.28
213.94
225.33
219.80
216.53
222.49
212.68
216.26
216.00
221.59
211.68
220.64
220.90
218.48
218.16
219.74
213.15
222.91
227.87
215.37
220.75
217.32
217.42
213.15
223.33
219.38
215.00
210.36
220.17
223.33
222.54
214.58
215.84
223.65
216.69
218.16
214.95
218.00
209.30
218.11
213.47
217.69
215.95
219.80
221.75
212.15
222.86
221.80
218.69
206.56
220.17
221.38
220.32
218.32
220.75
217.85
212.04
218.27
221.75
214.15
215.89
219.53
214.68
211.83
216.63
217.90
210.30
214.15
218.64
216.26
213.63
217.63
216.69
220.17
206.14
215.00
217.58
212.15
218.74
218.32
216.16
212.89
218.16
216.47
212.20
213.63
221.17
214.52
209.14
223.54
217.63
217.11
214.63
219.11
214.84
211.46
223.59
212.78
213.15
210.20
221.27
222.80
218.53
216.26
224.86
221.59
218.06
214.52
216.11
215.37
212.47
219.06
214.79
217.79
209.36
218.21
214.68
208.20
215.95
216.32
217.85
208.46
219.48
214.31
211.04
218.48
218.69
215.74
213.52
211.31
211.99
209.94
217.90
216.42
213.36
217.11
220.27
