15.71
437.85
537.31
537.21
536.99
537.63
537.15
537.05
537.79
536.89
537.63
537.36
537.31
537.42
536.78
537.63
537.36
537.31
537.36
536.84
537.63
537.36
537.31
537.42
537.26
537.15
537.31
536.89
537.47
536.73
537.63
537.26
536.94
537.36
536.84
537.57
537.10
537.21
537.36
536.78
537.57
537.10
537.15
537.26
536.94
537.36
536.84
537.57
537.10
537.21
537.26
536.89
537.57
537.10
537.26
537.15
536.94
537.36
537.31
537.10
537.10
537.21
537.36
536.78
537.57
537.10
537.26
537.15
536.94
537.52
537.15
537.21
536.99
537.21
537.36
536.78
537.57
537.10
537.26
537.15
536.94
537.52
536.68
537.57
531.78
537.21
537.26
536.89
537.57
537.10
537.15
537.26
536.94
537.52
537.15
537.10
537.10
537.26
537.31
536.78
537.47
537.21
537.15
537.26
536.94
537.36
536.84
537.47
537.21
537.26
537.21
536.89
537.47
537.21
537.26
537.15
536.94
537.36
536.84
537.42
536.78
537.52
537.05
537.26
537.15
537.05
537.31
537.21
536.94
537.31
536.78
537.52
537.15
537.26
537.15
536.99
537.47
536.68
537.57
537.10
537.05
537.26
537.05
537.26
536.94
537.42
537.26
536.78
537.57
536.99
537.26
536.94
537.42
537.15
536.84
537.68
536.94
537.31
537.21
536.94
537.42
537.15
537.15
537.05
537.42
537.15
536.84
537.57
537.05
537.31
536.89
537.26
537.31
536.84
537.57
537.05
537.26
537.15
537.05
537.42
537.15
537.21
536.99
537.26
537.31
536.84
537.47
537.15
537.26
537.15
537.05
537.26
536.84
537.68
536.99
537.26
537.21
536.94
537.36
537.26
537.15
537.05
537.26
537.26
536.84
537.42
536.78
537.52
537.26
537.10
537.21
536.94
537.42
537.26
536.78
537.57
536.99
537.26
536.94
537.42
537.15
536.89
537.42
537.15
537.21
536.99
537.26
537.42
537.15
537.15
537.05
537.26
537.15
537.05
537.26
536.84
537.57
537.10
537.31
537.15
536.94
537.47
536.68
537.52
537.15
536.84
537.52
536.99
537.26
536.94
537.26
537.15
537.10
537.05
531.68
537.26
536.94
537.42
536.99
537.10
537.21
536.84
537.26
536.94
537.42
537.15
536.94
537.36
536.68
537.57
537.10
537.05
537.26
536.73
537.57
536.94
537.21
536.99
537.05
537.42
536.99
537.15
536.94
537.42
537.10
537.05
537.31
536.78
537.31
536.78
537.42
537.26
536.89
537.31
536.78
537.42
536.68
537.52
537.15
536.89
537.31
537.15
537.15
537.05
537.26
536.94
536.89
537.47
536.99
537.26
536.94
537.42
537.15
536.94
537.21
536.84
537.42
536.78
537.52
537.05
536.94
537.36
536.68
537.42
536.78
537.52
537.05
536.99
537.42
537.05
537.10
537.10
537.05
537.26
536.78
537.42
537.05
537.31
536.89
537.36
537.21
536.94
537.36
536.68
537.52
537.15
536.89
537.47
536.99
537.26
536.94
537.42
537.15
536.99
537.15
536.84
537.42
536.78
537.42
537.15
536.99
537.31
537.15
537.10
537.10
537.05
537.26
537.21
536.99
537.05
537.21
536.99
537.05
537.42
536.15
537.31
537.15
537.15
537.05
537.26
537.15
537.15
537.15
536.84
537.42
536.78
537.42
537.15
536.99
537.42
537.05
537.21
536.99
537.05
537.42
537.05
537.10
536.94
537.31
537.21
537.05
537.10
537.05
537.26
536.78
537.52
537.15
536.89
537.21
536.94
537.26
536.78
537.42
537.26
536.89
537.31
536.84
537.36
537.15
537.05
537.15
536.89
537.31
537.15
537.15
537.05
537.26
536.94
536.89
531.99
536.84
537.36
537.15
537.05
537.15
536.89
537.31
537.15
537.05
