15.07
423.25
521.17
520.91
520.96
520.96
520.96
520.96
520.86
520.49
520.59
520.49
520.54
520.59
520.80
520.70
520.49
520.38
520.54
520.65
520.75
520.49
520.28
520.38
520.54
520.38
520.54
520.54
520.44
520.59
520.44
520.44
520.38
520.17
520.22
520.22
520.22
520.22
520.22
520.44
520.22
520.38
520.38
520.22
520.28
520.22
520.22
520.28
520.28
520.33
520.44
520.07
520.28
520.33
520.44
520.28
520.28
520.28
520.28
520.38
520.44
520.33
520.17
520.22
520.12
520.33
520.22
520.22
520.07
520.12
520.22
520.33
520.17
520.22
520.22
520.22
520.22
515.13
520.22
520.22
520.22
520.07
520.28
519.96
520.17
519.96
520.28
520.07
520.17
520.28
520.12
520.38
520.17
520.17
520.38
520.28
520.33
520.01
520.12
520.12
520.38
520.17
520.17
520.17
520.22
520.38
520.28
520.28
520.33
520.28
520.17
520.07
520.17
520.17
520.22
520.17
520.12
520.28
520.17
520.17
520.01
520.28
519.96
520.17
520.17
520.22
520.17
520.22
520.12
520.33
520.07
520.07
520.12
520.12
520.12
520.07
520.22
520.17
520.22
520.12
520.07
520.12
520.12
520.17
520.17
520.12
520.01
520.07
520.12
520.22
520.01
520.12
520.12
520.07
520.07
520.12
520.01
520.01
520.33
520.01
520.07
520.07
519.96
520.17
520.12
520.12
519.96
520.17
520.07
520.12
520.17
520.12
520.07
520.22
520.01
520.12
520.07
520.12
520.07
520.12
520.01
520.01
520.07
520.01
520.17
520.12
520.17
520.17
520.17
520.07
520.07
520.12
520.17
520.17
520.07
520.22
520.07
520.12
520.07
520.22
520.17
520.12
520.28
520.17
520.07
520.22
520.12
520.12
520.07
520.17
520.01
520.07
520.12
520.01
520.12
520.07
519.96
520.22
520.17
520.12
520.12
520.12
520.07
520.17
520.17
520.17
520.07
520.01
520.07
520.07
520.01
520.12
520.17
520.07
520.17
520.17
520.17
520.22
520.17
520.12
520.07
520.01
520.12
520.07
520.17
520.12
520.01
520.07
520.17
520.12
520.12
520.22
520.01
520.12
520.22
520.17
520.17
520.22
520.12
515.02
520.07
520.17
520.07
520.17
520.12
520.07
520.28
520.12
520.17
520.22
520.12
520.12
520.12
520.17
520.17
520.07
520.17
520.12
520.12
520.07
520.12
520.33
520.22
520.07
520.12
520.17
520.28
520.28
520.28
520.01
520.17
520.17
520.22
520.12
520.28
520.28
520.22
520.17
520.12
520.22
520.01
520.22
520.17
520.12
520.22
520.22
520.17
520.17
520.22
520.28
520.07
520.17
520.38
520.17
520.12
520.33
520.17
520.12
520.17
520.22
520.12
520.22
520.07
520.17
520.17
520.17
520.17
520.17
520.17
520.07
520.17
520.07
520.28
520.17
519.86
520.12
520.17
520.17
520.17
520.07
520.12
520.17
520.33
520.12
520.07
520.12
520.07
520.22
520.22
520.12
520.17
520.22
520.22
520.22
520.17
520.17
520.22
520.07
520.17
520.22
520.17
520.12
520.22
520.17
520.17
520.17
520.12
520.28
520.07
520.22
520.17
520.22
520.28
520.22
520.07
520.17
520.12
520.12
520.22
520.12
520.17
520.12
520.17
520.17
520.17
520.12
520.17
520.12
520.17
520.17
520.17
520.07
520.17
520.17
520.17
520.17
520.12
520.17
520.17
520.01
520.38
520.22
520.22
520.01
520.22
520.17
520.33
520.07
520.22
520.12
520.17
520.07
520.17
520.22
520.12
520.17
520.17
519.96
520.12
520.12
520.17
520.28
520.12
520.22
520.17
520.12
520.28
520.17
520.12
520.22
520.01
520.12
520.22
520.17
520.22
520.17
520.17
520.12
520.17
520.07
520.22
520.17
520.22
520.22
519.91
520.01
520.22
520.07
520.17
520.28
520.01
515.02
520.07
489.64
