16.18
86.02
106.58
100.56
111.43
117.44
111.90
107.42
112.54
106.58
115.54
110.69
110.16
109.79
107.53
111.16
111.64
112.01
110.43
107.21
108.90
111.27
113.64
109.37
112.90
109.85
111.11
113.06
107.00
108.53
113.48
105.10
110.06
107.95
109.37
109.58
105.89
109.90
108.47
110.74
105.63
111.85
108.69
110.74
112.69
111.43
103.94
108.11
108.11
112.22
111.96
109.32
107.84
114.64
110.53
105.47
107.95
110.64
111.01
114.75
112.11
111.74
112.75
112.01
105.79
111.01
109.42
112.17
109.85
108.84
108.90
114.70
109.79
112.11
114.01
109.48
108.47
113.54
109.05
107.95
113.22
108.47
113.27
113.75
108.69
109.48
109.48
116.28
109.63
104.36
113.38
110.53
107.00
109.16
108.95
111.48
108.95
109.37
113.38
109.21
105.05
111.90
110.00
107.95
106.21
109.16
113.75
111.43
116.38
115.59
108.90
110.69
110.58
113.12
109.95
108.11
112.96
111.32
112.11
105.73
108.74
109.95
110.27
107.42
106.89
107.47
106.84
114.12
107.10
107.47
108.79
114.91
106.31
108.21
110.16
109.74
108.05
110.32
111.11
109.74
114.49
108.16
111.96
113.17
110.06
109.42
114.12
109.27
110.90
105.05
108.84
107.00
109.32
108.84
109.85
109.11
106.89
115.12
106.84
107.05
112.80
108.69
112.54
110.90
110.21
113.54
109.63
106.84
107.74
117.12
112.43
106.31
107.89
108.00
107.79
107.37
110.95
115.75
110.64
111.01
114.54
109.05
108.21
114.49
107.63
108.47
102.99
107.53
109.63
107.79
110.53
112.11
111.38
110.90
110.74
112.85
113.70
108.26
107.53
116.75
108.74
109.63
113.80
107.79
102.09
106.37
110.90
109.69
110.64
112.01
108.05
111.64
112.32
111.96
116.12
107.74
107.68
109.11
113.33
109.11
110.64
108.47
110.43
108.11
110.95
109.58
111.01
113.33
112.38
112.27
111.96
113.80
111.96
112.80
111.74
105.05
113.43
107.74
111.27
112.27
111.59
110.95
110.64
114.91
108.69
111.74
114.12
106.58
113.96
111.48
109.27
106.47
111.96
113.22
109.95
109.95
108.69
110.79
111.38
107.89
106.15
105.57
110.32
111.22
112.17
106.79
109.63
108.37
111.11
110.00
108.42
106.31
107.74
104.41
111.48
107.31
110.69
107.53
110.37
110.43
108.69
113.96
107.79
106.63
106.73
113.43
109.05
103.04
111.64
113.48
115.22
113.17
107.74
108.79
111.32
107.37
109.16
112.85
110.48
111.16
107.68
109.53
112.01
110.16
109.05
110.74
110.11
114.17
109.63
113.75
109.27
111.27
107.95
114.96
106.95
107.00
105.36
111.90
111.16
108.90
107.63
109.90
110.06
107.21
107.16
108.63
110.69
113.80
108.37
110.85
108.26
109.53
111.48
108.00
110.27
112.06
111.74
107.37
111.16
111.06
108.11
104.62
109.21
110.74
109.27
110.06
111.22
110.43
108.47
111.80
106.95
107.05
107.74
110.06
114.03
110.74
109.21
113.75
115.91
107.37
109.95
109.37
108.95
110.79
107.79
112.59
107.68
115.49
111.96
109.11
111.27
114.17
111.59
109.37
113.80
111.38
110.58
114.96
108.47
106.58
109.11
107.00
109.11
110.43
114.43
110.21
110.79
112.17
109.90
109.42
107.95
103.52
111.69
108.90
111.59
107.89
105.10
108.74
112.59
113.91
113.01
112.43
109.21
106.37
110.48
103.31
111.96
112.90
108.00
110.69
111.22
108.74
113.01
108.00
107.37
108.63
109.32
109.37
108.37
110.69
109.90
106.10
111.74
107.63
108.95
109.53
109.74
107.37
119.29
109.90
111.43
108.95
109.95
108.21
110.85
109.74
108.79
111.90
106.31
115.54
108.58
110.64
109.63
108.37
112.54
106.00
109.37
111.32
109.37
107.74
110.37
115.96
106.42
110.85
108.63
110.37
114.17
113.17
108.95
105.73
114.28
111.90
108.42
108.05
106.26
108.53
109.69
107.00
108.42
107.05
107.21
112.01
111.01
113.17
109.79
109.00
111.85
110.37
113.38
110.79
106.89
108.16
111.74
116.60
108.63
110.69
106.73
104.78
108.74
112.59
114.06
111.53
108.05
110.37
108.69
106.21
111.59
110.21
111.16
110.00
105.63
108.47
110.69
110.74
110.64
111.74
112.96
114.06
110.32
110.48
111.90
109.11
107.47
110.53
110.00
117.18
107.95
108.26
111.48
109.90
104.41
109.53
111.59
105.36
108.79
110.00
106.52
110.79
107.45
109.48
113.17
104.78
107.21
114.01
107.26
106.52
107.53
110.32
103.83
111.59
105.73
113.48
112.43
113.12
109.21
107.16
107.63
107.47
113.75
112.27
114.28
112.22
111.96
107.37
117.70
111.74
115.38
110.16
112.22
107.89
110.00
110.48
107.10
111.90
112.80
111.53
113.75
113.75
109.11
109.53
114.96
110.37
110.85
109.42
105.79
106.52
115.12
116.23
111.53
112.75
107.37
112.32
104.78
106.63
109.16
110.64
107.63
108.79
109.42
109.58
110.90
108.63
110.32
109.79
107.68
108.74
108.79
111.43
113.43
106.52
111.11
109.58
109.32
109.90
108.42
112.01
108.90
114.43
106.84
105.47
110.85
112.69
112.85
111.53
111.16
110.48
110.32
108.26
113.22
109.58
110.32
113.22
104.68
107.05
110.48
107.10
115.07
109.63
111.85
108.16
108.90
110.27
106.68
111.06
110.37
109.85
107.79
110.16
109.63
110.00
110.06
106.95
110.69
109.95
107.89
107.84
111.27
107.16
107.26
113.48
107.21
110.58
110.85
107.21
109.95
110.53
108.05
110.32
107.10
116.12
113.85
112.64
109.95
110.95
108.84
112.11
108.16
112.48
106.05
107.00
109.85
112.38
107.37
109.90
109.48
108.90
112.48
107.42
112.38
111.11
109.42
111.11
106.05
106.05
111.85
110.48
107.21
111.38
106.31
110.00
107.37
111.80
114.70
108.05
108.37
111.38
105.36
110.79
109.42
113.54
108.58
107.42
112.69
104.57
108.42
112.85
110.11
110.37
110.16
105.57
114.49
110.06
104.63
110.85
111.85
109.42
111.16
110.69
109.16
111.48
109.11
112.43
106.37
115.65
101.67
109.16
109.11
109.00
110.90
106.10
112.59
107.00
115.07
109.48
111.32
109.05
111.80
108.79
110.58
105.05
109.37
113.64
108.69
109.74
110.79
110.79
114.01
110.58
114.12
107.79
107.42
112.54
114.59
105.21
111.27
111.11
109.37
108.05
107.21
109.21
108.05
108.26
110.43
112.06
114.49
111.38
111.32
114.64
108.63
112.38
112.75
109.00
106.52
108.69
115.96
107.89
111.74
110.00
107.84
113.17
111.27
112.85
108.84
110.69
109.32
107.89
110.58
116.54
112.54
106.26
103.31
108.42
115.91
111.27
111.90
112.17
110.58
107.79
108.90
111.32
113.54
107.16
108.05
111.59
109.63
111.16
106.00
110.79
111.01
111.43
110.06
107.05
105.42
112.54
113.22
106.89
113.12
115.80
107.37
110.16
110.37
110.27
110.16
110.69
107.05
107.16
115.86
106.84
109.95
110.85
111.59
107.74
113.17
111.27
110.37
109.63
108.90
108.32
111.22
103.15
115.65
108.42
108.21
112.75
107.26
113.06
112.75
109.00
109.37
109.00
108.84
111.48
110.74
109.48
110.69
112.32
113.12
106.31
107.26
110.43
110.32
105.52
111.48
109.00
114.12
112.48
110.79
109.11
108.69
106.84
109.53
109.69
113.38
113.06
110.53
110.64
107.10
111.38
106.58
119.44
112.54
111.48
108.95
107.37
107.84
108.84
109.21
110.64
112.20
110.79
107.37
107.79
108.69
108.26
109.32
108.11
114.01
108.00
110.53
110.48
108.74
109.69
107.68
113.12
108.74
103.15
110.48
108.00
113.64
110.00
104.84
109.05
113.06
107.63
117.39
109.11
106.73
110.69
110.69
111.43
104.52
107.74
110.69
107.37
111.74
108.05
109.90
113.59
106.68
116.33
108.69
114.33
108.47
111.43
109.16
109.69
107.95
113.01
112.11
108.79
109.90
108.90
109.95
111.06
108.32
107.95
105.73
104.15
108.95
111.43
109.63
115.65
108.79
108.26
112.27
110.64
105.52
112.43
110.27
110.32
107.68
109.37
106.42
109.69
111.59
113.96
114.70
112.75
108.00
104.04
109.63
110.06
106.73
110.69
110.00
112.38
109.58
114.59
107.84
112.80
110.06
106.63
108.74
109.79
107.42
109.58
108.58
109.16
107.79
107.31
116.44
107.31
109.16
116.07
115.54
111.27
114.01
107.95
111.80
107.26
109.05
107.84
109.42
114.96
109.32
104.99
112.06
104.36
109.85
108.69
106.68
108.00
107.68
106.95
107.00
114.86
111.27
105.63
112.96
109.69
113.54
111.27
101.94
108.79
110.11
111.43
115.70
111.85
111.64
110.32
115.12
112.38
107.63
113.33
108.58
111.48
111.06
110.16
107.26
108.95
111.59
111.01
109.90
112.59
112.54
108.26
109.69
110.79
110.48
108.47
110.11
111.69
105.89
113.64
111.48
110.95
110.16
111.32
112.90
111.53
110.74
110.21
109.58
104.32
113.38
111.01
110.43
110.21
110.27
112.59
111.64
