15.60
87.06
108.90
112.22
109.37
113.17
109.63
104.52
109.21
110.95
112.27
110.74
110.21
106.89
111.85
109.85
107.42
112.48
109.58
113.59
108.58
108.95
109.05
109.79
109.48
108.32
106.89
110.11
109.63
116.07
106.31
109.11
110.69
110.21
107.31
113.48
109.63
112.54
110.43
109.79
110.58
107.68
107.58
105.79
110.64
110.64
113.43
109.74
112.22
105.10
109.21
111.43
107.74
112.06
110.37
112.54
108.11
106.37
107.58
106.15
112.43
109.53
110.00
108.26
107.89
111.53
111.38
106.73
111.16
110.32
108.84
107.58
109.21
111.48
108.58
111.96
113.59
106.73
111.96
110.43
105.36
111.53
113.75
110.58
109.69
110.32
118.76
107.37
108.69
116.54
109.11
109.58
110.90
110.64
110.58
107.56
110.85
110.53
110.27
107.37
107.84
107.89
111.96
112.69
114.59
108.95
108.79
110.11
102.94
108.53
112.17
110.79
107.89
105.05
106.52
109.11
104.57
107.84
109.69
113.54
107.84
108.74
106.21
109.32
111.06
108.37
110.64
110.69
111.06
106.31
104.73
104.47
108.84
113.48
107.05
110.48
109.42
106.79
106.68
110.27
108.74
106.15
108.95
107.00
104.89
105.89
111.53
107.00
107.74
104.41
111.69
109.21
113.12
111.74
107.68
107.26
112.48
110.58
111.53
113.43
107.37
114.43
109.37
111.32
106.26
110.53
106.00
109.05
107.89
107.31
111.16
100.78
111.11
107.00
104.78
106.31
113.64
111.16
108.53
104.52
108.42
105.84
106.52
110.43
105.79
111.53
112.01
108.58
104.52
108.16
111.48
111.06
107.26
109.90
111.43
111.16
108.11
110.64
109.05
110.58
109.95
104.52
112.48
109.11
113.85
115.70
109.48
111.16
107.26
106.31
108.79
110.79
111.90
106.95
108.95
111.27
110.90
110.79
105.84
108.74
109.11
110.53
110.00
106.63
110.90
111.11
112.27
115.38
110.37
110.79
107.63
112.69
106.42
107.95
113.38
109.69
110.43
109.95
110.69
110.69
111.80
108.90
106.31
107.58
111.16
112.80
109.00
104.47
109.05
110.43
108.84
108.58
105.84
112.27
107.95
111.53
112.96
108.32
108.53
106.26
110.95
108.05
113.17
108.84
111.80
107.21
108.74
111.85
107.89
105.79
110.58
112.27
108.69
107.37
109.02
112.54
108.00
110.32
109.11
109.63
111.96
109.48
107.95
109.32
115.59
112.32
110.79
115.44
110.74
113.80
107.42
108.90
109.05
110.43
109.63
104.04
110.53
108.00
112.43
116.12
112.11
111.64
112.85
107.10
113.12
111.22
112.27
109.69
107.47
109.90
110.06
106.63
112.11
115.91
109.32
107.37
106.10
106.89
111.90
110.11
113.91
108.90
109.00
106.00
109.85
106.26
110.58
115.44
107.16
112.69
105.36
111.48
108.37
107.16
111.53
108.47
109.90
113.75
111.69
112.11
111.06
111.90
113.01
111.11
106.79
108.79
113.33
108.26
109.58
107.79
113.17
108.32
110.37
108.69
108.79
109.63
108.79
111.38
107.42
105.47
106.84
105.15
109.32
105.42
110.11
107.42
108.69
110.37
103.20
110.11
109.48
113.06
110.95
105.63
103.52
107.84
108.16
104.52
111.80
113.17
108.42
106.68
107.53
111.69
104.41
103.99
106.21
106.00
101.78
107.10
104.94
110.16
103.52
110.95
109.37
103.52
105.68
111.74
108.69
106.89
109.58
106.37
107.26
103.41
104.99
102.25
107.47
109.48
106.26
107.31
109.05
105.89
108.84
108.79
104.78
110.21
107.74
110.16
103.25
106.05
111.69
114.17
111.22
108.16
106.52
111.38
106.58
107.63
109.42
109.42
110.58
106.84
108.58
109.11
114.75
108.47
110.16
112.06
108.84
107.37
106.10
112.96
107.16
111.32
106.73
106.37
106.73
106.52
109.69
107.10
109.69
114.80
107.00
104.94
107.00
113.54
105.16
107.31
106.63
111.22
106.58
109.48
113.38
111.53
111.90
109.53
108.11
106.47
109.85
108.74
106.84
110.00
112.90
105.31
105.89
107.05
107.26
108.42
107.00
106.84
109.00
107.16
109.58
111.64
108.21
116.65
109.11
108.74
108.79
107.37
111.01
112.85
107.05
106.95
107.16
108.79
108.21
112.32
109.11
113.38
110.53
106.58
108.11
105.36
110.85
114.91
107.95
108.53
107.68
109.42
103.83
110.53
107.31
109.95
108.74
112.59
111.06
107.42
111.38
109.95
110.53
111.80
111.59
109.53
109.58
113.48
108.11
114.22
115.70
110.11
112.06
107.89
109.58
109.63
111.64
111.59
107.42
108.37
111.53
111.01
109.58
109.42
109.05
114.75
107.63
104.94
108.53
110.27
112.75
112.32
111.27
108.53
108.79
109.90
110.90
109.53
104.20
116.28
109.69
110.43
104.99
108.11
110.53
107.47
110.21
110.74
113.80
109.85
109.05
109.69
107.79
111.48
107.63
105.47
107.63
110.00
108.90
108.47
111.85
110.43
106.52
100.67
106.15
108.84
110.43
106.73
106.79
109.53
111.43
106.31
108.58
110.43
114.17
110.21
103.20
113.75
110.90
108.63
108.16
112.38
111.11
109.85
111.22
110.95
106.84
109.37
110.37
105.26
109.21
105.73
111.85
107.37
111.90
110.21
109.90
111.16
103.36
110.43
107.47
114.38
108.69
109.27
113.27
109.11
106.63
107.26
114.54
112.32
113.06
112.96
108.53
109.69
113.43
107.05
106.47
109.27
109.79
111.80
111.48
105.94
108.42
110.11
112.43
109.32
105.31
108.16
108.42
110.32
108.37
112.06
108.58
107.51
106.68
101.83
108.26
109.11
106.47
109.90
105.31
107.05
105.36
101.46
109.58
104.36
110.06
105.57
106.47
107.58
106.21
106.84
112.27
105.63
113.06
108.53
109.63
108.84
111.38
111.43
109.63
109.74
106.31
110.64
111.85
109.27
107.63
111.22
107.84
112.22
107.84
109.53
109.79
108.69
108.11
111.38
108.74
109.69
105.84
110.11
107.79
111.48
114.91
110.90
114.06
108.42
111.11
111.16
112.27
110.43
112.32
113.91
106.47
106.68
108.79
111.74
120.60
105.79
112.32
106.10
110.16
108.63
110.00
108.42
109.11
110.00
109.21
110.64
111.74
111.38
112.80
111.43
109.16
102.94
108.79
114.06
112.27
106.84
110.53
112.32
110.85
108.32
110.64
109.79
107.53
114.75
112.38
108.42
110.64
112.11
108.37
109.00
112.32
110.27
109.69
108.11
109.05
113.48
106.95
104.47
108.95
112.48
106.26
114.43
108.26
109.79
110.64
111.22
111.32
108.53
106.31
110.00
107.95
103.57
110.11
110.06
105.79
105.73
115.33
111.06
110.06
110.43
111.38
111.64
109.21
109.69
110.69
108.05
110.69
112.17
108.21
109.37
107.79
108.95
106.42
107.84
111.74
113.22
108.58
109.21
110.85
110.85
112.64
105.10
109.21
108.16
109.74
106.73
112.90
108.21
111.22
116.75
109.27
110.11
113.17
110.43
108.58
110.85
111.43
109.32
105.79
104.99
109.42
107.89
108.26
109.58
114.22
104.89
110.27
112.17
107.45
107.74
109.32
109.95
109.85
108.58
108.74
108.37
114.54
110.43
109.53
105.47
113.54
110.16
116.02
110.64
113.33
106.89
111.59
112.22
109.11
110.69
108.05
109.00
105.94
108.21
112.43
109.05
105.15
111.22
110.64
105.94
107.42
105.15
112.11
109.53
110.16
106.15
108.00
110.64
108.21
108.74
106.42
106.05
111.64
107.84
109.32
108.16
110.00
108.63
105.89
112.85
104.31
107.16
106.10
110.00
108.63
106.73
107.53
109.48
111.53
106.37
106.84
105.31
112.69
99.30
107.10
107.16
109.53
107.58
116.81
105.31
106.73
109.69
107.26
110.79
103.94
105.73
111.43
113.80
112.11
106.52
108.79
110.90
106.68
108.58
106.58
108.90
106.00
103.68
107.68
110.85
108.74
112.59
108.47
105.15
110.11
106.26
112.38
109.79
104.62
111.69
110.74
110.69
108.16
109.48
102.99
107.05
110.27
109.32
107.63
109.48
106.47
112.43
107.21
108.42
110.27
111.11
108.21
108.32
111.11
108.74
113.38
109.42
111.01
111.27
106.73
107.68
107.47
108.63
112.75
111.01
105.79
110.90
115.22
104.52
109.11
113.85
110.06
109.79
109.63
108.79
108.69
108.16
104.99
109.79
104.36
109.58
109.11
107.21
109.11
109.37
112.64
103.94
109.90
106.42
112.01
107.95
108.32
109.32
117.23
110.32
108.63
110.21
107.00
111.59
111.22
109.90
103.15
113.70
107.95
110.58
107.74
109.16
108.47
111.53
108.58
104.99
112.64
108.26
106.88
113.33
107.95
113.85
108.16
111.27
112.48
113.27
112.54
108.84
109.53
111.22
108.16
105.10
108.05
106.95
108.11
112.48
103.73
111.01
110.00
112.01
108.26
107.95
110.43
102.04
111.90
110.11
107.68
109.48
108.37
107.37
110.11
114.06
107.68
109.32
109.27
106.05
114.70
107.16
109.63
107.53
109.53
109.58
109.42
108.37
109.32
111.27
110.37
111.48
111.74
113.48
109.21
106.84
104.20
106.31
113.01
108.95
106.68
114.49
111.53
103.94
108.16
113.91
109.16
113.12
111.11
106.63
109.32
114.54
