16.09
92.61
105.73
107.84
109.63
117.28
110.21
100.83
108.32
106.89
117.86
111.64
111.16
107.95
110.90
106.95
110.79
109.69
110.37
110.48
111.06
110.06
114.86
109.79
109.48
110.69
109.05
117.65
105.84
113.06
110.74
102.94
110.21
105.47
109.32
110.16
107.84
112.85
110.06
110.37
106.42
109.95
107.84
107.00
110.95
113.01
105.21
108.74
108.21
110.16
113.43
103.94
111.74
112.22
109.53
111.11
114.70
109.42
105.94
109.11
110.90
115.07
110.95
109.79
105.42
113.48
110.37
111.06
110.43
110.69
108.47
111.80
113.75
115.49
112.54
109.90
111.27
110.11
108.84
109.05
110.11
107.68
112.59
114.91
108.11
111.16
113.96
112.27
110.37
106.10
112.01
110.85
104.15
115.70
111.59
106.51
106.79
108.58
115.17
108.58
108.37
110.00
111.27
106.31
107.16
108.05
112.54
114.43
112.54
114.17
110.16
114.17
104.89
106.42
109.05
109.63
103.15
111.38
109.21
107.16
106.89
110.00
107.16
111.01
105.05
103.73
106.00
111.64
109.32
111.74
102.41
112.54
105.94
103.89
105.52
108.26
107.05
110.16
108.00
109.74
111.80
104.68
111.01
110.90
107.10
105.26
108.79
108.00
108.79
104.94
103.10
111.48
109.74
103.94
109.85
110.58
111.90
109.37
114.38
107.84
106.26
111.16
112.06
110.79
108.11
109.11
112.48
106.63
108.74
109.11
113.43
104.68
105.36
110.11
102.62
106.05
106.73
107.42
112.64
108.16
107.68
108.00
106.05
106.15
112.22
107.47
109.58
100.09
104.89
108.47
109.21
106.10
109.85
109.95
112.69
111.59
114.43
111.48
109.16
111.43
111.43
109.58
114.38
111.43
112.64
105.68
102.62
109.16
104.57
106.89
108.53
109.16
113.01
113.01
107.95
110.53
109.63
109.63
107.84
107.63
111.27
112.11
107.16
107.26
113.91
109.69
111.48
114.28
110.69
109.74
108.74
114.33
111.22
112.01
117.28
112.43
108.53
111.43
108.16
114.64
113.06
108.16
107.58
108.16
113.59
109.21
111.11
109.05
107.42
114.59
111.74
110.11
106.89
111.32
114.33
108.90
111.22
106.89
110.21
109.37
107.47
105.05
109.58
109.58
111.85
107.53
110.06
115.54
108.37
106.95
109.95
111.96
107.26
107.37
107.35
111.69
110.00
101.62
110.21
109.21
111.90
111.06
105.52
109.48
109.95
109.27
112.32
111.59
108.95
112.48
113.70
113.06
111.43
106.63
113.17
107.95
110.58
109.90
109.58
112.32
108.32
107.89
109.48
115.38
112.54
110.27
112.80
111.11
110.00
113.01
107.37
110.00
111.27
112.80
116.65
105.84
106.21
109.27
108.16
108.42
107.37
107.79
107.84
112.64
113.27
106.26
106.37
110.74
112.11
106.31
105.84
110.43
108.58
112.85
110.48
109.27
111.59
111.96
112.17
106.37
109.32
108.79
107.10
106.47
107.58
107.89
117.07
107.84
107.95
110.95
111.80
107.63
106.15
109.00
108.37
115.59
111.43
111.53
106.31
110.48
107.63
104.20
108.32
106.21
107.00
110.90
105.21
109.85
107.37
108.53
108.95
110.43
111.74
105.89
104.62
107.00
106.79
105.73
109.79
117.28
104.36
105.21
110.00
106.47
104.78
105.21
112.17
106.58
105.68
108.37
111.16
105.73
105.68
103.94
110.43
106.42
108.47
112.64
107.26
109.16
108.42
109.32
110.27
104.94
106.26
101.41
105.68
107.47
104.31
112.06
112.85
108.32
110.85
110.27
104.41
105.89
107.63
107.74
104.73
108.47
107.05
109.53
108.84
105.89
107.21
106.37
111.11
103.62
109.79
109.69
108.16
108.26
107.21
109.79
107.16
108.84
105.47
108.32
108.11
103.89
110.53
108.32
113.48
114.12
107.84
106.63
108.05
106.89
107.68
107.79
108.63
110.85
105.15
103.94
115.01
113.70
106.51
106.00
107.79
110.00
111.32
108.21
111.48
113.91
113.70
108.47
103.52
102.36
110.58
111.80
109.05
109.37
111.96
108.79
108.21
111.27
111.53
109.74
107.26
111.32
107.47
106.79
108.53
106.58
111.11
109.63
112.80
107.84
107.42
107.89
104.89
108.42
111.80
111.27
112.64
107.37
107.53
110.32
105.15
112.38
109.21
111.27
107.47
102.67
107.95
114.28
110.37
111.43
109.32
104.73
108.32
106.95
108.37
112.69
110.21
107.05
107.58
114.96
107.89
110.79
107.84
111.96
111.27
109.69
107.26
107.26
109.21
112.96
112.38
110.27
110.74
109.11
108.58
110.11
107.89
108.53
111.27
107.53
108.63
110.79
103.25
110.85
110.11
110.53
107.89
107.79
106.31
115.44
112.48
112.75
105.68
111.01
112.75
115.44
112.69
107.47
108.84
116.44
108.63
117.54
110.79
109.48
110.90
111.16
110.37
108.90
114.70
114.28
108.79
113.17
111.80
109.16
107.68
106.10
105.63
108.74
109.85
111.22
106.68
109.90
114.38
109.42
105.79
110.95
110.85
109.79
104.73
109.58
106.10
109.21
105.31
111.22
114.75
114.01
109.27
113.17
108.58
110.21
109.79
107.21
111.85
111.32
109.95
107.31
108.74
108.26
111.32
110.21
109.42
109.85
107.63
107.42
103.04
107.05
113.12
110.21
111.16
111.43
107.89
108.58
110.11
112.85
117.23
111.06
107.84
105.68
107.37
106.73
113.70
111.96
114.75
110.16
110.27
108.37
106.00
110.64
106.21
112.17
110.16
107.89
107.10
111.11
112.90
110.16
101.51
105.21
112.48
106.95
104.73
110.69
112.17
104.27
107.95
105.52
103.62
107.10
104.36
112.80
107.31
108.69
105.47
101.30
104.57
108.47
110.69
109.42
109.79
107.26
106.68
108.42
110.85
109.95
109.32
109.32
106.31
113.64
108.16
107.05
109.16
108.21
111.80
107.05
108.05
105.63
107.53
109.48
109.48
106.95
110.16
107.31
109.85
104.62
108.90
106.79
112.69
107.42
110.48
108.05
109.16
110.06
114.64
106.26
106.58
110.85
115.12
105.79
112.06
107.53
112.59
111.43
109.21
109.58
106.52
104.94
118.12
114.01
110.53
106.26
112.43
110.32
107.00
106.79
112.85
111.01
110.32
114.17
110.53
111.16
110.06
106.37
107.31
102.04
108.74
106.05
109.05
105.21
112.48
109.69
107.53
108.11
113.96
110.58
107.79
111.38
109.42
107.53
114.64
105.94
107.31
108.26
110.58
116.60
115.01
110.69
109.53
108.11
108.16
106.84
105.36
110.79
108.79
111.32
108.74
106.58
112.64
110.37
108.74
106.31
113.22
110.27
110.95
109.27
110.74
106.10
111.43
108.84
111.48
107.68
108.26
112.69
107.58
113.22
110.69
107.31
107.31
109.11
110.16
114.12
108.00
107.53
110.90
108.47
114.06
110.06
109.63
104.31
109.85
114.06
112.90
108.95
111.43
106.42
110.00
110.21
110.90
113.96
109.16
103.41
116.12
116.12
113.70
106.63
110.95
105.79
112.64
110.53
107.05
108.05
110.58
110.06
106.89
110.64
111.69
108.21
112.22
110.16
113.48
111.85
107.45
106.31
106.52
112.01
105.89
109.90
107.53
110.48
111.38
113.70
113.01
105.57
113.70
109.90
112.06
109.05
105.26
117.54
108.69
106.47
110.32
106.79
109.58
113.27
109.27
109.58
113.01
106.89
103.99
111.85
107.95
113.22
113.48
105.94
110.43
107.74
108.63
107.53
104.04
109.85
109.69
112.38
112.32
107.79
111.01
106.47
109.42
107.16
107.95
114.33
113.48
111.01
108.26
107.16
109.42
107.05
110.95
110.90
109.90
111.06
111.22
106.63
105.05
103.94
111.59
101.36
110.69
106.37
108.74
107.89
108.32
107.00
106.68
106.05
107.53
107.21
104.04
108.47
107.89
113.96
109.16
108.32
104.84
106.10
103.04
105.63
110.27
108.26
102.36
107.26
105.31
109.53
119.71
104.94
104.89
104.99
115.33
109.90
104.47
113.22
102.88
107.21
109.05
111.64
106.58
113.06
96.98
109.48
113.12
113.91
107.89
113.01
107.89
106.95
110.11
112.75
113.48
111.90
108.53
106.05
108.69
109.63
108.58
111.90
107.84
110.43
111.85
107.84
107.74
118.28
111.80
109.79
112.96
110.90
108.16
108.74
108.11
113.91
108.05
107.47
108.21
108.69
108.42
114.59
107.89
111.48
105.57
109.32
110.85
106.26
107.16
109.74
109.63
111.90
109.37
106.31
111.32
110.00
106.84
107.58
112.43
108.53
105.68
104.73
109.32
109.27
112.38
106.79
113.17
109.32
105.73
116.12
111.64
117.39
114.17
112.43
106.42
106.73
112.38
104.84
110.32
111.96
106.84
109.90
109.53
113.12
104.73
110.90
113.22
109.48
106.52
107.26
105.73
113.43
108.05
105.89
109.53
115.07
107.79
107.84
102.78
109.00
106.73
108.69
109.63
112.64
110.27
109.21
112.06
109.63
112.48
111.69
109.90
110.06
111.01
106.84
109.16
107.47
115.44
112.43
108.05
113.70
109.90
106.79
110.48
109.74
110.74
109.90
110.00
103.89
110.37
114.54
108.90
112.27
107.21
111.06
117.81
108.26
109.21
112.06
113.01
106.73
107.31
117.33
110.95
111.96
107.89
107.89
110.27
112.38
