rw_job: (g=0): rw=rw, bs=54K-54K/54K-54K/54K-54K, ioengine=libaio, iodepth=32
fio-2.1.10
Starting 1 process

rw_job: (groupid=0, jobs=1): err= 0: pid=4609: Wed Sep 30 17:32:10 2015
  read : io=117792MB, bw=112693KB/s, iops=2086, runt=1070333msec
    slat (usec): min=3, max=108, avg=15.47, stdev= 3.56
    clat (msec): min=2, max=25, avg= 7.84, stdev= 1.86
     lat (msec): min=2, max=25, avg= 7.85, stdev= 1.86
    clat percentiles (usec):
     |  1.00th=[ 5216],  5.00th=[ 5856], 10.00th=[ 6176], 20.00th=[ 6624],
     | 30.00th=[ 6944], 40.00th=[ 7200], 50.00th=[ 7456], 60.00th=[ 7776],
     | 70.00th=[ 8032], 80.00th=[ 8512], 90.00th=[ 9664], 95.00th=[12224],
     | 99.00th=[14144], 99.50th=[16192], 99.90th=[18560], 99.95th=[19072],
     | 99.99th=[22144]
    bw (KB  /s): min=98604, max=127980, per=100.00%, avg=112752.41, stdev=4282.50
  write: io=117728MB, bw=112632KB/s, iops=2085, runt=1070333msec
    slat (usec): min=3, max=175, avg=16.81, stdev= 3.68
    clat (msec): min=2, max=24, avg= 7.46, stdev= 1.80
     lat (msec): min=2, max=24, avg= 7.48, stdev= 1.80
    clat percentiles (usec):
     |  1.00th=[ 4832],  5.00th=[ 5536], 10.00th=[ 5856], 20.00th=[ 6240],
     | 30.00th=[ 6624], 40.00th=[ 6880], 50.00th=[ 7072], 60.00th=[ 7392],
     | 70.00th=[ 7712], 80.00th=[ 8096], 90.00th=[ 9152], 95.00th=[11840],
     | 99.00th=[13504], 99.50th=[15040], 99.90th=[18048], 99.95th=[18560],
     | 99.99th=[21376]
    bw (KB  /s): min=98280, max=126900, per=100.00%, avg=112694.82, stdev=4116.77
    lat (msec) : 4=0.03%, 10=90.91%, 20=9.05%, 50=0.02%
  cpu          : usr=2.76%, sys=9.13%, ctx=4454142, majf=0, minf=27
  IO depths    : 1=0.1%, 2=0.1%, 4=0.1%, 8=0.1%, 16=0.1%, 32=100.0%, >=64=0.0%
     submit    : 0=0.0%, 4=100.0%, 8=0.0%, 16=0.0%, 32=0.0%, 64=0.0%, >=64=0.0%
     complete  : 0=0.0%, 4=100.0%, 8=0.0%, 16=0.0%, 32=0.1%, 64=0.0%, >=64=0.0%
     issued    : total=r=2233688/w=2232470/d=0, short=r=0/w=0/d=0
     latency   : target=0, window=0, percentile=100.00%, depth=32

Run status group 0 (all jobs):
   READ: io=117792MB, aggrb=112693KB/s, minb=112693KB/s, maxb=112693KB/s, mint=1070333msec, maxt=1070333msec
  WRITE: io=117728MB, aggrb=112631KB/s, minb=112631KB/s, maxb=112631KB/s, mint=1070333msec, maxt=1070333msec

Disk stats (read/write):
  sda: ios=2233244/2232013, merge=0/0, ticks=17482268/16648320, in_queue=34127928, util=100.00%
