15.79
115.65
154.83
159.79
157.89
160.26
166.01
155.14
160.84
156.83
159.68
159.57
158.89
156.83
155.30
152.46
158.31
159.10
153.77
155.04
160.47
154.93
163.53
166.59
154.04
157.20
158.62
157.62
161.95
158.47
158.99
163.11
158.57
158.84
162.32
155.57
157.20
162.21
160.05
152.88
153.25
160.10
158.52
154.35
157.62
155.04
158.36
158.78
160.21
158.31
157.57
152.40
155.41
161.95
159.89
163.16
155.09
161.47
156.15
155.62
153.25
154.51
162.79
157.62
162.63
153.88
157.41
161.21
159.21
155.25
154.93
162.53
160.37
162.74
157.89
155.57
154.04
158.57
163.95
161.26
154.20
154.83
161.68
163.48
157.46
163.27
158.31
163.32
158.84
161.63
157.15
152.51
167.06
161.16
163.95
160.47
155.36
157.73
160.31
160.52
159.84
159.52
154.67
160.68
161.84
158.15
166.01
159.05
158.57
160.89
161.47
162.53
156.57
167.38
157.52
151.35
160.10
157.57
158.47
158.68
165.43
157.04
163.42
154.99
161.47
162.53
155.78
156.04
159.36
161.21
155.46
159.63
160.73
150.29
161.58
154.46
158.84
161.16
163.42
158.94
154.46
162.74
163.69
158.68
158.73
157.62
159.63
156.94
160.63
156.78
157.04
153.93
161.10
160.42
157.52
156.30
163.53
158.31
159.15
154.14
154.72
157.73
154.41
156.83
159.31
155.62
153.93
158.78
161.74
156.36
156.94
156.09
158.57
158.94
155.83
156.57
159.42
158.89
154.78
158.57
158.89
162.63
159.05
160.05
163.11
154.30
161.47
157.15
161.21
157.46
156.83
161.47
155.04
157.41
158.47
156.73
159.84
163.48
158.04
161.42
157.31
155.88
157.36
158.62
157.57
159.47
156.52
162.32
165.06
162.90
152.19
158.57
158.41
158.26
156.99
157.78
157.89
162.21
163.37
159.36
159.57
158.84
157.20
156.88
153.40
153.98
162.90
156.15
156.04
158.57
156.30
156.15
159.94
158.73
158.26
159.57
157.20
163.85
157.94
158.52
154.78
162.11
160.42
153.88
161.89
161.16
148.87
155.57
160.21
154.83
153.93
162.53
157.20
160.31
157.31
154.46
159.84
157.73
159.52
160.47
156.62
155.78
159.84
167.96
157.46
158.57
158.57
159.57
156.20
156.57
164.69
159.63
161.42
161.68
158.99
159.94
158.47
155.94
159.79
157.20
157.83
166.01
156.99
154.67
162.21
154.88
153.62
158.68
159.73
155.94
163.79
159.10
159.84
156.88
158.62
163.11
162.37
155.78
163.95
158.41
156.46
162.79
161.79
158.52
154.30
158.04
156.83
157.31
156.15
162.53
161.63
159.05
158.31
160.10
158.62
158.68
157.62
162.37
159.79
157.57
158.31
159.21
158.52
158.20
157.99
158.78
154.62
157.31
157.36
156.57
156.41
159.26
157.99
160.79
163.42
160.89
157.73
158.68
168.01
157.15
154.62
155.09
165.06
160.19
157.20
156.30
163.58
156.41
161.05
161.16
160.89
159.68
157.52
162.63
153.30
161.84
154.93
159.73
158.84
154.46
164.74
156.78
161.53
164.32
166.64
157.83
156.57
158.89
160.00
154.67
159.84
156.78
159.52
159.31
163.05
159.52
157.57
157.62
159.21
160.10
157.20
157.10
158.41
155.14
158.62
158.47
159.63
157.46
161.21
161.63
156.73
154.78
165.85
156.09
157.10
160.95
161.10
156.52
162.42
161.74
155.14
154.88
157.73
168.49
161.79
162.42
159.21
156.88
161.84
154.72
161.31
157.25
154.56
161.58
156.83
154.88
159.42
164.69
159.63
156.73
157.94
165.01
160.47
154.30
159.57
158.31
157.20
156.57
163.58
152.88
155.36
162.05
160.63
160.31
157.04
162.05
158.99
160.26
165.16
161.68
156.30
157.20
157.04
155.20
155.88
157.73
163.37
158.52
155.57
157.73
160.26
155.78
160.00
162.16
156.15
156.83
159.42
159.26
157.46
152.88
166.27
162.16
150.82
159.31
165.64
158.04
155.14
159.89
161.00
158.20
156.25
158.99
158.68
161.79
158.68
164.06
156.25
160.42
164.85
155.30
160.84
155.25
163.53
158.68
161.68
158.57
162.11
161.16
161.89
158.04
156.67
167.54
157.94
160.89
158.57
157.83
163.32
153.30
159.36
160.68
164.64
155.83
164.43
164.00
155.41
160.79
160.21
159.26
158.52
157.89
162.47
155.75
156.83
162.95
161.37
157.57
154.78
158.04
156.25
156.88
160.73
161.95
155.78
155.51
166.38
160.63
156.36
154.67
158.78
158.04
159.36
153.98
162.69
158.62
159.15
159.21
158.47
157.83
159.10
161.37
158.20
157.31
161.79
161.79
153.14
157.78
158.20
160.58
158.78
154.46
159.79
155.30
158.36
159.47
156.09
156.20
161.37
153.98
159.36
161.47
161.68
158.68
156.99
157.41
158.57
164.43
153.19
160.68
161.53
155.62
159.05
159.10
161.74
164.37
155.51
160.26
160.26
153.46
159.52
164.27
160.15
160.95
155.88
165.01
162.74
157.46
155.20
151.77
160.37
161.95
160.73
156.73
154.67
158.94
159.47
161.05
155.67
160.52
159.73
153.62
154.62
159.94
154.93
159.68
159.52
163.53
158.31
160.79
164.27
155.30
157.73
160.63
157.31
155.30
160.00
164.21
152.03
162.42
161.10
165.01
154.78
160.47
167.38
155.83
160.00
168.96
154.88
161.58
164.27
165.16
156.83
153.25
161.05
156.57
161.37
160.10
155.88
159.94
158.84
163.21
162.58
158.47
157.20
170.12
153.98
156.46
158.94
162.63
163.11
153.25
162.16
159.89
162.26
164.95
162.79
160.95
157.94
160.05
162.63
163.85
159.26
162.37
162.32
162.90
160.05
158.62
158.89
167.38
152.82
153.46
160.58
162.37
156.15
161.68
162.42
156.36
155.72
161.89
165.43
159.84
159.63
168.38
154.51
156.46
162.95
153.56
159.26
153.14
158.84
157.99
158.47
161.05
161.53
158.73
157.25
160.52
162.16
159.36
160.73
172.71
153.77
167.17
156.73
157.89
163.90
155.41
159.31
162.16
162.95
162.90
154.51
155.51
161.58
163.05
158.78
154.88
168.91
162.84
158.94
158.47
158.31
152.19
150.61
164.58
157.57
153.62
159.21
167.01
158.04
154.25
158.52
159.21
152.77
159.89
160.95
159.79
158.99
154.93
160.58
156.41
155.57
