14.20
254.02
231.50
218.32
211.83
205.08
211.78
208.09
211.31
209.51
207.40
212.47
207.83
208.25
202.76
209.94
210.41
206.40
210.67
213.63
208.20
211.94
206.51
209.67
212.31
206.03
212.78
207.40
211.15
213.52
211.99
208.78
221.06
211.04
206.40
222.91
210.09
206.46
218.16
220.01
208.99
211.15
216.53
218.69
214.68
216.16
209.51
220.27
213.57
218.69
217.05
217.00
203.55
218.43
214.26
209.14
209.51
213.21
211.57
225.86
216.63
216.58
207.19
211.78
213.52
208.51
209.04
222.22
213.10
210.83
213.31
203.19
203.08
212.99
213.05
212.89
211.04
200.81
206.03
209.83
212.47
222.70
208.46
209.46
209.51
204.35
211.73
212.84
217.48
216.79
213.47
204.03
216.37
211.04
206.45
205.45
198.97
198.86
210.78
215.95
202.71
215.37
215.89
208.67
211.25
221.33
209.88
210.46
218.11
207.25
209.30
213.94
207.14
204.61
216.95
205.40
211.83
210.52
211.52
215.05
212.26
213.63
226.55
219.85
206.77
212.31
209.99
207.51
210.46
216.84
209.41
215.16
202.18
204.45
205.98
213.21
206.93
206.82
208.46
200.44
202.03
198.81
200.50
188.79
201.39
201.60
204.40
196.01
202.61
202.03
212.99
207.62
204.08
210.67
202.87
208.41
206.67
206.56
206.77
204.66
211.15
203.61
205.51
218.53
204.66
203.03
214.00
210.20
212.20
193.06
207.83
202.24
202.13
195.64
196.12
189.21
187.37
205.56
196.49
198.44
191.74
204.19
200.92
204.93
202.50
197.17
197.38
198.28
192.90
192.80
204.93
196.80
190.27
188.84
188.53
198.86
191.85
197.23
201.39
194.70
186.15
193.43
189.47
205.35
204.13
200.97
189.84
193.43
192.48
192.06
185.04
189.11
195.12
195.54
192.90
202.39
198.28
207.30
204.08
214.00
209.67
211.83
205.19
204.77
204.24
199.44
203.98
197.70
192.80
202.13
215.31
209.72
202.39
203.66
200.23
191.21
194.38
206.24
201.08
202.87
203.13
198.39
195.17
197.65
206.19
203.92
208.62
214.42
194.06
211.94
215.00
203.66
208.46
195.38
206.51
208.72
197.81
188.10
200.13
198.70
188.47
202.71
198.44
202.29
196.17
203.03
193.06
207.88
210.04
194.48
211.15
206.19
202.76
212.15
196.75
204.93
190.48
206.30
191.31
197.33
195.22
205.98
202.87
220.01
208.51
217.32
216.74
229.08
225.76
233.72
232.29
227.76
223.86
218.90
225.76
232.88
211.25
212.36
230.34
214.52
216.42
215.95
210.30
250.07
208.25
210.46
200.81
206.77
225.86
201.60
213.31
210.67
212.26
194.75
199.28
207.56
212.41
211.89
232.93
210.04
222.54
214.00
225.28
223.75
207.14
219.90
224.12
203.50
199.60
207.35
213.52
217.63
207.77
210.20
212.04
209.67
205.29
206.35
221.70
215.74
230.50
222.01
213.47
235.93
229.13
238.89
228.02
225.23
212.57
221.12
213.47
209.67
205.56
228.08
231.66
215.37
224.75
220.38
230.03
217.16
221.27
209.62
214.26
215.68
235.41
240.73
240.94
232.40
214.68
208.83
242.95
229.03
233.77
225.39
237.15
238.36
217.05
232.56
239.15
228.55
224.12
223.65
225.33
235.20
237.20
248.01
237.83
234.35
246.48
234.14
242.53
233.35
226.34
231.56
229.97
219.22
222.54
233.30
234.09
219.06
228.23
225.76
235.51
265.99
237.94
247.11
243.90
236.88
255.87
261.19
257.66
250.12
254.39
245.37
239.78
259.77
229.39
246.38
251.44
239.10
225.65
239.31
259.56
239.10
242.31
224.54
227.65
222.75
259.56
258.29
258.19
256.66
259.56
251.60
270.42
265.52
264.62
281.97
282.45
276.54
255.29
262.46
295.79
275.38
254.34
276.86
290.51
271.85
274.54
296.58
286.08
274.06
275.17
275.80
283.34
269.05
285.93
272.32
281.02
272.21
290.20
299.90
311.92
321.52
304.28
301.54
300.69
298.27
334.86
316.04
323.26
295.95
312.13
301.75
309.08
293.99
321.36
306.76
327.53
315.56
295.95
280.97
303.49
299.21
301.38
323.31
296.63
291.36
304.59
313.93
278.54
290.09
316.62
318.36
306.81
321.42
309.39
307.02
321.21
319.46
329.85
320.15
320.94
283.08
305.60
304.75
304.49
304.49
322.00
301.75
324.47
333.18
326.53
313.77
337.87
330.64
294.10
316.93
337.82
317.36
339.66
341.88
339.29
339.08
335.18
324.69
330.70
335.44
334.92
332.33
317.51
296.47
303.38
298.16
325.58
334.28
336.08
337.50
340.19
343.62
336.08
342.88
335.07
329.38
325.42
314.77
317.14
325.53
335.18
330.64
316.83
325.11
323.21
327.90
334.07
322.73
338.71
328.32
339.24
340.72
342.83
339.35
342.25
339.08
338.87
343.04
339.87
342.46
339.13
336.92
333.07
336.55
336.34
336.81
337.29
338.19
333.02
338.61
339.71
340.88
337.50
338.03
342.62
342.51
339.71
340.88
343.20
341.93
342.77
342.35
342.67
342.77
345.36
340.61
337.39
343.04
342.83
343.20
343.04
343.35
342.77
338.34
341.56
343.14
342.46
342.93
343.25
342.77
341.67
342.83
342.98
341.51
342.98
340.29
338.92
340.98
342.51
343.04
342.09
342.77
343.04
343.14
343.14
342.98
342.25
343.25
343.35
341.35
342.72
342.04
341.56
342.40
346.46
343.04
343.20
342.46
342.93
344.41
343.25
342.88
343.30
343.20
342.88
343.14
343.35
343.51
343.30
343.88
339.48
342.72
342.93
342.83
343.04
343.83
343.46
343.25
343.35
342.98
342.83
343.25
343.04
343.09
342.88
343.20
342.62
343.30
343.09
342.67
342.46
342.67
343.04
342.30
342.25
342.62
342.98
343.04
342.67
343.14
342.83
342.62
342.83
342.72
344.46
343.25
342.83
342.67
342.56
342.98
342.72
343.14
342.56
342.98
342.98
343.04
342.83
343.14
342.67
342.77
342.88
342.93
342.88
343.09
342.77
342.77
342.62
342.93
342.67
342.72
342.88
342.83
342.83
342.72
342.30
342.77
342.62
342.56
342.30
342.51
342.72
342.77
342.46
342.56
342.77
343.20
342.72
342.72
342.98
342.98
343.04
343.20
342.98
343.04
342.77
342.88
341.93
342.88
343.04
343.09
342.72
342.93
342.93
343.14
342.88
342.77
342.67
342.62
342.83
343.14
342.83
342.19
342.51
342.51
346.83
342.46
342.88
342.88
342.62
342.77
342.98
342.98
342.83
342.93
342.77
342.46
342.19
342.46
342.67
342.72
342.25
342.30
342.72
342.40
342.67
342.56
342.67
342.56
342.35
342.72
342.83
342.77
342.56
342.93
342.88
342.77
342.51
342.40
342.14
347.10
342.72
342.83
342.77
342.56
342.19
342.77
342.51
342.93
342.83
343.25
342.77
342.77
342.35
342.72
342.51
342.62
342.56
342.46
342.51
342.88
342.19
342.04
342.25
342.25
342.67
342.88
342.62
342.62
342.35
342.46
342.72
342.25
342.77
342.93
342.83
342.77
342.72
342.93
342.46
343.04
342.25
342.72
339.69
343.09
342.77
342.67
342.35
342.40
342.19
342.67
342.51
342.62
341.88
342.40
342.67
342.67
342.25
342.72
342.62
342.46
342.56
342.83
342.19
342.51
343.09
342.51
342.40
342.35
342.19
342.72
342.62
342.62
342.51
342.83
349.89
342.72
