15.05
399.99
496.60
496.60
496.65
496.49
496.49
496.44
496.49
496.39
496.34
496.12
496.12
496.60
496.12
496.60
496.34
496.34
496.34
496.28
496.34
496.34
496.28
496.28
496.34
496.34
496.34
496.28
496.23
496.12
496.60
496.12
496.12
496.60
496.39
496.28
496.34
496.28
496.34
496.28
496.34
496.28
496.34
496.34
496.34
496.28
496.23
495.86
496.28
496.23
496.12
496.60
496.12
496.60
496.34
496.34
496.28
495.97
496.34
496.34
496.28
496.34
496.28
495.86
496.39
496.34
496.28
496.02
496.34
496.39
496.34
496.23
496.12
496.12
496.60
496.12
496.60
496.34
496.28
496.39
496.23
496.39
495.86
496.39
496.34
496.28
496.34
496.39
496.49
496.34
496.60
496.65
496.49
496.49
496.55
496.34
496.71
496.49
496.18
496.86
496.55
496.44
496.55
496.39
496.60
496.60
496.39
496.12
496.60
496.39
496.71
496.55
496.49
496.39
496.60
496.49
496.28
496.60
496.65
496.55
496.49
496.49
496.34
496.76
496.49
496.12
496.86
496.12
496.65
496.23
496.44
496.55
491.47
496.44
496.39
496.39
496.28
496.60
496.44
496.28
496.39
496.34
496.28
496.28
496.34
496.23
496.23
496.44
496.12
496.23
496.23
496.18
496.28
496.18
495.33
496.12
496.12
496.34
496.23
496.23
496.23
496.18
496.23
496.18
496.23
496.12
496.28
496.12
496.28
496.18
496.12
496.12
495.86
496.18
496.28
496.18
496.12
496.12
496.12
496.44
496.12
496.34
496.12
496.28
496.23
496.18
496.23
496.12
496.28
496.12
496.28
496.18
496.23
496.23
496.12
495.91
496.28
496.18
496.23
496.23
496.12
496.23
496.23
496.12
496.23
496.23
496.12
496.02
496.23
496.12
496.12
496.34
496.23
496.23
496.23
496.18
496.23
495.23
496.23
496.23
496.12
496.12
496.34
496.23
496.23
496.23
496.18
495.86
496.23
496.28
496.18
496.23
496.12
496.28
496.23
496.18
496.23
495.65
496.18
496.23
496.18
496.23
496.02
496.12
496.28
496.12
496.28
496.12
496.12
496.12
496.12
496.44
496.12
496.12
496.34
496.12
496.28
496.23
496.18
496.23
496.18
495.97
496.12
496.23
496.18
496.23
496.18
496.12
496.28
496.18
496.23
496.18
496.23
496.23
496.12
496.23
496.23
496.12
496.23
496.23
496.12
496.34
496.12
496.23
496.23
496.23
496.18
496.18
496.18
496.18
496.28
496.12
496.28
496.12
496.23
496.18
496.12
496.12
496.12
496.44
496.12
496.34
495.91
496.34
496.18
491.06
496.12
496.12
496.12
496.12
496.12
496.12
495.70
496.12
496.07
496.02
495.97
496.02
495.97
496.07
495.97
496.02
495.81
496.02
496.02
496.02
496.02
495.39
496.07
495.97
496.02
496.02
495.97
496.02
495.81
496.12
496.12
493.70
495.97
495.91
495.97
496.02
495.81
496.12
496.07
496.02
495.97
496.02
495.97
496.07
495.97
496.02
495.70
496.02
496.02
496.02
496.02
496.02
496.02
496.02
495.97
496.02
496.02
495.97
496.02
495.86
496.12
495.70
496.12
496.02
496.02
495.54
496.02
496.02
496.02
495.91
496.02
495.70
496.02
496.02
495.97
496.02
495.76
496.02
495.97
495.70
496.12
496.12
496.02
496.02
495.91
496.02
496.07
495.91
496.02
496.02
496.02
495.70
496.02
495.91
496.02
496.02
495.81
496.02
496.02
495.97
496.02
494.91
496.02
496.02
496.02
496.02
495.91
496.02
496.02
496.02
496.02
495.91
495.97
496.02
496.02
496.02
495.97
495.97
496.02
496.02
496.02
495.81
496.12
496.02
496.07
495.97
495.54
496.02
496.02
496.02
496.02
495.60
496.02
496.02
495.97
496.02
495.60
496.02
496.02
495.81
496.12
495.91
496.02
496.02
495.97
496.02
496.02
496.02
495.91
496.02
496.12
496.02
495.91
495.60
495.97
496.02
495.60
496.02
496.02
495.81
496.12
496.12
496.02
496.02
496.02
496.02
495.76
496.02
496.02
