16.27
121.56
148.39
158.99
161.37
158.47
159.10
162.26
160.63
160.15
154.41
161.21
158.99
157.78
153.77
154.41
160.68
160.31
157.73
163.58
153.72
160.63
158.73
159.63
154.88
152.30
158.26
160.21
159.26
161.21
158.68
161.79
153.51
158.84
161.21
159.52
152.56
162.58
161.16
158.52
155.09
162.26
160.73
159.36
156.09
155.62
157.62
160.95
161.16
161.16
163.69
154.72
162.47
159.36
158.62
158.84
161.53
156.52
159.42
155.62
150.82
161.47
149.82
163.37
154.67
159.63
157.20
155.46
158.68
161.79
156.83
161.31
153.62
153.93
161.00
170.81
159.42
159.94
161.16
161.37
157.83
158.62
159.05
158.73
157.31
164.21
155.14
151.45
160.73
162.05
158.57
160.47
158.41
156.20
159.36
162.53
158.94
159.89
157.15
166.54
163.58
155.83
156.67
160.15
156.94
153.77
161.53
160.26
157.99
164.48
153.62
162.37
156.62
167.06
159.26
158.15
156.73
161.37
162.26
157.20
161.58
154.20
157.04
158.57
163.69
164.48
152.67
161.26
156.52
147.81
157.41
157.25
152.40
156.73
165.11
156.99
163.05
160.84
165.43
163.69
158.04
159.10
150.29
157.62
154.20
159.05
157.78
162.05
161.05
155.09
156.78
155.36
160.84
160.52
157.94
162.84
157.10
159.42
156.73
154.88
160.68
165.11
156.83
154.83
160.00
161.10
151.77
161.00
160.37
160.05
157.57
160.21
160.24
159.89
160.00
158.47
161.47
154.99
154.62
163.32
152.46
158.15
160.63
160.26
165.22
159.10
160.15
155.41
159.05
157.41
159.05
154.72
153.35
157.36
159.42
155.88
154.14
157.04
160.05
157.73
157.83
163.42
159.52
155.30
167.33
157.25
157.15
156.57
159.10
163.32
154.56
159.52
157.15
165.11
156.41
160.89
157.31
165.59
161.63
163.53
154.51
150.45
155.57
161.05
158.73
150.08
159.63
156.30
153.40
155.67
158.89
161.58
161.31
156.46
158.41
153.19
153.46
154.41
158.31
159.52
155.20
163.90
159.05
153.83
159.89
158.89
158.68
154.88
158.78
160.26
152.56
162.11
156.52
159.94
155.72
158.57
157.20
154.93
161.63
160.37
154.30
156.36
162.53
163.53
159.21
157.10
155.78
166.17
160.52
161.05
163.63
157.10
158.68
168.75
160.00
158.10
161.89
160.21
159.26
162.32
154.25
158.89
162.58
160.31
163.74
158.78
150.87
156.30
158.73
157.89
154.83
157.52
155.62
154.09
160.58
161.16
162.32
155.62
162.05
155.57
153.30
157.83
156.52
158.10
152.09
166.06
156.83
158.73
156.94
164.16
157.94
157.62
154.41
167.85
157.83
160.79
160.73
162.42
160.00
156.46
164.69
149.66
156.25
161.42
158.73
155.72
161.47
161.00
163.37
156.15
161.47
156.88
159.73
157.15
158.94
163.69
154.25
159.31
156.52
161.53
163.42
155.25
166.38
154.18
155.78
160.05
162.11
149.87
160.31
167.12
160.95
158.84
156.57
164.16
157.15
152.77
159.63
158.52
156.73
157.83
162.79
153.46
157.73
161.42
163.27
155.83
158.68
157.83
157.36
151.51
162.37
156.67
151.98
161.16
158.94
160.00
156.83
163.53
160.79
153.04
162.21
162.63
162.47
152.93
161.42
164.00
166.54
160.47
164.64
161.10
154.09
159.89
169.07
161.63
153.35
161.68
158.73
157.04
160.47
162.90
168.49
156.30
162.32
168.59
160.42
157.04
158.68
156.67
163.21
162.95
164.21
156.30
154.67
156.94
157.89
151.93
159.31
169.01
159.42
159.15
159.05
160.63
150.71
156.94
164.43
162.90
153.62
154.78
167.80
155.36
160.79
151.45
157.68
161.05
161.16
163.63
155.41
161.21
161.89
160.58
158.57
155.09
157.68
157.15
152.30
158.89
158.20
155.62
158.89
154.62
163.48
152.51
156.67
166.11
159.63
155.04
155.14
163.16
162.84
155.72
165.96
163.74
154.30
155.88
161.95
160.42
150.03
160.10
164.06
153.46
151.24
156.36
160.63
155.72
160.15
164.64
153.04
156.41
164.43
157.94
160.42
154.93
163.63
150.87
160.31
159.42
158.47
157.36
162.32
160.21
157.89
159.15
162.32
161.37
157.83
161.68
160.47
157.41
161.95
163.63
160.73
155.41
159.21
157.99
156.78
151.88
157.31
158.89
154.78
158.20
163.21
156.95
152.61
162.05
162.32
153.25
151.88
162.95
163.90
158.52
156.15
165.80
150.98
154.72
165.11
158.04
160.89
151.29
155.41
163.16
162.79
162.21
160.10
162.58
158.78
153.40
160.42
156.99
155.72
161.68
153.62
159.52
164.00
161.16
154.72
160.15
164.32
157.15
153.62
160.79
160.73
150.87
160.68
161.95
161.21
155.72
156.46
158.15
163.90
156.94
155.94
161.79
154.67
155.72
163.74
162.53
160.31
161.05
163.27
161.31
159.73
156.52
161.26
159.47
157.15
161.53
157.52
156.73
163.11
162.74
156.62
154.41
163.37
160.31
159.57
155.51
158.26
156.52
161.89
160.10
158.78
153.67
165.06
163.37
159.89
155.67
158.20
154.83
159.79
163.05
161.05
158.20
151.88
159.42
163.37
167.59
162.05
163.37
166.59
156.46
159.42
162.90
159.84
153.25
156.94
166.96
156.04
160.42
156.94
162.69
154.41
157.15
165.27
156.73
158.36
165.90
155.25
153.25
157.62
168.59
152.51
154.20
163.32
161.84
155.62
156.20
163.37
157.89
158.52
158.26
160.79
158.68
159.15
165.64
158.15
160.37
163.37
162.79
160.52
157.89
166.54
159.52
159.52
163.95
159.36
159.73
160.42
162.42
165.69
169.38
163.53
162.53
157.04
165.22
161.42
156.04
157.62
161.42
162.00
157.52
163.37
163.00
155.83
160.79
157.68
163.58
155.78
161.95
166.22
156.99
152.46
164.21
152.56
157.41
161.63
161.79
151.98
158.41
165.59
166.01
161.42
160.73
160.10
160.24
154.51
160.68
160.42
155.67
156.88
172.39
153.09
159.21
163.16
161.84
160.68
160.10
158.62
154.88
160.21
161.58
162.16
157.25
163.32
164.95
163.00
158.36
167.85
160.89
158.52
158.04
164.21
154.88
155.83
163.95
157.04
155.46
155.78
160.63
155.78
158.15
163.37
166.48
158.10
161.21
161.89
160.26
158.41
159.57
158.10
153.72
158.26
