write_job: (g=0): rw=write, bs=54K-54K/54K-54K/54K-54K, ioengine=libaio, iodepth=16
fio-2.1.10
Starting 1 process

write_job: (groupid=0, jobs=1): err= 0: pid=4340: Wed Sep 30 14:45:26 2015
  write: io=235520MB, bw=494840KB/s, iops=9163, runt=487375msec
    slat (usec): min=3, max=93, avg=15.71, stdev= 1.89
    clat (usec): min=281, max=3406, avg=1728.43, stdev= 6.22
     lat (usec): min=299, max=3421, avg=1744.39, stdev= 5.51
    clat percentiles (usec):
     |  1.00th=[ 1720],  5.00th=[ 1720], 10.00th=[ 1720], 20.00th=[ 1720],
     | 30.00th=[ 1720], 40.00th=[ 1720], 50.00th=[ 1736], 60.00th=[ 1736],
     | 70.00th=[ 1736], 80.00th=[ 1736], 90.00th=[ 1736], 95.00th=[ 1736],
     | 99.00th=[ 1752], 99.50th=[ 1752], 99.90th=[ 1768], 99.95th=[ 1768],
     | 99.99th=[ 1784]
    bw (KB  /s): min=492156, max=494964, per=100.00%, avg=494896.80, stdev=269.90
    lat (usec) : 500=0.01%, 750=0.01%, 1000=0.01%
    lat (msec) : 2=100.00%, 4=0.01%
  cpu          : usr=7.28%, sys=17.06%, ctx=4488988, majf=0, minf=27
  IO depths    : 1=0.1%, 2=0.1%, 4=0.1%, 8=0.1%, 16=100.0%, 32=0.0%, >=64=0.0%
     submit    : 0=0.0%, 4=100.0%, 8=0.0%, 16=0.0%, 32=0.0%, 64=0.0%, >=64=0.0%
     complete  : 0=0.0%, 4=100.0%, 8=0.0%, 16=0.1%, 32=0.0%, 64=0.0%, >=64=0.0%
     issued    : total=r=0/w=4466158/d=0, short=r=0/w=0/d=0
     latency   : target=0, window=0, percentile=100.00%, depth=16

Run status group 0 (all jobs):
  WRITE: io=235520MB, aggrb=494839KB/s, minb=494839KB/s, maxb=494839KB/s, mint=487375msec, maxt=487375msec

Disk stats (read/write):
  sda: ios=84/4464654, merge=0/0, ticks=0/7687864, in_queue=7685016, util=100.00%
