read_job: (g=0): rw=read, bs=54K-54K/54K-54K/54K-54K, ioengine=libaio, iodepth=64
fio-2.1.10
Starting 1 process

read_job: (groupid=0, jobs=1): err= 0: pid=4491: Wed Sep 30 15:49:54 2015
  read : io=235520MB, bw=543952KB/s, iops=10073, runt=443371msec
    slat (usec): min=1, max=76, avg= 9.82, stdev= 1.55
    clat (usec): min=1999, max=12202, avg=6342.25, stdev=17.33
     lat (usec): min=2035, max=12213, avg=6352.29, stdev=17.19
    clat percentiles (usec):
     |  1.00th=[ 6304],  5.00th=[ 6304], 10.00th=[ 6368], 20.00th=[ 6368],
     | 30.00th=[ 6368], 40.00th=[ 6368], 50.00th=[ 6368], 60.00th=[ 6368],
     | 70.00th=[ 6368], 80.00th=[ 6368], 90.00th=[ 6368], 95.00th=[ 6368],
     | 99.00th=[ 6368], 99.50th=[ 6368], 99.90th=[ 6368], 99.95th=[ 6368],
     | 99.99th=[ 6432]
    bw (KB  /s): min=542052, max=544968, per=100.00%, avg=544071.82, stdev=334.65
    lat (msec) : 2=0.01%, 4=0.01%, 10=100.00%, 20=0.01%
  cpu          : usr=3.52%, sys=16.07%, ctx=2385877, majf=0, minf=892
  IO depths    : 1=0.1%, 2=0.1%, 4=0.1%, 8=0.1%, 16=0.1%, 32=0.1%, >=64=100.0%
     submit    : 0=0.0%, 4=100.0%, 8=0.0%, 16=0.0%, 32=0.0%, 64=0.0%, >=64=0.0%
     complete  : 0=0.0%, 4=100.0%, 8=0.0%, 16=0.0%, 32=0.0%, 64=0.1%, >=64=0.0%
     issued    : total=r=4466158/w=0/d=0, short=r=0/w=0/d=0
     latency   : target=0, window=0, percentile=100.00%, depth=64

Run status group 0 (all jobs):
   READ: io=235520MB, aggrb=543951KB/s, minb=543951KB/s, maxb=543951KB/s, mint=443371msec, maxt=443371msec

Disk stats (read/write):
  sda: ios=2371652/0, merge=2092640/0, ticks=15002104/0, in_queue=15000584, util=100.00%
