write_job: (g=0): rw=write, bs=54K-54K/54K-54K/54K-54K, ioengine=libaio, iodepth=32
fio-2.1.10
Starting 1 process

write_job: (groupid=0, jobs=1): err= 0: pid=4366: Wed Sep 30 14:53:34 2015
  write: io=235520MB, bw=494844KB/s, iops=9163, runt=487371msec
    slat (usec): min=3, max=89, avg=15.75, stdev= 1.83
    clat (usec): min=1918, max=6744, avg=3474.41, stdev= 8.71
     lat (usec): min=1975, max=6762, avg=3490.40, stdev= 8.16
    clat percentiles (usec):
     |  1.00th=[ 3472],  5.00th=[ 3472], 10.00th=[ 3472], 20.00th=[ 3472],
     | 30.00th=[ 3472], 40.00th=[ 3472], 50.00th=[ 3472], 60.00th=[ 3472],
     | 70.00th=[ 3472], 80.00th=[ 3472], 90.00th=[ 3472], 95.00th=[ 3472],
     | 99.00th=[ 3504], 99.50th=[ 3504], 99.90th=[ 3536], 99.95th=[ 3536],
     | 99.99th=[ 3536]
    bw (KB  /s): min=493020, max=494964, per=100.00%, avg=494902.24, stdev=188.13
    lat (msec) : 2=0.01%, 4=100.00%, 10=0.01%
  cpu          : usr=7.30%, sys=17.17%, ctx=4488982, majf=0, minf=27
  IO depths    : 1=0.1%, 2=0.1%, 4=0.1%, 8=0.1%, 16=0.1%, 32=100.0%, >=64=0.0%
     submit    : 0=0.0%, 4=100.0%, 8=0.0%, 16=0.0%, 32=0.0%, 64=0.0%, >=64=0.0%
     complete  : 0=0.0%, 4=100.0%, 8=0.0%, 16=0.0%, 32=0.1%, 64=0.0%, >=64=0.0%
     issued    : total=r=0/w=4466158/d=0, short=r=0/w=0/d=0
     latency   : target=0, window=0, percentile=100.00%, depth=32

Run status group 0 (all jobs):
  WRITE: io=235520MB, aggrb=494843KB/s, minb=494843KB/s, maxb=494843KB/s, mint=487371msec, maxt=487371msec

Disk stats (read/write):
  sda: ios=84/4464704, merge=0/0, ticks=8/15484296, in_queue=15481420, util=100.00%
