14.41
392.61
482.84
482.89
482.36
482.84
482.84
482.84
482.89
482.84
482.84
482.84
482.73
482.84
482.41
482.78
482.89
482.84
482.78
482.89
482.78
482.84
482.84
482.84
482.84
482.89
482.78
482.78
482.78
482.62
482.84
482.78
482.84
482.78
482.62
482.78
482.84
482.78
482.84
482.89
482.78
482.84
482.89
482.78
482.62
482.78
482.84
482.84
482.78
482.84
482.78
482.84
482.78
482.84
482.78
482.84
482.89
482.84
482.84
482.84
482.84
482.84
482.84
482.84
482.52
482.89
482.84
482.89
482.84
482.47
482.84
482.84
482.84
482.84
482.84
482.84
482.84
482.84
482.84
482.78
482.78
482.89
482.84
482.89
482.73
482.84
482.84
482.84
482.84
482.57
482.78
482.78
482.84
482.78
482.31
482.84
482.84
482.78
482.84
482.10
482.84
482.89
482.84
482.84
482.84
482.89
482.89
482.84
482.89
482.89
482.84
482.84
482.84
482.84
482.84
482.84
482.89
482.89
482.89
482.57
482.84
482.84
482.84
482.84
482.78
482.84
478.06
482.84
482.84
482.89
482.84
482.78
482.84
482.89
482.31
482.89
482.84
482.84
482.84
482.31
482.89
482.89
482.84
482.84
482.36
482.84
482.94
482.89
482.89
482.84
482.89
482.89
482.89
482.89
482.84
482.84
482.89
482.84
482.84
482.89
482.89
482.89
482.84
482.84
482.94
482.84
482.89
482.84
482.84
481.83
482.84
482.89
482.84
482.84
482.84
482.89
482.84
482.84
482.89
481.99
482.89
482.89
482.89
482.84
482.15
482.78
482.89
482.84
482.84
482.15
482.84
482.89
482.89
482.84
482.89
482.84
482.84
482.84
482.84
481.52
482.89
482.89
482.89
482.84
482.89
482.89
482.89
482.84
482.89
482.78
482.84
482.89
482.84
482.78
482.57
482.89
482.84
482.84
482.84
482.78
482.84
482.84
482.78
482.84
482.84
482.89
482.84
482.84
482.84
482.41
482.89
482.84
482.89
482.84
482.84
482.89
482.84
482.84
482.84
481.52
482.84
482.84
482.89
482.84
482.84
482.84
482.78
482.84
482.78
482.10
482.78
482.84
482.84
482.89
482.89
482.89
482.89
482.84
482.84
482.84
482.89
482.78
482.89
482.78
482.57
482.84
482.89
482.84
482.78
482.47
482.84
482.84
482.84
482.84
482.89
482.84
482.84
482.89
482.84
482.89
482.84
482.84
482.84
482.94
482.84
482.89
482.84
482.89
482.84
482.62
482.89
482.89
482.84
482.84
482.73
482.84
482.84
482.68
482.89
482.52
482.84
482.89
482.89
482.89
482.89
482.94
482.89
482.89
482.94
482.57
478.11
482.89
482.84
482.84
482.47
482.89
482.89
482.89
482.84
482.84
482.84
482.89
482.89
482.89
482.89
482.89
482.89
482.84
482.94
482.84
482.84
482.89
482.89
482.84
482.78
482.89
482.89
482.89
482.84
482.84
482.84
482.89
482.89
482.84
482.73
482.89
482.89
482.84
482.78
482.84
482.84
482.10
482.78
482.78
482.84
482.89
482.84
482.84
482.84
482.31
482.84
482.78
482.84
482.89
482.84
482.78
482.84
482.84
482.84
482.84
482.78
482.84
482.84
482.84
482.89
482.78
482.84
482.89
482.84
482.89
482.89
482.84
482.84
482.78
482.89
482.78
482.78
482.84
482.89
482.78
482.84
482.84
482.84
482.84
482.52
482.89
482.78
482.84
482.78
482.84
482.78
482.89
482.78
482.84
482.84
482.84
482.78
482.84
482.84
482.78
482.84
482.78
482.84
482.84
482.84
482.84
482.78
482.84
482.26
482.78
482.84
482.84
482.84
482.84
482.36
482.84
482.73
482.89
482.78
482.84
482.84
482.84
482.84
482.78
482.84
482.84
482.78
482.78
482.78
482.78
482.84
482.84
482.78
482.84
482.84
482.78
482.84
482.78
482.84
482.15
482.84
482.73
482.84
482.84
481.94
482.73
482.89
482.89
482.78
482.20
482.84
482.84
482.84
482.78
481.89
482.89
482.84
482.84
482.78
482.57
482.84
482.84
482.84
482.84
482.52
482.84
482.84
482.84
482.84
482.57
482.84
482.84
482.84
482.84
481.94
482.78
482.84
482.57
482.89
