14.86
424.88
521.12
520.96
520.91
520.86
520.86
520.96
521.02
520.54
520.44
520.54
520.75
520.65
520.59
520.65
520.70
520.44
520.54
520.44
520.49
520.38
520.44
520.44
520.28
520.38
515.44
520.22
520.44
520.44
520.70
520.38
520.33
520.28
520.28
520.28
520.33
520.22
520.28
520.28
520.12
520.17
520.38
520.12
520.28
520.07
520.28
520.12
520.38
520.33
520.22
520.33
520.28
520.33
520.28
520.17
520.28
520.33
520.22
520.28
520.22
520.12
520.17
520.22
520.07
520.07
520.07
520.01
520.17
520.12
519.96
520.33
520.17
520.17
520.22
520.22
520.07
520.12
520.07
520.17
520.17
520.12
520.22
520.12
520.22
520.38
520.01
520.22
520.17
520.28
520.12
520.17
520.12
520.22
520.33
520.01
520.22
520.22
520.17
520.17
520.22
520.12
520.17
520.07
520.28
520.33
520.17
520.17
520.22
520.12
520.17
520.12
520.12
520.33
520.12
520.07
520.07
520.12
520.07
520.22
520.17
520.17
520.22
520.17
520.22
520.17
520.22
520.07
519.86
520.01
520.12
520.22
519.96
519.96
520.01
520.12
520.01
520.07
519.96
520.12
519.96
520.07
520.01
520.07
520.07
520.12
520.07
519.96
520.22
520.17
520.07
520.07
520.07
519.96
519.96
520.17
520.07
519.96
519.96
519.96
520.12
520.12
520.12
520.01
520.01
520.07
520.01
519.91
520.01
520.07
520.12
519.91
520.01
520.07
519.96
519.96
519.91
520.01
520.12
520.01
520.01
520.07
519.96
520.17
520.07
520.01
520.07
520.17
520.07
520.01
520.12
520.12
520.01
520.07
520.07
520.07
520.22
519.96
520.22
520.12
519.96
520.17
520.07
520.07
519.91
520.12
520.12
519.96
515.02
519.86
520.07
520.07
520.07
519.91
520.07
520.12
520.01
520.01
519.96
520.12
520.01
520.12
519.96
520.07
520.07
520.01
519.96
520.07
520.01
520.07
520.07
520.01
520.01
519.91
520.07
519.91
520.07
520.17
520.01
520.12
520.01
520.12
520.01
520.01
520.12
519.91
520.01
520.07
520.07
519.91
520.12
520.12
519.96
520.12
520.12
520.07
520.07
520.01
520.12
520.12
520.12
520.12
520.07
519.91
520.12
520.01
520.07
520.07
520.01
520.07
520.01
520.17
520.01
520.22
519.91
520.17
520.12
519.96
520.07
520.07
520.01
520.12
520.01
520.12
520.17
520.07
520.01
519.96
520.17
519.91
520.12
520.01
519.96
520.17
520.01
520.17
520.17
520.01
520.17
520.12
519.86
520.12
520.12
520.12
520.01
520.07
520.07
520.07
519.96
520.01
519.59
520.01
519.96
520.12
520.01
520.17
519.96
520.12
520.12
520.07
520.22
519.91
520.01
520.12
520.01
520.12
520.12
520.07
520.01
520.01
520.07
519.96
520.07
519.96
520.01
520.12
520.07
520.07
520.07
520.07
519.96
519.96
520.07
520.01
520.12
520.01
519.91
520.07
520.12
520.07
520.01
520.12
520.07
520.01
520.17
520.07
520.07
520.17
520.07
519.96
520.01
520.12
520.01
520.01
520.17
519.96
520.07
520.07
519.96
520.17
519.96
520.12
520.07
519.91
520.07
520.07
520.17
520.01
519.49
520.17
520.17
520.01
519.96
520.07
520.01
520.07
520.01
520.17
520.12
519.96
520.07
520.12
520.01
520.07
520.12
520.12
520.12
520.07
514.97
519.96
520.17
519.91
520.01
520.07
520.07
520.12
519.91
519.96
520.07
519.96
520.01
520.07
519.96
520.01
520.07
519.86
520.01
520.07
520.07
520.07
520.01
520.01
519.96
520.01
520.12
520.01
520.07
520.12
519.96
520.01
520.12
519.96
520.12
520.01
520.07
520.07
520.12
520.07
520.07
519.96
520.12
520.07
519.96
520.12
520.07
520.07
520.12
519.91
520.07
520.07
520.17
520.12
520.12
520.01
