14.65
300.11
368.03
368.14
368.82
369.09
369.51
368.88
368.67
368.88
369.25
368.88
370.46
371.20
370.78
370.93
377.00
371.46
367.31
370.62
370.72
371.25
369.77
371.25
370.99
370.41
370.62
370.62
370.09
370.62
370.25
370.93
370.93
370.78
371.20
371.57
371.36
370.93
371.09
370.93
370.93
371.46
371.36
370.99
370.83
370.20
371.04
371.62
370.78
370.83
370.88
371.41
371.41
371.04
371.25
370.56
371.51
371.88
371.62
370.88
370.83
371.09
371.14
369.88
370.72
371.20
370.30
370.72
371.09
370.67
370.67
371.99
371.72
370.51
370.78
371.25
370.88
370.99
370.25
370.41
370.67
371.51
371.36
371.36
371.14
370.67
370.62
370.35
370.14
370.51
370.25
370.35
370.88
370.67
370.25
370.25
371.99
370.46
370.56
371.36
370.67
371.94
371.36
371.20
371.25
371.14
370.93
370.83
370.93
371.57
371.09
372.09
370.88
370.93
370.62
370.99
375.47
370.83
370.83
370.83
370.99
371.41
370.78
370.99
371.04
370.62
371.88
371.41
371.36
370.88
371.46
372.78
370.51
370.99
371.57
371.78
371.46
371.99
371.09
370.99
371.09
372.83
371.09
371.36
370.99
371.09
375.89
371.78
371.57
371.20
370.93
371.04
371.51
371.83
371.25
370.67
370.88
370.72
370.93
372.15
371.57
371.14
371.09
371.36
371.67
371.41
375.21
372.20
371.72
371.20
371.09
372.09
371.14
371.67
371.36
370.93
371.88
371.88
371.83
372.25
371.88
371.25
371.14
372.09
371.20
371.25
371.14
370.93
370.62
371.30
371.20
371.36
371.25
370.99
370.04
371.25
371.88
372.30
371.14
370.93
367.68
373.83
371.04
371.67
371.72
371.20
371.14
371.78
370.99
371.88
371.14
371.09
371.30
371.67
370.93
370.88
370.83
370.99
370.88
371.20
371.30
372.30
371.14
371.09
371.14
371.46
372.83
371.67
370.83
370.83
370.93
371.72
370.78
371.41
370.83
370.62
377.79
371.41
371.57
372.04
371.62
372.57
371.46
371.72
371.30
371.09
372.41
371.14
371.57
371.41
371.30
372.46
371.94
371.67
371.83
371.41
370.67
370.62
370.14
370.56
371.25
370.83
371.09
371.67
371.30
371.14
370.88
370.09
370.46
371.14
371.09
370.35
370.41
371.14
370.25
370.72
370.83
370.83
370.62
370.51
370.46
371.30
370.88
370.62
370.93
371.51
372.52
370.78
371.20
371.20
370.30
371.57
370.67
371.20
371.04
370.56
370.88
371.36
370.67
370.35
370.56
372.25
371.14
371.25
371.04
371.62
370.83
370.88
371.25
370.99
371.04
370.62
370.67
370.99
370.78
371.94
371.25
371.30
371.14
370.83
371.51
371.62
370.25
371.83
370.99
371.20
373.31
371.67
371.14
371.41
370.67
370.30
370.72
370.83
370.51
370.41
371.30
371.09
370.83
370.56
370.67
370.99
370.78
370.78
370.67
370.67
374.41
371.46
371.09
370.72
371.04
370.67
370.83
371.25
370.56
370.51
370.83
370.78
371.25
371.51
371.30
371.14
371.20
371.30
370.99
371.46
369.77
369.62
370.88
370.67
370.51
372.09
370.67
370.67
371.36
372.04
371.46
371.88
371.41
371.30
371.04
372.73
371.09
371.36
371.25
370.83
384.96
366.90
370.62
371.51
370.78
371.04
370.72
371.20
371.14
370.30
370.09
370.30
370.62
370.67
370.20
370.99
370.62
370.35
370.62
370.83
371.36
371.51
371.09
370.99
370.30
371.25
370.67
371.46
370.93
370.88
370.99
371.57
371.36
371.57
371.09
375.42
370.78
370.88
370.99
370.83
376.00
371.04
370.99
371.04
371.25
370.83
370.88
370.72
370.88
370.83
377.95
371.46
370.78
370.78
370.41
371.72
371.46
371.30
370.83
370.78
372.36
371.36
371.09
370.83
370.83
370.35
371.25
371.57
370.88
370.20
372.57
370.46
370.41
371.25
370.51
371.46
370.78
370.72
371.04
370.04
386.96
371.46
371.20
371.09
370.88
370.83
371.20
371.83
370.88
370.83
373.41
371.62
370.93
370.99
371.57
371.04
370.93
370.67
370.51
371.57
374.94
371.04
370.99
370.93
370.93
371.41
370.88
370.93
370.46
370.99
377.37
371.09
370.88
371.14
371.25
370.72
371.04
370.83
371.09
370.83
370.30
370.41
370.62
371.25
370.67
370.83
371.30
372.09
371.46
371.09
372.46
370.99
370.88
370.78
370.88
370.56
370.25
370.46
370.67
370.93
379.27
371.83
371.62
371.51
371.14
371.67
371.57
371.14
370.88
370.72
371.30
371.94
370.83
371.83
371.36
370.99
371.14
371.20
370.62
371.36
370.78
370.67
370.62
371.20
370.99
370.93
370.93
370.78
370.78
371.72
390.50
371.09
371.09
370.78
370.88
370.78
370.67
371.41
371.25
370.83
372.52
370.62
367.26
371.72
370.83
370.46
370.99
371.25
370.56
370.35
371.09
370.83
370.99
370.88
371.04
373.99
370.99
370.88
371.14
371.41
370.83
370.88
370.56
370.62
371.04
371.41
370.83
371.25
371.41
371.09
370.93
371.72
370.88
371.09
371.30
381.59
371.09
371.04
371.09
371.94
371.14
371.30
371.36
371.30
371.41
370.93
371.72
371.41
371.30
371.41
399.20
371.94
371.09
370.93
370.88
371.88
371.57
370.51
370.56
370.78
376.73
370.88
370.78
370.99
370.78
372.52
371.36
371.30
371.14
