14.62
392.92
483.15
483.26
483.15
483.21
483.15
483.21
483.15
483.21
483.21
483.05
483.21
483.21
483.26
483.21
483.21
483.21
483.15
483.26
483.15
483.10
483.21
483.21
483.21
483.21
482.84
483.21
483.21
483.21
483.21
483.15
483.26
483.15
483.21
483.26
483.15
483.21
483.21
483.15
483.15
483.05
483.15
483.21
483.21
483.21
483.21
483.21
483.21
483.21
483.15
483.21
483.21
483.15
483.21
483.15
483.21
483.21
483.21
483.15
483.21
478.37
483.21
483.15
483.21
483.15
483.26
483.26
483.21
483.21
483.26
483.21
483.21
483.15
483.21
483.26
483.05
483.21
483.21
483.21
483.26
483.21
483.21
483.21
483.26
483.21
483.21
483.21
483.21
483.21
483.21
483.21
483.21
483.26
483.21
483.21
483.26
483.15
483.26
483.21
483.21
483.05
483.26
483.21
483.21
483.21
481.46
483.21
483.21
483.21
483.21
483.21
483.26
483.21
483.21
483.21
483.21
483.21
483.21
483.21
483.21
483.21
483.21
483.26
483.21
483.21
483.15
483.21
483.21
483.21
483.21
483.21
483.21
483.15
483.21
483.05
483.21
483.21
483.21
483.21
483.21
483.15
483.21
483.26
483.21
483.21
483.21
483.21
483.21
483.26
483.21
482.73
483.21
483.21
483.31
483.21
483.21
483.21
483.10
483.21
483.21
483.26
483.26
483.26
483.21
483.21
483.26
483.21
483.15
483.21
483.21
482.73
483.21
483.26
483.21
483.26
483.21
483.26
483.21
483.26
483.26
483.15
483.21
483.26
483.21
483.26
483.26
483.21
483.21
483.21
483.21
483.21
483.26
483.26
483.21
483.21
483.21
483.21
483.21
483.21
483.26
483.21
483.15
483.26
483.21
483.21
482.31
483.15
483.21
483.21
483.26
482.84
483.15
483.26
483.21
483.26
482.84
483.26
483.26
483.21
483.26
483.21
483.21
483.15
483.21
483.05
481.20
483.21
483.26
483.21
483.21
482.94
483.21
483.26
483.21
483.21
483.05
483.26
483.21
483.26
483.21
483.26
483.21
483.21
478.47
483.21
483.21
483.21
483.21
483.21
483.26
483.21
483.26
483.26
483.21
483.21
480.62
483.26
483.26
483.26
483.26
483.21
483.21
483.21
483.26
483.21
483.21
483.21
483.26
483.26
483.21
483.26
483.21
483.21
483.26
483.21
483.05
483.26
483.21
483.26
483.26
483.26
483.26
483.26
483.26
483.21
483.26
483.15
483.26
483.26
483.26
482.78
483.26
483.26
483.26
483.21
483.26
483.26
483.26
483.21
483.26
482.73
483.21
483.21
483.26
483.15
483.21
483.21
483.21
483.26
483.21
483.21
483.21
483.26
483.21
483.21
482.99
483.21
483.26
483.26
483.26
481.99
483.26
483.26
483.26
483.26
483.26
483.21
483.26
483.26
483.26
482.78
483.26
483.21
483.26
483.26
483.26
483.31
482.89
483.31
483.26
483.26
483.26
483.26
483.21
483.26
483.26
483.26
483.21
483.21
483.26
483.05
483.21
483.26
483.26
483.26
483.26
483.21
483.21
483.26
483.26
483.21
483.26
483.26
483.21
483.26
483.10
483.21
483.26
483.21
483.15
483.21
483.26
483.26
483.26
483.21
483.10
483.15
483.26
483.21
483.21
483.26
483.26
483.26
483.21
483.26
483.21
483.26
483.21
483.21
483.26
481.57
483.21
483.21
483.26
483.21
481.73
483.21
483.26
483.26
483.26
483.31
483.26
483.26
483.26
483.26
483.26
483.26
483.26
483.26
483.26
483.26
483.21
483.26
483.26
483.26
483.26
483.31
483.26
483.26
483.21
483.26
483.26
483.26
483.26
483.26
482.89
483.26
483.26
478.47
483.26
483.21
483.26
483.26
483.26
483.26
483.26
483.26
483.26
483.26
483.26
483.26
483.21
483.31
483.21
483.26
483.05
483.26
483.21
483.31
483.26
483.26
483.26
483.26
483.21
483.26
481.41
483.26
483.26
483.21
483.26
483.21
483.26
483.26
483.26
483.26
482.78
483.21
483.15
483.26
483.21
483.26
483.21
483.26
483.15
483.26
483.21
483.26
483.21
483.31
483.21
483.26
483.31
483.21
483.26
483.31
483.15
483.26
