15.99
65.30
82.53
93.02
97.61
92.13
94.18
98.19
97.82
103.25
101.62
104.94
103.31
102.41
103.83
98.67
99.56
97.98
104.94
103.52
102.04
97.98
91.23
91.34
103.89
97.45
102.41
99.04
99.56
101.83
102.41
97.98
105.57
104.78
98.14
98.46
98.82
96.03
95.61
91.39
95.45
102.15
98.46
100.51
99.62
98.61
104.57
101.30
104.52
102.46
102.36
92.65
100.83
99.04
107.58
106.79
101.30
102.94
105.36
102.25
106.58
105.63
106.89
104.31
104.84
102.62
104.62
106.21
105.89
107.84
105.57
102.78
103.73
105.94
102.88
107.26
104.62
106.73
108.63
105.73
111.48
106.15
103.78
104.47
102.15
109.37
104.89
106.42
98.88
102.36
106.21
103.52
103.46
104.15
102.99
110.37
101.36
99.09
107.63
101.46
99.04
104.99
103.20
104.47
100.09
99.77
94.82
105.47
97.56
105.36
100.30
100.78
97.14
97.14
102.52
100.56
105.42
104.84
102.99
100.93
98.40
99.93
98.82
101.41
103.68
99.04
102.25
100.93
99.67
98.03
108.58
99.72
99.62
96.03
98.98
99.51
94.71
101.14
104.36
103.10
103.04
100.35
103.62
95.50
98.98
99.88
101.78
100.93
105.15
103.62
106.26
102.57
106.63
103.20
106.05
104.15
107.05
99.25
104.15
102.57
102.41
99.56
105.84
104.99
102.88
100.04
103.89
107.00
104.52
100.46
105.73
104.41
101.41
102.36
105.57
107.89
103.41
105.57
107.84
107.31
97.93
103.57
109.69
105.05
109.63
102.83
103.20
103.31
101.04
101.46
99.93
99.77
107.53
95.66
103.31
101.67
101.25
101.88
99.14
105.05
96.77
101.09
100.88
96.13
91.44
97.14
100.88
101.99
102.52
100.04
98.40
100.99
103.78
100.09
97.29
100.30
101.14
100.14
99.83
100.04
98.56
97.45
102.41
102.30
93.76
92.55
97.56
101.99
103.83
104.26
103.73
103.57
103.83
100.51
104.04
99.67
101.94
103.57
104.20
102.41
104.68
103.20
102.36
106.05
103.57
105.52
105.26
104.89
101.83
103.52
105.05
108.53
107.58
106.31
101.09
102.36
104.73
105.36
106.10
100.83
105.94
102.73
103.68
104.89
101.20
104.62
106.58
104.20
108.74
101.51
106.42
101.83
104.20
108.84
105.47
104.52
105.21
103.36
108.32
100.20
95.66
101.09
103.10
101.51
104.62
102.62
102.04
104.31
104.78
98.24
100.88
96.75
100.62
100.78
99.62
97.82
104.15
96.93
97.93
93.50
100.67
97.51
99.25
99.62
100.88
99.25
101.04
108.63
103.62
101.67
97.24
104.26
102.78
107.95
104.99
92.34
105.15
102.83
102.36
106.84
102.15
104.68
95.45
102.62
101.51
105.63
102.20
103.31
104.99
105.15
103.62
104.84
104.15
101.94
105.57
101.72
104.78
108.79
104.52
104.78
106.73
100.78
103.73
105.26
102.25
100.62
102.73
105.84
105.31
104.36
100.62
100.56
106.10
101.72
105.57
103.10
105.73
106.42
100.72
105.94
103.94
100.78
105.36
103.20
101.51
101.36
99.51
102.78
103.46
101.46
103.25
104.26
96.66
105.79
104.52
98.67
107.84
99.93
102.83
100.30
101.25
107.21
93.34
100.83
103.04
100.41
96.71
99.14
96.93
100.62
98.61
101.83
93.45
97.82
99.98
108.53
102.30
101.62
97.61
92.13
106.47
96.87
99.30
104.15
98.77
101.62
102.09
102.46
100.35
100.99
101.83
99.04
104.89
101.94
106.47
103.68
100.78
107.21
101.30
98.61
102.36
102.78
99.40
104.73
99.77
106.05
102.41
102.78
106.73
101.67
102.62
109.27
102.15
104.26
103.41
101.62
102.94
101.51
104.41
108.95
105.36
104.31
106.58
107.68
102.36
105.21
105.47
103.78
107.84
104.84
98.46
101.57
102.36
104.84
103.68
102.20
105.52
105.57
104.04
107.89
101.51
102.83
97.24
97.72
103.15
101.25
100.72
105.15
99.46
99.98
95.29
102.20
100.30
100.78
98.30
102.30
100.46
101.94
97.14
96.24
100.46
100.41
102.04
96.71
98.26
104.04
101.67
93.55
99.88
100.62
99.67
100.62
100.83
100.51
100.93
93.66
104.52
101.51
98.30
98.61
99.35
99.93
103.10
101.72
101.57
102.04
105.42
107.74
106.31
109.53
102.41
102.99
103.15
106.05
99.14
106.73
101.94
100.99
105.36
100.35
105.73
100.83
101.62
101.36
102.57
99.14
104.89
106.68
104.84
101.57
105.15
106.73
104.84
102.99
103.36
106.95
101.57
103.15
107.05
101.30
104.20
106.95
102.15
103.36
101.94
100.93
105.63
104.15
103.20
105.31
101.99
100.51
101.67
101.20
101.36
105.15
104.89
105.47
106.84
102.46
100.14
100.35
101.72
101.25
99.62
100.83
100.46
95.61
96.45
100.56
99.83
101.46
96.50
102.20
98.09
94.66
99.77
99.30
96.50
97.66
103.15
96.98
98.77
101.94
96.13
103.78
102.46
99.30
94.87
95.92
101.83
100.35
103.25
107.68
102.88
98.24
102.36
102.04
108.53
102.52
106.95
104.10
102.78
108.16
104.47
102.15
100.56
111.11
101.72
105.52
106.63
101.51
101.94
105.47
102.62
106.52
108.53
102.94
105.47
99.09
104.31
107.31
114.75
103.94
105.05
101.30
107.47
100.93
103.62
102.52
101.36
102.46
103.52
105.21
106.73
110.06
103.62
103.73
102.04
106.21
109.42
101.36
100.99
104.31
101.46
100.51
103.10
100.62
104.15
106.26
99.93
102.57
99.88
99.88
102.30
97.24
98.35
100.04
98.77
105.84
100.67
101.14
98.35
100.46
95.98
101.14
101.72
100.25
96.93
97.82
93.92
97.82
100.99
100.88
104.04
103.52
100.51
100.30
107.53
100.30
99.40
97.35
102.57
99.56
106.00
104.73
102.41
100.99
100.88
103.20
104.57
101.51
107.84
101.04
101.99
104.78
106.58
102.04
107.58
103.94
100.83
101.94
104.31
101.30
106.21
104.04
102.57
103.94
102.20
102.15
102.83
103.25
102.52
106.95
105.84
102.25
107.05
100.04
107.42
96.40
104.62
100.83
107.37
103.52
103.36
100.62
106.52
105.42
100.46
103.36
100.78
103.83
105.63
105.42
99.98
101.09
106.95
98.77
102.46
102.09
101.72
99.62
102.57
99.93
104.31
99.46
101.36
96.40
100.20
99.67
98.09
97.72
97.08
101.72
96.08
100.67
98.46
97.29
104.20
100.09
103.94
100.99
98.09
96.98
96.45
106.63
100.78
101.14
102.20
99.93
98.51
102.04
100.46
104.68
101.99
100.93
108.47
95.66
99.67
103.36
99.30
104.52
100.62
101.67
102.99
103.25
106.26
100.62
105.57
102.46
99.25
109.32
105.36
102.30
102.73
104.04
102.15
99.77
107.26
98.61
103.68
105.63
97.93
107.05
102.46
110.53
107.37
103.52
102.15
106.37
101.94
104.31
104.73
107.42
101.88
105.94
103.94
101.46
103.99
104.84
104.89
104.52
104.68
105.52
105.94
102.83
100.25
103.31
103.73
101.25
100.30
100.30
102.46
104.10
100.04
101.88
99.83
102.15
99.62
93.87
93.60
100.93
103.46
103.10
99.09
104.10
97.08
107.53
98.35
95.50
97.14
97.24
104.47
103.15
101.14
103.83
99.83
102.04
103.68
103.52
101.25
107.95
100.56
100.72
94.61
98.88
103.99
101.57
102.99
102.83
98.19
102.41
105.36
100.83
103.36
105.52
105.36
101.67
101.46
103.31
106.84
104.36
104.68
108.53
106.95
103.15
106.84
104.31
100.67
104.47
101.67
101.30
105.63
102.20
102.78
103.15
108.69
105.31
105.68
99.83
102.62
102.94
101.94
99.35
107.26
100.56
99.19
104.68
100.99
105.31
103.36
106.79
103.83
104.99
101.09
101.51
103.83
104.89
104.57
106.84
105.94
98.51
100.99
102.52
102.52
97.51
100.78
98.77
102.36
99.88
99.51
99.51
99.77
100.04
97.19
96.82
93.18
104.15
100.99
101.09
98.67
97.61
105.73
101.14
104.36
99.56
99.62
105.52
100.78
104.62
102.46
99.56
103.10
96.50
95.55
103.04
97.51
103.99
100.99
100.30
103.20
99.09
100.30
104.99
99.62
99.51
103.73
105.42
103.15
103.41
109.48
103.04
103.15
108.84
100.88
100.99
102.46
103.52
103.41
104.78
101.67
104.47
100.93
107.79
107.89
97.24
103.20
103.25
104.89
105.05
101.20
106.47
104.41
100.30
103.25
104.94
102.57
102.15
107.53
103.99
103.04
103.78
104.36
105.42
107.10
102.20
102.46
104.78
105.31
106.05
104.68
105.42
99.62
99.25
100.62
103.94
99.40
94.29
99.51
101.20
99.51
101.72
99.98
103.83
103.57
102.94
100.41
98.82
98.98
101.20
100.51
92.55
101.62
97.01
99.93
95.82
99.51
100.78
97.51
98.61
100.99
105.36
105.73
102.30
102.25
98.61
104.47
103.68
101.67
101.88
99.67
98.77
101.78
96.08
104.89
101.04
102.62
102.46
100.41
103.78
98.09
104.47
101.78
104.36
105.52
103.94
108.32
103.36
103.41
106.58
110.90
112.54
107.16
106.79
101.88
102.25
104.04
100.93
104.62
104.31
105.79
100.35
103.78
104.52
97.29
106.89
102.41
102.25
105.10
106.26
99.98
105.26
108.26
105.73
102.62
109.53
106.05
108.47
100.62
97.19
97.72
102.83
103.89
102.04
106.95
105.36
99.67
103.68
95.82
103.04
103.31
103.73
97.40
98.30
98.82
102.36
99.04
99.40
102.99
99.67
101.36
100.62
100.88
98.14
97.35
100.62
95.98
102.36
98.72
96.24
99.72
96.13
104.31
100.41
98.56
109.37
101.30
98.88
103.83
104.47
106.31
100.72
100.09
102.88
99.67
104.36
105.68
103.15
101.30
102.36
101.57
102.88
104.84
