15.43
57.96
72.25
73.51
69.66
70.61
71.82
71.51
67.24
73.30
71.14
71.14
72.04
71.09
69.66
71.46
69.56
71.72
67.66
71.24
67.82
74.41
73.14
69.87
69.19
71.61
72.62
70.45
72.93
66.45
72.77
69.77
73.20
69.24
67.03
70.40
68.13
74.83
68.08
71.35
66.94
70.51
68.24
71.77
71.88
67.08
70.24
68.61
73.51
67.39
72.56
71.09
68.61
70.56
68.98
72.25
70.51
71.46
74.04
71.98
69.98
66.08
67.92
66.02
72.35
67.24
73.25
67.82
71.03
68.19
68.50
75.25
70.35
70.45
70.08
73.67
67.13
70.40
75.09
69.40
71.72
67.92
70.98
72.88
69.77
69.35
69.66
74.62
69.29
67.24
70.61
67.92
68.77
71.09
71.67
67.76
68.03
67.45
69.98
65.76
70.08
68.87
71.30
66.71
65.71
68.61
67.71
64.65
68.92
67.82
65.18
64.92
60.17
61.96
58.64
60.96
54.21
58.06
55.21
52.89
53.84
49.46
51.21
54.21
52.15
51.05
49.20
50.68
47.41
46.35
50.41
50.52
48.67
51.05
49.20
49.89
46.41
47.72
52.31
45.77
50.15
48.57
50.20
53.58
46.72
49.52
46.09
49.15
51.94
49.10
52.52
47.30
45.35
47.88
50.26
48.73
50.04
49.31
50.26
47.57
47.14
52.15
48.25
51.26
46.20
49.68
50.99
46.41
48.57
47.83
48.67
47.99
46.83
49.78
50.52
44.88
49.57
47.78
51.57
48.30
48.46
51.52
47.67
49.62
52.68
47.78
50.89
48.73
46.46
50.89
44.14
47.41
46.99
46.72
47.14
46.78
47.46
51.15
45.83
48.94
47.25
48.25
48.73
49.20
46.46
53.05
46.88
49.94
47.88
44.77
47.88
47.99
48.09
48.62
47.46
50.84
50.84
46.72
48.67
51.63
50.89
47.30
47.57
47.94
50.26
49.04
48.88
47.04
50.57
48.99
49.99
52.21
50.89
46.67
48.41
49.41
51.21
49.89
50.26
48.67
47.72
48.78
47.09
49.99
45.51
48.20
49.73
48.52
50.89
51.73
47.78
47.36
49.94
52.79
49.36
47.20
53.74
49.46
47.94
47.41
48.78
48.99
48.62
47.14
48.04
47.36
49.83
49.57
49.99
47.99
47.04
47.30
48.04
49.99
49.78
48.15
51.36
48.52
49.20
50.68
46.25
48.67
48.09
44.88
50.31
49.89
49.41
50.26
48.83
54.05
47.83
48.62
52.42
48.36
45.62
49.10
47.20
47.99
47.88
49.68
51.52
50.31
47.83
46.20
47.62
52.21
47.36
52.26
46.41
47.25
51.63
51.10
49.89
46.46
48.41
48.20
45.98
48.78
48.83
50.62
50.41
47.83
50.73
48.57
49.15
48.99
48.99
45.72
49.36
46.72
46.78
48.62
45.35
50.36
48.15
49.36
46.83
45.46
49.73
50.68
46.20
47.72
47.67
51.63
52.15
47.20
49.62
46.88
47.62
47.72
46.20
47.83
46.72
47.62
49.15
45.88
49.78
48.30
46.46
52.47
48.09
48.25
46.04
49.15
50.04
48.04
49.04
52.37
50.47
49.68
47.04
49.04
52.05
47.72
49.57
48.78
46.67
47.72
48.52
47.14
46.46
47.51
49.04
47.04
46.14
50.62
47.36
50.10
45.35
45.67
49.15
47.04
47.30
51.52
47.20
47.72
51.15
49.36
45.72
46.99
48.20
47.99
46.62
47.57
48.94
46.20
47.20
50.84
48.04
50.62
48.78
53.84
49.20
50.20
48.30
47.41
48.57
51.47
46.56
48.94
47.51
49.41
50.62
45.53
50.89
46.41
45.67
48.41
45.46
48.04
48.78
47.78
48.41
48.15
50.52
48.30
50.20
51.21
46.09
49.20
49.10
48.99
47.04
46.09
48.46
49.36
48.83
49.57
48.83
44.93
50.41
47.72
50.84
46.72
44.46
51.15
48.15
47.88
46.72
48.99
49.15
45.35
48.09
49.52
45.51
50.47
48.94
48.94
48.94
47.14
45.25
48.88
46.72
47.57
46.46
45.93
48.04
47.36
49.25
48.88
50.10
50.41
47.20
48.15
49.78
48.57
47.30
45.83
50.62
47.51
46.46
47.94
48.57
48.25
48.46
49.10
47.94
50.68
44.51
47.30
45.62
49.94
48.52
46.88
46.25
47.83
44.19
49.31
49.20
45.30
47.83
47.46
47.36
50.99
47.20
46.83
48.88
46.25
47.99
48.99
46.25
46.62
45.30
50.31
48.36
46.93
49.99
48.88
47.78
51.89
46.83
49.25
48.36
44.09
47.78
46.56
53.26
48.41
51.36
48.83
50.31
46.35
48.20
47.30
45.93
48.15
47.67
46.72
49.36
49.73
49.94
45.83
48.57
44.88
46.78
48.57
47.46
47.20
49.46
46.30
50.10
45.35
47.36
53.10
44.77
49.31
46.83
47.46
49.78
46.93
48.73
48.20
48.67
50.84
46.20
46.88
49.68
49.57
49.78
47.62
49.04
48.67
47.36
48.46
50.47
48.04
47.83
48.36
48.30
48.52
48.36
50.04
48.88
48.94
48.94
49.10
50.57
49.04
48.04
48.15
47.72
49.04
47.88
45.83
49.41
45.51
45.46
48.30
47.51
47.51
46.72
46.93
50.73
45.14
47.99
45.51
46.14
46.62
48.83
48.83
46.30
45.30
49.46
48.09
46.88
51.52
49.31
47.78
49.73
48.20
47.04
50.26
48.67
48.41
46.46
49.78
47.20
48.88
50.36
48.09
48.88
45.14
46.99
49.89
48.88
47.78
48.30
48.57
50.47
48.78
47.36
50.68
44.88
50.94
46.62
46.83
48.83
49.04
47.09
48.41
49.41
48.09
49.04
48.78
48.62
46.09
47.72
46.93
49.57
49.94
50.57
49.46
51.79
47.57
49.94
50.04
50.31
46.83
46.41
46.72
47.57
45.88
49.52
48.52
50.62
48.78
49.25
50.62
49.41
49.25
46.51
48.62
50.20
49.94
49.04
49.62
48.15
49.68
48.36
45.51
50.62
48.52
45.19
48.73
47.57
48.57
47.09
46.30
50.47
48.09
49.15
50.94
46.41
52.42
48.83
51.57
51.31
50.04
48.67
48.73
46.41
51.10
48.88
51.47
48.73
49.36
51.36
49.20
47.94
45.88
50.36
46.56
46.51
50.62
47.09
50.31
49.10
46.14
48.04
48.99
46.62
47.78
51.47
47.67
48.46
47.04
48.52
50.99
49.31
50.31
47.57
45.72
45.30
46.14
47.78
46.56
47.94
48.62
48.30
46.99
44.93
48.62
48.30
49.20
45.56
50.36
48.36
48.36
47.14
47.88
48.94
46.99
46.30
47.67
45.67
50.73
47.20
50.04
45.35
45.93
44.56
47.72
47.20
48.09
50.47
47.51
47.36
49.57
48.36
48.46
46.56
47.57
49.83
45.14
48.36
46.83
47.30
50.73
47.04
50.78
49.57
46.88
48.67
47.57
45.93
52.89
47.25
47.41
48.83
52.15
47.20
48.15
50.47
47.88
48.99
47.41
49.10
50.20
49.25
47.20
47.04
47.14
47.83
48.15
49.78
45.67
45.93
46.51
48.46
46.51
47.88
51.26
48.25
47.78
45.19
48.67
48.46
50.94
48.99
47.72
46.35
46.78
46.41
49.10
46.51
47.25
49.10
50.31
45.88
49.62
45.88
50.73
46.78
48.36
48.36
46.83
48.73
49.78
46.62
47.30
45.35
50.31
52.15
49.89
49.10
46.72
47.88
50.36
45.14
48.52
49.15
45.77
47.62
48.52
45.88
48.09
47.72
47.09
50.73
43.98
50.31
47.30
47.36
47.30
46.67
52.05
47.99
47.94
49.83
48.25
49.15
47.30
49.46
49.36
46.04
46.78
49.25
48.04
50.99
47.41
49.04
49.73
47.83
47.20
50.57
47.94
49.36
51.94
48.73
48.73
46.41
48.99
48.41
47.67
46.56
46.88
46.51
49.15
49.04
51.68
47.30
47.83
45.35
49.15
51.21
45.67
48.04
48.73
50.89
51.21
47.04
49.73
47.99
48.36
49.89
49.52
49.89
50.89
49.68
50.57
50.10
45.35
46.93
48.09
49.31
47.51
45.67
44.88
46.72
47.04
50.31
46.51
47.36
49.36
48.88
47.67
47.20
47.30
48.62
47.51
48.30
47.30
47.88
50.15
48.52
46.46
48.83
48.83
48.46
49.68
47.51
48.46
47.62
46.30
47.72
48.57
50.41
48.46
46.99
49.15
47.78
48.83
46.25
51.57
49.83
46.62
48.57
47.41
46.72
49.65
49.46
47.46
47.51
48.20
47.30
47.78
44.88
46.83
49.41
49.89
50.84
48.20
51.31
48.78
48.09
47.72
47.94
46.67
49.04
46.35
49.99
49.52
49.25
50.15
47.67
48.46
46.46
47.46
47.72
46.88
47.72
46.67
45.83
48.67
45.04
47.67
46.88
48.41
48.04
48.04
48.78
49.36
47.62
48.62
47.72
49.10
49.36
47.46
48.57
49.41
46.51
46.35
50.04
48.52
49.78
46.72
48.36
47.25
47.09
48.99
49.57
49.83
47.94
47.25
49.68
52.37
49.83
48.52
43.72
47.99
46.56
42.82
47.62
46.88
47.83
51.68
47.20
47.51
47.72
49.04
49.25
47.41
47.67
51.21
49.89
47.04
48.36
46.72
50.26
43.14
49.25
49.31
48.25
46.56
46.72
45.67
49.73
47.20
48.57
45.93
47.78
44.09
46.67
48.25
47.57
46.41
46.41
49.73
49.25
50.84
46.78
48.36
50.52
46.41
48.52
47.99
48.15
48.25
46.25
48.20
48.30
48.25
49.68
49.99
50.62
45.40
46.67
46.56
49.31
47.30
47.41
48.41
46.78
49.04
49.83
49.99
46.83
49.36
48.20
48.88
50.15
49.04
48.57
49.41
48.15
49.04
46.72
49.25
48.30
47.67
48.41
47.57
48.78
49.36
48.52
43.82
49.68
45.72
45.67
51.05
48.78
48.04
49.41
45.46
49.31
49.10
47.72
51.26
47.88
48.83
46.35
43.77
48.94
47.99
47.46
48.94
48.41
51.57
47.04
49.99
48.78
50.15
49.04
49.73
47.62
49.20
49.20
52.47
46.51
46.62
46.99
48.57
49.99
48.04
48.99
48.25
45.67
47.88
46.09
48.57
50.99
45.88
48.36
49.73
45.72
48.52
47.72
48.25
48.04
44.98
46.93
46.78
46.30
48.57
47.51
49.25
48.15
46.62
44.40
49.41
47.25
47.36
47.78
46.99
47.14
45.51
47.67
46.56
45.51
50.47
49.10
46.51
47.62
47.41
43.98
47.88
47.04
49.52
48.57
47.41
49.41
45.93
49.20
47.67
47.04
49.20
45.62
45.72
48.15
48.30
48.09
46.99
47.99
48.73
48.46
48.04
48.73
46.67
50.57
47.78
48.36
48.04
47.51
48.20
47.99
52.21
51.26
49.46
46.25
46.72
46.56
45.83
44.09
47.72
49.20
47.20
46.35
50.15
43.88
51.42
46.51
46.30
48.57
46.83
50.52
48.25
45.14
48.99
50.04
51.84
46.14
46.93
49.20
47.41
47.14
50.04
45.51
49.99
47.04
49.31
47.94
46.67
44.51
47.51
46.67
46.67
45.88
49.46
48.73
49.04
46.62
48.94
47.88
51.10
48.04
49.89
48.15
46.83
44.67
48.94
49.94
47.04
51.36
47.36
46.99
47.67
46.46
48.09
50.68
52.42
48.73
49.31
46.51
48.41
48.88
47.25
47.46
51.36
46.20
49.73
48.73
48.94
49.41
49.31
52.05
48.83
49.04
50.52
46.41
48.78
48.30
45.98
47.41
47.57
48.41
46.35
46.56
48.62
51.26
46.62
50.04
44.98
46.93
47.94
46.88
46.67
46.51
48.04
47.99
44.09
46.88
47.46
46.88
48.62
49.10
46.93
53.10
48.20
45.40
50.10
46.36
44.77
48.73
44.40
46.93
46.88
46.72
51.36
47.51
48.73
48.46
47.41
51.31
47.04
49.04
49.46
46.83
52.05
46.14
47.99
49.31
48.78
46.72
49.36
46.72
48.09
45.30
49.68
46.99
47.30
49.04
46.09
47.99
47.78
46.78
50.15
49.10
46.25
51.05
46.20
49.78
44.24
47.46
50.15
47.94
49.57
50.20
48.41
46.78
49.20
46.88
46.46
46.56
47.30
46.56
49.36
45.93
49.52
45.98
50.78
46.62
47.25
48.88
47.57
47.36
47.67
44.93
48.09
47.46
48.57
52.26
48.09
50.15
48.30
45.77
47.14
49.89
49.99
46.56
46.09
49.10
49.25
48.57
50.15
46.09
49.83
47.25
45.83
46.99
48.25
47.14
50.15
45.88
48.83
45.98
47.46
48.25
47.04
48.83
47.88
46.41
48.62
48.15
51.52
48.46
47.78
50.26
47.25
48.25
49.89
46.83
47.04
48.25
47.30
49.62
46.25
46.72
47.20
46.09
49.25
46.35
49.20
48.57
47.62
49.15
47.62
46.35
48.15
48.78
48.52
46.99
47.14
46.14
50.15
47.14
49.41
48.94
45.98
51.42
44.46
44.82
52.73
43.93
47.78
46.56
51.57
47.78
49.57
49.94
45.19
47.36
49.15
47.51
48.25
47.09
46.83
48.99
46.30
48.57
49.36
48.52
51.31
46.35
48.41
48.46
46.25
50.47
49.04
48.83
48.78
46.30
45.25
45.83
47.62
48.62
46.35
49.46
47.88
48.25
46.83
50.41
44.51
47.77
50.36
50.15
44.24
47.09
49.04
48.78
46.04
49.04
45.51
47.99
55.05
49.83
49.36
48.20
43.77
48.15
46.56
48.62
48.52
46.25
51.42
43.40
48.09
47.88
47.41
48.73
47.94
45.98
49.20
46.35
46.09
47.36
48.04
48.52
44.56
47.41
49.83
45.93
49.15
50.62
48.67
50.52
43.88
49.73
47.30
47.72
51.52
47.46
48.25
48.62
47.67
48.20
48.73
47.14
47.99
46.46
48.36
50.10
48.88
48.04
48.78
47.36
50.31
47.99
49.36
49.10
47.78
49.94
48.36
43.72
51.42
47.04
44.77
48.94
47.14
48.73
46.04
48.20
47.88
49.10
48.52
47.46
47.41
49.94
46.30
46.67
46.83
48.67
50.62
48.25
47.57
48.36
46.14
48.99
48.78
47.72
47.57
47.25
47.99
46.93
43.24
46.04
47.46
47.09
47.41
47.62
47.88
48.78
47.46
49.52
46.25
44.19
50.62
45.67
50.15
47.57
48.99
48.88
46.93
47.88
49.46
44.61
48.67
45.98
50.47
49.25
48.09
45.98
52.00
47.25
47.57
48.83
45.46
50.10
45.93
46.14
46.67
46.41
47.25
46.51
42.98
49.20
46.51
45.46
48.94
45.30
47.09
50.52
46.67
48.36
45.93
45.62
44.93
48.25
51.47
47.51
48.25
49.78
48.73
49.68
48.52
47.94
49.04
47.46
49.68
46.83
49.04
50.89
44.30
49.68
47.99
48.15
47.25
46.41
46.93
47.62
47.94
50.89
46.99
46.72
45.56
49.25
46.10
48.83
47.36
47.78
49.20
45.62
45.67
50.68
46.04
50.26
44.19
47.25
49.62
44.82
49.15
47.99
52.68
49.73
47.46
46.35
47.36
44.46
44.61
48.73
50.52
48.46
50.15
48.15
49.62
45.56
47.51
49.73
48.67
48.78
45.51
51.47
46.99
47.99
46.46
47.62
50.89
49.73
46.46
48.88
50.26
48.46
45.88
49.83
50.15
45.83
46.25
48.78
51.68
48.52
47.62
47.14
49.41
47.14
52.10
44.93
48.83
49.57
44.35
50.73
50.15
49.52
49.73
46.41
45.19
48.62
47.51
44.56
49.83
48.83
50.99
46.78
43.14
48.20
45.30
47.94
50.04
46.72
51.36
49.46
45.51
47.88
44.67
47.14
46.99
46.88
49.94
42.35
49.94
50.31
49.04
48.67
47.72
45.25
47.41
48.09
49.68
50.68
46.20
48.25
46.78
48.83
48.36
46.93
47.41
49.15
47.09
48.25
47.67
48.94
47.04
45.09
48.20
47.62
45.51
48.52
47.09
47.46
48.78
48.30
48.30
46.88
51.10
49.52
50.62
50.78
45.88
47.78
48.83
48.67
48.30
47.94
49.41
48.88
46.88
50.57
48.52
44.67
49.25
44.61
45.98
47.51
45.51
47.51
49.04
44.77
49.52
48.41
47.04
47.67
48.15
46.20
49.41
46.78
48.52
48.20
46.14
49.52
47.62
44.61
47.51
43.51
47.46
49.89
45.51
50.52
45.93
48.41
49.89
49.73
49.94
46.09
48.25
48.41
46.88
51.84
49.57
47.04
47.67
48.77
48.25
46.20
46.99
47.51
45.14
47.83
45.04
46.46
46.67
49.15
44.67
49.04
48.67
46.30
48.99
47.72
52.73
46.25
48.78
46.25
48.15
44.51
46.09
48.88
46.56
48.04
45.09
47.72
45.30
48.62
45.56
47.67
47.57
48.52
48.30
51.05
45.77
47.36
46.62
46.46
47.67
47.04
43.88
49.31
46.46
47.99
47.94
45.62
51.42
46.20
47.83
48.67
48.99
48.36
47.51
46.99
47.51
46.14
47.62
45.40
48.52
47.30
48.41
48.94
49.36
46.62
49.68
49.52
50.10
49.73
47.46
45.77
48.94
48.88
49.52
46.72
49.89
49.83
46.99
48.52
46.88
48.36
47.94
45.62
52.26
48.94
46.99
49.25
45.14
48.09
48.30
49.31
47.62
47.78
50.31
49.20
48.78
46.62
47.46
47.62
49.36
50.73
46.46
47.41
46.56
48.09
49.36
48.62
48.20
48.25
47.09
49.10
47.99
46.72
48.52
48.36
46.20
45.04
47.57
51.57
50.94
50.47
49.89
48.30
47.46
45.25
45.51
48.30
47.51
47.36
48.57
46.56
49.20
46.51
48.36
48.57
48.25
50.10
45.19
46.78
50.31
47.20
48.88
48.20
47.14
46.35
45.88
47.78
50.31
49.68
49.41
48.52
46.83
46.72
46.72
47.46
48.41
47.41
46.67
44.77
47.67
46.35
45.51
46.67
48.78
48.36
45.98
49.10
48.78
51.31
47.57
47.36
47.51
45.40
50.20
45.14
48.94
47.67
46.83
49.25
48.20
47.77
48.46
47.36
51.68
49.83
49.78
49.20
47.51
45.46
49.20
49.15
48.88
43.51
49.52
46.62
47.46
48.25
46.78
49.25
45.19
47.04
47.25
48.67
45.14
47.99
50.73
42.56
50.15
47.30
50.10
52.00
51.15
48.30
47.83
48.04
48.30
49.36
48.46
45.56
47.36
48.41
48.36
47.94
48.83
48.78
46.93
45.40
49.73
48.78
46.25
49.99
46.04
45.62
48.94
44.56
44.98
52.10
44.98
47.57
47.67
48.46
47.36
45.77
45.88
48.36
45.25
47.30
48.30
47.36
47.25
46.62
48.62
49.57
51.10
46.78
45.14
46.35
46.46
46.83
47.99
48.94
49.94
48.04
45.56
46.30
51.05
46.51
49.04
51.15
46.41
48.30
50.10
48.46
49.31
49.10
49.15
49.31
50.26
46.35
46.93
48.52
47.72
47.78
46.04
46.56
48.78
49.31
48.25
45.93
45.25
48.88
48.30
49.99
48.62
48.52
47.57
44.40
48.36
45.83
47.94
43.98
44.88
47.41
47.62
46.46
47.25
47.51
51.63
47.09
47.57
47.41
47.99
49.15
47.57
49.31
48.78
45.51
49.25
48.04
46.72
50.20
48.52
48.57
49.46
48.57
46.46
45.30
43.66
48.30
49.94
50.68
50.04
48.83
52.47
46.04
50.57
47.78
48.83
46.93
47.83
48.41
49.57
47.94
50.31
45.98
45.09
48.20
44.67
48.67
47.46
45.14
49.52
46.14
45.72
47.14
45.25
48.57
46.72
46.62
48.52
48.99
48.30
51.36
47.67
47.41
49.31
47.78
46.25
45.77
45.51
49.83
44.82
45.62
44.35
45.56
49.73
47.20
46.14
47.25
47.46
45.40
46.46
45.25
47.09
51.05
47.09
47.25
47.25
47.46
49.41
48.36
47.25
52.10
46.67
48.52
45.77
47.78
48.83
46.14
51.68
48.04
49.57
46.51
47.62
47.04
46.51
45.04
49.78
48.41
45.30
45.40
47.09
47.46
47.78
48.67
50.52
48.67
48.52
47.88
47.57
50.04
47.94
45.51
49.20
47.04
51.73
45.14
47.46
51.21
46.83
49.15
48.67
45.98
49.89
48.20
47.36
48.73
47.36
47.99
46.35
45.14
46.46
46.78
45.62
47.09
45.35
46.51
48.41
46.62
46.46
48.57
49.78
46.99
47.57
48.99
46.46
43.45
48.94
50.36
46.78
45.46
46.46
47.57
46.83
48.30
49.99
44.56
47.88
50.68
49.52
47.88
47.83
49.15
46.46
46.72
49.83
