15.49
431.31
531.35
531.30
531.19
531.19
531.25
531.14
530.88
531.56
531.19
531.04
531.30
531.04
531.35
531.19
531.04
531.30
531.14
531.19
531.14
530.77
531.56
531.14
530.88
531.46
531.09
531.19
531.19
531.09
531.19
531.14
531.14
531.09
531.09
531.19
531.19
531.09
531.25
531.14
531.19
531.09
530.98
531.19
531.19
531.09
531.19
531.14
531.09
531.14
531.09
531.46
531.09
531.04
531.35
531.19
531.14
531.25
531.19
531.19
531.19
531.19
531.14
530.82
531.51
531.25
531.14
531.30
530.93
531.35
531.19
531.04
531.35
531.14
531.19
531.25
531.09
531.19
531.19
531.14
531.19
530.93
531.46
531.09
531.04
531.35
531.19
531.25
531.14
531.09
531.19
531.19
531.14
531.19
530.93
531.46
531.19
530.93
531.35
531.19
531.25
531.14
531.09
531.19
531.19
531.14
531.19
530.93
531.35
531.19
531.04
531.30
531.19
531.19
531.14
531.19
531.09
531.19
531.14
531.09
531.14
531.25
531.14
531.09
531.19
531.09
531.14
531.09
531.14
531.14
531.14
531.09
531.14
531.19
531.19
531.19
531.04
531.30
531.09
531.19
531.09
531.25
531.14
531.14
530.93
531.35
531.09
531.14
531.19
531.14
531.30
531.14
530.77
526.14
531.19
530.98
531.30
531.19
531.14
531.14
531.14
531.14
531.14
530.93
531.40
531.14
531.19
531.19
530.98
531.30
531.25
531.19
531.09
530.93
531.40
531.19
530.98
531.40
531.14
531.09
531.19
531.09
531.19
531.25
531.14
531.14
531.04
531.30
531.14
531.14
531.09
531.19
531.14
531.19
530.93
531.35
531.09
531.14
531.19
531.14
531.19
531.14
530.88
531.35
531.09
531.14
531.09
531.19
531.14
531.14
530.98
531.30
531.09
530.98
531.30
531.04
531.14
531.25
530.56
530.93
531.30
531.19
531.14
531.14
531.14
531.14
531.09
530.98
531.30
531.14
531.09
531.14
530.88
531.40
531.19
530.98
531.19
531.09
531.19
531.19
530.88
531.46
531.14
531.19
531.14
531.09
531.19
531.09
530.82
531.46
531.14
531.19
531.14
531.19
531.19
531.14
531.04
531.19
531.14
531.09
531.14
531.19
531.19
531.04
531.14
531.09
531.19
531.14
531.14
531.09
531.14
531.19
530.77
531.35
531.14
531.09
531.19
531.09
531.14
531.14
530.98
531.25
531.14
530.98
531.19
531.14
531.09
531.14
531.09
531.25
531.14
531.09
531.09
531.25
531.04
531.30
531.09
531.25
531.14
531.14
531.14
531.14
531.25
531.14
530.93
531.35
531.14
531.04
531.30
531.09
531.14
531.14
531.25
531.14
531.09
531.19
531.14
531.14
531.25
531.09
530.77
531.35
531.14
531.04
531.19
531.09
531.14
531.14
531.04
531.25
531.14
531.09
531.09
531.14
531.04
531.25
531.04
531.14
531.14
525.88
531.14
531.14
531.14
531.14
531.04
531.14
531.14
530.93
531.25
531.04
531.09
531.19
531.04
531.14
531.14
531.14
531.14
531.04
530.93
531.25
531.14
531.09
531.09
531.04
531.14
531.14
531.14
531.04
531.14
531.19
531.09
531.14
531.04
531.19
530.98
531.04
531.30
530.98
531.14
531.04
530.93
531.35
531.09
531.09
531.04
531.04
530.93
531.25
531.04
530.93
531.25
531.04
531.14
531.04
530.98
531.19
531.14
531.04
531.14
531.04
530.93
531.25
531.04
530.93
531.25
531.04
531.14
531.04
530.98
531.09
531.09
531.09
531.04
531.14
531.04
531.14
531.04
531.04
531.14
531.04
531.04
531.09
531.14
530.98
531.04
530.98
531.19
531.04
531.14
531.04
531.09
530.98
531.19
531.09
531.14
531.14
531.09
531.09
531.14
531.04
531.04
531.14
531.04
531.25
