14.84
392.40
483.21
483.26
483.21
483.26
483.26
483.21
483.21
483.26
483.26
483.26
483.26
483.26
483.21
483.31
483.21
483.21
483.26
483.26
483.26
483.21
483.26
483.26
483.05
483.26
483.26
483.26
483.26
483.21
483.21
483.21
483.26
483.26
483.21
483.21
483.26
483.21
483.26
483.21
483.26
483.21
482.62
483.21
483.26
483.21
483.21
483.26
483.26
482.84
483.21
483.26
483.21
483.26
483.26
483.21
483.21
483.21
483.26
482.99
483.21
483.31
483.21
483.21
483.26
483.26
483.26
483.26
483.21
482.84
483.26
483.21
483.26
483.15
483.26
483.21
483.26
483.26
483.26
483.26
483.21
483.26
483.26
483.26
483.21
483.26
483.21
483.26
483.26
482.99
483.26
483.26
483.26
483.26
482.89
483.31
483.21
483.26
483.21
483.26
483.21
483.26
483.21
483.21
483.26
483.21
483.26
483.21
483.21
483.05
483.26
483.26
483.26
483.21
483.26
483.21
483.26
483.21
483.21
482.94
483.26
483.21
483.21
483.26
483.26
483.21
483.26
483.21
483.21
483.21
483.26
483.21
483.26
483.26
482.99
483.21
483.21
478.47
483.15
482.94
483.21
483.26
483.21
483.21
483.21
483.21
483.21
483.21
483.21
483.26
483.26
483.26
483.26
483.26
482.99
483.26
483.26
483.21
483.26
483.21
483.21
483.26
483.21
483.21
483.21
483.26
483.26
483.21
483.26
482.99
483.21
483.21
483.26
483.21
483.21
483.15
483.21
483.26
483.21
483.10
483.21
483.26
483.26
483.21
481.41
483.26
483.21
483.21
483.26
483.21
483.26
483.26
483.15
483.26
483.15
483.21
483.21
483.21
483.26
482.94
483.26
483.26
483.21
483.21
483.15
483.26
483.21
483.21
483.21
483.15
483.21
483.21
483.21
483.21
483.10
483.26
483.21
483.26
483.26
482.31
483.26
483.21
483.21
483.21
483.26
483.26
483.26
483.26
483.26
483.21
483.26
483.26
483.26
483.21
482.68
483.26
483.21
483.21
483.26
482.15
483.26
483.21
483.21
483.21
483.10
483.26
483.15
483.26
483.21
483.21
483.21
483.26
483.21
483.26
483.21
483.31
483.26
483.26
483.26
483.21
483.26
483.21
483.26
483.26
483.10
483.21
483.21
483.21
483.21
482.94
483.26
483.21
483.21
483.21
483.15
483.21
483.21
483.15
483.21
483.15
483.21
483.15
483.15
483.26
483.15
483.21
483.15
483.21
483.21
482.94
483.15
483.21
483.21
483.21
483.21
483.15
483.21
483.21
483.15
482.99
483.21
483.21
483.21
483.21
483.05
483.21
483.21
483.21
483.21
483.21
483.21
483.21
483.21
483.15
483.21
483.21
483.21
478.37
483.21
482.99
483.21
483.21
483.21
483.21
483.21
483.26
483.21
483.21
483.21
482.84
483.15
483.21
483.15
483.21
482.84
483.21
483.21
483.21
483.15
482.94
483.21
483.15
483.15
483.21
483.15
483.21
483.21
483.15
483.21
483.10
483.21
483.15
483.21
483.15
483.21
483.26
483.21
483.21
483.15
483.21
483.15
483.21
483.15
483.15
482.62
483.21
483.15
483.21
483.21
482.78
483.21
483.21
483.21
483.15
483.21
483.21
483.15
483.26
483.21
483.10
483.15
483.26
483.21
483.21
483.21
483.21
483.21
483.21
483.21
482.89
483.21
483.21
483.21
483.21
482.89
483.21
483.15
483.15
483.21
482.94
483.21
483.21
483.21
483.26
483.21
483.15
483.21
483.21
483.21
483.05
483.21
483.15
483.21
483.26
483.21
483.21
483.15
483.26
483.21
482.84
483.21
483.21
483.26
483.15
483.21
483.21
483.15
483.21
483.21
482.78
483.21
483.21
483.15
483.26
483.15
483.21
483.21
483.26
483.21
483.21
483.21
483.15
483.21
483.21
483.26
483.21
483.21
483.21
483.21
483.26
483.21
483.21
483.21
483.21
483.21
483.21
483.21
483.21
483.26
483.21
483.26
483.21
483.26
483.15
482.73
483.21
483.26
483.21
483.26
482.89
483.21
483.26
483.21
483.26
483.26
483.26
483.21
483.26
483.26
482.99
483.26
483.21
483.21
483.21
483.21
483.21
483.21
483.21
