15.26
406.11
503.93
504.35
504.35
504.83
504.25
503.88
504.51
504.09
504.35
504.35
504.46
504.14
503.88
504.14
503.98
503.40
504.46
504.14
503.88
504.72
504.09
504.14
504.40
504.30
504.25
503.88
503.61
504.04
504.35
504.35
504.25
503.88
504.51
504.09
504.35
504.19
504.19
504.09
504.35
503.98
504.14
504.35
504.19
503.93
504.35
504.25
503.40
504.35
504.04
504.09
503.88
504.46
504.19
504.30
504.14
504.30
504.04
504.35
504.30
503.82
504.35
504.46
503.88
503.67
504.56
504.09
503.82
504.51
504.30
504.14
503.88
504.56
504.04
504.35
504.35
503.98
504.14
504.51
504.14
504.30
503.88
504.19
503.93
503.88
504.67
503.93
504.35
504.35
503.98
504.14
504.30
503.56
504.14
504.30
504.19
503.98
499.25
504.19
504.04
504.35
504.30
503.82
504.35
504.25
504.14
504.09
504.51
504.14
504.30
503.88
504.56
503.56
504.35
504.30
503.82
504.35
504.35
504.04
504.09
504.62
504.19
503.67
504.35
504.19
503.93
504.35
504.30
503.82
503.88
504.51
503.61
504.35
504.25
504.14
504.09
504.51
504.14
504.30
503.93
504.62
503.93
504.35
504.14
503.98
503.88
503.61
503.56
504.35
504.40
504.19
503.88
504.56
504.09
504.30
504.25
504.30
503.93
503.93
504.62
503.93
503.88
504.40
504.19
503.88
504.35
504.04
504.09
504.40
504.25
503.82
504.40
504.14
503.93
504.35
504.19
503.93
504.35
503.72
503.93
504.35
504.35
504.04
504.09
504.51
504.14
504.30
503.93
504.30
503.77
504.35
504.19
503.93
503.46
504.04
504.04
504.35
503.98
504.14
503.88
504.72
504.14
504.09
504.40
504.09
503.98
504.40
504.30
504.25
503.88
504.62
503.03
503.93
504.62
503.93
504.35
504.35
504.04
504.09
504.30
504.35
503.82
504.40
504.14
503.93
504.35
504.09
504.04
504.35
504.25
504.14
504.09
504.30
504.19
503.98
504.40
504.30
504.25
503.88
504.40
504.19
503.88
504.56
504.30
504.09
504.40
504.35
504.19
504.35
504.30
504.25
503.93
504.62
504.35
503.98
504.35
504.09
504.51
503.88
498.63
504.51
503.88
504.56
504.19
504.19
504.25
504.25
503.98
504.40
504.04
504.30
504.09
504.46
504.30
504.19
504.25
503.82
503.93
502.98
504.51
504.04
504.40
504.25
503.82
504.40
504.40
503.67
503.46
504.25
503.82
504.40
504.40
504.14
503.93
504.35
504.51
504.09
504.35
504.14
503.93
504.40
504.40
504.14
503.93
504.35
504.30
504.30
504.25
503.67
504.09
504.35
504.35
504.19
503.93
504.51
504.30
504.14
504.56
504.30
504.04
504.40
504.40
503.67
503.93
504.51
504.30
504.14
504.56
504.30
504.04
504.40
504.40
504.14
504.40
504.30
504.09
504.09
504.46
504.25
504.19
503.93
503.77
504.30
503.93
504.51
504.30
504.14
504.46
504.25
504.19
504.25
504.35
503.40
504.25
504.35
503.88
504.40
504.56
504.09
504.30
504.46
504.25
504.19
503.93
504.51
504.30
504.14
504.56
504.30
504.04
504.40
504.19
503.88
503.93
504.40
504.14
504.40
504.09
504.09
504.30
504.35
504.35
504.19
503.93
504.19
503.88
504.40
504.35
504.30
503.82
504.46
504.25
504.25
504.35
504.30
504.25
503.93
504.56
504.40
503.98
504.35
504.25
504.30
503.93
504.40
504.14
503.93
504.35
504.30
504.30
504.25
504.35
504.30
503.93
504.51
504.30
499.15
503.56
504.30
504.14
504.56
504.19
504.19
504.35
504.40
504.14
504.40
504.30
504.25
503.93
504.46
504.25
504.19
504.40
504.04
504.51
503.93
504.56
503.61
503.82
504.56
504.19
504.19
504.35
504.40
504.14
503.93
504.35
504.46
504.14
504.35
504.35
503.77
504.19
503.61
504.19
504.35
504.30
504.25
503.93
504.56
504.35
504.04
504.35
504.25
504.35
503.88
