write_job: (g=0): rw=write, bs=54K-54K/54K-54K/54K-54K, ioengine=libaio, iodepth=128
fio-2.1.10
Starting 1 process

write_job: (groupid=0, jobs=1): err= 0: pid=4413: Wed Sep 30 15:09:16 2015
  write: io=235520MB, bw=516342KB/s, iops=9561, runt=467079msec
    slat (usec): min=2, max=91, avg=11.59, stdev= 2.60
    clat (usec): min=1957, max=26408, avg=13373.28, stdev=63.49
     lat (usec): min=2014, max=26418, avg=13385.11, stdev=63.33
    clat percentiles (usec):
     |  1.00th=[13376],  5.00th=[13376], 10.00th=[13376], 20.00th=[13376],
     | 30.00th=[13376], 40.00th=[13376], 50.00th=[13376], 60.00th=[13376],
     | 70.00th=[13376], 80.00th=[13376], 90.00th=[13376], 95.00th=[13376],
     | 99.00th=[13376], 99.50th=[13504], 99.90th=[13760], 99.95th=[14144],
     | 99.99th=[14912]
    bw (KB  /s): min=513864, max=517536, per=100.00%, avg=516559.37, stdev=564.94
    lat (msec) : 2=0.01%, 4=0.01%, 10=0.01%, 20=100.00%, 50=0.01%
  cpu          : usr=7.60%, sys=11.74%, ctx=1200272, majf=0, minf=27
  IO depths    : 1=0.1%, 2=0.1%, 4=0.1%, 8=0.1%, 16=0.1%, 32=0.1%, >=64=100.0%
     submit    : 0=0.0%, 4=100.0%, 8=0.0%, 16=0.0%, 32=0.0%, 64=0.0%, >=64=0.0%
     complete  : 0=0.0%, 4=100.0%, 8=0.0%, 16=0.0%, 32=0.0%, 64=0.0%, >=64=0.1%
     issued    : total=r=0/w=4466158/d=0, short=r=0/w=0/d=0
     latency   : target=0, window=0, percentile=100.00%, depth=128

Run status group 0 (all jobs):
  WRITE: io=235520MB, aggrb=516342KB/s, minb=516342KB/s, maxb=516342KB/s, mint=467079msec, maxt=467079msec

Disk stats (read/write):
  sda: ios=84/1186162, merge=0/3279419, ticks=4/15826748, in_queue=15826076, util=100.00%
