16.37
178.57
217.53
223.17
221.06
216.05
216.37
220.27
221.38
219.16
214.63
220.75
223.75
221.48
218.79
220.54
220.64
217.63
214.63
226.28
221.70
219.85
215.10
218.27
220.43
216.32
216.74
222.59
225.54
218.79
220.64
221.70
214.58
213.84
226.23
221.17
225.39
219.01
223.01
221.38
219.16
218.48
227.92
220.27
225.70
214.42
220.80
224.70
222.33
217.95
216.69
221.33
217.74
214.68
231.08
223.54
218.21
218.43
225.23
218.48
217.32
226.65
216.53
216.90
222.59
221.54
219.59
217.16
224.44
221.75
215.26
220.96
225.60
209.72
216.00
214.63
220.85
211.41
222.22
223.91
219.59
216.79
219.11
226.76
222.80
225.23
220.80
217.05
215.37
221.64
224.28
217.16
222.96
216.95
215.42
219.74
221.06
222.91
222.01
223.59
224.54
219.22
211.04
220.43
222.70
220.64
223.07
219.80
223.12
225.07
221.59
217.37
222.59
221.06
223.54
222.01
225.23
227.07
219.27
220.22
220.64
223.28
219.96
216.32
221.64
228.87
218.69
216.95
221.01
222.59
215.74
215.74
220.75
221.75
221.96
219.64
218.32
224.33
218.37
215.95
221.70
224.12
217.16
215.00
220.69
227.50
225.07
222.91
223.59
220.48
221.27
218.90
219.27
218.85
221.64
224.75
223.01
218.79
224.60
215.84
212.20
223.44
225.86
215.89
215.47
224.75
223.70
217.16
216.42
219.43
215.47
212.78
219.38
219.01
220.48
211.83
215.00
222.22
219.34
217.85
223.01
215.31
221.33
221.48
223.44
216.21
226.92
219.16
214.42
223.17
219.96
219.90
220.32
222.43
228.23
207.98
217.05
226.49
217.90
217.69
228.71
221.96
212.10
212.20
228.92
222.22
218.06
222.22
222.49
214.58
219.80
217.63
216.53
216.84
222.43
215.89
217.79
214.47
219.43
214.68
220.64
221.64
219.43
217.27
216.47
220.32
217.32
217.74
225.02
227.76
211.83
215.63
215.63
225.97
212.63
223.33
224.75
223.86
214.68
218.21
217.58
214.26
214.68
225.33
213.26
223.70
222.49
217.48
216.95
220.22
216.32
221.38
218.85
215.89
213.73
223.75
219.59
222.80
213.73
217.11
222.80
208.25
213.05
220.22
227.60
215.05
214.21
225.28
220.80
213.15
218.43
219.80
219.16
218.53
213.68
223.54
219.11
215.89
225.33
225.39
219.01
213.21
221.75
220.59
219.96
220.22
217.58
220.38
216.74
230.08
221.38
225.12
216.74
218.00
220.43
225.02
216.47
223.22
218.95
229.24
210.78
214.58
226.39
218.48
217.00
213.36
226.28
223.65
215.21
224.02
223.54
218.16
218.32
216.21
224.96
218.79
220.59
217.37
223.86
220.64
219.80
211.04
225.65
220.85
216.00
218.64
220.43
226.65
213.47
219.43
214.31
216.63
217.00
223.17
222.12
210.88
213.79
217.95
220.75
216.79
219.80
221.48
212.57
218.06
218.00
215.90
221.43
218.27
214.95
211.68
220.90
211.46
215.47
218.85
219.64
207.19
218.64
216.21
218.32
209.99
221.85
223.38
215.89
213.73
219.59
215.10
215.53
216.26
223.17
224.33
213.15
216.00
220.96
214.79
219.38
229.29
217.48
220.90
221.80
218.43
219.43
226.23
219.85
223.33
224.81
222.06
218.79
211.62
224.28
217.95
212.73
215.10
219.48
221.06
215.42
219.80
212.84
227.65
216.26
220.54
225.81
223.59
216.95
217.53
226.55
212.41
219.85
216.84
222.17
216.37
219.22
224.44
216.63
218.74
219.43
215.42
218.90
217.74
218.06
223.28
219.43
220.59
213.31
213.47
223.01
223.44
213.73
223.75
215.79
219.06
217.53
222.01
218.79
215.89
228.23
220.27
217.21
219.69
224.07
219.48
212.63
221.85
219.96
213.52
212.94
222.80
223.59
211.78
215.53
217.69
215.05
209.62
217.42
221.12
209.67
211.68
225.12
216.16
207.46
223.91
220.32
218.32
214.10
212.47
214.42
213.89
213.73
224.49
214.63
209.25
222.75
222.86
213.42
214.58
214.68
215.00
212.84
220.80
223.33
214.95
212.31
223.22
210.41
211.94
221.80
222.17
212.57
215.26
221.64
213.47
213.68
222.80
216.58
210.15
208.09
219.11
212.89
219.80
215.10
224.17
227.23
207.62
223.22
218.53
218.74
215.95
219.64
217.63
216.63
207.30
224.77
216.21
219.27
209.25
210.15
217.11
218.79
220.17
218.21
213.94
211.46
218.00
215.31
214.63
225.60
215.53
211.52
216.53
212.04
217.00
217.74
221.96
215.79
208.99
217.37
220.85
214.37
217.58
219.06
