read_job: (g=0): rw=read, bs=54K-54K/54K-54K/54K-54K, ioengine=libaio, iodepth=16
fio-2.1.10
Starting 1 process

read_job: (groupid=0, jobs=1): err= 0: pid=4467: Wed Sep 30 15:34:57 2015
  read : io=235520MB, bw=532746KB/s, iops=9865, runt=452697msec
    slat (usec): min=3, max=91, avg=13.58, stdev= 1.50
    clat (usec): min=1354, max=3244, avg=1606.57, stdev= 5.15
     lat (usec): min=1378, max=3259, avg=1620.38, stdev= 4.82
    clat percentiles (usec):
     |  1.00th=[ 1592],  5.00th=[ 1592], 10.00th=[ 1608], 20.00th=[ 1608],
     | 30.00th=[ 1608], 40.00th=[ 1608], 50.00th=[ 1608], 60.00th=[ 1608],
     | 70.00th=[ 1608], 80.00th=[ 1608], 90.00th=[ 1608], 95.00th=[ 1608],
     | 99.00th=[ 1608], 99.50th=[ 1624], 99.90th=[ 1624], 99.95th=[ 1624],
     | 99.99th=[ 1640]
    bw (KB  /s): min=531900, max=533844, per=100.00%, avg=532800.16, stdev=188.97
    lat (msec) : 2=100.00%, 4=0.01%
  cpu          : usr=3.54%, sys=20.05%, ctx=4483062, majf=0, minf=244
  IO depths    : 1=0.1%, 2=0.1%, 4=0.1%, 8=0.1%, 16=100.0%, 32=0.0%, >=64=0.0%
     submit    : 0=0.0%, 4=100.0%, 8=0.0%, 16=0.0%, 32=0.0%, 64=0.0%, >=64=0.0%
     complete  : 0=0.0%, 4=100.0%, 8=0.0%, 16=0.1%, 32=0.0%, 64=0.0%, >=64=0.0%
     issued    : total=r=4466158/w=0/d=0, short=r=0/w=0/d=0
     latency   : target=0, window=0, percentile=100.00%, depth=16

Run status group 0 (all jobs):
   READ: io=235520MB, aggrb=532746KB/s, minb=532746KB/s, maxb=532746KB/s, mint=452697msec, maxt=452697msec

Disk stats (read/write):
  sda: ios=4466076/0, merge=0/0, ticks=7145244/0, in_queue=7142340, util=100.00%
