15.92
62.77
71.98
70.14
68.34
72.19
68.66
74.78
70.56
71.09
68.87
70.24
70.82
66.87
73.30
72.93
72.56
70.51
66.87
73.93
68.66
70.14
71.93
71.93
69.08
74.67
70.14
71.51
70.88
67.92
70.19
69.93
72.93
72.46
71.67
69.03
71.67
71.51
70.61
72.98
68.76
75.52
68.82
67.66
69.66
68.71
73.20
67.08
69.87
69.50
69.45
68.77
68.66
70.35
66.34
69.93
71.88
70.88
72.04
73.30
71.09
65.02
64.49
69.77
69.66
70.29
70.40
70.45
71.09
67.61
72.04
66.02
69.29
71.56
69.08
70.29
70.98
74.14
75.09
65.44
71.67
70.08
72.46
68.98
71.40
67.55
71.30
77.62
69.61
72.25
67.45
72.35
68.92
72.46
71.72
70.51
69.87
65.18
72.56
63.44
71.51
69.03
70.03
66.66
69.03
69.98
66.92
67.03
65.55
69.29
64.65
68.71
63.23
64.49
58.06
65.44
56.11
59.43
57.43
49.46
52.52
49.25
56.16
50.73
51.05
48.94
48.73
48.73
48.36
50.94
50.68
51.21
45.04
49.20
49.73
49.89
49.46
47.57
51.05
47.67
51.10
47.51
51.47
48.46
51.84
49.62
48.73
50.04
46.25
47.62
46.30
49.52
46.20
48.99
50.84
47.67
46.99
45.72
52.15
51.31
48.15
51.21
50.26
49.99
47.41
47.25
47.04
46.78
46.72
48.83
50.10
50.10
50.41
47.88
47.78
46.99
53.42
47.04
49.57
49.25
48.57
47.14
47.36
46.20
47.25
48.25
49.10
50.47
49.15
48.83
48.25
52.21
52.79
47.36
50.73
48.36
47.30
49.52
45.88
52.79
47.14
47.14
46.78
49.10
48.57
51.26
49.89
50.94
47.67
45.46
48.41
48.15
49.68
48.25
48.20
49.89
47.57
45.51
47.25
51.68
50.78
47.25
46.63
50.26
47.36
51.26
48.46
48.52
48.20
46.46
48.41
47.51
46.41
47.62
45.30
52.95
51.21
48.78
52.00
49.94
49.62
48.52
45.04
55.58
48.62
48.09
47.78
44.88
46.99
47.88
47.36
48.25
50.20
49.04
47.30
47.41
53.84
51.36
48.20
50.20
47.46
50.89
47.20
47.36
50.31
48.36
48.52
46.62
53.00
50.10
49.04
48.73
48.99
50.84
50.89
46.51
49.68
47.72
50.36
48.99
48.36
46.56
48.67
48.73
48.46
46.09
44.67
52.31
47.99
52.37
45.88
47.67
48.78
46.25
49.78
47.09
48.36
49.20
48.78
49.68
51.84
47.41
48.25
47.25
49.68
50.68
46.25
47.83
48.36
48.83
48.52
47.67
50.78
47.83
48.57
49.15
45.25
48.73
49.15
50.31
52.15
51.84
51.10
51.10
44.24
50.26
47.88
46.25
48.41
51.63
47.09
49.10
48.62
50.94
46.30
47.04
49.57
45.88
47.78
46.72
48.67
48.78
46.04
47.72
48.36
48.30
46.88
46.67
44.82
54.74
47.30
47.94
48.57
46.09
49.73
48.78
46.88
49.15
47.09
49.78
46.09
48.94
50.73
49.99
47.88
45.67
50.47
48.52
45.25
46.51
48.30
49.15
52.95
46.20
47.88
49.15
44.82
47.88
44.46
45.72
48.83
48.67
49.52
46.25
49.41
50.84
49.46
47.72
48.25
47.83
47.04
48.73
51.05
50.78
47.36
48.57
48.94
49.78
48.99
47.62
49.20
49.68
46.88
50.68
50.52
45.62
46.25
50.41
48.36
45.88
44.51
48.25
48.36
49.41
48.09
46.83
47.67
48.15
48.41
47.67
46.46
50.62
49.04
47.62
47.09
48.78
46.04
49.46
50.26
47.51
46.88
48.62
48.94
49.46
47.94
48.73
48.73
50.62
47.83
49.41
48.88
48.88
47.46
47.67
46.88
50.84
50.04
49.78
46.99
48.15
46.14
49.46
53.16
46.56
48.36
45.14
48.62
47.83
47.62
46.30
47.78
49.10
44.24
49.68
47.62
49.99
50.04
47.30
48.52
49.31
49.31
50.04
46.83
50.36
48.09
47.99
49.10
50.62
46.83
51.89
46.78
48.94
49.73
47.99
48.25
48.46
46.93
53.05
43.77
47.62
51.10
49.89
45.83
47.72
49.83
51.42
47.41
48.99
48.09
46.88
47.78
44.93
48.94
47.83
48.57
50.04
46.99
47.78
46.30
46.88
49.78
49.62
49.94
49.78
49.25
46.78
48.25
48.25
47.99
47.94
48.36
48.41
47.99
49.36
46.62
46.93
48.25
50.68
46.51
50.10
46.88
50.99
47.88
47.41
47.46
46.20
47.78
48.88
47.14
49.25
47.25
46.35
50.99
47.78
48.20
45.46
47.62
49.04
46.09
53.31
49.83
48.15
50.04
45.98
47.67
48.94
46.30
48.41
47.67
47.36
48.15
46.72
47.14
49.15
48.04
47.99
45.77
46.51
49.83
47.04
49.73
49.52
46.83
44.93
44.19
48.25
47.99
46.14
52.15
49.62
48.62
47.67
50.20
48.41
48.83
46.93
49.25
48.94
45.88
47.14
45.40
47.25
47.83
46.83
49.99
48.88
51.57
47.04
49.89
45.04
45.67
49.94
47.36
50.78
51.57
48.04
46.25
48.15
48.99
47.04
45.88
47.41
47.25
50.73
47.30
50.41
46.25
45.88
46.93
49.57
48.52
46.67
45.67
50.57
44.72
47.83
47.62
46.56
45.19
46.72
47.30
48.20
51.05
50.94
50.36
49.25
45.56
48.57
49.57
48.41
48.20
47.14
47.46
51.05
49.73
48.15
52.58
49.83
46.35
47.30
48.25
50.41
48.83
47.20
49.94
46.93
49.15
47.14
50.73
51.63
47.04
47.57
48.94
49.20
50.15
47.99
44.03
47.99
47.20
50.68
48.36
47.94
45.30
51.10
47.94
48.20
49.83
46.83
50.62
49.15
49.04
47.57
49.41
46.62
49.99
46.99
49.52
47.46
47.99
47.57
51.05
47.51
48.20
47.83
48.20
51.42
49.31
47.57
48.94
45.51
50.62
49.78
49.57
46.93
49.10
48.15
47.88
47.30
50.26
48.73
48.30
50.10
47.25
51.57
46.78
50.31
49.78
48.78
48.20
45.35
46.51
47.41
46.72
47.46
49.36
48.62
49.73
48.62
48.62
48.94
48.94
50.26
47.57
47.88
49.36
47.94
50.78
45.72
46.20
49.10
47.99
49.68
47.78
48.62
46.62
46.30
50.20
46.72
51.68
48.99
47.94
48.94
49.10
47.67
46.72
46.20
48.46
48.30
46.62
49.15
48.09
49.31
46.78
51.42
46.46
47.99
48.73
48.25
49.68
46.25
45.46
47.14
47.67
49.20
46.04
46.46
49.10
46.88
47.72
44.09
47.88
49.73
45.93
47.88
50.78
47.14
46.25
46.99
45.83
50.89
47.94
49.89
47.51
47.88
46.04
49.36
44.56
49.62
47.62
49.41
51.10
46.78
48.57
45.93
48.09
53.37
47.04
47.51
44.98
52.58
46.88
50.68
50.20
45.30
46.14
50.20
49.89
47.09
50.94
48.20
48.67
49.89
47.99
50.73
46.41
49.46
49.04
45.93
50.04
50.89
47.04
48.46
47.94
50.47
44.24
45.77
46.56
47.09
51.89
47.67
47.25
49.20
47.72
48.62
48.67
48.99
46.78
46.93
47.94
50.57
47.88
50.41
48.30
47.04
49.46
50.41
48.46
50.73
47.14
48.15
50.10
48.36
51.63
49.57
46.78
48.04
45.93
48.15
43.82
45.93
51.05
48.67
48.67
49.68
47.72
50.89
45.77
50.47
48.04
48.78
48.20
49.31
48.41
45.83
48.88
48.25
45.40
49.78
49.46
46.56
47.62
49.52
47.62
50.68
48.20
46.04
47.88
45.83
46.14
47.99
46.14
51.21
46.78
46.83
47.25
47.72
52.10
49.20
45.30
49.68
49.25
47.14
48.52
46.04
46.88
46.62
47.36
48.15
48.94
47.72
50.04
49.10
47.04
46.09
51.57
44.77
49.04
47.46
47.09
47.83
51.42
47.57
45.56
46.04
46.88
48.83
50.89
50.52
48.73
47.46
46.83
49.94
48.88
45.14
46.99
49.15
48.99
47.36
48.73
47.36
49.10
48.88
46.35
48.88
48.83
51.10
45.30
46.35
50.52
48.20
45.77
48.67
47.41
47.99
49.94
47.14
46.67
47.20
50.36
44.67
48.30
47.30
50.41
49.94
48.94
48.88
49.94
47.46
50.31
48.25
47.83
49.57
48.62
50.47
47.41
48.25
52.63
44.67
50.68
46.00
50.20
46.46
46.51
47.04
49.41
46.72
47.51
51.31
45.93
47.72
47.30
49.94
47.88
47.30
46.35
48.83
49.46
49.52
47.36
50.26
48.20
48.99
50.47
47.41
48.46
50.47
49.15
47.62
47.83
49.83
49.52
48.62
48.25
48.73
46.99
46.72
47.94
47.78
47.78
49.25
52.21
47.78
48.62
46.25
49.68
49.99
49.94
45.40
47.62
44.40
49.94
45.62
45.46
48.46
49.73
49.62
48.36
45.14
46.46
47.57
50.57
49.10
48.15
46.78
46.30
47.83
46.93
50.41
47.04
47.99
49.94
45.04
48.73
49.36
50.04
50.41
47.04
46.46
48.67
48.83
49.83
44.77
47.14
47.51
48.57
48.36
48.04
45.67
50.10
48.88
46.35
49.62
47.14
46.14
47.46
43.24
46.72
45.77
45.51
50.78
45.09
48.04
48.78
49.31
47.72
47.99
46.35
46.20
48.04
50.99
51.05
48.09
48.46
46.78
49.31
47.46
47.62
49.46
49.36
49.41
44.56
48.67
45.14
49.36
48.36
50.41
47.25
49.57
45.35
47.20
50.68
46.09
45.88
47.36
48.52
52.42
46.83
47.04
49.78
49.62
50.04
46.14
47.99
47.88
43.29
48.73
51.26
46.56
47.20
46.09
47.78
48.09
47.67
48.46
47.51
46.88
45.40
49.20
46.41
49.52
47.67
47.72
47.62
48.04
49.46
46.20
46.83
45.30
49.94
49.46
49.62
47.46
44.72
45.51
48.78
48.67
49.41
48.09
46.52
46.41
48.88
49.04
51.31
48.46
47.83
46.83
47.14
51.31
48.41
50.36
47.41
47.14
48.46
48.15
51.26
50.84
46.30
45.72
47.72
49.94
47.20
44.35
47.41
50.47
46.62
50.78
49.15
48.62
51.15
46.20
49.73
46.99
46.78
47.88
45.98
49.73
50.31
45.98
46.99
51.68
44.82
51.26
48.88
48.41
50.94
47.25
48.04
47.62
46.04
52.05
46.78
50.99
48.09
46.93
44.77
47.36
46.56
46.25
47.57
50.36
51.94
48.52
46.72
50.31
47.25
48.88
48.67
48.83
48.94
46.93
47.25
48.46
45.72
50.99
47.67
47.67
48.15
45.88
48.15
49.36
46.83
50.47
45.83
49.41
50.31
47.72
50.62
44.98
50.20
49.73
48.62
50.10
50.41
48.73
48.46
48.25
50.15
47.30
46.99
48.20
48.20
49.25
47.36
47.04
49.31
48.73
44.88
50.10
46.67
47.04
48.20
49.04
45.83
48.04
45.51
50.10
49.25
47.46
49.89
51.73
47.94
51.36
44.46
48.09
45.72
48.04
48.41
44.61
47.46
53.84
44.51
46.93
50.84
47.14
49.25
48.62
48.36
46.41
45.62
50.57
47.41
48.41
45.56
48.57
48.88
48.41
45.98
47.46
52.31
50.31
51.05
50.99
48.78
47.25
48.88
49.36
49.94
47.99
46.25
52.05
47.20
46.51
45.83
45.77
48.46
48.62
49.78
53.00
45.88
48.94
47.57
51.10
49.99
48.94
47.88
49.94
44.61
46.14
47.30
46.56
49.62
46.09
49.78
49.15
46.56
49.25
48.46
47.67
47.88
48.52
48.15
46.14
45.09
46.46
46.51
44.09
50.94
44.77
48.09
48.15
45.53
46.09
47.41
49.15
48.36
46.51
46.72
52.05
47.36
46.62
48.09
48.20
49.04
48.83
49.36
51.36
46.46
47.94
46.04
48.30
48.25
49.31
47.25
46.88
49.68
49.04
46.14
47.14
47.25
46.56
51.47
43.82
49.41
46.30
47.78
52.42
45.62
46.35
46.20
47.25
49.04
49.57
46.25
47.72
43.51
49.78
48.30
50.47
46.30
51.26
46.99
46.46
43.66
46.78
47.09
49.94
48.15
49.94
46.30
46.14
47.41
46.41
48.52
45.25
48.30
48.15
46.72
49.36
47.62
50.57
52.21
50.78
46.88
47.41
47.30
48.67
46.67
46.25
50.41
47.30
47.51
49.62
53.79
49.57
47.25
50.10
48.94
46.30
45.88
49.36
47.67
49.78
48.04
48.09
44.35
48.83
49.25
50.57
47.25
44.61
45.62
51.05
46.30
49.20
46.78
52.58
51.52
44.67
46.56
48.73
45.04
46.14
48.46
48.09
48.15
46.51
47.09
50.41
45.98
46.20
46.14
48.83
46.46
47.14
45.51
48.09
46.41
46.83
48.57
48.25
49.36
47.14
44.24
45.93
47.72
50.10
48.52
47.36
48.78
45.25
47.51
45.77
45.40
47.78
47.67
47.88
48.36
46.09
50.89
48.52
46.30
48.20
46.99
51.42
48.41
47.94
45.77
47.57
50.62
44.72
49.68
50.47
47.83
47.62
45.09
46.04
48.52
45.98
45.40
50.10
47.30
46.88
45.77
49.15
44.82
44.03
49.94
48.78
47.36
46.88
46.88
45.35
51.38
48.83
45.40
48.46
48.78
47.62
51.52
44.03
48.15
44.67
47.09
49.89
48.30
50.41
46.46
51.15
48.73
47.41
47.62
45.30
47.67
49.83
46.88
48.62
47.41
49.25
45.51
48.04
46.20
47.20
46.72
49.68
47.67
50.15
47.99
48.36
46.30
48.73
49.36
49.20
48.94
47.36
47.62
46.67
46.78
49.46
46.99
45.04
46.93
48.99
48.09
45.09
47.99
48.15
47.09
47.25
46.83
43.82
46.09
50.84
46.67
48.04
44.82
49.73
51.42
47.09
49.62
48.62
44.93
46.67
48.41
48.36
45.98
48.57
48.73
46.35
51.89
46.14
46.51
47.94
46.41
47.72
45.09
47.88
47.09
47.62
50.47
47.46
46.62
47.78
45.67
45.98
47.57
47.88
47.78
48.04
48.94
51.79
47.20
49.57
47.83
47.62
50.47
46.67
45.25
48.94
44.35
46.72
46.72
48.41
50.89
47.41
46.51
47.09
45.56
46.88
51.05
45.72
49.78
47.99
47.20
46.46
46.67
46.78
48.04
47.57
48.41
48.09
50.15
49.46
46.46
47.51
46.56
45.30
47.25
48.20
46.51
50.68
46.72
47.41
47.88
46.46
48.52
49.36
46.56
51.36
45.40
46.41
49.20
44.40
52.58
45.83
47.57
49.57
45.35
49.68
46.30
44.61
48.25
49.31
48.78
48.36
50.20
51.26
45.40
46.78
48.78
49.25
49.31
46.78
48.57
46.56
46.56
47.99
44.61
46.35
49.20
47.25
48.67
48.09
46.62
48.52
49.57
45.58
48.41
45.77
48.83
47.94
47.78
48.20
46.41
50.89
52.58
47.25
47.04
50.41
46.04
46.93
46.09
44.09
50.10
49.89
46.04
50.10
46.72
47.88
50.78
47.04
48.94
45.83
49.41
49.25
45.19
49.73
48.83
49.62
49.68
46.25
51.68
47.36
49.25
52.47
49.57
48.30
46.78
49.41
46.30
45.40
49.20
50.26
47.14
53.10
48.04
46.41
48.99
47.25
50.99
47.46
45.14
47.67
46.62
49.52
49.99
47.51
48.78
45.40
46.83
50.68
46.41
48.73
48.36
49.83
48.20
49.31
46.51
48.09
48.52
49.20
49.68
45.25
49.83
47.94
46.93
50.52
48.30
50.36
47.30
47.72
48.57
46.78
48.30
50.36
45.19
48.04
46.67
45.83
50.20
48.09
46.09
47.62
48.67
46.88
45.09
45.51
51.68
47.41
49.78
46.20
49.99
47.20
48.04
47.20
46.56
45.62
51.31
48.73
48.46
49.36
46.46
48.36
48.36
45.67
47.04
47.83
47.94
47.94
44.93
47.94
47.20
47.14
48.46
47.04
52.05
52.84
48.78
48.20
45.67
47.67
45.09
46.51
51.68
46.25
47.04
49.57
48.88
46.62
46.93
45.93
48.67
48.99
47.57
48.99
47.67
49.36
47.94
46.25
46.14
47.67
48.04
46.67
46.62
50.78
44.51
44.88
52.52
48.04
50.62
46.93
48.83
49.36
48.41
47.20
48.88
45.62
47.99
48.57
48.62
47.30
48.57
48.88
47.72
45.25
48.46
48.57
48.20
49.36
48.04
48.20
49.57
49.15
50.41
48.41
46.41
47.25
47.57
46.09
45.46
48.04
45.88
48.78
47.20
46.41
50.10
52.00
47.78
44.67
51.47
50.15
47.88
48.30
46.51
48.67
46.56
47.94
49.31
44.77
49.20
49.20
47.99
49.62
46.99
44.88
52.21
48.20
47.41
48.52
44.93
52.00
44.98
49.62
46.20
45.14
47.88
49.20
46.99
49.25
48.30
44.82
47.88
47.72
48.30
47.09
49.41
49.15
46.62
47.72
49.36
47.14
45.09
48.99
48.15
48.09
48.94
46.41
46.93
47.36
48.67
49.62
47.99
47.04
48.41
47.62
48.73
48.15
48.15
45.46
46.14
47.67
49.73
50.15
46.62
46.93
48.04
47.72
47.57
45.72
46.93
48.36
47.94
50.68
47.09
46.56
48.36
45.88
45.77
48.30
44.03
45.30
50.15
49.04
48.04
47.51
47.30
49.73
44.24
48.78
49.04
47.25
49.10
48.57
46.88
47.04
46.78
53.47
50.10
43.29
47.83
48.41
51.15
48.88
46.62
49.36
48.46
46.93
48.46
49.41
46.41
44.72
44.67
51.10
47.51
48.78
46.88
46.30
47.57
45.19
48.78
47.46
48.62
47.62
47.78
47.51
47.41
46.62
48.73
46.88
45.19
52.10
50.62
46.93
47.67
47.04
50.41
49.83
45.93
48.46
48.36
47.94
47.30
46.78
45.88
46.62
46.67
50.10
47.04
49.31
51.42
49.10
51.57
48.09
47.46
48.52
46.04
49.94
46.56
47.88
48.57
44.24
46.57
49.73
47.25
48.88
48.30
49.73
49.52
44.98
47.72
47.88
47.99
48.41
49.62
47.99
49.78
46.51
49.31
46.51
47.94
48.52
52.26
47.72
49.31
45.40
48.83
48.04
46.62
50.94
49.41
48.83
48.78
48.04
48.83
47.83
51.79
49.15
46.56
50.68
46.41
45.72
49.89
44.51
45.88
50.68
45.35
46.56
48.36
46.99
48.83
45.46
50.94
49.52
47.67
47.41
47.30
49.68
50.36
47.30
47.41
47.51
47.51
48.46
44.51
48.04
46.62
46.41
47.78
47.25
46.67
45.93
49.78
47.46
49.62
47.62
50.10
48.57
44.35
48.30
47.62
48.73
50.84
46.88
47.78
46.67
46.67
49.57
47.72
47.99
49.89
45.19
47.41
47.57
46.14
48.36
47.62
49.73
47.36
47.20
45.35
48.41
47.99
47.14
46.20
48.73
44.77
49.94
47.25
45.98
48.83
50.57
51.21
47.72
46.41
46.46
47.67
48.30
50.31
45.04
50.57
52.10
46.78
48.62
50.36
49.83
49.73
48.57
43.19
48.62
49.83
46.35
49.20
46.67
49.46
46.14
49.52
50.26
45.46
47.83
48.15
45.77
50.31
49.10
46.88
49.04
45.30
49.15
45.77
47.67
46.46
45.04
48.20
49.41
47.57
51.42
47.67
49.83
47.57
46.25
49.46
45.67
48.41
48.20
45.62
47.36
45.62
47.83
49.78
49.36
48.99
46.46
46.88
45.98
44.82
47.36
48.15
48.73
48.15
49.25
47.30
47.04
47.51
49.36
47.20
43.45
44.85
50.73
46.88
44.56
48.94
45.72
45.93
44.51
46.51
51.10
46.30
51.26
47.14
44.46
49.46
45.88
47.20
48.41
49.41
46.93
49.15
46.62
49.89
46.78
52.58
48.36
49.04
47.83
49.15
46.93
48.83
47.25
47.36
47.25
48.94
48.41
48.67
46.62
49.99
47.25
47.36
48.99
47.57
49.46
47.88
46.83
46.41
51.47
46.56
48.46
50.52
47.30
48.36
50.31
46.67
49.46
49.57
46.88
48.83
48.94
47.83
46.09
46.56
47.88
46.78
45.35
47.14
46.67
48.30
48.15
51.79
46.56
46.93
50.89
50.68
46.25
46.99
50.57
47.67
46.78
48.88
46.62
46.56
50.26
46.88
48.83
46.56
47.51
49.20
46.88
47.62
49.15
46.04
47.51
45.83
49.52
47.78
47.25
48.99
47.41
49.57
47.51
46.88
48.88
47.67
47.94
48.73
48.99
45.25
50.84
44.72
47.04
