0.53
63.38
61.12
102.50
97.00
74.50
85.12
96.25
78.50
78.38
98.75
80.25
74.38
96.50
95.38
89.50
126.50
118.88
115.88
103.38
121.50
119.88
130.25
146.88
152.25
150.75
158.12
103.88
155.88
129.12
175.25
199.38
189.62
220.50
216.62
199.75
296.50
331.88
284.00
343.00
381.50
381.88
381.50
381.25
381.62
381.88
381.00
380.62
382.38
381.88
381.62
381.50
381.25
382.00
381.12
381.62
381.50
381.00
381.88
381.00
381.38
381.25
381.25
381.12
381.00
381.00
381.25
381.25
382.12
381.12
380.88
380.88
381.62
381.75
381.25
382.12
382.38
382.38
383.00
382.25
382.62
382.12
381.62
382.25
382.88
382.88
382.12
382.75
384.88
382.88
382.12
382.75
310.38
259.12
270.50
326.25
288.62
310.00
322.75
305.88
320.50
382.62
382.38
379.46
382.25
381.88
382.25
382.12
382.38
382.25
382.12
382.38
382.50
382.62
382.25
381.75
382.00
382.50
382.25
382.12
382.62
382.75
382.25
383.00
382.00
382.38
381.88
381.88
382.88
382.88
382.62
382.75
382.75
382.50
382.25
382.62
382.88
383.00
382.62
382.88
382.50
382.88
382.38
384.38
383.00
383.00
382.62
382.50
383.00
383.00
382.38
382.62
382.25
316.38
301.50
337.88
378.62
382.50
382.38
382.12
382.25
382.38
381.88
382.88
382.50
382.38
382.25
382.50
383.12
382.88
382.12
382.25
382.75
383.12
382.50
382.62
382.38
382.38
382.38
382.50
381.88
382.38
364.62
283.00
307.00
303.25
307.62
334.12
321.62
326.38
331.50
326.38
361.12
394.62
382.25
381.88
382.75
382.25
386.12
382.25
381.88
382.38
381.50
383.00
382.50
382.50
228.75
258.62
255.62
249.00
269.88
340.25
311.62
319.62
310.50
338.88
324.62
382.75
391.00
382.38
312.50
325.25
329.62
382.00
382.50
382.12
382.62
381.88
383.00
382.50
382.25
382.25
382.62
383.50
382.38
382.50
382.12
382.12
386.88
382.38
382.50
382.62
382.00
382.38
382.38
382.12
381.88
382.00
382.62
382.00
382.50
382.25
382.25
383.25
382.50
382.00
382.75
382.50
383.00
382.50
382.12
382.62
382.62
383.00
382.62
383.00
382.38
382.38
383.12
382.88
382.00
382.00
378.71
383.12
382.50
382.38
382.88
382.38
385.12
382.12
382.38
382.62
382.00
383.25
382.62
382.38
382.12
382.25
382.50
382.38
382.25
382.75
382.12
382.00
382.00
382.12
382.00
382.00
382.12
382.50
382.75
383.00
382.75
383.38
382.12
382.12
381.62
382.00
382.38
382.50
383.00
382.00
382.62
382.88
381.75
382.38
382.12
382.62
382.62
382.38
382.12
382.38
382.12
383.50
382.12
382.25
382.25
382.50
382.88
383.12
381.88
382.62
383.00
383.25
381.88
382.00
382.25
382.38
386.50
382.25
382.38
382.88
382.12
382.50
382.25
382.25
382.75
382.25
382.88
382.25
382.62
382.88
382.88
383.38
382.62
382.88
382.38
382.50
284.38
83.00
58.13
50.75
47.75
47.62
48.75
49.12
48.50
48.25
47.88
48.25
47.38
47.62
48.38
48.62
47.75
48.62
47.25
47.25
47.75
48.88
47.88
50.75
47.62
49.50
49.00
48.62
48.00
48.12
48.00
49.00
48.75
49.25
48.50
48.25
47.38
47.50
48.88
47.25
48.50
48.50
48.62
48.38
48.62
48.50
49.00
49.12
48.25
48.12
49.00
47.88
48.88
49.12
49.62
48.50
48.88
48.38
48.75
48.62
48.88
48.25
48.75
49.00
48.38
48.38
49.12
48.12
49.50
48.75
49.00
50.75
48.50
48.88
49.38
50.25
48.25
48.62
49.25
49.50
48.25
50.75
49.50
49.12
48.64
49.25
49.75
49.62
49.62
50.25
48.88
49.25
49.50
49.88
48.50
49.88
48.88
50.50
49.12
49.75
49.25
49.00
49.75
49.38
49.62
50.12
49.50
49.50
50.25
49.75
50.62
50.38
49.25
49.25
50.50
50.88
49.12
49.75
50.00
49.62
49.88
50.00
49.62
49.88
49.88
49.75
49.75
50.25
51.00
49.50
49.38
50.25
51.00
50.88
51.25
50.88
49.62
50.50
49.88
49.75
50.25
50.25
50.38
51.50
50.00
49.75
49.38
51.38
50.00
50.25
50.25
50.75
50.12
51.50
50.62
51.00
51.12
50.62
50.62
50.00
51.25
51.50
51.25
50.75
50.25
50.88
51.38
49.75
51.38
51.62
49.62
51.62
51.25
50.25
51.00
51.00
51.62
50.25
51.62
50.50
51.75
50.25
51.50
51.00
51.00
50.75
51.38
50.00
51.50
51.38
50.38
51.00
51.00
51.12
51.38
52.12
50.38
50.88
51.50
51.50
51.12
51.38
51.50
52.50
50.38
51.50
52.50
52.12
51.50
51.75
51.50
52.00
53.25
51.12
52.88
51.75
51.12
52.12
52.38
51.12
52.38
51.50
52.00
52.50
51.88
51.75
52.62
51.25
52.75
52.12
53.37
52.75
52.62
52.38
52.88
52.12
52.00
52.62
52.50
53.75
51.50
52.62
52.12
52.62
52.12
53.00
52.62
53.12
51.88
52.38
52.25
52.00
56.00
51.75
52.38
55.25
53.12
51.49
52.88
52.75
53.25
52.62
52.62
53.25
53.00
52.62
53.75
53.37
53.25
53.62
54.00
54.87
53.25
53.00
54.00
52.75
53.37
53.25
52.62
54.50
53.00
54.75
53.50
55.00
53.50
53.75
54.12
54.37
53.62
53.00
54.25
54.00
54.00
55.25
53.75
53.50
53.87
54.25
53.62
55.50
53.87
54.62
54.50
55.12
54.87
57.50
54.75
54.50
53.75
54.25
55.00
54.75
54.62
53.50
54.87
54.50
54.87
55.50
55.50
55.75
54.25
54.87
54.00
54.87
54.62
56.88
56.62
54.62
55.00
55.00
54.25
55.00
56.12
55.00
55.88
54.00
55.38
54.75
55.50
54.50
56.25
54.75
54.00
55.62
55.00
55.25
55.00
55.25
55.00
55.50
56.38
56.50
55.00
55.75
56.00
55.00
55.88
55.62
56.38
56.12
55.38
55.25
54.12
57.25
55.50
56.25
56.88
55.38
56.25
57.38
56.00
55.62
57.00
57.00
55.88
55.75
55.75
55.50
55.88
58.13
55.88
56.75
55.12
56.38
56.50
57.12
55.88
55.88
57.00
56.38
56.12
57.12
55.62
56.25
58.00
57.75
56.62
57.12
56.12
57.00
58.00
57.88
56.88
56.75
56.00
58.13
57.63
56.88
56.50
57.75
57.75
56.88
57.12
57.75
57.75
57.63
56.12
58.13
56.62
57.50
57.12
57.63
58.13
58.63
57.50
57.88
57.00
58.63
58.63
57.50
58.13
58.00
57.55
56.75
59.75
57.00
57.75
58.38
57.12
58.50
58.00
59.62
58.13
58.50
58.88
58.63
58.13
58.38
58.25
59.62
58.63
57.38
58.50
58.63
59.38
59.62
59.00
59.88
57.88
58.38
58.88
59.50
59.00
58.50
58.50
59.62
59.25
59.50
59.25
60.25
59.25
59.25
60.50
59.13
60.38
59.00
60.25
58.38
60.62
60.00
59.13
59.00
59.13
59.38
60.25
59.38
60.25
60.50
60.25
59.62
60.00
59.88
58.63
60.00
61.12
59.62
65.75
61.38
61.12
60.62
60.88
61.38
60.88
61.00
60.38
61.00
61.38
60.12
61.88
59.25
61.62
60.62
60.75
63.38
60.88
62.00
61.12
61.38
61.00
61.38
63.38
60.88
60.00
63.25
63.75
62.88
63.38
62.00
61.38
63.62
62.50
60.62
61.50
62.12
61.25
60.75
61.00
61.38
60.88
62.00
61.00
61.12
60.62
61.62
62.12
61.75
61.38
64.12
62.25
62.00
61.50
61.38
62.75
61.62
63.00
63.12
62.25
64.25
63.50
63.88
62.88
62.62
62.50
63.12
62.12
63.50
62.62
64.00
63.50
63.38
63.00
64.00
63.00
63.25
63.88
64.12
64.00
62.62
62.62
62.62
64.62
63.88
63.62
65.25
64.25
63.50
64.50
63.38
65.00
63.25
64.62
63.62
66.00
65.88
63.62
63.25
64.88
63.88
64.12
64.12
64.75
66.50
63.38
65.62
64.00
63.74
64.88
63.75
66.50
64.38
64.50
65.25
65.25
64.12
64.50
65.38
64.50
67.38
65.50
64.25
64.12
66.00
65.88
67.25
65.00
65.88
65.25
66.75
65.38
65.62
64.50
66.50
66.88
66.75
66.00
66.12
64.50
68.00
65.00
66.88
65.25
65.25
67.50
65.12
65.50
66.00
67.38
65.75
66.25
66.75
67.38
66.25
69.50
68.25
66.62
66.25
67.75
67.88
66.25
67.12
69.00
68.50
67.00
67.50
66.75
68.00
68.62
67.25
66.88
67.12
67.25
69.00
68.25
70.25
67.50
67.50
67.38
68.25
67.38
67.88
67.88
68.38
70.75
68.88
68.12
68.12
68.88
68.00
69.75
68.62
69.12
68.88
68.12
68.00
69.88
68.75
68.88
69.12
70.00
70.00
68.88
69.12
69.88
68.25
71.38
70.38
69.38
69.50
70.38
68.75
70.75
69.50
69.62
68.75
71.00
69.50
71.38
74.12
71.50
71.62
72.75
71.38
71.25
71.00
71.12
71.12
69.50
70.38
70.62
71.12
69.25
71.62
74.12
72.25
71.38
71.25
71.12
72.00
71.00
71.88
70.62
71.88
70.75
72.38
72.88
72.50
72.88
72.00
73.38
71.50
73.75
71.88
72.12
72.00
71.25
71.75
72.62
71.75
72.88
74.88
73.00
73.75
72.88
73.00
74.00
74.25
72.62
73.62
73.25
73.88
73.38
73.38
73.62
73.88
74.00
73.12
74.00
75.00
74.25
73.50
73.75
72.28
73.62
76.88
74.50
73.75
73.25
74.88
74.75
74.00
74.75
76.62
74.50
73.88
74.88
78.38
77.12
76.50
74.75
76.25
76.38
74.88
75.88
74.88
74.62
79.00
75.88
76.25
76.12
78.25
75.25
76.12
77.62
78.88
76.88
76.88
76.50
76.62
76.62
78.88
77.00
78.88
76.88
76.75
77.88
80.00
78.38
77.62
80.25
77.88
79.25
82.62
79.62
79.12
80.75
79.12
79.75
78.75
80.25
81.12
79.88
79.62
80.12
78.12
80.50
79.88
77.00
78.25
78.62
80.62
82.00
79.38
82.62
79.62
80.62
78.75
79.62
80.50
79.25
80.12
81.75
80.25
79.00
82.00
82.00
78.38
80.88
82.00
80.25
80.50
80.62
81.38
81.50
82.12
80.88
82.88
82.50
81.38
82.75
83.38
82.00
83.75
82.50
81.75
82.00
83.25
82.00
81.62
82.50
82.00
82.62
84.62
85.25
82.38
83.62
82.62
87.00
84.25
88.25
84.50
87.00
85.75
85.50
85.38
86.75
85.12
85.62
85.00
84.12
88.88
87.12
85.62
87.25
85.00
86.38
86.12
87.75
85.62
85.88
85.88
88.62
87.50
87.00
86.75
87.38
86.00
88.50
89.75
87.12
88.38
87.88
87.50
86.88
88.50
89.00
88.00
88.50
89.12
87.50
90.12
90.62
90.12
89.12
90.62
89.12
90.12
90.75
89.25
89.50
91.62
90.38
88.25
91.38
89.11
89.88
90.50
90.50
91.88
91.00
91.00
89.88
91.62
91.88
91.75
93.62
91.88
91.25
92.62
91.75
93.00
92.62
92.88
91.25
92.75
94.75
91.88
92.12
93.75
92.62
93.38
92.62
93.12
96.62
93.75
94.62
95.25
92.62
99.00
94.88
98.00
95.12
94.88
95.25
97.50
95.75
97.25
96.00
95.88
97.75
96.88
97.25
96.12
99.00
95.62
96.00
100.12
98.62
97.75
98.38
99.00
98.25
96.62
97.88
101.00
100.63
98.75
100.63
100.12
102.00
100.12
101.75
99.75
99.50
101.12
101.00
103.38
100.63
100.63
99.88
103.62
100.37
101.88
104.12
104.38
105.00
104.00
105.00
102.25
101.50
102.88
103.62
105.38
105.12
104.38
105.12
103.12
104.38
103.25
107.00
105.12
108.00
107.50
106.50
107.12
108.00
105.88
106.75
108.00
104.50
107.38
104.25
110.38
107.25
106.50
106.88
111.00
105.50
110.75
107.12
108.62
108.50
108.00
109.75
115.00
109.62
111.25
110.75
109.25
111.00
108.75
113.62
114.75
113.38
111.87
113.25
113.38
112.25
113.50
118.50
113.62
114.75
115.62
117.38
117.75
115.13
116.50
114.62
114.62
117.50
118.00
116.25
117.50
116.62
118.88
118.25
119.50
117.75
119.25
118.50
122.12
122.00
122.50
120.00
117.12
120.75
121.12
121.50
123.37
121.50
125.25
123.37
124.25
125.00
125.00
124.75
122.75
124.75
125.75
127.38
128.38
126.25
127.50
127.00
127.12
127.75
128.38
127.12
127.12
131.25
129.88
132.38
132.25
128.38
130.50
131.88
130.50
138.25
130.88
135.50
134.12
132.38
132.00
136.38
133.38
131.25
131.12
139.12
136.88
132.88
134.38
143.62
140.88
137.75
137.00
142.50
139.38
139.62
143.62
139.12
140.88
146.50
142.75
151.75
144.62
147.50
146.12
148.25
150.25
148.75
147.38
147.50
152.25
150.75
147.12
152.38
147.12
153.75
155.50
155.25
156.75
157.38
156.88
158.50
158.50
149.62
158.75
158.12
147.38
144.88
163.75
153.88
160.88
147.88
167.12
147.88
168.25
162.75
161.25
169.88
163.00
171.00
167.88
167.12
174.12
171.25
175.62
174.62
177.12
172.50
178.75
179.62
179.75
175.75
179.00
182.88
188.38
189.12
189.12
189.50
188.62
188.75
192.38
194.50
195.12
196.62
195.88
200.38
201.62
199.88
202.25
202.50
202.75
204.62
204.00
214.00
209.25
212.88
211.00
212.75
218.62
218.25
215.00
220.00
224.50
215.50
231.12
227.13
237.88
234.25
231.62
233.75
238.75
239.75
233.38
245.00
259.00
257.50
258.50
259.25
262.88
262.12
261.88
271.12
281.50
283.38
284.75
288.88
284.12
287.38
294.25
304.00
323.12
316.62
332.00
329.75
332.00
343.62
353.75
350.00
361.38
352.25
363.50
361.12
358.75
368.12
374.12
360.88
