2.25
403.00
495.50
495.00
495.00
495.50
495.00
495.50
495.00
495.00
495.50
495.00
495.00
495.50
495.50
495.00
495.50
490.59
495.50
495.50
495.50
495.00
495.50
495.50
495.00
495.50
495.50
495.50
495.50
495.00
495.50
495.00
495.50
495.00
495.50
495.00
495.50
495.50
495.00
495.50
495.50
495.50
496.00
495.50
495.50
495.50
495.50
495.50
495.50
495.50
496.00
495.50
495.00
496.00
495.00
495.00
495.50
495.50
495.50
495.50
495.50
496.00
495.00
495.50
495.50
495.50
495.50
495.50
495.50
495.50
495.00
495.50
496.00
495.50
495.00
495.50
495.50
496.00
495.00
495.50
495.50
496.00
495.50
495.50
495.50
495.50
495.00
495.50
495.50
495.50
495.50
495.50
495.50
495.50
495.50
495.50
495.00
496.00
495.00
495.50
495.50
495.50
495.50
496.00
495.00
495.50
495.50
495.50
495.50
495.50
495.50
495.00
495.50
496.00
495.50
495.00
495.00
495.50
496.00
495.50
495.50
495.50
495.50
495.00
495.50
496.00
495.00
495.50
495.50
495.50
495.50
495.50
496.00
495.50
495.00
495.50
495.50
495.50
495.50
495.50
495.50
495.00
495.50
495.50
495.50
495.50
495.50
495.00
495.50
495.50
495.00
495.50
495.00
495.50
495.00
495.50
495.50
495.50
495.00
495.50
495.50
495.50
495.50
495.50
495.50
495.00
495.50
495.00
495.50
495.50
495.00
495.50
496.00
495.00
495.00
495.50
495.50
495.00
495.50
495.50
495.00
496.00
495.00
495.50
495.50
495.00
490.59
495.50
495.00
495.50
495.50
495.50
495.50
495.50
495.50
495.00
495.50
496.00
495.50
495.00
495.50
495.50
495.50
495.00
495.50
496.00
495.00
495.50
495.00
495.50
495.50
495.50
496.00
495.50
495.00
495.50
495.50
505.50
495.50
495.50
495.00
495.50
495.50
495.50
495.50
495.50
495.50
500.00
495.50
495.50
495.00
495.50
495.50
495.50
495.50
495.50
495.50
495.50
495.50
495.50
495.50
495.50
495.50
495.50
495.00
495.50
495.50
495.50
495.00
496.00
495.00
495.50
495.50
496.00
495.00
495.50
495.50
495.50
495.50
495.00
495.50
495.50
497.50
495.50
495.50
495.00
495.50
496.00
495.00
495.50
495.50
496.00
495.00
495.50
495.00
495.00
495.50
496.00
495.00
495.50
495.50
495.50
496.00
495.00
495.50
495.50
495.50
495.50
495.50
495.50
495.50
495.50
495.50
495.50
495.50
495.00
495.50
495.50
495.50
495.00
495.50
495.00
505.00
495.50
495.50
495.00
495.50
497.50
495.50
495.50
495.00
496.00
495.50
495.50
495.00
495.50
495.00
495.50
495.50
495.00
495.50
495.50
495.00
495.50
495.50
495.00
495.50
495.00
495.00
496.00
495.00
495.50
495.50
495.00
495.00
495.50
495.50
495.00
495.50
495.00
495.50
495.50
500.50
495.00
495.50
495.50
495.00
496.00
495.00
496.00
495.00
495.00
496.00
495.00
495.50
495.50
495.50
490.59
495.50
495.50
495.00
495.50
495.50
495.50
495.50
495.50
495.50
496.00
495.00
495.50
495.00
495.50
495.50
495.50
495.00
495.50
495.00
495.50
495.50
495.50
495.50
495.50
495.50
495.50
495.00
495.50
495.00
496.00
495.00
495.50
495.50
495.50
495.50
495.50
495.00
495.00
495.50
496.00
495.00
495.50
495.00
495.50
495.50
495.50
495.50
495.00
496.00
495.00
495.50
495.50
495.00
495.00
496.00
495.50
495.00
495.50
495.00
495.50
495.50
495.50
495.00
495.50
495.50
495.00
495.00
495.50
495.00
495.50
495.00
495.50
495.00
495.00
502.50
495.00
495.50
495.00
495.00
495.50
495.50
495.50
495.00
495.50
495.50
495.00
495.50
495.00
495.50
500.50
495.00
496.00
495.00
495.50
495.50
495.00
495.00
495.50
495.50
495.50
495.00
495.50
495.00
496.00
495.50
495.50
495.50
495.50
495.00
495.50
495.50
495.50
495.00
495.50
495.50
495.50
495.50
495.00
