read_job: (g=0): rw=read, bs=128K-128K/128K-128K/128K-128K, ioengine=libaio, iodepth=1
fio-2.1.10
Starting 1 process

read_job: (groupid=0, jobs=1): err= 0: pid=29197: Sun Dec  6 00:56:02 2015
  read : io=235520MB, bw=418878KB/s, iops=3272, runt=575758msec
    slat (usec): min=4, max=101, avg=25.45, stdev= 3.15
    clat (usec): min=214, max=2099, avg=277.25, stdev= 3.38
     lat (usec): min=252, max=2167, avg=302.99, stdev= 5.08
    clat percentiles (usec):
     |  1.00th=[  258],  5.00th=[  278], 10.00th=[  278], 20.00th=[  278],
     | 30.00th=[  278], 40.00th=[  278], 50.00th=[  278], 60.00th=[  278],
     | 70.00th=[  278], 80.00th=[  278], 90.00th=[  278], 95.00th=[  278],
     | 99.00th=[  286], 99.50th=[  286], 99.90th=[  298], 99.95th=[  310],
     | 99.99th=[  326]
    bw (KB  /s): min=414976, max=449792, per=100.00%, avg=419010.39, stdev=2737.23
    lat (usec) : 250=0.01%, 500=99.99%, 750=0.01%
    lat (msec) : 2=0.01%, 4=0.01%
  cpu          : usr=1.95%, sys=11.84%, ctx=1898872, majf=0, minf=60
  IO depths    : 1=100.0%, 2=0.0%, 4=0.0%, 8=0.0%, 16=0.0%, 32=0.0%, >=64=0.0%
     submit    : 0=0.0%, 4=100.0%, 8=0.0%, 16=0.0%, 32=0.0%, 64=0.0%, >=64=0.0%
     complete  : 0=0.0%, 4=100.0%, 8=0.0%, 16=0.0%, 32=0.0%, 64=0.0%, >=64=0.0%
     issued    : total=r=1884160/w=0/d=0, short=r=0/w=0/d=0
     latency   : target=0, window=0, percentile=100.00%, depth=1

Run status group 0 (all jobs):
   READ: io=235520MB, aggrb=418878KB/s, minb=418878KB/s, maxb=418878KB/s, mint=575758msec, maxt=575758msec

Disk stats (read/write):
  sda: ios=1883489/0, merge=0/0, ticks=457604/0, in_queue=454136, util=78.95%
