850Pro_randread_job: (g=0): rw=randread, bs=8K-8K/8K-8K/8K-8K, ioengine=libaio, iodepth=32
fio-2.1.10
Starting 1 process

850Pro_randread_job: (groupid=0, jobs=1): err= 0: pid=29002: Sun Dec  6 00:43:02 2015
  read : io=235520MB, bw=393052KB/s, iops=49131, runt=613590msec
    slat (usec): min=1, max=223, avg= 9.89, stdev= 3.26
    clat (usec): min=249, max=2733, avg=638.81, stdev=85.64
     lat (usec): min=255, max=2738, avg=649.09, stdev=85.62
    clat percentiles (usec):
     |  1.00th=[  466],  5.00th=[  516], 10.00th=[  548], 20.00th=[  572],
     | 30.00th=[  596], 40.00th=[  612], 50.00th=[  628], 60.00th=[  652],
     | 70.00th=[  668], 80.00th=[  700], 90.00th=[  748], 95.00th=[  796],
     | 99.00th=[  900], 99.50th=[  940], 99.90th=[ 1064], 99.95th=[ 1112],
     | 99.99th=[ 1224]
    bw (KB  /s): min=389968, max=397664, per=100.00%, avg=393065.10, stdev=984.70
    lat (usec) : 250=0.01%, 500=2.97%, 750=87.26%, 1000=9.54%
    lat (msec) : 2=0.22%, 4=0.01%
  cpu          : usr=14.59%, sys=61.54%, ctx=5942739, majf=0, minf=90
  IO depths    : 1=0.1%, 2=0.1%, 4=0.1%, 8=0.1%, 16=0.1%, 32=100.0%, >=64=0.0%
     submit    : 0=0.0%, 4=100.0%, 8=0.0%, 16=0.0%, 32=0.0%, 64=0.0%, >=64=0.0%
     complete  : 0=0.0%, 4=100.0%, 8=0.0%, 16=0.0%, 32=0.1%, 64=0.0%, >=64=0.0%
     issued    : total=r=30146560/w=0/d=0, short=r=0/w=0/d=0
     latency   : target=0, window=0, percentile=100.00%, depth=32

Run status group 0 (all jobs):
   READ: io=235520MB, aggrb=393051KB/s, minb=393051KB/s, maxb=393051KB/s, mint=613590msec, maxt=613590msec

Disk stats (read/write):
  sda: ios=30144574/0, merge=0/0, ticks=19039548/0, in_queue=19043952, util=100.00%
