2.04
328.75
406.75
407.25
407.50
407.00
407.88
407.12
407.12
407.75
407.25
407.50
407.00
407.75
406.87
406.87
411.12
407.12
406.87
406.62
407.12
419.75
407.00
406.75
407.50
408.00
407.88
407.75
407.62
407.38
407.62
408.38
407.25
407.00
403.47
406.87
407.12
406.62
407.25
407.62
407.88
407.50
407.62
407.38
407.50
408.12
407.62
406.75
407.00
406.62
407.88
409.75
408.88
408.38
408.62
408.25
411.00
408.88
408.75
408.12
408.50
409.25
408.25
408.00
408.38
408.62
409.25
408.62
408.38
408.50
408.38
409.00
408.38
409.25
408.75
408.38
409.50
408.50
408.50
408.25
408.38
408.38
408.62
408.38
408.25
408.50
413.88
408.50
408.75
408.25
408.12
407.88
408.50
409.00
409.00
408.38
409.75
408.38
408.62
408.75
409.00
409.38
408.75
409.00
408.62
408.75
408.75
408.25
408.38
408.75
408.88
409.12
408.62
408.62
408.75
408.62
410.00
409.50
408.62
408.50
409.00
409.00
408.50
408.25
408.25
408.62
409.38
408.00
408.12
408.75
409.00
409.00
407.88
409.12
408.88
408.12
410.25
408.25
409.12
408.38
408.62
409.63
408.38
408.75
408.38
409.12
408.75
408.25
408.50
408.25
407.88
407.88
408.50
408.38
408.25
408.00
409.25
408.62
408.88
408.38
408.62
409.75
408.88
408.62
408.50
408.38
409.38
408.50
408.50
409.25
408.75
409.12
408.12
408.62
408.25
408.62
412.12
408.88
408.62
408.62
408.88
408.75
408.38
408.00
408.38
408.25
415.25
408.50
408.62
408.88
408.12
409.50
408.50
408.62
408.75
408.25
410.50
408.50
408.62
408.12
404.70
410.38
408.12
409.12
408.88
408.62
416.25
408.38
408.62
408.38
408.88
408.25
408.62
408.25
408.62
408.88
419.12
409.12
409.12
408.62
408.62
410.50
408.50
408.12
408.12
408.38
428.25
408.62
408.75
408.38
408.25
412.62
408.50
408.50
408.62
408.75
408.88
409.00
408.62
408.62
408.50
409.38
408.38
408.50
409.12
408.50
419.50
408.38
408.88
409.12
408.62
409.75
409.00
409.25
409.50
408.75
410.00
408.50
408.62
408.75
408.38
408.88
408.62
408.38
408.12
408.50
412.38
408.25
409.00
408.38
408.62
408.88
408.12
408.75
408.50
408.75
412.62
408.38
408.12
408.25
408.00
408.75
408.88
408.88
408.88
409.38
409.75
408.50
408.62
408.75
408.50
411.37
408.25
408.38
408.88
408.75
409.38
409.12
408.88
408.75
408.75
408.50
408.62
407.88
408.75
408.38
411.75
408.25
408.62
408.75
409.00
408.50
408.62
409.38
408.75
408.38
413.00
408.50
408.75
407.75
408.50
409.50
408.38
408.25
408.38
408.62
409.12
408.00
408.50
408.50
409.00
409.50
408.88
409.00
408.62
408.62
408.38
408.25
408.75
407.62
408.38
410.25
408.50
409.25
409.38
409.12
411.62
408.75
408.38
408.75
409.00
411.37
408.38
408.12
408.62
408.25
414.13
409.00
408.62
408.25
409.50
409.50
408.62
408.38
404.83
408.88
408.38
408.50
409.00
408.38
408.75
408.50
408.75
409.25
408.75
408.50
409.75
408.88
408.62
408.75
408.88
409.38
408.00
408.75
408.62
408.75
412.38
408.88
409.38
408.88
408.88
410.50
409.00
408.38
408.75
408.50
408.88
408.38
409.12
408.12
408.50
414.88
408.75
409.00
408.50
409.00
415.75
409.25
409.00
408.75
408.50
410.75
408.38
408.38
408.50
408.75
415.00
409.00
408.38
408.75
408.50
409.25
408.12
408.62
408.50
408.38
410.00
408.62
408.25
409.00
408.50
414.38
408.38
408.50
408.50
408.50
411.75
408.38
409.00
408.50
408.25
409.63
408.38
408.38
408.75
409.00
408.38
408.12
408.38
408.50
408.62
407.88
408.88
409.00
408.25
408.12
408.50
408.62
407.88
407.88
408.25
408.38
408.38
408.25
408.50
408.38
415.12
408.38
408.38
408.38
408.50
417.75
409.38
409.12
409.38
408.88
409.38
409.38
409.00
408.75
408.62
412.62
408.12
408.25
408.75
408.25
412.38
408.62
408.75
409.00
408.62
413.50
409.38
409.63
408.62
408.75
419.75
408.12
408.75
408.00
408.50
409.63
408.25
408.62
408.88
408.88
413.00
408.25
408.25
408.38
408.00
408.12
408.75
408.38
408.00
408.50
409.50
408.25
408.12
408.25
408.12
417.00
408.88
408.38
408.38
408.62
428.38
408.12
404.08
408.50
409.00
409.50
408.75
409.00
408.88
408.50
409.75
408.62
409.12
408.50
408.12
410.87
409.12
408.38
409.00
408.50
419.88
408.38
408.62
409.12
408.75
409.12
408.50
408.75
408.50
408.12
410.00
408.50
408.75
408.25
407.88
419.50
408.50
408.50
408.50
408.50
409.63
408.00
408.50
408.62
409.00
413.63
408.25
408.75
408.75
408.62
420.38
