850Pro_randwrite_job: (g=0): rw=randwrite, bs=4K-4K/4K-4K/4K-4K, ioengine=libaio, iodepth=32
fio-2.1.10
Starting 1 process

850Pro_randwrite_job: (groupid=0, jobs=1): err= 0: pid=24878: Fri Dec  4 05:35:51 2015
  write: io=235520MB, bw=280414KB/s, iops=70103, runt=860058msec
    slat (usec): min=1, max=167, avg= 5.52, stdev= 2.91
    clat (usec): min=74, max=2269, avg=449.79, stdev= 8.55
     lat (usec): min=75, max=2276, avg=455.46, stdev= 7.45
    clat percentiles (usec):
     |  1.00th=[  430],  5.00th=[  438], 10.00th=[  442], 20.00th=[  442],
     | 30.00th=[  446], 40.00th=[  450], 50.00th=[  450], 60.00th=[  454],
     | 70.00th=[  454], 80.00th=[  458], 90.00th=[  458], 95.00th=[  458],
     | 99.00th=[  462], 99.50th=[  470], 99.90th=[  502], 99.95th=[  524],
     | 99.99th=[  556]
    bw (KB  /s): min=277312, max=281680, per=100.00%, avg=280418.74, stdev=513.71
    lat (usec) : 100=0.01%, 250=0.01%, 500=99.89%, 750=0.11%, 1000=0.01%
    lat (msec) : 2=0.01%, 4=0.01%
  cpu          : usr=15.80%, sys=52.46%, ctx=36525789, majf=0, minf=25
  IO depths    : 1=0.1%, 2=0.1%, 4=0.1%, 8=0.1%, 16=0.1%, 32=100.0%, >=64=0.0%
     submit    : 0=0.0%, 4=100.0%, 8=0.0%, 16=0.0%, 32=0.0%, 64=0.0%, >=64=0.0%
     complete  : 0=0.0%, 4=100.0%, 8=0.0%, 16=0.0%, 32=0.1%, 64=0.0%, >=64=0.0%
     issued    : total=r=0/w=60293120/d=0, short=r=0/w=0/d=0
     latency   : target=0, window=0, percentile=100.00%, depth=32

Run status group 0 (all jobs):
  WRITE: io=235520MB, aggrb=280414KB/s, minb=280414KB/s, maxb=280414KB/s, mint=860058msec, maxt=860058msec

Disk stats (read/write):
  sda: ios=84/60288906, merge=0/0, ticks=4/26878816, in_queue=26928728, util=100.00%
