write_job: (g=0): rw=write, bs=128K-128K/128K-128K/128K-128K, ioengine=libaio, iodepth=1
fio-2.1.10
Starting 1 process

write_job: (groupid=0, jobs=1): err= 0: pid=26969: Sat Dec  5 12:27:33 2015
  write: io=235520MB, bw=145824KB/s, iops=1139, runt=1653859msec
    slat (usec): min=6, max=108, avg=35.77, stdev= 9.03
    clat (usec): min=231, max=11923, avg=837.40, stdev=1210.37
     lat (usec): min=270, max=11972, avg=873.63, stdev=1214.45
    clat percentiles (usec):
     |  1.00th=[  278],  5.00th=[  294], 10.00th=[  294], 20.00th=[  294],
     | 30.00th=[  294], 40.00th=[  294], 50.00th=[  294], 60.00th=[  478],
     | 70.00th=[  564], 80.00th=[  740], 90.00th=[ 2224], 95.00th=[ 3824],
     | 99.00th=[ 6240], 99.50th=[ 6432], 99.90th=[ 6560], 99.95th=[ 6560],
     | 99.99th=[ 6688]
    bw (KB  /s): min=47616, max=416256, per=100.00%, avg=146042.63, stdev=126503.23
    lat (usec) : 250=0.01%, 500=60.66%, 750=19.44%, 1000=2.96%
    lat (msec) : 2=5.90%, 4=6.41%, 10=4.63%, 20=0.01%
  cpu          : usr=2.14%, sys=4.59%, ctx=1905239, majf=0, minf=27
  IO depths    : 1=100.0%, 2=0.0%, 4=0.0%, 8=0.0%, 16=0.0%, 32=0.0%, >=64=0.0%
     submit    : 0=0.0%, 4=100.0%, 8=0.0%, 16=0.0%, 32=0.0%, 64=0.0%, >=64=0.0%
     complete  : 0=0.0%, 4=100.0%, 8=0.0%, 16=0.0%, 32=0.0%, 64=0.0%, >=64=0.0%
     issued    : total=r=0/w=1884160/d=0, short=r=0/w=0/d=0
     latency   : target=0, window=0, percentile=100.00%, depth=1

Run status group 0 (all jobs):
  WRITE: io=235520MB, aggrb=145824KB/s, minb=145824KB/s, maxb=145824KB/s, mint=1653859msec, maxt=1653859msec

Disk stats (read/write):
  sda: ios=84/1883842, merge=0/0, ticks=0/1549240, in_queue=1546312, util=93.56%
