read_job: (g=0): rw=read, bs=128K-128K/128K-128K/128K-128K, ioengine=libaio, iodepth=1
fio-2.1.10
Starting 1 process

fio: terminating on signal 2

read_job: (groupid=0, jobs=1): err= 0: pid=28890: Sun Dec  6 00:27:28 2015
  read : io=626176KB, bw=412229KB/s, iops=3220, runt=  1519msec
    slat (usec): min=19, max=88, avg=27.60, stdev= 2.30
    clat (usec): min=259, max=2164, avg=279.74, stdev=27.36
     lat (usec): min=283, max=2258, avg=307.66, stdev=28.40
    clat percentiles (usec):
     |  1.00th=[  278],  5.00th=[  278], 10.00th=[  278], 20.00th=[  278],
     | 30.00th=[  278], 40.00th=[  278], 50.00th=[  278], 60.00th=[  278],
     | 70.00th=[  278], 80.00th=[  282], 90.00th=[  282], 95.00th=[  282],
     | 99.00th=[  286], 99.50th=[  294], 99.90th=[  394], 99.95th=[  398],
     | 99.99th=[ 2160]
    bw (KB  /s): min=410368, max=413440, per=100.00%, avg=412416.00, stdev=1773.62
    lat (usec) : 500=99.98%
    lat (msec) : 4=0.02%
  cpu          : usr=1.65%, sys=13.04%, ctx=4928, majf=0, minf=60
  IO depths    : 1=100.0%, 2=0.0%, 4=0.0%, 8=0.0%, 16=0.0%, 32=0.0%, >=64=0.0%
     submit    : 0=0.0%, 4=100.0%, 8=0.0%, 16=0.0%, 32=0.0%, 64=0.0%, >=64=0.0%
     complete  : 0=0.0%, 4=100.0%, 8=0.0%, 16=0.0%, 32=0.0%, 64=0.0%, >=64=0.0%
     issued    : total=r=4892/w=0/d=0, short=r=0/w=0/d=0
     latency   : target=0, window=0, percentile=100.00%, depth=1

Run status group 0 (all jobs):
   READ: io=626176KB, aggrb=412229KB/s, minb=412229KB/s, maxb=412229KB/s, mint=1519msec, maxt=1519msec

Disk stats (read/write):
  sda: ios=4509/0, merge=0/0, ticks=1244/0, in_queue=1244, util=82.93%
