2.14
368.50
454.00
453.50
452.50
455.00
454.00
453.50
453.50
453.00
470.50
453.00
453.50
452.50
453.50
454.00
454.00
452.50
453.50
454.50
455.00
453.50
453.50
453.00
454.00
454.00
454.00
454.00
453.50
453.00
454.50
454.50
454.00
454.00
454.00
455.00
454.00
453.00
453.50
454.50
471.50
453.00
454.00
454.00
453.50
460.00
454.50
454.00
454.50
453.00
459.50
455.00
454.50
453.00
454.00
455.50
454.00
454.50
454.00
453.50
455.00
453.00
454.50
454.50
453.50
453.00
453.50
454.50
453.50
454.00
458.50
453.00
454.50
453.00
454.50
455.00
454.50
453.50
454.00
454.50
475.00
454.00
453.50
453.50
454.50
454.50
453.50
454.50
454.00
453.50
455.00
455.00
454.00
454.00
453.50
454.00
454.00
454.50
453.50
455.00
462.50
452.50
454.50
454.50
453.50
454.50
454.00
454.00
454.00
453.00
455.00
454.00
454.50
454.00
454.00
454.00
454.50
453.50
454.00
453.50
455.00
453.00
454.50
454.00
454.00
473.00
453.00
454.00
453.50
454.50
455.00
454.50
453.00
453.00
454.50
454.50
453.50
453.50
454.50
454.00
455.00
454.50
454.00
454.00
454.00
453.00
453.00
454.50
454.00
453.00
454.00
454.50
453.00
449.01
453.50
455.00
453.50
453.50
454.50
455.00
474.50
453.00
453.50
453.50
454.50
453.00
453.50
453.50
453.00
453.50
454.50
454.50
453.50
453.00
454.50
455.50
454.50
454.00
453.50
453.50
455.00
454.00
453.50
454.50
454.00
456.00
454.00
455.00
454.50
454.00
454.50
454.50
454.00
452.50
454.00
454.50
453.50
453.50
453.00
454.50
455.00
454.50
453.50
454.00
454.50
455.00
453.50
454.00
453.50
453.50
460.50
454.50
454.00
453.50
453.50
455.50
454.00
453.50
453.50
454.00
458.50
453.50
453.50
454.00
453.50
471.50
454.00
453.50
454.00
452.50
454.50
453.50
453.50
453.00
454.00
467.00
454.50
454.00
453.50
454.00
459.00
454.50
453.50
454.50
454.00
464.00
453.50
455.00
453.50
453.00
456.00
454.00
454.50
453.00
454.00
454.50
455.50
453.00
455.00
454.00
462.00
454.00
453.50
454.50
454.00
459.50
454.00
454.50
453.50
453.00
455.00
454.50
454.00
453.50
454.00
455.00
454.00
454.00
454.00
455.00
458.50
453.00
455.00
454.00
453.00
453.00
453.00
453.50
454.50
453.00
455.00
453.50
454.00
453.00
454.00
457.00
454.00
453.50
454.00
453.50
455.50
453.50
454.50
454.00
454.00
454.00
454.00
455.50
454.00
453.00
463.00
453.50
455.00
453.00
454.50
455.00
454.00
453.00
454.00
454.50
456.00
453.50
453.50
453.50
454.00
454.50
453.50
454.50
449.01
453.00
454.50
454.00
453.50
453.00
453.50
454.00
454.50
453.00
453.50
454.00
454.50
453.00
453.50
454.50
454.50
454.00
454.00
454.00
454.50
453.00
455.00
454.50
455.00
453.00
454.00
459.50
454.50
454.00
454.50
454.00
454.50
454.50
454.50
454.00
454.00
453.50
454.50
453.50
453.50
453.50
454.50
453.50
453.50
453.50
454.00
455.50
454.00
453.50
454.00
455.00
454.00
452.50
454.00
454.50
454.00
465.00
453.50
454.00
453.50
453.00
461.50
454.00
454.50
453.50
453.50
459.50
454.00
453.50
454.50
454.50
454.50
454.00
453.50
454.00
454.50
454.00
454.00
454.00
453.50
453.00
454.00
454.50
454.00
453.50
454.00
454.00
453.50
455.00
453.50
453.50
454.50
453.50
454.50
454.00
453.50
472.50
454.00
454.50
454.00
453.50
454.50
453.50
454.00
453.00
453.50
462.00
454.00
453.00
454.00
454.50
455.00
454.50
454.00
453.50
454.00
453.50
453.50
454.50
453.50
454.00
454.50
454.50
454.00
454.00
454.00
454.50
453.50
454.00
453.50
454.50
454.50
453.00
455.00
454.00
454.50
456.00
454.00
454.50
454.00
453.50
457.00
453.50
453.50
454.00
454.00
455.00
453.50
455.00
454.00
453.50
455.00
453.00
453.50
454.00
454.00
462.50
453.50
453.50
454.50
453.50
455.00
454.00
454.00
453.00
453.50
465.50
454.00
454.00
454.50
454.50
458.50
454.00
449.50
453.50
454.00
454.00
454.50
454.00
453.50
453.00
455.50
454.50
454.00
453.50
453.50
454.50
454.50
454.50
454.50
