0.77
331.50
406.50
407.50
406.25
406.50
406.38
406.25
405.88
406.50
406.62
406.50
406.12
406.25
408.12
405.75
406.25
406.00
405.75
406.50
406.00
402.10
407.25
408.00
406.38
407.62
407.50
407.25
407.88
408.88
407.25
407.00
406.87
407.12
408.12
407.38
406.50
407.00
407.50
408.50
406.75
407.25
407.50
407.38
411.88
407.38
406.87
406.50
406.87
412.75
407.25
407.00
407.25
407.38
413.38
407.75
407.38
407.62
407.62
408.50
406.87
406.62
407.12
407.50
407.75
408.00
408.12
407.12
407.38
408.50
407.38
407.38
407.25
407.12
408.62
407.12
406.87
407.38
408.12
408.62
407.88
408.25
407.88
407.62
408.75
407.88
408.00
407.38
407.50
415.62
407.88
406.87
407.25
407.62
407.75
407.75
407.25
407.38
407.75
408.50
407.25
407.12
407.50
406.87
408.62
408.00
407.62
407.38
407.62
407.88
407.88
407.00
407.38
407.62
408.38
407.38
406.50
406.75
407.38
407.75
406.50
407.38
406.87
407.12
408.12
407.38
408.38
408.00
407.38
408.88
407.38
407.50
407.88
407.50
408.62
407.88
407.50
407.50
408.12
408.12
408.00
408.12
407.75
408.00
408.38
408.00
407.38
406.75
407.62
407.25
407.62
407.38
407.62
407.38
408.50
407.62
407.75
407.75
408.12
410.12
407.25
407.12
407.62
407.75
407.12
407.25
407.38
407.75
407.38
407.88
407.75
406.75
407.25
407.50
409.50
407.75
407.62
408.00
408.00
407.38
407.88
407.88
408.00
406.75
407.62
407.75
408.00
407.00
407.12
408.12
402.72
407.12
406.75
407.00
407.75
407.50
407.25
406.87
408.00
408.62
407.75
407.88
407.38
407.62
408.00
407.50
407.88
407.62
407.50
411.62
406.75
407.00
407.25
407.25
410.62
407.62
407.62
406.50
407.88
424.00
406.87
407.38
407.88
407.38
407.00
407.75
407.12
407.00
407.00
407.00
407.88
407.50
407.12
407.62
408.00
407.75
407.75
407.62
407.38
408.25
407.88
407.50
407.62
407.50
408.25
407.62
408.25
407.75
407.75
407.50
407.25
407.88
406.87
407.38
408.38
407.75
407.38
408.12
407.75
411.25
407.62
407.62
406.87
407.50
412.75
407.00
408.12
407.00
406.75
407.75
407.12
407.25
407.62
407.62
407.50
407.12
407.62
407.75
407.50
407.00
407.62
408.00
407.75
407.50
408.38
407.62
407.38
407.00
407.62
411.37
407.62
407.25
407.00
407.88
407.38
407.38
407.75
407.88
407.62
407.88
407.75
408.00
407.25
407.88
408.38
407.25
407.50
407.38
407.38
407.62
407.12
407.50
407.88
407.50
408.38
407.12
407.00
407.00
407.50
410.12
407.75
407.75
407.75
407.88
410.62
408.25
408.25
408.00
407.88
408.88
407.88
407.88
407.88
407.62
408.38
407.12
407.38
407.88
407.62
408.50
406.62
406.87
408.12
407.38
410.00
407.25
407.38
407.25
407.00
407.12
407.25
406.87
407.12
407.00
408.75
407.75
407.62
407.12
408.12
407.62
407.75
407.62
403.96
407.62
408.88
408.00
408.88
408.00
407.75
408.88
407.88
407.25
407.62
407.25
407.75
406.62
407.50
407.50
407.50
413.75
407.75
408.25
407.62
407.25
407.88
407.50
408.12
407.25
407.38
409.50
407.75
408.12
407.88
408.38
407.75
407.88
407.12
407.75
407.38
408.00
407.12
407.75
408.38
407.12
414.38
407.00
407.38
407.38
407.12
407.88
407.50
407.25
407.00
407.25
407.62
408.25
407.62
407.62
407.25
408.12
406.75
406.87
408.12
406.62
407.75
407.50
408.00
407.50
408.12
407.75
407.00
406.87
407.25
407.50
407.62
407.25
407.38
407.62
407.75
413.38
406.62
407.62
407.00
407.00
409.38
407.25
408.12
406.38
406.62
416.00
407.00
406.75
407.00
407.75
407.88
407.50
407.38
407.88
408.00
408.12
407.62
407.12
407.12
407.50
407.88
407.25
407.00
407.25
406.38
408.25
407.62
407.62
407.25
407.00
408.62
408.00
408.25
407.62
407.38
407.00
407.50
407.88
408.12
407.12
408.25
408.12
407.62
407.50
407.50
408.25
407.62
406.75
407.50
407.75
408.00
407.00
406.87
407.38
406.87
406.87
407.00
407.75
408.00
407.12
407.75
407.38
408.12
407.12
406.87
407.88
407.12
407.50
407.75
408.00
406.87
407.25
407.38
407.00
407.50
408.38
407.75
407.12
408.00
406.75
411.00
407.12
407.00
407.00
407.50
411.75
403.59
407.75
407.88
407.88
409.12
408.12
407.62
407.50
407.62
409.12
407.62
407.88
407.62
407.62
408.50
408.00
408.50
407.38
407.75
408.25
407.25
407.75
407.62
407.62
407.75
406.75
407.00
407.62
408.50
408.00
407.50
407.00
407.50
407.12
407.38
407.38
408.25
407.25
407.62
408.50
408.00
407.50
407.50
407.25
407.50
406.50
406.50
406.87
347.38
