read_job: (g=0): rw=read, bs=128K-128K/128K-128K/128K-128K, ioengine=libaio, iodepth=1
fio-2.1.10
Starting 1 process

read_job: (groupid=0, jobs=1): err= 0: pid=27004: Sat Dec  5 12:37:11 2015
  read : io=235520MB, bw=417544KB/s, iops=3262, runt=577598msec
    slat (usec): min=5, max=168, avg=26.29, stdev= 2.49
    clat (usec): min=197, max=2106, avg=277.39, stdev= 3.37
     lat (usec): min=253, max=2168, avg=303.98, stdev= 4.53
    clat percentiles (usec):
     |  1.00th=[  258],  5.00th=[  278], 10.00th=[  278], 20.00th=[  278],
     | 30.00th=[  278], 40.00th=[  278], 50.00th=[  278], 60.00th=[  278],
     | 70.00th=[  278], 80.00th=[  278], 90.00th=[  278], 95.00th=[  278],
     | 99.00th=[  286], 99.50th=[  290], 99.90th=[  298], 99.95th=[  306],
     | 99.99th=[  326]
    bw (KB  /s): min=414976, max=438016, per=100.00%, avg=417673.98, stdev=1613.61
    lat (usec) : 250=0.01%, 500=100.00%
    lat (msec) : 2=0.01%, 4=0.01%
  cpu          : usr=2.99%, sys=11.04%, ctx=1901741, majf=0, minf=60
  IO depths    : 1=100.0%, 2=0.0%, 4=0.0%, 8=0.0%, 16=0.0%, 32=0.0%, >=64=0.0%
     submit    : 0=0.0%, 4=100.0%, 8=0.0%, 16=0.0%, 32=0.0%, 64=0.0%, >=64=0.0%
     complete  : 0=0.0%, 4=100.0%, 8=0.0%, 16=0.0%, 32=0.0%, 64=0.0%, >=64=0.0%
     issued    : total=r=1884160/w=0/d=0, short=r=0/w=0/d=0
     latency   : target=0, window=0, percentile=100.00%, depth=1

Run status group 0 (all jobs):
   READ: io=235520MB, aggrb=417543KB/s, minb=417543KB/s, maxb=417543KB/s, mint=577598msec, maxt=577598msec

Disk stats (read/write):
  sda: ios=1884023/0, merge=0/0, ticks=395436/0, in_queue=393016, util=68.08%
