0.01 0.37
119.10 118.93
148.41 147.90
147.45 148.35
149.57 147.90
149.32 147.98
147.13 148.65
148.95 147.80
147.46 147.91
147.64 149.06
147.48 146.91
147.95 148.53
146.78 147.29
148.28 147.12
147.60 146.30
148.65 148.46
147.41 149.36
148.44 147.78
148.46 147.94
146.59 148.33
148.59 147.87
148.16 148.37
148.57 147.88
149.08 148.28
147.44 149.29
147.60 147.70
148.17 147.91
147.38 147.50
147.77 147.46
147.99 148.74
147.47 148.45
149.32 147.05
148.50 147.01
148.63 148.16
147.81 147.79
147.79 148.20
147.78 148.37
148.12 147.30
147.50 149.02
146.89 148.01
148.84 148.67
147.36 149.08
145.71 146.10
148.66 148.09
148.61 148.48
148.46 148.00
148.49 147.89
146.54 146.74
148.58 147.48
148.32 146.95
137.82 138.62
132.48 133.33
132.01 131.98
135.01 133.98
138.57 138.03
129.88 130.75
130.55 128.80
130.00 131.10
128.00 126.90
128.52 128.01
128.85 127.80
125.54 124.87
125.45 125.86
123.44 122.25
132.19 132.30
124.26 123.49
124.39 124.49
118.66 120.11
118.53 118.65
120.93 120.82
121.67 121.83
118.92 118.50
120.92 122.89
121.90 122.66
124.62 123.29
120.29 120.83
121.85 121.26
122.50 120.49
117.66 118.45
121.67 121.21
122.79 122.07
122.98 122.18
120.08 119.99
128.21 128.40
118.33 118.46
118.64 120.59
118.61 119.01
120.60 120.44
122.58 120.68
120.00 120.21
117.65 118.84
122.25 123.72
119.34 119.81
124.59 124.27
121.88 121.98
121.68 121.27
119.83 119.83
120.18 119.89
121.80 121.42
120.26 121.55
121.83 121.00
123.26 123.04
121.02 122.74
122.73 122.33
119.95 119.43
122.11 120.44
120.02 120.97
119.93 121.60
123.29 122.78
119.37 118.80
121.32 120.39
118.63 118.49
117.84 115.67
121.91 122.09
119.33 117.87
121.36 121.03
118.54 121.15
129.94 129.07
119.77 118.44
121.95 122.56
121.19 120.84
122.91 121.86
119.43 119.27
123.74 124.50
122.08 123.13
118.25 118.96
123.43 122.89
122.79 122.33
123.28 123.39
121.95 121.32
124.61 123.91
120.90 121.31
125.25 126.57
122.81 122.72
120.56 122.86
124.11 124.28
122.99 122.78
122.86 122.91
128.02 126.12
121.77 123.01
122.83 123.75
126.81 126.65
126.58 125.31
121.71 122.28
124.13 123.50
128.15 126.76
125.79 125.07
125.13 127.57
126.29 126.09
122.84 121.91
126.42 127.94
129.50 130.27
126.93 127.00
127.29 126.93
127.58 127.13
127.18 127.68
125.59 126.20
129.28 128.62
128.45 127.34
128.98 128.95
129.36 130.41
129.48 129.36
128.43 129.01
128.22 129.07
130.24 129.19
130.14 128.82
128.79 129.61
131.69 131.55
127.21 127.47
128.85 128.98
129.17 129.79
128.85 130.36
129.75 130.22
129.64 130.30
131.22 131.26
129.64 130.53
130.48 131.36
130.02 131.11
130.45 131.06
131.24 130.25
128.53 128.78
126.33 128.20
131.39 129.92
128.33 128.08
127.80 128.74
127.93 127.81
128.20 126.87
132.47 130.94
128.79 129.57
129.43 130.06
129.64 128.84
131.21 130.59
130.20 131.02
128.68 128.57
131.88 131.82
130.90 131.41
131.23 131.52
132.82 132.25
127.20 129.06
133.63 133.33
131.03 130.51
133.79 131.91
131.58 130.48
132.69 132.14
133.18 132.79
126.94 126.87
130.26 132.55
131.99 131.21
132.67 134.23
130.93 130.71
132.80 133.06
130.41 131.21
132.28 131.66
132.18 133.15
130.89 131.59
132.11 132.44
132.20 132.29
130.72 130.42
131.16 132.13
134.26 132.84
132.94 133.74
134.27 134.53
133.60 133.34
132.23 133.67
134.07 133.79
133.99 132.83
131.37 132.32
131.55 133.11
135.39 135.06
132.06 132.06
133.65 133.03
132.84 132.16
130.64 130.59
131.57 131.67
130.80 130.10
132.54 134.61
129.45 130.04
132.95 133.97
133.21 133.48
127.50 128.07
132.34 131.65
133.53 133.93
131.65 131.88
132.86 132.10
134.42 133.79
132.64 134.02
132.49 133.64
133.07 133.36
135.03 135.11
133.84 134.77
133.77 135.26
133.72 135.12
134.13 134.04
132.85 132.01
137.43 134.76
133.15 131.45
134.30 133.92
133.67 134.15
135.35 134.67
134.21 133.89
133.41 135.08
134.07 135.43
132.91 134.81
134.33 135.46
135.70 134.89
137.14 135.33
134.48 133.93
134.70 135.33
134.32 135.13
135.76 136.36
134.98 135.89
132.02 132.81
132.86 132.35
134.46 135.90
134.40 135.52
131.73 131.16
134.17 134.51
134.79 134.39
133.05 133.35
135.41 133.63
135.09 135.49
135.18 135.25
134.11 134.19
135.23 135.01
136.66 137.09
134.89 135.11
135.83 135.10
134.79 133.91
135.31 133.68
134.54 134.37
134.26 135.19
133.37 134.36
135.17 135.88
135.66 135.76
134.71 133.97
136.19 135.55
134.82 135.73
135.20 135.29
135.11 134.29
133.43 133.61
135.70 134.84
136.69 135.75
131.32 133.20
137.30 136.01
133.17 133.08
135.33 135.41
135.33 135.97
133.14 133.72
135.52 135.66
134.49 134.69
132.91 133.66
132.70 134.41
135.41 134.84
137.55 137.64
135.55 135.85
137.51 136.89
137.46 136.51
136.96 137.53
136.87 136.60
133.86 133.31
135.34 135.66
132.96 133.14
136.54 135.90
134.80 134.95
136.11 136.27
135.14 135.66
136.28 136.41
135.53 136.10
135.97 135.55
137.29 136.79
134.36 134.62
137.40 137.41
136.30 137.16
135.57 136.83
137.13 135.63
137.63 137.46
134.19 134.44
137.34 137.37
134.12 133.93
137.13 136.72
134.46 134.58
135.94 136.87
137.44 137.42
134.86 136.78
134.46 134.23
136.34 136.69
137.07 136.20
134.30 134.12
136.62 136.28
134.36 133.93
136.85 136.20
134.57 134.31
137.62 137.56
133.09 136.56
135.56 135.94
137.29 138.62
133.86 134.71
136.38 136.05
136.70 136.46
135.83 134.94
133.99 134.30
135.61 136.11
136.13 133.64
135.26 135.63
135.96 135.96
136.52 136.46
136.39 136.68
136.26 136.52
137.71 138.00
137.46 138.69
136.78 135.69
135.39 135.66
135.69 136.58
136.33 136.32
137.34 135.45
136.32 137.16
135.56 135.93
139.14 138.98
138.97 138.53
137.24 137.51
136.39 136.11
135.36 136.32
134.29 134.29
134.47 134.63
137.73 138.68
135.54 136.25
135.96 135.90
136.00 134.96
138.09 137.36
134.30 135.77
134.12 135.74
136.58 135.85
136.18 137.17
135.15 135.48
138.80 137.70
135.25 135.16
136.30 136.03
136.45 138.12
136.20 137.39
134.99 134.87
135.36 136.11
135.40 135.63
136.66 137.75
136.23 136.20
134.82 137.18
139.16 137.93
135.55 133.93
135.68 135.29
137.68 136.35
133.37 134.77
136.66 135.79
134.44 134.57
134.46 133.82
134.61 133.32
132.08 132.97
133.48 135.09
136.44 136.98
136.71 138.12
136.89 138.72
137.70 136.62
134.07 135.80
137.66 137.22
135.45 137.00
136.18 136.88
135.89 135.73
135.18 133.31
136.00 136.45
136.82 137.24
137.66 136.06
136.20 135.88
136.57 134.25
134.74 135.07
133.74 134.25
137.13 136.09
135.12 134.77
137.95 138.03
133.89 134.62
136.37 137.31
135.89 134.71
137.95 136.52
136.21 134.80
135.73 135.17
134.96 135.48
133.88 133.12
137.51 135.55
136.21 133.85
137.82 136.36
134.74 133.99
135.62 133.73
132.66 133.18
134.74 135.51
137.17 136.62
136.07 136.36
137.22 136.82
134.25 134.26
135.96 135.54
133.62 135.76
137.68 136.48
137.40 136.03
136.89 135.80
136.93 136.30
134.42 135.04
136.42 137.31
132.68 134.16
136.95 137.05
136.84 135.47
134.68 135.87
135.54 133.18
137.46 135.54
136.20 135.29
138.75 139.16
136.57 137.83
135.25 133.16
135.20 135.77
136.62 136.41
135.56 134.59
137.41 137.69
137.29 136.62
137.16 134.20
136.16 135.31
137.23 137.40
136.19 136.96
136.59 137.59
137.49 136.96
137.29 138.13
138.20 137.83
136.17 135.73
135.58 136.18
137.07 134.80
135.05 136.07
137.01 136.07
135.86 135.28
136.82 137.60
136.70 136.92
136.53 138.36
137.86 137.40
135.03 134.88
135.87 135.38
136.45 136.90
133.36 132.59
140.02 139.76
137.15 136.47
137.52 137.53
137.06 135.99
136.76 136.59
138.18 136.73
136.04 135.72
136.34 134.76
135.56 135.02
136.83 135.32
135.04 134.48
137.66 137.30
135.92 137.82
140.78 140.17
137.79 135.99
136.65 137.96
135.22 135.22
134.41 134.59
136.44 136.67
137.80 137.70
136.48 136.52
137.00 135.96
136.08 135.65
133.77 133.97
135.12 137.94
135.49 137.05
137.58 137.81
135.50 135.43
135.66 134.75
134.69 135.75
137.59 136.64
134.64 134.42
136.59 136.38
134.68 136.45
134.82 134.28
136.16 135.19
135.81 134.93
135.63 137.46
136.77 137.12
136.29 136.22
137.95 138.45
136.85 136.41
137.72 136.61
137.19 136.64
136.23 136.84
137.79 136.48
137.75 137.42
136.44 137.73
137.88 137.58
137.01 136.05
138.17 140.73
135.40 136.41
135.97 136.02
137.22 135.91
136.63 136.26
136.36 137.22
136.12 135.83
137.70 137.96
135.80 136.20
136.07 138.43
136.70 136.00
135.37 133.34
137.73 136.48
137.29 137.19
136.60 136.60
138.46 136.61
135.00 134.40
135.74 136.99
135.96 137.75
135.79 135.47
137.49 134.96
137.46 137.11
136.26 135.13
132.42 135.44
137.39 137.38
138.21 138.69
138.97 137.69
134.95 135.86
135.98 136.66
133.10 134.32
139.49 137.21
136.54 136.28
135.79 135.39
136.36 135.63
135.94 137.86
136.52 136.94
136.46 136.40
138.01 136.90
137.14 135.43
137.18 136.46
137.45 137.78
138.10 138.59
137.89 136.90
136.93 135.68
134.89 134.34
138.20 138.50
137.20 138.89
138.14 137.80
135.38 133.96
137.20 136.68
134.44 136.88
137.13 135.67
137.25 136.36
136.87 136.54
137.57 137.64
136.15 135.69
136.16 136.22
137.35 136.80
137.75 138.13
136.10 135.90
136.82 136.32
134.02 134.32
135.56 135.46
135.37 135.21
138.36 138.39
139.01 136.93
136.62 135.61
134.65 135.10
136.46 136.07
135.64 136.17
136.35 138.53
139.06 135.83
134.97 135.29
136.51 135.57
135.87 137.10
135.83 135.06
139.09 138.52
137.46 138.05
135.96 137.30
135.67 135.70
136.30 135.75
139.95 138.18
135.52 136.40
137.84 137.69
136.75 134.75
137.34 135.84
136.79 135.79
138.72 136.75
135.24 136.42
133.27 134.18
134.91 134.56
137.11 136.01
133.12 134.18
133.89 134.30
137.75 137.13
135.62 134.34
135.94 135.73
135.28 133.91
133.68 135.01
137.61 136.55
138.26 137.96
137.93 137.08
137.37 136.76
138.36 137.29
136.23 135.72
136.30 135.92
136.95 134.78
135.90 136.21
137.21 135.18
136.12 134.22
136.21 137.34
135.68 134.50
136.76 136.34
133.00 134.77
137.83 137.49
135.06 135.62
135.98 136.09
137.41 138.33
136.14 137.04
137.13 136.99
136.01 135.69
137.75 137.56
135.26 133.36
135.60 135.89
136.28 136.93
136.26 136.54
136.34 136.64
134.24 133.75
135.74 136.36
136.04 135.44
133.57 134.29
134.69 135.90
135.05 135.52
137.07 137.83
134.25 135.34
136.22 135.68
136.78 136.45
137.20 137.54
134.87 136.11
135.69 135.84
135.49 135.23
137.44 136.48
136.15 136.18
137.45 137.78
135.73 136.85
135.96 136.44
137.06 135.57
136.48 135.53
135.52 135.20
140.23 138.11
137.89 137.36
134.20 135.46
136.42 137.41
135.38 135.57
136.72 136.51
137.77 135.95
136.51 136.28
136.04 135.50
136.46 137.78
138.46 137.16
136.05 135.28
137.77 137.12
134.75 134.99
133.53 134.09
134.82 136.08
135.77 135.90
135.37 134.17
138.91 137.74
138.05 137.51
136.17 136.42
134.82 134.33
135.61 134.07
135.48 134.88
135.31 135.52
134.96 133.88
136.54 137.30
137.94 137.34
136.65 136.81
132.69 133.01
134.58 135.81
134.95 135.94
133.32 133.40
133.43 133.59
133.76 132.81
135.55 135.20
133.05 133.97
135.37 136.33
134.74 135.87
131.14 131.87
134.16 133.96
136.69 137.23
132.99 133.69
134.95 136.09
134.59 134.27
134.08 134.98
134.68 134.64
135.30 133.59
132.24 132.00
136.27 135.46
133.82 135.20
133.25 134.84
134.24 134.02
137.32 137.22
135.75 135.42
134.68 134.63
134.10 135.18
133.93 135.04
136.89 135.89
132.84 133.26
133.59 134.88
132.88 132.48
134.84 133.88
133.57 132.41
135.25 135.76
132.95 132.43
135.65 135.42
133.56 133.48
133.13 132.10
131.54 131.27
135.29 136.00
131.79 132.55
135.35 135.39
132.09 133.07
129.67 130.93
135.39 134.96
134.64 136.19
133.29 135.18
133.88 135.26
132.50 132.80
133.68 135.01
134.27 135.13
132.87 132.84
134.05 134.55
133.04 130.33
131.80 133.13
131.05 132.12
132.87 132.98
134.11 133.58
132.18 132.70
131.03 133.37
132.40 132.64
133.95 135.19
131.82 131.19
132.03 133.02
131.37 132.57
131.89 133.34
134.36 134.16
132.64 131.48
129.97 129.05
133.41 134.38
131.94 131.26
133.81 132.13
134.11 134.02
129.52 129.22
133.59 132.71
131.96 133.50
134.30 135.39
132.32 132.48
131.78 130.52
133.69 133.40
130.78 130.81
128.67 129.84
132.58 131.08
131.28 130.96
129.86 129.88
132.70 133.81
132.17 132.79
130.11 129.96
131.80 131.37
129.36 131.66
132.96 134.57
132.36 132.99
131.59 133.11
133.64 131.04
131.92 132.30
131.34 132.26
130.15 129.47
129.68 129.41
128.59 131.62
134.35 134.01
134.57 134.14
126.08 127.95
132.93 133.23
128.19 129.61
131.11 132.59
127.52 129.07
132.46 132.78
127.99 129.50
133.86 133.61
130.00 131.38
131.64 131.14
129.57 128.86
130.10 131.42
127.89 128.54
131.41 132.68
129.66 129.19
128.24 130.10
128.11 128.61
126.02 127.40
126.73 126.81
127.35 128.30
129.55 129.68
128.29 126.39
126.44 127.17
124.51 125.29
129.65 128.73
129.48 131.19
128.86 129.66
130.84 132.17
128.44 127.62
126.10 125.80
127.51 126.67
126.48 127.09
125.97 124.52
127.99 128.61
123.21 123.91
130.00 129.24
127.39 127.70
123.48 126.20
127.56 127.41
125.43 124.18
124.95 125.52
128.91 128.41
125.79 125.20
127.74 127.60
124.82 125.46
125.75 125.35
128.16 127.59
127.65 128.64
128.37 127.59
115.07 114.45
