43.18 110.97
9738.00 9636.00
13299.00 13318.00
13849.00 13833.00
14120.00 14019.00
14683.00 14575.00
14590.00 14780.00
14473.00 14595.00
15902.00 15934.00
15310.00 15065.00
14575.00 14470.00
14658.00 14333.00
14074.00 14145.00
14266.00 14167.00
15204.00 15326.00
17073.00 17226.00
15434.00 15079.00
16880.00 16964.00
14596.00 14846.00
15867.00 15917.00
15068.00 15095.00
15742.00 15542.00
15755.00 16021.00
17016.00 17102.00
14579.00 14416.00
15838.00 15942.00
15919.00 16118.00
16090.00 16082.00
15035.00 14733.00
15337.00 15741.00
15751.00 15689.00
15635.00 15589.00
16026.00 15921.00
14967.00 14821.00
15700.00 15486.00
15680.00 15441.00
17459.00 17649.00
14779.00 14644.00
16802.00 17089.00
15127.00 15283.00
15549.00 15426.00
15194.00 15254.00
17163.00 16998.00
16132.00 16068.00
14672.00 14771.00
13772.00 13899.00
17327.00 17247.00
16449.00 16756.00
17345.00 17430.00
16534.00 16297.00
16742.00 16869.00
16222.00 16169.00
16314.00 16312.00
16502.00 16411.00
16000.00 15757.00
14914.00 14903.00
16425.00 16364.00
14837.00 15146.00
17019.00 17043.00
16950.00 17273.00
18037.00 17894.00
16576.00 16469.00
16279.00 16325.00
17031.00 16900.00
16226.00 16035.00
16784.00 17122.00
17858.00 17779.00
17165.00 17108.00
17254.00 17359.00
16807.00 16843.00
17600.00 17773.00
14904.00 15083.00
16419.00 16381.00
16447.00 16343.00
15868.00 15487.00
14721.00 14500.00
16979.00 17086.00
15961.00 15606.00
16285.00 16229.00
16244.00 16225.00
17682.00 17679.00
14341.00 14343.00
16572.00 16445.00
15763.00 15971.00
16531.00 16563.00
14763.00 14838.00
16396.00 16545.00
16015.00 15924.00
17270.00 17031.00
16489.00 16662.00
15579.00 15816.00
16867.00 16965.00
17509.00 17622.00
15550.00 15637.00
17351.00 17419.00
15272.00 15209.00
16813.00 17205.00
16582.00 16600.00
17226.00 17313.00
16369.00 16326.00
16674.00 16825.00
15525.00 15064.00
17244.00 17506.00
17016.00 16996.00
17513.00 17454.00
15747.00 15675.00
17208.00 17183.00
16906.00 16717.00
17921.00 17967.00
15745.00 15618.00
17775.00 18007.00
17314.00 17224.00
15606.00 15486.00
15132.00 14890.00
16728.00 16673.00
17391.00 17125.00
17414.00 17383.00
15922.00 16157.00
18104.00 18444.00
16627.00 16574.00
17090.00 17197.00
17817.00 17739.00
17066.00 16828.00
15980.00 16117.00
16131.00 15898.00
16032.00 16143.00
17169.00 16919.00
16249.00 16147.00
16086.00 16431.00
16628.00 16276.00
18455.00 18404.00
19116.00 19442.00
17092.00 16896.00
17807.00 17805.00
16459.00 16368.00
18712.00 18464.00
18848.00 18861.00
18848.00 18589.00
17941.00 17789.00
18429.00 18352.00
17607.00 17556.00
18351.00 18416.00
18779.00 18621.00
17315.00 17214.00
18114.00 18227.00
18881.00 18831.00
16246.00 16133.00
18719.00 18836.00
18547.00 18500.00
16809.00 17101.00
17929.00 17905.00
18931.00 19049.00
18321.78 18107.92
17352.00 17561.00
16115.00 16251.00
17684.00 17596.00
17891.00 17789.00
17804.00 18012.00
16602.00 16859.00
16852.00 16815.00
16189.00 16401.00
16550.00 16491.00
17636.00 17386.00
17809.00 18119.00
16910.00 16612.00
16796.00 16883.00
15727.00 15589.00
17351.00 17031.00
16124.00 16175.00
17671.00 17678.00
18013.00 17847.00
16214.00 16176.00
16578.00 16277.00
15974.00 16109.00
16937.00 16744.00
16470.00 16477.00
15112.00 15062.00
18078.00 18114.00
17386.00 17292.00
16799.00 16990.00
16714.00 16771.00
16941.00 17025.00
16766.00 16990.00
16567.00 16660.00
16398.00 16575.00
17108.00 16671.00
15322.00 15613.00
17546.00 17471.00
18314.00 17913.00
16450.00 16545.00
18743.00 18668.00
17775.00 18077.00
18635.00 18818.00
18148.00 18452.00
16633.00 16411.00
16613.00 16697.00
18044.00 18027.00
17907.00 18011.00
15660.00 15830.00
17670.00 17777.00
15705.00 15481.00
17739.00 17471.00
16168.00 16400.00
17026.00 16945.00
14534.00 14510.00
18275.00 18248.00
18121.00 18026.00
18061.00 18183.00
15622.00 15662.00
17241.00 17187.00
16663.00 16486.00
17920.00 17910.00
15209.00 15304.00
16229.00 16634.00
17534.00 17693.00
17326.00 17147.00
15746.00 15728.00
17865.00 17619.00
14740.00 14530.00
18694.00 18570.00
18716.00 18823.00
18172.00 18357.00
18418.00 18805.00
19255.00 19294.00
17642.00 17567.00
18053.00 18022.00
18363.00 18266.00
16577.00 16319.00
15277.00 14934.00
14063.00 14136.00
18734.00 18711.00
15501.00 15168.00
18998.00 19095.00
18355.00 18237.00
17605.00 17314.00
15021.00 15119.00
17219.00 17020.00
18368.00 18409.00
16987.00 17458.00
17282.00 17317.00
16218.00 16012.00
17315.00 17401.00
17531.00 17231.00
17707.00 17727.00
15965.00 15911.00
15449.00 15542.00
14873.00 14700.00
17061.00 16980.00
17774.00 17429.00
16426.00 16624.00
16827.00 17138.00
17038.00 16907.00
16641.00 16727.00
18362.00 18577.00
15882.00 16083.00
18267.00 18261.00
18568.00 18647.00
14810.00 14687.00
16049.00 15825.00
15869.00 15977.00
17465.00 17480.00
16840.00 16733.00
16841.00 16669.00
17096.00 17291.00
17811.00 17440.00
14724.00 14730.00
17570.00 17706.00
16899.00 17041.00
15867.00 16080.00
17734.00 17681.00
16139.00 16095.00
15727.00 16037.00
14860.00 15162.00
16491.00 16394.00
16814.00 17057.00
17804.00 17611.00
15810.00 16045.00
17029.00 16866.00
15967.00 15970.00
17241.00 17043.00
14894.00 14528.00
15824.00 16068.00
16962.00 16989.00
16909.00 17212.00
14944.00 15098.00
15687.00 15716.00
14756.00 14598.00
16128.00 15822.00
14328.00 14174.00
17735.00 17786.00
14677.00 14835.00
14913.00 15010.00
14623.00 14394.00
16638.00 16338.00
15657.00 15522.00
17374.00 17213.00
14290.00 14392.00
16588.00 16837.00
15701.00 16007.00
15870.00 15879.00
14854.00 14901.00
15391.00 15237.00
16066.00 15956.00
16364.00 16540.00
15704.00 15918.00
14897.00 14770.00
15947.00 16294.00
14944.00 15023.00
14460.00 14419.00
16130.00 16084.00
16000.00 15793.00
16329.00 16425.00
16757.00 16599.00
15867.00 16099.00
15515.00 15464.00
14708.00 14552.00
16276.00 16343.00
16633.00 16896.00
15886.00 15760.00
17812.00 17481.00
17682.00 17658.00
14579.00 14552.00
16760.00 17039.00
15784.00 15642.00
16923.00 16953.00
17414.00 17746.00
17421.00 17277.00
14590.00 14781.00
17003.00 16903.00
16342.00 16380.00
15323.00 15422.00
16708.00 16678.00
17070.00 16817.00
16803.00 16782.00
16436.00 16302.00
14316.00 14147.00
15180.00 15289.00
17079.00 17266.00
17173.00 17067.00
15421.00 15427.00
17030.00 17119.00
16695.00 16795.00
16093.07 15946.53
15901.00 15973.00
15629.00 15788.00
16492.00 16470.00
15354.00 15341.00
17035.00 17521.00
16256.00 16224.00
15520.00 15668.00
15112.00 14994.00
16268.00 16544.00
17027.00 17154.00
16225.00 16038.00
16553.00 16789.00
13940.00 13996.00
16598.00 16845.00
15907.00 15922.00
17901.00 17953.00
17566.00 17636.00
17607.00 17602.00
16325.00 16551.00
17547.00 17220.00
17001.00 17086.00
19464.00 19456.00
18405.00 18496.00
17980.00 18407.00
15853.00 15904.00
17470.00 17056.00
16838.00 16883.00
15100.00 14808.00
16177.00 16400.00
17910.00 18050.00
16728.00 16845.00
19022.00 18962.00
17371.00 17308.00
17573.00 17505.00
17578.00 17351.00
13939.00 13636.00
16467.00 16592.00
14657.00 14716.00
16073.00 16247.00
19073.00 19014.00
17891.00 17871.00
15481.00 15456.00
16546.00 16243.00
16588.00 16775.00
17618.00 17579.00
16443.00 16576.00
17369.00 17313.00
13152.00 13049.00
16027.00 16207.00
14377.00 14302.00
16984.00 16902.00
14519.00 14564.00
16591.00 16678.00
15716.00 15977.00
16916.00 16669.00
16437.00 16463.00
16439.00 16369.00
15871.00 16362.00
16523.00 16474.00
15294.00 15200.00
17224.00 17180.00
18215.00 18129.00
15499.00 15453.00
16566.00 16341.00
16380.00 16232.00
14887.00 14871.00
16526.00 16207.00
16890.00 16855.00
15810.00 15793.00
16714.00 16797.00
16072.00 15887.00
16795.00 16652.00
17567.00 17756.00
17897.00 18214.00
16273.00 16320.00
16553.00 16554.00
17547.00 17556.00
17703.00 17700.00
16942.00 17127.00
16968.00 16945.00
17708.00 17739.00
14000.00 14122.00
17207.00 17119.00
14368.00 14467.00
18399.00 18689.00
14934.00 14715.00
17533.00 17419.00
18146.00 18103.00
18374.00 18704.00
17935.00 18009.00
18626.00 18748.00
18124.00 18217.00
18326.00 18320.00
17178.00 16983.00
17227.00 17512.00
14150.00 14358.00
15893.00 15452.00
16373.00 16349.00
15264.00 15682.00
17035.00 16831.00
14780.00 14625.00
17813.00 17733.00
16364.00 16561.00
16120.00 16295.00
15401.00 15189.00
16967.00 17139.00
15527.00 15510.00
14823.00 14976.00
15688.00 15588.00
16103.00 16355.00
17238.00 17062.00
15905.00 15970.00
14761.00 14677.00
14292.00 14055.00
14457.00 14464.00
15393.00 15584.00
16634.00 17019.00
16454.00 16537.00
14692.00 14525.00
15948.00 15836.00
15139.00 15252.00
16354.00 16175.00
17188.00 17468.00
15069.00 14794.00
16734.00 16788.00
15677.00 15767.00
17184.00 16952.00
16163.00 16211.00
15339.00 15214.00
16440.00 16467.00
17174.00 17233.00
15715.00 15419.00
15837.00 16117.00
16673.00 16430.00
16596.00 16812.00
14503.00 15009.00
15872.00 15994.00
15122.00 15110.00
15049.00 15175.00
15193.00 15262.00
15905.00 15971.00
13655.00 13666.00
16075.00 16225.00
17277.00 17326.00
15941.00 15556.00
16109.00 16185.00
17044.00 17142.00
15722.00 15701.00
17343.00 17302.00
14516.00 14709.00
16787.00 16714.00
15030.00 14939.00
18069.00 18125.00
15296.00 15241.00
18057.00 17846.00
14027.00 14470.00
17050.00 17094.00
14622.00 14533.00
13000.00 13244.00
13969.00 14058.00
16766.00 16813.00
16188.00 15968.00
14838.00 14969.00
13870.00 14012.00
13915.00 14093.00
15841.00 15765.00
15228.00 15376.00
15284.00 15480.00
14974.00 15348.00
17828.00 17965.00
15774.00 15707.00
17488.00 17561.00
14048.00 14087.00
16152.00 15956.00
17212.87 16886.14
17153.00 16924.00
16535.00 16148.00
16170.00 15887.00
13236.00 13216.00
17421.00 17220.00
17105.00 17169.00
15676.00 15720.00
16547.00 16596.00
14587.00 14544.00
17617.00 17504.00
15080.00 15209.00
15913.00 15971.00
16097.00 15975.00
16606.00 16863.00
17700.00 17842.00
15624.00 15802.00
15246.00 15531.00
16835.00 17103.00
14812.00 14888.00
15551.00 15532.00
17977.00 18098.00
16105.00 16100.00
14742.00 14729.00
16124.00 15904.00
14883.00 14578.00
15168.00 15180.00
16214.00 15997.00
15060.00 15239.00
15755.00 15827.00
14063.00 14018.00
15028.00 15032.00
15411.00 15672.00
14588.00 14753.00
15097.00 15124.00
14733.00 14630.00
15159.00 15295.00
15307.00 15530.00
15350.00 15479.00
15020.00 15003.00
16079.00 16049.00
15960.00 15887.00
15900.00 16090.00
15665.00 15675.00
14741.00 14923.00
15999.00 16170.00
16604.00 16795.00
16197.00 15893.00
15663.00 15660.00
14929.00 14894.00
14951.00 15144.00
15733.00 15649.00
14164.00 14161.00
13957.00 14025.00
16402.00 16431.00
16662.00 16497.00
16928.00 16597.00
15960.00 16247.00
13243.00 13173.00
15154.00 15154.00
15573.00 15683.00
14647.00 14448.00
16257.00 16297.00
15330.00 15331.00
16764.00 16723.00
14437.00 14364.00
16597.00 16775.00
13845.00 13875.00
14764.00 14761.00
16238.00 16260.00
15486.00 15551.00
14286.00 14358.00
15173.00 14837.00
14771.00 14707.00
16303.00 16211.00
14821.00 14571.00
14713.00 14436.00
15198.00 15200.00
15873.00 15861.00
15569.00 15526.00
12071.00 12201.00
15724.00 15891.00
16012.00 16036.00
14610.00 14845.00
15046.00 15055.00
13835.00 13980.00
14258.00 14230.00
15988.00 16023.00
15570.00 15512.00
13625.00 13483.00
15523.00 15501.00
13836.00 13849.00
14604.00 14820.00
15897.00 15564.00
12586.00 12540.00
14315.00 14353.00
15959.00 16353.00
15748.00 15883.00
14139.00 13938.00
15418.00 15181.00
16816.00 16780.00
14454.00 14329.00
15120.00 15145.00
15334.00 15419.00
14682.00 14649.00
16301.00 16180.00
15600.00 15391.00
15376.00 15547.00
14200.00 14227.00
14119.00 14181.00
15898.00 15888.00
14296.00 14264.00
14070.00 14058.00
17255.00 17108.00
16141.00 16237.00
16697.00 16682.00
16587.00 16629.00
15441.00 15517.00
15006.00 15032.00
13411.00 13246.00
14626.00 14913.00
15252.00 15193.00
14297.00 14398.00
15474.00 15451.00
14338.00 14400.00
15439.00 15443.00
15342.00 15602.00
15806.00 15819.00
16352.00 16222.00
16788.00 17266.00
14755.00 14583.00
15075.00 15066.00
15071.00 15207.00
15504.00 15552.00
16694.00 16557.00
16707.00 16842.00
16134.00 15957.00
14838.00 14612.00
15775.00 15880.00
14100.00 14164.00
15653.00 15456.00
14344.00 14325.00
15119.00 15321.00
16736.00 16649.00
15203.00 15212.00
14817.00 14837.00
17292.00 17221.00
16386.00 16246.00
13611.00 13602.00
16556.00 16633.00
18113.00 18172.00
15842.00 15981.00
18287.00 18161.00
17727.00 17547.00
17888.00 17848.00
16263.00 16350.00
14468.00 14584.00
16702.00 16640.00
17786.00 17764.00
16024.00 15893.00
18006.00 18371.00
15708.00 15841.00
16816.00 16665.00
14987.00 15045.00
15877.00 15981.00
16711.00 16603.00
14597.00 14513.00
15530.00 15430.00
15606.00 15721.00
14941.00 14875.00
15701.00 15729.00
16112.00 16001.00
14886.00 14838.00
15612.00 15758.00
17029.00 17303.00
15758.00 15745.00
15570.00 15559.00
15124.75 15495.05
15075.00 15096.00
14927.00 14715.00
16758.00 16587.00
13843.00 13735.00
15691.00 15681.00
14536.00 14533.00
14850.00 14800.00
15306.00 15605.00
15306.00 15280.00
16491.00 16324.00
14569.00 14679.00
14601.00 14322.00
14992.00 15137.00
15941.00 15821.00
15057.00 15196.00
15096.00 15139.00
15713.00 15702.00
15490.00 15372.00
16546.00 16728.00
14112.00 14030.00
15153.00 15214.00
15327.00 15544.00
13721.00 13969.00
13856.00 13954.00
13935.00 13771.00
15558.00 15637.00
14252.00 14114.00
14823.00 14947.00
14380.00 14427.00
14987.00 15028.00
14597.00 14347.00
12348.00 12319.00
14667.00 14644.00
13317.00 13200.00
15791.00 15898.00
13012.00 13043.00
13312.00 13323.00
16922.00 16750.00
16625.00 16427.00
15088.00 15076.00
15515.00 15507.00
14677.00 14582.00
14771.00 14984.00
15818.00 15811.00
15971.00 16123.00
13699.00 14016.00
13278.00 13569.00
14076.00 13990.00
14802.00 14797.00
15674.00 16236.00
16378.00 16308.00
13888.00 13860.00
14595.00 14728.00
14873.00 14989.00
15092.00 15238.00
15860.00 15629.00
14827.00 14971.00
13790.00 13682.00
15019.00 14910.00
14668.00 14523.00
15468.00 15433.00
16034.00 15747.00
12121.00 12303.00
15531.00 15649.00
13313.00 13429.00
17186.00 17102.00
17109.00 16781.00
17667.00 17336.00
12973.00 13082.00
12400.00 12508.00
15324.00 15208.00
15179.00 15421.00
16010.00 15759.00
14735.00 14743.00
16326.00 16623.00
11986.00 11919.00
16960.00 16950.00
16731.00 16831.00
17551.00 17524.00
15188.00 15125.00
16690.00 16631.00
14629.00 14923.00
13078.00 13490.00
16673.00 16471.00
13165.00 12830.00
14562.00 14659.00
16995.00 16863.00
14623.00 14879.00
16245.00 16208.00
14145.00 14226.00
13856.00 14016.00
17442.00 17291.00
14913.00 14970.00
16377.00 16285.00
17309.00 16936.00
12821.00 12789.00
16069.00 16347.00
14843.00 14707.00
14932.00 15016.00
15059.00 15242.00
15291.00 15287.00
15520.00 15455.00
14783.00 14663.00
14253.00 14120.00
14169.00 14244.00
16150.00 16203.00
15558.00 15540.00
13708.00 13748.00
14845.00 14766.00
13377.00 13428.00
14251.00 14466.00
13114.00 13188.00
15183.00 15280.00
16613.00 16399.00
16681.00 16906.00
16646.00 16474.00
13507.00 13881.00
15109.00 15019.00
14760.00 14590.00
13700.00 13938.00
16402.00 16442.00
16923.00 16878.00
15873.00 15980.00
16568.00 16256.00
14844.00 14946.00
16637.00 16636.00
16217.00 16256.00
15617.00 15340.00
14159.00 14354.00
16907.00 17104.00
13402.00 13505.00
16638.00 16896.00
15059.00 15093.00
17794.00 17573.00
14499.00 14544.00
14842.00 14951.00
13534.00 13736.00
15866.00 15829.00
14777.00 14842.00
14266.00 14085.00
16753.00 16613.00
13237.00 13574.00
17586.00 17304.00
14791.00 14736.00
12851.00 12905.00
15048.00 14998.00
15972.00 16111.00
16226.00 16438.00
14667.00 14767.00
14683.00 14943.00
16959.00 16835.00
15620.00 15469.00
15165.00 15307.00
15030.00 15023.00
15563.00 15686.00
15688.00 15897.00
13821.00 13802.00
14862.00 15161.00
15654.00 15714.00
15669.00 15641.00
16985.00 17053.00
17081.00 17269.00
14857.00 14922.00
17154.00 17434.00
15952.00 15683.00
16839.00 16723.00
14281.00 13801.00
13613.00 13721.00
15871.00 15841.00
16095.00 16068.00
15827.00 15817.00
16133.00 15791.00
16348.00 16471.00
13848.00 13852.00
15847.00 15900.00
13533.00 13492.00
16166.34 16074.26
13095.00 13161.00
15696.00 15589.00
14036.00 14162.00
14231.00 14016.00
15863.00 15992.00
14415.00 14385.00
14900.00 14633.00
13552.00 13541.00
16610.00 16713.00
17422.00 17629.00
14503.00 14685.00
17787.00 17933.00
17010.00 17019.00
16798.00 16782.00
15835.00 16010.00
14537.00 14801.00
17145.00 17282.00
17126.00 17409.00
14357.00 14297.00
13849.00 13686.00
16334.00 16375.00
15481.00 15715.00
15196.00 15325.00
14554.00 14429.00
16406.00 16430.00
15847.00 16170.00
14740.00 14751.00
18082.00 18356.00
16827.00 16795.00
15431.00 15569.00
14536.00 14483.00
16286.00 15979.00
14567.00 14299.00
18012.00 17980.00
16623.00 16617.00
16971.00 16978.00
14449.00 14439.00
16656.00 16768.00
17517.00 17332.00
15621.00 15572.00
16246.00 16359.00
15653.00 15374.00
16239.00 15788.00
14782.00 14573.00
15395.00 15540.00
16030.00 15998.00
14982.00 14818.00
16305.00 16668.00
17248.00 17212.00
15705.00 15627.00
15579.00 15363.00
15745.00 15786.00
13879.00 13584.00
16869.00 16819.00
17866.00 18119.00
15081.00 15056.00
15331.00 15393.00
16776.00 16779.00
17551.00 17673.00
15593.00 15837.00
16237.00 15987.00
15977.00 15867.00
16470.00 16322.00
16019.00 15819.00
16799.00 16393.00
16181.00 16319.00
16626.00 16453.00
16044.00 16121.00
16103.00 16001.00
16887.00 17059.00
18093.00 18089.00
16848.00 16646.00
15618.00 15618.00
16562.00 16090.00
15612.00 15216.00
17130.00 17150.00
15517.00 15138.00
14500.00 14472.00
16819.00 16556.00
16185.00 16099.00
15744.00 15582.00
14667.00 14636.00
14152.00 14055.00
16706.00 16440.00
16071.00 16274.00
15783.00 15603.00
14161.00 14358.00
15069.00 15130.00
15598.00 15484.00
16020.00 15999.00
16565.00 16639.00
15499.00 15594.00
15838.00 15933.00
14771.00 14729.00
16809.00 16482.00
13454.00 13731.00
15902.00 15804.00
15203.00 15196.00
15921.00 15856.00
14554.00 14710.00
15506.00 15835.00
15541.00 15373.00
13994.00 13849.00
14328.00 14371.00
14426.00 14000.00
15784.00 15771.00
15214.00 15044.00
14090.00 14085.00
12401.00 12290.00
11897.00 11732.00
15209.00 15201.00
14256.00 14508.00
14238.00 14128.00
14193.00 14408.00
13220.00 13351.00
14515.00 14530.00
16876.00 17035.00
14923.00 15120.00
15263.00 15276.00
14212.00 14178.00
15322.00 15148.00
13249.00 13224.00
12127.00 12005.00
14663.00 14821.00
14124.00 14068.00
14918.00 15121.00
12713.00 12277.00
12677.00 12503.00
14939.00 14917.00
13757.00 13347.00
13174.00 13118.00
14782.00 14475.00
16437.00 16635.00
12735.00 12573.00
9839.00 9889.00
9781.00 9864.00
9868.00 10063.00
9661.00 9801.00
8955.00 8989.00
9178.00 9190.00
9290.00 9007.00
9264.00 9182.00
9134.00 8937.00
9104.00 9089.00
8853.00 8941.00
9125.00 9141.00
9118.00 9204.00
9322.00 9155.00
9005.00 8982.00
9017.00 9004.00
9115.00 9128.00
9106.00 9153.00
9289.00 9067.00
8951.00 8981.00
9296.00 9219.00
9016.00 9072.00
9120.00 9259.00
9050.00 9100.00
9233.00 9069.00
9243.00 9183.00
9052.00 9065.00
8938.00 8989.00
9282.00 8986.00
8994.00 8808.00
9504.00 9365.00
9341.00 9107.00
8968.00 8827.00
9283.00 9176.00
9134.00 9165.00
9168.00 9134.00
9008.00 9006.00
9303.00 9155.00
8995.00 9124.00
8829.00 8974.00
9167.00 9114.00
9115.00 9181.00
9168.00 9102.00
9272.00 9412.00
8730.69 8998.02
8947.00 9081.00
8951.00 8932.00
9282.00 9132.00
9285.00 9271.00
9231.00 9249.00
9241.00 9272.00
9404.00 9222.00
8912.00 9090.00
8661.00 8581.00
8900.00 8975.00
9087.00 9208.00
9237.00 9293.00
9133.00 9051.00
9066.00 9074.00
9309.00 9163.00
9197.00 9149.00
9312.00 9169.00
9066.00 9153.00
9276.00 9055.00
8992.00 9044.00
9337.00 9419.00
9246.00 9442.00
9021.00 8857.00
9415.00 9285.00
9314.00 9038.00
9208.00 9232.00
9040.00 9002.00
9153.00 9268.00
8957.00 9190.00
8796.00 8753.00
9359.00 9263.00
9309.00 9034.00
8974.00 9008.00
8901.00 9057.00
9164.00 9071.00
9104.00 9138.00
9088.00 8952.00
9169.00 9062.00
9128.00 9136.00
9050.00 9219.00
9029.00 9158.00
8892.00 8961.00
8972.00 9050.00
9293.00 9226.00
9147.00 9127.00
8847.00 9050.00
9322.00 9297.00
8909.00 9047.00
9101.00 9207.00
9174.00 9144.00
9196.00 9156.00
9068.00 8974.00
8807.00 8931.00
8911.00 9058.00
9073.00 9063.00
9201.00 9024.00
9312.00 9265.00
9189.00 9087.00
8864.00 8920.00
9025.00 8848.00
8957.00 8961.00
9030.00 9156.00
9311.00 9094.00
8813.00 9021.00
9006.00 9184.00
9091.00 9013.00
9231.00 8976.00
8915.00 9100.00
9038.00 8891.00
9000.00 9196.00
9239.00 9210.00
9417.00 9186.00
8889.00 9043.00
9168.00 9239.00
9369.00 9117.00
9143.00 8947.00
8931.00 9034.00
9186.00 9194.00
9104.00 8992.00
9144.00 9311.00
9352.00 9087.00
9294.00 9156.00
9018.00 9052.00
9099.00 8991.00
9014.00 9162.00
8882.00 8852.00
9095.00 9088.00
9288.00 9148.00
9145.00 9025.00
9007.00 8940.00
9120.00 9108.00
9482.00 9377.00
9378.00 9340.00
9393.00 9308.00
9100.00 9110.00
9247.00 9140.00
9255.00 9120.00
9415.00 9311.00
9189.00 9079.00
8944.00 8887.00
8673.00 8862.00
9348.00 9094.00
8863.00 9028.00
8951.00 9042.00
9284.00 8935.00
9115.00 9026.00
9282.00 9058.00
9106.00 9053.00
8995.00 8960.00
9101.00 9039.00
8917.00 9139.00
9149.00 9204.00
9136.00 9001.00
9044.00 8969.00
8821.00 9014.00
9168.00 9159.00
9091.00 9249.00
8847.00 8978.00
9138.00 9163.00
9183.00 9107.00
9040.00 9053.00
9098.00 8968.00
9320.00 9104.00
9112.00 8946.00
9027.00 9118.00
9295.00 9126.00
9070.00 9150.00
8766.00 8859.00
9085.00 9232.00
9053.00 9219.00
8917.00 8755.00
9083.00 9063.00
9069.00 9129.00
9093.00 9003.00
9058.00 9114.00
8994.00 8963.00
8963.00 9095.00
9115.00 9083.00
8957.00 8998.00
8686.00 8725.00
8930.00 8993.00
9201.00 9034.00
9112.00 9059.00
8792.00 8977.00
9167.00 9167.00
9126.00 8974.00
8992.00 9016.00
8827.00 8887.00
8931.00 8967.00
9069.00 8993.00
9136.00 9016.00
9044.00 8939.00
9089.00 9082.00
8852.00 8983.00
8984.00 8993.00
9100.00 8986.00
9256.00 9008.00
9184.00 9245.00
9285.00 9218.00
8752.00 8830.00
8918.00 9175.00
8722.00 8973.00
8590.00 8939.00
8962.00 8777.00
8939.00 9190.00
8886.00 8775.00
9051.00 9076.00
8864.00 9035.00
8784.00 8929.00
8879.00 8918.00
9010.89 8909.90
8870.00 8993.00
9038.00 8906.00
9047.00 9134.00
8819.00 8928.00
8980.00 8967.00
9077.00 8901.00
8892.00 8977.00
9275.00 9160.00
9006.00 8927.00
8785.00 8781.00
8901.00 9069.00
8978.00 9047.00
8872.00 8976.00
9078.00 9032.00
9143.00 8966.00
9011.00 8752.00
8805.00 8980.00
8860.00 8869.00
9274.00 9223.00
9866.00 9947.00
9165.00 8986.00
8818.00 8994.00
9098.00 9025.00
9033.00 8972.00
8963.00 8979.00
8955.00 9053.00
8679.00 8946.00
9066.00 9169.00
9106.00 8820.00
8952.00 8972.00
8897.00 8882.00
9069.00 9111.00
8815.00 9026.00
9026.00 8963.00
9274.00 9111.00
9216.00 9084.00
8765.00 8640.00
9057.00 8865.00
8960.00 8927.00
8770.00 8899.00
8825.00 9160.00
8800.00 8734.00
9159.00 9194.00
8659.00 8825.00
8880.00 8869.00
9014.00 9100.00
8760.00 8723.00
8937.00 8881.00
9284.00 9318.00
8994.00 8933.00
8866.00 8834.00
8679.00 8808.00
9133.00 9097.00
9287.00 9192.00
8720.00 8892.00
8648.00 8677.00
8823.00 8777.00
9037.00 9188.00
9057.00 8939.00
9264.00 9054.00
9098.00 9192.00
8993.00 8769.00
9073.00 9087.00
8783.00 8807.00
9066.00 9024.00
9076.00 9009.00
8827.00 8825.00
9023.00 9007.00
9051.00 8969.00
8761.00 9047.00
9015.00 8911.00
8985.00 9004.00
9020.00 8941.00
9093.00 9168.00
9219.00 8862.00
8981.00 9066.00
8838.00 8898.00
8892.00 8781.00
9086.00 8980.00
8681.00 8749.00
8952.00 8983.00
8612.00 8788.00
8822.00 8896.00
8849.00 8938.00
8967.00 8774.00
8971.00 9008.00
8799.00 8743.00
9048.00 8838.00
8807.00 8923.00
8762.00 8701.00
9078.00 9039.00
8808.00 8930.00
8712.00 8897.00
8703.00 8897.00
8694.00 8860.00
8768.00 8906.00
9014.00 8971.00
8762.00 8895.00
8835.00 8899.00
8564.00 8655.00
8737.00 8829.00
9277.00 9109.00
8862.00 8704.00
8529.00 8523.00
8878.00 8901.00
9310.00 9165.00
8737.00 8610.00
8909.00 8909.00
8786.00 8772.00
8902.00 8756.00
8833.00 8895.00
8713.00 8673.00
8608.00 8855.00
8932.00 8922.00
8657.00 8597.00
8836.00 8998.00
8928.00 8869.00
8846.00 8612.00
8597.00 8860.00
8769.00 8728.00
8696.00 8776.00
8870.00 8742.00
8622.00 8603.00
8813.00 8860.00
8563.00 8662.00
8916.00 8910.00
8641.00 8758.00
8364.00 8535.00
8890.00 8842.00
8630.00 8832.00
8480.00 8736.00
8583.00 8547.00
8810.00 8635.00
8443.00 8499.00
8631.00 8553.00
8660.00 8574.00
8834.00 8625.00
8852.00 8769.00
8906.00 8723.00
9086.00 8824.00
8477.00 8625.00
8834.00 8722.00
8768.00 8736.00
8755.00 8700.00
8705.00 8647.00
8646.00 8642.00
8941.00 8978.00
8899.00 8815.00
8601.00 8638.00
8444.00 8507.00
8655.00 8590.00
8456.00 8476.00
8594.00 8425.00
8800.00 8745.00
8843.00 8753.00
8552.00 8591.00
8982.00 8706.00
8760.00 8758.00
8507.00 8470.00
8731.00 8747.00
8629.00 8588.00
8664.00 8851.00
8240.00 8435.00
8514.00 8768.00
8555.00 8713.00
8713.00 8662.00
8610.00 8655.00
8569.00 8361.00
8591.00 8738.00
8786.00 8908.00
8586.00 8450.00
8532.67 8415.84
8674.00 8504.00
8668.00 8509.00
8686.00 8469.00
8528.00 8534.00
8456.00 8598.00
8604.00 8621.00
8654.00 8447.00
8827.00 8705.00
8840.00 8818.00
8647.00 8501.00
8446.00 8430.00
8571.00 8785.00
8385.00 8670.00
8478.00 8621.00
8493.00 8534.00
8618.00 8683.00
8577.00 8767.00
8630.00 8610.00
8772.00 8591.00
8590.00 8544.00
8738.00 8708.00
8630.00 8728.00
8481.00 8496.00
8632.00 8644.00
8698.00 8655.00
9014.00 8767.00
8569.00 8617.00
8513.00 8734.00
8622.00 8611.00
8595.00 8611.00
8919.00 8901.00
8494.00 8449.00
8674.00 8889.00
8459.00 8556.00
8766.00 8804.00
8737.00 8683.00
8370.00 8501.00
8309.00 8536.00
8886.00 8731.00
8658.00 8667.00
8491.00 8580.00
8893.00 8637.00
9025.00 8798.00
8931.00 8956.00
8516.00 8535.00
8894.00 8828.00
9094.00 8749.00
8673.00 8899.00
8864.00 8791.00
8404.00 8416.00
8827.00 8741.00
8752.00 8654.00
8610.00 8477.00
8759.00 8821.00
8954.00 8862.00
8441.00 8655.00
8614.00 8721.00
8672.00 8868.00
8764.00 8754.00
8706.00 8743.00
8737.00 8677.00
8671.00 8693.00
8520.00 8670.00
8553.00 8363.00
8827.00 8729.00
8853.00 8915.00
8599.00 8702.00
8552.00 8528.00
8750.00 8748.00
8724.00 8585.00
8531.00 8576.00
8749.00 8654.00
9186.00 9114.00
8718.00 8705.00
9040.00 8861.00
8984.00 8793.00
8895.00 8983.00
8673.00 8669.00
8962.00 8670.00
8760.00 8864.00
8676.00 8773.00
8814.00 8642.00
8781.00 8875.00
8687.00 8717.00
8636.00 8746.00
9133.00 8997.00
8591.00 8711.00
8510.00 8761.00
8749.00 8788.00
9161.00 8918.00
8845.00 8602.00
8837.00 8676.00
8874.00 8891.00
8853.00 8904.00
9013.00 8857.00
9090.00 9029.00
9141.00 9069.00
8663.00 8629.00
9081.00 8971.00
9016.00 8889.00
8883.00 8929.00
8753.00 8753.00
8751.00 8905.00
8673.00 8805.00
9005.00 9088.00
8587.00 8768.00
9084.00 9127.00
8679.00 8753.00
8770.00 8869.00
8941.00 8946.00
9255.00 9040.00
8801.00 8713.00
8990.00 8801.00
8921.00 8922.00
8845.00 8829.00
9067.00 8961.00
8858.00 8871.00
9023.00 9158.00
9144.00 8874.00
8393.00 8789.00
8797.00 8932.00
8823.00 8811.00
9017.00 9148.00
8989.00 8880.00
9049.00 8867.00
9048.00 8878.00
8845.00 8982.00
9010.00 8932.00
8839.00 8906.00
8788.00 8600.00
9003.00 8928.00
8952.00 8846.00
9262.00 9253.00
8836.00 8984.00
9232.00 9051.00
8940.00 8773.00
9079.00 8963.00
8829.00 9126.00
8827.00 9028.00
9470.00 9059.00
8905.00 9002.00
8829.00 8958.00
9009.00 9049.00
8894.00 8919.00
8977.00 8976.00
8940.00 8856.00
8742.00 8783.00
9049.00 8917.00
9043.00 8977.00
8901.00 8913.00
9077.00 9067.00
8849.00 8912.00
8917.00 8951.00
9171.00 9057.00
8669.00 8845.00
8827.00 8957.00
9161.00 8971.00
8773.00 8813.00
9411.00 9354.00
8980.00 8974.00
9202.00 9044.00
9128.00 9123.00
9015.00 9079.00
8928.00 8960.00
8966.00 9003.00
8951.00 8931.00
9015.00 9028.00
9144.00 9115.00
8948.00 8960.00
8863.00 8854.00
9155.00 9007.00
8784.00 9015.00
9327.00 9157.00
8885.15 8853.47
9196.00 9130.00
8970.00 9022.00
8692.00 8717.00
9167.00 9047.00
9052.00 8880.00
9223.00 9153.00
9152.00 9120.00
9254.00 9140.00
9058.00 8951.00
9373.00 9241.00
8967.00 8908.00
9327.00 9286.00
8660.00 8934.00
9118.00 9072.00
9188.00 9193.00
9107.00 9053.00
9247.00 9138.00
9102.00 9158.00
9039.00 9083.00
9168.00 9399.00
8876.00 8923.00
9467.00 9222.00
9008.00 9082.00
9039.00 9146.00
9021.00 9124.00
8946.00 9097.00
9119.00 9209.00
9582.00 9367.00
9323.00 9162.00
9465.00 9094.00
9085.00 9006.00
9072.00 9202.00
9180.00 9269.00
9413.00 9332.00
9214.00 9158.00
9070.00 9187.00
9710.00 9349.00
9144.00 9252.00
9066.00 9049.00
9199.00 9386.00
9087.00 9225.00
9190.00 9267.00
9455.00 9377.00
9333.00 9067.00
9205.00 9310.00
9194.00 9162.00
9231.00 9069.00
9101.00 9082.00
9206.00 9188.00
9080.00 9156.00
9187.00 9231.00
9301.00 9240.00
9242.00 9319.00
9091.00 9097.00
9010.00 9136.00
8844.00 9128.00
9030.00 8983.00
8977.00 9332.00
9140.00 9069.00
9147.00 9067.00
9596.00 9376.00
8937.00 9059.00
9214.00 9137.00
9120.00 9079.00
9394.00 9309.00
9242.00 9150.00
9387.00 9224.00
9402.00 9164.00
9182.00 9182.00
8937.00 9098.00
9266.00 9083.00
9047.00 9265.00
9133.00 9116.00
9258.00 9283.00
9255.00 9116.00
8913.00 9046.00
9273.00 9256.00
9286.00 9252.00
9243.00 9048.00
9332.00 9122.00
9115.00 9065.00
9533.00 9283.00
9462.00 9331.00
9180.00 9000.00
9232.00 9248.00
9095.00 9045.00
9500.00 9405.00
9536.00 9281.00
8946.00 8939.00
9088.00 8974.00
8977.00 8980.00
9091.00 8937.00
9001.00 9203.00
9078.00 9069.00
8999.00 9182.00
8870.00 8912.00
8799.00 8955.00
9119.00 9227.00
9075.00 8994.00
9211.00 9137.00
9509.00 9299.00
9084.00 9257.00
9036.00 9053.00
8941.00 9008.00
9319.00 8975.00
9311.00 9223.00
9270.00 9466.00
8968.00 8984.00
9334.00 9290.00
8927.00 9115.00
9075.00 8983.00
9396.00 9314.00
9252.00 9206.00
8807.00 9115.00
9102.00 9048.00
9152.00 9031.00
9155.00 9168.00
9046.00 9085.00
9266.00 9111.00
9165.00 9113.00
9397.00 9174.00
8997.00 9168.00
9193.00 9203.00
9099.00 9032.00
8959.00 8911.00
9186.00 9105.00
9024.00 8986.00
9292.00 9129.00
9204.00 9093.00
8907.00 8991.00
8933.00 9040.00
8745.00 8816.00
9076.00 9149.00
9192.00 8936.00
9205.00 9160.00
9004.00 9053.00
8865.00 8992.00
9175.00 9185.00
9110.00 9130.00
8985.00 8980.00
9368.00 9007.00
9069.00 9086.00
9076.00 8980.00
9026.00 9023.00
9005.00 8947.00
9293.00 9171.00
8890.00 8896.00
9052.00 9097.00
9167.00 9155.00
9265.00 9101.00
8785.00 8914.00
9389.00 9082.00
8884.00 8926.00
9218.00 9024.00
8929.00 9026.00
9129.00 9021.00
9091.00 9003.00
8871.00 9030.00
8844.00 9024.00
9435.00 9140.00
9104.00 9130.00
9449.00 9064.00
8961.00 8890.00
9119.00 9065.00
8865.00 9124.00
9069.00 9147.00
9300.00 9020.00
9216.00 9135.00
9201.00 8932.00
9244.00 9225.00
9164.36 9011.88
9292.00 9047.00
9271.00 9136.00
8955.00 8922.00
9268.00 9227.00
8979.00 9026.00
8799.00 9010.00
9160.00 8987.00
9134.00 9162.00
9273.00 9085.00
8925.00 9060.00
9190.00 9076.00
9074.00 9022.00
9122.00 9136.00
9192.00 9192.00
9175.00 9115.00
9149.00 9088.00
9163.00 9281.00
9032.00 9150.00
8783.00 8900.00
9013.00 9091.00
8955.00 8963.00
9225.00 9240.00
8759.00 8867.00
9142.00 9011.00
8978.00 8946.00
9099.00 9087.00
8932.00 9053.00
8693.00 9041.00
9125.00 9052.00
9134.00 9200.00
9338.00 9120.00
9324.00 9128.00
8812.00 9028.00
9101.00 9081.00
8807.00 8967.00
8993.00 9036.00
9204.00 9105.00
8897.00 8927.00
8769.00 9033.00
9502.00 9263.00
9078.00 9110.00
9126.00 9120.00
8790.00 8924.00
9186.00 8964.00
8942.00 9140.00
9291.00 9272.00
9093.00 9256.00
9237.00 9052.00
9316.00 9291.00
9006.00 9115.00
9117.00 9085.00
8954.00 9021.00
9296.00 9055.00
9806.00 9482.00
9362.00 9125.00
9138.00 9260.00
9135.00 9246.00
9289.00 9303.00
9134.00 9159.00
9149.00 9133.00
9239.00 9325.00
9242.00 9242.00
8941.00 9267.00
9212.00 9145.00
9382.00 9227.00
8961.00 9199.00
9233.00 9235.00
9236.00 9278.00
9319.00 9134.00
9135.00 9081.00
9292.00 9307.00
9453.00 9241.00
9187.00 9318.00
8939.00 9068.00
9149.00 9283.00
9446.00 9326.00
9217.00 9176.00
9350.00 9382.00
9172.00 9155.00
9198.00 9170.00
9205.00 9235.00
9430.00 9403.00
9318.00 9386.00
9923.00 9948.00
9123.00 9295.00
9121.00 9294.00
9142.00 9244.00
9611.00 9429.00
9402.00 9205.00
9365.00 9566.00
8973.00 9206.00
9117.00 9242.00
9150.00 9349.00
9443.00 9441.00
9614.00 9486.00
9314.00 9327.00
9059.00 9156.00
9289.00 9309.00
9270.00 9411.00
9446.00 9336.00
9344.00 9208.00
9025.00 9162.00
9508.00 9486.00
9328.00 9334.00
9554.00 9442.00
9269.00 9387.00
9578.00 9401.00
9318.00 9542.00
9386.00 9468.00
9468.00 9426.00
9514.00 9483.00
9184.00 9263.00
9420.00 9386.00
9336.00 9494.00
9318.00 9324.00
9319.00 9285.00
9235.00 9289.00
9396.00 9431.00
9456.00 9297.00
9550.00 9564.00
9477.00 9573.00
9592.00 9401.00
9692.00 9505.00
9224.00 9391.00
9544.00 9564.00
9388.00 9439.00
9310.00 9374.00
9555.00 9468.00
9396.00 9203.00
9453.00 9532.00
9439.00 9532.00
9163.00 9279.00
9656.00 9511.00
9175.00 9320.00
9262.00 9367.00
9353.00 9539.00
9340.00 9299.00
9471.00 9638.00
9426.00 9503.00
9495.00 9315.00
9467.00 9397.00
9611.00 9490.00
9706.00 9404.00
9447.00 9534.00
9567.00 9382.00
9706.00 9634.00
9438.00 9400.00
9646.00 9606.00
9645.00 9453.00
9413.00 9586.00
9513.00 9546.00
9658.00 9347.00
9882.00 9507.00
9513.00 9483.00
9651.00 9785.00
9504.00 9340.00
9370.00 9501.00
9600.00 9621.00
9444.00 9463.00
9463.00 9599.00
9451.00 9492.00
9540.00 9567.00
9430.00 9499.00
9531.00 9555.00
9679.00 9755.00
9418.00 9519.00
9328.00 9538.00
9499.00 9560.00
9375.00 9360.00
9605.94 9395.05
9528.00 9423.00
9602.00 9604.00
9420.00 9472.00
9439.00 9398.00
9535.00 9577.00
9726.00 9548.00
10729.00 10332.00
9570.00 9585.00
9448.00 9508.00
9540.00 9433.00
9462.00 9329.00
9617.00 9682.00
9259.00 9273.00
9682.00 9706.00
9315.00 9335.00
9515.00 9629.00
9463.00 9503.00
9427.00 9513.00
9617.00 9583.00
9816.00 9530.00
9571.00 9600.00
9501.00 9416.00
9678.00 9596.00
9308.00 9378.00
9770.00 9695.00
9748.00 9627.00
9462.00 9531.00
9823.00 9697.00
9582.00 9630.00
9484.00 9445.00
9537.00 9592.00
9640.00 9623.00
9691.00 9580.00
9998.00 10111.00
9838.00 9751.00
9263.00 9434.00
9454.00 9442.00
9331.00 9588.00
9436.00 9525.00
9481.00 9434.00
9427.00 9627.00
9319.00 9330.00
9769.00 9732.00
9601.00 9666.00
9595.00 9554.00
9917.00 9551.00
9753.00 9639.00
9392.00 9390.00
9989.00 9828.00
9604.00 9630.00
9660.00 9842.00
9416.00 9402.00
9763.00 9621.00
10013.00 9764.00
9521.00 9555.00
9557.00 9623.00
9461.00 9593.00
9667.00 9566.00
9459.00 9484.00
9859.00 9793.00
9789.00 9630.00
9753.00 9750.00
9507.00 9427.00
9634.00 9581.00
9844.00 9620.00
9600.00 9846.00
9941.00 9641.00
9731.00 9631.00
9572.00 9611.00
9681.00 9554.00
9509.00 9562.00
9444.00 9470.00
9369.00 9404.00
9686.00 9566.00
9597.00 9437.00
9517.00 9488.00
9383.00 9383.00
9531.00 9649.00
9669.00 9700.00
9785.00 9762.00
9491.00 9685.00
9936.00 9673.00
9410.00 9493.00
9588.00 9606.00
9517.00 9580.00
9790.00 9791.00
9771.00 9695.00
9590.00 9666.00
9494.00 9552.00
9478.00 9434.00
9736.00 9613.00
9595.00 9727.00
9375.00 9611.00
9484.00 9661.00
9750.00 9533.00
9179.00 9392.00
9631.00 9683.00
9602.00 9683.00
9763.00 9614.00
9402.00 9532.00
9750.00 9739.00
9847.00 9804.00
9472.00 9537.00
9775.00 9791.00
9333.00 9421.00
9513.00 9426.00
9763.00 9761.00
9896.00 9709.00
9770.00 9689.00
9438.00 9608.00
9845.00 9663.00
9669.00 9726.00
9683.00 9707.00
9647.00 9748.00
9641.00 9716.00
9378.00 9645.00
9669.00 9703.00
9592.00 9593.00
9482.00 9604.00
9716.00 9716.00
9515.00 9584.00
9511.00 9562.00
9361.00 9643.00
9929.00 9859.00
9494.00 9450.00
9851.00 9749.00
9879.00 9772.00
9514.00 9882.00
9765.00 9575.00
9784.00 9839.00
9723.00 9685.00
9564.00 9616.00
9777.00 9772.00
9548.00 9421.00
9353.00 9750.00
9707.00 9739.00
9581.00 9540.00
9591.00 9572.00
9330.00 9636.00
9742.00 9731.00
9698.00 9488.00
9665.00 9601.00
9679.00 9667.00
9390.00 9764.00
9721.00 9649.00
9497.00 9682.00
9915.00 9827.00
9486.00 9455.00
9650.00 9845.00
9774.00 9655.00
9883.00 9753.00
9808.00 9743.00
9787.00 9663.00
9828.00 9689.00
9716.00 9690.00
9679.00 9626.00
9826.00 9763.00
9710.00 9762.00
9705.00 9620.00
9890.00 9727.00
9759.00 9818.00
9751.00 9678.00
9596.00 9783.00
9668.00 9766.00
9687.00 9970.00
9603.00 9714.00
9688.00 9864.00
9583.00 9544.00
9555.00 9591.00
9697.00 9647.00
9347.52 9475.25
9602.00 9432.00
10209.00 10181.00
9442.00 9558.00
9822.00 9735.00
9995.00 9893.00
10098.00 9950.00
9391.00 9404.00
9763.00 9921.00
9716.00 9556.00
9844.00 9784.00
9395.00 9633.00
9598.00 9630.00
9740.00 9782.00
9726.00 9779.00
9609.00 9732.00
9958.00 9996.00
9360.00 9547.00
9930.00 9743.00
9601.00 9747.00
9889.00 9758.00
9932.00 9802.00
9722.00 9681.00
9797.00 9824.00
9613.00 9433.00
9614.00 9802.00
9760.00 9934.00
9713.00 9885.00
9996.00 9896.00
9438.00 9613.00
9750.00 9706.00
9936.00 9928.00
9494.00 9627.00
9988.00 9851.00
9780.00 9808.00
9720.00 9648.00
9971.00 9841.00
9916.00 9915.00
10002.00 9820.00
9642.00 9784.00
10168.00 10010.00
10067.00 10111.00
9804.00 9722.00
9770.00 9833.00
9866.00 9923.00
9763.00 9879.00
10033.00 9812.00
9695.00 9683.00
10001.00 10019.00
9799.00 9856.00
10072.00 9920.00
9695.00 9707.00
9823.00 9849.00
9916.00 9817.00
9894.00 9862.00
10010.00 10045.00
10063.00 9863.00
9862.00 9795.00
9929.00 9841.00
10272.00 10254.00
9559.00 9641.00
9781.00 9873.00
9964.00 9930.00
9875.00 9848.00
9855.00 9932.00
9880.00 10018.00
9898.00 9991.00
9742.00 9843.00
10121.00 10000.00
9868.00 9886.00
9740.00 9723.00
10074.00 10130.00
9922.00 9945.00
10059.00 10116.00
9962.00 10006.00
9878.00 10187.00
10059.00 10088.00
9891.00 9868.00
9784.00 9895.00
10247.00 10250.00
9944.00 9813.00
10071.00 10054.00
9878.00 9887.00
9805.00 9925.00
9841.00 10075.00
9945.00 10122.00
10218.00 10260.00
9951.00 9993.00
10030.00 10277.00
9756.00 9864.00
9974.00 10201.00
10141.00 10086.00
9747.00 9863.00
10115.00 10085.00
9923.00 10058.00
10126.00 10047.00
9844.00 10126.00
9924.00 10007.00
10294.00 10176.00
10076.00 10147.00
10304.00 10271.00
10236.00 10308.00
9748.00 9983.00
10204.00 10263.00
10100.00 10151.00
10163.00 10047.00
10745.00 10813.00
10143.00 10341.00
10242.00 10075.00
10619.00 10306.00
10254.00 10152.00
10455.00 10245.00
10424.00 10405.00
10186.00 10191.00
10015.00 10078.00
10016.00 10271.00
9843.00 9942.00
10098.00 10119.00
9918.00 10025.00
10320.00 10331.00
9982.00 9975.00
10148.00 10165.00
10232.00 10331.00
10280.00 10328.00
10238.00 10161.00
10396.00 10200.00
10145.00 10321.00
10294.00 10400.00
10514.00 10298.00
10038.00 10240.00
10000.00 10238.00
10404.00 10512.00
10121.00 10274.00
9999.00 10021.00
10346.00 10346.00
10343.00 10456.00
10231.00 10307.00
10182.00 10281.00
10492.00 10434.00
9885.00 10123.00
10490.00 10496.00
10426.00 10180.00
10452.00 10346.00
10083.00 10279.00
10138.00 10238.00
10215.00 10370.00
10266.00 10286.00
10226.00 10144.00
10530.00 10734.00
10126.00 10453.00
10612.00 10658.00
10169.00 10148.00
10342.00 10404.00
10914.00 10690.00
10182.00 10360.00
10471.00 10452.00
10526.00 10291.00
10620.00 10427.00
10182.00 10311.00
10263.00 10201.00
10678.00 10416.00
10279.00 10315.00
10284.00 10515.00
10559.00 10371.00
10219.00 10386.00
10178.00 10230.00
10505.00 10273.00
10335.00 10469.00
10428.00 10394.00
10315.00 10206.00
10576.00 10278.00
10644.00 10599.00
10043.00 10060.00
10425.00 10338.00
10416.00 10491.00
10458.00 10418.00
10186.00 10172.00
10598.02 10566.34
10605.00 10680.00
10380.00 10320.00
10495.00 10288.00
10402.00 10351.00
10243.00 10401.00
10219.00 10353.00
10172.00 10374.00
10228.00 10370.00
10450.00 10502.00
10473.00 10464.00
10565.00 10490.00
10597.00 10477.00
10118.00 10300.00
10261.00 10424.00
10685.00 10583.00
10632.00 10350.00
10266.00 10258.00
10557.00 10493.00
10368.00 10443.00
10584.00 10504.00
10518.00 10537.00
10523.00 10557.00
10390.00 10237.00
10281.00 10321.00
10522.00 10664.00
10513.00 10891.00
10651.00 10422.00
10034.00 9963.00
10991.00 10747.00
10160.00 10296.00
10763.00 10593.00
10441.00 10467.00
10528.00 10332.00
10219.00 10277.00
10501.00 10496.00
10399.00 10462.00
10661.00 10813.00
10270.00 10428.00
10473.00 10496.00
10353.00 10403.00
10104.00 10485.00
10699.00 10426.00
10235.00 10315.00
10510.00 10457.00
10634.00 10722.00
10739.00 10621.00
10251.00 10375.00
10657.00 10494.00
10453.00 10352.00
10048.00 10451.00
10164.00 10363.00
10331.00 10254.00
10724.00 10774.00
10459.00 10648.00
10518.00 10598.00
10354.00 10529.00
10340.00 10510.00
10563.00 10450.00
10319.00 10570.00
10314.00 10319.00
10727.00 10839.00
10543.00 10612.00
10848.00 10401.00
10692.00 10517.00
10396.00 10343.00
10203.00 10308.00
10693.00 10664.00
10453.00 10425.00
10425.00 10607.00
10750.00 10754.00
10224.00 10390.00
10656.00 10547.00
10930.00 10778.00
10580.00 10631.00
10179.00 10311.00
10812.00 10677.00
10751.00 10720.00
10508.00 10557.00
10451.00 10566.00
10412.00 10791.00
10481.00 10591.00
10696.00 10677.00
10742.00 10804.00
10579.00 10525.00
10379.00 10602.00
10958.00 10674.00
10604.00 10544.00
10592.00 10700.00
10623.00 10595.00
10460.00 10805.00
10347.00 10460.00
10746.00 10763.00
10875.00 10906.00
10394.00 10426.00
10605.00 10653.00
10568.00 10622.00
10375.00 10611.00
10563.00 10759.00
10826.00 10713.00
10610.00 10852.00
10604.00 10679.00
10438.00 10609.00
10540.00 10700.00
10580.00 10581.00
10200.00 10530.00
10733.00 10497.00
10650.00 10738.00
11183.00 11108.00
10523.00 10893.00
10734.00 10572.00
10174.00 10384.00
10864.00 10809.00
10685.00 10718.00
10727.00 10909.00
10667.00 10614.00
10339.00 10536.00
10842.00 10712.00
10932.00 10887.00
10885.00 10820.00
10584.00 10541.00
10635.00 10593.00
10849.00 10773.00
10560.00 10717.00
10474.00 10706.00
11039.00 11019.00
10790.00 10815.00
10683.00 10788.00
10716.00 10739.00
10588.00 10738.00
10813.00 10741.00
10736.00 10958.00
11035.00 10737.00
10847.00 10996.00
10731.00 10826.00
10632.00 10856.00
10768.00 10869.00
10786.00 10873.00
10664.00 10904.00
11028.00 10941.00
10889.00 10836.00
10679.00 10803.00
10800.00 10908.00
10613.00 10813.00
10643.00 10677.00
11154.00 11179.00
10754.00 10783.00
10922.00 10929.00
10754.00 10848.00
10994.00 11037.00
10604.00 10808.00
10821.00 10979.00
11163.00 10870.00
10872.00 10758.00
10880.00 10702.00
10983.00 10858.00
10786.00 10787.00
10691.00 10684.00
10588.00 10747.00
10816.00 10857.00
10833.00 10875.00
11062.00 11055.00
10951.00 10953.00
10928.00 10958.00
10981.00 10827.00
10756.00 10988.00
10949.00 11067.00
10653.00 10632.00
11210.00 11302.00
10860.00 10884.00
10846.00 10988.00
10742.00 10870.00
10616.00 10720.00
10983.00 11001.00
10868.00 10854.00
11000.00 10912.00
11215.00 11099.00
10623.76 10590.10
10868.00 10984.00
11106.00 11130.00
11335.00 11092.00
11193.00 11075.00
11152.00 11149.00
11063.00 11085.00
10835.00 10954.00
11131.00 11123.00
10943.00 10950.00
11125.00 10987.00
11413.00 11262.00
10674.00 10984.00
11261.00 11146.00
10924.00 10885.00
11187.00 11283.00
10820.00 10952.00
11333.00 11301.00
11012.00 10955.00
11386.00 11248.00
11398.00 11404.00
11095.00 11039.00
11165.00 11116.00
11001.00 11151.00
11063.00 11217.00
11077.00 11283.00
10890.00 11220.00
11152.00 11063.00
11088.00 11130.00
11324.00 11240.00
11475.00 11155.00
11184.00 11157.00
11072.00 11240.00
10878.00 10944.00
11189.00 11147.00
11483.00 11368.00
10936.00 11027.00
11578.00 11621.00
11241.00 11088.00
11259.00 11393.00
11394.00 11203.00
11415.00 11240.00
11159.00 11348.00
11392.00 11347.00
11450.00 11285.00
10887.00 11285.00
11262.00 11239.00
11253.00 11014.00
11235.00 11363.00
11472.00 11425.00
11270.00 11442.00
11668.00 11388.00
11459.00 11407.00
11133.00 11225.00
11504.00 11547.00
11017.00 11207.00
10849.00 10891.00
11853.00 11588.00
11186.00 11018.00
11247.00 11360.00
11347.00 11310.00
