0.17 0.44
38.04 37.64
51.95 52.02
54.10 54.04
55.16 54.76
57.36 56.93
56.99 57.73
56.54 57.01
62.12 62.24
59.80 58.85
56.93 56.52
57.26 55.99
54.98 55.25
55.73 55.34
59.39 59.87
66.69 67.29
60.29 58.90
65.94 66.27
57.02 57.99
61.98 62.18
58.86 58.96
61.49 60.71
61.54 62.58
66.47 66.80
56.95 56.31
61.87 62.27
62.18 62.96
62.85 62.82
58.73 57.55
59.91 61.49
61.53 61.29
61.07 60.89
62.60 62.19
58.46 57.89
61.33 60.49
61.25 60.32
68.20 68.94
57.73 57.20
65.63 66.75
59.09 59.70
60.74 60.26
59.35 59.59
67.04 66.40
63.02 62.77
57.31 57.70
53.80 54.29
67.68 67.37
64.25 65.45
67.75 68.09
64.59 63.66
65.40 65.89
63.37 63.16
63.73 63.72
64.46 64.11
62.50 61.55
58.26 58.21
64.16 63.92
57.96 59.16
66.48 66.57
66.21 67.47
70.46 69.90
64.75 64.33
63.59 63.77
66.53 66.02
63.38 62.64
65.56 66.88
69.76 69.45
67.05 66.83
67.40 67.81
65.65 65.79
68.75 69.43
58.22 58.92
64.14 63.99
64.25 63.84
61.98 60.50
57.50 56.64
66.32 66.74
62.35 60.96
63.61 63.39
63.45 63.38
69.07 69.06
56.02 56.03
64.73 64.24
61.57 62.39
64.57 64.70
57.67 57.96
64.05 64.63
62.56 62.20
67.46 66.53
64.41 65.09
60.86 61.78
65.89 66.27
68.39 68.84
60.74 61.08
67.78 68.04
59.66 59.41
65.68 67.21
64.77 64.84
67.29 67.63
63.94 63.77
65.13 65.72
60.64 58.84
67.36 68.38
66.47 66.39
68.41 68.18
61.51 61.23
67.22 67.12
66.04 65.30
70.00 70.18
61.50 61.01
69.43 70.34
67.63 67.28
60.96 60.49
59.11 58.16
65.34 65.13
67.93 66.89
68.02 67.90
62.20 63.11
70.72 72.05
64.95 64.74
66.76 67.18
69.60 69.29
66.66 65.73
62.42 62.96
63.01 62.10
62.62 63.06
67.07 66.09
63.47 63.07
62.84 64.18
64.95 63.58
72.09 71.89
74.67 75.95
66.77 66.00
69.56 69.55
64.29 63.94
73.09 72.12
73.62 73.68
73.62 72.61
70.08 69.49
71.99 71.69
68.78 68.58
71.68 71.94
73.36 72.74
67.64 67.24
70.76 71.20
73.75 73.56
63.46 63.02
73.12 73.58
72.45 72.27
65.66 66.80
70.04 69.94
73.95 74.41
71.57 70.73
67.78 68.60
62.95 63.48
69.08 68.73
69.89 69.49
69.55 70.36
64.85 65.86
65.83 65.68
63.24 64.07
64.65 64.42
68.89 67.91
69.57 70.78
66.05 64.89
65.61 65.95
61.43 60.89
67.78 66.53
62.98 63.18
69.03 69.05
70.36 69.71
63.34 63.19
64.76 63.58
62.40 62.93
66.16 65.41
64.34 64.36
59.03 58.84
70.62 70.76
67.91 67.55
65.62 66.37
65.29 65.52
66.18 66.50
65.49 66.37
64.71 65.08
64.05 64.75
66.83 65.12
59.85 60.99
68.54 68.25
71.54 69.97
64.26 64.63
73.21 72.92
69.43 70.61
72.79 73.51
70.89 72.08
64.97 64.11
64.89 65.22
70.48 70.42
69.95 70.36
61.17 61.84
69.02 69.44
61.35 60.47
69.29 68.25
63.16 64.06
66.51 66.19
56.77 56.68
71.39 71.28
70.79 70.41
70.55 71.03
61.02 61.18
67.35 67.14
65.09 64.40
70.00 69.96
59.41 59.78
63.39 64.98
68.49 69.11
67.68 66.98
61.51 61.44
69.79 68.82
57.58 56.76
73.02 72.54
73.11 73.53
70.98 71.71
71.95 73.45
75.21 75.37
68.91 68.62
70.52 70.40
71.73 71.35
64.75 63.75
59.68 58.34
54.93 55.22
73.18 73.09
60.55 59.25
74.21 74.59
71.70 71.24
68.77 67.63
58.68 59.06
67.26 66.48
71.75 71.91
66.36 68.20
67.51 67.64
63.35 62.55
67.64 67.97
68.48 67.31
69.17 69.25
62.36 62.15
60.35 60.71
58.10 57.42
66.64 66.33
69.43 68.08
64.16 64.94
65.73 66.95
66.55 66.04
65.00 65.34
71.73 72.57
62.04 62.82
71.36 71.33
72.53 72.84
57.85 57.37
62.70 61.82
61.98 62.41
68.22 68.28
65.78 65.36
65.79 65.12
66.78 67.54
69.57 68.12
57.52 57.54
68.63 69.16
66.01 66.57
61.98 62.81
69.27 69.07
63.04 62.87
61.43 62.64
58.05 59.23
64.42 64.04
65.68 66.63
69.55 68.79
61.76 62.68
66.52 65.88
62.37 62.38
67.35 66.57
58.18 56.75
61.81 62.77
66.26 66.36
66.05 67.23
58.38 58.98
61.28 61.39
57.64 57.03
63.00 61.80
55.97 55.37
69.28 69.48
57.33 57.95
58.25 58.63
57.12 56.23
64.99 63.82
61.16 60.63
67.87 67.24
55.82 56.22
64.80 65.77
61.33 62.52
61.99 62.03
58.02 58.21
60.12 59.52
62.76 62.33
63.92 64.61
61.34 62.18
58.19 57.70
62.29 63.65
58.38 58.68
56.48 56.32
63.01 62.83
62.50 61.69
63.79 64.16
65.46 64.84
61.98 62.89
60.61 60.41
57.45 56.84
63.58 63.84
64.97 66.00
62.05 61.56
69.58 68.29
69.07 68.98
56.95 56.84
65.47 66.56
61.66 61.10
66.11 66.22
68.02 69.32
68.05 67.49
56.99 57.74
66.42 66.03
63.84 63.98
59.86 60.24
65.27 65.15
66.68 65.69
65.64 65.55
64.20 63.68
55.92 55.26
59.30 59.72
66.71 67.45
67.08 66.67
60.24 60.26
66.52 66.87
65.21 65.61
62.86 62.29
62.11 62.39
61.05 61.67
64.42 64.34
59.98 59.93
66.54 68.44
63.50 63.38
60.62 61.20
59.03 58.57
63.55 64.62
66.51 67.01
63.38 62.65
64.66 65.58
54.45 54.67
64.84 65.80
62.14 62.20
69.93 70.13
68.62 68.89
68.78 68.76
63.77 64.65
68.54 67.27
66.41 66.74
76.03 76.00
71.89 72.25
70.23 71.90
61.93 62.12
68.24 66.62
65.77 65.95
58.98 57.84
63.19 64.06
69.96 70.51
65.34 65.80
74.30 74.07
67.86 67.61
68.64 68.38
68.66 67.78
54.45 53.27
64.32 64.81
57.25 57.48
62.79 63.46
74.50 74.27
69.89 69.81
60.47 60.38
64.63 63.45
64.80 65.53
68.82 68.67
64.23 64.75
67.85 67.63
51.38 50.97
62.61 63.31
56.16 55.87
66.34 66.02
56.71 56.89
64.81 65.15
61.39 62.41
66.08 65.11
64.20 64.31
64.21 63.94
62.00 63.91
64.54 64.35
59.74 59.38
67.28 67.11
71.15 70.82
60.54 60.36
64.71 63.83
63.98 63.41
58.15 58.09
64.55 63.31
65.98 65.84
61.76 61.69
65.29 65.61
62.78 62.06
65.61 65.05
68.62 69.36
69.91 71.15
63.57 63.75
64.66 64.66
68.54 68.58
69.15 69.14
66.18 66.90
66.28 66.19
69.17 69.29
54.69 55.16
67.21 66.87
56.12 56.51
71.87 73.00
58.34 57.48
68.49 68.04
70.88 70.71
71.77 73.06
70.06 70.35
72.76 73.23
70.80 71.16
71.59 71.56
67.10 66.34
67.29 68.41
55.27 56.08
62.08 60.36
63.96 63.86
59.62 61.26
66.54 65.75
57.73 57.13
69.58 69.27
63.92 64.69
62.97 63.65
60.16 59.33
66.28 66.95
60.65 60.59
57.90 58.50
61.28 60.89
62.90 63.89
67.34 66.65
62.13 62.38
57.66 57.33
55.83 54.90
56.47 56.50
60.13 60.88
64.98 66.48
64.27 64.60
57.39 56.74
62.30 61.86
59.14 59.58
63.88 63.18
67.14 68.23
58.87 57.79
65.36 65.58
61.24 61.59
67.12 66.22
63.14 63.32
59.92 59.43
64.22 64.32
67.08 67.32
61.39 60.23
61.86 62.96
65.13 64.18
64.83 65.67
56.65 58.63
62.00 62.48
59.07 59.02
58.79 59.28
59.35 59.62
62.13 62.39
53.34 53.38
62.79 63.38
67.49 67.68
62.27 60.77
62.93 63.22
66.58 66.96
61.41 61.33
67.75 67.59
56.70 57.46
65.57 65.29
58.71 58.36
70.58 70.80
59.75 59.54
70.54 69.71
54.79 56.52
66.60 66.77
57.12 56.77
50.78 51.73
54.57 54.91
65.49 65.68
63.23 62.38
57.96 58.47
54.18 54.73
54.36 55.05
61.88 61.58
59.48 60.06
59.70 60.47
58.49 59.95
69.64 70.18
61.62 61.36
68.31 68.60
54.87 55.03
63.09 62.33
67.24 65.96
67.00 66.11
64.59 63.08
63.16 62.06
51.70 51.62
68.05 67.27
66.82 67.07
61.23 61.41
64.64 64.83
56.98 56.81
68.82 68.38
58.91 59.41
62.16 62.39
62.88 62.40
64.87 65.88
69.14 69.69
61.03 61.73
59.55 60.67
65.76 66.80
57.86 58.16
60.75 60.67
70.22 70.70
62.91 62.89
57.59 57.54
62.98 62.12
58.14 56.95
59.25 59.30
63.34 62.49
58.83 59.53
61.54 61.82
54.93 54.76
58.70 58.72
60.20 61.22
56.98 57.63
58.97 59.08
57.55 57.15
59.21 59.75
59.79 60.66
59.96 60.46
58.67 58.61
62.81 62.69
62.34 62.06
62.11 62.85
61.19 61.23
57.58 58.29
62.50 63.16
64.86 65.61
63.27 62.08
61.18 61.17
58.32 58.18
58.40 59.16
61.46 61.13
55.33 55.32
54.52 54.79
64.07 64.18
65.09 64.44
66.12 64.83
62.34 63.46
51.73 51.46
59.20 59.20
60.83 61.26
57.21 56.44
63.50 63.66
59.88 59.89
65.48 65.32
56.39 56.11
64.83 65.53
54.08 54.20
57.67 57.66
63.43 63.52
60.49 60.75
55.80 56.09
59.27 57.96
57.70 57.45
63.68 63.32
57.89 56.92
57.47 56.39
59.37 59.38
62.00 61.96
60.82 60.65
47.15 47.66
61.42 62.07
62.55 62.64
57.07 57.99
58.77 58.81
54.04 54.61
55.70 55.59
62.46 62.59
60.82 60.59
53.22 52.67
60.64 60.55
54.05 54.10
57.05 57.89
62.10 60.80
49.16 48.98
55.92 56.07
62.34 63.88
61.52 62.04
55.23 54.45
60.23 59.30
65.69 65.55
56.46 55.97
59.06 59.16
59.90 60.23
57.35 57.22
63.68 63.20
60.94 60.12
60.06 60.73
55.47 55.57
55.16 55.39
62.10 62.06
55.84 55.72
54.96 54.91
67.40 66.83
63.05 63.43
65.22 65.16
64.79 64.96
60.32 60.61
58.62 58.72
52.39 51.74
57.13 58.25
59.58 59.35
55.85 56.24
60.45 60.36
56.01 56.25
60.31 60.32
59.93 60.95
61.74 61.79
63.88 63.37
65.58 67.45
57.64 56.96
58.89 58.85
58.87 59.40
60.56 60.75
65.21 64.68
65.26 65.79
63.02 62.33
57.96 57.08
61.62 62.03
55.08 55.33
61.14 60.38
56.03 55.96
59.06 59.85
65.37 65.04
59.39 59.42
57.88 57.96
67.55 67.27
64.01 63.46
53.17 53.13
64.67 64.97
70.75 70.98
61.88 62.43
71.43 70.94
69.25 68.54
69.88 69.72
63.53 63.87
56.52 56.97
65.24 65.00
69.48 69.39
62.59 62.08
70.34 71.76
61.36 61.88
65.69 65.10
58.54 58.77
62.02 62.43
65.28 64.86
57.02 56.69
60.66 60.27
60.96 61.41
58.36 58.11
61.33 61.44
62.94 62.50
58.15 57.96
60.98 61.55
66.52 67.59
61.55 61.50
60.82 60.78
59.08 60.53
58.89 58.97
58.31 57.48
65.46 64.79
54.07 53.65
61.29 61.25
56.78 56.77
58.01 57.81
59.79 60.96
59.79 59.69
64.42 63.77
56.91 57.34
57.04 55.95
58.56 59.13
62.27 61.80
58.82 59.36
58.97 59.14
61.38 61.34
60.51 60.05
64.63 65.34
55.12 54.80
59.19 59.43
59.87 60.72
53.60 54.57
54.12 54.51
54.43 53.79
60.77 61.08
55.67 55.13
57.90 58.39
56.17 56.36
58.54 58.70
57.02 56.04
48.23 48.12
57.29 57.20
52.02 51.56
61.68 62.10
50.83 50.95
52.00 52.04
66.10 65.43
64.94 64.17
58.94 58.89
60.61 60.57
57.33 56.96
57.70 58.53
61.79 61.76
62.39 62.98
53.51 54.75
51.87 53.00
54.98 54.65
57.82 57.80
61.23 63.42
63.97 63.70
54.25 54.14
57.01 57.53
58.10 58.55
58.95 59.52
61.95 61.05
57.92 58.48
53.87 53.45
58.67 58.24
57.30 56.73
60.43 60.28
62.63 61.51
47.35 48.06
60.67 61.13
52.00 52.46
67.13 66.80
66.83 65.55
69.01 67.72
50.68 51.10
48.44 48.86
59.86 59.41
59.29 60.24
62.54 61.56
57.56 57.59
63.77 64.93
46.82 46.56
66.25 66.21
65.36 65.75
68.56 68.45
59.33 59.08
65.20 64.96
57.14 58.29
51.09 52.70
65.13 64.34
51.43 50.12
56.88 57.26
66.39 65.87
57.12 58.12
63.46 63.31
55.25 55.57
54.12 54.75
68.13 67.54
58.25 58.48
63.97 63.61
67.61 66.16
50.08 49.96
62.77 63.86
57.98 57.45
58.33 58.66
58.82 59.54
59.73 59.71
60.62 60.37
57.75 57.28
55.68 55.16
55.35 55.64
63.09 63.29
60.77 60.70
53.55 53.70
57.99 57.68
52.25 52.45
55.67 56.51
51.23 51.52
59.31 59.69
64.89 64.06
65.16 66.04
65.02 64.35
52.76 54.22
59.02 58.67
57.66 56.99
53.52 54.45
64.07 64.23
66.11 65.93
62.00 62.42
64.72 63.50
57.98 58.38
64.99 64.98
63.35 63.50
61.00 59.92
55.31 56.07
66.04 66.81
52.35 52.75
64.99 66.00
58.82 58.96
69.51 68.64
56.64 56.81
57.98 58.40
52.87 53.66
61.98 61.83
57.72 57.98
55.73 55.02
65.44 64.89
51.71 53.02
68.70 67.59
57.78 57.56
50.20 50.41
58.78 58.59
62.39 62.93
63.38 64.21
57.29 57.68
57.36 58.37
66.25 65.76
61.02 60.43
59.24 59.79
58.71 58.68
60.79 61.27
61.28 62.10
53.99 53.91
58.05 59.22
61.15 61.38
61.21 61.10
66.35 66.61
66.72 67.46
58.04 58.29
67.01 68.10
62.31 61.26
65.78 65.32
55.79 53.91
53.18 53.60
62.00 61.88
62.87 62.77
61.82 61.79
63.02 61.68
63.86 64.34
54.09 54.11
61.90 62.11
52.86 52.70
63.15 62.79
51.15 51.41
61.31 60.89
54.83 55.32
55.59 54.75
61.96 62.47
56.31 56.19
58.20 57.16
52.94 52.89
64.88 65.29
68.05 68.86
56.65 57.36
69.48 70.05
66.45 66.48
65.62 65.55
61.86 62.54
56.79 57.82
66.97 67.51
66.90 68.00
56.08 55.85
54.10 53.46
63.80 63.96
60.47 61.39
59.36 59.86
56.85 56.36
64.09 64.18
61.90 63.16
57.58 57.62
70.63 71.70
65.73 65.61
60.28 60.82
56.78 56.57
63.62 62.42
56.90 55.86
70.36 70.23
64.93 64.91
66.29 66.32
56.44 56.40
65.06 65.50
68.43 67.70
61.02 60.83
63.46 63.90
61.14 60.05
63.43 61.67
57.74 56.93
60.14 60.70
62.62 62.49
58.52 57.88
63.69 65.11
67.38 67.24
61.35 61.04
60.86 60.01
61.50 61.66
54.21 53.06
65.89 65.70
69.79 70.78
58.91 58.81
59.89 60.13
65.53 65.54
68.56 69.04
60.91 61.86
63.43 62.45
62.41 61.98
64.34 63.76
62.57 61.79
65.62 64.04
63.21 63.75
64.95 64.27
62.67 62.97
62.90 62.50
65.96 66.64
70.68 70.66
65.81 65.02
61.01 61.01
64.70 62.85
60.98 59.44
66.91 66.99
60.61 59.14
56.64 56.53
65.70 64.67
63.22 62.89
61.50 60.87
57.29 57.17
55.28 54.90
65.26 64.22
62.78 63.57
61.65 60.95
55.32 56.09
58.86 59.10
60.93 60.48
62.58 62.50
64.71 65.00
60.54 60.91
61.87 62.24
57.70 57.54
65.66 64.38
52.55 53.64
62.12 61.73
59.39 59.36
62.20 61.94
56.85 57.46
60.57 61.86
60.71 60.05
54.66 54.10
55.97 56.14
56.35 54.69
61.66 61.61
59.43 58.77
55.04 55.02
48.44 48.01
46.47 45.83
59.41 59.38
55.69 56.67
55.62 55.19
55.44 56.28
51.64 52.15
56.70 56.76
65.92 66.54
58.29 59.06
59.62 59.67
55.52 55.38
59.85 59.17
51.75 51.66
47.37 46.89
57.28 57.89
55.17 54.95
58.27 59.07
49.66 47.96
49.52 48.84
58.36 58.27
53.74 52.14
51.46 51.24
57.74 56.54
64.21 64.98
49.75 49.11
38.43 38.63
38.21 38.53
38.55 39.31
37.74 38.29
34.98 35.11
35.85 35.90
36.29 35.18
36.19 35.87
35.68 34.91
35.56 35.50
34.58 34.93
35.64 35.71
35.62 35.95
36.41 35.76
35.18 35.09
35.22 35.17
35.61 35.66
35.57 35.75
36.29 35.42
34.96 35.08
36.31 36.01
35.22 35.44
35.62 36.17
35.35 35.55
36.07 35.43
36.11 35.87
35.36 35.41
34.91 35.11
36.26 35.10
35.13 34.41
37.12 36.58
36.49 35.57
35.03 34.48
36.26 35.84
35.68 35.80
35.81 35.68
35.19 35.18
36.34 35.76
35.14 35.64
34.49 35.05
35.81 35.60
35.61 35.86
35.81 35.55
36.22 36.77
34.10 35.15
34.95 35.47
34.96 34.89
36.26 35.67
36.27 36.21
36.06 36.13
36.10 36.22
36.73 36.02
34.81 35.51
33.83 33.52
34.77 35.06
35.50 35.97
36.08 36.30
35.68 35.36
35.41 35.45
36.36 35.79
35.93 35.74
36.38 35.82
35.41 35.75
36.23 35.37
35.12 35.33
36.48 36.79
36.11 36.88
35.24 34.60
36.78 36.27
36.38 35.30
35.97 36.06
35.31 35.16
35.75 36.20
34.99 35.90
34.36 34.19
36.56 36.18
36.36 35.29
35.05 35.19
34.77 35.38
35.80 35.43
35.56 35.70
35.50 34.97
35.82 35.40
35.66 35.69
35.35 36.01
35.27 35.77
34.73 35.00
35.05 35.35
36.30 36.04
35.73 35.65
34.56 35.35
36.41 36.32
34.80 35.34
35.55 35.96
35.83 35.72
35.92 35.77
35.42 35.05
34.40 34.89
34.81 35.38
35.44 35.40
35.94 35.25
36.38 36.19
35.89 35.50
34.62 34.84
35.25 34.56
34.99 35.00
35.27 35.77
36.37 35.52
34.43 35.24
35.18 35.88
35.51 35.21
36.06 35.06
34.82 35.55
35.30 34.73
35.16 35.92
36.09 35.98
36.79 35.88
34.72 35.32
35.81 36.09
36.60 35.61
35.71 34.95
34.89 35.29
35.88 35.91
35.56 35.12
35.72 36.37
36.53 35.50
36.30 35.77
35.23 35.36
35.54 35.12
35.21 35.79
34.70 34.58
35.53 35.50
36.28 35.73
35.72 35.25
35.18 34.92
35.62 35.58
37.04 36.63
36.63 36.48
36.69 36.36
35.55 35.59
36.12 35.70
36.15 35.62
36.78 36.37
35.89 35.46
34.94 34.71
33.88 34.62
36.52 35.52
34.62 35.27
34.96 35.32
36.27 34.90
35.61 35.26
36.26 35.38
35.57 35.36
35.14 35.00
35.55 35.31
34.83 35.70
35.74 35.95
35.69 35.16
35.33 35.04
34.46 35.21
35.81 35.78
35.51 36.13
34.56 35.07
35.70 35.79
35.87 35.57
35.31 35.36
35.54 35.03
36.41 35.56
35.59 34.95
35.26 35.62
36.31 35.65
35.43 35.74
34.24 34.61
35.49 36.06
35.36 36.01
34.83 34.20
35.48 35.40
35.43 35.66
35.52 35.17
35.38 35.60
35.13 35.01
35.01 35.53
35.61 35.48
34.99 35.15
33.93 34.08
34.88 35.13
35.94 35.29
35.59 35.39
34.34 35.07
35.81 35.81
35.65 35.05
35.12 35.22
34.48 34.71
34.89 35.03
35.43 35.13
35.69 35.22
35.33 34.92
35.50 35.48
34.58 35.09
35.09 35.13
35.55 35.10
36.16 35.19
35.88 36.11
36.27 36.01
34.19 34.49
34.84 35.84
34.07 35.05
33.55 34.92
35.01 34.29
34.92 35.90
34.71 34.28
35.36 35.45
34.62 35.29
34.31 34.88
34.68 34.84
35.20 34.80
34.65 35.13
35.30 34.79
35.34 35.68
34.45 34.88
35.08 35.03
35.46 34.77
34.73 35.07
36.23 35.78
35.18 34.87
34.32 34.30
34.77 35.43
35.07 35.34
34.66 35.06
35.46 35.28
35.71 35.02
35.20 34.19
34.39 35.08
34.61 34.64
36.23 36.03
38.54 38.86
35.80 35.11
34.45 35.13
35.54 35.25
35.29 35.05
35.01 35.07
34.98 35.36
33.90 34.95
35.41 35.82
35.57 34.45
34.97 35.05
34.75 34.70
35.43 35.59
34.43 35.26
35.26 35.01
36.23 35.59
36.00 35.48
34.24 33.75
35.38 34.63
35.00 34.87
34.26 34.76
34.47 35.78
34.38 34.12
35.78 35.91
33.82 34.47
34.69 34.64
35.21 35.55
34.22 34.07
34.91 34.69
36.27 36.40
35.13 34.89
34.63 34.51
33.90 34.41
35.68 35.54
36.28 35.91
34.06 34.73
33.78 33.89
34.46 34.29
35.30 35.89
35.38 34.92
36.19 35.37
35.54 35.91
35.13 34.25
35.44 35.50
34.31 34.40
35.41 35.25
35.45 35.19
34.48 34.47
35.25 35.18
35.36 35.04
34.22 35.34
35.21 34.81
35.10 35.17
35.23 34.93
35.52 35.81
36.01 34.62
35.08 35.41
34.52 34.76
34.73 34.30
35.49 35.08
33.91 34.18
34.97 35.09
33.64 34.33
34.46 34.75
34.57 34.91
35.03 34.27
35.04 35.19
34.37 34.15
35.34 34.52
34.40 34.86
34.23 33.99
35.46 35.31
34.41 34.88
34.03 34.75
34.00 34.75
33.96 34.61
34.25 34.79
35.21 35.04
34.23 34.75
34.51 34.76
33.45 33.81
34.13 34.49
36.24 35.58
34.62 34.00
33.32 33.29
34.68 34.77
36.37 35.80
34.13 33.63
34.80 34.80
34.32 34.27
34.77 34.20
34.50 34.75
34.04 33.88
33.62 34.59
34.89 34.85
33.82 33.58
34.52 35.15
34.88 34.64
34.55 33.64
33.58 34.61
34.25 34.09
33.97 34.28
34.65 34.15
33.68 33.61
34.43 34.61
33.45 33.84
34.83 34.80
33.75 34.21
32.67 33.34
34.73 34.54
33.71 34.50
33.12 34.12
33.53 33.39
34.41 33.73
32.98 33.20
33.71 33.41
33.83 33.49
34.51 33.69
34.58 34.25
34.79 34.07
35.49 34.47
33.12 33.69
34.50 34.07
34.25 34.12
34.20 33.98
34.00 33.78
33.77 33.76
34.93 35.07
34.76 34.43
33.60 33.74
32.98 33.23
33.81 33.55
33.03 33.11
33.57 32.91
34.38 34.16
34.54 34.19
33.41 33.56
35.09 34.01
34.22 34.21
33.23 33.09
34.11 34.17
33.71 33.55
33.84 34.57
32.19 32.95
33.26 34.25
33.42 34.04
34.04 33.84
33.63 33.81
33.47 32.66
33.56 34.13
34.32 34.80
33.54 33.01
33.33 32.88
33.88 33.21
33.86 33.24
33.93 33.08
33.31 33.34
33.03 33.59
33.61 33.68
33.80 33.00
34.48 34.00
34.53 34.45
33.78 33.21
32.99 32.93
33.48 34.32
32.75 33.87
33.12 33.68
33.18 33.34
33.66 33.92
33.50 34.25
33.71 33.63
34.27 33.56
33.55 33.38
34.13 34.02
33.71 34.09
33.13 33.19
33.72 33.77
33.98 33.81
35.21 34.25
33.47 33.66
33.25 34.12
33.68 33.64
33.57 33.64
34.84 34.77
33.18 33.00
33.88 34.72
33.04 33.42
34.24 34.39
34.13 33.92
32.70 33.21
32.46 33.34
34.71 34.11
33.82 33.86
33.17 33.52
34.74 33.74
35.25 34.37
34.89 34.98
33.27 33.34
34.74 34.48
35.52 34.18
33.88 34.76
34.62 34.34
32.83 32.88
34.48 34.14
34.19 33.80
33.63 33.11
34.21 34.46
34.98 34.62
32.97 33.81
33.65 34.07
33.88 34.64
34.23 34.20
34.01 34.15
34.13 33.89
33.87 33.96
33.28 33.87
33.41 32.67
34.48 34.10
34.58 34.82
33.59 33.99
33.41 33.31
34.18 34.17
34.08 33.54
33.32 33.50
34.18 33.80
35.88 35.60
34.05 34.00
35.31 34.62
35.09 34.34
34.75 35.09
33.88 33.86
35.01 33.87
34.22 34.62
33.89 34.27
34.43 33.76
34.30 34.67
33.93 34.05
33.73 34.16
35.68 35.14
33.56 34.03
33.24 34.22
34.18 34.33
35.79 34.84
34.55 33.60
34.52 33.89
34.66 34.73
34.58 34.78
35.21 34.60
35.51 35.27
35.71 35.43
33.84 33.71
35.47 35.04
35.22 34.72
34.70 34.88
34.19 34.19
34.18 34.79
33.88 34.39
35.18 35.50
33.55 34.25
35.48 35.65
33.90 34.19
34.26 34.64
34.93 34.95
36.15 35.31
34.38 34.04
35.12 34.38
34.85 34.85
34.55 34.49
35.42 35.00
34.60 34.65
35.25 35.77
35.72 34.66
32.79 34.33
34.36 34.89
34.46 34.42
35.22 35.73
35.11 34.69
35.35 34.64
35.34 34.68
34.55 35.09
35.20 34.89
34.53 34.79
34.33 33.59
35.17 34.88
34.97 34.55
36.18 36.14
34.52 35.09
36.06 35.36
34.92 34.27
35.46 35.01
34.49 35.65
34.48 35.27
36.99 35.39
34.79 35.16
34.49 34.99
35.19 35.35
34.74 34.84
35.07 35.06
34.92 34.59
34.15 34.31
35.35 34.83
35.32 35.07
34.77 34.82
35.46 35.42
34.57 34.81
34.83 34.96
35.82 35.38
33.86 34.55
34.48 34.99
35.79 35.04
34.27 34.43
36.76 36.54
35.08 35.05
35.95 35.33
35.66 35.64
35.21 35.46
34.88 35.00
35.02 35.17
34.96 34.89
35.21 35.27
35.72 35.61
34.95 35.00
34.62 34.59
35.76 35.18
34.31 35.21
36.43 35.77
34.71 34.58
35.92 35.67
35.04 35.24
33.95 34.05
35.81 35.34
35.36 34.69
36.03 35.75
35.75 35.62
36.15 35.70
35.38 34.96
36.61 36.10
35.03 34.80
36.43 36.27
33.83 34.90
35.62 35.44
35.89 35.91
35.57 35.36
36.12 35.70
35.55 35.77
35.31 35.48
35.81 36.71
34.67 34.86
36.98 36.02
35.19 35.48
35.31 35.73
35.24 35.64
34.95 35.54
35.62 35.97
37.43 36.59
36.42 35.79
36.97 35.52
35.49 35.18
35.44 35.95
35.86 36.21
36.77 36.45
35.99 35.77
35.43 35.89
37.93 36.52
35.72 36.14
35.41 35.35
35.93 36.66
35.50 36.04
35.90 36.20
36.93 36.63
36.46 35.42
35.96 36.37
35.91 35.79
36.06 35.43
35.55 35.48
35.96 35.89
35.47 35.77
35.89 36.06
36.33 36.09
36.10 36.40
35.51 35.54
35.20 35.69
34.55 35.66
35.27 35.09
35.07 36.45
35.70 35.43
35.73 35.42
37.48 36.62
34.91 35.39
35.99 35.69
35.62 35.46
36.70 36.36
36.10 35.74
36.67 36.03
36.73 35.80
35.87 35.87
34.91 35.54
36.20 35.48
35.34 36.19
35.68 35.61
36.16 36.26
36.15 35.61
34.82 35.34
36.22 36.16
36.27 36.14
36.11 35.34
36.45 35.63
35.61 35.41
37.24 36.26
36.96 36.45
35.86 35.16
36.06 36.12
35.53 35.33
37.11 36.74
37.25 36.25
34.95 34.92
35.50 35.05
35.07 35.08
35.52 34.91
35.16 35.95
35.46 35.43
35.15 35.87
34.65 34.81
34.37 34.98
35.62 36.04
35.45 35.13
35.98 35.69
37.14 36.32
35.48 36.16
35.30 35.36
34.93 35.19
36.40 35.06
36.37 36.03
36.21 36.98
35.03 35.09
36.46 36.29
34.87 35.61
35.45 35.09
36.70 36.38
36.14 35.96
34.40 35.61
35.55 35.34
35.75 35.28
35.76 35.81
35.34 35.49
36.20 35.59
35.80 35.60
36.71 35.84
35.14 35.81
35.91 35.95
35.54 35.28
35.00 34.81
35.88 35.57
35.25 35.10
36.30 35.66
35.96 35.52
34.79 35.12
34.89 35.31
34.16 34.44
35.45 35.74
35.91 34.91
35.95 35.78
35.17 35.36
34.63 35.12
35.84 35.88
35.59 35.66
35.10 35.08
36.59 35.18
35.43 35.49
35.45 35.08
35.26 35.24
35.18 34.95
36.30 35.82
34.73 34.75
35.36 35.54
35.81 35.76
36.19 35.55
34.32 34.82
36.68 35.48
34.70 34.87
36.01 35.25
34.88 35.26
35.66 35.24
35.51 35.17
34.65 35.27
34.55 35.25
36.86 35.70
35.56 35.66
36.91 35.41
35.00 34.73
35.62 35.41
34.63 35.64
35.43 35.73
36.33 35.23
36.00 35.68
35.94 34.89
36.11 36.04
35.80 35.20
36.30 35.34
36.21 35.69
34.98 34.85
36.20 36.04
35.07 35.26
34.37 35.20
35.78 35.11
35.68 35.79
36.22 35.49
34.86 35.39
35.90 35.45
35.45 35.24
35.63 35.69
35.91 35.91
35.84 35.61
35.74 35.50
35.79 36.25
35.28 35.74
34.31 34.77
35.21 35.51
34.98 35.01
36.04 36.09
34.21 34.64
35.71 35.20
35.07 34.95
35.54 35.50
34.89 35.36
33.96 35.32
35.64 35.36
35.68 35.94
36.48 35.62
36.42 35.66
34.42 35.27
35.55 35.47
34.40 35.03
35.13 35.30
35.95 35.57
34.75 34.87
34.25 35.29
37.12 36.18
35.46 35.59
35.65 35.62
34.34 34.86
35.88 35.02
34.93 35.70
36.29 36.22
35.52 36.16
36.08 35.36
36.39 36.29
35.18 35.61
35.62 35.49
34.97 35.24
36.31 35.37
38.30 37.04
36.57 35.64
35.70 36.17
35.68 36.12
36.29 36.34
35.68 35.78
35.74 35.68
36.09 36.43
36.10 36.10
34.93 36.20
35.98 35.72
36.65 36.04
35.00 35.93
36.07 36.07
36.08 36.24
36.40 35.68
35.68 35.47
36.30 36.36
36.93 36.10
35.89 36.40
34.92 35.42
35.74 36.26
36.90 36.43
36.00 35.84
36.52 36.65
35.83 35.76
35.93 35.82
35.96 36.07
36.84 36.73
36.40 36.66
38.76 38.86
35.64 36.31
35.63 36.30
35.71 36.11
37.54 36.83
36.73 35.96
36.58 37.37
35.05 35.96
35.61 36.10
35.74 36.52
36.89 36.88
37.56 37.05
36.38 36.43
35.39 35.77
36.29 36.36
36.21 36.76
36.90 36.47
36.50 35.97
35.25 35.79
37.14 37.05
36.44 36.46
37.32 36.88
36.21 36.67
37.41 36.72
36.40 37.27
36.66 36.98
36.98 36.82
37.16 37.04
35.88 36.18
36.80 36.66
36.47 37.09
36.40 36.42
36.40 36.27
36.07 36.29
36.70 36.84
36.94 36.32
37.30 37.36
37.02 37.39
37.47 36.72
37.86 37.13
36.03 36.68
37.28 37.36
36.67 36.87
36.37 36.62
37.32 36.98
36.70 35.95
36.93 37.23
36.87 37.23
35.79 36.25
37.72 37.15
35.84 36.41
36.18 36.59
36.54 37.26
36.48 36.32
37.00 37.65
36.82 37.12
37.09 36.39
36.98 36.71
37.54 37.07
37.91 36.73
36.90 37.24
37.37 36.65
37.91 37.63
36.87 36.72
37.68 37.52
37.68 36.93
36.77 37.45
37.16 37.29
37.73 36.51
38.60 37.14
37.16 37.04
37.70 38.22
37.12 36.48
36.60 37.11
37.50 37.58
36.89 36.96
36.96 37.50
36.92 37.08
37.27 37.37
36.84 37.11
37.23 37.32
37.81 38.11
36.79 37.18
36.44 37.26
37.11 37.34
36.62 36.56
37.52 36.70
37.22 36.81
37.51 37.52
36.80 37.00
36.87 36.71
37.25 37.41
38.00 37.30
41.91 40.36
37.38 37.44
36.91 37.14
37.27 36.85
36.96 36.44
37.57 37.82
36.17 36.22
37.82 37.91
36.39 36.46
37.17 37.61
36.96 37.12
36.82 37.16
37.57 37.43
38.34 37.23
37.39 37.50
37.11 36.78
37.80 37.49
36.36 36.63
38.16 37.87
38.08 37.61
36.96 37.23
38.37 37.88
37.43 37.62
37.05 36.89
37.25 37.47
37.66 37.59
37.86 37.42
39.05 39.50
38.43 38.09
36.18 36.85
36.93 36.88
36.45 37.45
36.86 37.21
37.04 36.85
36.82 37.61
36.40 36.45
38.16 38.02
37.50 37.76
37.48 37.32
38.74 37.31
38.10 37.65
36.69 36.68
39.02 38.39
37.52 37.62
37.73 38.45
36.78 36.73
38.14 37.58
39.11 38.14
37.19 37.32
37.33 37.59
36.96 37.47
37.76 37.37
36.95 37.05
38.51 38.25
38.24 37.62
38.10 38.09
37.14 36.82
37.63 37.43
38.45 37.58
37.50 38.46
38.83 37.66
38.01 37.62
37.39 37.54
37.82 37.32
37.14 37.35
36.89 36.99
36.60 36.73
37.84 37.37
37.49 36.86
37.18 37.06
36.65 36.65
37.23 37.69
37.77 37.89
38.22 38.13
37.07 37.83
38.81 37.79
36.76 37.08
37.45 37.52
37.18 37.42
38.24 38.25
38.17 37.87
37.46 37.76
37.09 37.31
37.02 36.85
38.03 37.55
37.48 38.00
36.62 37.54
37.05 37.74
38.09 37.24
35.86 36.69
37.62 37.82
37.51 37.82
38.14 37.55
36.73 37.23
38.09 38.04
38.46 38.30
37.00 37.25
38.18 38.25
36.46 36.80
37.16 36.82
38.14 38.13
38.66 37.93
38.16 37.85
36.87 37.53
38.46 37.75
37.77 37.99
37.82 37.92
37.68 38.08
37.66 37.95
36.63 37.68
37.77 37.90
37.47 37.47
37.04 37.52
37.95 37.95
37.17 37.44
37.15 37.35
36.57 37.67
38.79 38.51
37.09 36.91
38.48 38.08
38.59 38.17
37.16 38.60
38.14 37.40
38.22 38.43
37.98 37.83
37.36 37.56
38.19 38.17
37.30 36.80
36.54 38.09
37.92 38.04
37.43 37.27
37.46 37.39
36.45 37.64
38.05 38.01
37.88 37.06
37.75 37.50
37.81 37.76
36.68 38.14
37.97 37.69
37.10 37.82
38.73 38.39
37.05 36.93
37.70 38.46
38.18 37.71
38.61 38.10
38.31 38.06
38.23 37.75
38.39 37.85
37.95 37.85
37.81 37.60
38.38 38.14
37.93 38.13
37.91 37.58
38.63 38.00
38.12 38.35
38.09 37.80
37.48 38.21
37.77 38.15
37.84 38.95
37.51 37.95
37.84 38.53
37.43 37.28
37.32 37.46
37.88 37.68
36.51 37.01
37.51 36.84
39.88 39.77
36.88 37.34
38.37 38.03
39.04 38.64
39.45 38.87
36.68 36.73
38.14 38.75
37.95 37.33
38.45 38.22
36.70 37.63
37.49 37.62
38.05 38.21
37.99 38.20
37.54 38.02
38.90 39.05
36.56 37.29
38.79 38.06
37.50 38.07
38.63 38.12
38.80 38.29
37.98 37.82
38.27 38.38
37.55 36.85
37.55 38.29
38.12 38.80
37.94 38.62
39.05 38.65
36.87 37.55
38.09 37.91
38.81 38.78
37.09 37.61
39.02 38.48
38.20 38.31
37.97 37.69
38.95 38.44
38.73 38.73
39.07 38.36
37.66 38.22
39.72 39.10
39.32 39.50
38.30 37.98
38.16 38.41
38.54 38.76
38.14 38.59
39.19 38.33
37.87 37.82
39.07 39.14
38.28 38.50
39.34 38.75
37.87 37.92
38.37 38.47
38.73 38.35
38.65 38.52
39.10 39.24
39.31 38.53
38.52 38.26
38.79 38.44
40.12 40.05
37.34 37.66
38.21 38.57
38.92 38.79
38.57 38.47
38.50 38.80
38.59 39.13
38.66 39.03
38.05 38.45
39.54 39.06
38.55 38.62
38.05 37.98
39.35 39.57
38.76 38.85
39.29 39.52
38.91 39.09
38.59 39.79
39.29 39.41
38.64 38.55
38.22 38.65
40.03 40.04
38.84 38.33
39.34 39.27
38.59 38.62
38.30 38.77
38.44 39.36
38.85 39.54
39.91 40.08
38.87 39.04
39.18 40.14
38.11 38.53
38.96 39.85
39.61 39.40
38.07 38.53
39.51 39.39
38.76 39.29
39.55 39.25
38.45 39.55
38.77 39.09
40.21 39.75
39.36 39.64
40.25 40.12
39.98 40.27
38.08 39.00
39.86 40.09
39.45 39.65
39.70 39.25
41.97 42.24
39.62 40.39
40.01 39.36
41.48 40.26
40.05 39.66
40.84 40.02
40.72 40.64
39.79 39.81
39.12 39.36
39.12 40.12
38.45 38.84
39.45 39.53
38.74 39.16
40.31 40.36
38.99 38.96
39.64 39.71
39.97 40.36
40.16 40.34
39.99 39.69
40.61 39.84
39.63 40.32
40.21 40.62
41.07 40.23
39.21 40.00
39.06 39.99
40.64 41.06
39.54 40.13
39.06 39.14
40.41 40.41
40.40 40.84
39.96 40.26
39.77 40.16
40.98 40.76
38.61 39.54
40.98 41.00
40.73 39.77
40.83 40.41
39.39 40.15
39.60 39.99
39.90 40.51
40.10 40.18
39.95 39.62
41.13 41.93
39.55 40.83
41.45 41.63
39.72 39.64
40.40 40.64
42.63 41.76
39.77 40.47
40.90 40.83
41.12 40.20
41.48 40.73
39.77 40.28
40.09 39.85
41.71 40.69
40.15 40.29
40.17 41.07
41.25 40.51
39.92 40.57
39.76 39.96
41.04 40.13
40.37 40.89
40.73 40.60
40.29 39.87
41.31 40.15
41.58 41.40
39.23 39.30
40.72 40.38
40.69 40.98
40.85 40.70
39.79 39.73
41.40 41.27
41.43 41.72
40.55 40.31
41.00 40.19
40.63 40.43
40.01 40.63
39.92 40.44
39.73 40.52
39.95 40.51
40.82 41.02
40.91 40.88
41.27 40.98
41.39 40.93
39.52 40.23
40.08 40.72
41.74 41.34
41.53 40.43
40.10 40.07
41.24 40.99
40.50 40.79
41.34 41.03
41.09 41.16
41.11 41.24
40.59 39.99
40.16 40.32
41.10 41.66
41.07 42.54
41.61 40.71
39.20 38.92
42.93 41.98
39.69 40.22
42.04 41.38
40.79 40.89
41.12 40.36
39.92 40.14
41.02 41.00
40.62 40.87
41.64 42.24
40.12 40.73
40.91 41.00
40.44 40.64
39.47 40.96
41.79 40.73
39.98 40.29
41.05 40.85
41.54 41.88
41.95 41.49
40.04 40.53
41.63 40.99
40.83 40.44
39.25 40.82
39.70 40.48
40.36 40.05
41.89 42.09
40.86 41.59
41.09 41.40
40.45 41.13
40.39 41.05
41.26 40.82
40.31 41.29
40.29 40.31
41.90 42.34
41.18 41.45
42.38 40.63
41.77 41.08
40.61 40.40
39.86 40.27
41.77 41.65
40.83 40.72
40.72 41.43
41.99 42.01
39.94 40.59
41.62 41.20
42.70 42.10
41.32 41.53
39.76 40.28
42.23 41.71
42.00 41.88
41.05 41.24
40.82 41.27
40.68 42.15
40.94 41.37
41.78 41.71
41.96 42.20
41.32 41.11
40.54 41.41
42.80 41.70
41.42 41.19
41.38 41.80
41.50 41.39
40.86 42.21
40.42 40.86
41.98 42.04
42.48 42.60
40.60 40.73
41.43 41.61
41.28 41.49
40.53 41.45
41.26 42.03
42.29 41.85
41.45 42.39
41.42 41.71
40.77 41.44
41.17 41.80
41.33 41.33
39.84 41.13
41.93 41.00
41.60 41.95
43.68 43.39
41.11 42.55
41.93 41.30
39.74 40.56
42.44 42.23
41.74 41.86
41.90 42.61
41.67 41.46
40.39 41.16
42.35 41.84
42.70 42.53
42.52 42.27
41.34 41.18
41.54 41.38
42.38 42.08
41.25 41.86
40.91 41.82
43.12 43.04
42.15 42.25
41.73 42.14
41.86 41.95
41.36 41.95
42.24 41.96
41.94 42.80
43.11 41.94
42.37 42.95
41.92 42.29
41.53 42.41
42.06 42.46
42.13 42.47
41.66 42.59
43.08 42.74
42.54 42.33
41.71 42.20
42.19 42.61
41.46 42.24
41.57 41.71
43.57 43.67
42.01 42.12
42.66 42.69
42.01 42.38
42.95 43.11
41.42 42.22
42.27 42.89
43.61 42.46
42.47 42.02
42.50 41.80
42.90 42.41
42.13 42.14
41.76 41.73
41.36 41.98
42.25 42.41
42.32 42.48
43.21 43.18
42.78 42.79
42.69 42.81
42.89 42.29
42.02 42.92
42.77 43.23
41.61 41.53
43.79 44.15
42.42 42.52
42.37 42.92
41.96 42.46
41.47 41.88
42.90 42.97
42.45 42.40
42.97 42.62
43.81 43.36
41.50 41.37
42.45 42.91
43.38 43.48
44.28 43.33
43.72 43.26
43.56 43.55
43.21 43.30
42.32 42.79
43.48 43.45
42.75 42.77
43.46 42.92
44.58 43.99
41.70 42.91
43.99 43.54
42.67 42.52
43.70 44.07
42.27 42.78
44.27 44.14
43.02 42.79
44.48 43.94
44.52 44.55
43.34 43.12
43.61 43.42
42.97 43.56
43.21 43.82
43.27 44.07
42.54 43.83
43.56 43.21
43.31 43.48
44.23 43.91
44.82 43.57
43.69 43.58
43.25 43.91
42.49 42.75
43.71 43.54
44.86 44.41
42.72 43.07
45.23 45.39
43.91 43.31
43.98 44.50
44.51 43.76
44.59 43.91
43.59 44.33
44.50 44.32
44.73 44.08
42.53 44.08
43.99 43.90
43.96 43.02
43.89 44.39
44.81 44.63
44.03 44.70
45.57 44.48
44.76 44.56
43.49 43.85
44.94 45.11
43.04 43.78
42.38 42.54
46.30 45.27
43.70 43.04
43.93 44.38
44.32 44.18
