1.67 94.02
30490.00 30447.00
37992.00 37863.00
37748.00 37978.00
38291.00 37862.00
38227.00 37883.00
37665.00 38055.00
38130.00 37838.00
37749.00 37866.00
37797.00 38160.00
37756.00 37608.00
37874.00 38023.00
37576.00 37706.00
37960.00 37661.00
37786.00 37454.00
38055.00 38007.00
37737.00 38236.00
38000.00 37831.00
38006.00 37873.00
37526.00 37973.00
38040.00 37854.00
37929.00 37982.00
38035.00 37856.00
38164.00 37959.00
37745.00 38217.00
37786.00 37811.00
37931.00 37866.00
37730.00 37760.00
37828.00 37749.00
37886.00 38077.00
37753.00 38004.00
38226.00 37644.00
38015.00 37635.00
38048.00 37929.00
37841.00 37834.00
37834.00 37940.00
37831.00 37982.00
37919.00 37709.00
37760.00 38149.00
37603.00 37890.00
38101.00 38060.00
37725.00 38165.00
37303.00 37402.00
38056.00 37910.00
38044.00 38010.00
38007.00 37888.00
38013.00 37861.00
37514.00 37566.00
38036.00 37756.00
37971.00 37619.00
35282.00 35486.00
33916.00 34132.00
33795.00 33786.00
34562.00 34299.00
35475.00 35336.00
33250.00 33473.00
33420.00 32973.00
33281.00 33562.00
32769.00 32486.00
32900.00 32770.00
32986.00 32716.00
32138.00 31967.00
32117.00 32221.00
31600.00 31295.00
33841.00 33867.00
31809.00 31614.00
31845.00 31869.00
30377.00 30749.00
30343.00 30375.00
30957.00 30929.00
31147.00 31188.00
30444.00 30336.00
30955.00 31460.00
31207.00 31402.00
31902.00 31560.00
30793.00 30934.00
31194.00 31042.00
31359.00 30845.00
30122.00 30323.00
31147.00 31031.00
31435.00 31249.00
31484.00 31278.00
30741.00 30718.00
32822.00 32870.00
30293.00 30326.00
30372.00 30871.00
30364.00 30466.00
30874.00 30831.00
31381.00 30896.00
30719.00 30774.00
30118.00 30422.00
31297.00 31672.00
30551.00 30672.00
31896.00 31814.00
31200.00 31228.00
31151.00 31044.00
30676.00 30677.00
30767.00 30692.00
31180.00 31084.00
30786.00 31116.00
31188.00 30976.00
31554.00 31498.00
30980.00 31421.00
31418.00 31317.00
30707.00 30574.00
31259.00 30832.00
30726.00 30969.00
30701.00 31129.00
31562.00 31432.00
30558.00 30413.00
31059.00 30820.00
30369.00 30334.00
30168.00 29612.00
31208.00 31254.00
30549.00 30174.00
31068.00 30982.00
30347.00 31014.00
33265.00 33042.00
30660.00 30321.00
31219.00 31376.00
31025.00 30935.00
31465.00 31197.00
30574.00 30533.00
31677.00 31873.00
31252.00 31522.00
30273.00 30455.00
31598.00 31461.00
31434.00 31317.00
31559.00 31589.00
31219.00 31058.00
31900.00 31722.00
30951.00 31055.00
32064.00 32401.00
31439.00 31416.00
30864.00 31451.00
31772.00 31816.00
31486.00 31432.00
31453.00 31465.00
32774.00 32286.00
31172.00 31490.00
31444.00 31681.00
32464.00 32422.00
32405.00 32080.00
31159.00 31304.00
31777.00 31617.00
32807.00 32450.00
32201.00 32019.00
32034.00 32657.00
32329.00 32279.00
31448.00 31209.00
32362.38 32752.48
33153.00 33349.00
32495.00 32511.00
32585.00 32495.00
32661.00 32546.00
32559.00 32685.00
32151.00 32308.00
33096.00 32928.00
32882.00 32599.00
33021.00 33010.00
33116.00 33384.00
33146.00 33117.00
32877.00 33026.00
32824.00 33043.00
33342.00 33072.00
33317.00 32979.00
32969.00 33179.00
33714.00 33677.00
32565.00 32632.00
32986.00 33019.00
33067.00 33225.00
32986.00 33371.00
33216.00 33336.00
33188.00 33358.00
33592.00 33602.00
33188.00 33415.00
33403.00 33627.00
33286.00 33563.00
33394.00 33552.00
33598.00 33343.00
32903.00 32967.00
32340.00 32820.00
33637.00 33259.00
32852.00 32789.00
32716.00 32958.00
32750.00 32720.00
32817.00 32479.00
33914.00 33521.00
32969.00 33169.00
33135.00 33296.00
33187.00 32984.00
33591.00 33430.00
33330.00 33539.00
32943.00 32916.00
33761.00 33746.00
33511.00 33642.00
33594.00 33668.00
34003.00 33855.00
32563.00 33040.00
34210.00 34132.00
33543.00 33410.00
34250.00 33770.00
33685.00 33402.00
33968.00 33829.00
34095.00 33993.00
32497.00 32478.00
33346.00 33932.00
33790.00 33590.00
33963.00 34363.00
33518.00 33461.00
33998.00 34063.00
33384.00 33589.00
33863.00 33706.00
33839.00 34087.00
33507.00 33687.00
33820.00 33905.00
33844.00 33867.00
33464.00 33387.00
33577.00 33825.00
34370.00 34008.00
34033.00 34238.00
34373.00 34439.00
34202.00 34135.00
33851.00 34219.00
34323.00 34250.00
34302.00 34005.00
33631.00 33875.00
33678.00 34077.00
34660.00 34576.00
33808.00 33808.00
34215.00 34056.00
34008.00 33833.00
33445.00 33431.00
33683.00 33707.00
33486.00 33305.00
33931.00 34459.00
33140.00 33290.00
34035.00 34297.00
34101.00 34172.00
32639.00 32786.00
33879.00 33703.00
34183.00 34287.00
33702.00 33761.00
34011.00 33817.00
34411.00 34249.00
33957.00 34308.00
33918.00 34213.00
34066.00 34140.00
34568.00 34588.00
34262.00 34501.00
34244.00 34626.00
34232.00 34592.00
34337.00 34315.00
34009.00 33794.00
35181.00 34499.00
34087.00 33651.00
34381.00 34283.00
34219.00 34343.00
34650.00 34476.00
34357.00 34276.00
34153.00 34580.00
34321.00 34670.00
34025.00 34511.00
34388.00 34677.00
34738.00 34533.00
35108.00 34644.00
34426.00 34287.00
34482.00 34645.00
34385.00 34593.00
34754.00 34909.00
34554.00 34789.00
33796.00 33999.00
34013.00 33882.00
34423.00 34790.00
34407.00 34694.00
33722.00 33578.00
34347.00 34434.00
34507.00 34403.00
34061.00 34137.00
34664.00 34210.00
34582.00 34686.00
34607.00 34624.00
34332.00 34352.00
34619.00 34563.00
34985.00 35094.00
34533.00 34589.00
34773.00 34586.00
34505.00 34282.00
34639.00 34222.00
34441.00 34399.00
34371.00 34608.00
34142.00 34397.00
34603.00 34784.00
34730.00 34755.00
34487.00 34296.00
34864.00 34702.00
34515.00 34747.00
34612.00 34633.00
34587.00 34377.00
34159.00 34205.00
34738.00 34520.00
34992.00 34751.00
33619.00 34100.00
35150.00 34819.00
34091.00 34068.00
34644.00 34665.00
34643.00 34809.00
34084.00 34233.00
34692.00 34728.00
34430.00 34480.00
34026.00 34218.00
33972.00 34408.00
34663.00 34520.00
35213.00 35237.00
34701.00 34777.00
35202.00 35043.00
35190.00 34946.00
35061.00 35208.00
35039.00 34970.00
34267.00 34128.00
34646.00 34728.00
34037.00 34083.00
34955.00 34790.00
34510.00 34548.00
34845.00 34884.00
34596.00 34727.00
34888.00 34921.00
34695.00 34840.00
34808.00 34702.00
35145.00 35019.00
34397.00 34462.00
35175.00 35178.00
34893.00 35112.00
34707.00 35029.00
35105.00 34721.00
35234.00 35190.00
34352.00 34417.00
35158.00 35167.00
34336.00 34287.00
35105.00 35000.00
34421.00 34453.00
34800.00 35038.00
35184.00 35180.00
34525.00 35016.00
34423.00 34364.00
34902.00 34993.00
35091.00 34866.00
34380.00 34335.00
34975.00 34887.00
34397.00 34285.00
35034.00 34865.00
34450.00 34385.00
35232.00 35216.00
34071.00 34960.00
34703.00 34800.00
35146.00 35487.00
34269.00 34485.00
34914.00 34830.00
34996.00 34934.00
34772.00 34544.00
34302.00 34382.00
34715.00 34843.00
34850.00 34212.00
34627.00 34721.00
34805.00 34806.00
34948.00 34934.00
34917.00 34990.00
34882.00 34949.00
35253.00 35328.00
35189.00 35505.00
35016.00 34736.00
34659.00 34729.00
34736.00 34964.00
34901.00 34899.00
35160.00 34676.00
34897.00 35112.00
34704.00 34799.00
35621.00 35580.00
35576.00 35463.00
35133.00 35203.00
34915.00 34844.00
34653.00 34898.00
34377.00 34377.00
34423.00 34466.00
35260.00 35501.00
34698.00 34881.00
34807.00 34791.00
34814.00 34551.00
35352.00 35163.00
34382.00 34756.00
34335.00 34750.00
34965.00 34778.00
34863.00 35116.00
34599.00 34683.00
35533.00 35251.00
34622.77 34600.00
34892.00 34823.00
34932.00 35360.00
34866.00 35173.00
34557.00 34526.00
34653.00 34845.00
34663.00 34722.00
34985.00 35265.00
34875.00 34868.00
34514.00 35119.00
35625.00 35311.00
34701.00 34285.00
34734.00 34634.00
35246.00 34905.00
34143.00 34502.00
34986.00 34762.00
34417.00 34451.00
34423.00 34257.00
34461.00 34130.00
33813.00 34040.00
34170.00 34584.00
34929.00 35066.00
34998.00 35360.00
35043.00 35513.00
35252.00 34974.00
34322.00 34765.00
35241.00 35129.00
34674.00 35072.00
34863.00 35041.00
34787.00 34746.00
34607.00 34127.00
34817.00 34931.00
35025.00 35134.00
35240.00 34832.00
34868.00 34784.00
34961.00 34369.00
34494.00 34577.00
34237.00 34368.00
35105.00 34838.00
34592.00 34501.00
35315.00 35336.00
34276.00 34462.00
34911.00 35152.00
34789.00 34486.00
35314.00 34948.00
34871.00 34509.00
34748.00 34603.00
34550.00 34683.00
34274.00 34080.00
35202.00 34700.00
34870.00 34266.00
35281.00 34907.00
34493.00 34302.00
34719.00 34236.00
33961.00 34094.00
34494.00 34691.00
35116.00 34975.00
34834.00 34909.00
35129.00 35027.00
34368.00 34371.00
34806.00 34697.00
34207.00 34754.00
35247.00 34940.00
35174.00 34823.00
35044.00 34764.00
35055.00 34892.00
34412.00 34570.00
34924.00 35151.00
33966.00 34346.00
35060.00 35084.00
35030.00 34681.00
34479.00 34782.00
34698.00 34094.00
35190.00 34697.00
34867.00 34634.00
35520.00 35624.00
34963.00 35284.00
34623.00 34090.00
34610.00 34757.00
34976.00 34920.00
34704.00 34454.00
35176.00 35248.00
35147.00 34976.00
35114.00 34355.00
34857.00 34639.00
35130.00 35175.00
34865.00 35062.00
34968.00 35222.00
35197.00 35060.00
35146.00 35362.00
35380.00 35284.00
34859.00 34748.00
34709.00 34862.00
35090.00 34509.00
34574.00 34833.00
35074.00 34835.00
34779.00 34631.00
35025.00 35226.00
34995.00 35051.00
34952.00 35419.00
35292.00 35175.00
34567.00 34529.00
34783.00 34658.00
34932.00 35047.00
34140.00 33943.00
35844.00 35779.00
35110.00 34937.00
35205.00 35207.00
35087.00 34813.00
35011.00 34967.00
35374.00 35001.00
34825.00 34746.00
34902.00 34499.00
34704.00 34566.00
35029.00 34642.00
34569.00 34426.00
35241.00 35149.00
34795.00 35283.00
36040.00 35884.00
35274.00 34814.00
34982.00 35317.00
34617.00 34617.00
34408.00 34456.00
34929.00 34988.00
35276.00 35251.00
34939.00 34949.00
35071.00 34806.00
34837.00 34727.00
34246.00 34296.00
34590.00 35312.00
34685.00 35084.00
35221.00 35279.00
34689.00 34669.00
34730.00 34497.00
34481.00 34752.00
35222.00 34980.00
34469.00 34413.00
34967.00 34913.00
34478.00 34932.00
34513.00 34376.00
34857.00 34608.00
34768.00 34543.00
34722.00 35189.00
35013.00 35104.00
34890.00 34873.00
35314.00 35444.00
35032.00 34920.00
35258.00 34972.00
35120.00 34980.00
34875.00 35032.00
35275.00 34939.00
35264.00 35179.00
34929.00 35258.00
35299.00 35221.00
35075.00 34828.00
35372.00 36026.00
34663.00 34922.00
34808.00 34820.00
35128.00 34794.00
34979.00 34882.00
34908.00 35128.00
34846.00 34773.00
35251.00 35317.00
34765.00 34866.00
34834.00 35437.00
34995.00 34815.00
34655.00 34134.00
35260.00 34938.00
35146.00 35119.00
34970.00 34970.00
35445.00 34973.00
34561.00 34407.00
34750.00 35069.00
34807.00 35265.00
34762.00 34681.00
35197.00 34550.00
35191.00 35100.00
34883.00 34594.00
33900.00 34673.00
35172.00 35168.00
35382.00 35505.00
35577.00 35248.00
34546.00 34780.00
34812.00 34984.00
34073.00 34387.00
35710.00 35127.00
34954.00 34887.00
34761.00 34660.00
34907.00 34722.00
34801.00 35292.00
34948.00 35056.00
34934.00 34918.00
35331.00 35047.00
35107.00 34671.00
35119.00 34935.00
35188.00 35271.00
35354.00 35479.00
35299.00 35047.00
35054.00 34733.00
34532.00 34392.00
35378.00 35456.00
35123.00 35555.00
35364.00 35277.00
34657.00 34296.00
35124.00 34989.00
34416.00 35041.00
35105.00 34731.00
35135.00 34908.00
35038.00 34955.00
35217.00 35237.00
34855.00 34737.00
34856.00 34873.00
35162.00 35020.00
35264.00 35361.00
34842.00 34791.00
35026.00 34897.00
34309.00 34385.00
34703.00 34679.00
34654.00 34613.00
35421.00 35429.00
35586.00 35054.00
34975.00 34715.00
34471.00 34585.00
34934.00 34834.00
34726.00 34860.00
34906.00 35464.00
35600.00 34773.00
34552.00 34635.00
34946.00 34705.00
34783.00 35098.00
34772.00 34575.00
35608.00 35462.00
35191.00 35340.00
34806.00 35148.00
34731.00 34740.00
34894.00 34753.00
35826.00 35375.00
34692.00 34919.00
35288.00 35249.00
35008.00 34497.00
35159.00 34774.00
35017.00 34762.00
35513.00 35008.00
34622.00 34923.00
34118.00 34351.00
34538.00 34448.00
35100.00 34818.00
34079.00 34351.00
34276.00 34380.00
35264.00 35105.00
34720.00 34391.00
34800.00 34748.00
34632.00 34282.00
34222.77 34563.37
35229.00 34957.00
35394.00 35317.00
35311.00 35093.00
35166.00 35010.00
35419.00 35146.00
34875.00 34745.00
34894.00 34796.00
35059.00 34503.00
34791.00 34870.00
35126.00 34606.00
34847.00 34359.00
34871.00 35160.00
34735.00 34432.00
35010.00 34903.00
34049.00 34502.00
35284.00 35198.00
34575.00 34720.00
34810.00 34839.00
35176.00 35412.00
34853.00 35083.00
35105.00 35069.00
34818.00 34737.00
35264.00 35216.00
34627.00 34141.00
34714.00 34789.00
34888.00 35055.00
34883.00 34954.00
34902.00 34981.00
34365.00 34241.00
34750.00 34907.00
34825.00 34672.00
34195.00 34377.00
34481.00 34790.00
34574.00 34693.00
35090.00 35285.00
34367.00 34646.00
34873.00 34734.00
35016.00 34930.00
35122.00 35211.00
34526.00 34845.00
34736.00 34774.00
34685.00 34620.00
35185.00 34939.00
34855.00 34863.00
35188.00 35271.00
34747.00 35033.00
34808.00 34928.00
35087.00 34705.00
34939.00 34696.00
34694.00 34611.00
35899.00 35356.00
35301.00 35165.00
34356.00 34678.00
34923.00 35176.00
34658.00 34707.00
35001.00 34946.00
35270.00 34804.00
34947.00 34888.00
34825.00 34687.00
34935.00 35272.00
35446.00 35114.00
34830.00 34632.00
35268.00 35103.00
34496.00 34557.00
34183.00 34327.00
34513.00 34837.00
34756.00 34790.00
34655.00 34347.00
35561.00 35262.00
35342.00 35202.00
34860.00 34924.00
34513.00 34389.00
34715.00 34321.00
34682.00 34528.00
34639.00 34692.00
34550.00 34272.00
34955.00 35148.00
35312.00 35160.00
34983.00 35024.00
33968.00 34051.00
34452.00 34768.00
34547.00 34800.00
34129.00 34151.00
34159.00 34200.00
34242.00 34000.00
34700.00 34610.00
34060.00 34296.00
34655.00 34900.00
34493.00 34782.00
33572.00 33758.00
34346.00 34293.00
34992.00 35131.00
34046.00 34225.00
34546.00 34838.00
34456.00 34374.00
34325.00 34554.00
34478.00 34469.00
34636.00 34200.00
33853.00 33791.00
34884.00 34678.00
34258.00 34610.00
34113.00 34519.00
34366.00 34309.00
35154.00 35128.00
34751.00 34668.00
34477.00 34466.00
34330.00 34605.00
34287.00 34569.00
35043.00 34787.00
34008.00 34114.00
34200.00 34529.00
34016.00 33916.00
34519.00 34274.00
34193.00 33898.00
34624.00 34754.00
34035.00 33902.00
34727.00 34667.00
34191.00 34170.00
34082.00 33818.00
33673.00 33606.00
34633.00 34817.00
33739.00 33933.00
34650.00 34661.00
33816.00 34067.00
33195.00 33518.00
34660.00 34550.00
34468.00 34864.00
34121.00 34605.00
34274.00 34627.00
33920.00 33996.00
34223.00 34562.00
34372.00 34594.00
34015.00 34006.00
34316.00 34446.00
34058.00 33365.00
33740.00 34082.00
33550.00 33823.00
34014.00 34044.00
34333.00 34197.00
33838.00 33971.00
33543.00 34143.00
33894.00 33956.00
34290.00 34608.00
33747.00 33585.00
33799.00 34054.00
33631.00 33938.00
33765.00 34134.00
34396.00 34345.00
33957.00 33660.00
33273.00 33038.00
34153.00 34402.00
33776.00 33602.00
34255.00 33825.00
34331.00 34309.00
33157.00 33081.00
34200.00 33975.00
33782.00 34175.00
34380.00 34660.00
33873.00 33916.00
33735.00 33414.00
34224.00 34151.00
33479.00 33488.00
32940.00 33239.00
33940.00 33557.00
33608.00 33525.00
33244.00 33250.00
33972.00 34256.00
33836.00 33994.00
33309.00 33269.00
33741.00 33631.00
33117.00 33705.00
34037.00 34449.00
33884.00 34045.00
33688.00 34077.00
34212.00 33546.00
33771.00 33868.00
33623.00 33859.00
33319.00 33145.00
33197.00 33129.00
32919.00 33695.00
34394.00 34305.00
34450.00 34341.00
32277.00 32756.00
34031.00 34105.00
32817.00 33180.00
33565.00 33943.00
32645.00 33042.00
33912.00 33993.00
32765.00 33152.00
34269.00 34204.00
33279.00 33632.00
33699.00 33573.00
33170.00 32989.00
33305.00 33644.00
32741.00 32906.00
33640.00 33966.00
33193.00 33073.00
32829.00 33306.00
32795.00 32923.00
32260.00 32615.00
32444.00 32464.00
32602.00 32843.00
33166.00 33197.00
32843.00 32357.00
32368.00 32556.00
31874.00 32073.00
33190.00 32954.00
33148.00 33584.00
32988.00 33192.00
33496.00 33837.00
32880.00 32671.00
32281.00 32206.00
32643.00 32428.00
32379.00 32536.00
32248.00 31878.00
32765.00 32923.00
31543.00 31720.00
33280.00 33087.00
32612.00 32691.00
31612.00 32306.00
32655.00 32616.00
32110.00 31789.00
31985.00 32134.00
33002.00 32872.00
32201.00 32052.00
32700.00 32665.00
31954.00 32117.00
32193.00 32089.00
32808.00 32664.00
32679.00 32931.00
32863.00 32663.00
29458.00 29298.00
