randread_job: (g=0): rw=randread, bs=4K-4K/4K-4K/4K-4K, ioengine=libaio, iodepth=32
fio-2.1.10
Starting 1 process

randread_job: (groupid=0, jobs=1): err= 0: pid=21553: Fri Sep 18 03:50:33 2015
  read : io=235520MB, bw=343014KB/s, iops=85753, runt=703098msec
    slat (usec): min=1, max=750, avg= 7.24, stdev= 2.89
    clat (usec): min=67, max=2798, avg=364.46, stdev=54.22
     lat (usec): min=99, max=2800, avg=371.90, stdev=54.29
    clat percentiles (usec):
     |  1.00th=[  255],  5.00th=[  290], 10.00th=[  306], 20.00th=[  322],
     | 30.00th=[  338], 40.00th=[  346], 50.00th=[  358], 60.00th=[  370],
     | 70.00th=[  382], 80.00th=[  402], 90.00th=[  434], 95.00th=[  466],
     | 99.00th=[  532], 99.50th=[  556], 99.90th=[  620], 99.95th=[  644],
     | 99.99th=[  708]
    bw (KB  /s): min=337328, max=345784, per=100.00%, avg=343021.83, stdev=2013.41
    lat (usec) : 100=0.01%, 250=0.76%, 500=97.17%, 750=2.07%, 1000=0.01%
    lat (msec) : 2=0.01%, 4=0.01%
  cpu          : usr=16.91%, sys=69.47%, ctx=6475766, majf=0, minf=57
  IO depths    : 1=0.1%, 2=0.1%, 4=0.1%, 8=0.1%, 16=0.1%, 32=100.0%, >=64=0.0%
     submit    : 0=0.0%, 4=100.0%, 8=0.0%, 16=0.0%, 32=0.0%, 64=0.0%, >=64=0.0%
     complete  : 0=0.0%, 4=100.0%, 8=0.0%, 16=0.0%, 32=0.1%, 64=0.0%, >=64=0.0%
     issued    : total=r=60293120/w=0/d=0, short=r=0/w=0/d=0
     latency   : target=0, window=0, percentile=100.00%, depth=32

Run status group 0 (all jobs):
   READ: io=235520MB, aggrb=343014KB/s, minb=343014KB/s, maxb=343014KB/s, mint=703098msec, maxt=703098msec

Disk stats (read/write):
  sde: ios=60285635/0, merge=0/0, ticks=20316004/0, in_queue=20321768, util=100.00%
