randwrite_job: (g=0): rw=randwrite, bs=4K-4K/4K-4K/4K-4K, ioengine=libaio, iodepth=32
fio-2.1.10
Starting 1 process

randwrite_job: (groupid=0, jobs=1): err= 0: pid=21441: Fri Sep 18 02:24:08 2015
  write: io=235520MB, bw=81818KB/s, iops=20454, runt=2947679msec
    slat (usec): min=1, max=351, avg= 9.20, stdev= 4.76
    clat (usec): min=68, max=10002, avg=1552.84, stdev=1712.97
     lat (usec): min=69, max=10010, avg=1562.38, stdev=1712.51
    clat percentiles (usec):
     |  1.00th=[  386],  5.00th=[  438], 10.00th=[  446], 20.00th=[  458],
     | 30.00th=[  524], 40.00th=[  588], 50.00th=[  628], 60.00th=[  764],
     | 70.00th=[ 1464], 80.00th=[ 2640], 90.00th=[ 4448], 95.00th=[ 5984],
     | 99.00th=[ 6496], 99.50th=[ 6624], 99.90th=[ 7200], 99.95th=[ 7712],
     | 99.99th=[ 8640]
    bw (KB  /s): min=19256, max=280856, per=100.00%, avg=81815.80, stdev=61619.72
    lat (usec) : 100=0.01%, 250=0.02%, 500=27.68%, 750=31.82%, 1000=5.06%
    lat (msec) : 2=10.50%, 4=12.92%, 10=11.99%, 20=0.01%
  cpu          : usr=6.71%, sys=23.92%, ctx=18060509, majf=0, minf=25
  IO depths    : 1=0.1%, 2=0.1%, 4=0.1%, 8=0.1%, 16=0.1%, 32=100.0%, >=64=0.0%
     submit    : 0=0.0%, 4=100.0%, 8=0.0%, 16=0.0%, 32=0.0%, 64=0.0%, >=64=0.0%
     complete  : 0=0.0%, 4=100.0%, 8=0.0%, 16=0.0%, 32=0.1%, 64=0.0%, >=64=0.0%
     issued    : total=r=0/w=60293120/d=0, short=r=0/w=0/d=0
     latency   : target=0, window=0, percentile=100.00%, depth=32

Run status group 0 (all jobs):
  WRITE: io=235520MB, aggrb=81817KB/s, minb=81817KB/s, maxb=81817KB/s, mint=2947679msec, maxt=2947679msec

Disk stats (read/write):
  sde: ios=84/60284718, merge=0/0, ticks=12/88931584, in_queue=88922232, util=100.00%
