9.97
68746.00
86193.00
86106.00
86194.00
86256.00
86260.00
86202.00
86219.00
86217.00
86249.00
86213.00
86272.00
86268.00
86267.00
86109.00
86299.00
86225.00
86258.00
86243.00
86277.00
86266.00
86264.00
86169.00
86277.00
86292.00
86262.00
85274.00
86192.00
86175.00
86187.00
86247.00
86148.00
86186.00
86154.00
86182.00
86209.00
86193.00
86214.00
84773.00
84465.00
86210.00
86242.00
86239.00
86205.00
86229.00
86244.00
86114.00
86212.00
86151.00
86244.00
85936.00
86261.00
85952.00
85707.00
85263.00
85515.00
85931.00
86314.00
86304.00
86308.00
86250.00
86280.00
86265.00
86244.00
86032.00
86304.00
86316.00
86301.00
86273.00
86294.00
86236.00
85930.00
86307.00
86278.00
86232.00
86326.00
85726.00
85956.00
85352.00
85314.00
86186.00
85292.00
85522.00
85009.00
85650.00
86264.00
85310.00
85257.00
85262.00
85560.00
85519.00
85321.00
85259.00
85166.00
85095.00
85817.00
85358.00
85175.00
85241.00
85188.00
86048.00
86171.00
86273.00
86264.00
86265.00
86060.00
85348.00
86281.00
86241.00
86175.00
85427.00
86242.00
86324.00
86288.00
86375.00
86302.00
85428.00
85193.00
85614.00
85208.00
86053.00
85134.00
85077.00
85088.00
85088.00
85249.00
85518.00
84348.51
85085.00
85252.00
86332.00
86230.00
86231.00
85334.00
85326.00
86021.00
85306.00
85224.00
85130.00
85260.00
85416.00
85290.00
85172.00
85693.00
85987.00
86379.00
85734.00
85375.00
85321.00
85285.00
85558.00
85221.00
85383.00
85350.00
85171.00
85841.00
85302.00
86266.00
85283.00
85213.00
85145.00
85239.00
85289.00
85757.00
85182.00
85185.00
85249.00
85195.00
85298.00
85573.00
86132.00
86259.00
85248.00
85210.00
85231.00
86228.00
86224.00
85202.00
85269.00
85768.00
85335.00
86218.00
86276.00
85965.00
86276.00
86225.00
86245.00
86209.00
86211.00
86130.00
86274.00
86269.00
86249.00
86167.00
85814.00
86183.00
86361.00
86258.00
86261.00
86196.00
86178.00
86206.00
86224.00
86276.00
86218.00
86219.00
85973.00
86129.00
85549.00
86175.00
86256.00
86235.00
86211.00
86185.00
86242.00
86257.00
86252.00
86269.00
86165.00
85155.00
85304.00
86272.00
86192.00
86140.00
86220.00
86289.00
85531.00
86152.00
86226.00
86289.00
86155.00
86250.00
86256.00
85817.00
85440.00
86293.00
86193.00
86211.00
86197.00
85600.00
86198.00
86147.00
86233.00
86183.00
86149.00
86280.00
86250.00
86233.00
86237.00
86213.00
86287.00
86204.00
86159.00
85747.00
85566.00
86254.00
86189.00
86209.00
86254.00
85738.00
85116.00
85204.00
85134.00
85118.00
85283.00
86239.00
85444.00
85166.00
85704.00
85489.00
85909.00
85117.00
85287.00
85117.00
85076.00
85231.00
85216.00
85234.00
85663.00
85586.00
85460.00
85112.00
85117.00
85231.00
85111.00
86163.00
85595.00
84937.00
85141.00
86221.00
86260.00
86141.00
86219.00
86190.00
86167.00
85838.00
85418.00
85681.00
85142.00
85203.00
85344.00
85290.00
85077.00
85403.00
85132.00
85092.00
85941.00
85247.00
85029.00
86239.00
85912.00
85188.00
85137.00
85218.00
85179.00
85172.00
85473.00
85258.00
85586.00
85176.00
85139.00
85249.00
85253.00
85904.00
86198.00
86156.00
86112.00
86189.00
85473.00
86179.00
85481.00
86020.00
86029.00
85147.00
85170.00
85321.00
86188.00
85215.00
85256.00
85352.00
86186.00
86298.00
86196.00
85782.00
86239.00
86262.00
86258.00
86240.00
86177.00
86140.00
85245.00
86140.00
86204.00
86189.00
85790.00
85253.00
85169.00
85168.00
85104.00
85162.00
85816.00
86043.00
85182.00
85244.00
84746.53
85225.00
86352.00
86181.00
86180.00
86219.00
86324.00
86221.00
85432.00
85452.00
85434.00
85419.00
86180.00
86224.00
86216.00
86274.00
86252.00
86209.00
84980.00
86129.00
85948.00
84961.00
85411.00
86036.00
86275.00
85686.00
85113.00
85953.00
85152.00
85196.00
85154.00
85200.00
85232.00
85181.00
85193.00
85139.00
85197.00
85124.00
85195.00
85413.00
85782.00
85553.00
85523.00
85219.00
85170.00
85195.00
85210.00
85169.00
85225.00
85654.00
85119.00
85691.00
86214.00
86250.00
86288.00
86226.00
85162.00
86069.00
85489.00
85383.00
85735.00
86210.00
86275.00
86191.00
86218.00
86170.00
85452.00
85770.00
85399.00
85804.00
86148.00
86214.00
86158.00
86010.00
86185.00
86201.00
86150.00
84685.00
85339.00
85039.00
86052.00
85209.00
85117.00
85710.00
85731.00
86261.00
85429.00
85735.00
85448.00
86108.00
85701.00
85795.00
86145.00
86201.00
86171.00
86199.00
86211.00
85167.00
85222.00
85032.00
85452.00
85117.00
85414.00
85123.00
85424.00
85112.00
85066.00
86206.00
85563.00
85108.00
85060.00
85198.00
86245.00
86101.00
86108.00
86241.00
86233.00
86150.00
85735.00
86292.00
86202.00
86271.00
86309.00
86323.00
86253.00
86302.00
86130.00
86221.00
85762.00
85075.00
85062.00
86200.00
85676.00
85824.00
86182.00
86239.00
86184.00
86211.00
86241.00
85528.00
85475.00
85469.00
86212.00
86216.00
86194.00
86123.00
85704.00
86206.00
86160.00
86275.00
85425.00
86214.00
86205.00
86262.00
86240.00
86350.00
86239.00
86240.00
86238.00
85669.00
85067.00
85697.00
85755.00
86192.00
86182.00
85779.00
85129.00
86180.00
85240.00
85185.00
85157.00
85122.00
85333.00
85141.00
85481.00
85083.00
85208.00
86227.00
85258.00
85173.00
85020.00
85147.00
86131.00
85802.00
85182.00
85239.00
85199.00
85248.00
85025.00
85226.00
85199.00
85163.00
85401.00
85224.00
85154.00
85168.00
85593.00
86179.00
86223.00
86225.00
85448.00
85217.00
85074.00
85278.00
85190.00
85252.00
85276.00
84324.75
85154.00
85357.00
86107.00
86054.00
86245.00
86188.00
85850.00
85862.00
85106.00
86150.00
85943.00
85180.00
85110.00
85166.00
85227.00
85247.00
85165.00
85132.00
85186.00
85119.00
85126.00
85122.00
85069.00
85205.00
85103.00
85115.00
85120.00
85889.00
85085.00
84849.00
84379.00
85736.00
86165.00
86175.00
86263.00
86218.00
86200.00
86197.00
85698.00
86185.00
86096.00
84658.00
86159.00
85560.00
86287.00
85944.00
86155.00
86163.00
86230.00
86206.00
85707.00
84612.00
84412.00
86118.00
85618.00
86011.00
86223.00
86173.00
86185.00
85182.00
85199.00
85124.00
86163.00
86229.00
86253.00
85940.00
85818.00
85497.00
85217.00
85258.00
85175.00
85091.00
85239.00
85636.00
85779.00
85340.00
85337.00
85181.00
85218.00
86176.00
85341.00
85517.00
86202.00
86191.00
85794.00
85907.00
86202.00
86188.00
86239.00
86245.00
86192.00
86146.00
86227.00
86227.00
86061.00
86234.00
86220.00
86307.00
86211.00
85814.00
85404.00
85475.00
85428.00
85531.00
86268.00
86176.00
85346.00
85115.00
85058.00
85246.00
85148.00
85656.00
85125.00
85433.00
86306.00
86259.00
85246.00
85377.00
85178.00
85700.00
86161.00
84941.00
85300.00
85167.00
86231.00
85538.00
85129.00
85106.00
85308.00
85168.00
84869.00
