0.04
268.54
336.69
336.35
336.70
336.94
336.95
336.73
336.79
336.79
336.91
336.77
337.00
336.98
336.98
336.36
337.11
336.82
336.95
336.89
337.02
336.98
336.97
336.60
337.02
337.08
336.96
333.10
336.69
336.62
336.67
336.90
336.52
336.66
336.54
336.65
336.75
336.70
336.77
331.14
329.94
336.76
336.88
336.88
336.73
336.83
336.89
336.38
336.77
336.53
336.89
335.69
336.96
335.75
334.79
333.06
334.04
335.67
337.16
337.12
337.14
336.92
337.03
336.97
336.89
336.06
337.12
337.17
337.11
337.00
337.09
336.86
335.66
337.14
337.02
336.84
337.21
334.87
335.77
333.41
333.26
336.66
333.17
334.07
332.07
334.57
336.96
333.24
333.04
333.05
334.22
334.06
333.28
333.04
332.68
332.40
335.22
333.43
332.71
332.97
332.77
336.12
336.61
337.00
336.97
336.97
336.18
333.39
337.04
336.88
336.62
333.70
336.88
337.20
337.06
337.40
337.12
333.70
332.79
334.43
332.84
336.14
332.55
332.33
332.38
332.38
333.00
334.05
329.49
332.36
333.02
337.23
336.84
336.84
333.34
333.30
336.02
333.23
332.91
332.54
333.05
333.66
333.16
332.70
334.74
335.89
337.42
334.90
333.50
333.29
333.14
334.21
332.90
333.52
333.40
332.70
335.31
333.21
336.98
333.14
332.86
332.60
332.96
333.16
334.98
332.74
332.75
333.01
332.79
333.20
334.27
336.45
336.95
333.00
332.85
332.93
336.83
336.81
332.82
333.09
335.02
333.34
336.79
337.02
335.80
337.02
336.82
336.90
336.75
336.77
336.44
337.01
336.99
336.91
336.59
335.21
336.65
337.35
336.95
336.96
336.70
336.63
336.74
336.81
337.02
336.79
336.79
335.83
336.44
334.18
336.62
336.94
336.86
336.76
336.66
336.88
336.94
336.92
336.99
336.58
332.64
333.22
337.00
336.69
336.49
336.79
337.07
334.11
336.53
336.82
337.07
336.54
336.91
336.94
335.22
333.75
337.08
336.70
336.76
336.71
334.38
336.71
336.52
336.84
336.65
336.52
337.03
336.91
336.85
336.86
336.77
337.06
336.73
336.56
334.95
334.24
336.93
336.68
336.75
336.93
334.91
332.48
332.83
332.55
332.49
333.14
336.87
333.77
332.68
334.79
333.94
335.58
332.49
333.16
332.48
332.33
332.93
332.88
332.95
334.62
334.32
333.83
332.47
332.49
332.93
332.46
336.57
334.36
331.79
332.58
336.80
336.95
336.49
336.79
336.68
336.59
335.30
333.66
334.69
332.59
332.82
333.38
333.17
332.33
333.61
332.55
332.39
335.71
333.00
332.14
336.87
335.59
332.77
332.57
332.88
332.73
332.70
333.88
333.04
334.32
332.71
332.57
333.00
333.02
335.57
336.71
336.55
336.37
336.68
333.88
336.64
333.91
336.02
336.05
332.60
332.70
333.29
336.68
332.87
333.04
333.40
336.66
337.10
336.70
335.09
336.87
336.96
336.95
336.88
336.63
336.48
332.99
336.48
336.73
336.68
335.12
333.02
332.70
332.68
332.44
332.66
335.22
336.11
332.74
332.99
331.04
332.91
337.31
336.64
336.64
336.79
337.21
336.80
333.72
333.80
333.73
333.67
336.64
336.81
336.78
337.01
336.92
336.75
331.95
336.44
335.73
331.88
333.64
336.07
337.01
334.71
332.48
335.75
332.62
332.80
332.63
332.81
332.94
332.74
332.79
332.57
332.80
332.52
332.80
333.64
335.09
334.19
334.07
332.89
332.69
332.79
332.85
332.70
332.91
334.59
332.50
334.73
336.77
336.91
337.07
336.82
332.67
336.20
333.94
333.53
334.90
336.76
337.01
336.68
336.79
336.60
333.80
335.04
333.59
335.18
336.51
336.77
336.55
335.98
336.66
336.72
336.52
330.80
333.36
332.18
336.14
332.85
332.48
334.80
334.89
336.96
333.71
334.90
333.78
336.36
334.77
335.14
336.50
336.72
336.61
336.71
336.76
332.68
332.90
332.16
333.80
332.49
333.65
332.51
333.69
332.47
332.29
336.74
334.23
332.45
332.27
332.81
336.89
336.33
336.36
336.88
336.85
336.52
334.90
337.08
336.73
337.00
337.14
337.20
336.93
337.12
336.45
336.80
335.01
332.32
332.27
336.72
334.67
335.25
336.65
336.87
336.66
336.76
336.88
334.09
333.89
333.86
336.77
336.78
336.70
336.42
334.78
336.74
336.56
337.01
333.69
336.77
336.74
336.96
336.88
337.30
336.87
336.88
336.87
334.64
332.29
334.75
334.98
336.69
336.65
335.07
332.54
336.64
332.97
332.75
332.65
332.50
333.33
332.58
333.91
332.36
332.84
336.82
333.04
332.71
332.11
332.60
336.45
335.17
332.74
332.96
332.81
333.00
332.13
332.91
332.81
332.67
333.60
332.91
332.63
332.69
334.34
336.64
336.81
336.82
333.78
332.88
332.32
333.11
332.78
333.01
333.11
329.39
332.63
333.43
336.36
336.15
336.89
336.67
335.35
335.40
332.45
336.52
335.71
332.73
332.46
332.68
332.92
333.00
332.68
332.55
332.76
332.49
332.52
332.51
332.30
332.83
332.43
332.48
332.50
335.50
332.36
331.44
329.61
334.91
336.58
336.62
336.96
336.79
336.72
336.71
334.76
336.66
336.31
330.70
336.56
334.22
337.06
335.72
336.54
336.57
336.84
336.74
334.79
330.52
329.73
336.40
334.45
335.98
336.81
336.61
336.66
332.75
332.80
332.52
336.57
336.83
336.93
335.70
335.23
333.97
332.88
333.04
332.71
332.39
332.96
334.52
335.07
333.36
333.35
332.74
332.88
336.63
333.36
334.05
336.73
336.68
335.14
335.57
336.73
336.67
336.88
336.89
336.69
336.50
336.82
336.82
336.18
336.86
336.80
337.13
336.76
335.21
333.61
333.89
333.70
334.11
336.98
336.62
333.38
332.48
332.26
332.99
332.61
334.59
332.52
333.73
337.13
336.95
332.99
333.50
332.73
334.77
336.56
331.80
333.20
332.68
336.84
334.13
332.54
332.45
333.24
332.68
331.52
