77.45
10110.00
11500.00
10230.00
8242.00
8373.00
9077.00
8732.00
9157.00
9249.00
8710.00
8385.00
8393.00
8342.00
8725.00
8906.00
8889.00
8293.00
7511.00
6868.00
6914.00
6321.00
7824.00
6738.00
7137.00
6280.00
6086.00
6057.00
6533.00
6707.00
6271.00
5529.00
6163.00
5736.00
6168.00
6745.00
6229.00
6253.00
6732.00
6614.00
6369.00
6715.00
6408.00
6328.00
6375.00
7341.00
6698.00
6435.00
6957.00
6365.00
6439.00
5746.00
6521.00
6491.00
6709.00
6532.00
6513.00
6610.00
6207.00
6374.00
6583.00
6154.00
5811.00
6383.00
5982.00
5810.00
6516.00
6428.00
6579.00
6664.00
7617.00
7786.00
6760.00
6616.00
7075.00
8631.00
7196.00
7284.00
8302.00
8111.00
7802.00
7080.00
7489.00
6522.00
7189.00
9154.00
7417.82
7394.00
8137.00
7330.00
7693.00
7287.00
8801.00
9935.00
10441.00
8061.00
9312.00
10100.00
9632.00
8750.00
10245.00
10816.00
10326.00
11094.00
8199.00
10435.00
9381.00
9735.00
8687.00
11315.00
8795.00
8705.00
10327.00
9545.00
7918.00
9447.00
11074.00
8994.00
7916.00
7600.00
7472.00
7312.00
7981.00
8766.00
7986.00
7600.00
9996.00
11091.00
8611.00
9537.00
8636.00
8368.00
9780.00
10914.00
11142.00
10658.00
10406.00
8858.00
9323.00
8619.00
9172.00
11186.00
10068.00
11143.00
9203.00
14433.00
9948.00
10790.00
9449.00
10767.00
11077.00
11550.00
11194.00
10158.00
7406.00
10344.00
9586.00
9333.00
9352.00
10746.00
8776.00
11005.00
8947.00
6996.00
8924.00
9166.00
7303.00
8026.00
7180.00
8973.00
7039.00
7440.00
8347.00
7994.00
7355.00
8747.00
9650.00
9442.00
8781.00
8909.00
7810.00
6147.00
7636.00
8362.00
9286.00
10346.00
9235.00
7854.00
10246.00
9169.00
8453.00
6608.00
8579.00
7444.00
7331.00
9997.00
9204.00
8533.00
9169.00
9262.00
8768.00
8299.00
6708.00
8035.00
8408.00
7554.00
7343.00
7140.00
6124.00
8961.00
8700.00
7510.00
7778.00
8226.00
8903.00
8808.00
9776.00
8469.00
8931.00
8942.00
8165.00
6729.00
8836.00
10269.00
9115.00
8943.00
8834.00
8079.00
8680.00
6936.00
6968.00
5940.00
7555.00
9582.00
7201.00
7902.00
9124.00
7502.00
8865.00
8165.00
7941.00
8642.00
8956.00
7264.00
8396.00
8576.00
8374.00
6406.00
5440.00
8047.00
8049.00
6780.00
6210.00
6363.00
6793.00
6282.00
5868.00
5442.00
7176.00
6102.00
5707.00
5770.00
9128.00
7847.52
6654.00
6985.00
7402.00
8446.00
9556.00
8426.00
9027.00
10136.00
10191.00
7979.00
7728.00
8607.00
7897.00
7313.00
7894.00
8607.00
7829.00
7639.00
7486.00
6713.00
6285.00
8848.00
8446.00
8255.00
10134.00
7742.00
8726.00
10564.00
9114.00
7911.00
8046.00
7906.00
9903.00
11137.00
8147.00
8449.00
10039.00
8000.00
6854.00
8192.00
8383.00
7789.00
7499.00
7482.00
8886.00
7628.00
9194.00
7928.00
8932.00
8320.00
7358.00
6408.00
6847.00
6606.00
6696.00
7852.00
8779.00
7432.00
6523.00
7338.00
7247.00
8663.00
8274.00
7863.00
8993.00
8498.00
8780.00
8904.00
7028.00
8289.00
7507.00
7882.00
9056.00
8673.00
8223.00
9050.00
8808.00
7326.00
8306.00
8393.00
8888.00
9338.00
9071.00
7845.00
8488.00
7684.00
6273.00
5776.00
7041.00
7901.00
7521.00
7554.00
8879.00
8791.00
7517.00
8690.00
8135.00
7500.00
7666.00
8696.00
8531.00
7644.00
8065.00
7532.00
8775.00
8012.00
8845.00
8502.00
7988.00
7411.00
8108.00
8840.00
9433.00
8851.00
9057.00
10941.00
10248.00
9378.00
8105.00
8991.00
7878.00
7901.00
9873.00
8951.00
9400.00
9646.00
8920.00
8741.00
8426.00
8206.00
9072.00
9515.00
8518.00
9372.00
8843.00
9246.00
8706.00
9485.00
10131.00
9757.00
10404.00
10478.00
10208.00
8877.00
11120.00
9459.00
9756.00
6905.00
6539.00
8542.00
10130.00
10186.00
8527.00
9970.00
9307.00
8922.00
8922.00
10431.00
10924.00
8804.00
9040.00
9710.00
9771.00
9984.00
10332.00
9474.00
9365.00
10393.00
8540.00
7724.00
8405.00
8221.00
7657.00
7527.00
8707.00
9311.00
7982.00
7526.00
7051.49
6453.00
7869.00
7692.00
7429.00
7793.00
7975.00
7915.00
8198.00
9281.00
8826.00
9771.00
8046.00
7965.00
8652.00
9301.00
8998.00
8701.00
9873.00
8572.00
9749.00
8928.00
9066.00
10049.00
9844.00
8456.00
9520.00
9135.00
7844.00
6235.00
6663.00
5980.00
8149.00
8781.00
9174.00
9999.00
9714.00
10709.00
9480.00
9011.00
11080.00
10118.00
8971.00
10502.00
9482.00
9586.00
8537.00
9551.00
8746.00
8189.00
10088.00
9551.00
10595.00
8345.00
8571.00
8282.00
10657.00
9042.00
9890.00
10870.00
9493.00
7874.00
8056.00
9770.00
10011.00
9734.00
10628.00
9987.00
10570.00
12228.00
13436.00
12583.00
11229.00
11766.00
10524.00
9815.00
10846.00
10885.00
10329.00
9793.00
9037.00
8349.00
9130.00
9940.00
9853.00
9265.00
11622.00
10210.00
9607.00
10685.00
7604.00
8623.00
8964.00
7137.00
6794.00
8348.00
6506.00
6604.00
7950.00
9224.00
7928.00
9806.00
8405.00
7582.00
8585.00
9044.00
11612.00
10130.00
7592.00
7886.00
10473.00
11181.00
10813.00
11926.00
11743.00
10727.00
11078.00
8094.00
6943.00
6863.00
8078.00
6185.00
8875.00
7662.00
7935.00
7673.00
6416.00
6538.00
5705.00
7314.00
7900.00
9651.00
9641.00
9410.00
9688.00
9775.00
9401.00
10153.00
9054.00
8932.00
6907.00
8369.00
8785.00
7958.00
8288.00
8604.00
9365.00
9495.00
10138.00
9508.00
6770.00
7628.00
11254.00
9410.00
9562.00
7838.00
7159.00
7301.00
6839.00
5560.00
7748.00
9840.00
8844.00
7865.00
7783.00
7136.00
7365.00
7879.00
6607.00
8721.00
7941.00
9023.00
9448.00
10558.00
9764.00
9920.00
9289.00
10762.00
10929.00
10008.00
10451.00
9691.00
10152.48
12588.00
8958.00
7507.00
6291.00
9229.00
8808.00
8074.00
9316.00
10735.00
12060.00
9102.00
9550.00
11221.00
9755.00
11653.00
11951.00
11987.00
12246.00
12060.00
9978.00
12502.00
11833.00
10794.00
10223.00
10259.00
9026.00
10648.00
10139.00
10335.00
9848.00
8830.00
7364.00
9499.00
10265.00
10046.00
10075.00
11188.00
10117.00
9823.00
11448.00
11400.00
11924.00
9493.00
11654.00
8474.00
6734.00
8283.00
10175.00
8557.00
10418.00
8795.00
10642.00
10430.00
10816.00
11442.00
11969.00
12426.00
10764.00
11846.00
10021.00
11659.00
10941.00
10437.00
9498.00
13625.00
9857.00
12002.00
11154.00
8852.00
10673.00
10152.00
11405.00
10862.00
12606.00
9789.00
11048.00
11458.00
9893.00
9991.00
11232.00
9799.00
10729.00
12658.00
12185.00
10711.00
11861.00
12390.00
11360.00
12454.00
11581.00
12580.00
10599.00
13364.00
11805.00
11863.00
10654.00
10137.00
11378.00
10515.00
11545.00
12129.00
9862.00
11850.00
10860.00
9838.00
11445.00
11616.00
11248.00
10554.00
9933.00
9754.00
8992.00
9806.00
11092.00
10755.00
11755.00
13504.00
12696.00
12482.00
13286.00
12376.00
13366.00
10410.00
10857.00
12190.00
10089.00
10142.00
9421.00
8687.00
11120.00
9741.00
9470.00
10007.00
9683.00
10717.00
10668.00
10773.00
12865.00
10284.00
10004.00
9835.00
8992.00
6760.00
7494.00
7922.00
8560.00
8284.00
10983.00
10185.00
12752.00
10744.00
12103.00
11692.00
10331.00
6680.00
7891.00
9617.00
11991.00
10521.00
7731.00
7375.00
7099.00
8416.00
8984.00
7879.00
8215.00
7750.00
9926.00
11740.00
11599.00
10611.00
11757.00
10345.00
13168.00
11561.00
13168.00
11130.00
9409.00
11636.00
10205.00
12285.15
10337.00
8034.00
10803.00
8467.00
7772.00
8060.00
8170.00
7405.00
10183.00
10548.00
7934.00
9878.00
7301.00
10223.00
8922.00
10841.00
11374.00
6258.00
9345.00
9916.00
12059.00
12169.00
11018.00
13019.00
11271.00
11477.00
9424.00
12113.00
11064.00
11432.00
10355.00
9209.00
10415.00
12845.00
10231.00
10873.00
11376.00
11991.00
12183.00
12370.00
13004.00
11013.00
10931.00
9334.00
12093.00
10091.00
8585.00
11394.00
9967.00
10625.00
11310.00
10174.00
10822.00
12668.00
11789.00
11312.00
11308.00
10386.00
11315.00
10812.00
10902.00
12488.00
12827.00
9325.00
7338.00
10921.00
9062.00
8596.00
9780.00
10545.00
10246.00
11682.00
12740.00
11175.00
12854.00
11627.00
13727.00
12953.00
14505.00
14431.00
14105.00
14267.00
11251.00
13187.00
14278.00
14702.00
12281.00
11908.00
12290.00
11852.00
11547.00
10458.00
10141.00
7918.00
8180.00
10153.00
10370.00
9343.00
9685.00
9896.00
9472.00
11344.00
10418.00
11425.00
11318.00
12866.00
12441.00
13527.00
13699.00
9515.00
11530.00
11529.00
11398.00
11495.00
12273.00
11632.00
10231.00
10934.00
12432.00
12184.00
12112.00
13334.00
13081.00
11292.00
12951.00
9339.00
10513.00
9842.00
11473.00
10887.00
10884.00
11303.00
9968.00
11944.00
10456.00
10966.00
11831.00
12436.00
14883.00
9920.00
12818.00
11939.00
15141.00
14816.00
14922.00
13573.00
14679.00
12883.00
13160.00
11435.00
11527.00
11770.00
13319.00
10602.00
10365.00
8084.00
8921.00
9888.00
10684.00
10790.00
12752.00
11249.00
10422.00
13431.00
9338.00
11365.00
12453.00
12903.00
14077.00
13897.00
12347.00
11922.00
12250.00
11114.00
10475.00
9312.00
9178.00
10019.80
9072.00
10453.00
10267.00
11922.00
11848.00
12713.00
13196.00
13472.00
11514.00
8449.00
8668.00
10611.00
10115.00
13051.00
10587.00
11271.00
11215.00
12824.00
11118.00
14512.00
13155.00
12026.00
12585.00
12795.00
10160.00
13013.00
11820.00
11267.00
11341.00
11176.00
13077.00
12539.00
12143.00
10915.00
11136.00
13803.00
11936.00
10390.00
13457.00
12492.00
11274.00
12752.00
9863.00
10197.00
9547.00
10848.00
11926.00
11509.00
9740.00
10018.00
8450.00
9517.00
8520.00
8464.00
12814.00
11029.00
12515.00
10135.00
8453.00
9903.00
11209.00
11086.00
9019.00
9628.00
11909.00
11384.00
12939.00
12455.00
14370.00
11806.00
10794.00
9812.00
9286.00
11863.00
13081.00
11547.00
10973.00
13836.00
11374.00
8878.00
9245.00
9827.00
8648.00
11547.00
12389.00
14983.00
11178.00
12007.00
12647.00
11602.00
12694.00
11093.00
12981.00
13936.00
11578.00
14571.00
12568.00
13454.00
12658.00
11385.00
11121.00
11393.00
14140.00
13196.00
12466.00
13060.00
14670.00
14011.00
12302.00
12673.00
10340.00
11506.00
11158.00
11538.00
12327.00
11905.00
9702.00
9402.00
11728.00
10628.00
12358.00
11506.00
10914.00
11780.00
11037.00
12360.00
11096.00
13079.00
10468.00
9637.00
12149.00
14721.00
12253.00
11205.00
12362.00
14173.00
12227.00
14411.00
10662.00
10039.00
11509.00
11915.00
9939.00
10180.00
11416.00
12197.00
13067.00
13090.00
13012.00
13940.00
12776.00
13910.00
13049.00
12612.00
15538.00
17951.00
16642.00
10529.00
14832.00
18062.00
16843.00
13807.00
16518.00
15681.00
11942.00
11577.00
12425.00
12516.00
13229.00
12540.00
12650.00
10501.00
10445.00
14157.00
12857.00
15160.00
13969.00
11993.07
12002.00
12041.00
14088.00
13262.00
13831.00
11419.00
11607.00
13460.00
12751.00
14042.00
14113.00
14298.00
14790.00
12707.00
11825.00
12158.00
12330.00
11325.00
11422.00
11767.00
12604.00
13202.00
11757.00
13936.00
11408.00
10999.00
11014.00
12460.00
10511.00
10721.00
13566.00
11751.00
11223.00
10264.00
12473.00
13542.00
11662.00
12659.00
13350.00
13172.00
13558.00
11818.00
13801.00
14085.00
12908.00
14619.00
13303.00
11881.00
11868.00
11621.00
12266.00
11966.00
11578.00
11370.00
12419.00
11613.00
11569.00
11757.00
12190.00
11741.00
13523.00
12698.00
10865.00
11844.00
10353.00
14109.00
13580.00
12023.00
11270.00
9964.00
11856.00
10575.00
11123.00
10692.00
12759.00
10468.00
10237.00
13563.00
14711.00
11383.00
12007.00
12731.00
12620.00
14339.00
10855.00
13834.00
13450.00
13785.00
10635.00
11944.00
13790.00
13419.00
13204.00
11148.00
11701.00
10477.00
16203.00
13277.00
12248.00
11398.00
13063.00
13119.00
13856.00
12917.00
14023.00
12211.00
12392.00
12715.00
14197.00
14668.00
13392.00
12989.00
12792.00
13279.00
12848.00
10183.00
12704.00
10774.00
12940.00
13567.00
12061.00
11987.00
11660.00
13559.00
14684.00
13972.00
13161.00
13290.00
13961.00
14732.00
14339.00
14893.00
12148.00
11728.00
11548.00
11462.00
13871.00
13745.00
12635.00
13681.00
14664.00
12584.00
11903.00
13128.00
14002.00
14599.00
11108.00
12789.00
11342.00
12614.00
13207.00
13209.00
13224.00
13209.00
12887.00
12225.00
12860.00
11197.00
13814.00
12901.00
13478.00
12316.00
12666.00
14876.00
12947.00
12290.00
12315.00
13795.00
12800.00
13247.00
13509.00
11468.00
11484.00
12110.00
11891.00
11331.00
14411.00
13992.00
13746.00
13013.00
14069.31
13987.00
14008.00
15638.00
14763.00
13534.00
15372.00
17370.00
15481.00
15096.00
14580.00
14155.00
15756.00
18787.00
14114.00
13963.00
12712.00
14248.00
16437.00
14891.00
13139.00
13075.00
13322.00
14638.00
14081.00
13665.00
15707.00
14916.00
15555.00
14822.00
14941.00
11594.00
12072.00
11652.00
11627.00
12085.00
12666.00
12743.00
13134.00
15651.00
14615.00
15035.00
15085.00
14320.00
15319.00
15344.00
13050.00
15216.00
12179.00
14625.00
13434.00
12518.00
14626.00
13332.00
13796.00
16183.00
15890.00
13955.00
15377.00
17907.00
16495.00
15512.00
15788.00
12091.00
14679.00
15297.00
14035.00
14636.00
13615.00
12446.00
12987.00
14786.00
12598.00
12723.00
12911.00
14714.00
13484.00
13394.00
14061.00
13580.00
13815.00
12879.00
13381.00
13786.00
16048.00
14579.00
11742.00
12354.00
12763.00
14697.00
16605.00
13974.00
14092.00
13229.00
13715.00
14057.00
14727.00
13288.00
12528.00
14150.00
10430.00
13804.00
15032.00
13893.00
13741.00
12391.00
12927.00
14612.00
14968.00
14803.00
14518.00
15050.00
14079.00
13717.00
14663.00
13574.00
13719.00
15440.00
13569.00
15695.00
17568.00
16215.00
15553.00
13608.00
14357.00
14039.00
11993.00
13290.00
14170.00
13596.00
12536.00
12402.00
12295.00
12697.00
15454.00
13925.00
17134.00
15221.00
16199.00
14752.00
19270.00
14373.00
14370.00
15307.00
15603.00
15597.00
15615.00
14474.00
15399.00
16251.00
15660.00
15032.00
14658.00
14607.00
17231.00
15723.00
14795.00
11672.00
12571.00
13123.00
11896.00
12995.00
13893.00
13918.00
15804.00
13655.00
15189.00
14607.00
14307.00
15867.00
16072.00
16888.00
14629.00
13022.00
14424.00
14690.00
13458.00
14208.91
14260.00
16426.00
15276.00
16985.00
15026.00
18008.00
17356.00
14923.00
14583.00
14734.00
13438.00
17156.00
15675.00
17244.00
19099.00
15201.00
18213.00
17334.00
15067.00
14624.00
15873.00
15328.00
16948.00
13799.00
16418.00
15665.00
14426.00
13886.00
15219.00
14144.00
16595.00
15642.00
17372.00
17039.00
15175.00
13216.00
14287.00
15031.00
16438.00
16334.00
18199.00
17565.00
21410.00
15517.00
19353.00
21209.00
17200.00
14081.00
15397.00
16998.00
13348.00
16234.00
15046.00
14765.00
14262.00
14191.00
16966.00
12402.00
13479.00
13979.00
13728.00
14861.00
14286.00
14287.00
16936.00
15313.00
18924.00
18587.00
15983.00
17245.00
14890.00
18024.00
16049.00
14600.00
15506.00
16216.00
15407.00
14701.00
16336.00
15319.00
16592.00
16076.00
13795.00
15120.00
17339.00
14324.00
15049.00
14794.00
16711.00
14803.00
15452.00
16262.00
16898.00
15027.00
17328.00
15753.00
15574.00
17592.00
16190.00
17019.00
16709.00
14476.00
16299.00
15952.00
18882.00
16250.00
18074.00
14264.00
16633.00
16192.00
14161.00
14801.00
14510.00
15869.00
17220.00
16304.00
15606.00
16133.00
16759.00
17397.00
17032.00
16731.00
15279.00
14394.00
15551.00
14352.00
14830.00
14868.00
15281.00
13656.00
15065.00
15624.00
17791.00
14341.00
17024.00
15390.00
15662.00
14132.00
13680.00
15788.00
15874.00
17424.00
18947.00
16648.00
17602.00
17914.00
15329.00
15750.00
17048.00
16000.00
16867.00
16791.00
17572.00
16332.00
16953.00
15516.00
15476.00
15393.00
16802.00
16541.00
18269.00
15638.00
15798.00
16004.00
16866.00
16369.00
16917.00
18482.00
18393.00
16192.00
17890.00
16040.00
16214.00
15037.62
12654.00
15291.00
16290.00
17491.00
16779.00
15576.00
16192.00
15165.00
13073.00
14639.00
15473.00
16015.00
16887.00
19734.00
18855.00
18268.00
17381.00
16296.00
17016.00
14089.00
14393.00
14734.00
15462.00
13463.00
15754.00
15295.00
15777.00
15655.00
15245.00
17056.00
17126.00
16783.00
16115.00
17315.00
18051.00
15915.00
16245.00
16085.00
15634.00
14517.00
15071.00
17851.00
17259.00
19377.00
18650.00
14859.00
14296.00
15385.00
16368.00
16183.00
17246.00
19700.00
17919.00
18558.00
18159.00
18786.00
17451.00
18915.00
15996.00
16762.00
17751.00
16237.00
15509.00
14527.00
16030.00
13829.00
15859.00
15808.00
17709.00
15617.00
16097.00
15073.00
15068.00
15262.00
17137.00
15580.00
15830.00
15124.00
15432.00
16470.00
15006.00
14711.00
16649.00
18526.00
15566.00
16650.00
18854.00
16787.00
16674.00
16681.00
18388.00
17775.00
17851.00
16964.00
17973.00
15975.00
16141.00
16466.00
19243.00
16229.00
17648.00
17864.00
16891.00
15194.00
15242.00
16199.00
18570.00
20040.00
16864.00
19696.00
18508.00
16012.00
17005.00
18645.00
17865.00
17595.00
15171.00
14777.00
15524.00
16225.00
16427.00
18112.00
15973.00
17033.00
14491.00
16134.00
15637.00
14816.00
16412.00
18227.00
17564.00
17163.00
17674.00
17798.00
17366.00
18803.00
17391.00
18638.00
17251.00
19496.00
19749.00
17424.00
16884.00
14270.00
16776.00
16268.00
17033.00
17863.00
17996.00
17650.00
15137.00
18270.00
17407.00
15984.00
20234.00
17857.00
19397.00
19375.00
18982.00
21252.00
17733.00
20021.00
18075.00
18949.00
20506.00
20917.00
18280.00
22137.00
19072.00
17433.00
18753.00
16949.00
18856.44
18853.00
19002.00
16311.00
15719.00
16599.00
18982.00
18725.00
17784.00
16778.00
18149.00
17312.00
20202.00
18331.00
18435.00
19437.00
18875.00
17791.00
17779.00
19467.00
19415.00
18746.00
18058.00
20104.00
19161.00
22626.00
19319.00
19433.00
17457.00
19382.00
20090.00
19905.00
19385.00
18677.00
19745.00
17945.00
19485.00
18657.00
18079.00
17522.00
18298.00
19563.00
16533.00
17449.00
17547.00
18587.00
20092.00
19279.00
17996.00
18898.00
20392.00
18481.00
18383.00
20550.00
16393.00
18881.00
18173.00
19561.00
19959.00
17331.00
17454.00
18518.00
21461.00
19548.00
23530.00
18447.00
19413.00
21624.00
18674.00
19221.00
20154.00
19895.00
19823.00
19838.00
19084.00
19149.00
19008.00
19315.00
22178.00
21339.00
19623.00
19487.00
22103.00
18687.00
17679.00
19178.00
17540.00
17949.00
18729.00
20090.00
21052.00
20251.00
18755.00
19588.00
19488.00
19691.00
19542.00
19155.00
18645.00
19413.00
18801.00
21347.00
20059.00
19705.00
20398.00
19828.00
20840.00
20222.00
21408.00
22567.00
20531.00
19510.00
19139.00
18469.00
20267.00
20707.00
18180.00
20532.00
21061.00
17093.00
19118.00
22080.00
20409.00
20689.00
20950.00
22868.00
19572.00
20854.00
19592.00
23370.00
24892.00
19616.00
21828.00
21555.00
20027.00
20351.00
20410.00
19161.00
21940.00
20315.00
19853.00
20118.00
19407.00
17636.00
16595.00
18642.00
18187.00
18450.00
19482.00
19990.00
16649.00
16708.00
17099.00
18036.00
15828.00
16818.00
20433.00
23437.00
19673.00
21274.00
26553.00
21256.00
26594.00
21692.00
21192.00
21540.00
26017.00
20026.00
19557.00
21973.00
23553.00
20200.00
20704.95
21336.00
19312.00
22497.00
21405.00
21774.00
20692.00
22136.00
24180.00
21758.00
22366.00
20501.00
20287.00
19579.00
19690.00
20127.00
20513.00
21360.00
20194.00
18588.00
18856.00
19744.00
19495.00
19197.00
19543.00
20155.00
18029.00
23012.00
20222.00
20051.00
19566.00
21665.00
18638.00
19657.00
19138.00
22495.00
18799.00
19968.00
23399.00
18016.00
18400.00
20834.00
23778.00
26345.00
18104.00
22854.00
19873.00
22425.00
21774.00
21945.00
22123.00
22110.00
21343.00
20994.00
21270.00
21408.00
20181.00
24489.00
22557.00
24060.00
23466.00
20609.00
21659.00
22070.00
21805.00
22402.00
21476.00
22267.00
20369.00
18747.00
23697.00
22313.00
20658.00
20345.00
21348.00
23375.00
22606.00
20619.00
21987.00
23328.00
20696.00
23469.00
24637.00
21683.00
22091.00
24449.00
22425.00
22502.00
22036.00
21816.00
22699.00
21293.00
21637.00
23220.00
23620.00
20635.00
22330.00
22751.00
27884.00
26161.00
22975.00
22006.00
20227.00
26612.00
18692.00
22212.00
22908.00
25539.00
25605.00
24740.00
25010.00
25198.00
22476.00
25341.00
23495.00
23937.00
22955.00
24005.00
22499.00
24385.00
21743.00
22731.00
24743.00
25556.00
25256.00
25332.00
26229.00
25444.00
20512.00
20413.00
25560.00
22307.00
24246.00
26023.00
25233.00
25284.00
23858.00
21317.00
23613.00
25207.00
25388.00
24591.00
23783.00
23166.00
23394.00
22694.00
22393.00
22197.00
23652.00
21894.00
24457.00
27463.00
22189.00
24472.00
26439.00
24910.00
24952.00
25548.00
24264.00
22967.00
25220.00
22264.00
21236.00
22980.00
23152.00
24706.00
24528.00
23300.00
25692.00
25133.00
24863.00
23261.00
23091.00
25170.00
24414.00
24091.00
24960.00
25697.00
23984.00
25452.00
27184.00
23956.00
24379.00
27665.00
25415.00
25744.00
24932.00
25927.00
27746.00
24568.00
24317.00
25675.00
27811.00
24994.00
28683.00
29362.00
25128.00
23879.00
26992.00
25522.00
22463.00
24577.00
23795.00
23987.00
26599.00
26583.00
26683.00
27096.00
25618.00
23723.00
24697.00
29647.00
24386.00
26178.00
25820.00
24009.00
23094.00
26589.00
26100.00
24330.00
24326.00
24328.00
24948.00
24125.00
26604.00
25609.00
26627.00
27716.00
26832.00
26780.00
24501.00
21615.00
25032.00
25535.00
25618.00
23970.00
23899.00
24458.00
26169.00
27353.00
26137.00
23893.00
25515.00
27437.00
25721.00
28476.00
24737.00
26227.00
24931.00
25120.00
23567.00
26428.00
27173.00
24497.00
24256.00
24418.00
25108.00
26182.00
26472.00
27425.00
27034.00
23832.00
27329.00
24276.00
24775.00
26711.00
23899.00
26538.00
24514.00
29244.00
23925.00
26602.00
26725.00
26470.00
26632.00
27206.00
26363.00
28167.00
25853.00
28425.00
26004.00
24646.00
24324.00
25405.00
25824.00
26506.00
25304.00
25650.00
28652.00
28532.00
25454.00
28128.00
29150.00
25954.00
26710.00
29067.00
29504.00
27951.00
26124.00
27966.00
25511.00
26065.00
28257.00
28778.00
26862.00
27599.00
28797.00
27145.00
27193.00
27889.00
30221.00
30038.00
29164.00
29071.00
28914.00
29822.00
28703.00
30465.00
28632.00
27795.00
27029.00
28698.00
27966.00
29291.00
25063.00
29690.00
29481.00
27684.00
30041.00
28068.00
28823.00
29458.00
28541.00
29486.00
30885.00
27881.00
26643.56
26946.00
28228.00
28950.00
26477.00
26866.00
26649.00
27661.00
30837.00
27737.00
27222.00
30090.00
27501.00
26543.00
27744.00
29639.00
31232.00
31382.00
30725.00
31571.00
27332.00
30855.00
29143.00
27615.00
28849.00
31920.00
30461.00
32967.00
29933.00
28750.00
29598.00
26629.00
33727.00
30034.00
27638.00
29113.00
30005.00
30608.00
28836.00
31910.00
29994.00
31088.00
29758.00
29326.00
27737.00
26366.00
27958.00
32561.00
28867.00
30132.00
29003.00
31233.00
29820.00
29425.00
27242.00
31572.00
28818.00
31825.00
35539.00
32499.00
31271.00
29570.00
28121.00
29749.00
34766.00
30924.00
30682.00
30068.00
34041.00
32609.00
32273.00
31815.00
32171.00
31426.00
31159.00
31294.00
30485.00
29221.00
32973.00
30278.00
31803.00
31618.00
29702.00
28573.00
28994.00
30562.00
29599.00
34634.00
35555.00
31191.00
31642.00
30336.00
27994.00
28811.00
28155.00
31434.00
32144.00
33885.00
31997.00
33429.00
33329.00
31881.00
30438.00
31436.00
31987.00
32331.00
32182.00
32345.00
32458.00
32101.00
32328.00
33679.00
32869.00
35167.00
32470.00
33008.00
32970.00
30163.00
30342.00
29468.00
34640.00
34353.00
34410.00
34133.00
33010.00
33760.00
33895.00
35706.00
36742.00
34589.00
34467.00
32870.00
34086.00
32681.00
30617.00
34047.00
33845.00
34221.00
28562.00
33321.00
32075.00
31570.00
31316.00
35806.00
32900.00
33790.00
33095.00
32506.00
35098.00
32444.00
38144.00
35345.00
34230.00
34351.00
34988.00
35303.00
35250.00
35088.00
34161.00
36340.00
33230.00
33331.00
34171.00
34469.00
32263.00
32998.00
35422.00
34474.26
34177.00
33918.00
30212.00
33017.00
37039.00
34595.00
35154.00
30055.00
33536.00
36328.00
35729.00
33661.00
34075.00
35185.00
35316.00
32768.00
33062.00
38122.00
35284.00
35784.00
39404.00
34457.00
33233.00
32190.00
36092.00
35875.00
36082.00
34320.00
34914.00
35351.00
36549.00
35484.00
38884.00
36885.00
38059.00
34926.00
37944.00
35083.00
37029.00
38674.00
34914.00
36597.00
37712.00
38416.00
38868.00
40909.00
36487.00
37056.00
36391.00
35104.00
38896.00
35513.00
38454.00
35941.00
36409.00
34109.00
34581.00
34707.00
36993.00
39680.00
34877.00
36996.00
38090.00
38233.00
38292.00
37797.00
39795.00
39011.00
40802.00
40532.00
39461.00
41841.00
40827.00
40046.00
40245.00
37812.00
41150.00
39445.00
38032.00
39157.00
39710.00
37788.00
39241.00
37780.00
38165.00
35097.00
35253.00
37858.00
39480.00
37251.00
39088.00
37557.00
40475.00
36767.00
37472.00
37790.00
37065.00
37064.00
41324.00
38554.00
39028.00
44380.00
42649.00
38923.00
39341.00
36972.00
41856.00
40989.00
40103.00
39740.00
40287.00
43913.00
44510.00
42484.00
42572.00
41797.00
43786.00
45035.00
38786.00
40023.00
41731.00
41889.00
42241.00
41427.00
42383.00
46348.00
45384.00
44830.00
43001.00
43233.00
40908.00
41140.00
40547.00
43089.00
42717.00
43200.00
43418.00
43763.00
45469.00
41190.00
42601.00
40516.00
40331.00
40023.00
43060.00
45560.00
41808.00
47048.00
43066.00
44348.00
47485.00
47238.00
46854.00
47817.00
47371.00
44797.00
47644.00
42711.00
41480.00
46116.00
48860.00
44802.00
46977.00
44130.00
45635.00
43184.00
44717.00
46150.00
44739.00
45288.00
46026.00
45358.00
42756.00
47864.00
51049.00
47556.00
46567.00
46400.00
51234.00
51162.00
49020.00
50825.00
50266.00
49144.00
49189.00
52673.00
47080.00
48922.00
44888.00
46464.00
47568.00
53040.00
46289.00
46626.00
53387.00
50932.00
50578.00
49864.00
50714.00
50032.00
52571.00
49837.00
49670.00
52591.00
51626.00
53433.00
51915.00
51240.00
55667.00
52689.00
52605.00
56442.00
51230.00
49123.00
51273.00
53913.00
53554.00
55337.00
56119.00
57452.00
55883.00
57626.00
54989.00
55937.00
56445.00
54743.00
54228.00
52739.00
56291.00
56275.00
55937.00
56881.00
57375.00
54878.00
55000.00
55932.00
56829.00
59564.00
56029.00
59404.00
56420.00
58827.00
60979.00
60127.00
60958.00
58388.00
61501.00
58254.00
60690.00
60296.00
61597.00
59597.00
60770.00
56578.00
57927.00
61613.00
61042.00
62022.00
63283.00
60714.00
61095.00
61415.00
58614.00
61343.00
63495.00
63990.00
63886.00
63354.00
63217.00
62971.00
64669.00
64761.00
63443.00
65038.00
63215.00
62858.00
62913.00
64512.00
63726.00
62427.00
63560.00
64272.00
66095.00
64349.00
65783.00
63857.00
62218.00
65062.00
67594.00
65156.00
65945.00
66187.00
68007.00
67503.00
65033.00
67473.00
66416.00
67955.00
67491.00
66826.00
68777.00
67742.00
67269.00
67974.00
67856.00
67247.00
68305.00
69022.00
68887.00
67396.00
69240.00
68514.00
68326.00
67965.00
68957.00
67559.00
69241.00
69712.00
69023.00
68443.00
69301.00
69103.00
69363.00
69195.00
69762.00
68971.00
69807.00
69678.00
69372.00
69656.00
69651.00
69882.00
69838.00
69872.00
69855.00
69789.00
69628.00
69436.00
69725.00
69920.00
69918.00
69622.00
69592.00
70104.00
69851.00
69705.00
69895.00
69693.00
69594.00
69851.00
69903.00
70047.00
69488.00
69514.00
69330.00
70102.00
69554.00
69911.00
69865.00
70039.00
69388.00
69832.00
69959.00
69695.00
69611.00
69832.00
70062.00
69737.00
69583.00
69786.00
69806.00
70060.00
69584.00
69799.00
70062.00
70072.00
70043.00
70083.00
69971.00
70073.00
69887.00
69611.00
69967.00
69867.00
69796.00
69616.00
69826.00
70113.00
69891.00
69631.00
69873.00
70132.00
69858.00
69830.00
69363.00
69915.00
69708.00
69972.00
70106.00
69907.00
69581.00
69539.00
69855.00
69860.00
69735.00
69808.00
70168.00
