rw_job: (g=0): rw=rw, bs=4K-4K/4K-4K/4K-4K, ioengine=libaio, iodepth=32
fio-2.1.10
Starting 1 process

rw_job: (groupid=0, jobs=1): err= 0: pid=21637: Fri Sep 18 04:43:49 2015
  read : io=117754MB, bw=48377KB/s, iops=12094, runt=2492521msec
    slat (usec): min=1, max=1433, avg=10.10, stdev= 5.65
    clat (usec): min=26, max=24202, avg=1562.16, stdev=1418.21
     lat (usec): min=27, max=24209, avg=1572.60, stdev=1417.33
    clat percentiles (usec):
     |  1.00th=[  223],  5.00th=[  318], 10.00th=[  378], 20.00th=[  478],
     | 30.00th=[  604], 40.00th=[  844], 50.00th=[ 1160], 60.00th=[ 1464],
     | 70.00th=[ 1832], 80.00th=[ 2384], 90.00th=[ 3344], 95.00th=[ 4256],
     | 99.00th=[ 6944], 99.50th=[ 8032], 99.90th=[11072], 99.95th=[12224],
     | 99.99th=[14400]
    bw (KB  /s): min=32424, max=81544, per=100.00%, avg=48391.45, stdev=13485.29
  write: io=117766MB, bw=48382KB/s, iops=12095, runt=2492521msec
    slat (usec): min=1, max=474, avg=10.41, stdev= 5.80
    clat (usec): min=7, max=21319, avg=1058.77, stdev=1180.19
     lat (usec): min=33, max=21325, avg=1069.54, stdev=1179.14
    clat percentiles (usec):
     |  1.00th=[  129],  5.00th=[  203], 10.00th=[  245], 20.00th=[  302],
     | 30.00th=[  350], 40.00th=[  410], 50.00th=[  498], 60.00th=[  772],
     | 70.00th=[ 1240], 80.00th=[ 1704], 90.00th=[ 2576], 95.00th=[ 3344],
     | 99.00th=[ 5728], 99.50th=[ 6816], 99.90th=[ 9408], 99.95th=[10816],
     | 99.99th=[13120]
    bw (KB  /s): min=31952, max=81776, per=100.00%, avg=48396.78, stdev=13493.28
    lat (usec) : 10=0.01%, 20=0.01%, 50=0.03%, 100=0.20%, 250=6.00%
    lat (usec) : 500=29.89%, 750=12.03%, 1000=6.60%
    lat (msec) : 2=24.19%, 4=16.71%, 10=4.24%, 20=0.12%, 50=0.01%
  cpu          : usr=6.66%, sys=29.57%, ctx=8995610, majf=0, minf=27
  IO depths    : 1=0.1%, 2=0.1%, 4=0.1%, 8=0.1%, 16=0.1%, 32=100.0%, >=64=0.0%
     submit    : 0=0.0%, 4=100.0%, 8=0.0%, 16=0.0%, 32=0.0%, 64=0.0%, >=64=0.0%
     complete  : 0=0.0%, 4=100.0%, 8=0.0%, 16=0.0%, 32=0.1%, 64=0.0%, >=64=0.0%
     issued    : total=r=30144936/w=30148184/d=0, short=r=0/w=0/d=0
     latency   : target=0, window=0, percentile=100.00%, depth=32

Run status group 0 (all jobs):
   READ: io=117754MB, aggrb=48376KB/s, minb=48376KB/s, maxb=48376KB/s, mint=2492521msec, maxt=2492521msec
  WRITE: io=117766MB, aggrb=48381KB/s, minb=48381KB/s, maxb=48381KB/s, mint=2492521msec, maxt=2492521msec

Disk stats (read/write):
  sde: ios=30142599/30145849, merge=0/0, ticks=43828140/28271512, in_queue=72087840, util=100.00%
