0.31
39.49
44.92
39.96
32.20
32.71
35.46
34.11
35.77
36.13
34.02
32.75
32.79
32.59
34.08
34.79
34.72
32.39
29.34
26.83
27.01
24.69
30.56
26.32
27.88
24.53
23.77
23.66
25.52
26.20
24.50
21.60
24.07
22.41
24.09
26.35
24.33
24.43
26.30
25.84
24.88
26.23
25.03
24.72
24.90
28.68
26.16
25.14
27.18
24.86
25.15
22.45
25.47
25.36
26.21
25.52
25.44
25.82
24.25
24.90
25.71
24.04
22.70
24.93
23.37
22.70
25.45
25.11
25.70
26.03
29.75
30.41
26.41
25.84
27.64
33.71
28.11
28.45
32.43
31.68
30.48
27.66
29.25
25.48
28.08
35.76
28.98
28.88
31.79
28.63
30.05
28.46
34.38
38.81
40.79
31.49
36.38
39.45
37.62
34.18
40.02
42.25
40.34
43.34
32.03
40.76
36.64
38.03
33.93
44.20
34.36
34.00
40.34
37.29
30.93
36.90
43.26
35.13
30.92
29.69
29.19
28.56
31.18
34.24
31.20
29.69
39.05
43.32
33.64
37.25
33.73
32.69
38.20
42.63
43.52
41.63
40.65
34.60
36.42
33.67
35.83
43.70
39.33
43.53
35.95
56.38
38.86
42.15
36.91
42.06
43.27
45.12
43.73
39.68
28.93
40.41
37.45
36.46
36.53
41.98
34.28
42.99
34.95
27.33
34.86
35.80
28.53
31.35
28.05
35.05
27.50
29.06
32.61
31.23
28.73
34.17
37.70
36.88
34.30
34.80
30.51
24.01
29.83
32.66
36.27
40.41
36.07
30.68
40.02
35.82
33.02
25.81
33.51
29.08
28.64
39.05
35.95
33.33
35.82
36.18
34.25
32.42
26.20
31.39
32.84
29.51
28.68
27.89
23.92
35.00
33.98
29.34
30.38
32.13
34.78
34.41
38.19
33.08
34.89
34.93
31.89
26.29
34.52
40.11
35.61
34.93
34.51
31.56
33.91
27.09
27.22
23.20
29.51
37.43
28.13
30.87
35.64
29.30
34.63
31.89
31.02
33.76
34.98
28.38
32.80
33.50
32.71
25.02
21.25
31.43
31.44
26.48
24.26
24.86
26.54
24.54
22.92
21.26
28.03
23.84
22.29
22.54
35.66
30.65
25.99
27.29
28.91
32.99
37.33
32.91
35.26
39.59
39.81
31.17
30.19
33.62
30.85
28.57
30.84
33.62
30.58
29.84
29.24
26.22
24.55
34.56
32.99
32.25
39.59
30.24
34.09
41.27
35.60
30.90
31.43
30.88
38.68
43.50
31.82
33.00
39.21
31.25
26.77
32.00
32.75
30.43
29.29
29.23
34.71
29.80
35.91
30.97
34.89
32.50
28.74
25.03
26.75
25.80
26.16
30.67
34.29
29.03
25.48
28.66
28.31
33.84
32.32
30.71
35.13
33.20
34.30
34.78
27.45
32.38
29.32
30.79
35.38
33.88
32.12
35.35
34.41
28.62
32.45
32.79
34.72
36.48
35.43
30.64
33.16
30.02
24.50
22.56
27.50
30.86
29.38
29.51
34.68
34.34
29.36
33.95
31.78
29.30
29.95
33.97
33.32
29.86
31.50
29.42
34.28
31.30
34.55
33.21
31.20
28.95
31.67
34.53
36.85
34.57
35.38
42.74
40.03
36.63
31.66
35.12
30.77
30.86
38.57
34.96
36.72
37.68
34.84
34.14
32.91
32.05
35.44
37.17
33.27
36.61
34.54
36.12
34.01
37.05
39.57
38.11
40.64
40.93
39.88
34.68
43.44
36.95
38.11
26.97
25.54
33.37
39.57
39.79
33.31
38.95
36.36
34.85
34.85
40.75
42.67
34.39
35.31
37.93
38.17
39.00
40.36
37.01
36.58
40.60
33.36
30.17
32.83
32.11
29.91
29.40
34.01
36.37
31.18
29.40
27.54
25.21
30.74
30.05
29.02
30.44
31.15
30.92
32.02
36.25
34.48
38.17
31.43
31.11
33.80
36.33
35.15
33.99
38.57
33.48
38.08
34.88
35.41
39.25
38.45
33.03
37.19
35.69
30.64
24.36
26.03
23.36
31.83
34.30
35.84
39.06
37.95
41.83
37.03
35.20
43.28
39.52
35.04
41.02
37.04
37.45
33.35
37.31
34.16
31.99
39.41
37.31
41.39
32.60
33.48
32.35
41.63
35.32
38.63
42.46
37.08
30.76
31.47
38.16
39.11
38.03
41.51
39.01
41.29
47.77
52.49
49.15
43.86
45.96
41.11
38.34
42.37
42.52
40.35
38.25
35.30
32.61
35.66
38.83
38.49
36.19
45.40
39.88
37.53
41.74
29.70
33.68
35.02
27.88
26.54
32.61
25.41
25.80
31.05
36.03
30.97
38.30
32.83
29.62
33.54
35.33
45.36
39.57
29.66
30.80
40.91
43.68
42.24
46.59
45.87
41.90
43.27
31.62
27.12
26.81
31.55
24.16
34.67
29.93
31.00
29.97
25.06
25.54
22.29
28.57
30.86
37.70
37.66
36.76
37.84
38.18
36.72
39.66
35.37
34.89
26.98
32.69
34.32
31.09
32.38
33.61
36.58
37.09
39.60
37.14
26.45
29.80
43.96
36.76
37.35
30.62
27.96
28.52
26.71
21.72
30.27
38.44
34.55
30.72
30.41
27.87
28.77
30.78
25.81
34.07
31.02
35.25
36.91
41.24
38.14
38.75
36.29
42.04
42.69
39.09
40.82
37.86
39.66
49.17
34.99
29.32
24.57
36.05
34.41
31.54
36.39
41.93
47.11
35.55
37.30
43.83
38.11
45.52
46.68
46.82
47.84
47.11
38.98
48.84
46.22
42.16
39.93
40.07
35.26
41.59
39.61
40.37
38.47
34.49
28.77
37.11
40.10
39.24
39.36
43.70
39.52
38.37
44.72
44.53
46.58
37.08
45.52
33.10
26.30
32.36
39.75
33.43
40.70
34.36
41.57
40.74
42.25
44.70
46.75
48.54
42.05
46.27
39.14
45.54
42.74
40.77
37.10
53.22
38.50
46.88
43.57
34.58
41.69
39.66
44.55
42.43
49.24
38.24
43.16
44.76
38.64
39.03
43.88
38.28
41.91
49.45
47.60
41.84
46.34
48.39
44.38
48.65
45.24
49.14
41.40
52.20
46.12
46.34
41.62
39.60
44.45
41.07
45.10
47.38
38.52
46.29
42.42
38.43
44.71
45.38
43.94
41.23
38.80
38.10
35.12
38.30
43.33
42.01
45.92
52.75
49.59
48.76
51.90
48.34
52.21
40.66
42.41
47.62
39.41
39.62
36.80
33.93
43.44
38.05
36.99
39.09
37.82
41.86
41.67
42.08
50.25
40.17
39.08
38.42
35.12
26.41
29.27
30.95
33.44
32.36
42.90
39.79
49.81
41.97
47.28
45.67
40.36
26.10
30.82
37.57
46.84
41.10
30.20
28.81
27.73
32.88
35.09
30.78
32.09
30.27
38.77
45.86
45.31
41.45
45.93
40.41
51.44
45.16
51.44
43.48
36.75
45.45
39.86
47.99
40.38
31.38
42.20
33.07
30.36
31.48
31.91
28.93
39.78
41.20
30.99
38.59
28.52
39.93
34.85
42.35
44.43
24.45
36.50
38.73
47.11
47.54
43.04
50.86
44.03
44.83
36.82
47.31
43.22
44.66
40.45
35.97
40.68
50.18
39.96
42.47
44.44
46.84
47.59
48.32
50.80
43.02
42.70
36.46
47.24
39.42
33.54
44.51
38.93
41.50
44.18
39.74
42.27
49.48
46.05
44.19
44.18
40.57
44.20
42.23
42.59
48.78
50.11
36.43
28.66
42.66
35.40
33.58
38.20
41.19
40.02
45.63
49.77
43.65
50.21
45.42
53.62
50.59
56.66
56.38
55.09
55.73
43.95
51.51
55.77
57.43
47.97
46.52
48.01
46.30
45.11
40.85
39.61
30.93
31.95
39.66
40.51
36.50
37.83
38.66
37.00
44.31
40.70
44.63
44.21
50.26
48.60
52.84
53.51
37.17
45.04
45.04
44.52
44.90
47.94
45.44
39.96
42.71
48.56
47.59
47.31
52.09
51.10
44.11
50.59
36.48
41.07
38.45
44.82
42.53
42.52
44.15
38.94
46.66
40.84
42.84
46.21
48.58
58.14
38.75
50.07
46.64
59.14
57.88
58.29
53.02
57.34
50.32
51.41
44.67
45.03
45.98
52.03
41.41
40.49
31.58
34.85
38.62
41.73
42.15
49.82
43.94
40.71
52.46
36.48
44.39
48.64
50.40
54.99
54.29
48.23
46.57
47.85
43.41
40.92
36.38
35.85
39.14
35.44
40.83
40.11
46.57
46.28
49.66
51.55
52.62
44.98
33.00
33.86
41.45
39.51
50.98
41.35
44.03
43.81
50.09
43.43
56.69
51.39
46.98
49.16
49.98
39.69
50.83
46.17
44.01
44.30
43.66
51.08
48.98
47.43
42.64
43.50
53.92
46.62
40.59
52.57
48.80
44.04
49.81
38.53
39.83
37.29
42.38
46.59
44.96
38.05
39.13
33.01
37.18
33.28
33.06
50.05
43.08
48.89
39.59
33.02
38.68
43.79
43.30
35.23
37.61
46.52
44.47
50.54
48.65
56.13
46.12
42.16
38.33
36.27
46.34
51.10
45.11
42.86
54.05
44.43
34.68
36.11
38.39
33.78
45.11
48.39
58.53
43.66
46.90
49.40
45.32
49.59
43.33
50.71
54.44
45.23
56.92
49.09
52.55
49.45
44.47
43.44
44.50
55.23
51.55
48.70
51.02
57.30
54.73
48.05
49.50
40.39
44.95
43.59
45.07
48.15
46.50
37.90
36.73
45.81
41.52
48.27
44.95
42.63
46.02
43.11
48.28
43.34
51.09
40.89
37.64
47.46
57.50
47.86
43.77
48.29
55.36
47.76
56.29
41.65
39.21
44.96
46.55
38.82
39.77
44.59
47.64
51.04
51.13
50.83
54.45
49.91
54.34
50.97
49.27
60.70
70.12
65.01
41.13
57.94
70.55
65.79
53.93
64.52
61.25
46.65
45.22
48.54
48.89
51.68
48.98
49.41
41.02
40.80
55.30
50.22
59.22
54.57
46.85
46.88
47.04
55.03
51.80
54.03
44.61
45.34
52.58
49.81
54.85
55.13
55.85
57.77
49.64
46.19
47.49
48.16
44.24
44.61
45.96
49.23
51.57
45.93
54.44
44.56
42.96
43.02
48.67
41.06
41.88
52.99
45.90
43.84
40.09
48.72
52.90
45.55
49.45
52.15
51.45
52.96
46.16
53.91
55.02
50.42
57.11
51.96
46.41
46.36
45.39
47.91
46.74
45.23
44.41
48.51
45.36
45.19
45.93
47.62
45.86
52.82
49.60
42.44
46.27
40.44
55.11
53.05
46.96
44.02
38.92
46.31
41.31
43.45
41.77
49.84
40.89
39.99
52.98
57.46
44.46
46.90
49.73
49.30
56.01
42.40
54.04
52.54
53.85
41.54
46.66
53.87
52.42
51.58
43.55
45.71
40.93
63.29
51.86
47.84
44.52
51.03
51.25
54.12
50.46
54.78
47.70
48.41
49.67
55.46
57.30
52.31
50.74
49.97
51.87
50.19
39.78
49.62
42.09
50.55
53.00
47.11
46.82
45.55
52.96
57.36
54.58
51.41
51.91
54.54
57.55
56.01
58.18
47.45
45.81
45.11
44.77
54.18
53.69
49.36
53.44
57.28
49.16
46.50
51.28
54.70
57.03
43.39
49.96
44.30
49.27
51.59
51.60
51.66
51.60
50.34
47.75
50.23
43.74
53.96
50.39
52.65
48.11
49.48
58.11
50.57
48.01
48.11
53.89
50.00
51.75
52.77
44.80
44.86
47.30
46.45
44.26
56.30
54.65
53.70
50.83
54.96
54.64
54.71
61.09
57.67
52.87
60.05
67.85
60.47
58.97
56.95
55.29
61.55
73.39
55.13
54.54
49.66
55.66
64.21
58.17
51.32
51.07
52.04
57.18
55.00
53.38
61.36
58.27
60.76
57.90
58.36
45.29
47.16
45.52
45.42
47.21
49.48
49.78
51.30
61.14
57.09
58.73
58.93
55.94
59.84
59.94
50.98
59.44
47.57
57.13
52.48
48.90
57.13
52.08
53.89
63.21
62.07
54.51
60.07
69.95
64.43
60.59
61.68
47.23
57.34
59.75
54.82
57.17
53.18
48.62
50.73
57.76
49.21
49.70
50.43
57.48
52.67
52.32
54.93
53.05
53.97
50.30
52.27
53.85
62.69
56.95
45.87
48.26
49.86
57.41
64.86
54.59
55.05
51.68
53.57
54.91
57.53
51.91
48.94
55.27
40.74
53.92
58.72
54.27
53.68
48.40
50.50
57.08
58.47
57.82
56.71
58.79
55.00
53.58
57.28
53.02
53.59
60.31
53.00
61.31
68.62
63.34
60.75
53.16
56.08
54.84
46.85
51.91
55.35
53.11
48.97
48.45
48.03
49.60
60.37
54.39
66.93
59.46
63.28
57.63
75.27
56.14
56.13
59.79
60.95
60.93
61.00
56.54
60.15
63.48
61.17
58.72
57.26
57.06
67.31
61.42
57.79
45.59
49.11
51.26
46.47
50.76
54.27
54.37
61.73
53.34
59.33
57.06
55.89
61.98
62.78
65.97
57.14
50.87
56.34
57.38
52.57
55.50
55.70
64.16
59.67
66.35
58.70
70.34
67.80
58.29
56.96
57.55
52.49
67.02
61.23
67.36
74.61
59.38
71.14
67.71
58.86
57.12
62.00
59.88
66.20
53.90
64.13
61.19
56.35
54.24
59.45
55.25
64.82
61.10
67.86
66.56
59.28
51.62
55.81
58.71
64.21
63.80
71.09
68.61
83.63
60.61
75.60
82.85
67.19
55.00
60.14
66.40
52.14
63.41
58.77
57.68
55.71
55.43
66.27
48.45
52.65
54.61
53.62
58.05
55.80
55.81
66.15
59.82
73.92
72.61
62.43
67.36
58.16
70.41
62.69
57.03
60.57
63.34
60.18
57.43
63.81
59.84
64.81
62.80
53.89
59.06
67.73
55.95
58.79
57.79
65.28
57.82
60.36
63.52
66.01
58.70
67.69
61.54
60.84
68.72
63.24
66.48
65.27
56.55
63.67
62.31
73.76
63.48
70.60
55.72
64.97
63.25
55.32
57.82
56.68
61.99
67.27
63.69
60.96
63.02
65.46
67.96
66.53
65.36
59.68
56.23
60.75
56.06
57.93
58.08
59.69
53.34
58.85
61.03
69.50
56.02
66.50
60.12
61.18
55.20
53.44
61.67
62.01
68.06
74.01
65.03
68.76
69.98
59.88
61.52
66.59
62.50
65.89
65.59
68.64
63.80
66.22
60.61
60.45
60.13
65.63
64.61
71.36
61.09
61.71
62.52
65.88
63.94
66.08
72.20
71.85
63.25
69.88
62.66
63.34
58.74
49.43
59.73
63.63
68.32
65.54
60.84
63.25
59.24
51.07
57.18
60.44
62.56
65.96
77.09
73.65
71.36
67.89
63.66
66.47
55.04
56.22
57.55
60.40
52.59
61.54
59.75
61.63
61.15
59.55
66.62
66.90
65.56
62.95
67.64
70.52
62.16
63.46
62.83
61.07
56.71
58.87
69.73
67.42
75.69
72.85
58.04
55.84
60.10
63.94
63.21
67.37
76.95
70.00
72.50
70.93
73.38
68.17
73.89
62.48
65.48
69.34
63.43
60.58
56.75
62.62
54.02
61.95
61.75
69.18
61.01
62.88
58.88
58.86
59.62
66.94
60.86
61.84
59.08
60.28
64.34
58.62
57.46
65.04
72.37
60.80
65.04
73.65
65.57
65.13
65.16
71.83
69.43
69.73
66.27
70.21
62.40
63.05
64.32
75.17
63.39
68.94
69.78
65.98
59.35
59.54
63.28
72.54
78.28
65.88
76.94
72.30
62.55
66.43
72.83
69.79
68.73
59.26
57.72
60.64
63.38
64.17
70.75
62.39
66.54
56.61
63.02
61.08
57.88
64.11
71.20
68.61
67.04
69.04
69.52
67.84
73.45
67.93
72.80
67.39
76.16
77.14
68.06
65.95
55.74
65.53
63.55
66.54
69.78
70.30
68.95
59.13
71.37
68.00
62.44
79.04
69.75
75.77
75.68
74.15
83.02
69.27
78.21
70.61
74.02
80.10
81.71
71.41
86.47
74.50
68.10
73.25
66.21
73.66
73.64
74.23
63.71
61.40
64.84
74.15
73.14
69.47
65.54
70.89
67.63
78.91
71.61
72.01
75.93
73.73
69.50
69.45
76.04
75.84
73.23
70.54
78.53
74.85
88.38
75.46
75.91
68.19
75.71
78.48
77.75
75.72
72.96
77.13
70.10
76.11
72.88
70.62
68.45
71.48
76.42
64.58
68.16
68.54
72.61
78.48
75.31
70.30
73.82
79.66
72.19
71.80
80.28
64.04
73.75
70.99
76.41
77.96
67.70
68.18
72.34
83.83
76.36
91.91
72.06
75.83
84.47
72.95
75.08
78.73
77.71
77.43
77.49
74.55
74.80
74.25
75.45
86.63
83.36
76.65
76.12
86.34
73.00
69.06
74.92
68.51
70.11
73.16
78.48
82.23
79.11
73.26
76.52
76.12
76.92
76.34
74.82
72.83
75.83
73.44
83.39
78.36
76.97
79.68
77.45
81.41
78.99
83.62
88.15
80.20
76.21
74.76
72.14
79.17
80.89
71.02
80.20
82.27
66.77
74.68
86.25
79.72
80.82
81.84
89.33
76.45
81.46
76.53
91.29
97.24
76.62
85.27
84.20
78.23
79.50
79.73
74.85
85.70
79.36
77.55
78.59
75.81
68.89
64.82
72.82
71.04
72.07
76.10
78.09
65.04
65.26
66.79
70.45
61.83
65.70
79.81
91.55
76.85
83.10
103.72
83.03
103.88
84.73
82.78
84.14
101.63
78.23
76.39
85.84
92.00
78.91
80.88
83.34
75.44
87.88
83.61
85.05
80.83
86.47
94.45
84.99
87.37
80.08
79.25
76.48
76.91
78.62
80.13
83.44
78.88
72.61
73.66
77.12
76.15
74.99
76.34
78.73
70.43
89.89
78.99
78.32
76.43
84.63
72.80
76.79
74.76
87.87
73.43
78.00
91.40
70.38
71.88
81.38
92.88
102.91
70.72
89.27
77.63
87.60
85.05
85.72
86.42
86.37
83.37
82.01
83.09
83.62
78.83
95.66
88.11
93.98
91.66
80.50
84.61
86.21
85.18
87.51
83.89
86.98
79.57
73.23
92.57
87.16
80.70
79.47
83.39
91.31
88.30
80.54
85.89
91.12
80.84
91.68
96.24
84.70
86.29
95.50
87.60
87.90
86.08
85.22
88.67
83.18
84.52
90.70
92.27
80.61
87.23
88.87
108.92
102.19
89.75
85.96
79.01
103.95
73.02
86.77
89.48
99.76
100.02
96.64
97.70
98.43
87.80
98.99
91.78
93.50
89.67
93.77
87.89
95.25
84.93
88.79
96.65
99.83
98.66
98.95
102.46
99.39
80.12
79.74
99.84
87.14
94.71
101.65
98.57
98.77
93.20
83.27
92.24
98.46
99.17
96.06
92.90
90.49
91.38
88.65
87.47
86.71
92.39
85.52
95.54
107.28
86.68
95.59
103.28
97.30
97.47
99.80
94.78
89.71
98.52
86.97
82.95
89.77
90.44
96.51
95.81
91.02
100.36
98.18
97.12
90.87
90.20
98.32
95.37
94.11
97.50
100.38
93.69
99.42
106.19
93.58
95.23
108.07
99.28
100.56
97.39
101.28
108.38
95.97
94.99
100.29
108.64
97.63
112.04
114.70
98.16
93.28
105.44
99.70
87.74
96.00
92.95
93.70
103.90
103.84
104.23
105.84
100.07
92.67
96.47
115.81
95.26
102.26
100.86
93.79
90.21
103.86
101.95
95.04
95.02
95.03
97.45
94.24
103.92
100.04
104.01
108.27
104.81
104.61
95.71
84.43
97.78
99.75
100.07
93.63
93.36
95.54
102.22
106.85
102.10
93.33
99.67
107.18
100.47
111.23
96.63
102.45
97.39
98.12
92.06
103.23
106.14
95.69
94.75
95.38
98.08
102.27
103.41
107.13
105.60
93.09
106.75
94.83
96.78
104.34
93.36
103.66
95.76
114.23
93.46
103.91
104.39
103.40
104.03
106.27
102.98
110.03
100.99
111.04
101.58
96.27
95.02
99.24
100.88
103.54
98.84
100.20
111.93
111.45
99.43
109.87
113.87
101.38
104.34
113.54
115.25
109.18
102.05
109.24
99.65
101.82
110.38
112.41
104.93
107.81
112.49
106.04
106.22
108.94
118.05
117.34
113.92
113.56
112.95
116.49
112.12
119.00
111.84
108.57
105.58
112.10
109.24
114.42
97.90
115.98
115.16
108.14
117.35
109.64
112.59
115.07
111.49
115.18
120.64
108.91
104.08
105.26
110.27
113.09
103.43
104.95
104.10
108.05
120.46
108.35
106.34
117.54
107.43
103.68
108.38
115.78
122.00
122.59
120.02
123.32
106.77
120.53
113.84
107.87
112.70
124.68
118.99
128.78
116.93
112.30
115.62
104.02
131.75
117.32
107.96
113.72
117.21
119.56
112.64
124.65
117.16
121.44
116.24
114.55
108.35
102.99
109.21
127.19
112.76
117.70
113.29
122.00
116.48
114.94
106.41
123.33
112.57
124.32
138.82
126.95
122.15
115.51
109.85
116.21
135.80
120.80
119.85
117.45
132.97
127.38
126.07
124.28
125.67
122.76
121.71
122.24
119.08
114.14
128.80
118.28
124.23
123.51
116.02
111.61
113.26
119.38
115.62
135.29
138.89
121.84
123.60
118.50
109.35
112.54
109.98
122.79
125.56
132.36
124.99
130.58
130.19
124.54
118.90
122.80
124.95
126.29
125.71
126.35
126.79
125.39
126.29
131.55
128.39
137.37
126.84
128.94
128.79
117.82
118.52
115.11
135.31
134.19
134.41
133.33
128.95
131.88
132.40
139.48
143.52
135.11
134.64
128.40
133.15
127.66
119.60
133.00
132.21
133.68
111.57
130.16
125.29
123.32
122.33
139.87
128.52
131.99
129.28
126.98
137.10
126.73
149.00
138.07
133.71
134.18
136.67
137.90
137.70
137.06
133.44
141.95
129.80
130.20
133.48
134.64
126.03
128.90
138.37
134.67
133.50
132.49
118.02
128.97
144.68
135.14
137.32
117.40
131.00
141.91
139.57
131.49
133.11
137.44
137.95
128.00
129.15
148.91
137.83
139.78
153.92
134.60
129.82
125.74
140.98
140.14
140.95
134.06
136.38
138.09
142.77
138.61
151.89
144.08
148.67
136.43
148.22
137.04
144.64
151.07
136.38
142.96
147.31
150.06
151.83
159.80
142.53
144.75
142.15
137.12
151.94
138.72
150.21
140.39
142.23
133.24
135.08
135.57
144.50
155.00
136.24
144.52
148.79
149.35
149.58
147.64
155.45
152.39
159.38
158.33
154.14
163.44
159.48
156.43
157.21
147.70
160.74
154.08
148.56
152.96
155.12
147.61
153.29
147.58
149.08
137.10
137.71
147.88
154.21
145.51
152.69
146.71
158.11
143.62
146.38
147.62
144.79
144.78
161.42
150.60
152.45
173.36
166.60
152.04
153.68
144.42
163.50
160.11
156.65
155.23
157.37
171.54
173.87
165.95
166.30
163.27
171.04
175.92
151.51
156.34
163.01
163.63
165.00
161.82
165.56
181.05
177.28
175.12
167.97
168.88
159.80
160.70
158.39
168.32
166.86
168.75
169.60
170.95
177.61
160.90
166.41
158.27
157.54
156.34
168.20
177.97
163.31
183.78
168.23
173.23
185.49
184.52
183.02
186.79
185.04
174.99
186.11
166.84
162.03
180.14
190.86
175.00
183.50
172.39
178.26
168.69
174.68
180.27
174.76
176.91
179.79
177.18
167.02
186.97
199.41
185.77
181.90
181.25
200.13
199.85
191.48
198.54
196.35
191.97
192.14
205.75
183.91
191.10
175.34
181.50
185.81
207.19
180.82
182.13
208.55
198.95
197.57
194.78
198.10
195.44
205.35
194.68
194.02
205.43
201.66
208.72
202.79
200.16
217.45
205.82
205.49
220.48
200.12
191.89
200.29
210.59
209.20
216.16
219.21
224.42
218.29
225.10
214.80
218.50
220.49
213.84
211.83
206.01
219.89
219.82
218.50
222.20
224.12
214.37
214.84
218.48
221.99
232.67
218.87
232.04
220.39
229.79
238.20
234.87
238.12
228.08
240.24
227.55
237.07
235.53
240.61
232.80
237.38
221.01
226.28
240.68
238.45
242.27
247.20
237.16
238.65
239.90
228.96
239.63
248.02
249.96
249.55
247.48
246.94
245.98
252.61
252.97
247.82
254.05
246.93
245.54
245.75
252.00
248.93
243.86
248.29
251.06
258.18
251.36
256.96
249.44
243.04
254.15
264.04
254.52
257.60
258.54
265.65
263.69
254.03
263.57
259.44
265.45
263.64
261.04
268.66
264.62
262.77
265.52
265.06
262.69
266.81
269.62
269.09
263.27
270.47
267.63
266.90
265.49
269.37
263.90
270.47
272.31
269.62
267.36
270.70
269.93
270.95
270.29
272.51
269.42
272.68
272.18
270.98
272.09
272.07
272.98
272.80
272.94
272.87
272.61
271.98
271.23
272.36
273.12
273.12
271.96
271.84
273.84
272.86
272.29
273.03
272.24
271.85
272.86
273.06
273.62
271.44
271.54
270.82
273.84
271.70
273.09
272.91
273.59
271.05
272.78
273.28
272.25
271.92
272.78
273.68
272.41
271.81
272.60
272.68
273.67
271.81
272.65
273.68
273.72
273.61
273.77
273.32
273.72
273.00
271.92
273.31
272.92
272.64
271.94
272.76
273.88
273.01
272.00
272.94
273.95
272.88
272.77
270.95
273.10
272.30
273.33
273.86
273.07
271.80
271.64
272.88
272.89
272.40
272.69
274.09
