26.58
69393.00
85428.00
85461.00
85445.00
85412.00
85508.00
85599.00
85461.00
85571.00
85501.00
85557.00
85506.00
85477.00
85605.00
85530.00
85673.00
85601.00
85555.00
85687.00
85569.00
85545.00
85585.00
85552.00
85555.00
85541.00
85876.00
85542.00
85547.00
85665.00
85738.00
85582.00
85654.00
85645.00
85619.00
85616.00
85649.00
85621.00
85629.00
85503.00
85604.00
85585.00
85576.00
85560.00
85662.00
85626.00
85642.00
85664.00
85642.00
85598.00
85715.00
85701.00
85702.00
85711.00
85721.00
85674.00
85676.00
85714.00
85704.00
85722.00
85738.00
85710.00
85709.00
85693.00
85696.00
85675.00
85699.00
85730.00
85741.00
85612.00
85734.00
85753.00
85720.00
85718.00
85732.00
85731.00
85738.00
85738.00
84881.19
85612.00
85729.00
85622.00
85626.00
85704.00
85674.00
85706.00
85635.00
85576.00
85647.00
85840.00
85629.00
85693.00
85659.00
85662.00
85584.00
85968.00
85648.00
85641.00
85687.00
85749.00
85777.00
85791.00
85756.00
85729.00
85729.00
85693.00
85789.00
85736.00
85724.00
85709.00
85737.00
85794.00
85755.00
85770.00
85712.00
85752.00
85725.00
85747.00
85767.00
85569.00
85762.00
85786.00
85761.00
85637.00
85705.00
85659.00
85663.00
85678.00
85698.00
85759.00
85667.00
85687.00
85701.00
85659.00
85758.00
85742.00
85732.00
85769.00
85757.00
85699.00
85744.00
85779.00
85749.00
85760.00
85755.00
85723.00
85727.00
85771.00
85735.00
85729.00
85741.00
85711.00
85757.00
85751.00
85738.00
85775.00
85698.00
85712.00
85741.00
85687.00
85768.00
85758.00
85765.00
85786.00
85817.00
85731.00
85645.00
85764.00
85776.00
85736.00
85761.00
85737.00
85768.00
85780.00
85707.00
85692.00
85681.00
85713.00
85690.00
85827.00
85711.00
85685.00
85709.00
85754.00
85741.00
85750.00
85741.00
85761.00
85748.00
85845.00
85746.00
85733.00
85770.00
85772.00
85771.00
85780.00
85780.00
85841.00
85827.00
85830.00
85778.00
85848.00
85841.00
85850.00
85794.00
85824.00
85837.00
85815.00
85811.00
85820.00
85816.00
85842.00
85846.00
85781.00
85823.00
85798.00
85795.00
85775.00
85786.00
85779.00
85773.00
85755.00
85775.00
85793.00
85769.00
85787.00
85749.00
85797.00
85758.00
85848.00
86040.00
85836.00
85756.00
85759.00
85904.00
85814.00
85818.00
85805.00
85832.00
85716.00
85796.00
85790.00
85794.00
85809.00
85796.00
85811.00
85812.00
85795.00
85789.00
85788.00
85706.00
85782.00
85827.00
85844.00
85805.00
85798.00
85827.00
85815.00
85674.00
85815.00
85735.00
85823.00
85826.00
85730.00
85808.00
85708.00
85750.00
85737.00
85819.00
85753.00
84789.00
85742.00
85788.00
85829.00
85821.00
85806.00
85817.00
85840.00
85847.00
85828.00
85863.00
85838.00
85794.00
85748.00
85813.00
85691.00
85806.00
85808.00
85824.00
85707.00
85822.00
86014.00
85793.00
85826.00
85816.00
85804.00
85807.00
85835.00
85811.00
85824.00
85725.00
85829.00
85788.00
84936.63
85790.00
85897.00
85791.00
85814.00
85793.00
85691.00
85793.00
85761.00
85758.00
85771.00
85741.00
85742.00
85753.00
85777.00
85768.00
85786.00
85815.00
85819.00
85843.00
85850.00
85783.00
85865.00
85771.00
85811.00
85792.00
85767.00
85822.00
85785.00
85791.00
85859.00
85822.00
85770.00
85759.00
85838.00
85821.00
85798.00
85816.00
85815.00
85823.00
85844.00
85855.00
85799.00
85844.00
85819.00
85822.00
85784.00
85843.00
85825.00
85792.00
85811.00
85802.00
85810.00
85800.00
85800.00
85781.00
85800.00
85777.00
85812.00
85777.00
85820.00
85817.00
85817.00
85821.00
85815.00
85884.00
85832.00
85725.00
85849.00
85851.00
85833.00
85816.00
85809.00
85840.00
85850.00
85928.00
85806.00
85851.00
85827.00
85747.00
85829.00
85856.00
85816.00
85838.00
85829.00
85798.00
85800.00
85831.00
85848.00
85844.00
85898.00
85899.00
85946.00
85851.00
85844.00
85836.00
85848.00
85810.00
85868.00
85829.00
85861.00
85904.00
85866.00
85882.00
85890.00
85663.00
85870.00
85905.00
85984.00
85900.00
85892.00
85889.00
85837.00
85714.00
85940.00
85877.00
85850.00
85839.00
85827.00
85826.00
85826.00
85841.00
85789.00
85800.00
85855.00
85864.00
85859.00
85783.00
85860.00
85810.00
85881.00
85885.00
85905.00
85931.00
85852.00
85770.00
85884.00
85874.00
85860.00
85895.00
85875.00
85883.00
85893.00
85867.00
86070.00
85913.00
85852.00
85884.00
85898.00
85891.00
85763.00
85887.00
85747.00
85888.00
85868.00
85884.00
85805.00
85842.00
85901.00
85867.00
85814.00
85882.00
85830.00
85855.00
85863.00
85831.00
85804.00
85847.00
85855.00
85864.00
85861.00
85874.00
85854.00
85889.00
85841.00
85848.00
85728.00
85749.00
85768.00
85804.00
85780.00
85855.00
85889.00
85881.00
85804.00
85861.00
85868.00
85891.00
85865.00
85775.00
85842.00
85854.00
85871.00
85809.00
85817.00
85790.00
85787.00
85844.00
85898.00
85949.00
85838.00
85868.00
85811.00
85831.00
85889.00
85880.00
85885.00
85914.00
85853.00
85871.00
85839.00
85807.00
85869.00
85855.00
85800.00
85848.00
85841.00
85887.00
85848.00
86080.00
85620.00
85884.00
85902.00
86044.00
85848.00
85835.00
84999.01
85844.00
85809.00
85797.00
85841.00
85881.00
85839.00
85837.00
85797.00
85841.00
85846.00
85869.00
85834.00
85867.00
85905.00
85884.00
85864.00
85878.00
85863.00
85887.00
85859.00
85879.00
85839.00
85861.00
85897.00
85856.00
85885.00
85877.00
85820.00
85812.00
85874.00
85837.00
85883.00
85806.00
85850.00
85845.00
85824.00
85838.00
85861.00
85822.00
85767.00
85878.00
85762.00
85821.00
85844.00
85828.00
85671.00
85855.00
85865.00
85857.00
85859.00
85828.00
85867.00
85847.00
85863.00
85824.00
85829.00
85862.00
85865.00
85857.00
85841.00
85830.00
85919.00
85837.00
85888.00
85826.00
85736.00
85801.00
85727.00
85826.00
85767.00
85838.00
85841.00
85881.00
85861.00
85879.00
85791.00
86022.00
85593.00
85881.00
85988.00
85897.00
85827.00
85797.00
85815.00
85728.00
85861.00
85863.00
85886.00
85860.00
85840.00
85923.00
85832.00
85866.00
85949.00
85869.00
85858.00
85847.00
85856.00
85828.00
85892.00
85960.00
86067.00
85742.00
85768.00
85802.00
85853.00
85848.00
85805.00
85837.00
85832.00
85877.00
85853.00
85916.00
86073.00
85800.00
85930.00
85837.00
85855.00
85830.00
85837.00
85868.00
85807.00
85840.00
85819.00
85862.00
85894.00
85857.00
85838.00
85821.00
85849.00
85942.00
85854.00
85840.00
85856.00
85838.00
85780.00
85801.00
85841.00
85852.00
85823.00
85798.00
86069.00
85825.00
85835.00
85829.00
86082.00
85815.00
85828.00
85799.00
85863.00
85671.00
85887.00
85716.00
85888.00
85851.00
85855.00
85874.00
85866.00
85849.00
85810.00
86070.00
85825.00
85851.00
85811.00
85851.00
85822.00
85844.00
85702.00
85795.00
85652.00
85854.00
85836.00
85788.00
83668.00
