0.10
271.07
333.70
333.83
333.77
333.64
334.02
334.37
333.84
334.26
333.98
334.21
334.01
333.89
334.39
334.10
334.66
334.38
334.20
334.71
334.25
334.16
334.32
334.19
334.20
334.14
335.45
334.15
334.17
334.63
334.92
334.30
334.59
334.55
334.45
334.44
334.57
334.46
334.49
334.00
334.39
334.32
334.28
334.22
334.62
334.48
334.54
334.63
334.54
334.37
334.82
334.77
334.77
334.81
334.85
334.66
334.68
334.82
334.79
334.85
334.91
334.81
334.80
334.74
334.75
334.66
334.76
334.88
334.93
334.42
334.90
334.97
334.84
334.84
334.89
334.89
334.91
334.91
331.57
334.42
334.88
334.46
334.48
334.78
334.66
334.79
334.51
334.29
334.55
335.31
334.49
334.74
334.61
334.61
334.31
335.81
334.56
334.54
334.71
334.96
335.07
335.12
334.99
334.88
334.88
334.74
335.11
334.91
334.86
334.80
334.91
335.13
334.98
335.04
334.82
334.96
334.87
334.95
335.03
334.25
335.01
335.10
335.00
334.52
334.79
334.61
334.62
334.68
334.76
335.00
334.64
334.72
334.77
334.61
334.99
334.93
334.89
335.04
334.99
334.77
334.94
335.07
334.96
335.00
334.98
334.86
334.87
335.04
334.90
334.88
334.93
334.81
334.99
334.96
334.91
335.06
334.76
334.81
334.93
334.72
335.03
334.99
335.02
335.10
335.22
334.89
334.55
335.02
335.06
334.91
335.00
334.91
335.03
335.08
334.79
334.73
334.69
334.82
334.73
335.26
334.81
334.71
334.80
334.98
334.93
334.96
334.93
335.00
334.95
335.34
334.94
334.89
335.04
335.04
335.04
335.08
335.08
335.31
335.26
335.27
335.07
335.34
335.32
335.35
335.13
335.25
335.30
335.21
335.20
335.23
335.22
335.32
335.34
335.08
335.25
335.15
335.14
335.06
335.11
335.07
335.05
334.98
335.06
335.12
335.04
335.11
334.96
335.14
334.99
335.34
336.09
335.30
334.98
335.00
335.56
335.21
335.23
335.17
335.28
334.83
335.14
335.11
335.13
335.19
335.14
335.20
335.20
335.14
335.11
335.11
334.79
335.09
335.26
335.33
335.18
335.15
335.26
335.21
334.66
335.21
334.91
335.25
335.25
334.88
335.19
334.80
334.96
334.91
335.23
334.98
331.20
334.93
335.11
335.27
335.24
335.18
335.22
335.31
335.34
335.26
335.40
335.30
335.13
334.95
335.21
334.73
335.18
335.19
335.25
334.80
335.24
335.99
335.13
335.26
335.22
335.18
335.18
335.29
335.20
335.25
334.86
335.27
335.11
331.78
335.12
335.54
335.12
335.21
335.13
334.73
335.13
335.00
334.99
335.04
334.93
334.93
334.98
335.07
335.03
335.10
335.21
335.23
335.32
335.35
335.09
335.41
335.05
335.20
335.12
335.03
335.24
335.10
335.12
335.39
335.24
335.04
335.00
335.30
335.24
335.15
335.21
335.21
335.25
335.32
335.37
335.15
335.33
335.23
335.24
335.09
335.32
335.25
335.12
335.20
335.16
335.20
335.15
335.16
335.08
335.16
335.06
335.20
335.07
335.24
335.22
335.22
335.23
335.21
335.48
335.28
334.86
335.35
335.36
335.29
335.22
335.20
335.31
335.35
335.66
335.18
335.36
335.27
334.95
335.27
335.38
335.21
335.31
335.27
335.15
335.16
335.28
335.34
335.33
335.54
335.54
335.73
335.36
335.33
335.30
335.35
335.19
335.42
335.27
335.39
335.56
335.42
335.47
335.51
334.62
335.43
335.56
335.88
335.55
335.52
335.50
335.30
334.82
335.70
335.46
335.35
335.31
335.26
335.26
335.26
335.32
335.11
335.16
335.38
335.40
335.39
335.09
335.39
335.20
335.47
335.49
335.56
335.67
335.36
335.04
335.48
335.45
335.39
335.53
335.45
335.48
335.52
335.42
336.21
335.60
335.36
335.48
335.54
335.52
335.01
335.49
334.95
335.50
335.42
335.48
335.18
335.32
335.55
335.42
335.21
335.48
335.27
335.38
335.40
335.28
335.17
335.34
335.37
335.41
335.39
335.45
335.37
335.50
335.32
335.34
334.88
334.96
335.03
335.17
335.08
335.37
335.50
335.47
335.17
335.39
335.42
335.51
335.41
335.06
335.32
335.37
335.44
335.19
335.22
335.12
335.11
335.33
335.54
335.74
335.30
335.42
335.20
335.28
335.50
335.47
335.49
335.60
335.36
335.43
335.31
335.18
335.43
335.38
335.16
335.34
335.32
335.50
335.34
336.25
334.46
335.48
335.55
336.11
335.34
335.29
332.03
335.33
335.19
335.14
335.32
335.47
335.30
335.30
335.15
335.31
335.34
335.42
335.29
335.42
335.57
335.48
335.41
335.46
335.40
335.50
335.39
335.46
335.31
335.39
335.54
335.38
335.48
335.46
335.23
335.20
335.45
335.30
335.48
335.18
335.35
335.33
335.25
335.30
335.39
335.24
335.03
335.46
335.01
335.24
335.33
335.26
334.65
335.37
335.41
335.38
335.38
335.27
335.42
335.34
335.40
335.25
335.27
335.40
335.41
335.38
335.31
335.28
335.62
335.30
335.50
335.26
334.91
335.16
334.87
335.26
335.03
335.30
335.32
335.47
335.39
335.46
335.12
336.02
334.35
335.47
335.89
335.54
335.26
335.14
335.21
334.88
335.39
335.40
335.49
335.39
335.31
335.64
335.29
335.41
335.74
335.43
335.38
335.34
335.38
335.27
335.52
335.78
336.20
334.93
335.04
335.16
335.36
335.34
335.18
335.30
335.28
335.46
335.36
335.61
336.22
335.16
335.66
335.30
335.37
335.27
335.30
335.42
335.18
335.31
335.23
335.39
335.52
335.38
335.30
335.24
335.35
335.71
335.37
335.31
335.38
335.30
335.08
335.16
335.32
335.36
335.25
335.15
336.21
335.26
335.29
335.27
336.26
335.21
335.27
335.15
335.40
334.65
335.50
334.83
335.50
335.36
335.37
335.45
335.42
335.35
335.20
336.21
335.25
335.36
335.20
335.35
335.24
335.33
334.77
335.14
334.57
335.37
335.30
335.11
326.83
