102.31
41991.00
48922.00
49516.00
48531.00
48360.00
48837.00
49333.00
49000.00
49046.00
48250.00
48171.00
48279.00
49332.00
48529.00
48284.16
49265.00
49012.00
47824.00
49019.00
48690.00
49046.00
48694.00
48266.00
49557.00
49081.00
49370.00
48478.00
48410.00
48967.00
49061.00
48457.00
48552.00
48592.00
48910.00
48571.00
47647.00
48701.00
48862.00
48703.00
47900.00
48539.00
48837.00
48301.00
44385.00
14345.00
5640.00
5557.00
5921.00
6153.00
9119.00
5378.00
5399.00
5340.00
5885.00
5882.00
5655.00
5384.00
5204.00
5121.00
5057.00
5223.00
5018.00
4600.00
4750.00
4674.00
4730.00
4756.00
4771.00
4705.00
4725.00
4535.00
4663.00
4658.00
4707.00
4828.00
4516.00
4623.00
4731.00
4488.00
4560.00
4622.00
4628.00
4579.00
4496.00
4516.00
4646.00
4641.00
4529.00
4528.00
4692.00
4581.00
4654.00
4522.00
4577.00
4550.00
4605.00
4554.00
4710.00
4557.00
4548.00
4492.00
4654.00
4606.00
4569.00
4536.00
4622.00
4494.00
4606.00
4480.00
4612.00
4414.00
4683.00
4665.00
4537.00
4514.00
4612.00
4773.00
4500.00
4567.00
4640.00
4648.00
4697.00
4577.00
4744.00
4633.00
4654.00
4633.00
4663.00
4609.00
4577.00
4727.00
5028.00
4617.00
4719.00
4653.00
4661.00
4665.00
4671.00
4583.00
4635.00
4670.00
4675.00
4726.00
4660.00
4667.00
4730.00
4577.00
4759.00
4694.00
4657.00
4715.00
4740.00
4840.00
4592.00
4690.00
4771.00
4626.00
4786.00
4873.00
4757.00
4760.00
4740.00
4875.00
4753.00
4742.00
4756.00
4668.00
4825.00
4732.00
4744.00
4789.00
4905.00
4793.00
4808.00
4976.00
4798.00
4816.00
4886.00
4925.00
4825.00
4746.00
4887.00
4783.00
4763.00
4832.00
4945.00
4906.00
4945.00
4916.00
4997.00
4803.00
4925.74
4875.00
5032.00
4971.00
4848.00
4909.00
4969.00
4909.00
5127.00
5045.00
4952.00
4826.00
5099.00
4993.00
5032.00
4996.00
5108.00
4966.00
5047.00
5082.00
5029.00
5155.00
5115.00
5125.00
5137.00
5063.00
5088.00
5202.00
5102.00
5112.00
5100.00
5161.00
5121.00
5089.00
5110.00
5190.00
5237.00
5125.00
5155.00
5186.00
5209.00
5139.00
5268.00
5159.00
5192.00
5120.00
5225.00
5241.00
5258.00
5212.00
5230.00
5146.00
5274.00
5275.00
5243.00
5252.00
5312.00
5350.00
5325.00
5234.00
5194.00
5382.00
5160.00
5394.00
5233.00
5377.00
5223.00
5265.00
5378.00
5280.00
5279.00
5311.00
5339.00
5297.00
5348.00
5350.00
5316.00
5402.00
5369.00
5360.00
5374.00
5310.00
5319.00
5393.00
5459.00
5329.00
5337.00
5459.00
5357.00
5480.00
5434.00
5401.00
5475.00
5380.00
5383.00
5469.00
5547.00
5332.00
5441.00
5530.00
5414.00
5574.00
5400.00
5516.00
5415.00
5509.00
5455.00
5512.00
5536.00
5622.00
5549.00
5394.00
5443.00
5536.00
5609.00
5516.00
5630.00
5625.00
5404.00
5575.00
5679.00
5648.00
5653.00
5527.00
5626.00
5511.00
5555.00
5675.00
5663.00
5768.00
5713.00
5685.00
5688.00
5670.00
5778.00
5597.00
5759.00
5771.00
5806.00
5648.00
5869.00
5752.00
5947.00
5822.00
5779.00
5855.00
5878.00
5815.00
5892.00
5890.00
5877.00
5889.00
5813.00
5923.00
5931.00
5963.00
5855.00
5915.00
5882.00
5929.00
5905.00
5888.00
5853.00
5971.00
5876.00
5976.00
5923.00
6019.00
5939.00
5914.00
6104.00
5950.00
5947.00
6029.00
5865.00
5899.00
6035.00
5924.00
6126.00
5952.00
5957.00
6121.00
6019.00
5941.00
6049.00
5954.00
5999.00
6223.00
6001.00
6045.00
6053.00
5999.00
6137.00
6078.00
6005.00
6176.00
5936.00
6177.00
6135.00
6008.91
6125.00
6245.00
6045.00
6110.00
6176.00
6190.00
6091.00
6183.00
6240.00
6225.00
6271.00
6139.00
6140.00
6313.00
6242.00
6159.00
6220.00
6138.00
6277.00
6305.00
6250.00
6221.00
6302.00
6287.00
6330.00
6316.00
6380.00
6291.00
6398.00
6484.00
6368.00
6389.00
6435.00
6308.00
6427.00
6426.00
6419.00
6497.00
6470.00
6459.00
6450.00
6465.00
6413.00
6377.00
6524.00
6479.00
6495.00
6491.00
6642.00
6627.00
6489.00
6424.00
6645.00
6638.00
6482.00
6655.00
6519.00
6750.00
6547.00
6824.00
6563.00
6644.00
6552.00
6720.00
6613.00
6570.00
6724.00
6637.00
6686.00
6560.00
6701.00
6744.00
6642.00
6774.00
6589.00
6625.00
6774.00
6679.00
6691.00
6715.00
6747.00
6727.00
6689.00
6756.00
6777.00
6722.00
6594.00
6768.00
6738.00
6835.00
6773.00
6738.00
6690.00
6758.00
6782.00
6775.00
6811.00
6826.00
6779.00
6865.00
6707.00
6751.00
6924.00
6916.00
6799.00
6886.00
6841.00
6933.00
6963.00
6803.00
6915.00
6852.00
6843.00
6921.00
6817.00
6983.00
6986.00
6835.00
7012.00
6869.00
6912.00
6880.00
7062.00
6922.00
6976.00
7011.00
6934.00
6873.00
7032.00
7080.00
6989.00
7052.00
7134.00
6935.00
7177.00
7101.00
7044.00
7212.00
7093.00
6874.00
7090.00
7184.00
7142.00
7080.00
7136.00
7187.00
7175.00
7251.00
7086.00
7152.00
7141.00
7209.00
7196.00
7247.00
7289.00
7121.00
7113.00
7219.00
7355.00
7356.00
7239.00
7443.00
7359.00
7280.00
7401.00
7283.00
7402.00
7359.00
7282.00
7380.00
7394.00
7405.00
7340.00
7455.00
7349.00
7388.00
7490.00
7355.00
7391.00
7329.70
7511.00
7435.00
7396.00
7477.00
7343.00
7401.00
7542.00
7330.00
7482.00
7408.00
7474.00
7490.00
7483.00
7255.00
7595.00
7442.00
7495.00
7508.00
7413.00
7406.00
7472.00
7594.00
7472.00
7374.00
7608.00
7372.00
7627.00
7609.00
7517.00
7496.00
7434.00
7564.00
7459.00
7651.00
7616.00
7490.00
7716.00
7531.00
7484.00
7487.00
7655.00
7397.00
7614.00
7472.00
7579.00
7612.00
7723.00
7459.00
7726.00
7607.00
7627.00
7662.00
7585.00
7671.00
7609.00
7674.00
7646.00
7648.00
7680.00
7700.00
7602.00
7605.00
7660.00
7588.00
7805.00
7666.00
7671.00
7604.00
7893.00
7643.00
7663.00
7590.00
7727.00
7776.00
7602.00
7695.00
7653.00
7643.00
7798.00
7643.00
7730.00
7727.00
7665.00
7796.00
7639.00
7621.00
7784.00
7474.00
7679.00
7727.00
7629.00
7848.00
7643.00
7513.00
7722.00
7421.00
7504.00
7490.00
7639.00
7578.00
7622.00
7648.00
7348.00
7550.00
7451.00
7283.00
7523.00
7480.00
7487.00
7379.00
7360.00
7189.00
7331.00
7405.00
7405.00
7124.00
7510.00
7262.00
7376.00
7304.00
7255.00
7366.00
7110.00
7257.00
7273.00
7215.00
7122.00
7383.00
7011.00
7176.00
7202.00
7103.00
6962.00
7213.00
7170.00
6914.00
7083.00
6983.00
6908.00
7109.00
6990.00
7008.00
6915.00
7157.00
6872.00
6822.00
6922.00
6954.00
6990.00
6801.00
6828.00
6898.00
6778.00
6960.00
6791.00
6922.00
6682.00
6794.00
6935.00
6826.00
6610.00
6877.00
6890.00
6764.00
6624.00
6713.00
6821.00
6716.00
6713.00
6789.00
6631.00
6538.00
6924.00
6786.00
6817.00
6657.00
6829.00
6768.00
6788.00
6798.00
6627.00
6732.00
6786.00
6791.00
6842.00
6670.00
6773.00
6629.70
6741.00
6717.00
6723.00
6720.00
6652.00
6676.00
6705.00
6750.00
6738.00
6724.00
6677.00
6655.00
6636.00
6800.00
6791.00
6836.00
6528.00
6650.00
6821.00
6733.00
6640.00
6709.00
6684.00
6665.00
6650.00
6639.00
6796.00
6650.00
6687.00
6721.00
6596.00
6837.00
6635.00
6799.00
6728.00
6755.00
6743.00
6767.00
6780.00
6777.00
6743.00
6818.00
6682.00
6689.00
6789.00
6832.00
6664.00
6723.00
6671.00
6747.00
6782.00
6634.00
6757.00
6845.00
6644.00
6658.00
6812.00
6737.00
6760.00
6807.00
6688.00
6851.00
6891.00
6715.00
6806.00
6745.00
6650.00
6799.00
6714.00
6794.00
6742.00
6763.00
6769.00
6848.00
6753.00
6785.00
6781.00
6800.00
6815.00
6837.00
6796.00
6800.00
6807.00
6880.00
6717.00
6874.00
6825.00
6887.00
6806.00
6803.00
6773.00
6821.00
6967.00
6838.00
6985.00
6776.00
6828.00
6817.00
6844.00
6742.00
6831.00
6852.00
6841.00
6871.00
6906.00
6718.00
6753.00
6989.00
6890.00
6924.00
6876.00
6834.00
6826.00
6951.00
6959.00
6776.00
6888.00
6939.00
6914.00
6841.00
6750.00
6986.00
6867.00
6897.00
6872.00
6773.00
7058.00
6802.00
6810.00
6957.00
6823.00
6857.00
6933.00
6923.00
6938.00
6860.00
7055.00
6908.00
6954.00
6883.00
6886.00
6949.00
6930.00
7013.00
6912.00
6936.00
7019.00
6881.00
6809.00
7050.00
7044.00
6887.00
6965.00
6964.00
7017.00
6911.00
7057.00
6800.00
7119.00
6985.00
6886.00
6991.00
6816.00
6975.00
7065.00
6939.00
6977.00
6941.00
7013.00
6982.00
7043.00
7010.00
7050.00
6972.00
7068.00
6948.00
7072.00
6939.00
7022.00
7017.00
7019.80
6962.00
7186.00
6895.00
7232.00
6953.00
6993.00
7058.00
7102.00
6964.00
7098.00
7023.00
6984.00
7126.00
7060.00
7097.00
7188.00
7108.00
6997.00
7138.00
6943.00
7024.00
7124.00
7056.00
7048.00
7168.00
7178.00
7101.00
7029.00
7155.00
7084.00
7146.00
7079.00
7168.00
7160.00
7136.00
7181.00
7242.00
7064.00
7272.00
7154.00
7179.00
7115.00
7134.00
7247.00
7143.00
7208.00
7174.00
7186.00
7107.00
7179.00
7263.00
7156.00
7270.00
7172.00
7186.00
7363.00
7268.00
7071.00
7293.00
7147.00
7225.00
7288.00
7285.00
7068.00
7205.00
7328.00
7232.00
7293.00
7251.00
7274.00
7264.00
7243.00
7154.00
7261.00
7396.00
7113.00
7456.00
7422.00
7186.00
7361.00
7407.00
7290.00
7270.00
7305.00
7244.00
7359.00
7235.00
7383.00
7285.00
7236.00
7206.00
7503.00
7318.00
7209.00
7291.00
7347.00
7464.00
7373.00
7358.00
7370.00
7347.00
7292.00
7224.00
7423.00
7377.00
7454.00
7320.00
7276.00
7247.00
7310.00
7413.00
7278.00
7220.00
7287.00
7375.00
7345.00
7256.00
7370.00
7293.00
7317.00
7421.00
7205.00
7520.00
7452.00
7296.00
7306.00
7434.00
7349.00
7217.00
7372.00
7340.00
7261.00
7314.00
7449.00
7334.00
7289.00
7363.00
7293.00
7337.00
7412.00
7376.00
7270.00
7313.00
7433.00
7219.00
7447.00
7267.00
7397.00
7233.00
7454.00
7315.00
7357.00
7507.00
7227.00
7351.00
7439.00
7389.00
7244.00
7412.00
7388.00
7295.00
7508.00
7361.00
7400.00
7355.00
7400.00
7339.00
7441.00
7207.00
7426.00
7434.00
7332.00
7433.00
7289.00
7477.00
7308.00
7354.00
7394.00
7485.00
7215.00
7467.00
7500.00
7491.00
7220.00
7394.00
7507.00
7455.00
7487.00
7263.00
7356.00
7452.00
7333.00
7507.00
7445.00
7480.00
7339.00
7445.00
7262.00
7457.00
7471.00
7388.00
7416.00
7423.00
7508.00
7469.00
7383.00
7445.00
7301.00
7552.00
7480.00
7331.00
7541.00
7424.00
7381.00
7535.00
7484.00
7400.00
7448.00
7498.00
7523.00
7448.00
7450.00
7574.00
7482.00
7430.00
7504.00
7607.00
7363.00
7310.00
7505.00
7510.00
7550.00
7358.00
7341.00
7490.00
7497.00
7558.00
7388.00
7296.00
7541.00
7521.00
7424.00
7610.00
7494.00
7515.00
7331.00
7537.00
7539.00
7411.00
7641.00
7343.00
7522.00
7343.00
7586.00
7419.00
7573.00
7503.00
7517.00
7584.00
7457.00
7535.00
7359.00
7546.00
7452.00
7412.00
7558.00
7520.00
7342.00
7532.00
7540.00
7493.00
7482.00
7431.00
7534.00
7476.00
7514.00
7448.00
7495.00
7522.00
7549.00
7416.00
7446.00
7423.00
7507.00
7607.00
7407.00
7559.00
7555.00
7500.00
7538.00
7514.00
7436.00
7435.00
7542.00
7448.00
7606.00
7419.00
7543.00
7656.00
7498.00
7544.00
7509.00
7359.00
7447.00
7509.00
7488.00
7574.00
7528.00
7574.00
7468.00
7521.00
7556.00
7519.00
7447.00
7486.00
7477.00
7551.00
7485.00
7382.00
7535.00
7241.00
7483.00
7432.00
7441.00
7445.00
7414.00
7424.00
7367.00
7458.00
7494.00
7460.00
7463.00
7555.00
7374.00
7414.00
7601.00
7332.00
7462.00
7403.00
7581.00
7401.00
7446.00
7456.00
7455.00
7510.00
7447.00
7384.00
7524.00
7494.00
7490.00
7559.00
7368.00
7482.00
7447.00
7479.00
7447.00
7503.00
7506.00
7405.00
7499.00
7521.00
7402.00
7473.00
7484.00
7474.00
7368.32
7559.00
7506.00
7411.00
7539.00
7500.00
7490.00
7567.00
7486.00
7501.00
7593.00
7529.00
7383.00
7499.00
7668.00
7493.00
7490.00
7467.00
7578.00
7477.00
7449.00
7431.00
7653.00
7556.00
7416.00
7850.00
7598.00
7418.00
7400.00
7813.00
7573.00
7632.00
7570.00
7442.00
7488.00
7643.00
7499.00
7472.00
7451.00
7405.00
7718.00
7351.00
7530.00
7464.00
7523.00
7473.00
7568.00
7719.00
7486.00
7494.00
7517.00
7432.00
7567.00
7615.00
7411.00
7575.00
7364.00
7598.00
7574.00
7522.00
7423.00
7594.00
7616.00
7613.00
7509.00
7550.00
7588.00
7581.00
7504.00
7393.00
7767.00
7568.00
7512.00
7549.00
7529.00
7512.00
7552.00
7696.00
7547.00
7500.00
7586.00
7601.00
7611.00
7702.00
7547.00
7630.00
7508.00
7654.00
7559.00
7576.00
7587.00
7586.00
7674.00
7565.00
7636.00
7499.00
7602.00
7638.00
7428.00
7706.00
7524.00
7516.00
7747.00
7605.00
7615.00
7579.00
7553.00
7557.00
7650.00
7571.00
7627.00
7538.00
7360.00
7715.00
7632.00
7635.00
7519.00
7657.00
7599.00
7425.00
7581.00
7655.00
7582.00
7604.00
7610.00
7589.00
7654.00
7619.00
7648.00
7602.00
7689.00
7621.00
7648.00
7536.00
7707.00
7677.00
7644.00
7607.00
7558.00
7731.00
7571.00
7601.00
7669.00
7655.00
7557.00
7709.00
7568.00
7660.00
7627.00
7816.00
7581.00
7709.00
7596.00
7643.00
7532.00
7667.00
7607.00
7729.00
7599.00
7561.00
7674.00
7801.00
7589.00
7764.00
7726.00
7573.00
7707.00
7566.00
7617.00
7524.00
7774.00
7738.00
7664.00
7629.00
7645.00
7716.00
7641.00
7619.00
7852.00
7569.00
7759.00
7678.00
7533.66
7652.00
7680.00
7624.00
7812.00
7725.00
7643.00
7681.00
7722.00
7751.00
7665.00
7927.00
7648.00
7699.00
7709.00
7671.00
7790.00
7777.00
7713.00
7733.00
7568.00
7799.00
7654.00
7705.00
7738.00
7657.00
7633.00
7636.00
7684.00
7877.00
7685.00
7591.00
7866.00
7732.00
7643.00
7724.00
7703.00
7773.00
7761.00
7718.00
7641.00
7745.00
7778.00
7724.00
7785.00
7760.00
7957.00
7658.00
7916.00
7629.00
7935.00
7899.00
7727.00
7797.00
7860.00
7855.00
7764.00
7717.00
7904.00
7873.00
7747.00
7859.00
7792.00
7866.00
7860.00
7883.00
7707.00
7876.00
7920.00
7757.00
7743.00
7791.00
7895.00
7807.00
7901.00
7773.00
7844.00
7935.00
7787.00
7832.00
7887.00
7870.00
7771.00
7830.00
7739.00
7873.00
7782.00
7988.00
7890.00
7963.00
7711.00
7866.00
7926.00
7879.00
7895.00
7758.00
8086.00
7803.00
7892.00
7757.00
7993.00
7823.00
7742.00
7881.00
7923.00
7923.00
7796.00
8004.00
7841.00
7977.00
7831.00
8065.00
7783.00
7887.00
7871.00
7857.00
7929.00
7945.00
7700.00
7833.00
8023.00
7834.00
7878.00
7758.00
7974.00
7880.00
7966.00
7963.00
7756.00
7789.00
8019.00
7843.00
7908.00
7940.00
8030.00
7848.00
7896.00
7841.00
7934.00
7799.00
8056.00
7851.00
7932.00
7929.00
8030.00
7766.00
8165.00
7962.00
7932.00
8019.00
7828.00
7903.00
7960.00
7885.00
7983.00
7987.00
7942.00
7892.00
7964.00
7901.00
7890.00
8085.00
7864.00
7937.00
7807.00
7980.00
7924.00
7851.00
7882.00
7976.00
8008.00
8000.00
7909.00
7994.00
7877.00
8077.00
8001.00
8030.00
7868.00
7931.00
8025.74
7843.00
7965.00
8080.00
7872.00
8082.00
7992.00
7986.00
7940.00
7990.00
8020.00
7967.00
8115.00
8005.00
7957.00
7989.00
7958.00
7960.00
8154.00
8059.00
8067.00
7953.00
8090.00
7890.00
8151.00
8058.00
8003.00
7915.00
8093.00
8120.00
7733.00
8096.00
8023.00
8124.00
8150.00
8008.00
8120.00
7915.00
8007.00
8027.00
8047.00
7826.00
8052.00
8038.00
8060.00
8020.00
7937.00
8025.00
8107.00
8187.00
8066.00
7862.00
8279.00
7952.00
8040.00
7928.00
8098.00
8192.00
7952.00
8013.00
8055.00
7948.00
8122.00
8090.00
8074.00
7936.00
8006.00
8073.00
8029.00
7952.00
8174.00
8050.00
8143.00
8004.00
8088.00
7988.00
7911.00
8230.00
8040.00
8072.00
8195.00
8053.00
8122.00
8033.00
8195.00
8012.00
8071.00
8177.00
8232.00
8113.00
8110.00
8099.00
8079.00
7984.00
8233.00
8073.00
8245.00
7946.00
8131.00
8169.00
8100.00
8039.00
8167.00
8282.00
8124.00
8120.00
8119.00
8021.00
8116.00
8234.00
8074.00
8011.00
8104.00
8097.00
8085.00
8043.00
8141.00
8140.00
8086.00
8086.00
8185.00
8116.00
8175.00
8057.00
7924.00
8081.00
8202.00
8031.00
8156.00
8125.00
7949.00
8113.00
8073.00
8189.00
8135.00
8086.00
8168.00
8117.00
8192.00
8081.00
7996.00
8101.00
8091.00
8149.00
8118.00
8216.00
8219.00
8038.00
8199.00
8096.00
8093.00
8094.00
8089.00
8057.00
8108.00
8199.00
8094.00
8050.00
8243.00
8166.00
7980.00
8261.00
8117.00
8099.00
8058.00
8216.00
8253.00
7992.00
8161.00
8143.00
8115.00
8285.00
8096.00
8077.00
8285.00
8144.00
8020.00
8322.00
8056.00
8142.00
8058.00
8188.00
8150.00
8018.00
8081.19
8249.00
7933.00
8122.00
8186.00
8040.00
8322.00
8149.00
8173.00
8248.00
8051.00
8159.00
8403.00
8005.00
8157.00
8137.00
8133.00
8233.00
8182.00
8165.00
8119.00
8079.00
8268.00
8244.00
8230.00
8196.00
8101.00
8243.00
8152.00
8177.00
8106.00
8317.00
8034.00
8269.00
8335.00
8113.00
8217.00
8344.00
8309.00
8338.00
8186.00
7977.00
8284.00
8350.00
8052.00
8298.00
8272.00
8171.00
8263.00
8220.00
8076.00
8397.00
8253.00
8149.00
8232.00
8137.00
8152.00
8253.00
8185.00
8300.00
8263.00
8279.00
8307.00
8169.00
8324.00
8226.00
8285.00
8141.00
8192.00
8151.00
8106.00
8265.00
8194.00
8244.00
8328.00
8293.00
8364.00
8263.00
8280.00
8351.00
8204.00
8316.00
8374.00
8251.00
8424.00
8345.00
8210.00
8240.00
8332.00
8265.00
8269.00
8287.00
8290.00
8402.00
8122.00
8295.00
8438.00
8146.00
8286.00
8343.00
8240.00
8329.00
8240.00
8369.00
8294.00
8384.00
8317.00
8247.00
8256.00
8361.00
8280.00
8355.00
8225.00
8224.00
8329.00
8398.00
8234.00
8468.00
8175.00
8453.00
8264.00
8436.00
8253.00
8262.00
8436.00
8439.00
8366.00
8320.00
8396.00
8392.00
8331.00
8375.00
8311.00
8476.00
8423.00
8189.00
8454.00
8729.00
8136.00
8388.00
8235.00
8271.00
8319.00
8435.00
8302.00
8296.00
8307.00
8475.00
8266.00
8449.00
8315.00
8311.00
8434.00
8435.00
8352.00
8338.00
8319.00
8361.00
8426.00
8331.00
8404.00
8442.00
8281.00
8512.00
8281.00
8476.00
8359.00
8385.00
8353.00
8400.00
8357.00
8472.00
8394.00
8375.00
8533.00
8351.00
8449.00
8394.00
8307.00
8427.72
8340.00
8545.00
8512.00
8275.00
8398.00
8397.00
8401.00
8400.00
8409.00
8360.00
8473.00
8369.00
8416.00
8439.00
8315.00
8340.00
8381.00
8403.00
8457.00
8398.00
8248.00
8469.00
8442.00
8501.00
8379.00
8415.00
8417.00
8384.00
8454.00
8491.00
8284.00
8631.00
8390.00
8461.00
8459.00
8549.00
8274.00
8203.00
8554.00
8422.00
8363.00
8478.00
8403.00
8550.00
8417.00
8415.00
8368.00
8526.00
8400.00
8580.00
8527.00
8403.00
8401.00
8422.00
8514.00
8519.00
8540.00
8509.00
8356.00
8505.00
8504.00
8453.00
8451.00
8416.00
8597.00
8335.00
8499.00
8445.00
8498.00
8611.00
8437.00
8402.00
8415.00
8591.00
8592.00
8299.00
8587.00
8588.00
8316.00
8666.00
8410.00
8355.00
8668.00
8393.00
8595.00
8491.00
8358.00
8479.00
8676.00
8647.00
8584.00
8423.00
8459.00
8403.00
8713.00
8639.00
8559.00
8584.00
8612.00
8570.00
8421.00
8678.00
8637.00
8541.00
8388.00
8689.00
8607.00
8390.00
8708.00
8593.00
8600.00
8625.00
8527.00
8607.00
8599.00
8424.00
8662.00
8641.00
8481.00
8599.00
8675.00
8638.00
8669.00
8634.00
8723.00
8563.00
8552.00
8778.00
8477.00
8682.00
8520.00
8696.00
8605.00
8603.00
8639.00
8556.00
8660.00
8708.00
8625.00
8648.00
8609.00
8518.00
8713.00
8593.00
8585.00
8465.00
8822.00
8565.00
8746.00
8578.00
8715.00
8529.00
8837.00
8567.00
8729.00
8619.00
8691.00
8580.00
8663.00
8600.00
8594.00
8709.00
8713.00
8620.00
8531.00
8655.00
8673.00
8674.00
8783.00
8423.00
8659.00
8648.00
8666.00
8597.00
8651.00
8704.00
8735.00
8683.00
8539.00
8704.95
8600.00
8669.00
8592.00
8529.00
8739.00
8687.00
8640.00
8728.00
8687.00
8792.00
8721.00
8728.00
8631.00
8696.00
8749.00
8663.00
8725.00
8749.00
8746.00
8603.00
8798.00
8526.00
8667.00
8676.00
8753.00
8820.00
8569.00
9122.00
8780.00
8796.00
8727.00
8671.00
8715.00
8821.00
8790.00
8786.00
8781.00
8819.00
8862.00
8732.00
8582.00
8758.00
8841.00
8784.00
8828.00
8738.00
8911.00
8789.00
8730.00
8785.00
8702.00
8818.00
8609.00
8806.00
8780.00
8799.00
8888.00
8519.00
8863.00
8891.00
8735.00
8881.00
8691.00
8812.00
8909.00
8922.00
8739.00
8729.00
8703.00
8994.00
8759.00
8944.00
8858.00
8726.00
8801.00
8744.00
8828.00
8914.00
8881.00
8890.00
8720.00
8983.00
8826.00
8652.00
8831.00
8890.00
8782.00
8837.00
8740.00
8695.00
8931.00
8857.00
8875.00
8733.00
9000.00
8818.00
8911.00
8825.00
8707.00
8887.00
8857.00
8779.00
8968.00
8892.00
8714.00
8968.00
8872.00
8788.00
8946.00
8862.00
8766.00
8683.00
8896.00
8931.00
8935.00
8751.00
8826.00
8932.00
8885.00
8854.00
8860.00
8767.00
8835.00
8965.00
8845.00
8740.00
8910.00
8992.00
8788.00
8956.00
8713.00
8900.00
8998.00
8774.00
8915.00
8869.00
8996.00
8943.00
8784.00
8943.00
8914.00
8909.00
8901.00
8738.00
8941.00
8948.00
8990.00
8831.00
9060.00
8851.00
8940.00
8977.00
8916.00
8908.00
8902.00
8753.00
8955.00
9017.00
8967.00
8979.00
8918.00
8900.00
9016.00
8753.00
8913.00
9000.00
8745.00
9087.00
8961.00
8934.00
9099.00
8771.00
8998.00
9130.00
8839.00
8986.00
8918.00
8879.00
9156.00
8987.00
8975.00
8882.00
9118.81
8907.00
9034.00
8979.00
8860.00
9104.00
9031.00
9028.00
9101.00
9055.00
9113.00
9047.00
9020.00
9064.00
8975.00
9029.00
9129.00
9028.00
9013.00
9127.00
8948.00
9070.00
9066.00
9009.00
9037.00
9068.00
9057.00
9212.00
8896.00
8926.00
9031.00
9119.00
9034.00
9044.00
9098.00
9076.00
9026.00
8918.00
9294.00
9014.00
9061.00
9128.00
9041.00
8972.00
9153.00
9028.00
9126.00
9124.00
9003.00
9030.00
9025.00
9170.00
9287.00
9038.00
8980.00
9087.00
9169.00
9028.00
9108.00
9191.00
9163.00
9188.00
9052.00
9060.00
9052.00
9179.00
9062.00
9184.00
9089.00
9212.00
9127.00
9089.00
9064.00
9140.00
9173.00
8942.00
9232.00
9111.00
9030.00
9194.00
9337.00
9084.00
9285.00
9127.00
9084.00
9175.00
8992.00
9244.00
9178.00
9157.00
9144.00
9114.00
9178.00
9055.00
9354.00
9143.00
9079.00
9129.00
9257.00
9076.00
9165.00
9180.00
9241.00
9148.00
9304.00
8999.00
9257.00
9170.00
8989.00
9368.00
9154.00
9254.00
9236.00
9135.00
9370.00
9173.00
9199.00
9214.00
9196.00
9163.00
9228.00
9238.00
9264.00
9190.00
9197.00
9219.00
9073.00
9080.00
9174.00
9254.00
9202.00
9255.00
9179.00
9042.00
9249.00
9272.00
9225.00
9272.00
9198.00
9307.00
9311.00
9182.00
9202.00
9372.00
9270.00
9208.00
9405.00
9197.00
9334.00
9323.00
9164.00
9322.00
9173.00
9326.00
9194.00
9346.00
9375.00
9391.00
9224.00
9247.00
9423.00
9326.00
9261.00
9245.00
9381.00
9180.00
9270.00
9284.00
9446.00
9372.00
9305.00
9268.00
9351.00
9416.00
9088.00
9328.00
9357.00
9406.00
9223.00
9323.00
9428.00
9140.59
9352.00
9302.00
9403.00
9485.00
9423.00
9252.00
9371.00
9346.00
9265.00
9370.00
9365.00
9355.00
9330.00
9444.00
9278.00
9465.00
9303.00
9301.00
9301.00
9474.00
9367.00
9237.00
9377.00
9323.00
9507.00
9253.00
9365.00
9361.00
9490.00
9378.00
9459.00
9310.00
9434.00
9368.00
9195.00
9492.00
9406.00
9517.00
9338.00
9464.00
9445.00
9200.00
9239.00
9466.00
9525.00
9375.00
9456.00
9533.00
9265.00
9408.00
9605.00
9381.00
9531.00
9478.00
9462.00
9339.00
9502.00
9430.00
9538.00
9419.00
9517.00
9390.00
9549.00
9479.00
9407.00
9414.00
9505.00
9558.00
9453.00
9335.00
9482.00
9508.00
9594.00
9335.00
9578.00
9385.00
9401.00
9552.00
9599.00
9518.00
9449.00
9404.00
9518.00
9610.00
9588.00
9454.00
9394.00
9663.00
9409.00
9556.00
9396.00
9547.00
9477.00
9524.00
9626.00
9485.00
9519.00
9500.00
9558.00
9741.00
9441.00
9702.00
9481.00
9508.00
9613.00
9565.00
9649.00
9573.00
9642.00
9672.00
9516.00
9524.00
9538.00
9397.00
9636.00
9625.00
9511.00
9528.00
9602.00
9596.00
9746.00
9464.00
9731.00
9472.00
9634.00
9370.00
9634.00
9516.00
9641.00
9572.00
9719.00
9606.00
9611.00
9483.00
9698.00
9602.00
9636.00
9755.00
9676.00
9690.00
9584.00
9682.00
9502.00
9768.00
9555.00
9509.00
9695.00
9824.00
9570.00
9701.00
9637.00
9604.00
9621.00
9730.00
9766.00
9641.00
9711.00
9716.00
9441.00
9601.00
9799.00
9654.00
9718.00
9859.00
9502.00
9677.00
9686.00
9792.00
9624.00
9784.00
9704.00
9734.00
9695.00
9732.00
9743.00
9691.00
9580.00
9665.00
9911.00
9768.00
9859.00
9675.00
9820.00
9530.69
9970.00
9751.00
9629.00
9850.00
9703.00
9799.00
9839.00
9900.00
9868.00
9757.00
9752.00
9679.00
9792.00
9897.00
9694.00
9716.00
9858.00
9726.00
9915.00
9878.00
9803.00
9632.00
9790.00
9775.00
9842.00
9761.00
9794.00
9707.00
9788.00
9870.00
9811.00
9639.00
9728.00
9848.00
9963.00
9651.00
9796.00
9927.00
9824.00
9738.00
9855.00
9763.00
9788.00
9798.00
9870.00
9718.00
9939.00
9760.00
9760.00
9826.00
9843.00
9869.00
9767.00
9930.00
9889.00
9723.00
9820.00
9895.00
9843.00
9830.00
9723.00
9723.00
9857.00
10054.00
9885.00
9813.00
9777.00
9882.00
9904.00
9860.00
9902.00
9815.00
9757.00
9967.00
9907.00
9765.00
9872.00
9768.00
9943.00
9919.00
9810.00
9915.00
9941.00
9907.00
9882.00
9934.00
9812.00
10187.00
9789.00
10022.00
10057.00
9829.00
10024.00
9819.00
9889.00
9911.00
9926.00
9906.00
9798.00
10019.00
9951.00
9976.00
9999.00
9964.00
10118.00
9884.00
10150.00
9889.00
9899.00
10039.00
9997.00
9905.00
10024.00
9991.00
9960.00
10018.00
10080.00
9797.00
10163.00
9883.00
10203.00
9936.00
9913.00
10244.00
9961.00
10082.00
10033.00
10083.00
10086.00
10156.00
10016.00
10147.00
9941.00
10080.00
10090.00
9925.00
10050.00
10066.00
9945.00
9967.00
10065.00
9916.00
9986.00
10390.00
9969.00
10027.00
10283.00
10123.00
9996.00
9927.00
10123.00
10087.00
9948.00
10230.00
9975.00
10098.00
10184.00
9929.00
10007.00
10179.00
10082.00
10069.00
9938.00
10131.00
10120.00
10109.00
10047.00
10094.00
10194.00
10373.00
10086.00
10020.00
10275.00
10062.00
10101.00
10150.00
10181.00
10030.00
10142.00
10337.00
9961.39
10155.00
10167.00
10246.00
10061.00
10267.00
10106.00
10178.00
10232.00
10280.00
10243.00
10146.00
10219.00
10196.00
10256.00
10164.00
10205.00
10217.00
10182.00
10313.00
10287.00
10231.00
10131.00
10127.00
10254.00
10308.00
10187.00
10312.00
10258.00
10374.00
10273.00
10069.00
10180.00
10198.00
10198.00
10262.00
10233.00
10276.00
10166.00
10252.00
10096.00
10305.00
10139.00
10347.00
10406.00
10200.00
10234.00
10195.00
10431.00
10312.00
10417.00
10279.00
10289.00
10188.00
10149.00
10440.00
10254.00
10154.00
10314.00
10405.00
10230.00
10359.00
10320.00
10279.00
10393.00
10336.00
10368.00
10560.00
10382.00
10457.00
10348.00
10302.00
10370.00
10318.00
10368.00
10445.00
10311.00
10372.00
10347.00
10491.00
10255.00
10344.00
10399.00
10360.00
10217.00
10279.00
10445.00
10455.00
10577.00
10335.00
10342.00
10358.00
10400.00
10353.00
10755.00
10473.00
10379.00
10473.00
10344.00
10491.00
10269.00
10456.00
10487.00
10329.00
10547.00
10578.00
10327.00
10355.00
10603.00
10449.00
10434.00
10370.00
10434.00
10558.00
10376.00
10541.00
10462.00
10534.00
10312.00
10429.00
10385.00
10476.00
10529.00
10490.00
10566.00
10357.00
10566.00
10616.00
10566.00
10447.00
10519.00
10604.00
10380.00
10638.00
10388.00
10452.00
10628.00
10434.00
10633.00
10489.00
10558.00
10350.00
10615.00
10541.00
10524.00
10518.00
10505.00
10514.00
10443.00
10497.00
10543.00
10546.00
10482.00
10600.00
10518.00
10644.00
10576.00
10518.00
10585.00
10582.00
10667.00
10574.00
10489.00
10689.00
10666.00
10606.00
10529.00
10575.00
10577.00
10590.00
10732.00
10641.00
10570.00
10681.00
10628.00
10781.00
10563.00
10546.00
10673.00
10491.00
10876.00
10487.13
10654.00
10744.00
10463.00
10748.00
10721.00
10660.00
10668.00
10599.00
10740.00
10613.00
10750.00
10668.00
10661.00
10688.00
10621.00
10828.00
10637.00
10650.00
10739.00
10701.00
11032.00
10685.00
10806.00
10640.00
10855.00
10746.00
10640.00
10762.00
10692.00
10679.00
10743.00
10467.00
10667.00
10901.00
10710.00
10626.00
10657.00
10727.00
10732.00
10525.00
10861.00
10596.00
10829.00
10725.00
10830.00
10803.00
10652.00
10872.00
10843.00
10898.00
10906.00
10719.00
10789.00
10790.00
10737.00
10811.00
10983.00
10806.00
11098.00
10779.00
10730.00
10881.00
10872.00
10899.00
10739.00
10812.00
10966.00
10526.00
10900.00
10951.00
11054.00
10762.00
10700.00
10887.00
10784.00
10851.00
10917.00
11133.00
10837.00
10928.00
10987.00
10886.00
10910.00
11023.00
10905.00
10985.00
10770.00
10910.00
10930.00
10933.00
10892.00
10994.00
10781.00
11129.00
10878.00
11128.00
10810.00
10966.00
10904.00
10999.00
10890.00
11030.00
10898.00
10957.00
10976.00
11044.00
10947.00
10836.00
10870.00
10824.00
10760.00
10860.00
10891.00
10897.00
11019.00
11082.00
10943.00
11094.00
11006.00
11399.00
10877.00
10890.00
11067.00
11199.00
10994.00
11027.00
11011.00
10864.00
11261.00
10925.00
11065.00
10928.00
11084.00
11045.00
10982.00
11022.00
11096.00
11054.00
11028.00
11145.00
11051.00
11243.00
10976.00
11122.00
11032.00
10908.00
11023.00
11123.00
11204.00
10989.00
11011.00
11099.00
11056.00
11107.00
11095.00
10999.00
11076.00
11052.00
11029.00
11310.00
11109.00
10954.00
11090.00
11036.00
11191.00
11343.00
11158.00
11149.00
11203.00
11222.00
11237.00
11134.00
11136.00
11165.00
11279.00
11181.00
11275.00
11103.00
10874.26
11295.00
11131.00
11153.00
11168.00
11135.00
11215.00
11418.00
11447.00
11223.00
11301.00
11217.00
11132.00
11171.00
11170.00
11386.00
11275.00
11006.00
11416.00
11334.00
11358.00
11175.00
11153.00
11205.00
11252.00
11101.00
11356.00
11198.00
11388.00
11249.00
11202.00
11189.00
11402.00
11152.00
11392.00
11371.00
11352.00
11567.00
11324.00
11291.00
11227.00
11310.00
11191.00
11399.00
11101.00
11347.00
11646.00
11556.00
11186.00
11275.00
11484.00
11497.00
11341.00
11435.00
11422.00
11316.00
11426.00
11470.00
11404.00
11362.00
11502.00
11427.00
11349.00
11435.00
11453.00
11473.00
11291.00
11459.00
11620.00
11432.00
11384.00
11552.00
11541.00
11455.00
11485.00
11391.00
11407.00
11318.00
11384.00
11476.00
11579.00
11509.00
11446.00
11429.00
11424.00
11440.00
11468.00
11468.00
11511.00
11360.00
11417.00
11656.00
11672.00
11499.00
11806.00
11464.00
11486.00
11559.00
11405.00
11481.00
11722.00
11579.00
11663.00
11376.00
11644.00
11614.00
11558.00
11534.00
11990.00
11511.00
11820.00
11608.00
11518.00
11297.00
11684.00
11563.00
11758.00
11431.00
11715.00
11579.00
11947.00
11561.00
11504.00
11395.00
11816.00
11540.00
11632.00
11588.00
11656.00
11689.00
11592.00
11752.00
11686.00
11618.00
11606.00
11566.00
11768.00
11913.00
11647.00
11752.00
11641.00
11706.00
12000.00
11479.00
11853.00
11715.00
11706.00
11974.00
11644.00
11757.00
11725.00
11644.00
11962.00
11687.00
11645.00
11745.00
11695.00
11821.00
11798.00
11792.00
11599.00
11812.00
11740.00
11749.00
11680.00
11799.00
11687.00
12047.00
11820.00
11795.00
11767.00
12209.00
11779.00
11987.00
11709.00
11783.00
11613.00
11908.00
12045.00
11626.73
11824.00
12275.00
11904.00
11955.00
11981.00
11867.00
11939.00
11887.00
11938.00
11889.00
11938.00
12007.00
11794.00
11822.00
11781.00
11937.00
12190.00
12056.00
12063.00
12075.00
11732.00
11898.00
12026.00
11980.00
11832.00
11906.00
12032.00
11900.00
12056.00
11895.00
12068.00
12199.00
11990.00
11901.00
12090.00
11877.00
11972.00
11879.00
11899.00
12070.00
11945.00
12090.00
12144.00
11887.00
12050.00
12049.00
11925.00
12040.00
12126.00
12110.00
11852.00
11988.00
12113.00
12094.00
12238.00
11985.00
11913.00
12048.00
12582.00
12088.00
12173.00
12105.00
12125.00
12135.00
11944.00
12178.00
12179.00
12041.00
12367.00
11845.00
12161.00
12117.00
12212.00
12211.00
12244.00
12208.00
12228.00
12023.00
12408.00
12333.00
12051.00
12345.00
12244.00
12137.00
12313.00
12292.00
12456.00
12402.00
12564.00
12128.00
12450.00
12087.00
12332.00
12295.00
12450.00
12261.00
12174.00
12399.00
12167.00
12267.00
12373.00
12232.00
12344.00
12346.00
12474.00
12437.00
12517.00
12619.00
12146.00
12349.00
12382.00
12392.00
12390.00
12479.00
12390.00
12370.00
12430.00
12866.00
12255.00
12427.00
12383.00
