0.40
164.03
191.10
193.42
189.57
188.91
190.77
192.71
191.41
191.59
188.48
188.17
188.59
192.70
189.57
188.61
192.44
191.45
186.81
191.48
190.20
191.59
190.21
188.54
193.58
191.72
192.85
189.37
189.10
191.28
191.64
189.29
189.66
189.81
191.05
189.73
186.12
190.24
190.87
190.25
187.11
189.61
190.77
188.68
173.38
56.04
22.03
21.71
23.13
24.04
35.62
21.01
21.09
20.86
22.99
22.98
22.09
21.03
20.33
20.00
19.75
20.40
19.60
17.97
18.55
18.26
18.48
18.58
18.64
18.38
18.46
17.71
18.21
18.20
18.39
18.86
17.64
18.06
18.48
17.53
17.81
18.05
18.08
17.89
17.56
17.64
18.15
18.13
17.69
17.69
18.33
17.89
18.18
17.66
17.88
17.77
17.99
17.79
18.40
17.80
17.77
17.55
18.18
17.99
17.85
17.72
18.05
17.55
17.99
17.50
18.02
17.24
18.29
18.22
17.72
17.63
18.02
18.64
17.58
17.84
18.12
18.16
18.35
17.88
18.53
18.10
18.18
18.10
18.21
18.00
17.88
18.46
19.64
18.04
18.43
18.18
18.21
18.22
18.25
17.90
18.11
18.24
18.26
18.46
18.20
18.23
18.48
17.88
18.59
18.34
18.19
18.42
18.52
18.91
17.94
18.32
18.64
18.07
18.70
19.04
18.58
18.59
18.52
19.04
18.57
18.52
18.58
18.23
18.85
18.48
18.53
18.71
19.16
18.72
18.78
19.44
18.74
18.81
19.09
19.24
18.85
18.54
19.09
18.68
18.61
18.88
19.32
19.16
19.32
19.20
19.52
18.76
19.24
19.04
19.66
19.42
18.94
19.18
19.41
19.18
20.03
19.71
19.34
18.85
19.92
19.50
19.66
19.52
19.95
19.40
19.71
19.85
19.64
20.14
19.98
20.02
20.07
19.78
19.88
20.32
19.93
19.97
19.92
20.16
20.00
19.88
19.96
20.27
20.46
20.02
20.14
20.26
20.35
20.07
20.58
20.15
20.28
20.00
20.41
20.47
20.54
20.36
20.43
20.10
20.60
20.61
20.48
20.52
20.75
20.90
20.80
20.45
20.29
21.02
20.16
21.07
20.44
21.00
20.40
20.57
21.01
20.62
20.62
20.75
20.86
20.69
20.89
20.90
20.77
21.10
20.97
20.94
20.99
20.74
20.78
21.07
21.32
20.82
20.85
21.32
20.93
21.41
21.23
21.10
21.39
21.02
21.03
21.36
21.67
20.83
21.25
21.60
21.15
21.77
21.09
21.55
21.15
21.52
21.31
21.53
21.62
21.96
21.68
21.07
21.26
21.62
21.91
21.55
21.99
21.97
21.11
21.78
22.18
22.06
22.08
21.59
21.98
21.53
21.70
22.17
22.12
22.53
22.32
22.21
22.22
22.15
22.57
21.86
22.50
22.54
22.68
22.06
22.93
22.47
23.23
22.74
22.57
22.87
22.96
22.71
23.02
23.01
22.96
23.00
22.71
23.14
23.17
23.29
22.87
23.11
22.98
23.16
23.07
23.00
22.86
23.32
22.95
23.34
23.14
23.51
23.20
23.10
23.84
23.24
23.23
23.55
22.91
23.04
23.57
23.14
23.93
23.25
23.27
23.91
23.51
23.21
23.63
23.26
23.43
24.31
23.44
23.61
23.64
23.43
23.97
23.74
23.46
24.12
23.19
24.13
23.96
23.47
23.93
24.39
23.61
23.87
24.12
24.18
23.79
24.15
24.38
24.32
24.50
23.98
23.98
24.66
24.38
24.06
24.30
23.98
24.52
24.63
24.41
24.30
24.62
24.56
24.73
24.67
24.92
24.57
24.99
25.33
24.88
24.96
25.14
24.64
25.11
25.10
25.07
25.38
25.27
25.23
25.20
25.25
25.05
24.91
25.48
25.31
25.37
25.36
25.95
25.89
25.35
25.09
25.96
25.93
25.32
26.00
25.46
26.37
25.57
26.66
25.64
25.96
25.59
26.25
25.83
25.66
26.27
25.93
26.12
25.62
26.18
26.34
25.95
26.46
25.74
25.88
26.46
26.09
26.14
26.23
26.36
26.28
26.13
26.39
26.47
26.26
25.76
26.44
26.32
26.70
26.46
26.32
26.13
26.40
26.49
26.46
26.61
26.66
26.48
26.82
26.20
26.37
27.05
27.02
26.56
26.90
26.72
27.08
27.20
26.57
27.01
26.77
26.73
27.04
26.63
27.28
27.29
26.70
27.39
26.83
27.00
26.88
27.59
27.04
27.25
27.39
27.09
26.85
27.47
27.66
27.30
27.55
27.87
27.09
28.04
27.74
27.51
28.17
27.71
26.85
27.70
28.06
27.90
27.66
27.88
28.07
28.03
28.32
27.68
27.94
27.89
28.16
28.11
28.31
28.47
27.82
27.79
28.20
28.73
28.73
28.28
29.07
28.75
28.44
28.91
28.45
28.91
28.75
28.45
28.83
28.88
28.93
28.67
29.12
28.71
28.86
29.26
28.73
28.87
28.64
29.34
29.04
28.89
29.21
28.68
28.91
29.46
28.63
29.23
28.94
29.20
29.26
29.23
28.34
29.67
29.07
29.28
29.33
28.96
28.93
29.19
29.66
29.19
28.80
29.72
28.80
29.79
29.72
29.36
29.28
29.04
29.55
29.14
29.89
29.75
29.26
30.14
29.42
29.24
29.24
29.90
28.89
29.74
29.19
29.61
29.73
30.17
29.14
30.18
29.71
29.79
29.93
29.63
29.96
29.72
29.98
29.87
29.88
30.00
30.08
29.70
29.71
29.92
29.64
30.49
29.95
29.96
29.70
30.83
29.86
29.93
29.65
30.18
30.38
29.70
30.06
29.89
29.86
30.46
29.86
30.20
30.18
29.94
30.45
29.84
29.77
30.41
29.20
30.00
30.18
29.80
30.66
29.86
29.35
30.16
28.99
29.31
29.26
29.84
29.60
29.77
29.88
28.70
29.49
29.11
28.45
29.39
29.22
29.25
28.82
28.75
28.08
28.64
28.93
28.93
27.83
29.34
28.37
28.81
28.53
28.34
28.77
27.77
28.35
28.41
28.18
27.82
28.84
27.39
28.03
28.13
27.75
27.20
28.18
28.01
27.01
27.67
27.28
26.98
27.77
27.30
27.38
27.01
27.96
26.84
26.65
27.04
27.16
27.30
26.57
26.67
26.95
26.48
27.19
26.53
27.04
26.10
26.54
27.09
26.66
25.82
26.86
26.91
26.42
25.87
26.22
26.64
26.23
26.22
26.52
25.90
25.54
27.05
26.51
26.63
26.00
26.68
26.44
26.52
26.55
25.89
26.30
26.51
26.53
26.73
26.05
26.46
25.90
26.33
26.24
26.26
26.25
25.98
26.08
26.19
26.37
26.32
26.27
26.08
26.00
25.92
26.56
26.53
26.70
25.50
25.98
26.64
26.30
25.94
26.21
26.11
26.04
25.98
25.93
26.55
25.98
26.12
26.25
25.77
26.71
25.92
26.56
26.28
26.39
26.34
26.43
26.48
26.47
26.34
26.63
26.10
26.13
26.52
26.69
26.03
26.26
26.06
26.36
26.50
25.91
26.39
26.74
25.95
26.01
26.61
26.32
26.40
26.59
26.12
26.76
26.92
26.23
26.59
26.35
25.98
26.56
26.23
26.54
26.34
26.42
26.44
26.75
26.38
26.50
26.49
26.56
26.62
26.71
26.55
26.56
26.59
26.88
26.24
26.85
26.66
26.90
26.59
26.57
26.46
26.64
27.21
26.71
27.29
26.47
26.67
26.63
26.73
26.34
26.68
26.77
26.72
26.84
26.98
26.24
26.38
27.30
26.91
27.05
26.86
26.70
26.66
27.15
27.18
26.47
26.91
27.11
27.01
26.72
26.37
27.29
26.82
26.94
26.84
26.46
27.57
26.57
26.60
27.18
26.65
26.79
27.08
27.04
27.10
26.80
27.56
26.98
27.16
26.89
26.90
27.14
27.07
27.39
27.00
27.09
27.42
26.88
26.60
27.54
27.52
26.90
27.21
27.20
27.41
27.00
27.57
26.56
27.81
27.29
26.90
27.31
26.62
27.25
27.60
27.11
27.25
27.11
27.39
27.27
27.51
27.38
27.54
27.23
27.61
27.14
27.62
27.11
27.43
27.41
27.42
27.20
28.07
26.93
28.25
27.16
27.32
27.57
27.74
27.20
27.73
27.43
27.28
27.84
27.58
27.72
28.08
27.77
27.33
27.88
27.12
27.44
27.83
27.56
27.53
28.00
28.04
27.74
27.46
27.95
27.67
27.91
27.65
28.00
27.97
27.88
28.05
28.29
27.59
28.41
27.95
28.04
27.79
27.87
28.31
27.90
28.16
28.02
28.07
27.76
28.04
28.37
27.95
28.40
28.02
28.07
28.76
28.39
27.62
28.49
27.92
28.22
28.47
28.46
27.61
28.14
28.62
28.25
28.49
28.32
28.41
28.38
28.29
27.95
28.36
28.89
27.79
29.12
28.99
28.07
28.75
28.93
28.48
28.40
28.54
28.30
28.75
28.26
28.84
28.46
28.27
28.15
29.31
28.59
28.16
28.48
28.70
29.16
28.80
28.74
28.79
28.70
28.48
28.22
28.99
28.82
29.12
28.59
28.42
28.31
28.55
28.96
28.43
28.20
28.46
28.81
28.69
28.34
28.79
28.49
28.58
28.99
28.14
29.38
29.11
28.50
28.54
29.04
28.71
28.19
28.80
28.67
28.36
28.57
29.10
28.65
28.47
28.76
28.49
28.66
28.95
28.81
28.40
28.57
29.04
28.20
29.09
28.39
28.90
28.25
29.12
28.57
28.74
29.32
28.23
28.71
29.06
28.86
28.30
28.95
28.86
28.50
29.33
28.75
28.91
28.73
28.91
28.67
29.07
28.15
29.01
29.04
28.64
29.04
28.47
29.21
28.55
28.73
28.88
29.24
28.18
29.17
29.30
29.26
28.20
28.88
29.32
29.12
29.25
28.37
28.73
29.11
28.64
29.32
29.08
29.22
28.67
29.08
28.37
29.13
29.18
28.86
28.97
29.00
29.33
29.17
28.84
29.08
28.52
29.50
29.22
28.63
29.46
29.00
28.83
29.43
29.23
28.91
29.09
29.29
29.39
29.09
29.10
29.59
29.23
29.02
29.31
29.72
28.76
28.55
29.32
29.34
29.49
28.74
28.68
29.26
29.29
29.52
28.86
28.50
29.46
29.38
29.00
29.73
29.27
29.36
28.64
29.44
29.45
28.95
29.85
28.68
29.38
28.68
29.63
28.98
29.58
29.31
29.36
29.62
29.13
29.43
28.75
29.48
29.11
28.95
29.52
29.38
28.68
29.42
29.45
29.27
29.23
29.03
29.43
29.20
29.35
29.09
29.28
29.38
29.49
28.97
29.09
29.00
29.32
29.71
28.93
29.53
29.51
29.30
29.45
29.35
29.05
29.04
29.46
29.09
29.71
28.98
29.46
29.91
29.29
29.47
29.33
28.75
29.09
29.33
29.25
29.59
29.41
29.59
29.17
29.38
29.52
29.37
29.09
29.24
29.21
29.50
29.24
28.84
29.43
28.29
29.23
29.03
29.07
29.08
28.96
29.00
28.78
29.13
29.27
29.14
29.15
29.51
28.80
28.96
29.69
28.64
29.15
28.92
29.61
28.91
29.09
29.12
29.12
29.33
29.09
28.84
29.39
29.27
29.26
29.53
28.78
29.23
29.09
29.21
29.09
29.31
29.32
28.93
29.29
29.38
28.91
29.19
29.23
29.20
28.78
29.53
29.32
28.95
29.45
29.30
29.26
29.56
29.24
29.30
29.66
29.41
28.84
29.29
29.95
29.27
29.26
29.17
29.60
29.21
29.10
29.03
29.89
29.52
28.97
30.66
29.68
28.98
28.91
30.52
29.58
29.81
29.57
29.07
29.25
29.86
29.29
29.19
29.11
28.93
30.15
28.71
29.41
29.16
29.39
29.19
29.56
30.15
29.24
29.27
29.36
29.03
29.56
29.75
28.95
29.59
28.77
29.68
29.59
29.38
29.00
29.66
29.75
29.74
29.33
29.49
29.64
29.61
29.31
28.88
30.34
29.56
29.34
29.49
29.41
29.34
29.50
30.06
29.48
29.30
29.63
29.69
29.73
30.09
29.48
29.80
29.33
29.90
29.53
29.59
29.64
29.63
29.98
29.55
29.83
29.29
29.70
29.84
29.02
30.10
29.39
29.36
30.26
29.71
29.75
29.61
29.50
29.52
29.88
29.57
29.79
29.45
28.75
30.14
29.81
29.82
29.37
29.91
29.68
29.00
29.61
29.90
29.62
29.70
29.73
29.64
29.90
29.76
29.88
29.70
30.04
29.77
29.88
29.44
30.11
29.99
29.86
29.71
29.52
30.20
29.57
29.69
29.96
29.90
29.52
30.11
29.56
29.92
29.79
30.53
29.61
30.11
29.67
29.86
29.42
29.95
29.71
30.19
29.68
29.54
29.98
30.47
29.64
30.33
30.18
29.58
30.11
29.55
29.75
29.39
30.37
30.23
29.94
29.80
29.86
30.14
29.85
29.76
30.67
29.57
30.31
29.99
29.43
29.89
30.00
29.78
30.52
30.18
29.86
30.00
30.16
30.28
29.94
30.96
29.88
30.07
30.11
29.96
30.43
30.38
30.13
30.21
29.56
30.46
29.90
30.10
30.23
29.91
29.82
29.83
30.02
30.77
30.02
29.65
30.73
30.20
29.86
30.17
30.09
30.36
30.32
30.15
29.85
30.25
30.38
30.17
30.41
30.31
31.08
29.91
30.92
29.80
31.00
30.86
30.18
30.46
30.70
30.68
30.33
30.14
30.88
30.75
30.26
30.70
30.44
30.73
30.70
30.79
30.11
30.77
30.94
30.30
30.25
30.43
30.84
30.50
30.86
30.36
30.64
31.00
30.42
30.59
30.81
30.74
30.36
30.59
30.23
30.75
30.40
31.20
30.82
31.11
30.12
30.73
30.96
30.78
30.84
30.30
31.59
30.48
30.83
30.30
31.22
30.56
30.24
30.79
30.95
30.95
30.45
31.27
30.63
31.16
30.59
31.50
30.40
30.81
30.75
30.69
30.97
31.04
30.08
30.60
31.34
30.60
30.77
30.30
31.15
30.78
31.12
31.11
30.30
30.43
31.32
30.64
30.89
31.02
31.37
30.65
30.84
30.63
30.99
30.46
31.47
30.67
30.98
30.97
31.37
30.34
31.89
31.10
30.98
31.32
30.58
30.87
31.09
30.80
31.18
31.20
31.02
30.83
31.11
30.86
30.82
31.58
30.72
31.00
30.50
31.17
30.95
30.67
30.79
31.16
31.28
31.25
30.89
31.23
30.77
31.55
31.25
31.37
30.73
30.98
31.35
30.64
31.11
31.56
30.75
31.57
31.22
31.20
31.02
31.21
31.33
31.12
31.70
31.27
31.09
31.20
31.09
31.09
31.85
31.48
31.51
31.07
31.60
30.82
31.84
31.48
31.26
30.92
31.61
31.72
30.21
31.62
31.34
31.73
31.84
31.28
31.72
30.92
31.28
31.36
31.43
30.57
31.45
31.40
31.48
31.33
31.00
31.35
31.67
31.98
31.51
30.71
32.34
31.06
31.41
30.97
31.63
32.00
31.06
31.30
31.46
31.05
31.73
31.60
31.54
31.00
31.27
31.54
31.36
31.06
31.93
31.45
31.81
31.27
31.59
31.20
30.90
32.15
31.41
31.53
32.01
31.46
31.73
31.38
32.01
31.30
31.53
31.94
32.16
31.69
31.68
31.64
31.56
31.19
32.16
31.54
32.21
31.04
31.76
31.91
31.64
31.41
31.90
32.35
31.73
31.72
31.71
31.33
31.70
32.16
31.54
31.29
31.66
31.63
31.58
31.42
31.80
31.80
31.59
31.59
31.97
31.70
31.93
31.47
30.95
31.57
32.04
31.37
31.86
31.74
31.05
31.69
31.54
31.98
31.78
31.59
31.91
31.71
32.00
31.57
31.23
31.64
31.61
31.83
31.71
32.09
32.11
31.40
32.03
31.62
31.61
31.62
31.60
31.47
31.67
32.03
31.62
31.45
32.20
31.90
31.17
32.27
31.71
31.64
31.48
32.09
32.24
31.22
31.88
31.81
31.70
32.36
31.62
31.55
32.36
31.81
31.33
32.51
31.47
31.80
31.48
31.98
31.84
31.32
31.57
32.22
30.99
31.73
31.98
31.41
32.51
31.83
31.93
32.22
31.45
31.87
32.82
31.27
31.86
31.79
31.77
32.16
31.96
31.89
31.71
31.56
32.30
32.20
32.15
32.02
31.64
32.20
31.84
31.94
31.66
32.49
31.38
32.30
32.56
31.69
32.10
32.59
32.46
32.57
31.98
31.16
32.36
32.62
31.45
32.41
32.31
31.92
32.28
32.11
31.55
32.80
32.24
31.83
32.16
31.79
31.84
32.24
31.97
32.42
32.28
32.34
32.45
31.91
32.52
32.13
32.36
31.80
32.00
31.84
31.66
32.29
32.01
32.20
32.53
32.39
32.67
32.28
32.34
32.62
32.05
32.48
32.71
32.23
32.91
32.60
32.07
32.19
32.55
32.28
32.30
32.37
32.38
32.82
31.73
32.40
32.96
31.82
32.37
32.59
32.18
32.54
32.19
32.69
32.40
32.75
32.49
32.21
32.25
32.66
32.34
32.64
32.13
32.12
32.54
32.80
32.16
33.08
31.93
33.02
32.28
32.95
32.24
32.27
32.95
32.96
32.68
32.50
32.80
32.78
32.54
32.71
32.46
33.11
32.90
31.99
33.02
34.10
31.78
32.77
32.17
32.31
32.50
32.95
32.43
32.41
32.45
33.11
32.29
33.00
32.48
32.46
32.95
32.95
32.62
32.57
32.49
32.66
32.92
32.54
32.83
32.98
32.35
33.25
32.35
33.11
32.65
32.75
32.63
32.81
32.64
33.09
32.79
32.71
33.33
32.62
33.00
32.79
32.45
32.92
32.58
33.38
33.25
32.32
32.80
32.80
32.82
32.81
32.85
32.66
33.10
32.69
32.88
32.96
32.48
32.58
32.74
32.82
33.04
32.80
32.22
33.08
32.98
33.21
32.73
32.87
32.88
32.75
33.02
33.17
32.36
33.71
32.77
33.05
33.04
33.39
32.32
32.04
33.41
32.90
32.67
33.12
32.82
33.40
32.88
32.87
32.69
33.30
32.81
33.52
33.31
32.82
32.82
32.90
33.26
33.28
33.36
33.24
32.64
33.22
33.22
33.02
33.01
32.88
33.58
32.56
33.20
32.99
33.20
33.64
32.96
32.82
32.87
33.56
33.56
32.42
33.54
33.55
32.48
33.85
32.85
32.64
33.86
32.79
33.57
33.17
32.65
33.12
33.89
33.78
33.53
32.90
33.04
32.82
34.04
33.75
33.43
33.53
33.64
33.48
32.89
33.90
33.74
33.36
32.77
33.94
33.62
32.77
34.02
33.57
33.59
33.69
33.31
33.62
33.59
32.91
33.84
33.75
33.13
33.59
33.89
33.74
33.86
33.73
34.07
33.45
33.41
34.29
33.11
33.91
33.28
33.97
33.61
33.61
33.75
33.42
33.83
34.02
33.69
33.79
33.62
33.27
34.04
33.57
33.54
33.07
34.46
33.46
34.16
33.51
34.04
33.32
34.52
33.46
34.10
33.67
33.95
33.52
33.84
33.59
33.57
34.02
34.04
33.67
33.32
33.81
33.88
33.88
34.31
32.90
33.82
33.78
33.85
33.58
33.80
34.00
34.12
33.92
33.36
34.00
33.59
33.86
33.56
33.32
34.14
33.93
33.75
34.09
33.93
34.34
34.07
34.09
33.71
33.97
34.18
33.84
34.08
34.18
34.16
33.61
34.37
33.30
33.86
33.89
34.19
34.45
33.47
35.63
34.30
34.36
34.09
33.87
34.04
34.46
34.34
34.32
34.30
34.45
34.62
34.11
33.52
34.21
34.54
34.31
34.48
34.13
34.81
34.33
34.10
34.32
33.99
34.45
33.63
34.40
34.30
34.37
34.72
33.28
34.62
34.73
34.12
34.69
33.95
34.42
34.80
34.85
34.14
34.10
34.00
35.13
34.21
34.94
34.60
34.09
34.38
34.16
34.48
34.82
34.69
34.73
34.06
35.09
34.48
33.80
34.50
34.73
34.30
34.52
34.14
33.96
34.89
34.60
34.67
34.11
35.16
34.45
34.81
34.47
34.01
34.71
34.60
34.30
35.03
34.73
34.04
35.03
34.66
34.33
34.95
34.62
34.24
33.92
34.75
34.89
34.90
34.18
34.48
34.89
34.71
34.59
34.61
34.25
34.51
35.02
34.55
34.14
34.80
35.12
34.33
34.98
34.04
34.77
35.15
34.27
34.82
34.64
35.14
34.93
34.31
34.93
34.82
34.80
34.77
34.13
34.93
34.95
35.12
34.50
35.39
34.57
34.92
35.07
34.83
34.80
34.77
34.19
34.98
35.22
35.03
35.07
34.84
34.77
35.22
34.19
34.82
35.16
34.16
35.50
35.00
34.90
35.54
34.26
35.15
35.66
34.53
35.10
34.84
34.68
35.77
35.11
35.06
34.70
35.62
34.79
35.29
35.07
34.61
35.56
35.28
35.27
35.55
35.37
35.60
35.34
35.23
35.41
35.06
35.27
35.66
35.27
35.21
35.65
34.95
35.43
35.41
35.19
35.30
35.42
35.38
35.98
34.75
34.87
35.28
35.62
35.29
35.33
35.54
35.45
35.26
34.84
36.30
35.21
35.39
35.66
35.32
35.05
35.75
35.27
35.65
35.64
35.17
35.27
35.25
35.82
36.28
35.30
35.08
35.50
35.82
35.27
35.58
35.90
35.79
35.89
35.36
35.39
35.36
35.86
35.40
35.88
35.50
35.98
35.65
35.50
35.41
35.70
35.83
34.93
36.06
35.59
35.27
35.91
36.47
35.48
36.27
35.65
35.48
35.84
35.12
36.11
35.85
35.77
35.72
35.60
35.85
35.37
36.54
35.72
35.46
35.66
36.16
35.45
35.80
35.86
36.10
35.73
36.34
35.15
36.16
35.82
35.11
36.59
35.76
36.15
36.08
35.68
36.60
35.83
35.93
35.99
35.92
35.79
36.05
36.09
36.19
35.90
35.93
36.01
35.44
35.47
35.84
36.15
35.95
36.15
35.86
35.32
36.13
36.22
36.04
36.22
35.93
36.36
36.37
35.87
35.95
36.61
36.21
35.97
36.74
35.93
36.46
36.42
35.80
36.41
35.83
36.43
35.91
36.51
36.62
36.68
36.03
36.12
36.81
36.43
36.18
36.11
36.64
35.86
36.21
36.27
36.90
36.61
36.35
36.20
36.53
36.78
35.50
36.44
36.55
36.74
36.03
36.42
36.83
35.71
36.53
36.34
36.73
37.05
36.81
36.14
36.61
36.51
36.19
36.60
36.58
36.54
36.45
36.89
36.24
36.97
36.34
36.33
36.33
37.01
36.59
36.08
36.63
36.41
37.14
36.14
36.58
36.57
37.07
36.63
36.95
36.37
36.85
36.59
35.92
37.08
36.74
37.18
36.48
36.97
36.89
35.94
36.09
36.98
37.21
36.62
36.94
37.24
36.19
36.75
37.52
36.64
37.23
37.02
36.96
36.48
37.12
36.84
37.26
36.79
37.18
36.68
37.30
37.03
36.75
36.77
37.13
37.34
36.93
36.46
37.04
37.14
37.48
36.46
37.41
36.66
36.72
37.31
37.50
37.18
36.91
36.73
37.18
37.54
37.45
36.93
36.70
37.75
36.75
37.33
36.70
37.29
37.02
37.20
37.60
37.05
37.18
37.11
37.34
38.05
36.88
37.90
37.04
37.14
37.55
37.36
37.69
37.39
37.66
37.78
37.17
37.20
37.26
36.71
37.64
37.60
37.15
37.22
37.51
37.48
38.07
36.97
38.01
37.00
37.63
36.60
37.63
37.17
37.66
37.39
37.96
37.52
37.54
37.04
37.88
37.51
37.64
38.11
37.80
37.85
37.44
37.82
37.12
38.16
37.32
37.14
37.87
38.38
37.38
37.89
37.64
37.52
37.58
38.01
38.15
37.66
37.93
37.95
36.88
37.50
38.28
37.71
37.96
38.51
37.12
37.80
37.84
38.25
37.59
38.22
37.91
38.02
37.87
38.02
38.06
37.86
37.42
37.75
38.71
38.16
38.51
37.79
38.36
37.23
38.95
38.09
37.61
38.48
37.90
38.28
38.43
38.67
38.55
38.11
38.09
37.81
38.25
38.66
37.87
37.95
38.51
37.99
38.73
38.59
38.29
37.62
38.24
38.18
38.45
38.13
38.26
37.92
38.23
38.55
38.32
37.65
38.00
38.47
38.92
37.70
38.27
38.78
38.38
38.04
38.50
38.14
38.23
38.27
38.55
37.96
38.82
38.12
38.12
38.38
38.45
38.55
38.15
38.79
38.63
37.98
38.36
38.65
38.45
38.39
37.98
37.98
38.50
39.27
38.61
38.33
38.19
38.60
38.69
38.52
38.68
38.34
38.11
38.93
38.70
38.14
38.56
38.16
38.84
38.75
38.32
38.73
38.83
38.70
38.60
38.81
38.32
39.79
38.24
39.15
39.29
38.39
39.16
38.36
38.63
38.71
38.77
38.70
38.27
39.14
38.87
38.97
39.05
38.92
39.52
38.61
39.65
38.63
38.67
39.21
39.05
38.69
39.16
39.03
38.91
39.13
39.38
38.27
39.70
38.61
39.86
38.81
38.72
40.02
38.91
39.38
39.19
39.39
39.40
39.67
39.12
39.64
38.83
39.38
39.41
38.77
39.26
39.32
38.85
38.93
39.32
38.73
39.01
40.59
38.94
39.17
40.17
39.54
39.05
38.78
39.54
39.40
38.86
39.96
38.96
39.45
39.78
38.79
39.09
39.76
39.38
39.33
38.82
39.57
39.53
39.49
39.25
39.43
39.82
40.52
39.40
39.14
40.14
39.30
39.46
39.65
39.77
39.18
39.62
40.38
38.91
39.67
39.71
40.02
39.30
40.11
39.48
39.76
39.97
40.16
40.01
39.63
39.92
39.83
40.06
39.70
39.86
39.91
39.77
40.29
40.18
39.96
39.57
39.56
40.05
40.27
39.79
40.28
40.07
40.52
40.13
39.33
39.77
39.84
39.84
40.09
39.97
40.14
39.71
40.05
39.44
40.25
39.61
40.42
40.65
39.84
39.98
39.82
40.75
40.28
40.69
40.15
40.19
39.80
39.65
40.78
40.05
39.66
40.29
40.64
39.96
40.46
40.31
40.15
40.60
40.38
40.50
41.25
40.55
40.85
40.42
40.24
40.51
40.30
40.50
40.80
40.28
40.52
40.42
40.98
40.06
40.41
40.62
40.47
39.91
40.15
40.80
40.84
41.32
40.37
40.40
40.46
40.62
40.44
42.01
40.91
40.54
40.91
40.40
40.98
40.11
40.84
40.96
40.35
41.20
41.32
40.34
40.45
41.42
40.82
40.76
40.51
40.76
41.24
40.53
41.18
40.87
41.14
40.28
40.74
40.57
40.93
41.12
40.98
41.27
40.46
41.27
41.47
41.27
40.81
41.09
41.42
40.55
41.55
40.58
40.83
41.52
40.76
41.54
40.97
41.25
40.43
41.46
41.18
41.11
41.09
41.04
41.07
40.79
41.00
41.18
41.20
40.95
41.41
41.09
41.58
41.31
41.09
41.35
41.34
41.67
41.30
40.97
41.75
41.66
41.43
41.13
41.31
41.32
41.37
41.92
41.57
41.29
41.72
41.52
42.11
41.26
41.20
41.69
40.98
42.48
40.97
41.62
41.97
40.87
41.98
41.88
41.64
41.67
41.40
41.95
41.46
41.99
41.67
41.64
41.75
41.49
42.30
41.55
41.60
41.95
41.80
43.09
41.74
42.21
41.56
42.40
41.98
41.56
42.04
41.76
41.71
41.96
40.89
41.66
42.58
41.84
41.51
41.63
41.90
41.92
41.11
42.43
41.39
42.30
41.89
42.30
42.20
41.61
42.47
42.36
42.57
42.60
41.87
42.14
42.15
41.94
42.23
42.90
42.21
43.35
42.11
41.91
42.50
42.47
42.57
41.95
42.23
42.84
41.12
42.58
42.78
43.18
42.04
41.80
42.53
42.12
42.39
42.64
43.49
42.33
42.69
42.92
42.52
42.62
43.06
42.60
42.91
42.07
42.62
42.70
42.71
42.55
42.95
42.11
43.48
42.49
43.47
42.23
42.84
42.59
42.96
42.54
43.09
42.57
42.80
42.88
43.14
42.76
42.33
42.46
42.28
42.03
42.42
42.54
42.57
43.04
43.29
42.75
43.34
42.99
44.53
42.49
42.54
43.23
43.75
42.95
43.07
43.01
42.44
43.99
42.68
43.22
42.69
43.30
43.14
42.90
43.05
43.34
43.18
43.08
43.54
43.17
43.92
42.88
43.45
43.09
42.61
43.06
43.45
43.77
42.93
43.01
43.36
43.19
43.39
43.34
42.96
43.27
43.17
43.08
44.18
43.39
42.79
43.32
43.11
43.71
44.31
43.59
43.55
43.76
43.84
43.89
43.49
43.50
43.61
44.06
43.68
44.04
43.37
42.48
44.12
43.48
43.57
43.62
43.50
43.81
44.60
44.71
43.84
44.14
43.82
43.48
43.64
43.63
44.48
44.04
43.00
44.59
44.27
44.37
43.65
43.57
43.77
43.95
43.36
44.36
43.74
44.48
43.94
43.76
43.71
44.54
43.56
44.50
44.42
44.34
45.18
44.23
44.11
43.86
44.18
43.71
44.53
43.36
44.32
45.49
45.14
43.70
44.04
44.86
44.91
44.30
44.67
44.62
44.20
44.63
44.80
44.55
44.38
44.93
44.64
44.33
44.67
44.74
44.82
44.11
44.76
45.39
44.66
44.47
45.12
45.08
44.75
44.86
44.50
44.56
44.21
44.47
44.83
45.23
44.96
44.71
44.64
44.62
44.69
44.80
44.80
44.96
44.38
44.60
45.53
45.59
44.92
46.12
44.78
44.87
45.15
44.55
44.85
45.79
45.23
45.56
44.44
45.48
45.37
45.15
45.05
46.84
44.96
46.17
45.34
44.99
44.13
45.64
45.17
45.93
44.65
45.76
45.23
46.67
45.16
44.94
44.51
46.16
45.08
45.44
45.27
45.53
45.66
45.28
45.91
45.65
45.38
45.34
45.18
45.97
46.54
45.50
45.91
45.47
45.73
46.88
44.84
46.30
45.76
45.73
46.77
45.48
45.93
45.80
45.48
46.73
45.65
45.49
45.88
45.68
46.18
46.09
46.06
45.31
46.14
45.86
45.89
45.62
46.09
45.65
47.06
46.17
46.07
45.96
47.69
46.01
46.82
45.74
46.03
45.36
46.52
47.05
45.42
46.19
47.95
46.50
46.70
46.80
46.36
46.64
46.43
46.63
46.44
46.63
46.90
46.07
46.18
46.02
46.63
47.62
47.09
47.12
47.17
45.83
46.48
46.98
46.80
46.22
46.51
47.00
46.48
47.09
46.46
47.14
47.65
46.84
46.49
47.23
46.39
46.77
46.40
46.48
47.15
46.66
47.23
47.44
46.43
47.07
47.07
46.58
47.03
47.37
47.30
46.30
46.83
47.32
47.24
47.80
46.82
46.54
47.06
49.15
47.22
47.55
47.29
47.36
47.40
46.66
47.57
47.57
47.04
48.31
46.27
47.50
47.33
47.70
47.70
47.83
47.69
47.77
46.96
48.47
48.18
47.07
48.22
47.83
47.41
48.10
48.02
48.66
48.45
49.08
47.38
48.63
47.21
48.17
48.03
48.63
47.89
47.55
48.43
47.53
47.92
48.33
47.78
48.22
48.23
48.73
48.58
48.89
49.29
47.45
48.24
48.37
48.41
48.40
48.75
48.40
48.32
48.55
50.26
47.87
48.54
48.37
