0.77
146.42
187.55
181.36
185.64
185.12
182.12
188.55
179.66
189.34
181.61
185.84
184.94
182.33
188.45
179.56
189.61
181.17
186.81
181.66
185.81
179.88
186.09
177.85
186.41
182.88
184.50
186.25
179.38
189.91
179.61
188.12
182.86
184.50
186.25
179.61
189.69
179.56
186.72
182.61
183.14
184.67
179.45
189.84
178.14
188.03
182.83
184.64
183.22
180.94
189.92
179.58
186.53
182.73
182.89
186.44
180.88
189.88
179.59
188.12
182.88
184.64
184.58
181.11
189.73
176.64
186.48
182.78
184.53
186.27
179.42
189.88
179.59
185.00
181.34
184.41
186.59
179.22
190.34
177.89
187.77
182.97
182.81
185.00
180.75
190.25
179.36
187.94
182.89
182.84
186.64
179.27
188.53
179.59
187.88
181.42
184.30
186.47
179.28
190.19
179.41
187.94
182.97
184.55
184.84
179.30
190.20
177.91
187.88
182.91
184.38
186.38
180.89
188.41
179.59
188.00
183.00
184.48
186.25
179.48
189.81
178.16
188.00
181.27
184.48
186.28
181.03
189.97
178.11
186.41
182.91
184.55
186.20
179.45
189.83
179.62
188.11
182.62
184.70
184.84
181.06
189.67
176.91
187.23
179.92
180.56
185.19
180.00
188.69
172.53
187.14
181.52
183.64
185.03
180.17
188.58
178.42
187.77
179.52
184.11
184.50
180.64
188.05
178.39
188.19
180.55
184.78
184.02
181.17
187.48
178.36
188.73
179.94
185.25
183.66
180.09
187.09
176.91
189.06
178.14
185.47
181.69
181.91
186.80
178.39
187.88
179.31
185.88
183.00
182.33
186.33
177.23
189.47
177.41
186.20
182.45
181.16
186.05
179.12
189.28
178.69
185.08
182.09
181.23
185.61
179.55
189.09
176.94
187.03
181.73
181.89
185.41
179.94
188.72
178.39
187.50
181.16
183.95
184.78
178.83
188.52
178.39
187.88
180.77
181.33
182.94
180.62
188.00
178.41
188.22
180.45
183.16
184.20
181.16
187.58
178.36
188.64
180.03
185.14
182.06
181.52
187.22
178.42
189.16
179.58
185.55
181.66
182.00
186.64
178.48
187.88
179.22
184.42
182.94
182.39
186.34
178.81
189.42
178.78
186.38
175.61
184.27
184.48
179.17
188.16
178.38
188.20
180.42
184.77
183.91
179.67
187.53
178.34
188.78
180.11
185.14
183.55
181.66
186.95
176.94
189.14
179.52
185.67
182.78
181.03
184.06
177.48
188.25
178.39
184.67
181.86
179.69
185.52
177.70
186.56
177.03
184.67
181.97
181.11
185.42
177.70
188.19
178.23
184.88
181.92
179.78
185.33
177.83
188.14
178.12
185.00
181.58
179.97
185.22
178.06
188.20
177.98
185.11
181.45
181.59
184.95
176.64
188.20
177.91
185.36
181.38
180.22
184.88
178.17
188.20
177.72
185.38
181.23
182.00
183.30
178.28
188.25
177.59
185.48
181.06
182.03
184.55
178.62
188.30
175.95
185.62
180.92
182.17
184.38
175.62
186.69
177.47
185.58
181.00
182.12
183.05
178.59
188.30
177.39
185.67
180.88
182.27
184.28
177.25
186.67
177.30
185.80
180.98
182.25
184.33
178.83
187.72
177.56
184.44
179.22
182.34
184.27
178.98
187.75
177.56
186.00
180.56
139.48
99.05
156.91
150.81
99.09
116.84
177.69
158.00
140.94
179.01
184.27
177.56
187.94
178.81
184.47
182.16
180.94
184.17
176.11
187.92
177.19
184.38
179.27
180.73
185.83
177.53
187.94
177.22
184.42
182.36
179.30
185.81
174.66
187.73
178.83
182.73
182.34
180.73
185.83
177.55
187.91
178.91
184.36
180.73
180.84
185.45
174.89
186.72
177.39
183.25
180.91
179.84
184.45
176.28
185.42
177.27
183.38
180.72
179.91
184.19
176.52
187.06
177.09
183.59
180.52
178.58
182.64
176.39
187.05
176.95
183.67
180.67
180.17
183.94
176.67
187.00
175.33
183.73
180.36
180.27
182.38
176.81
187.05
176.78
183.91
180.19
180.42
182.27
176.84
186.97
176.62
184.11
180.19
180.55
183.56
177.06
187.00
176.38
182.70
178.50
180.61
183.08
176.11
187.03
175.05
184.08
180.05
180.64
183.45
175.61
187.02
176.34
184.27
180.09
180.73
183.38
177.27
187.00
176.16
184.47
178.17
180.91
183.34
177.48
187.00
176.03
183.08
179.41
181.00
183.28
174.47
185.48
174.72
184.36
179.69
180.95
183.44
174.14
186.97
174.89
184.39
179.83
179.25
175.02
178.55
185.53
173.47
185.50
178.62
182.05
182.03
178.59
185.67
176.38
185.70
178.44
180.59
182.00
178.77
185.34
176.38
185.86
178.38
180.77
181.97
178.80
185.31
176.30
185.98
178.12
182.53
180.14
178.98
185.34
176.33
186.14
175.08
180.94
181.66
178.91
183.81
176.28
186.00
178.14
182.52
181.81
177.36
185.08
174.69
184.52
174.98
179.28
180.19
177.16
181.98
174.67
184.25
176.94
180.62
178.86
175.48
184.00
171.83
183.80
177.11
180.23
180.72
175.05
184.44
173.27
183.55
177.45
180.09
179.58
176.20
184.72
171.81
183.17
177.72
179.64
181.33
176.03
185.00
174.72
181.52
176.59
179.41
181.59
175.77
185.28
174.55
181.30
178.22
179.16
181.89
173.97
185.38
174.94
182.55
178.38
177.47
182.05
175.33
185.30
174.95
182.45
175.62
178.72
181.00
174.97
185.33
173.92
181.95
178.94
178.41
182.52
171.75
183.86
175.73
181.62
179.31
178.16
183.00
174.70
185.08
175.81
181.55
179.39
176.42
183.06
171.86
184.73
176.22
181.31
179.81
177.59
183.28
174.72
184.66
174.84
181.02
179.92
177.53
183.62
173.25
184.41
173.64
180.66
178.86
177.00
182.48
174.69
182.47
177.03
177.23
180.84
176.52
184.41
174.69
183.70
177.47
176.83
181.25
176.23
184.67
174.69
183.34
177.56
179.80
181.30
176.28
184.72
174.70
181.73
177.77
179.59
181.33
176.03
185.00
174.72
181.50
178.09
179.41
181.52
174.33
185.31
174.55
182.83
178.09
179.27
181.36
173.97
184.11
173.08
181.22
174.08
177.19
179.52
173.25
184.14
173.77
179.02
177.86
174.98
181.77
173.03
182.28
173.02
179.73
176.97
175.81
182.30
173.03
181.58
175.12
179.16
177.56
173.70
183.17
171.53
182.41
175.83
178.48
179.62
174.66
183.44
171.62
181.84
174.88
177.89
180.42
172.58
184.14
173.06
181.22
176.88
177.41
180.72
170.55
182.32
172.22
180.55
177.67
175.16
181.66
169.97
182.22
174.72
179.78
178.34
175.97
177.91
173.03
182.94
175.19
179.06
179.00
175.33
183.03
171.47
182.53
175.77
178.62
178.06
174.70
183.42
173.03
181.91
176.20
178.22
180.12
174.27
184.11
171.36
179.92
176.77
176.00
180.72
173.59
184.11
172.03
180.72
177.61
176.94
179.77
171.64
183.97
174.09
180.20
175.12
176.16
181.94
173.06
183.38
174.81
179.75
177.11
172.44
182.84
171.61
181.00
175.70
178.72
179.39
174.86
183.27
171.64
180.53
174.73
178.03
180.09
172.70
184.11
173.16
181.34
176.75
176.00
180.72
172.09
184.09
173.53
180.78
177.33
177.06
179.86
170.00
183.91
172.91
180.09
178.14
174.66
182.05
171.62
183.22
172.48
177.86
177.34
172.69
181.11
171.80
181.12
172.84
175.69
178.16
173.52
181.67
171.81
180.52
174.70
176.78
178.53
171.53
180.94
171.81
179.95
175.23
176.25
178.97
172.53
182.47
172.00
178.03
175.91
174.16
179.72
171.97
182.48
171.14
177.38
176.39
175.11
180.08
171.83
182.08
173.31
176.83
176.97
174.66
179.17
171.80
181.53
172.25
177.75
177.44
172.58
181.20
170.42
179.38
174.48
175.52
178.45
173.30
181.89
170.39
178.72
175.09
176.42
177.34
172.66
182.48
170.45
179.58
175.77
174.27
179.61
172.09
182.48
172.42
177.61
176.20
173.77
180.00
170.42
182.09
173.09
178.48
176.95
174.72
180.47
171.81
178.40
173.58
177.95
177.25
174.28
181.16
170.36
181.20
172.62
175.88
177.91
172.09
181.69
171.81
180.50
174.69
176.81
178.56
173.16
182.08
171.83
178.59
173.81
176.22
178.97
172.50
182.50
172.00
179.61
175.81
172.73
179.62
172.00
181.00
171.22
178.78
176.41
173.62
180.16
169.00
181.84
173.34
178.16
177.12
174.56
177.86
171.78
181.42
172.83
176.08
174.89
173.61
181.59
171.80
177.62
174.77
175.25
176.73
171.58
179.38
167.72
178.03
172.84
174.41
177.86
170.89
180.84
169.86
177.61
173.36
173.89
178.41
170.59
180.58
170.28
176.94
175.34
171.94
179.06
169.08
180.03
172.47
174.94
174.48
171.28
179.66
170.58
179.30
171.58
175.70
175.19
172.06
180.20
167.81
178.58
173.73
173.53
177.55
169.94
180.83
170.69
176.58
174.31
174.42
176.45
170.78
180.86
171.20
177.52
175.00
172.48
178.41
170.56
179.09
170.39
175.42
175.44
173.30
179.00
169.17
179.89
172.39
174.88
176.19
169.59
179.92
169.03
179.30
173.16
175.62
175.28
171.97
180.28
167.81
178.52
173.75
173.52
177.38
171.36
180.83
169.38
178.12
174.25
174.47
177.81
169.44
180.81
169.83
177.45
174.81
172.44
178.53
170.62
180.66
171.72
177.00
175.28
173.45
177.42
169.19
179.97
170.91
176.38
174.50
172.78
179.75
170.56
179.45
172.81
175.89
175.00
172.28
178.59
167.81
178.81
173.47
173.78
177.31
171.69
180.81
170.38
176.88
172.62
174.62
175.90
168.12
180.81
168.31
177.47
173.44
173.81
178.45
167.80
180.38
170.50
176.75
175.67
173.30
179.06
169.19
179.84
171.16
174.56
174.53
169.33
178.36
166.17
177.11
169.27
173.14
175.95
169.53
179.27
168.06
174.38
170.47
172.00
177.23
168.92
178.41
170.70
174.64
174.47
170.89
178.42
168.94
175.97
171.75
173.59
174.12
169.77
179.20
167.69
176.19
172.89
171.00
176.83
168.97
179.00
170.20
175.14
173.94
171.42
177.67
167.56
177.84
171.36
174.23
175.00
168.91
178.81
167.55
176.73
172.38
171.53
176.19
169.12
179.22
169.78
175.81
173.41
171.94
177.16
168.94
178.44
170.66
174.70
174.59
167.83
178.53
168.95
177.30
171.80
173.56
175.52
169.84
179.19
167.62
176.28
173.03
172.55
176.55
167.56
178.97
170.14
175.20
173.88
171.48
177.86
168.94
178.00
171.09
174.27
174.83
169.05
178.67
166.16
176.81
172.28
173.05
176.30
167.83
179.22
168.22
175.66
173.45
171.89
177.20
166.19
176.78
169.55
174.31
174.77
169.17
178.56
168.94
177.16
169.22
173.27
174.62
169.34
179.19
169.50
175.88
173.23
172.09
177.00
168.97
178.73
170.56
174.88
174.22
171.14
177.97
168.92
176.17
171.55
173.95
175.38
168.62
179.20
166.06
176.38
172.73
172.59
176.11
164.58
177.31
168.48
173.59
172.30
169.97
176.03
165.91
176.30
169.55
172.52
173.30
168.78
177.06
167.34
175.42
166.23
171.31
174.72
167.58
177.56
164.98
174.00
171.81
167.36
175.70
167.33
176.61
167.84
172.77
173.19
166.00
177.14
167.33
175.39
168.73
170.45
172.95
167.66
177.58
166.52
174.11
170.34
170.27
174.19
167.28
176.72
169.20
173.11
172.86
169.22
175.22
167.30
175.67
170.17
171.89
172.56
166.64
177.55
167.67
174.64
171.27
170.81
172.28
165.94
177.05
168.77
173.30
172.50
169.56
176.41
167.33
176.11
168.38
170.81
173.64
166.97
177.53
167.23
174.84
169.61
169.58
174.84
164.59
177.27
168.53
172.08
172.50
168.19
174.94
167.34
176.09
167.00
172.19
173.64
168.42
177.55
164.39
174.78
171.06
171.03
173.41
165.92
177.38
167.11
173.52
172.52
169.83
176.00
164.56
176.17
169.66
172.41
173.39
165.81
177.52
167.08
175.03
170.89
169.78
174.78
166.05
177.53
166.80
173.84
172.00
170.06
175.73
165.95
176.52
169.28
172.88
171.80
167.39
177.08
167.31
175.39
170.42
171.66
174.14
166.48
177.52
166.42
174.23
167.95
168.72
174.06
165.67
175.20
167.31
171.48
171.08
167.72
174.80
164.31
172.75
165.73
170.20
172.41
166.59
175.92
165.84
172.97
168.22
166.27
173.58
165.66
174.06
167.12
170.22
170.97
167.84
174.84
164.19
174.33
168.42
169.09
172.09
166.72
174.47
162.97
172.97
169.56
169.22
173.34
165.66
175.72
167.03
172.00
167.86
168.06
173.11
162.86
172.83
168.47
170.53
172.00
166.78
175.91
165.52
173.30
167.91
168.03
173.25
165.78
175.88
166.69
170.72
170.47
168.34
174.19
165.66
173.11
166.34
169.59
170.25
167.19
175.58
165.64
173.66
168.91
169.88
171.31
166.09
175.91
166.19
171.19
170.20
168.83
173.75
165.66
175.31
165.88
171.48
171.08
167.72
174.94
162.84
174.06
167.12
170.38
172.38
166.53
175.91
165.78
173.03
168.16
169.20
173.33
164.31
175.62
165.59
170.34
171.03
166.53
174.66
165.66
174.44
165.42
170.52
172.00
163.91
174.47
165.78
171.59
169.59
167.78
173.39
165.67
175.62
165.56
171.94
169.47
168.00
174.53
164.31
174.44
168.12
170.69
170.50
166.88
175.91
165.44
173.50
167.91
168.06
173.09
164.30
175.92
165.22
170.50
168.75
166.78
172.50
164.06
171.81
164.81
169.53
168.53
162.55
174.03
164.03
171.89
167.38
166.73
171.17
164.34
174.28
161.41
170.38
165.39
167.30
171.94
162.69
173.75
165.53
169.97
168.03
166.31
171.72
162.67
172.58
164.03
168.62
170.66
164.88
174.30
162.80
169.88
160.91
168.84
170.44
165.17
174.30
164.03
171.62
166.28
167.78
171.50
164.06
174.25
163.62
170.48
169.00
166.77
169.81
164.03
173.09
166.19
169.34
169.91
164.16
173.78
164.00
170.62
167.34
168.33
171.14
164.50
174.25
163.41
171.00
168.34
165.66
172.25
162.62
173.67
165.88
169.91
169.36
166.12
173.06
164.00
172.72
165.28
168.84
170.66
165.09
174.28
163.92
171.58
167.62
167.92
171.41
162.67
174.30
165.20
170.56
168.70
166.83
172.41
162.72
170.34
166.23
169.33
169.92
163.95
173.86
164.06
172.12
167.12
168.39
170.89
164.61
174.31
163.02
171.08
168.39
167.38
171.92
164.02
173.86
165.41
170.11
169.16
164.94
171.66
164.03
171.25
166.88
168.89
170.38
160.88
174.28
164.12
171.41
167.84
167.64
171.64
162.66
174.12
163.83
168.52
167.25
164.58
168.38
162.39
167.69
163.95
165.06
169.22
162.64
172.22
161.83
168.58
167.00
164.88
170.91
162.47
169.41
163.56
166.97
168.66
163.16
172.23
161.27
169.19
166.44
163.97
170.33
161.05
169.89
164.42
167.61
168.20
163.67
172.23
162.09
168.31
165.97
164.48
169.81
162.38
170.45
162.52
167.92
167.95
164.12
171.45
161.06
170.11
165.48
164.92
169.39
162.48
170.80
160.72
166.91
166.06
164.38
169.91
162.41
170.34
165.48
166.58
169.03
159.97
170.84
163.22
168.62
167.00
163.45
170.83
161.06
170.75
164.88
166.97
168.86
161.81
172.22
162.64
167.78
166.52
165.33
170.28
161.05
171.34
164.30
167.58
168.27
160.80
172.27
162.28
169.66
164.64
165.80
169.81
161.03
171.81
162.52
167.94
167.64
161.38
171.62
161.00
170.00
164.42
166.25
169.52
162.34
172.23
162.08
168.34
167.28
163.14
171.16
161.05
169.06
165.22
166.64
169.20
162.83
172.23
161.61
167.39
166.91
162.16
170.81
161.06
170.77
164.84
167.00
168.61
161.81
172.22
161.36
169.27
166.55
163.94
170.34
162.36
171.36
162.97
167.48
166.19
161.97
170.58
160.58
168.20
162.69
162.88
168.16
159.41
170.19
162.16
166.42
165.92
158.44
169.97
159.44
168.36
163.97
164.64
167.91
160.83
170.59
161.67
166.88
165.48
161.70
168.00
159.42
168.92
162.08
163.70
167.36
159.80
170.59
161.56
167.22
165.16
163.42
167.61
159.42
169.33
163.00
164.16
165.58
160.20
170.59
160.97
167.59
164.97
162.41
168.62
160.73
169.81
159.89
164.47
166.58
162.00
170.58
159.19
167.97
164.36
164.30
168.25
159.45
170.19
162.14
162.22
164.88
160.94
170.09
158.06
168.22
164.17
162.95
168.09
160.72
170.36
160.67
165.09
165.94
162.62
169.88
160.77
168.73
163.66
164.91
166.09
161.09
170.56
160.11
165.67
165.36
163.20
169.34
159.23
169.30
163.25
165.42
166.92
160.23
170.58
158.34
166.05
164.98
162.19
168.83
159.42
169.50
161.53
165.64
166.83
161.97
169.03
158.02
167.77
163.50
163.83
167.20
160.73
169.81
161.22
164.55
166.48
162.09
170.23
160.73
166.75
162.97
164.22
168.36
160.73
170.30
162.03
162.33
166.09
162.48
169.84
160.73
167.16
162.56
164.61
167.73
159.45
170.58
159.06
162.66
164.09
160.64
168.69
156.16
168.84
157.89
163.81
165.45
157.64
170.58
155.97
167.17
160.83
160.88
167.12
156.19
170.36
157.64
164.08
164.06
159.12
168.94
156.19
168.72
160.58
162.55
165.45
156.23
169.22
156.12
166.97
162.33
160.77
167.23
157.48
170.38
158.97
165.75
163.69
160.83
168.45
156.19
167.36
160.23
164.28
163.72
158.00
170.09
157.48
167.72
161.67
161.45
166.55
157.94
169.19
157.06
166.06
161.94
158.36
167.06
157.48
169.17
158.83
164.27
165.03
159.61
169.89
157.44
167.83
161.48
163.03
164.97
158.16
170.56
158.03
166.61
162.89
161.72
167.58
153.58
169.72
159.58
164.94
163.06
158.66
169.34
157.45
168.28
161.06
163.62
165.84
157.31
170.58
153.64
166.69
162.67
161.81
167.45
157.48
170.16
156.55
163.78
160.38
158.53
169.47
156.17
168.06
161.23
163.25
164.75
156.97
170.59
151.47
166.06
163.22
161.28
168.00
157.47
168.22
160.00
163.28
164.72
159.84
168.16
153.53
166.25
161.84
161.45
166.55
157.95
169.17
157.06
166.06
163.20
159.89
168.11
157.48
167.58
159.41
163.27
162.19
159.19
161.86
157.47
166.77
157.17
163.17
162.06
158.27
165.67
156.16
162.67
158.69
160.28
163.69
156.66
166.89
157.84
162.48
161.67
158.77
165.20
157.45
166.06
159.17
162.53
162.70
157.59
166.34
156.16
164.75
159.23
161.25
162.88
156.12
166.94
157.06
163.27
161.97
155.67
165.69
154.89
163.83
160.12
160.30
163.64
158.06
165.50
157.84
163.88
161.34
158.97
165.00
154.88
166.00
157.94
161.03
163.03
157.36
165.33
156.02
164.56
158.12
160.91
163.25
156.03
166.64
158.70
163.00
162.25
159.47
165.77
154.84
165.25
158.72
161.59
163.72
158.22
165.33
156.64
163.89
161.41
158.94
165.00
154.64
164.66
159.28
159.69
161.69
158.66
166.55
157.48
164.55
159.39
159.58
164.39
157.52
166.92
158.44
160.55
162.09
159.59
165.64
154.89
165.33
159.91
161.81
162.12
155.47
166.89
156.47
163.88
161.36
160.44
165.00
157.47
166.25
157.69
157.75
159.08
158.77
164.73
157.42
163.61
159.80
159.38
160.14
157.69
165.25
155.31
159.83
160.97
158.20
163.88
157.45
164.44
159.00
160.17
160.62
157.23
165.00
154.69
163.42
158.83
159.03
161.80
156.09
163.77
158.41
162.34
157.06
159.42
164.08
156.17
164.17
159.19
161.33
162.05
154.44
163.92
156.05
163.12
158.94
160.25
159.28
156.16
164.94
158.44
160.73
161.36
159.17
164.30
154.80
161.27
158.25
160.95
161.56
154.91
165.23
157.69
162.84
160.73
160.03
163.34
157.45
163.61
155.91
161.95
161.41
157.77
163.03
156.17
162.50
158.30
160.89
162.50
156.69
165.25
157.61
161.56
160.73
157.09
160.91
157.47
164.77
157.47
161.88
157.48
158.88
164.72
157.44
163.75
159.62
160.91
161.17
156.66
165.23
157.66
158.81
159.39
158.45
161.09
157.45
164.53
158.83
161.64
160.44
157.45
162.09
157.45
163.55
160.02
157.81
162.44
155.69
162.25
155.92
160.86
155.86
154.08
161.09
155.42
162.58
155.88
158.27
160.22
155.19
160.95
153.91
161.50
158.27
158.47
161.27
155.50
163.59
156.16
160.81
159.05
156.39
160.81
155.41
160.11
155.81
158.28
160.19
153.86
163.61
155.16
160.27
156.64
158.56
161.17
152.88
163.59
154.88
159.23
157.95
156.11
161.11
155.41
161.19
156.03
158.05
160.42
156.44
163.67
152.55
161.55
158.36
158.39
161.33
155.45
162.27
156.16
159.27
159.22
156.19
161.70
152.19
161.14
157.34
156.70
159.23
156.19
162.28
154.14
161.27
158.53
155.53
161.69
152.78
163.22
156.69
158.81
159.72
155.84
162.62
155.41
162.31
155.41
157.36
159.33
156.08
162.28
153.00
161.05
158.69
154.06
161.86
155.41
161.77
156.72
160.03
157.16
155.58
161.64
155.39
162.00
157.77
159.14
159.52
154.58
162.11
155.95
161.00
157.47
157.94
161.81
154.12
161.77
154.47
157.17
157.12
155.53
161.27
151.69
160.34
156.47
157.50
156.80
153.20
161.97
154.66
159.55
157.38
153.97
160.34
154.17
161.44
154.14
158.50
157.03
155.62
158.70
151.64
160.30
155.25
156.08
159.50
154.45
162.00
154.58
159.56
156.17
153.66
159.28
152.80
161.30
155.73
158.38
158.44
154.22
160.06
154.17
159.08
155.27
157.39
159.41
153.23
161.97
152.00
158.00
157.56
156.41
160.62
154.17
161.36
154.61
157.19
155.84
152.83
160.20
151.52
160.25
155.47
157.19
159.64
151.70
161.97
154.78
159.17
157.67
156.33
159.22
151.66
159.77
155.80
155.53
157.52
155.16
161.64
154.20
158.77
155.58
155.73
158.58
152.77
160.66
151.20
158.78
156.80
155.88
161.16
150.17
160.62
156.30
156.36
159.31
153.59
159.09
154.52
158.08
157.17
155.50
158.81
152.92
161.56
155.25
158.72
158.06
153.25
161.08
151.67
160.58
156.22
157.75
158.73
153.27
160.33
151.23
156.86
152.97
155.11
157.17
151.30
159.94
148.48
156.97
155.48
153.91
159.61
152.55
158.88
153.44
153.33
156.48
153.00
159.00
151.58
156.52
154.53
154.86
156.19
148.81
159.45
152.84
155.25
157.03
153.66
159.89
152.55
157.28
153.75
153.03
153.03
152.56
160.19
153.36
157.36
156.25
154.66
157.70
148.58
159.39
153.14
156.38
155.91
153.47
160.34
149.77
157.00
155.31
155.39
158.16
150.03
160.22
153.34
156.03
155.00
154.38
159.28
148.69
157.84
154.44
154.94
156.12
151.97
160.31
152.62
158.28
155.41
155.31
156.97
152.53
158.91
153.41
157.28
156.25
154.47
157.91
152.56
157.97
154.44
152.28
156.06
153.44
160.38
149.81
158.28
155.44
155.31
158.22
151.28
158.91
153.41
156.00
156.28
154.41
157.91
151.28
159.22
154.44
156.50
155.91
150.70
160.36
149.81
156.88
154.22
155.31
157.16
152.53
158.78
150.78
150.12
153.66
150.97
156.50
146.81
154.75
151.50
151.69
154.53
149.94
156.16
145.75
154.88
151.38
150.50
154.50
148.06
156.78
148.22
153.69
153.75
148.12
156.92
149.23
155.78
150.47
151.41
152.38
149.53
157.44
148.53
154.69
152.97
148.94
154.81
148.34
156.69
150.78
153.66
153.78
148.12
155.69
148.03
153.06
151.94
151.22
155.03
144.38
154.59
150.44
154.25
151.97
148.42
155.12
149.25
153.69
150.12
153.06
154.38
150.09
157.44
147.97
155.22
152.22
152.28
154.09
146.69
154.66
150.38
148.88
152.09
152.34
155.12
144.38
156.00
150.22
154.25
152.00
151.16
156.28
149.28
155.09
148.72
151.88
153.12
150.06
154.88
149.34
152.56
152.44
152.00
155.50
149.28
155.88
150.50
152.88
153.34
151.12
155.12
148.03
156.19
147.62
152.97
154.47
147.44
157.47
148.16
152.44
152.59
151.88
155.56
149.25
157.09
150.44
154.22
151.59
150.09
155.09
148.03
156.00
149.16
151.22
153.97
145.12
156.16
148.31
154.66
151.72
144.78
155.56
148.03
156.81
149.59
153.38
151.78
148.59
156.59
148.03
155.81
150.78
152.34
154.06
148.88
154.94
145.72
154.66
151.72
149.94
155.25
148.03
157.12
146.84
150.97
153.00
148.66
155.31
146.81
154.41
150.78
152.22
154.38
147.47
156.06
147.28
153.12
152.03
151.00
155.41
146.81
156.88
148.31
153.38
150.59
147.22
156.75
146.81
155.55
150.86
152.09
151.88
148.50
156.16
148.53
151.84
150.94
150.75
155.84
144.19
156.50
150.03
153.16
153.31
148.34
155.62
146.81
155.38
151.03
151.94
153.22
144.59
157.45
147.55
154.12
152.28
149.38
155.78
148.03
156.59
150.00
153.16
152.03
149.62
156.75
144.41
155.41
151.00
151.94
154.44
145.94
156.19
146.25
152.84
152.34
149.31
153.44
148.03
156.38
150.03
152.91
152.28
149.38
157.20
145.11
149.41
147.12
148.44
153.03
146.31
153.87
146.19
150.62
149.66
148.66
154.09
146.41
154.25
148.38
151.00
151.66
143.88
154.16
146.22
153.12
149.53
148.56
151.70
144.00
155.27
146.19
150.62
150.89
147.20
154.39
146.38
154.20
146.06
149.47
149.56
145.91
155.45
145.55
152.91
149.77
148.33
153.12
145.19
153.91
142.75
151.52
151.16
146.97
153.30
146.38
151.30
146.58
148.97
152.48
146.88
154.12
145.64
151.17
150.30
149.06
153.58
144.00
150.86
147.00
151.09
149.16
147.66
152.88
146.12
153.23
148.23
149.84
152.78
146.59
155.47
145.97
152.25
148.00
147.47
152.81
145.06
152.94
147.34
149.53
152.03
147.50
155.41
144.95
153.14
149.50
148.59
152.84
145.22
155.42
143.64
151.91
150.70
146.11
153.00
145.19
152.78
148.66
150.72
152.03
147.52
154.00
146.42
153.09
149.56
147.25
150.61
146.39
155.23
142.52
151.77
148.52
148.03
150.42
145.03
152.61
148.39
147.30
149.91
147.09
153.77
146.33
151.81
148.95
149.23
151.58
144.06
153.77
145.75
149.91
149.75
147.19
152.55
146.39
151.94
146.45
146.48
150.73
147.64
153.14
145.22
152.33
146.06
149.58
148.81
146.86
153.75
146.58
149.09
146.91
147.48
152.12
145.17
153.38
147.42
149.52
148.88
148.03
152.78
146.41
150.23
145.73
149.91
150.97
147.42
152.36
146.34
150.73
146.44
147.83
151.78
142.55
152.48
147.25
151.14
148.58
148.31
150.08
143.80
152.94
144.04
148.84
149.58
147.48
152.33
146.34
152.06
148.72
149.45
151.34
146.81
152.52
146.66
150.25
148.16
146.23
150.97
144.00
153.22
147.55
148.36
148.83
147.84
153.00
145.16
152.50
148.50
148.62
150.97
145.94
153.77
146.27
149.41
149.00
147.91
151.69
146.48
153.77
145.72
148.67
149.73
148.44
151.16
145.19
151.81
147.84
150.50
148.58
139.69
151.00
144.73
150.78
146.03
147.94
150.22
145.20
152.52
145.03
148.94
147.84
144.89
150.73
143.56
150.94
145.84
149.38
147.42
144.06
150.36
144.75
151.38
145.42
147.28
149.52
143.23
151.28
143.48
149.23
146.39
146.31
149.30
144.67
152.55
145.69
149.73
144.55
146.84
150.12
143.45
150.30
146.61
148.81
146.80
145.91
150.91
144.73
148.39
144.84
146.58
150.22
145.03
152.53
145.19
150.03
146.91
147.28
150.88
142.19
152.17
146.03
149.39
146.22
146.48
151.48
144.75
151.53
145.27
148.70
148.06
145.88
152.16
142.34
150.77
147.36
146.67
148.33
141.84
152.53
145.33
150.05
148.06
147.19
150.81
144.25
149.55
146.30
150.50
140.03
151.00
145.78
146.94
149.88
144.09
152.52
144.89
150.41
146.59
146.17
150.64
144.75
146.75
143.56
148.28
144.75
150.14
145.48
147.25
144.81
144.09
151.16
145.12
150.28
146.73
145.11
146.09
143.03
147.66
141.28
146.62
145.75
144.58
147.88
140.70
146.97
143.06
144.84
144.05
143.86
148.53
143.12
146.31
145.06
142.84
147.20
143.34
147.64
139.56
146.94
145.47
144.88
146.33
143.09
148.45
143.94
146.47
146.05
141.86
146.84
143.16
148.09
141.97
145.97
146.56
141.38
148.88
140.84
147.70
144.78
144.31
147.09
139.62
148.83
141.00
146.91
145.56
145.00
145.06
143.12
147.36
143.89
145.22
144.83
138.00
148.36
143.09
147.77
144.81
141.86
145.66
143.55
148.88
140.73
145.84
145.53
145.00
147.41
143.09
146.22
141.50
144.22
145.72
143.41
148.00
143.12
148.25
144.11
145.03
145.03
144.08
148.28
141.94
147.75
144.61
144.52
146.77
142.78
147.23
143.19
146.97
141.42
143.83
146.23
143.06
148.80
143.81
145.39
144.64
143.25
146.78
143.12
148.09
144.28
146.06
141.64
143.83
147.62
141.69
147.44
143.91
144.00
144.41
141.81
145.22
141.69
144.53
142.75
143.50
142.58
140.33
147.31
142.25
144.00
144.56
139.25
146.69
135.67
144.27
141.86
144.36
145.22
142.23
147.33
141.47
146.27
143.45
142.88
145.58
141.95
147.59
140.31
143.53
142.58
143.64
143.61
140.33
146.31
140.94
145.30
144.27
143.16
146.39
138.02
147.05
140.20
142.44
143.69
142.53
145.88
140.31
146.47
141.94
144.28
144.11
140.92
147.59
140.22
144.81
142.45
143.80
145.81
141.75
143.84
141.92
144.31
140.64
142.02
146.39
141.47
147.19
141.27
145.11
142.16
142.91
146.78
141.47
146.81
140.47
143.38
145.03
141.19
146.06
141.44
146.38
142.06
144.16
145.41
142.08
147.66
140.10
146.05
141.19
142.64
145.77
141.69
147.59
140.61
144.44
143.95
142.28
139.22
140.16
144.62
142.77
144.88
144.69
140.34
146.89
141.47
146.69
142.89
143.36
141.59
142.23
147.33
139.81
144.30
141.64
142.39
143.50
136.64
145.62
139.97
143.97
138.44
141.83
141.70
139.83
142.95
140.59
142.22
141.31
141.33
143.36
138.69
143.80
140.89
142.94
142.88
139.78
143.75
139.84
142.25
140.16
142.50
143.31
140.53
145.56
139.75
144.28
140.41
141.06
143.62
140.19
145.59
137.56
141.50
142.06
141.80
144.03
139.80
145.58
137.97
143.50
141.20
140.25
143.33
139.84
143.83
140.97
140.55
141.81
139.67
