1.29
131.59
186.78
181.83
184.80
186.00
181.50
189.47
179.59
188.61
182.16
184.69
186.00
181.55
189.42
179.69
188.83
181.94
186.06
182.25
185.16
180.45
186.72
178.98
187.19
183.55
184.00
187.02
180.39
190.22
179.73
187.55
183.16
184.00
187.02
180.62
190.30
179.48
185.91
182.81
184.41
186.50
180.86
190.23
179.53
187.97
182.73
184.55
186.25
180.97
189.80
179.70
188.30
182.44
184.91
186.00
181.27
189.48
179.61
188.44
182.47
185.03
185.81
181.45
189.30
179.61
188.62
182.00
185.41
185.72
181.72
188.92
179.70
188.70
182.00
185.39
185.61
181.95
188.64
179.80
189.14
181.47
185.59
185.33
182.11
188.80
179.70
189.31
181.39
185.77
185.03
182.36
188.44
179.66
189.67
181.19
186.12
184.66
182.47
188.23
179.66
189.75
181.23
186.31
184.45
182.77
188.00
179.59
190.00
180.75
186.62
184.38
183.06
187.59
179.59
190.23
180.62
186.73
184.20
183.33
187.28
179.83
190.41
180.33
186.92
183.81
183.48
187.52
180.00
190.27
180.11
187.16
183.56
183.72
187.12
180.38
190.30
179.88
187.22
183.53
183.86
186.44
179.28
189.52
178.56
186.81
181.83
183.28
185.39
179.80
188.81
178.42
187.48
181.39
183.83
184.84
180.31
188.20
178.41
188.00
180.92
184.47
184.20
180.94
187.77
178.39
188.42
180.23
184.91
183.81
181.53
187.30
178.34
188.83
179.77
185.52
183.23
182.14
186.67
178.44
189.52
179.11
186.00
182.66
182.48
186.41
179.02
189.44
178.56
186.58
182.00
183.12
185.61
179.50
189.56
178.20
187.12
181.53
183.58
184.89
180.11
188.66
178.34
187.77
181.06
184.14
184.50
180.53
188.00
178.50
188.20
180.70
184.59
184.00
181.19
187.52
178.36
188.70
180.00
185.39
183.47
181.61
187.05
178.38
187.36
179.34
185.77
183.19
182.28
186.30
178.83
189.41
178.86
186.33
182.33
182.88
186.00
179.31
189.45
178.25
186.83
181.77
183.41
185.45
179.97
188.73
178.44
187.41
181.22
183.92
184.73
180.38
188.52
178.38
187.95
180.69
184.47
184.11
181.03
187.70
175.50
189.41
178.59
186.55
182.08
183.08
185.58
179.66
189.45
178.20
187.06
181.53
183.64
184.94
180.00
188.86
178.47
187.70
180.97
184.00
184.69
180.61
187.97
177.52
186.94
179.89
183.42
182.97
180.00
186.73
177.50
187.16
179.47
183.83
182.92
180.20
186.19
177.72
187.34
179.17
183.77
183.09
180.38
186.19
177.55
187.53
178.98
184.09
182.42
180.77
186.09
177.53
187.78
178.80
184.31
182.25
180.77
185.94
177.53
188.00
178.64
184.56
182.03
181.00
185.53
177.56
188.23
178.44
184.88
181.83
181.19
185.34
177.77
188.23
178.19
185.11
181.47
181.66
185.05
178.00
188.17
177.92
185.20
181.61
181.72
184.67
178.41
188.12
177.70
185.42
181.19
182.00
184.81
178.34
188.23
177.53
185.56
180.91
182.17
184.59
178.77
188.12
177.33
185.83
180.72
182.23
184.23
178.94
187.97
177.50
186.11
180.47
182.59
183.95
179.11
187.36
177.66
186.52
180.30
182.77
183.75
178.78
185.52
177.53
184.42
179.64
182.89
182.53
179.47
187.17
177.53
186.72
179.88
183.23
183.47
179.81
186.83
177.36
187.11
179.64
183.25
183.42
180.09
186.48
177.66
187.14
179.20
183.89
182.86
180.20
186.61
177.58
187.39
179.12
182.13
182.62
180.41
186.16
177.61
187.59
179.14
184.12
182.45
180.52
185.77
176.23
186.72
177.75
183.11
180.98
179.61
184.47
176.34
186.78
177.33
183.38
180.95
179.86
184.25
176.23
187.11
176.89
183.72
180.69
180.12
184.00
176.69
186.78
177.05
183.75
180.34
180.28
184.05
176.77
187.06
176.59
184.00
180.11
180.47
183.53
177.30
186.94
176.52
184.20
179.92
180.73
183.34
177.28
186.94
176.44
184.39
179.72
180.92
183.17
177.48
186.59
176.34
184.72
179.58
181.23
182.94
177.53
186.56
176.31
184.89
179.33
181.55
182.69
177.91
186.19
176.23
185.19
178.92
181.66
182.75
178.12
185.94
176.38
185.16
178.88
181.88
182.25
178.52
185.86
176.28
185.56
178.55
182.05
182.08
178.58
185.53
176.53
185.70
178.41
182.23
181.88
178.81
185.28
176.34
186.00
178.30
182.52
176.00
180.53
183.70
176.95
186.81
176.75
184.30
179.95
180.66
183.42
177.16
187.02
176.23
184.33
180.00
180.89
183.19
177.47
186.88
176.00
184.72
179.52
181.19
183.14
177.61
186.47
176.38
184.75
179.33
181.31
182.97
177.88
186.28
176.23
185.11
178.89
181.72
182.52
178.00
186.41
176.33
185.03
179.06
181.73
181.67
176.67
184.27
174.59
184.00
177.25
180.16
180.59
176.75
184.36
174.66
183.64
177.56
180.03
180.89
176.34
184.56
174.69
183.55
177.38
180.06
181.09
176.33
184.58
174.70
183.47
177.36
179.89
181.28
176.39
184.44
173.14
183.36
177.53
179.80
181.14
176.17
184.94
174.72
183.28
177.67
179.72
181.20
176.12
184.83
174.64
183.41
177.77
179.62
181.20
176.00
185.00
174.66
183.14
178.08
179.53
181.36
175.95
184.98
174.66
183.05
177.83
179.66
181.59
175.88
185.34
174.39
182.91
178.00
179.36
181.73
175.88
185.27
174.52
182.91
178.00
179.34
181.53
175.70
185.48
174.75
182.78
178.16
179.12
181.70
175.66
185.39
174.72
182.88
178.22
178.91
182.00
175.56
185.31
174.73
182.62
178.52
179.06
181.84
175.52
185.30
174.81
182.53
178.42
179.05
182.12
175.34
185.25
175.00
182.41
178.48
178.91
182.20
175.23
185.48
174.98
182.36
178.55
178.80
182.12
175.19
185.38
175.31
182.23
178.69
178.67
182.23
175.12
185.34
175.19
182.34
178.77
178.61
182.28
175.06
185.28
175.25
182.17
179.05
178.55
182.36
174.92
185.36
173.83
180.52
177.58
176.89
181.30
173.25
183.95
174.16
180.12
177.92
176.36
181.95
173.08
183.61
174.55
179.75
178.33
175.92
182.22
172.83
183.41
175.12
179.36
178.75
175.36
182.75
173.06
182.72
175.47
179.09
179.14
175.17
182.83
173.17
182.36
175.72
178.52
179.81
174.72
183.36
173.14
181.97
176.12
178.16
179.94
174.44
184.16
172.72
181.47
176.70
177.77
180.36
173.92
184.09
173.16
181.36
176.88
177.42
180.75
173.48
184.11
173.56
180.67
177.66
176.98
181.12
173.12
184.16
173.94
180.34
177.80
176.64
181.66
173.06
183.75
172.60
179.92
178.19
176.12
182.19
173.02
183.42
174.58
179.66
178.58
175.53
182.61
173.05
183.11
175.12
179.23
178.88
175.41
182.59
173.22
182.55
175.80
178.67
179.42
174.95
183.20
173.03
182.12
176.00
178.36
179.95
174.53
183.59
173.00
181.59
176.53
177.94
180.30
174.20
184.16
172.88
181.41
176.59
177.66
180.58
173.66
184.11
173.66
180.95
177.16
177.14
180.98
173.30
184.09
173.75
180.69
177.64
176.64
181.48
173.05
183.94
174.19
180.11
178.17
176.34
181.81
172.91
183.66
173.56
178.27
176.92
174.56
180.84
171.84
181.56
173.61
177.89
177.28
174.23
181.05
171.84
181.28
174.06
177.42
177.77
173.75
181.47
171.78
180.75
174.59
177.19
178.09
173.38
181.81
171.77
180.42
174.83
176.75
178.67
172.98
182.34
171.66
180.00
175.20
176.31
179.06
172.66
182.48
171.88
179.64
175.59
175.89
179.28
172.11
182.66
172.47
179.11
176.00
175.58
179.67
171.88
182.45
172.80
178.95
176.33
175.20
180.03
171.84
182.09
172.94
178.53
177.03
174.67
180.53
171.77
181.70
173.53
178.05
177.16
174.44
180.83
171.77
181.48
173.92
177.66
177.47
174.00
181.36
171.88
181.00
174.20
177.27
177.77
173.77
181.59
171.81
180.59
174.84
176.88
178.33
173.16
182.00
171.86
180.14
175.03
176.72
178.69
172.83
182.42
171.75
179.59
175.61
176.11
179.31
172.38
182.48
172.11
179.41
175.84
175.69
179.47
172.12
182.53
172.59
179.00
174.43
175.17
180.00
171.81
182.19
173.25
178.64
176.58
174.94
180.25
171.83
181.86
173.31
178.25
177.09
174.61
179.80
171.48
181.59
173.69
177.80
177.44
174.31
181.09
171.80
181.11
173.09
176.00
176.19
172.53
180.08
170.56
179.06
173.17
175.64
176.67
172.09
180.19
170.61
178.88
173.61
175.14
177.11
171.70
180.84
170.11
178.61
174.11
174.84
177.42
171.25
180.89
170.69
178.08
174.11
174.64
177.97
170.95
180.84
171.08
177.64
174.59
174.09
178.19
170.84
180.81
171.44
177.31
174.94
173.78
178.53
170.58
180.45
172.06
176.91
175.33
173.25
179.06
170.52
180.08
172.11
176.84
175.80
173.02
179.27
170.56
179.69
172.59
176.12
176.34
172.66
179.66
170.58
179.34
172.94
175.77
176.48
172.23
180.11
170.75
178.97
173.33
175.36
176.89
171.88
180.48
170.58
178.75
173.70
175.03
177.23
171.45
180.84
170.56
178.19
174.23
174.72
177.59
171.11
180.86
170.89
177.84
174.47
174.28
178.00
170.95
180.81
171.28
177.47
174.83
173.91
178.56
170.59
180.64
171.64
177.08
175.19
173.56
178.73
170.56
180.19
170.95
176.70
175.56
173.19
179.08
170.52
179.89
172.58
176.45
175.92
172.81
179.47
170.55
179.55
172.67
176.00
176.58
172.45
179.83
170.59
179.12
173.16
175.55
176.72
172.11
180.41
170.55
178.72
172.33
173.58
175.64
169.73
179.05
169.48
176.19
172.88
172.55
176.58
168.92
179.03
170.05
175.38
174.00
171.55
177.41
169.05
178.08
169.18
174.47
174.88
170.66
178.59
168.89
177.16
171.95
173.41
175.67
169.67
179.20
169.34
176.11
173.05
172.44
176.52
169.09
178.91
170.23
175.31
173.94
171.50
177.61
168.95
177.94
171.16
174.20
175.05
170.58
178.58
168.95
176.98
172.11
173.14
175.77
169.77
179.22
169.48
176.05
173.03
172.27
176.83
168.94
178.83
170.39
175.20
174.00
171.34
177.75
168.91
177.89
171.23
174.12
175.22
170.38
178.70
168.92
176.94
172.17
173.17
175.94
169.55
179.25
169.47
175.94
173.11
172.23
176.89
168.88
178.80
170.61
175.00
174.06
171.20
177.91
168.94
177.72
171.39
174.05
175.28
170.27
178.78
168.98
176.78
172.23
173.12
176.17
169.39
179.20
169.55
175.81
173.27
172.08
177.03
168.92
178.62
170.72
174.86
174.23
171.02
178.00
168.98
177.66
171.36
174.23
175.20
170.19
179.17
168.64
176.56
172.55
171.45
176.23
169.34
179.22
169.69
175.52
173.62
171.88
177.19
168.98
178.33
170.98
174.69
173.67
169.34
176.48
167.31
175.75
170.00
172.25
173.75
168.45
177.55
167.20
174.80
171.02
171.16
174.81
167.47
177.55
168.22
173.78
172.00
170.17
175.59
167.39
176.61
169.39
172.84
173.02
169.20
176.59
167.19
175.77
170.23
172.00
174.00
168.25
177.52
167.34
174.66
171.12
170.88
175.17
167.31
177.52
168.23
173.77
172.00
170.00
175.89
167.36
176.64
169.41
172.70
173.12
169.11
176.69
167.31
175.58
170.42
171.77
174.00
168.23
175.77
167.45
174.59
171.17
170.91
175.19
167.16
177.58
168.19
173.89
172.11
169.89
176.00
167.33
176.59
169.36
172.72
173.09
169.02
176.80
167.20
175.62
170.38
171.89
174.00
168.11
177.50
167.58
174.55
171.27
170.92
175.14
167.28
177.34
168.42
173.67
172.22
169.78
176.14
167.41
176.36
169.47
172.62
173.17
168.92
176.92
167.20
175.55
170.56
171.67
174.14
167.95
177.58
167.61
174.44
171.45
170.83
175.12
167.20
177.34
168.55
173.55
172.33
169.73
176.31
167.27
176.31
169.53
172.52
173.31
168.75
177.05
167.34
175.41
170.59
171.55
174.23
167.83
177.58
167.77
174.33
171.67
170.66
174.80
165.70
175.50
167.09
171.70
170.83
168.05
174.72
165.61
174.50
168.00
170.89
171.75
167.03
175.58
165.70
173.64
168.98
169.86
172.56
166.23
175.77
166.30
172.66
170.12
168.92
173.62
165.67
175.39
167.12
171.69
170.80
168.12
174.75
165.62
174.45
168.09
170.66
171.89
166.95
175.80
165.66
173.52
169.08
169.70
172.80
166.00
175.91
166.33
172.38
170.30
168.88
173.75
165.67
175.22
167.31
171.52
171.12
167.91
174.75
165.58
174.42
168.22
170.58
171.95
166.83
175.89
165.73
173.36
169.02
169.77
172.92
165.83
175.95
166.45
172.52
170.23
168.62
173.70
165.81
175.23
167.36
171.41
171.36
167.72
174.78
165.67
174.23
168.31
170.52
172.06
166.78
175.92
165.72
173.11
169.44
169.52
172.94
165.88
174.16
166.62
172.39
170.27
168.55
173.94
165.69
174.88
167.67
171.34
171.39
167.59
174.98
165.66
174.11
168.44
170.39
172.09
166.84
175.95
165.53
173.30
169.39
169.31
173.25
165.67
175.92
166.83
172.14
170.19
168.64
174.11
165.66
174.98
167.56
171.28
171.44
167.52
175.05
165.66
174.00
168.58
170.22
172.44
166.64
175.91
164.14
171.44
167.88
167.67
171.50
164.00
174.30
165.22
170.48
168.83
166.69
172.48
164.11
173.22
166.14
169.62
169.77
165.73
173.52
163.36
172.05
166.48
169.00
170.20
165.34
174.28
163.95
171.81
167.41
168.11
171.17
164.31
174.11
164.92
170.97
168.41
167.14
172.19
164.00
173.62
162.75
171.50
167.75
167.77
171.50
164.00
174.33
165.05
170.70
168.70
166.70
172.52
164.08
173.30
165.92
169.62
169.91
165.84
173.41
164.00
172.39
166.91
168.62
170.67
165.05
174.28
164.12
171.36
167.89
167.69
171.61
162.81
174.30
165.33
170.38
168.89
166.73
172.38
164.00
173.39
166.05
169.58
169.91
165.77
173.31
164.23
172.23
167.03
168.50
170.89
164.88
174.23
164.23
171.34
167.92
167.58
171.72
164.00
174.12
165.38
170.34
168.94
166.42
172.84
164.00
173.05
166.11
169.67
169.95
165.62
173.59
164.05
172.12
166.98
168.59
171.03
164.67
174.30
164.33
171.08
168.00
167.67
171.77
164.00
174.14
165.38
170.23
169.05
166.52
172.75
164.00
173.02
166.44
169.34
169.94
165.58
173.69
164.00
172.12
167.17
168.36
170.66
162.83
172.25
162.92
167.20
166.75
165.08
170.61
162.38
171.34
164.41
167.44
168.20
163.62
172.23
162.14
169.70
166.09
165.95
169.66
162.39
172.00
163.61
168.22
167.38
164.62
171.25
162.23
170.69
165.08
166.75
168.88
162.91
172.30
163.03
169.02
166.61
165.27
170.33
162.41
171.27
164.33
167.56
168.28
163.78
171.83
162.39
169.83
165.78
166.00
169.70
162.41
172.23
163.36
168.47
167.30
164.53
171.09
162.38
170.64
165.17
166.89
168.72
163.11
172.22
162.67
169.11
166.55
165.45
170.34
162.38
171.45
164.17
167.66
167.94
163.77
172.00
162.52
169.95
165.53
166.30
169.38
162.33
172.30
163.38
168.62
167.28
164.66
170.95
162.31
170.80
164.89
166.81
168.92
163.31
172.23
162.55
169.28
166.34
165.36
170.23
162.41
171.36
164.47
167.77
167.77
164.00
171.67
162.33
170.00
165.77
166.23
169.50
162.50
172.30
163.20
168.50
167.16
164.84
171.02
162.38
170.91
164.72
166.98
168.59
163.30
172.11
162.59
169.41
166.47
165.53
170.00
162.41
171.59
164.00
168.00
167.81
164.19
171.50
162.39
170.11
165.50
166.39
168.80
160.98
170.62
161.70
167.08
165.22
163.33
169.03
160.73
169.38
163.05
165.77
166.73
161.69
170.70
160.69
167.91
164.38
164.14
168.45
160.75
170.23
162.09
166.47
165.86
162.64
169.69
160.77
168.86
163.72
164.92
167.41
161.19
170.58
161.33
167.23
165.30
163.47
168.91
160.75
169.47
162.88
165.72
164.94
162.00
170.59
160.64
168.11
164.28
164.28
168.09
160.73
170.19
162.27
166.66
165.78
162.73
169.58
160.75
168.84
163.39
165.19
167.52
161.19
170.64
161.23
167.36
164.88
163.67
168.75
160.77
169.83
162.66
165.95
166.38
162.00
170.42
160.73
168.14
164.38
164.33
168.00
160.81
170.44
161.91
166.66
165.69
162.92
169.58
160.77
169.00
163.36
165.19
167.12
161.42
170.58
161.27
167.56
164.81
163.73
168.62
160.56
169.89
162.64
166.00
166.55
162.22
170.14
160.56
168.48
164.00
164.53
167.84
160.91
170.55
161.69
166.95
165.53
163.02
169.31
160.70
169.14
163.34
165.45
167.03
161.52
170.61
160.91
167.64
164.73
163.92
168.61
160.78
169.91
162.41
166.16
166.22
162.31
170.11
160.80
168.41
164.00
164.48
167.02
157.64
170.55
158.56
166.00
163.50
161.22
168.05
157.47
169.52
159.70
164.78
164.61
160.14
169.25
157.52
168.30
161.02
163.48
165.69
158.88
170.53
157.64
166.95
162.31
162.34
166.97
157.52
170.53
158.64
166.00
163.58
161.09
168.20
157.42
169.39
159.89
164.64
164.83
159.86
169.48
157.30
168.31
161.14
163.42
165.88
158.61
170.64
157.67
166.98
162.33
162.20
167.08
157.41
170.59
158.88
165.84
163.55
160.92
168.36
157.41
169.31
160.00
164.52
164.95
159.81
169.55
157.47
168.05
161.12
163.36
166.05
158.59
170.61
157.70
166.88
162.44
162.05
167.23
157.41
170.47
159.11
165.62
163.67
160.81
166.82
157.41
169.16
160.17
164.41
165.08
159.61
169.69
157.45
167.95
161.34
163.14
166.11
158.61
170.61
157.80
166.66
162.59
161.94
167.31
157.53
170.17
159.31
165.47
163.81
160.72
168.58
157.42
168.98
160.38
164.38
165.09
159.47
169.83
157.34
167.89
161.52
163.02
166.45
158.27
170.53
157.95
166.58
162.75
161.75
167.50
157.47
170.22
159.30
165.34
163.89
160.59
168.75
157.45
168.30
160.11
164.00
163.89
160.30
164.61
157.47
166.94
158.48
163.22
162.00
159.73
165.50
157.45
165.66
159.78
162.12
163.11
158.59
166.88
157.17
164.52
160.77
161.02
164.39
157.48
166.81
158.38
163.33
161.97
159.80
165.50
157.52
165.81
159.50
162.20
163.02
158.69
166.55
157.45
164.55
160.89
161.02
164.22
157.52
166.91
158.30
163.39
161.81
160.00
165.41
157.53
165.78
159.36
162.31
162.98
158.70
166.72
157.39
164.70
160.61
161.11
164.11
157.47
167.02
158.20
163.56
161.88
159.95
165.28
157.42
165.88
159.34
162.38
162.98
158.94
166.39
157.48
164.70
160.48
161.22
164.03
157.64
166.89
158.33
163.62
161.59
160.09
165.22
157.36
166.00
159.33
162.59
162.84
158.86
166.38
157.42
164.69
160.53
161.28
164.19
157.67
166.94
158.09
163.61
161.58
160.11
165.08
157.55
166.14
159.23
162.53
162.69
158.98
166.30
157.39
164.92
160.59
161.31
163.94
157.77
165.25
157.78
162.75
160.64
159.92
163.66
157.47
164.83
158.50
162.00
161.39
159.16
164.23
155.96
164.25
159.28
161.27
162.08
155.61
165.41
157.17
163.31
160.11
160.45
163.17
157.45
165.38
157.98
162.53
160.84
159.64
163.77
157.36
164.94
158.69
161.80
161.52
159.03
164.42
157.44
163.94
159.66
161.08
162.28
158.16
165.33
157.38
163.14
160.16
160.48
163.08
157.50
165.31
158.11
162.41
160.95
159.61
163.92
157.48
164.59
158.80
161.69
161.62
158.92
164.52
157.38
163.92
159.70
161.03
162.39
158.14
165.23
157.45
163.08
160.38
160.30
163.06
157.56
165.22
158.16
162.38
161.00
159.56
164.06
157.38
164.55
158.88
161.66
161.61
158.88
164.55
157.52
163.89
159.67
160.92
162.48
158.06
165.22
157.55
163.00
160.53
160.23
163.19
157.41
165.17
158.23
162.28
161.08
159.45
164.11
157.45
164.44
158.94
161.61
160.97
156.73
163.08
155.36
162.00
157.94
158.94
160.77
156.00
163.59
155.59
161.17
158.73
158.20
161.56
155.41
163.41
156.33
160.36
159.31
157.62
162.38
155.42
162.58
157.19
159.50
160.00
156.88
163.12
155.56
161.86
157.89
158.69
161.05
155.89
163.56
155.50
161.31
158.69
158.25
161.66
155.41
163.33
156.41
160.27
159.56
157.48
162.38
155.27
162.64
157.22
159.56
160.22
156.36
163.56
155.38
161.84
157.95
158.80
160.94
155.78
163.61
155.78
161.19
158.73
158.00
161.75
155.33
163.30
156.50
160.20
159.75
157.25
162.36
155.53
162.47
157.23
159.55
160.16
156.62
163.38
155.45
161.61
158.00
158.83
159.44
155.70
163.62
155.91
160.91
158.94
157.94
161.77
155.36
163.23
156.62
160.14
159.80
157.14
162.59
155.41
162.38
157.33
159.36
160.47
156.47
163.70
155.12
161.66
158.11
158.47
161.23
155.64
163.62
156.00
160.98
158.20
156.31
160.50
154.14
161.36
155.53
158.47
158.50
155.81
161.00
154.22
160.72
156.09
157.91
159.06
155.12
161.95
153.95
160.05
156.80
157.16
159.66
154.31
162.00
154.88
159.31
157.50
156.47
160.36
154.11
161.45
155.52
158.59
158.38
155.62
161.20
154.16
160.64
156.14
157.86
159.20
154.94
162.00
154.00
160.00
156.89
156.97
159.84
154.30
162.00
154.89
159.20
157.61
156.30
160.45
154.22
161.33
154.84
158.52
158.34
155.62
161.12
154.22
160.59
156.09
157.91
159.28
154.81
162.00
154.00
160.00
156.94
157.06
159.86
154.14
162.00
154.94
159.06
157.81
156.19
160.64
154.19
161.17
155.86
158.39
158.39
155.36
161.48
154.17
160.34
156.50
157.75
159.23
154.83
161.94
154.25
159.75
157.06
156.69
160.31
154.19
161.89
154.92
159.03
157.66
156.34
160.59
154.16
161.25
155.66
158.47
158.47
155.50
161.38
154.19
160.39
155.42
156.00
157.61
153.08
160.38
152.66
158.03
155.48
155.20
158.53
152.53
160.17
153.39
157.12
156.44
154.44
159.09
152.53
159.50
152.94
156.69
156.88
153.81
159.69
152.64
158.67
155.08
155.86
157.69
153.00
160.30
152.77
158.00
155.56
155.17
158.58
152.55
160.08
153.38
155.63
156.38
154.44
159.19
152.59
158.14
154.19
156.55
156.97
153.70
159.86
152.55
158.66
155.12
155.67
157.84
152.97
160.31
152.81
157.88
155.69
155.19
158.52
152.55
160.00
153.56
157.12
156.38
154.34
159.44
152.53
159.25
154.22
156.47
157.08
153.67
159.94
152.53
158.64
155.08
155.75
157.75
152.94
160.30
152.77
157.97
155.89
155.02
158.55
152.58
159.91
153.62
156.97
156.55
154.27
159.52
152.48
159.19
154.38
156.36
157.16
153.55
160.06
152.50
158.59
155.16
155.61
157.92
152.72
160.38
152.98
157.70
156.06
154.88
158.59
152.61
159.83
150.97
154.00
153.50
151.09
156.56
149.28
156.16
151.30
153.17
154.25
150.19
157.48
149.25
155.27
152.00
152.64
155.02
149.44
157.41
149.84
154.70
152.95
151.66
155.77
149.31
156.83
150.44
154.00
153.70
151.03
156.50
149.27
156.14
151.36
153.09
154.33
149.08
157.50
149.31
155.42
152.09
152.36
155.12
149.34
157.44
149.95
154.66
152.94
151.61
155.75
148.00
156.88
150.75
153.69
153.73
150.86
156.73
149.33
155.97
151.48
152.97
154.48
149.95
157.48
149.47
155.16
152.30
152.19
155.22
148.09
150.31
149.27
155.55
152.11
152.53
154.92
149.52
157.45
149.61
154.83
152.83
151.88
155.70
149.27
156.92
150.52
153.97
153.41
151.03
156.70
149.27
156.19
151.25
153.19
154.25
150.23
157.45
149.09
155.52
152.08
152.44
154.94
149.53
157.47
149.77
154.69
152.92
151.73
155.78
149.17
156.94
150.62
152.34
153.52
151.03
156.53
148.00
156.00
150.44
152.48
153.89
149.08
157.47
148.08
155.11
151.34
151.61
154.78
148.16
157.45
148.80
154.12
152.47
150.72
155.50
148.00
156.88
149.62
153.36
153.08
150.00
156.62
148.00
154.44
150.73
152.36
154.00
148.91
157.53
148.22
154.89
151.36
151.66
154.84
148.00
157.50
148.94
154.16
152.44
150.47
155.94
148.00
156.56
149.84
153.14
153.39
149.77
156.67
148.00
155.78
150.66
152.25
154.00
148.94
157.53
148.27
154.83
151.53
151.41
155.03
147.95
157.45
149.06
154.00
152.50
150.55
155.83
148.06
156.48
149.89
153.08
153.55
149.62
156.75
148.03
155.66
150.73
152.20
154.16
148.88
157.52
148.27
154.75
151.50
151.42
155.08
148.00
157.36
149.23
153.84
152.59
150.44
155.94
148.03
156.41
150.00
152.97
153.62
149.56
156.81
148.00
155.56
150.88
152.06
154.19
148.94
157.53
148.27
154.58
151.78
151.25
154.84
146.38
155.17
147.66
151.86
150.80
148.61
154.05
146.30
154.39
148.34
151.17
151.66
147.75
154.94
146.39
153.36
149.23
150.19
152.58
147.05
155.39
146.66
152.72
150.00
149.28
153.38
146.36
155.14
147.73
151.78
150.86
148.48
154.11
146.38
154.25
148.44
151.19
150.75
147.62
154.94
146.44
153.41
149.28
150.08
152.77
146.77
155.41
146.84
152.52
150.00
149.31
153.47
146.45
155.08
147.69
151.70
150.94
148.45
154.22
146.39
154.16
148.64
150.92
151.77
147.59
153.54
146.39
153.28
149.34
150.06
152.81
146.72
155.39
146.92
152.45
150.19
149.08
153.50
146.50
155.06
147.75
151.56
151.09
148.28
154.25
146.44
154.11
148.81
150.64
152.00
147.47
155.34
146.22
153.20
149.27
150.25
152.69
146.72
155.39
146.95
152.39
150.25
149.14
153.78
146.38
154.80
147.77
151.50
151.23
148.19
154.44
146.39
154.06
148.78
150.72
151.97
147.27
153.73
146.16
152.00
148.92
149.45
151.42
146.75
153.75
146.67
151.52
149.22
148.92
152.09
146.34
153.75
147.12
151.03
149.75
148.34
152.47
146.41
153.12
147.81
150.58
150.11
148.00
152.81
146.47
152.72
148.28
150.09
150.69
147.38
153.41
146.39
152.20
148.59
149.66
151.31
146.98
153.75
146.42
151.77
149.05
149.09
151.75
146.66
153.78
146.89
151.27
149.52
148.58
152.00
146.50
153.50
147.56
150.83
150.00
148.11
152.59
146.47
152.94
147.89
150.44
150.48
147.62
153.06
146.50
152.44
148.38
149.78
151.16
147.23
153.75
146.19
152.00
148.83
149.31
151.48
146.81
153.80
146.73
151.52
149.28
148.81
152.00
146.39
153.61
147.31
151.08
149.61
148.50
152.44
146.38
153.16
147.53
150.64
150.45
147.84
152.97
146.34
152.69
148.11
150.05
150.84
147.55
153.34
146.41
152.19
148.58
149.56
151.27
146.92
153.78
145.11
150.30
147.56
147.50
150.50
144.92
152.55
145.34
149.92
148.25
147.02
150.92
144.58
152.34
145.66
149.53
148.77
146.64
151.41
144.75
150.05
146.41
148.86
149.14
146.05
152.09
144.78
151.08
146.89
148.31
149.66
145.58
152.52
144.73
150.69
147.36
147.86
150.14
145.08
152.53
145.09
150.08
148.09
147.28
150.72
144.73
152.34
145.66
149.58
148.38
146.97
151.19
144.73
151.86
146.14
149.11
147.66
146.50
151.84
144.75
151.38
146.62
148.56
149.44
145.78
152.17
144.77
150.83
147.33
148.03
149.97
145.27
152.55
144.86
150.30
147.80
147.66
150.44
144.80
152.38
145.56
149.75
148.22
146.97
151.20
143.92
151.02
146.30
151.70
144.78
151.22
146.92
148.44
149.56
145.75
152.22
144.77
150.75
147.20
148.09
150.09
144.06
149.84
144.75
149.41
144.73
152.33
145.86
149.45
148.44
146.69
151.31
144.69
151.86
145.08
146.30
146.19
144.14
148.22
143.09
147.89
144.47
145.86
146.77
143.77
148.84
142.84
147.48
144.91
145.39
146.91
143.62
148.88
143.25
147.12
145.12
145.19
147.31
143.03
148.86
143.61
146.94
145.56
144.73
147.70
143.06
148.44
144.00
146.36
146.14
144.38
148.00
143.16
148.03
144.30
146.00
145.84
144.16
148.14
143.06
147.97
144.67
145.86
146.55
143.75
148.91
142.80
147.50
144.94
145.50
147.05
143.39
148.88
143.19
147.16
145.22
145.12
147.42
143.08
148.88
143.61
146.67
145.72
144.66
147.62
143.14
148.42
144.20
146.23
146.00
144.41
147.06
143.08
148.30
144.11
146.19
146.08
144.25
148.42
143.06
147.89
144.48
145.81
146.58
143.81
148.66
143.14
147.52
144.92
145.33
146.67
143.38
148.86
143.22
147.16
145.42
145.05
147.16
141.80
148.78
143.66
146.75
145.59
144.84
147.70
143.14
148.31
144.00
146.41
145.31
142.83
146.92
141.38
146.98
142.58
144.81
144.78
142.72
146.89
141.48
146.80
142.95
144.55
145.02
142.44
147.16
141.47
146.42
143.25
144.39
145.19
142.23
147.59
141.28
146.17
143.39
144.08
145.67
141.95
147.62
141.28
146.00
143.72
143.84
145.77
141.89
147.62
141.56
145.89
143.70
143.72
145.94
141.48
147.58
142.12
145.56
144.00
143.45
146.14
141.47
147.38
142.16
145.41
144.31
143.20
146.42
141.48
147.17
142.39
145.02
144.69
142.91
146.72
141.47
146.95
142.58
144.89
144.61
142.78
147.00
141.55
146.67
142.78
144.72
144.97
142.50
147.03
141.50
146.72
142.97
144.44
145.16
142.30
147.27
141.44
146.33
143.39
144.28
145.38
142.03
147.59
141.39
146.08
143.48
144.05
145.72
141.83
147.64
141.58
145.84
143.72
142.53
146.00
141.61
147.67
141.70
145.70
143.86
143.59
146.00
141.47
147.62
142.12
145.47
143.31
141.47
144.33
139.81
145.23
140.72
143.39
142.52
141.25
144.50
139.92
145.05
140.77
143.05
142.95
141.05
144.72
139.89
144.86
140.94
142.92
142.86
141.03
144.97
139.81
144.72
141.20
142.62
143.17
140.69
145.31
139.84
144.44
141.39
142.47
143.36
140.47
145.53
139.62
144.30
141.70
142.30
143.58
140.23
145.59
139.83
144.00
141.92
142.11
143.78
140.00
145.64
140.03
143.83
142.00
141.78
144.22
139.84
145.56
140.23
143.62
140.78
141.58
144.28
139.84
145.53
140.47
143.34
142.47
141.34
144.41
139.89
145.19
140.86
