1.80
20.89
18.39
14.77
11.53
13.11
12.61
14.39
12.83
14.42
13.53
13.53
13.63
12.84
12.89
11.91
12.83
13.70
13.84
10.66
12.84
11.64
14.52
12.30
12.94
14.73
10.38
14.31
13.00
12.36
12.17
12.36
12.86
12.27
11.38
13.75
12.95
12.98
13.28
13.41
13.77
13.39
15.03
12.95
13.70
12.28
12.91
12.05
13.30
13.02
10.45
13.78
12.81
12.91
13.00
13.11
13.09
12.84
13.11
12.94
15.77
12.42
12.34
12.16
12.64
13.72
12.28
11.97
11.58
13.64
11.66
12.91
12.09
12.97
15.64
13.52
12.44
14.53
14.08
11.91
12.33
12.17
12.81
11.33
11.91
12.20
12.20
12.84
12.19
13.55
13.94
15.78
13.03
12.84
13.34
13.06
11.92
12.08
11.86
10.48
11.41
14.33
13.23
13.09
12.02
15.08
11.23
11.47
13.81
12.75
13.38
13.83
14.08
12.59
14.39
11.03
11.42
14.22
12.08
11.95
11.50
14.17
13.16
12.92
12.55
13.77
10.38
12.47
12.97
12.67
14.77
12.86
13.48
12.55
9.94
12.56
13.84
10.58
11.81
13.28
13.53
13.98
10.70
12.64
11.78
12.95
12.55
12.80
13.64
11.67
13.17
13.31
13.66
13.50
12.08
13.98
11.38
13.30
12.52
11.56
12.58
13.66
12.62
12.67
11.62
12.92
14.22
13.67
13.70
11.77
12.33
11.84
14.66
13.38
11.45
12.03
13.66
13.08
10.97
10.20
13.56
12.41
12.70
12.72
14.11
13.53
13.78
14.91
13.28
10.36
12.98
13.25
13.05
12.72
11.72
12.70
13.09
11.78
12.48
13.30
11.53
13.88
12.72
12.39
13.09
12.72
11.64
15.56
12.12
13.20
12.12
12.33
13.91
11.58
14.75
13.50
13.11
13.34
13.14
13.17
11.97
12.27
12.55
12.83
11.62
11.27
11.56
12.28
11.52
13.12
12.53
11.19
13.64
11.77
13.59
13.30
14.97
12.36
13.16
12.09
14.22
12.83
12.81
11.55
10.92
12.80
12.73
14.59
13.80
13.17
13.12
10.88
12.36
12.55
14.81
14.00
11.80
10.92
13.84
11.09
11.86
11.89
13.05
11.09
13.69
11.84
11.66
13.06
14.73
12.30
11.41
15.17
13.34
15.67
14.27
13.41
12.94
14.28
12.27
13.25
12.97
13.91
12.06
13.81
12.67
13.19
12.95
13.69
13.17
13.31
13.64
11.70
14.11
12.86
13.00
12.69
12.19
14.00
11.86
13.12
12.23
12.20
14.00
14.36
14.17
13.44
13.97
11.12
13.80
11.03
13.58
11.64
11.55
11.41
11.39
12.00
13.38
12.61
12.97
12.88
12.84
14.33
10.86
12.52
14.50
12.59
15.75
11.56
11.50
12.73
14.06
11.78
13.53
12.59
11.92
13.05
11.53
13.06
12.00
12.84
13.75
11.23
12.97
14.12
12.80
11.45
12.69
12.52
12.80
14.11
13.31
14.39
12.14
12.41
13.44
13.00
12.89
12.61
12.70
11.62
13.12
10.38
12.27
12.61
13.91
11.41
11.88
13.22
13.42
13.25
13.20
12.75
13.80
12.23
13.66
13.77
11.56
13.38
10.86
12.34
13.44
13.58
11.11
12.44
13.55
12.58
12.98
11.64
13.23
13.67
12.70
12.67
12.56
13.23
12.81
12.16
12.98
12.31
12.48
12.36
12.70
11.80
12.55
12.72
12.72
13.17
12.39
12.52
13.48
11.83
13.73
13.48
12.59
10.83
11.58
11.73
13.66
12.91
11.41
14.77
12.83
13.23
12.20
13.52
13.84
12.67
10.58
12.59
14.64
12.70
14.00
12.70
10.58
10.38
13.56
14.23
12.88
11.20
11.59
13.42
12.06
13.78
12.67
11.91
12.42
12.84
10.45
10.55
12.38
13.66
13.91
10.98
15.09
13.00
11.53
14.00
11.45
12.45
14.02
13.16
12.16
12.59
11.86
13.47
12.98
13.47
11.14
12.75
13.44
12.45
12.11
11.27
12.67
14.00
13.59
13.67
12.25
12.66
13.33
13.73
11.09
13.31
11.14
11.45
12.30
15.45
10.86
15.28
12.03
13.69
14.22
12.70
12.50
12.16
11.61
13.49
11.02
11.67
12.50
13.92
11.45
12.72
14.22
11.20
13.86
11.78
14.33
12.97
12.39
11.86
11.20
13.63
14.55
11.98
12.36
12.11
12.05
11.52
11.41
11.78
13.73
12.80
13.92
11.58
12.00
11.72
12.28
12.25
11.61
12.98
13.36
14.17
13.55
11.83
12.36
10.67
12.92
12.00
13.30
15.44
14.70
12.36
13.22
11.19
13.17
11.52
13.19
14.56
13.31
12.77
13.84
13.59
15.23
13.97
13.64
11.81
14.03
13.33
13.36
12.28
13.16
13.80
12.36
11.45
12.19
12.39
14.31
12.19
14.59
11.16
13.39
10.59
11.73
13.69
12.31
12.55
12.61
12.33
12.47
12.75
11.52
13.52
13.86
13.67
14.12
12.77
13.84
12.45
15.83
13.58
13.52
12.69
12.30
12.25
13.19
12.44
12.34
13.94
14.20
14.84
12.28
14.20
12.14
13.84
15.14
12.45
13.33
14.27
12.80
13.95
11.27
14.20
12.53
12.62
11.75
12.83
12.97
12.25
11.03
13.48
13.70
12.97
13.63
12.72
12.16
13.83
13.69
11.89
11.30
14.03
15.42
13.80
12.27
11.25
14.61
11.22
12.30
12.56
14.23
13.50
14.62
13.44
12.81
12.78
12.33
13.58
11.72
10.73
11.80
12.28
13.28
12.97
11.97
13.19
12.39
13.78
12.17
15.17
11.98
13.27
10.56
13.19
11.39
11.59
12.62
14.08
13.44
12.39
13.48
12.52
13.75
11.98
12.44
13.39
13.12
13.94
11.30
13.61
10.22
11.91
12.00
13.56
12.45
13.18
11.61
13.33
13.59
13.50
13.30
13.42
12.80
13.70
12.83
13.41
11.48
13.97
12.98
11.83
12.36
12.39
13.39
12.98
13.47
13.23
13.64
12.47
13.31
13.34
12.91
12.66
12.33
11.59
12.41
12.59
11.73
13.92
12.73
11.80
13.25
12.69
11.69
14.12
12.09
14.50
12.53
14.97
11.92
12.47
12.27
12.83
11.66
12.59
11.52
11.73
12.86
11.45
13.55
14.62
12.45
14.73
12.70
12.67
13.48
12.83
14.36
12.45
12.72
13.84
12.25
11.66
11.17
13.48
12.98
14.03
13.11
14.33
12.14
12.70
13.64
13.33
12.84
10.33
13.34
12.58
12.33
12.36
11.28
14.27
13.69
12.38
14.22
11.70
13.75
12.86
10.19
13.39
12.58
13.58
13.25
13.95
13.17
12.98
11.62
12.17
11.89
12.47
11.73
14.06
11.91
13.22
13.45
14.34
12.08
13.72
13.00
12.98
12.12
13.61
12.09
11.41
11.50
11.55
12.95
12.64
14.37
13.22
13.84
12.62
11.98
14.12
12.17
13.61
11.78
10.38
12.33
12.67
11.20
13.91
13.52
12.97
14.20
13.06
13.28
14.30
11.97
13.58
13.77
11.64
11.41
12.44
13.80
12.16
12.31
11.77
12.61
12.27
12.39
13.50
13.73
13.64
12.66
13.09
14.17
13.63
12.53
12.89
12.73
11.09
11.83
13.83
12.47
12.30
12.53
13.42
14.80
12.30
11.09
12.30
12.12
14.98
11.48
11.34
13.03
11.94
11.89
12.73
11.98
11.61
12.70
13.73
12.94
14.48
13.30
13.11
12.98
13.78
12.30
13.91
10.69
12.78
14.45
12.81
12.73
11.56
12.98
11.23
12.45
14.16
11.97
11.22
12.39
13.78
10.42
13.39
13.27
11.69
11.12
12.11
12.56
12.23
13.41
13.73
11.53
12.72
14.03
11.84
12.39
11.94
12.95
13.25
14.20
13.73
13.78
11.97
14.34
12.44
11.91
12.94
11.94
12.70
13.80
13.53
15.12
13.69
11.27
11.80
12.62
14.20
13.73
13.34
12.86
12.25
11.89
12.45
12.20
13.36
11.73
11.19
12.30
13.56
13.36
13.47
13.20
13.78
12.52
13.09
14.34
12.64
14.30
11.36
12.92
13.80
11.36
13.31
12.88
13.06
12.80
12.84
12.81
13.02
12.95
13.23
12.09
12.77
13.06
12.03
12.59
13.02
13.00
12.25
12.98
12.66
11.84
14.33
15.00
12.30
12.72
14.66
11.17
11.12
12.61
10.25
12.23
12.31
12.31
12.11
13.80
12.30
12.05
11.62
11.81
13.38
13.55
12.50
13.52
11.67
11.45
13.09
12.20
11.66
12.19
13.53
13.28
13.33
12.19
11.52
14.09
13.97
12.03
14.19
12.17
13.33
11.89
11.19
11.92
13.50
12.86
11.42
11.73
12.64
11.41
13.23
16.38
11.42
12.41
12.28
15.44
12.91
12.02
13.19
10.14
11.73
13.47
13.89
11.50
13.42
14.81
11.91
14.64
13.38
15.78
11.36
14.28
11.83
14.08
11.89
12.36
10.08
12.83
11.30
11.34
13.94
13.67
11.58
12.67
12.59
14.22
13.17
13.72
15.02
13.52
12.48
12.19
13.05
11.30
11.47
12.66
11.22
12.14
10.44
13.47
14.16
13.09
14.23
13.05
12.39
13.55
11.39
11.17
11.39
10.97
10.70
12.61
11.91
11.50
13.17
11.80
12.66
10.94
14.17
13.08
13.30
12.59
11.81
14.03
11.53
12.00
12.38
12.34
11.72
11.89
12.27
12.27
12.25
10.89
12.52
13.17
13.86
12.91
12.86
11.83
11.33
12.72
13.30
12.33
12.89
12.73
14.06
12.58
11.38
14.33
10.95
13.77
13.77
13.73
13.97
12.17
12.44
14.64
14.14
10.56
11.98
13.28
13.17
12.11
12.53
12.66
10.42
11.97
13.00
13.19
11.05
13.63
14.81
13.12
13.78
12.95
13.45
12.77
14.03
11.84
12.64
11.53
10.55
14.64
12.89
12.98
12.34
13.86
12.09
13.14
13.47
13.45
13.36
12.91
9.75
14.02
13.45
13.92
12.64
11.89
11.53
13.80
13.56
13.80
14.37
13.27
11.22
12.56
10.14
12.53
10.61
12.72
11.27
11.11
15.00
11.64
15.47
11.84
14.48
12.42
12.55
12.02
12.75
12.06
15.08
12.41
13.67
11.78
13.59
11.34
11.95
13.66
12.80
12.19
14.50
15.72
11.05
13.16
11.69
12.09
12.52
13.67
12.92
13.28
12.50
12.45
14.11
13.27
12.00
11.62
12.70
9.89
12.27
13.09
13.38
11.42
11.98
12.72
15.91
13.25
12.11
11.67
11.20
10.27
12.31
11.50
10.38
11.80
12.52
11.55
14.05
12.55
11.56
14.77
12.69
12.89
13.48
12.45
12.23
14.39
10.95
12.19
13.72
12.52
12.81
13.28
12.77
11.97
12.47
12.97
12.91
14.20
12.89
12.53
12.58
12.97
13.92
13.75
9.80
11.39
12.05
11.50
12.78
12.48
11.78
11.77
12.00
11.77
14.33
12.48
13.50
11.59
14.16
11.41
13.66
10.92
12.05
12.31
11.59
13.72
13.19
11.53
13.97
12.97
11.59
12.42
13.36
10.22
13.52
15.08
11.88
11.86
12.47
12.14
13.77
10.12
12.39
12.14
15.88
12.33
13.83
12.16
14.27
13.67
12.53
12.88
11.44
13.16
12.92
13.30
10.97
12.58
12.61
12.67
14.42
12.08
12.81
13.88
11.78
10.62
13.89
12.92
12.55
12.16
11.20
12.36
11.38
11.30
11.34
13.52
12.66
13.77
14.42
13.19
13.66
12.22
12.50
12.47
10.17
13.16
10.66
11.75
12.61
11.08
11.22
12.31
11.88
13.14
14.17
13.72
12.50
13.09
12.25
13.34
13.06
11.33
12.08
11.17
11.20
12.61
11.77
12.62
12.23
12.92
12.97
13.78
12.89
13.03
13.16
14.37
12.52
13.77
12.34
10.42
12.55
12.66
14.28
14.52
12.59
12.88
13.66
12.92
12.61
13.81
12.02
12.19
13.27
12.00
12.73
13.67
12.34
11.56
13.11
12.52
10.62
15.11
11.09
12.52
12.12
11.42
12.69
13.53
12.47
12.23
13.41
13.42
12.25
12.41
11.27
12.08
13.50
10.86
12.22
12.30
13.21
12.50
12.95
10.91
13.80
13.45
14.08
13.50
11.16
12.59
11.77
10.55
13.83
14.28
12.20
10.88
13.08
12.09
13.66
11.53
12.91
12.23
14.19
12.52
11.66
13.67
12.89
11.38
13.47
13.44
12.28
11.55
14.23
9.52
14.44
12.78
13.58
13.64
15.47
14.08
12.86
12.91
13.66
10.94
11.39
13.19
13.77
12.59
12.23
12.88
12.14
14.41
13.38
12.58
13.41
13.23
12.03
10.80
11.66
13.47
12.61
11.62
13.23
12.52
10.94
18.64
13.25
15.41
13.33
15.27
13.23
14.77
12.28
12.06
13.17
13.67
10.53
11.64
12.11
12.61
14.47
14.59
14.70
11.62
12.52
14.16
13.12
11.77
11.52
15.83
12.44
12.84
12.66
12.67
11.42
12.59
12.39
11.48
13.00
12.91
12.70
13.31
12.67
14.44
15.27
11.16
11.66
13.31
11.97
13.73
11.45
13.31
13.53
11.17
13.50
14.11
13.77
11.41
13.00
12.03
13.33
12.92
12.48
10.55
12.61
12.45
10.50
12.69
12.33
11.77
12.05
13.91
11.86
14.19
11.17
12.08
14.86
13.67
15.30
12.61
14.05
11.58
14.16
12.83
12.36
13.27
12.16
10.81
13.09
13.25
11.75
12.94
13.12
13.09
13.77
13.81
14.62
11.80
12.27
12.55
11.97
12.50
11.88
10.88
13.30
12.12
12.70
13.95
14.77
12.61
13.27
11.38
13.52
13.31
12.05
11.16
13.36
12.67
11.72
11.92
10.50
13.11
11.31
12.31
12.98
14.23
12.94
12.11
12.19
13.66
13.09
11.42
10.19
13.31
12.73
13.30
11.83
13.22
12.55
11.45
14.02
12.03
11.56
13.81
12.02
13.41
13.09
11.55
13.02
13.03
10.14
11.88
13.75
13.53
13.41
11.80
12.20
11.88
14.06
12.28
14.33
12.11
13.08
13.59
11.50
11.75
12.66
12.36
12.09
10.34
12.92
12.48
12.41
13.50
13.80
12.61
11.69
12.86
11.69
13.17
12.52
10.92
12.70
13.31
15.06
13.34
12.09
12.67
13.95
12.52
10.72
12.23
13.45
13.45
14.02
13.55
12.95
12.56
13.91
12.58
14.14
14.95
11.73
11.00
12.16
13.89
12.64
13.77
11.75
12.84
12.61
12.80
13.50
13.38
12.38
11.94
12.59
12.09
13.70
13.00
12.39
11.02
11.53
12.64
12.84
14.09
11.14
14.31
13.72
12.58
12.81
13.17
12.53
10.89
13.73
12.05
13.78
11.00
13.33
13.48
14.19
13.12
14.41
11.39
13.19
12.69
14.02
13.03
12.45
12.55
12.08
10.77
12.12
10.70
13.00
13.30
12.73
12.81
11.84
12.84
12.83
12.09
12.97
13.73
12.44
13.81
11.44
12.20
11.56
13.53
12.91
12.05
12.25
11.62
12.75
13.08
12.83
13.89
13.25
15.09
12.38
14.37
14.00
12.33
13.19
11.59
10.94
11.86
12.33
13.52
14.42
12.59
13.20
12.23
13.22
12.97
13.09
12.03
13.63
13.89
12.14
13.22
11.64
12.38
13.92
12.97
12.44
13.97
14.56
12.91
13.39
12.23
14.58
13.64
12.66
13.38
11.86
11.23
13.34
11.97
12.78
12.00
12.73
12.17
12.81
10.75
12.02
13.48
12.53
14.17
13.41
12.22
13.23
11.69
14.83
13.34
14.19
13.78
12.56
12.94
12.86
10.78
13.31
13.67
13.64
13.12
16.34
12.30
11.67
12.59
14.53
12.20
11.92
10.62
13.78
12.89
12.98
13.72
12.19
11.98
12.67
13.25
12.80
12.17
12.05
12.77
11.73
13.33
11.92
12.72
13.69
11.39
11.91
13.33
12.53
14.45
12.33
13.63
12.59
13.69
12.42
12.44
13.38
12.75
12.22
13.58
11.31
11.36
12.14
13.73
14.23
12.20
12.75
15.11
13.83
11.97
12.31
10.12
11.34
13.06
13.53
12.41
11.23
12.48
13.08
13.42
14.14
13.30
13.59
11.53
12.31
12.39
12.50
12.38
11.92
12.50
13.61
11.83
11.41
13.92
14.56
13.20
11.84
13.17
15.67
14.23
13.16
14.02
12.28
13.08
13.06
14.45
13.36
10.61
12.55
13.81
13.66
12.55
14.19
15.36
13.69
12.75
13.48
13.58
12.89
13.31
12.30
12.48
13.98
11.09
13.91
11.66
13.38
10.50
12.50
12.55
13.02
12.67
14.39
11.05
13.75
11.80
12.45
11.98
11.27
13.30
12.86
11.50
13.14
10.72
13.58
12.77
13.00
12.58
13.84
13.75
11.02
13.81
13.41
12.73
11.77
11.67
11.41
10.70
13.44
12.83
11.53
12.98
11.86
13.25
13.98
12.50
12.61
12.84
13.58
12.52
11.62
11.53
13.50
11.77
11.95
13.89
9.25
13.52
11.97
12.03
12.50
14.78
12.53
13.61
14.06
12.91
14.42
12.28
14.58
14.12
10.69
12.83
12.88
13.91
12.64
14.75
12.22
13.42
13.28
12.95
13.14
12.42
11.98
13.25
10.52
13.20
11.62
12.64
14.37
12.59
12.83
12.83
13.61
14.27
12.83
12.69
13.00
11.56
13.38
12.66
14.25
13.75
12.41
11.39
12.77
12.31
12.23
11.84
10.64
13.86
13.86
12.67
14.75
11.31
13.42
13.12
12.09
12.22
14.09
12.84
13.75
11.33
12.14
11.27
12.55
11.81
13.44
10.58
13.36
11.88
12.52
12.69
14.22
12.67
14.41
11.30
13.08
13.34
13.14
10.30
13.75
12.89
13.05
13.55
13.78
11.28
13.39
13.19
10.59
13.64
13.06
14.22
12.61
13.14
12.03
13.58
13.50
10.30
11.97
13.78
12.50
11.67
13.25
13.30
14.69
13.23
12.38
12.84
10.92
12.36
12.16
12.69
12.16
12.67
11.53
13.86
12.70
13.69
13.36
11.91
10.72
13.28
13.75
13.58
12.67
12.00
11.72
12.88
10.84
13.03
12.23
11.50
11.34
12.75
14.22
13.03
12.28
12.95
15.50
11.47
12.17
14.56
11.44
11.20
13.56
11.97
10.67
11.77
12.70
11.73
12.14
13.30
11.20
13.67
14.72
13.81
12.42
11.67
11.92
10.66
13.14
12.11
12.27
13.23
11.00
10.97
11.55
14.23
10.03
13.25
13.03
12.45
14.12
12.52
11.14
12.28
13.80
12.92
11.20
13.06
12.42
11.83
11.39
12.62
13.36
12.27
14.08
15.02
12.97
12.66
14.23
12.59
13.36
12.42
12.72
12.75
12.67
11.34
12.39
11.44
11.55
12.53
11.64
12.30
12.97
13.77
15.67
13.88
11.28
12.05
12.09
11.23
11.84
12.61
13.67
10.91
12.14
12.42
13.19
13.77
11.70
13.69
14.52
13.27
11.62
12.58
10.19
14.59
11.23
13.42
12.72
11.67
12.31
12.17
13.63
12.78
12.84
13.06
13.39
13.83
14.95
13.81
10.62
10.86
12.67
11.98
12.22
12.39
11.03
12.52
12.34
15.08
13.81
11.42
12.80
13.38
15.06
13.58
13.34
11.34
11.84
10.23
11.20
12.84
11.95
11.00
12.14
13.83
12.61
12.20
13.34
12.94
13.47
12.91
13.00
10.67
12.95
11.77
15.03
13.23
10.89
11.00
13.34
11.34
11.81
12.88
10.81
12.94
13.64
12.28
12.55
13.22
11.12
12.20
14.67
13.67
12.97
11.17
11.94
12.28
12.14
12.44
12.89
13.39
13.02
14.14
10.19
14.30
15.23
11.69
12.78
10.61
13.22
11.77
13.20
11.86
12.16
12.89
11.34
14.34
11.53
13.12
11.83
12.08
13.78
13.58
13.73
11.36
11.89
10.91
11.48
13.44
13.64
12.50
12.34
12.52
12.39
12.67
12.75
13.53
13.23
13.39
12.56
12.58
12.50
12.03
13.42
12.83
10.11
13.44
11.72
12.86
14.67
11.52
12.92
12.73
12.84
12.09
10.88
11.88
13.69
13.16
11.39
11.09
13.95
12.78
11.92
11.11
11.55
13.66
12.00
12.28
15.58
10.86
12.22
10.62
13.72
10.78
13.64
11.61
13.61
9.97
12.41
10.98
13.41
12.80
11.70
14.42
12.81
13.50
13.03
12.19
13.06
15.36
11.47
13.69
13.05
13.38
12.28
13.30
13.05
12.14
15.20
12.28
13.42
12.72
12.56
13.38
13.69
11.36
12.83
12.80
11.98
12.58
13.42
12.95
11.91
15.86
13.86
11.62
14.52
12.12
12.69
12.28
13.20
12.45
14.12
11.61
11.23
13.08
13.08
12.39
11.88
12.80
12.33
12.75
13.73
15.50
14.69
12.72
10.84
13.52
11.31
12.92
12.52
12.14
12.22
10.61
12.52
11.61
11.73
12.22
12.09
12.20
13.63
11.03
13.66
11.88
13.42
13.56
12.03
10.91
12.22
12.19
14.00
10.20
10.86
12.28
12.25
10.52
12.45
13.91
13.70
12.16
12.73
11.22
13.91
13.11
10.45
12.95
12.56
12.55
13.78
10.58
10.73
10.00
12.77
12.48
13.14
12.12
14.56
13.06
12.33
12.55
12.61
13.08
11.61
11.64
12.19
12.00
13.34
13.09
13.05
10.27
14.77
13.98
13.50
13.28
13.45
11.52
12.61
12.34
13.25
12.36
12.98
12.34
11.19
13.06
12.34
12.69
11.22
11.64
12.94
13.48
13.30
15.12
12.20
12.11
11.81
11.66
11.02
10.95
11.48
13.91
10.80
12.97
11.75
11.66
12.00
11.34
13.11
13.06
10.92
14.69
14.98
10.70
10.78
13.42
13.34
12.09
11.52
12.12
12.12
13.22
13.95
14.66
11.92
13.47
13.41
13.84
14.80
13.30
12.58
12.52
13.81
11.25
12.12
13.56
11.91
13.17
12.94
11.38
12.80
13.23
11.97
14.14
13.22
13.50
14.33
12.14
14.31
12.39
12.11
13.09
14.00
13.53
11.72
11.86
11.03
14.20
11.16
12.72
13.12
12.84
11.89
12.11
12.28
13.36
12.42
13.05
11.78
12.12
12.39
10.55
11.89
13.77
15.27
13.05
14.37
12.69
11.02
14.59
12.00
13.52
11.80
12.39
13.52
13.59
11.72
14.03
12.77
11.70
10.89
14.50
12.69
12.27
13.42
13.67
13.45
9.86
14.34
14.42
11.05
11.73
13.38
12.31
12.95
12.72
11.89
13.19
13.22
13.25
12.36
13.89
14.14
12.50
12.98
13.06
10.72
13.42
11.64
13.22
13.48
12.81
12.61
12.12
12.84
11.58
11.97
15.23
13.28
11.48
13.91
11.64
12.91
10.77
13.08
10.77
13.66
13.83
11.38
12.69
12.77
12.98
14.31
12.58
14.62
13.52
14.73
11.80
13.36
11.27
11.98
11.61
11.81
13.23
12.17
12.94
12.48
13.88
13.23
12.89
13.47
13.97
11.89
12.62
12.84
10.98
11.69
12.34
12.44
11.56
13.22
12.56
11.44
12.97
13.73
12.44
13.02
13.34
11.66
14.44
11.95
12.66
14.02
15.50
12.66
13.59
10.16
11.30
11.94
13.67
11.58
13.42
13.95
13.03
14.20
13.28
11.36
13.00
10.31
11.88
13.36
13.83
12.81
12.16
9.36
11.61
12.86
13.38
15.03
11.66
13.28
12.05
11.22
14.19
11.55
11.94
13.52
13.23
11.75
11.88
11.22
10.64
12.33
12.81
11.31
13.38
11.78
11.20
10.14
11.14
13.53
10.33
14.56
12.41
12.72
11.44
10.59
12.56
12.67
11.41
11.73
11.72
12.58
10.97
11.19
11.31
10.36
13.09
12.53
11.12
11.61
12.78
10.88
11.31
11.53
14.42
10.70
11.53
12.19
12.89
11.84
12.20
12.33
13.52
12.95
11.05
10.06
11.62
13.48
12.27
12.28
13.22
12.45
10.77
12.48
13.25
11.56
12.81
11.75
14.12
11.95
11.20
13.30
12.67
11.23
13.34
12.17
11.81
13.84
13.70
11.11
11.50
12.03
12.70
12.30
12.03
14.37
12.97
14.45
12.95
13.50
14.19
14.19
11.89
12.89
11.23
13.16
11.27
12.75
11.94
11.77
13.12
12.86
11.72
14.77
13.84
13.78
13.47
12.36
12.84
13.36
12.41
13.05
12.30
14.34
12.20
11.52
11.78
12.72
12.36
13.28
12.44
13.67
12.23
13.80
11.09
13.17
12.92
12.83
12.25
12.97
13.23
12.14
16.34
11.42
14.52
13.34
12.84
13.86
11.86
10.36
13.44
13.88
10.88
11.77
13.84
10.34
11.64
11.39
12.83
12.98
12.09
11.78
12.11
13.94
12.62
11.69
13.61
12.16
12.02
12.44
12.30
11.78
13.45
13.48
11.31
11.36
12.28
14.25
11.28
12.00
12.95
11.58
12.67
14.84
12.14
11.91
11.78
11.09
11.91
13.33
12.73
12.62
13.39
10.33
12.11
14.39
12.86
12.84
11.64
13.84
14.00
13.06
15.47
12.12
13.61
11.45
12.00
11.41
11.03
12.69
13.89
13.02
12.41
14.27
12.83
11.89
14.02
11.66
11.83
13.73
12.77
12.89
12.19
12.14
12.34
11.50
11.64
13.55
12.39
12.12
15.31
12.94
15.12
12.20
13.88
13.17
13.30
14.06
13.53
12.31
11.33
11.83
12.70
13.58
10.31
13.45
14.27
14.72
13.78
13.09
12.47
12.02
13.44
11.50
12.59
12.62
11.28
12.09
11.92
11.52
13.78
12.81
12.81
13.41
13.98
12.61
13.69
10.62
10.91
12.78
10.84
12.30
12.64
12.11
10.59
13.92
11.95
13.64
12.28
13.83
13.09
13.08
14.66
14.36
10.58
12.81
13.34
11.81
11.28
11.28
12.23
11.11
11.44
15.16
13.61
12.20
13.02
12.14
12.11
13.52
12.83
13.80
11.53
12.20
11.64
13.34
11.08
13.48
12.09
12.12
13.27
12.69
12.33
11.70
14.61
10.78
13.91
12.50
13.45
12.66
13.08
11.44
12.83
11.98
11.94
11.56
10.62
12.14
13.14
11.11
12.80
12.53
10.42
14.33
12.64
12.34
13.77
11.06
11.66
11.70
12.45
14.20
10.91
12.28
10.34
13.17
12.09
12.03
13.19
14.44
13.11
13.58
12.50
12.59
11.48
12.98
12.91
12.88
12.72
12.58
13.45
12.27
13.05
13.80
13.19
13.58
15.14
13.28
15.31
11.92
11.64
14.41
13.02
12.59
12.11
12.36
11.19
12.80
14.81
14.39
13.92
10.91
11.09
12.23
14.95
14.22
11.55
12.56
13.52
12.55
10.98
12.94
11.02
12.12
12.69
12.28
13.59
11.48
11.31
12.48
13.28
12.69
14.03
13.05
13.20
11.64
11.94
10.64
14.56
12.11
13.50
12.95
11.06
13.50
11.59
13.14
11.97
10.89
12.58
10.69
12.52
12.47
10.33
12.42
11.84
11.75
11.92
12.38
13.84
13.19
12.36
14.23
12.83
11.58
13.14
11.52
11.30
11.34
12.41
10.91
12.97
12.66
12.56
12.67
12.12
11.56
13.30
13.55
12.56
13.05
12.86
12.39
12.55
13.34
13.53
12.92
12.59
11.67
13.38
11.91
10.75
9.98
12.81
12.66
12.88
14.06
13.73
11.61
11.06
13.72
11.98
11.81
12.25
13.30
11.41
12.27
12.78
11.98
11.88
14.42
13.75
13.53
11.20
13.86
12.59
9.94
12.77
13.33
13.38
11.73
12.66
13.56
12.09
10.64
13.17
10.14
12.42
12.34
11.72
14.17
11.08
15.36
12.88
11.53
12.20
11.95
13.28
11.36
11.91
13.53
12.66
12.62
13.53
12.81
10.83
13.19
12.61
12.52
13.16
11.80
13.77
11.31
14.23
12.48
11.73
11.53
11.02
11.20
11.08
14.03
11.36
11.77
11.45
12.80
12.22
12.03
13.23
12.31
13.25
12.84
13.33
13.31
12.52
10.16
12.03
11.53
11.93
11.75
13.19
11.66
11.77
12.52
12.78
15.14
13.73
12.95
11.97
11.44
11.77
11.73
11.12
13.30
11.42
12.02
13.63
13.81
11.39
13.09
12.36
12.91
11.12
13.58
12.50
10.72
10.95
12.42
13.61
12.20
12.33
11.69
12.27
13.41
12.62
13.61
12.31
11.94
11.03
11.97
11.20
14.12
12.55
12.30
13.72
11.06
11.84
12.91
11.03
12.75
11.69
11.77
14.19
11.42
13.12
10.39
10.14
13.67
11.84
12.92
13.19
11.77
10.84
12.81
12.52
12.45
13.91
11.64
13.44
11.25
11.55
12.66
12.12
11.97
13.50
12.50
12.27
14.27
12.66
11.92
11.84
12.92
13.22
13.00
12.94
14.05
11.09
13.69
13.08
12.94
12.97
12.69
12.64
13.22
10.73
14.41
11.48
11.20
13.42
13.31
12.73
12.00
14.47
13.50
11.16
13.89
12.81
9.98
12.55
12.69
14.09
12.03
12.11
13.11
14.03
11.17
14.08
10.19
12.88
13.73
12.36
13.64
11.52
12.58
12.42
13.03
10.62
13.16
12.64
11.19
11.38
12.81
12.30
12.98
11.25
12.19
11.80
12.05
14.58
13.72
10.02
13.06
12.75
12.75
11.70
13.58
9.45
14.06
12.48
10.97
12.72
11.94
14.33
11.91
13.31
13.03
15.27
11.53
11.47
12.73
14.06
12.58
12.55
12.80
11.72
12.16
13.33
13.06
12.48
11.86
14.77
11.38
13.59
15.53
12.50
13.55
11.28
11.47
13.75
12.17
11.83
13.11
13.31
10.91
10.53
12.28
11.44
14.31
13.56
11.31
10.69
13.20
11.61
12.45
12.77
13.02
12.53
11.98
10.22
12.52
11.75
11.84
12.52
14.14
16.14
13.64
11.77
13.66
12.05
14.17
13.25
12.14
13.17
12.20
9.77
11.92
11.45
12.44
11.77
12.39
12.16
14.41
11.61
13.31
12.25
12.84
13.45
12.75
12.00
14.16
11.73
12.25
10.41
12.06
14.19
11.20
13.91
11.78
12.92
14.75
13.23
13.70
12.53
12.73
12.94
13.83
13.20
11.38
10.30
10.30
12.86
13.08
9.89
12.56
13.09
11.06
13.00
11.91
12.78
13.45
14.47
11.52
10.44
11.92
11.23
12.16
12.06
12.25
11.61
12.66
12.00
13.84
11.97
13.81
12.95
12.81
13.00
11.83
11.31
11.72
14.34
13.89
13.45
11.73
13.75
11.16
10.97
13.03
13.42
11.31
12.81
13.27
11.31
12.69
12.88
13.64
13.28
12.30
10.55
12.22
12.70
11.55
12.59
12.33
13.33
13.52
13.06
12.30
12.75
13.75
12.27
11.64
11.00
10.42
11.38
13.86
10.39
13.88
13.27
13.14
13.91
10.73
13.02
12.69
12.34
12.72
12.41
15.34
12.31
