1.74
9.14
9.08
9.34
7.50
9.55
8.16
7.81
7.50
6.58
8.81
8.72
6.62
8.41
8.34
7.33
7.84
9.31
9.36
8.38
8.53
9.61
8.84
6.03
7.27
7.72
8.84
7.59
8.62
7.28
8.22
8.41
7.84
8.19
8.00
9.12
8.16
7.34
9.77
7.25
6.78
8.06
8.56
8.52
7.58
7.73
6.84
6.69
8.91
7.59
7.78
6.58
7.81
7.94
7.38
7.81
8.70
7.77
8.31
7.30
8.50
7.61
7.62
9.05
7.94
8.08
8.06
8.20
7.83
8.00
7.78
7.16
7.62
7.50
7.92
7.55
8.33
8.02
7.42
7.73
7.22
7.55
7.77
8.02
7.86
7.91
8.56
7.11
7.62
7.02
7.61
8.39
6.47
8.11
7.06
7.75
8.72
8.05
8.59
9.03
8.83
8.30
8.92
7.45
7.23
7.70
7.88
7.27
6.94
8.08
7.44
9.44
6.88
7.73
8.97
8.67
8.28
8.91
8.61
9.08
8.08
9.02
9.47
7.73
9.31
8.70
7.83
8.48
8.27
7.48
7.03
7.70
7.67
8.27
6.47
6.88
7.66
6.30
7.09
8.88
9.14
6.22
7.14
8.78
6.16
8.09
6.69
6.75
10.11
8.09
8.20
7.00
9.44
9.47
7.53
8.45
8.34
9.06
8.84
7.92
8.09
6.34
8.20
7.12
6.78
6.92
7.58
7.72
7.23
5.94
8.36
8.44
7.78
9.22
8.25
7.22
7.88
6.73
7.75
7.73
9.48
7.86
8.86
7.56
7.14
8.68
7.16
8.47
9.34
8.06
7.14
6.16
8.98
8.28
7.64
7.66
9.03
7.23
7.75
8.84
7.98
7.70
8.05
9.16
7.11
8.08
9.77
8.66
8.22
8.72
7.38
8.81
7.86
6.72
8.69
7.59
9.06
5.72
8.06
7.91
7.67
9.09
8.50
9.03
8.14
7.12
6.88
7.64
8.55
8.73
7.05
7.05
6.34
8.39
7.53
7.39
5.69
7.75
6.05
7.47
8.34
8.42
8.11
7.39
6.67
8.91
7.05
8.88
8.12
8.39
7.31
7.17
7.20
8.48
7.53
5.97
8.30
6.95
7.80
7.91
6.94
8.08
7.58
7.70
7.84
8.59
8.33
7.98
8.47
7.12
7.42
8.92
7.33
8.33
8.97
7.95
8.36
7.86
8.73
8.23
8.64
7.31
6.92
7.48
7.42
8.34
7.83
9.09
7.94
6.22
7.23
7.45
8.72
8.30
8.55
8.58
8.56
8.59
7.94
8.64
6.31
7.83
7.36
6.44
6.78
8.95
8.83
9.11
6.62
7.77
6.48
8.59
7.78
6.53
6.72
9.09
6.91
8.48
7.98
7.95
7.17
8.45
8.78
6.58
7.75
7.19
7.69
7.72
7.89
8.25
7.66
6.84
8.52
7.72
8.94
9.41
8.73
8.62
7.56
8.11
7.50
8.05
8.20
8.16
7.73
6.44
6.73
8.36
8.22
7.00
8.44
8.41
8.72
8.75
7.02
9.23
9.25
8.47
6.67
7.84
8.31
8.45
7.52
8.31
8.28
8.22
6.70
6.39
7.39
8.86
6.05
7.17
7.75
7.97
8.98
8.88
9.02
8.38
7.20
8.48
7.62
7.56
8.98
8.06
7.22
7.92
6.03
8.27
8.56
6.83
9.19
7.12
7.81
6.27
7.94
8.48
7.84
8.45
9.08
6.75
8.78
7.66
7.77
7.72
8.22
8.97
8.73
7.72
8.05
7.72
7.69
7.56
7.47
8.00
8.30
7.83
8.28
7.84
7.58
6.48
8.44
8.78
8.14
7.61
8.38
7.98
8.91
6.08
5.16
7.53
6.09
7.72
6.75
8.27
7.30
7.45
8.83
7.86
7.98
7.27
8.00
7.59
7.38
8.83
7.86
7.53
6.95
8.02
7.84
6.64
8.70
7.72
8.69
8.62
8.84
8.12
8.41
8.28
9.09
7.98
7.45
7.88
7.83
6.83
8.97
6.53
7.67
6.94
8.69
7.48
9.55
8.30
7.52
7.38
7.30
6.30
7.02
8.34
7.62
8.34
8.36
8.03
6.38
8.92
7.53
8.50
8.89
8.88
9.62
8.28
6.97
6.52
8.48
7.62
8.47
8.31
8.08
9.08
8.33
8.86
9.36
7.09
7.94
7.78
7.72
7.42
7.89
9.59
7.41
7.48
8.08
8.72
9.12
7.75
8.97
6.69
8.98
9.33
8.47
7.75
8.73
7.52
7.89
8.86
6.22
7.48
7.56
8.23
6.64
7.47
8.11
8.59
8.42
7.19
6.69
6.83
8.81
9.19
7.83
9.06
8.64
8.17
7.72
8.44
8.03
7.77
7.31
8.03
7.91
7.95
6.14
7.78
7.70
8.30
7.73
7.66
6.94
7.22
6.41
8.08
6.98
7.39
8.19
8.39
7.48
7.12
8.44
8.42
7.16
9.81
8.86
7.47
8.48
8.67
7.58
6.59
7.47
8.17
6.89
7.50
6.39
7.94
6.20
7.36
8.08
8.03
8.22
6.78
9.39
6.95
6.81
7.77
7.64
9.12
7.03
8.94
7.42
7.64
6.42
8.45
8.22
8.48
8.83
8.45
9.39
7.12
8.64
6.88
5.94
8.06
8.33
7.16
8.03
7.45
7.88
8.83
7.58
6.48
7.02
7.41
7.69
7.17
8.19
8.11
8.83
8.89
8.39
9.72
6.83
7.27
8.47
8.16
8.25
7.53
9.23
6.59
6.81
7.50
8.95
7.78
7.95
7.03
7.38
6.22
8.09
8.86
5.69
8.50
8.23
6.98
8.66
8.58
6.77
8.41
8.47
8.22
7.25
8.64
6.12
7.00
8.50
8.14
7.20
8.38
7.94
6.72
7.86
7.80
7.92
7.73
8.28
6.42
6.78
6.86
8.42
7.31
7.70
7.95
8.14
7.36
8.03
7.88
8.36
8.16
7.17
5.80
8.19
8.70
8.86
7.97
6.39
6.64
7.45
8.23
7.06
6.86
7.56
7.48
6.94
8.00
8.20
6.83
6.17
8.47
8.56
6.48
8.78
7.39
9.97
6.31
7.11
8.12
8.39
8.19
8.39
7.94
7.12
7.16
10.23
7.95
7.33
7.75
9.12
8.05
6.62
7.27
7.89
7.83
7.33
7.70
8.27
7.94
8.91
7.53
7.16
8.14
8.52
9.25
6.55
6.82
9.38
8.12
8.45
7.50
8.22
8.81
6.31
6.80
8.41
7.67
8.22
9.02
8.17
6.83
7.58
8.44
6.25
7.41
5.94
9.19
8.56
8.17
7.02
8.72
7.58
8.55
8.59
8.14
7.83
8.12
7.17
7.48
7.19
7.92
7.22
7.11
7.66
7.05
8.88
7.59
5.20
9.42
7.62
6.95
7.88
6.75
9.16
8.38
8.27
7.52
5.95
8.17
8.47
7.61
7.97
7.75
6.89
7.73
9.03
7.39
7.09
7.86
7.38
7.16
7.88
7.27
6.75
6.50
7.59
7.98
7.95
7.25
7.84
8.42
7.53
7.31
6.66
7.77
8.03
8.05
9.02
6.59
7.97
7.72
8.33
6.92
7.03
7.73
6.56
7.25
6.64
6.47
7.64
8.25
8.77
8.47
7.28
8.97
7.41
9.19
6.84
7.09
7.98
7.14
7.64
8.61
8.19
9.03
8.39
7.39
7.70
7.66
9.34
8.67
6.75
7.36
6.78
7.69
7.72
7.67
6.73
6.36
7.55
6.55
6.91
6.11
7.88
7.39
6.36
7.30
6.84
8.11
7.91
7.25
8.14
8.97
8.38
7.94
8.03
7.17
7.50
7.34
8.17
7.92
6.98
8.28
8.42
6.77
8.33
7.45
6.22
7.27
7.20
7.91
7.59
7.48
6.73
6.50
7.84
7.39
8.02
7.22
9.14
8.50
7.86
7.03
6.62
7.91
7.42
8.84
8.14
7.75
9.34
8.02
8.39
9.42
7.02
7.67
7.00
6.84
8.33
7.55
7.26
6.73
6.70
7.67
6.48
8.38
7.45
8.03
8.80
7.66
8.23
7.41
7.02
7.83
8.73
8.66
8.30
7.34
8.91
8.11
8.12
6.86
7.84
8.52
7.14
8.08
7.45
7.89
7.98
8.36
7.09
6.20
6.69
7.70
7.12
7.05
7.67
8.17
8.78
7.44
7.14
8.30
8.81
7.59
9.22
7.33
8.02
8.20
6.97
7.11
6.80
7.41
7.98
7.80
7.12
6.77
7.53
8.83
7.55
7.86
6.73
8.22
7.16
7.95
7.86
6.64
7.75
8.72
7.94
8.59
8.73
6.31
8.30
6.47
6.67
9.00
8.70
8.31
8.66
6.19
8.12
8.02
6.67
6.30
7.25
7.25
8.78
7.22
7.05
8.28
7.69
8.09
9.72
7.91
8.72
8.70
7.45
7.80
7.52
6.42
8.08
8.28
7.42
8.92
8.00
7.53
7.42
6.19
6.22
7.50
7.56
8.67
7.84
6.45
7.58
10.28
7.20
8.08
8.50
7.52
7.91
6.70
8.22
10.17
8.14
7.92
8.72
9.14
8.09
8.59
8.11
7.72
8.20
7.41
8.89
7.59
7.17
7.75
7.75
8.08
8.19
7.39
8.31
8.44
7.02
7.52
7.62
7.75
7.83
8.52
8.34
8.19
6.28
8.05
8.33
8.84
8.94
6.66
7.39
8.41
7.48
6.97
9.22
8.86
6.97
8.64
7.41
7.81
8.72
7.89
7.95
6.98
7.22
7.19
6.97
6.84
8.09
9.84
7.48
8.73
7.61
8.67
8.11
8.11
7.52
8.12
7.41
6.41
7.35
7.38
6.84
7.69
7.80
8.05
9.62
7.53
6.39
8.02
7.53
8.08
7.55
7.75
7.48
6.72
8.00
8.81
8.53
7.83
7.45
8.45
7.58
7.02
7.25
8.36
6.25
7.42
6.45
7.95
7.41
7.98
8.16
7.23
10.05
8.25
7.58
9.02
7.52
8.56
7.61
9.64
8.30
7.16
7.95
7.66
8.08
8.12
7.20
8.59
7.97
6.67
5.70
7.02
7.58
8.56
7.14
8.66
7.75
8.19
7.45
6.86
7.31
7.64
7.61
8.23
8.72
8.14
7.09
7.45
6.94
8.06
8.33
7.00
7.52
6.12
8.50
8.36
8.53
8.11
7.53
8.05
9.42
8.72
8.33
7.64
8.33
7.77
8.30
7.48
7.36
7.36
7.66
8.25
7.11
9.70
8.09
8.42
7.75
8.61
8.25
5.97
8.44
7.80
6.41
8.44
8.61
7.30
7.73
8.67
7.19
7.91
8.14
8.28
7.64
6.00
7.44
7.36
7.83
9.42
6.69
7.03
8.56
8.27
7.73
6.77
7.17
8.95
9.39
8.36
8.36
7.86
7.02
8.38
8.75
8.33
8.00
7.83
7.42
8.53
7.50
6.97
7.23
7.20
8.25
7.06
6.77
8.78
8.56
8.84
7.70
7.80
6.11
9.02
8.52
7.36
7.58
8.75
7.73
7.47
8.45
7.91
8.28
7.50
7.78
8.92
7.47
7.22
7.25
8.09
7.53
8.33
8.47
6.98
7.12
9.16
7.44
8.16
8.23
8.77
7.95
7.84
8.91
8.36
8.03
8.97
9.11
8.28
9.08
7.36
7.34
6.88
8.16
8.34
9.31
9.09
7.53
6.50
6.94
7.09
7.52
8.11
7.97
9.72
7.86
8.05
7.72
8.88
7.53
7.89
8.75
7.38
9.03
9.41
8.55
8.39
7.53
8.59
7.80
9.03
7.84
7.44
6.42
8.84
6.95
8.08
8.61
7.03
8.05
9.08
8.97
8.31
7.27
8.70
7.22
8.25
8.34
7.64
8.00
7.31
9.34
8.19
7.97
6.86
6.11
8.50
7.95
6.86
8.83
8.95
8.22
8.95
7.88
7.31
7.61
7.36
7.50
8.41
7.55
7.81
8.06
7.70
7.55
6.88
7.33
8.48
7.91
7.19
8.27
8.27
6.45
7.59
7.44
7.52
7.11
6.62
8.69
7.67
9.23
7.50
7.34
7.64
8.41
7.00
8.25
7.39
6.83
7.83
7.58
7.72
7.91
7.91
8.78
8.28
7.59
7.23
7.98
7.48
7.72
6.89
8.55
7.11
8.34
7.81
6.81
7.91
7.14
8.86
6.91
8.58
7.55
8.72
8.11
6.86
8.09
8.42
8.11
7.97
8.62
7.56
5.80
7.05
7.72
7.72
8.00
8.53
7.12
7.64
8.50
8.67
9.06
7.05
5.67
7.08
7.11
7.31
7.03
7.83
8.20
8.58
8.02
7.91
9.52
7.31
7.28
9.05
9.08
8.66
8.30
8.84
7.08
8.31
7.80
9.12
8.31
7.20
7.88
5.78
6.47
7.95
8.33
7.94
9.81
8.17
7.30
7.22
9.24
8.03
8.84
7.30
7.50
8.98
8.00
7.00
6.47
7.34
8.77
7.09
7.08
8.56
7.33
8.78
7.31
9.19
7.56
7.48
8.00
7.44
8.81
7.98
7.23
7.11
8.25
8.39
8.69
5.81
7.59
7.25
6.69
6.95
7.97
7.88
8.94
8.59
7.56
7.55
6.41
8.52
7.53
7.81
8.00
7.03
6.89
7.39
7.58
8.86
7.48
8.14
9.25
6.45
7.06
6.89
7.91
9.59
8.34
8.73
8.05
8.22
7.94
7.17
8.20
7.20
8.06
8.91
7.25
7.47
5.91
8.23
5.70
7.02
7.64
8.38
8.20
8.94
7.06
7.19
8.84
8.34
8.08
8.20
7.58
8.50
8.69
9.31
7.09
7.92
8.22
8.41
8.28
8.86
7.80
8.03
8.19
7.61
7.62
8.31
7.95
6.59
7.34
8.70
7.77
8.56
7.69
8.11
6.77
7.95
6.84
8.64
8.72
9.34
8.55
8.34
8.14
8.25
6.58
8.33
8.84
7.97
6.59
8.27
6.84
8.62
7.66
7.78
8.56
7.75
7.17
6.55
8.11
6.64
8.33
7.59
7.00
8.86
9.05
6.86
7.66
6.53
9.25
7.36
8.72
7.97
9.61
7.84
7.53
7.33
6.69
7.80
9.28
8.06
6.69
8.28
7.38
6.86
7.77
8.61
6.09
7.98
8.55
7.66
8.64
8.31
9.48
9.83
7.33
7.69
7.88
7.86
7.94
8.23
8.55
8.97
7.36
8.14
7.36
8.02
8.55
7.86
7.60
7.59
7.41
6.70
7.38
7.56
7.81
7.33
8.98
9.03
9.06
6.81
7.70
7.81
8.08
8.38
8.33
9.45
9.06
7.05
9.45
7.69
7.20
8.09
6.64
7.06
8.06
8.00
5.41
8.14
7.69
7.17
8.23
8.59
8.05
7.58
7.39
8.91
8.78
8.09
9.14
7.88
7.08
7.92
8.39
7.58
6.38
7.16
7.30
6.83
7.83
7.89
8.38
7.56
6.95
7.77
6.64
8.86
8.62
8.16
8.44
7.11
7.88
8.78
8.14
7.02
9.77
7.14
8.33
6.89
6.91
7.98
7.70
7.89
9.38
7.56
7.30
8.47
7.44
8.02
7.73
8.28
7.25
8.52
8.61
7.50
8.39
7.45
8.28
7.44
8.27
7.30
7.52
7.19
8.00
7.81
6.84
8.59
7.41
6.72
7.55
8.64
8.45
6.84
8.73
7.89
7.22
7.17
7.44
8.45
7.88
6.80
6.62
7.17
9.03
8.30
7.25
8.34
7.62
7.84
6.98
6.91
8.73
6.83
7.75
6.36
9.17
8.44
7.88
6.59
8.88
8.59
8.47
7.23
8.22
6.44
7.23
7.31
8.41
6.47
8.34
7.70
7.34
7.69
6.58
7.44
8.03
6.59
8.25
7.16
9.05
6.67
7.69
7.80
8.84
8.22
8.22
8.70
7.09
6.17
7.12
6.03
8.41
8.73
8.27
7.09
6.33
6.61
6.81
6.94
7.91
7.28
8.80
6.31
9.56
8.14
8.41
8.12
7.53
8.75
7.53
7.33
7.73
7.66
6.67
8.62
9.00
6.03
7.02
9.06
7.08
6.81
8.67
7.89
8.80
7.12
7.66
8.05
7.64
7.72
8.39
7.77
7.06
7.66
8.39
8.23
7.11
7.16
7.27
10.06
6.94
6.67
8.70
7.06
8.23
6.31
6.48
7.64
9.05
7.16
7.47
7.81
7.92
7.83
7.78
7.28
6.11
6.44
7.81
8.02
7.67
8.45
9.06
8.70
8.25
8.39
7.66
8.66
7.42
8.55
8.02
8.11
7.88
6.25
7.19
7.53
8.23
7.28
7.38
7.00
6.64
8.14
8.00
7.83
8.34
8.48
8.62
7.53
8.28
6.89
6.56
7.34
8.30
9.36
8.39
9.12
7.30
7.97
6.75
6.56
9.47
7.86
8.58
8.00
8.09
8.84
5.67
8.33
8.11
7.31
7.94
7.47
7.25
7.86
8.67
7.38
8.12
8.81
8.08
9.80
8.27
7.19
8.17
8.61
8.78
7.20
7.48
8.06
7.94
7.05
7.81
7.91
8.64
8.75
7.72
7.56
7.84
7.92
6.56
8.34
8.61
8.53
7.39
8.08
9.86
7.62
7.81
8.38
8.44
8.55
8.95
6.83
7.66
8.02
8.38
7.55
6.25
6.72
7.31
7.69
8.78
7.00
8.14
7.69
7.30
7.67
8.78
7.56
8.41
7.08
7.19
8.17
7.72
7.50
8.77
7.47
7.62
8.78
7.03
6.91
8.38
7.91
7.50
8.69
7.08
8.61
7.56
7.73
6.59
8.23
8.25
7.14
8.36
8.45
6.89
6.86
7.55
7.11
8.34
7.73
7.84
7.44
7.77
7.25
8.08
7.39
6.33
8.12
7.12
7.09
7.34
6.48
7.92
6.27
7.02
7.97
8.08
7.95
8.20
7.25
7.20
7.95
7.83
7.55
7.64
7.75
7.95
7.22
7.48
8.06
8.53
5.86
9.62
7.81
8.03
7.23
7.72
8.95
7.09
7.20
7.62
7.70
6.86
6.59
7.22
6.47
7.27
6.34
7.64
8.67
8.92
7.77
8.62
7.88
7.95
7.83
7.52
7.97
7.38
7.42
6.70
7.86
8.03
7.42
7.88
7.12
8.17
6.88
7.67
7.23
7.58
7.06
6.69
7.48
6.59
8.22
8.22
7.36
7.31
7.83
8.86
7.83
6.31
8.75
7.36
8.05
6.86
8.73
6.50
8.25
7.67
8.75
7.16
7.56
8.09
8.20
6.16
7.11
8.81
7.02
7.50
8.41
8.62
6.55
7.88
7.06
8.31
7.69
7.47
8.81
7.31
6.52
8.78
8.88
7.66
7.59
7.91
7.12
7.14
9.12
6.28
8.25
8.86
6.91
7.55
5.73
7.69
7.70
8.47
7.20
8.42
6.94
8.88
8.34
8.67
9.55
8.56
8.66
7.77
9.23
7.08
8.34
9.53
7.27
7.55
7.19
7.31
7.91
9.47
8.05
8.05
8.55
8.02
7.23
6.67
7.19
8.05
8.20
8.14
7.67
7.56
8.55
6.67
9.34
8.22
7.84
8.47
7.75
8.20
8.31
8.56
8.62
7.75
7.48
7.27
9.41
7.52
8.48
6.62
7.34
7.84
7.45
7.02
8.12
8.38
6.73
8.16
7.77
7.58
7.86
7.61
6.81
9.55
8.88
7.86
7.56
6.73
7.31
7.58
7.30
8.89
8.53
7.09
8.70
7.72
7.91
7.70
8.28
8.64
9.42
6.94
6.50
8.36
7.73
7.64
8.56
8.17
6.77
9.19
9.73
8.52
6.61
6.73
7.59
6.80
8.73
8.14
7.78
8.66
6.56
5.47
7.30
8.39
8.14
8.61
7.17
8.61
8.88
7.34
7.97
7.44
8.77
7.97
7.52
8.69
9.02
8.36
9.28
8.44
6.34
8.70
8.20
6.97
6.80
7.64
9.92
7.97
7.31
7.53
7.52
7.97
6.66
7.39
8.11
7.86
8.78
8.41
7.75
7.39
6.28
8.31
9.22
8.61
9.23
7.91
8.48
8.30
7.53
8.44
8.78
6.88
7.34
6.62
8.42
7.95
5.78
8.45
7.53
7.78
5.94
6.91
6.84
7.17
7.69
7.12
8.56
9.61
9.03
7.42
5.73
7.56
7.48
8.53
8.91
8.28
7.34
8.55
7.48
7.97
8.80
10.38
8.33
7.31
7.08
7.84
7.28
6.31
9.36
8.12
7.03
7.06
7.78
8.62
8.61
6.81
7.38
8.25
5.50
7.62
8.83
8.38
7.30
9.53
7.41
7.81
7.12
8.09
7.44
6.97
8.20
8.27
8.78
7.56
8.25
7.56
6.77
7.66
8.78
9.09
7.70
7.16
6.89
7.89
7.39
8.56
7.56
7.81
7.56
10.31
8.11
7.78
6.97
7.38
8.06
6.77
7.80
7.72
7.41
7.62
7.89
6.92
7.16
7.48
6.78
6.80
8.25
8.66
6.38
9.31
7.97
8.58
6.92
7.28
7.56
6.69
8.23
8.19
9.08
6.33
6.02
6.91
8.22
7.16
7.92
8.06
8.03
9.64
7.06
6.20
6.06
7.81
6.42
7.33
8.47
9.62
7.67
7.52
7.22
7.86
7.50
8.09
6.12
8.23
8.94
8.36
6.27
8.19
7.67
7.20
8.69
7.42
5.83
7.02
7.69
8.59
7.94
8.39
6.78
7.98
7.94
7.64
8.97
9.33
8.78
7.80
7.47
7.06
7.81
9.11
8.47
7.33
8.38
7.61
7.28
8.06
8.31
7.06
7.77
8.36
9.23
8.34
7.38
7.69
6.91
9.05
6.69
6.97
8.95
6.41
7.38
7.77
7.38
8.41
6.56
7.48
7.39
8.02
8.47
8.77
7.75
7.22
7.08
8.17
6.70
7.39
6.81
7.00
6.97
6.80
7.44
7.97
8.69
7.05
8.84
6.70
8.02
8.38
9.23
9.02
7.80
7.58
8.08
8.56
7.50
8.36
7.39
8.58
7.23
7.09
7.88
7.30
9.20
7.22
7.52
8.70
9.22
8.41
7.84
6.59
7.53
8.19
6.94
7.08
7.56
7.83
7.84
8.27
6.66
6.77
7.30
7.94
7.17
6.42
8.12
7.84
6.78
8.66
6.80
7.17
7.50
7.02
9.00
7.77
8.48
7.50
8.17
7.31
8.36
7.27
6.16
7.06
8.42
7.78
7.25
8.03
9.17
8.72
8.95
7.14
7.33
8.92
7.64
6.91
6.42
7.59
7.32
8.06
7.70
7.34
7.30
8.48
7.05
7.89
8.09
6.62
8.83
6.83
9.14
7.41
8.59
7.94
7.94
8.80
6.95
7.44
8.06
7.94
7.16
7.92
8.73
7.25
7.16
7.45
7.78
8.84
6.42
6.61
7.44
9.03
8.94
10.03
7.94
7.23
8.52
6.66
10.03
7.38
6.30
7.78
8.75
8.58
9.05
7.09
7.23
8.52
8.72
8.72
6.86
7.36
7.98
6.39
8.77
7.55
8.14
6.20
7.58
7.66
6.75
9.88
7.97
8.83
7.22
9.03
7.31
6.70
7.02
8.52
7.19
7.84
8.48
8.03
8.89
7.62
9.25
7.12
7.23
6.83
8.17
6.86
8.03
6.69
8.88
8.80
7.23
8.64
8.58
7.11
7.64
7.23
8.28
7.80
9.28
7.67
7.89
8.38
8.73
7.48
8.17
8.12
8.42
7.44
8.97
7.70
8.50
7.67
7.44
9.25
8.42
8.34
7.03
8.95
7.45
7.98
7.28
8.27
9.00
8.20
7.31
7.84
9.61
7.28
7.56
7.31
7.88
7.30
8.61
7.44
7.20
7.95
6.86
8.44
8.11
7.86
8.50
7.19
9.22
7.03
7.12
7.73
6.05
7.36
7.97
8.42
7.02
8.08
8.31
7.98
7.62
7.55
7.30
8.05
9.20
8.03
7.42
7.56
7.20
8.05
8.59
7.59
8.41
7.45
5.45
8.14
7.11
8.39
7.89
6.38
7.42
7.69
7.86
7.42
8.02
7.98
8.83
7.66
7.72
6.95
8.27
7.95
7.52
7.86
7.62
8.34
8.16
6.45
8.69
6.62
8.12
7.38
6.88
8.55
7.94
7.78
7.36
7.62
7.77
7.86
7.09
6.97
8.47
8.38
8.03
7.16
7.44
8.14
7.89
8.23
8.23
7.97
7.91
6.53
8.50
7.73
7.69
7.56
8.33
8.41
6.78
8.16
8.47
8.72
8.42
8.73
8.48
8.19
7.11
8.53
8.12
8.67
7.72
7.94
8.67
9.12
8.86
8.56
8.75
8.19
7.20
7.09
7.20
8.00
8.52
7.91
6.72
8.78
7.23
7.66
7.64
8.22
7.39
8.14
7.12
7.98
8.48
7.19
8.45
7.67
8.45
6.50
8.72
8.69
6.84
8.92
8.75
7.58
7.28
7.03
7.83
7.17
6.86
7.27
6.92
6.91
7.27
6.11
6.48
9.33
7.17
8.38
6.78
8.47
7.36
6.08
6.91
8.53
8.23
8.25
8.94
8.12
7.58
8.64
8.41
8.09
6.64
6.61
7.14
8.28
8.02
7.38
7.95
6.23
7.48
8.34
8.28
8.69
8.61
7.22
8.70
8.36
9.41
8.61
8.50
8.31
8.44
9.62
7.67
7.81
7.33
7.47
9.05
6.20
6.95
7.36
7.39
6.86
7.73
8.20
9.06
8.09
8.11
7.02
7.02
8.80
8.20
8.08
8.14
6.97
8.70
8.03
8.00
8.72
7.88
8.08
9.00
8.39
7.14
7.94
7.39
6.08
8.22
8.73
7.81
8.17
7.58
8.08
7.62
8.48
7.27
8.31
7.23
7.81
7.70
8.70
8.28
7.55
8.33
8.39
7.95
7.56
7.50
7.84
7.33
8.45
6.84
7.03
7.14
8.25
7.44
7.31
6.50
7.38
9.67
8.69
7.89
8.30
7.25
8.56
9.44
7.95
8.97
8.44
9.41
8.16
7.31
7.25
8.25
7.56
9.20
7.91
7.97
7.95
6.89
7.70
6.52
7.80
7.95
8.84
7.67
7.89
7.25
7.25
6.75
8.22
9.55
5.67
7.59
7.86
7.94
9.88
4.75
8.66
8.52
8.27
8.83
7.34
7.62
9.19
8.44
8.47
6.67
7.11
8.12
8.73
8.31
7.61
7.44
6.98
7.98
9.14
7.47
7.89
8.52
8.17
9.86
8.56
7.56
8.72
7.84
8.94
7.80
7.30
8.19
7.88
8.53
8.39
7.28
7.14
8.09
7.83
8.59
6.72
8.30
7.86
7.61
8.66
8.08
8.39
8.55
6.80
8.38
6.91
8.62
7.83
7.05
7.45
7.23
6.98
7.23
8.62
7.27
8.36
8.83
7.75
7.62
8.34
7.45
7.55
7.23
10.05
8.19
7.64
7.42
8.20
6.81
7.25
7.39
7.59
6.69
5.89
7.83
7.23
8.52
6.92
9.27
7.89
7.41
7.42
7.98
8.31
6.75
7.69
8.67
7.62
7.28
6.98
8.81
6.86
7.61
7.47
6.72
7.81
8.22
8.75
8.03
6.05
7.83
7.70
7.91
9.66
7.61
8.20
8.38
7.20
8.77
7.28
7.06
8.16
7.59
7.81
6.69
7.61
6.55
7.70
6.83
7.97
7.61
7.27
7.33
7.34
6.95
6.67
8.69
8.34
7.55
9.28
7.70
7.47
7.89
9.39
7.09
7.36
8.39
6.80
8.16
7.81
8.88
9.05
7.72
7.38
7.25
7.05
7.38
6.72
8.19
7.14
8.17
8.73
7.39
8.91
8.36
7.91
9.34
8.00
7.89
7.73
7.56
9.69
8.36
7.45
8.77
5.77
7.89
8.23
6.75
8.53
7.16
8.20
7.44
7.94
7.95
7.56
6.72
7.58
7.97
8.17
8.14
8.77
7.97
8.84
8.42
8.75
6.02
7.09
7.83
7.73
7.83
6.52
7.33
7.34
8.38
10.20
7.98
6.64
7.81
6.52
7.55
8.36
6.69
6.62
8.27
8.48
7.27
7.83
7.36
7.62
8.58
8.39
5.84
7.88
9.25
10.44
7.16
8.52
7.20
7.31
8.56
8.83
7.89
7.48
8.61
8.12
6.80
7.73
7.84
7.75
6.59
8.42
7.97
7.33
6.33
8.09
9.55
7.03
8.14
7.97
7.72
9.34
7.89
6.92
7.86
6.84
7.94
9.30
6.05
8.47
9.05
7.41
8.66
7.38
8.28
7.11
8.12
7.88
8.17
8.64
6.55
7.86
6.98
6.53
8.77
6.20
8.75
8.59
8.52
7.16
8.69
8.03
9.67
8.38
6.22
7.86
9.56
7.86
6.47
6.95
8.23
6.97
7.48
7.47
8.47
7.86
7.42
8.09
7.59
7.69
8.08
9.22
8.14
8.36
8.45
7.31
7.69
8.30
7.86
5.73
7.22
8.09
7.50
7.72
7.84
8.14
6.52
6.58
7.59
7.25
8.38
7.03
7.50
9.36
6.34
8.72
6.06
7.88
6.77
8.59
8.88
8.81
7.53
8.19
7.47
7.02
8.31
7.83
7.62
6.98
7.59
5.98
6.80
7.17
7.17
7.75
6.78
7.80
7.55
8.41
7.56
6.72
7.19
7.98
8.61
6.95
6.69
7.81
8.33
8.36
7.58
6.92
7.14
8.53
7.17
8.03
8.14
9.08
7.38
9.08
7.19
7.45
6.67
8.25
7.77
8.92
7.00
9.39
8.16
8.61
7.91
7.42
7.97
6.55
9.53
8.02
9.16
8.55
8.23
8.03
9.98
6.98
7.19
7.42
7.39
7.97
7.08
7.83
8.45
7.05
6.38
9.36
8.69
6.84
7.88
7.56
6.53
9.14
8.09
9.72
6.75
9.66
8.58
8.25
6.67
7.75
7.56
7.20
6.22
7.53
7.42
7.81
7.14
8.36
8.06
9.02
8.14
7.52
7.75
7.80
8.11
8.14
8.72
7.52
8.23
7.08
6.48
9.05
7.39
8.02
9.44
6.36
8.47
9.25
7.09
7.73
7.67
7.20
8.53
7.83
6.56
7.75
7.73
7.19
7.58
8.48
7.42
7.67
8.86
8.06
7.67
8.55
7.75
8.33
7.66
7.19
7.59
8.44
7.38
9.06
8.75
7.67
7.81
8.36
8.12
7.50
7.98
9.14
6.48
8.75
7.41
7.83
8.00
6.89
7.66
6.91
6.31
7.81
6.61
8.39
9.05
8.19
9.38
7.89
6.08
8.66
7.31
7.53
7.25
8.02
7.28
8.45
7.34
8.00
6.61
8.20
7.44
8.41
8.14
6.77
8.66
9.20
8.47
5.56
6.67
6.80
8.31
8.00
7.59
9.42
7.41
7.42
8.75
6.94
7.89
8.42
8.53
7.88
6.97
6.09
6.77
7.66
8.03
7.02
6.72
7.41
7.12
5.58
7.48
7.66
6.30
6.92
7.42
7.78
8.80
8.00
7.78
7.50
8.72
7.77
8.48
8.23
6.78
6.94
7.88
7.12
5.50
7.77
8.44
7.23
7.14
8.30
7.91
6.86
6.48
8.17
6.88
7.66
7.97
8.62
9.08
8.70
8.42
8.91
8.28
8.52
8.33
7.98
9.02
7.33
8.30
7.25
7.70
8.41
7.44
8.36
7.41
7.48
8.03
7.97
7.47
8.72
8.64
7.88
7.00
7.73
7.78
7.28
