write_job: (g=0): rw=write, bs=16K-16K/16K-16K/16K-16K, ioengine=libaio, iodepth=32
fio-2.1.10
Starting 1 process

write_job: (groupid=0, jobs=1): err= 0: pid=19747: Fri Oct  2 00:39:37 2015
  write: io=572523MB, bw=162851KB/s, iops=10178, runt=3600005msec
    slat (usec): min=1, max=18183, avg= 8.42, stdev= 3.24
    clat (usec): min=391, max=50272, avg=3133.85, stdev=543.48
     lat (usec): min=401, max=50281, avg=3142.49, stdev=543.48
    clat percentiles (usec):
     |  1.00th=[ 2608],  5.00th=[ 2640], 10.00th=[ 2704], 20.00th=[ 2768],
     | 30.00th=[ 2800], 40.00th=[ 2864], 50.00th=[ 2928], 60.00th=[ 2992],
     | 70.00th=[ 3440], 80.00th=[ 3632], 90.00th=[ 3824], 95.00th=[ 4048],
     | 99.00th=[ 4192], 99.50th=[ 4256], 99.90th=[ 8096], 99.95th=[11200],
     | 99.99th=[12480]
    bw (KB  /s): min=100134, max=168864, per=100.00%, avg=162882.05, stdev=6528.30
    lat (usec) : 500=0.01%, 750=0.01%, 1000=0.01%
    lat (msec) : 2=0.01%, 4=93.98%, 10=5.94%, 20=0.08%, 50=0.01%
    lat (msec) : 100=0.01%
  cpu          : usr=5.65%, sys=15.55%, ctx=36740300, majf=0, minf=28
  IO depths    : 1=0.1%, 2=0.1%, 4=0.1%, 8=0.1%, 16=0.1%, 32=100.0%, >=64=0.0%
     submit    : 0=0.0%, 4=100.0%, 8=0.0%, 16=0.0%, 32=0.0%, 64=0.0%, >=64=0.0%
     complete  : 0=0.0%, 4=100.0%, 8=0.0%, 16=0.0%, 32=0.1%, 64=0.0%, >=64=0.0%
     issued    : total=r=0/w=36641490/d=0, short=r=0/w=0/d=0
     latency   : target=0, window=0, percentile=100.00%, depth=32

Run status group 0 (all jobs):
  WRITE: io=572523MB, aggrb=162850KB/s, minb=162850KB/s, maxb=162850KB/s, mint=3600005msec, maxt=3600005msec

Disk stats (read/write):
  sdd: ios=85/36640794, merge=0/30, ticks=360/114394252, in_queue=114380860, util=100.00%
