0.79
136.72
187.22
181.50
185.11
185.69
181.73
189.27
179.58
188.73
182.00
185.44
185.36
181.94
188.88
179.64
189.30
181.45
186.55
181.86
185.48
180.11
187.22
178.55
187.66
183.08
184.20
186.80
180.72
190.25
179.41
187.86
182.89
184.38
186.45
181.03
189.88
179.59
188.05
182.73
184.62
186.12
181.11
189.89
179.52
188.39
182.44
184.78
185.97
181.34
189.41
179.62
188.69
182.31
185.00
185.72
181.59
189.19
179.56
188.81
182.19
185.31
185.47
181.73
189.00
179.56
188.92
181.86
185.55
185.45
181.98
188.77
179.59
189.20
181.53
185.72
185.19
182.36
188.48
179.62
189.44
181.33
185.86
184.89
182.45
188.55
179.59
189.58
181.17
186.16
184.61
182.64
188.11
179.66
189.98
180.98
186.38
184.31
182.91
187.91
177.82
190.05
180.95
186.53
184.23
183.09
187.64
179.62
190.28
180.47
186.86
184.14
183.33
187.41
179.83
190.30
180.23
187.03
183.84
183.62
187.27
180.08
190.19
180.06
187.28
183.50
183.77
187.23
180.28
190.25
179.83
187.47
183.28
183.97
186.78
180.64
190.27
179.69
187.64
183.11
184.22
186.17
179.55
189.25
178.44
187.12
181.55
183.56
185.09
180.06
188.55
178.42
187.69
181.19
184.16
184.52
180.59
188.06
178.38
188.17
180.56
184.83
183.95
181.20
187.45
178.39
188.77
179.91
185.22
183.67
181.72
186.91
178.39
189.28
179.33
185.84
182.86
182.30
186.58
178.77
189.42
178.84
186.33
182.34
182.80
186.00
179.38
189.45
178.27
186.83
181.84
183.36
185.28
179.86
189.06
178.36
187.44
181.20
183.94
184.53
180.41
188.27
178.42
188.11
180.72
184.48
184.17
180.97
187.70
178.36
188.45
180.45
184.95
183.69
181.48
187.16
178.36
189.09
179.59
185.59
183.30
182.00
186.62
178.55
189.42
179.05
186.11
182.70
182.67
186.09
179.02
189.48
178.52
186.61
182.03
183.14
185.77
179.66
189.00
178.38
187.20
181.44
183.67
185.02
180.28
188.59
178.38
187.73
180.92
184.22
184.42
180.73
188.09
178.44
188.20
180.45
184.72
183.92
181.27
187.41
175.80
189.44
178.27
186.86
181.78
183.36
185.31
179.83
189.05
178.39
187.38
181.27
183.92
184.72
180.42
188.25
178.38
188.09
180.80
184.44
184.22
179.16
187.59
177.55
187.19
179.61
183.72
182.84
180.19
186.38
177.55
187.42
179.14
184.00
182.80
180.45
186.08
177.56
187.62
178.94
184.17
182.50
180.83
185.84
177.56
187.86
178.67
184.39
182.17
180.94
185.86
177.58
188.09
178.45
184.61
181.94
181.14
185.44
177.78
188.25
178.30
184.84
181.72
181.34
185.22
177.88
188.17
178.30
185.00
181.56
181.53
185.00
178.09
188.22
177.83
185.33
181.47
181.73
184.80
178.30
188.22
177.59
185.47
181.20
182.12
184.58
178.48
188.27
177.36
185.70
180.84
182.23
184.56
178.75
187.81
177.56
185.91
180.62
182.47
184.11
179.11
187.69
177.53
186.19
180.39
182.67
183.84
179.22
187.55
177.59
186.41
180.17
182.91
183.66
179.41
187.16
177.53
186.66
180.14
183.14
183.44
179.09
185.16
177.56
184.62
179.30
183.48
182.14
179.86
186.72
177.53
187.03
179.53
183.56
183.25
180.00
186.55
177.55
187.22
179.34
183.77
182.78
180.42
186.39
177.55
187.45
179.11
183.97
182.58
180.50
186.23
177.58
187.75
178.84
184.23
182.33
180.73
185.83
177.55
187.95
178.84
184.45
182.11
180.97
185.31
176.25
187.00
177.27
183.58
180.69
179.91
184.20
176.45
186.97
176.98
183.64
180.69
180.16
183.94
176.69
187.00
176.77
183.83
180.27
180.48
183.84
176.88
187.00
176.56
184.08
180.00
180.61
183.66
177.22
186.97
176.31
184.30
179.80
180.83
183.28
177.34
187.00
176.33
184.53
179.56
181.03
183.06
175.84
186.55
176.34
184.91
179.36
181.22
182.88
177.81
186.28
176.34
184.92
179.39
181.47
182.66
178.00
186.09
176.30
185.19
178.91
181.84
182.48
178.25
185.88
176.33
185.38
178.72
181.91
182.38
178.52
185.66
176.31
185.61
178.50
182.12
181.97
178.67
185.67
176.33
185.81
178.28
182.34
181.77
178.88
185.25
176.38
186.20
178.06
182.53
181.56
179.09
185.00
176.31
186.30
178.05
182.77
175.83
180.72
183.38
177.27
187.00
176.17
184.56
179.78
180.92
183.17
177.50
186.59
176.34
184.66
179.59
181.22
182.95
177.70
186.41
176.33
184.83
179.27
181.41
182.92
177.94
186.17
176.30
185.11
179.00
181.61
182.52
178.31
186.00
176.33
185.30
178.80
181.81
182.30
178.34
185.98
176.31
185.55
178.55
182.06
181.33
176.97
183.97
174.67
184.16
177.00
180.45
180.48
176.84
184.06
174.69
183.95
177.14
180.45
180.55
176.78
184.16
174.67
183.84
177.09
180.27
180.86
176.70
184.23
174.70
183.75
177.16
180.19
180.78
176.77
184.36
174.67
183.69
177.23
180.12
180.80
176.55
184.62
174.67
182.05
177.47
179.94
180.97
176.36
184.58
174.69
183.44
177.72
179.84
181.09
176.25
184.66
174.69
183.36
177.55
179.84
181.33
176.19
184.73
174.69
183.25
177.66
179.67
181.39
176.22
184.81
174.69
183.17
177.77
179.56
181.36
176.00
185.14
174.70
183.09
177.83
179.52
181.39
175.94
185.00
174.73
183.14
177.97
179.42
181.48
175.84
185.34
174.42
182.94
178.23
179.34
179.80
175.73
185.36
174.50
182.81
178.09
179.36
181.83
175.62
185.38
174.59
182.75
178.19
179.12
181.92
175.69
185.33
174.67
182.70
178.23
179.11
181.83
175.52
185.31
175.00
182.61
178.33
179.00
181.94
175.42
185.33
174.91
182.64
178.45
178.94
182.02
175.33
185.33
174.94
182.41
178.72
178.84
182.09
175.27
185.34
175.03
182.30
178.61
178.83
182.33
175.16
185.34
173.59
180.78
177.33
176.95
181.28
173.25
184.12
173.88
180.41
177.72
176.55
181.55
173.06
183.78
174.55
180.00
178.11
174.66
182.06
173.03
183.31
174.80
179.48
178.84
175.70
182.42
173.03
182.91
175.22
179.09
179.00
175.39
182.97
173.03
182.48
175.62
178.66
179.47
174.84
183.44
173.09
182.12
176.00
178.27
179.80
174.47
183.67
173.03
181.77
176.59
177.88
180.25
174.03
184.09
173.00
181.30
176.92
177.59
180.66
173.66
184.09
173.41
180.88
177.22
177.06
181.28
173.23
184.12
173.80
180.50
177.61
176.67
181.42
173.08
184.06
174.25
180.09
178.03
176.25
181.88
173.03
183.48
174.81
179.70
178.44
175.83
182.28
173.05
183.09
175.03
179.28
179.06
175.44
182.67
173.03
182.70
175.42
178.84
179.34
175.17
183.09
173.03
182.25
175.84
178.47
179.66
174.62
183.72
173.05
181.88
176.22
178.08
180.03
174.25
184.12
172.78
181.64
176.70
177.69
180.42
173.86
184.08
173.22
181.06
177.23
177.31
180.84
173.45
184.09
173.61
178.87
177.44
176.88
181.48
173.00
184.14
174.00
180.28
177.84
176.45
181.70
173.09
183.81
173.39
178.38
176.80
174.72
180.48
171.80
181.69
173.75
178.00
177.19
174.30
180.91
171.83
181.27
173.91
177.73
177.69
173.92
181.27
171.81
180.92
174.30
177.19
178.17
173.58
181.66
171.80
180.52
174.69
176.83
178.36
173.16
182.28
171.81
180.12
175.06
176.44
178.73
172.77
182.45
171.89
179.86
175.48
176.03
179.16
172.33
182.48
172.19
179.33
176.09
175.64
179.55
171.97
182.48
172.55
178.94
176.27
175.38
180.03
171.81
182.25
172.94
178.56
176.64
174.86
180.50
171.86
181.84
173.36
178.19
177.00
174.48
180.70
171.81
181.52
173.91
177.80
177.39
174.11
181.09
171.80
181.06
174.23
177.52
177.81
173.70
181.47
171.83
180.70
174.47
177.00
178.44
173.34
181.84
171.81
180.31
174.88
176.61
178.59
173.06
182.52
171.64
179.89
175.31
176.22
178.97
172.52
182.52
172.19
179.53
175.67
175.86
179.34
172.16
182.47
172.38
179.19
176.25
175.41
179.77
171.77
182.44
172.80
178.73
176.56
175.22
180.09
171.83
182.05
173.12
178.36
176.86
174.66
179.91
171.56
181.66
173.53
177.95
177.20
174.31
180.91
171.78
181.44
173.06
176.14
176.12
172.59
179.70
170.58
179.27
173.19
175.78
176.53
172.22
180.06
170.56
178.89
173.39
175.41
177.06
171.88
180.44
170.56
178.56
173.70
175.00
177.39
171.61
180.80
170.59
178.16
174.11
174.61
175.90
169.58
180.86
171.11
177.88
174.52
174.19
178.12
170.59
180.86
171.38
177.34
175.19
173.78
178.48
170.58
180.48
171.78
176.94
175.34
173.53
178.98
170.56
180.14
172.14
176.58
175.69
173.03
179.42
170.61
179.78
172.53
176.22
176.05
172.67
179.61
170.56
179.42
173.09
175.84
176.44
172.30
179.98
170.56
179.00
173.36
175.61
176.81
171.94
180.34
170.58
178.62
173.64
175.09
177.42
171.55
180.81
170.48
178.23
174.02
174.75
177.55
171.25
180.91
170.94
177.88
174.38
174.36
177.94
170.78
180.83
171.42
177.55
174.78
173.97
178.28
170.59
180.67
171.61
177.12
175.34
173.62
178.69
170.58
180.30
170.59
176.75
175.59
173.34
179.09
170.56
179.94
172.34
176.38
175.91
172.84
179.67
170.58
179.56
172.72
176.00
176.25
172.47
179.81
170.58
179.30
173.22
175.62
176.66
172.08
180.17
170.59
178.78
172.55
173.58
175.55
169.81
179.19
169.05
176.31
172.78
172.56
176.78
168.94
179.06
170.03
175.33
173.77
171.59
177.55
168.95
178.30
170.95
174.41
174.69
170.66
178.44
168.94
177.16
172.19
173.42
175.67
169.69
179.19
169.16
176.20
172.89
172.56
176.75
168.94
179.00
170.11
175.23
173.84
171.52
177.73
169.00
178.05
171.08
174.25
174.84
170.53
178.56
168.95
177.08
172.22
173.31
175.80
169.58
179.19
169.28
176.06
173.09
172.50
176.75
168.92
178.89
170.22
175.14
173.97
171.36
176.38
167.33
177.97
171.28
174.08
175.00
170.34
178.72
168.97
176.83
172.44
173.16
175.97
169.38
179.19
169.47
175.89
173.20
172.28
177.05
168.92
178.69
170.41
174.94
174.17
171.20
178.06
169.00
177.70
171.38
174.00
175.11
170.23
178.86
168.94
176.81
172.50
173.03
176.06
169.28
179.17
169.56
175.81
173.42
172.16
177.05
168.92
178.59
170.53
174.81
174.25
171.12
178.22
168.92
177.62
171.48
173.89
175.20
170.14
179.17
168.77
176.80
172.47
172.94
176.14
169.20
179.17
169.67
175.67
173.66
171.97
177.12
168.95
178.47
170.64
174.73
173.62
169.42
176.64
167.28
175.88
169.94
172.12
173.69
168.41
177.53
167.34
175.00
170.86
171.20
174.66
167.42
177.55
168.12
173.97
172.08
170.23
175.59
167.31
176.72
169.09
172.97
172.88
169.41
176.59
167.31
175.75
170.06
172.03
173.77
168.28
177.58
167.50
174.81
171.00
171.06
174.77
167.33
177.55
168.23
173.97
172.09
170.11
175.69
167.31
176.62
169.20
172.86
173.11
169.20
176.69
167.27
175.70
170.14
171.92
173.91
168.17
177.58
167.58
174.70
171.11
170.95
174.88
167.23
177.53
168.44
173.89
172.08
170.00
175.83
167.30
176.52
169.28
172.80
173.23
169.08
176.77
167.30
175.55
170.28
171.81
174.00
168.19
177.58
167.56
174.59
171.23
170.86
174.95
167.30
177.38
168.66
173.67
172.16
169.91
175.94
167.30
176.41
169.39
172.70
171.91
168.95
176.94
167.30
175.36
170.48
171.62
174.17
167.89
177.56
166.24
174.41
171.41
170.69
175.14
167.28
177.17
168.72
173.59
172.38
169.72
176.09
167.33
176.22
169.58
172.48
173.58
168.75
177.06
167.30
175.28
170.55
171.52
174.30
167.88
177.59
167.86
174.31
171.52
170.58
174.94
165.66
175.44
167.27
171.80
170.81
167.97
174.58
165.64
174.50
168.05
170.75
172.00
167.03
175.52
165.67
173.53
169.00
169.80
172.80
166.20
175.94
166.22
172.59
169.95
168.84
173.72
165.62
175.38
167.41
171.62
170.94
167.86
174.67
165.66
174.38
168.17
170.78
171.98
166.92
175.89
165.39
173.42
169.12
169.67
173.05
166.00
175.89
166.36
172.44
170.11
168.70
173.81
165.64
175.33
167.45
171.52
171.03
167.78
174.77
165.67
174.27
168.36
170.67
172.00
166.80
175.94
165.47
173.31
169.23
169.58
173.19
165.84
175.94
166.42
172.38
170.17
168.62
173.91
165.69
175.28
167.47
171.41
171.12
167.66
174.88
165.67
174.19
168.56
170.44
172.11
166.70
175.92
165.59
173.22
169.30
169.52
173.28
165.72
175.94
166.55
172.23
170.30
168.47
174.16
165.69
175.16
167.48
171.31
171.20
167.61
174.97
165.66
174.06
168.70
170.36
172.17
166.62
175.91
165.67
173.12
169.44
169.52
173.25
165.64
175.89
166.67
172.12
170.39
168.42
174.33
165.67
174.95
167.61
171.19
171.34
167.44
175.11
165.66
174.05
168.72
170.23
172.30
166.50
175.91
164.25
171.36
168.02
167.75
171.62
164.03
174.12
165.14
170.39
167.19
166.64
172.84
164.00
173.20
166.06
169.45
169.81
165.70
173.59
163.53
171.75
166.66
169.06
170.31
165.25
174.27
163.77
171.77
167.50
168.03
171.45
164.30
174.25
164.72
170.83
168.45
167.05
172.23
164.06
173.70
162.61
171.45
167.80
167.78
171.70
164.00
174.30
165.00
170.52
168.73
166.78
172.59
164.08
173.36
165.97
169.56
169.69
165.84
173.42
164.00
172.36
167.16
168.61
170.64
164.88
174.25
164.17
171.36
167.94
167.77
171.70
162.94
174.16
165.09
170.44
168.88
166.66
172.81
164.03
173.19
166.06
169.47
169.81
165.72
173.56
164.00
172.28
167.22
168.47
170.78
164.77
174.27
164.25
171.25
168.17
167.61
171.72
164.03
174.03
165.22
170.33
168.95
166.56
172.94
164.00
173.09
166.19
169.34
169.92
165.61
173.66
164.06
172.28
167.16
168.41
170.84
164.66
174.28
164.34
171.19
168.31
167.44
171.83
164.02
173.94
165.34
170.19
169.06
166.56
172.92
164.03
173.00
166.27
169.25
170.00
165.53
173.84
164.08
172.08
167.25
168.28
170.50
162.80
172.23
162.97
168.88
166.98
165.08
170.53
162.34
171.19
164.47
167.34
168.31
163.75
172.25
162.19
169.66
165.94
165.91
169.72
162.38
171.94
163.91
168.19
167.44
164.41
171.22
162.38
170.47
165.16
166.80
169.03
162.94
172.20
162.86
167.58
166.72
165.12
170.45
162.42
171.28
164.56
167.41
168.20
163.64
172.22
162.14
169.70
166.05
166.00
169.70
162.38
172.00
163.62
166.55
167.41
164.44
171.39
162.38
170.53
165.09
166.73
168.88
162.97
172.20
162.89
169.19
166.59
165.25
170.36
162.39
171.31
164.30
167.55
168.30
163.77
171.84
162.39
169.84
165.77
166.06
169.55
162.39
172.25
163.58
168.38
167.27
164.56
171.03
162.39
170.64
165.16
166.92
168.73
163.09
172.22
162.69
169.16
166.45
165.39
170.44
162.41
171.44
164.16
167.69
167.94
163.89
171.78
162.42
170.11
165.61
166.22
169.44
162.39
172.23
163.36
168.48
167.34
164.72
170.89
162.39
170.78
164.83
167.00
168.62
163.34
172.28
162.61
169.28
166.34
165.52
170.08
162.39
171.58
164.25
167.84
167.78
164.05
171.56
162.39
170.09
165.52
166.36
169.03
160.94
170.58
161.58
166.97
165.38
163.20
169.22
160.78
169.36
163.08
165.50
166.86
161.69
170.61
160.78
167.77
164.80
164.00
168.33
160.73
170.06
162.28
166.28
166.06
162.66
169.89
160.73
168.59
163.75
164.83
167.52
161.03
170.59
161.67
167.11
165.25
163.31
169.00
160.75
169.38
162.97
165.69
166.88
161.86
170.58
160.66
167.91
164.41
164.14
168.34
160.78
170.27
162.12
166.41
165.94
162.66
169.67
160.73
168.72
163.84
164.97
167.38
161.17
170.58
161.34
167.22
165.17
163.58
168.94
160.72
169.53
162.81
165.75
166.58
162.00
170.58
160.75
168.03
164.31
164.22
168.11
160.75
170.33
162.00
166.67
165.89
162.78
169.58
160.73
168.84
163.45
165.11
165.73
161.36
170.61
161.20
167.38
164.95
163.58
168.78
160.72
169.70
162.86
164.50
166.53
162.02
170.58
160.50
168.06
164.28
164.28
168.28
160.72
170.38
161.97
166.59
165.75
162.83
169.56
160.77
169.03
163.47
165.09
167.22
161.34
170.58
161.17
167.41
165.16
163.62
168.72
160.72
169.70
162.64
165.94
166.42
162.23
170.30
160.77
168.20
164.14
164.44
167.11
157.39
170.58
158.97
165.77
163.55
160.95
168.34
157.45
169.28
160.00
164.53
164.97
159.73
169.56
157.47
168.03
161.23
163.27
166.09
158.64
169.00
157.97
166.73
162.56
161.92
167.34
157.47
170.27
159.09
165.64
163.80
160.70
168.58
157.45
169.05
160.25
164.25
165.25
159.47
169.81
157.44
167.84
161.47
163.03
166.25
158.36
170.61
158.00
166.59
162.70
161.80
167.47
157.47
170.12
159.36
165.38
163.94
160.58
168.72
157.44
168.89
160.41
164.14
165.36
159.36
169.94
157.47
167.66
161.62
162.89
166.45
158.25
170.59
158.06
166.44
162.83
161.67
167.62
157.47
170.00
159.50
165.23
164.03
160.47
168.83
157.47
168.78
160.52
164.11
165.41
159.22
170.05
157.48
167.55
161.73
162.77
166.69
158.03
170.58
158.17
166.33
162.97
161.53
167.73
157.47
169.92
159.58
165.09
162.91
160.20
169.09
157.47
168.53
160.73
163.77
165.75
158.95
170.59
157.20
167.30
161.98
162.52
166.83
157.88
170.62
158.41
166.06
163.20
161.33
167.98
157.45
169.62
158.31
164.86
164.42
160.08
169.22
157.44
167.91
160.36
163.69
164.36
160.00
164.89
157.47
166.45
158.97
162.94
162.31
159.36
165.86
157.47
165.28
160.00
161.92
163.47
158.20
166.94
157.53
164.16
161.08
160.62
164.83
157.47
166.52
158.72
162.98
162.22
158.12
165.81
157.47
165.30
160.17
161.77
163.45
158.20
166.91
157.59
164.11
161.11
160.69
164.77
157.45
166.52
158.70
162.98
162.25
159.44
165.92
157.50
165.41
159.86
161.84
163.41
158.28
166.91
157.50
164.20
161.23
160.69
164.55
157.45
166.58
158.64
163.03
162.25
159.64
165.73
157.48
165.42
159.80
161.91
163.33
158.36
166.91
157.62
164.30
160.94
158.03
164.64
157.42
166.52
158.75
162.95
162.27
159.59
165.86
157.45
165.31
159.91
161.81
163.39
158.27
166.89
157.73
164.20
161.03
160.67
164.55
157.48
166.55
158.69
163.12
162.31
159.45
165.78
157.44
165.41
159.84
161.86
163.52
158.41
166.91
157.44
164.23
161.00
160.70
164.50
157.47
165.14
158.45
162.25
161.11
159.41
163.97
157.47
164.36
159.08
161.67
161.83
158.69
164.69
157.44
163.66
159.72
160.80
162.78
159.23
165.28
157.62
162.97
160.39
160.11
163.45
157.47
165.08
158.31
162.20
161.14
159.36
164.03
157.47
164.39
159.14
161.56
161.86
158.64
164.73
157.42
163.64
159.86
160.84
162.62
157.91
165.27
157.64
162.91
160.48
160.05
163.50
157.50
165.00
158.38
162.12
161.25
159.28
164.09
157.50
162.69
159.19
161.47
161.94
158.56
164.80
157.45
163.55
160.05
160.62
162.73
157.83
165.25
157.75
162.83
160.55
160.03
163.52
157.48
164.94
158.47
162.05
161.28
159.23
164.28
157.48
164.17
159.22
161.39
162.00
158.55
164.84
157.45
163.45
160.12
160.58
162.78
157.73
165.27
157.86
162.72
160.69
160.03
163.47
157.50
164.84
158.53
161.97
161.41
159.14
164.45
157.41
164.08
159.28
161.33
161.31
156.47
163.28
155.41
161.78
158.20
158.64
161.09
155.66
163.58
155.89
160.91
159.00
157.97
161.81
155.42
163.05
156.69
160.09
159.66
157.12
162.81
155.41
162.31
157.44
159.31
160.42
156.36
163.58
155.30
161.66
158.19
158.56
161.19
155.59
163.55
156.00
160.77
159.17
157.78
161.92
155.47
162.94
156.77
160.05
159.73
157.12
162.80
155.42
162.14
157.59
159.27
160.45
156.28
163.62
155.47
161.38
158.34
158.50
161.28
155.48
163.61
156.03
160.75
159.16
157.72
162.06
155.41
162.97
156.78
159.94
159.91
157.00
162.84
155.41
162.19
157.56
159.19
160.56
156.16
163.62
155.50
161.48
158.33
158.41
161.34
155.38
163.62
156.16
160.77
159.17
157.62
162.12
155.31
162.94
156.88
159.88
160.03
156.94
162.84
155.41
162.09
157.66
159.11
160.64
156.12
163.66
155.58
161.30
158.44
158.34
161.41
155.31
163.62
156.31
160.62
158.59
156.22
160.59
154.19
161.12
155.69
158.31
158.72
155.38
161.44
154.16
160.44
156.41
157.59
157.64
154.88
162.03
154.28
159.72
157.12
156.88
159.94
154.19
161.81
155.22
158.97
157.84
156.06
160.75
154.16
161.06
155.75
158.31
158.73
155.39
161.41
154.19
160.34
156.47
157.53
159.41
154.75
161.91
154.44
159.62
157.19
156.75
160.09
154.16
161.75
155.28
158.91
157.91
156.06
160.72
154.22
161.00
155.00
158.19
158.78
155.34
161.50
154.16
160.31
156.50
157.47
159.56
154.62
161.94
154.44
159.56
157.25
156.72
160.11
154.19
161.73
155.22
158.81
158.08
155.97
160.86
154.17
160.92
156.03
158.12
158.75
155.25
161.56
154.16
160.25
156.59
157.36
159.67
154.53
161.95
154.48
159.44
157.41
156.62
160.22
154.22
161.72
155.25
158.72
158.09
155.91
160.91
154.19
160.83
156.20
157.97
158.83
155.20
161.64
154.16
160.08
155.70
155.73
157.97
152.84
160.34
152.94
157.75
155.78
154.91
158.77
152.58
159.88
153.72
156.94
156.59
154.19
159.34
152.56
159.12
153.38
156.31
157.22
153.47
160.31
152.31
158.41
155.19
155.67
158.00
152.73
160.27
153.11
157.67
155.86
154.84
158.91
152.53
159.81
153.72
156.97
156.58
154.11
159.44
152.53
157.88
154.59
156.19
157.34
153.34
160.36
152.39
158.31
155.38
155.56
158.03
152.66
160.31
153.12
157.56
155.97
154.77
158.97
152.52
159.64
153.92
156.89
156.67
154.00
159.55
152.61
159.09
154.53
156.16
157.42
153.30
160.31
152.47
158.25
155.50
153.82
158.14
152.59
160.34
153.19
157.52
156.00
154.80
158.97
152.53
159.62
153.91
156.78
156.78
153.94
159.75
152.56
158.94
154.64
156.05
157.50
153.19
160.34
152.53
158.19
155.56
155.31
158.22
152.47
160.34
153.27
157.45
156.16
154.75
158.94
152.53
159.56
151.44
153.66
153.81
150.66
157.00
149.25
155.88
151.56
152.91
154.56
149.89
157.45
149.38
155.20
152.45
152.12
155.31
149.28
157.31
150.12
154.34
153.28
151.41
156.06
149.27
156.58
150.88
153.58
153.89
150.59
157.06
149.25
155.81
151.66
152.73
154.70
148.84
157.45
149.55
155.12
152.44
152.03
155.41
149.25
157.25
150.22
154.25
153.41
151.28
156.16
149.28
156.47
150.97
153.50
153.94
150.62
157.03
149.28
155.72
151.72
152.72
154.73
149.73
157.47
149.72
154.94
152.52
151.92
155.53
149.25
150.45
149.27
155.41
152.09
153.59
155.00
149.52
157.47
149.89
154.77
152.81
151.55
155.91
149.25
156.84
150.61
153.88
153.80
150.83
156.62
149.23
156.03
151.44
153.11
154.36
150.09
157.58
149.23
155.30
152.14
152.36
155.08
149.31
157.52
150.06
154.58
152.84
151.66
155.86
149.28
156.78
150.67
153.75
153.91
150.80
156.58
148.03
155.69
150.66
152.34
154.11
149.08
157.52
148.00
154.92
151.48
151.47
154.91
148.03
157.48
149.11
154.05
152.33
150.52
155.88
148.03
156.58
149.83
153.25
153.34
149.72
156.66
148.03
152.94
150.67
152.28
154.23
148.91
157.47
148.11
154.83
151.56
151.41
155.00
147.94
157.50
149.19
153.88
152.50
150.44
155.95
148.03
156.48
149.95
153.20
153.34
149.62
156.72
148.00
155.69
150.78
152.17
154.36
148.78
157.50
148.19
154.75
151.62
151.31
155.09
148.03
157.41
149.19
153.78
152.59
150.44
155.95
148.05
156.31
150.22
153.03
153.41
149.53
156.83
148.00
155.58
150.88
152.09
154.45
148.64
157.52
148.31
154.64
151.75
151.14
155.30
148.08
157.30
149.19
153.75
152.62
150.33
156.08
148.03
156.28
150.31
152.86
153.52
149.45
156.91
148.06
155.44
150.94
152.12
154.47
148.58
157.42
148.44
154.55
151.84
151.11
155.06
146.47
155.06
147.59
151.77
150.88
148.47
154.17
146.39
154.28
148.56
150.94
151.73
147.62
155.02
146.39
153.36
149.38
150.20
152.55
146.81
155.41
146.81
152.55
150.12
149.23
153.61
146.39
154.97
147.67
151.67
150.97
148.39
154.27
146.41
154.23
148.59
150.83
150.88
147.55
155.09
146.39
153.28
149.55
150.03
152.64
146.69
155.42
146.94
149.89
150.36
147.72
153.73
146.39
154.64
148.20
151.38
151.27
148.09
154.55
146.41
153.80
148.83
150.61
152.27
147.23
155.38
146.42
152.97
149.66
149.67
153.12
146.45
155.42
147.20
152.16
150.50
148.84
153.81
146.39
154.58
148.28
151.28
151.38
147.97
154.67
146.39
153.72
148.97
150.56
152.23
147.14
155.41
146.48
151.38
149.75
149.59
153.28
146.38
155.31
147.34
152.03
150.59
148.77
153.89
146.41
154.56
148.30
151.16
151.48
147.88
154.73
146.42
153.62
149.16
150.39
152.31
147.00
153.75
146.42
151.75
149.06
149.11
151.86
146.50
153.78
146.91
151.25
149.53
148.66
152.17
146.42
153.55
147.38
150.78
150.00
148.17
152.59
146.41
152.94
148.06
150.31
150.48
147.67
153.12
146.36
152.45
148.36
149.91
151.08
147.20
153.78
146.20
151.94
148.83
149.34
151.59
146.80
153.75
146.72
151.47
149.30
147.61
152.00
146.39
153.55
147.34
151.03
149.84
148.33
152.45
146.38
153.08
147.73
150.45
150.52
147.84
152.97
146.38
152.59
148.19
149.97
150.84
147.48
153.48
146.38
152.14
148.67
149.50
151.28
146.86
153.80
146.72
151.66
149.12
149.03
151.77
146.39
153.78
147.00
151.25
149.75
148.55
152.23
146.41
153.30
147.48
150.69
150.22
148.16
152.70
146.39
152.81
147.97
150.22
150.58
147.58
153.42
146.39
152.33
148.45
149.73
151.06
147.06
153.81
146.36
151.97
148.95
149.23
151.56
146.62
153.78
145.28
150.03
148.16
147.23
150.75
144.73
152.28
145.69
149.52
148.45
146.81
151.38
144.75
151.78
146.19
149.00
148.97
146.25
151.84
144.78
151.34
146.69
148.52
149.48
145.70
152.27
144.73
150.73
147.45
148.00
149.95
145.25
152.52
144.98
150.25
147.77
147.61
150.52
144.70
152.56
145.44
149.75
148.25
145.51
151.20
144.73
152.03
145.97
149.23
148.73
146.45
151.52
144.75
151.61
146.55
148.75
148.19
145.97
152.03
144.72
151.00
147.16
148.25
149.78
145.45
152.52
144.73
150.48
147.52
147.70
150.45
144.95
152.53
145.25
149.98
148.00
147.19
150.84
144.77
152.36
145.75
149.45
148.52
146.70
151.25
143.78
151.67
145.67
152.06
144.75
150.94
147.02
148.19
149.97
145.42
152.53
144.81
150.42
147.55
147.64
150.33
143.84
150.22
144.75
149.45
144.77
151.88
146.09
149.12
149.05
146.38
151.61
144.75
151.39
145.38
145.95
146.47
144.03
148.50
143.09
147.62
144.78
145.55
146.81
143.52
148.88
143.30
147.22
145.17
145.16
147.22
143.12
148.88
143.48
146.94
145.61
144.84
147.55
143.11
148.53
143.84
146.48
146.03
144.52
147.91
143.12
148.14
144.22
146.12
146.23
144.09
148.52
143.09
147.80
144.59
145.73
146.03
143.91
148.50
143.11
147.56
144.80
145.56
146.94
143.59
148.83
143.14
147.20
145.17
145.19
147.19
143.16
148.84
143.69
146.83
145.53
144.81
147.58
143.08
148.53
143.95
146.58
145.89
144.45
147.95
143.11
148.12
144.23
146.09
146.50
144.05
147.12
143.14
148.09
144.38
145.98
146.41
143.94
148.44
143.09
147.64
144.94
145.61
146.77
143.55
148.88
143.06
147.27
145.12
145.25
146.92
143.19
148.84
143.47
146.88
145.50
144.83
147.70
143.12
148.58
143.83
146.50
145.89
144.44
147.94
143.09
148.22
142.93
146.12
145.58
142.59
146.97
141.45
146.64
143.03
144.56
145.11
142.36
147.17
141.50
146.38
143.19
144.27
145.50
142.14
147.59
141.30
146.16
143.39
144.03
145.53
142.05
147.66
141.52
145.97
143.61
143.80
145.77
141.69
147.62
141.92
145.70
143.86
143.58
146.00
141.45
147.61
141.94
145.56
144.20
143.39
146.17
141.47
147.41
142.17
145.25
144.41
143.25
146.42
141.47
147.16
142.41
145.03
144.55
142.89
146.86
141.47
146.94
142.62
144.81
144.75
142.67
146.88
141.50
146.86
142.88
144.59
144.97
142.47
147.12
141.44
146.50
143.27
144.38
145.17
142.25
147.34
141.47
146.25
143.31
144.19
145.58
142.00
147.61
141.42
146.03
143.53
143.92
145.72
141.89
147.64
141.61
145.83
143.72
143.69
145.91
141.55
147.64
142.03
145.61
143.95
142.28
146.09
141.45
147.52
142.06
145.50
144.25
143.25
146.33
141.45
147.28
142.27
145.17
143.80
141.30
144.53
139.84
145.03
140.80
143.05
142.77
141.11
144.92
139.83
144.83
140.97
142.86
142.97
140.88
145.03
139.88
144.69
141.22
142.61
143.20
140.62
145.20
139.80
144.42
141.62
142.44
143.39
140.44
145.56
139.62
144.19
141.69
142.31
143.66
140.25
145.55
139.86
144.00
141.81
142.00
144.03
140.03
145.55
140.06
143.77
142.06
141.77
142.92
139.75
145.56
140.53
143.50
142.31
141.52
144.31
139.83
145.28
140.55
143.34
142.66
141.31
144.52
139.81
145.09
140.75
143.09
141.41
141.20
144.70
139.83
144.86
140.97
