1.79
7.31
5.61
4.64
6.33
4.55
6.03
5.20
4.50
6.45
4.89
5.36
4.66
5.39
5.50
5.80
5.62
5.23
5.55
6.30
4.14
4.55
5.23
5.30
4.94
6.91
6.22
6.08
4.95
6.58
6.11
5.86
6.28
5.33
6.56
5.97
5.50
5.06
5.78
5.00
7.05
8.48
7.12
5.23
4.53
5.20
5.62
5.11
4.38
6.33
5.02
5.56
6.19
5.53
5.97
4.95
4.94
6.06
5.77
6.34
5.14
5.89
5.27
5.27
5.39
6.16
6.05
6.08
5.44
4.64
5.16
5.81
5.89
5.00
4.45
5.28
4.31
4.86
5.73
4.50
5.16
5.94
4.28
6.08
5.44
5.91
7.09
5.30
6.08
5.56
5.86
5.58
5.62
5.61
5.52
6.12
5.02
5.84
5.81
6.56
6.70
4.92
5.19
5.44
4.67
4.00
5.42
5.80
6.48
5.05
5.12
4.92
5.64
6.50
5.75
6.23
5.05
5.58
5.00
5.05
6.50
4.56
6.31
5.69
4.48
4.67
5.44
5.08
4.55
5.05
5.64
5.31
4.30
7.58
5.06
5.83
4.62
4.94
5.53
5.22
4.75
4.81
6.47
6.97
5.44
5.56
4.66
4.75
5.25
5.05
5.06
5.38
6.50
5.94
4.70
6.17
5.72
5.19
5.02
6.03
5.06
5.53
5.66
4.45
5.97
4.48
4.27
4.61
5.67
5.95
6.45
4.81
6.67
5.28
6.80
6.61
6.20
5.94
5.33
6.25
5.75
4.34
5.83
5.59
5.08
6.80
5.52
5.45
6.70
6.17
5.61
6.42
3.81
5.56
5.30
5.67
5.23
6.12
4.61
4.36
5.28
5.88
6.64
5.47
5.72
4.75
5.09
5.09
5.55
4.86
5.89
5.81
5.50
6.67
7.03
5.44
5.59
5.33
5.31
5.89
6.30
6.39
5.52
5.31
6.80
6.11
5.72
6.06
4.36
5.34
5.03
5.31
5.11
5.83
5.05
6.56
6.28
5.61
4.66
4.47
4.75
4.97
4.42
6.03
5.72
5.58
4.94
5.56
5.80
5.84
5.58
6.05
5.50
6.75
6.02
4.83
6.34
5.47
5.56
5.67
6.55
6.38
6.78
5.28
5.25
4.59
4.78
5.36
4.59
5.62
5.00
5.94
5.38
5.22
4.97
4.86
4.59
5.39
6.25
4.77
4.98
4.31
5.23
4.75
5.47
4.33
6.42
5.39
5.48
5.31
5.77
6.94
6.27
5.78
5.31
5.70
5.25
5.08
6.12
5.39
4.83
4.41
4.53
4.78
5.36
5.84
5.80
5.67
5.09
5.28
4.45
4.56
6.66
4.81
5.05
4.84
5.47
5.55
6.81
5.75
5.84
5.45
6.59
5.75
6.91
5.50
6.67
5.48
6.38
7.66
5.67
4.61
5.38
5.52
5.48
5.50
4.92
4.38
6.83
5.72
4.62
6.05
5.41
5.59
4.88
6.09
4.25
5.69
4.55
5.42
5.06
4.38
5.19
5.41
6.50
5.16
4.45
5.86
5.58
5.50
5.66
6.20
5.14
4.70
6.34
4.92
5.66
5.20
4.59
6.17
5.64
4.31
4.94
5.39
5.17
5.80
5.64
5.94
5.02
6.22
5.06
6.28
5.06
5.12
5.44
5.27
5.81
6.02
5.75
4.23
5.42
6.47
5.81
6.78
6.41
5.80
5.89
5.33
5.64
6.64
5.95
5.20
6.20
4.17
6.73
5.70
4.70
4.50
6.33
5.14
5.34
5.61
5.38
5.77
5.22
5.27
5.41
5.20
7.75
6.06
5.08
4.08
5.19
6.69
4.95
5.72
6.50
6.20
6.09
4.50
5.88
6.59
5.56
6.14
5.77
4.83
6.42
5.17
4.86
6.38
4.75
5.72
6.39
6.28
5.31
5.12
6.38
5.81
7.52
5.77
5.12
4.61
5.66
5.73
6.56
5.45
5.31
4.45
4.64
6.95
4.05
4.64
4.64
5.19
5.36
6.66
5.78
7.03
5.89
4.81
5.83
5.97
4.20
6.17
7.23
5.78
6.58
5.84
5.92
6.80
5.05
5.44
4.27
4.77
5.27
5.58
6.36
4.75
5.88
4.23
5.81
5.44
5.88
5.62
5.39
5.72
5.64
4.16
4.59
6.27
6.97
5.20
6.05
7.53
5.20
5.09
5.12
6.42
6.91
5.17
5.94
6.28
6.48
6.55
5.38
6.08
5.19
6.70
5.34
6.55
6.53
4.98
5.77
5.73
5.84
5.50
5.81
5.38
5.95
5.89
5.80
6.77
5.45
5.88
5.50
6.05
4.77
5.92
5.92
4.92
5.72
4.97
6.42
5.78
5.91
6.28
7.22
5.91
5.11
5.52
4.39
5.33
7.06
4.92
5.36
6.27
5.08
4.05
6.02
4.66
4.97
4.12
4.52
5.02
5.39
5.48
4.92
6.88
5.44
3.92
5.86
5.81
5.81
5.36
4.48
7.14
5.58
6.91
7.05
5.44
5.81
5.91
6.25
4.09
5.77
5.94
5.84
6.06
5.73
6.02
5.98
6.12
5.55
4.73
5.41
4.73
5.41
4.78
5.28
5.30
5.00
4.00
5.05
4.55
5.03
4.84
6.67
5.42
4.70
5.69
4.64
6.48
5.69
4.84
4.52
4.27
5.48
5.61
6.72
6.08
6.28
5.69
6.33
4.95
6.67
7.78
4.56
6.06
4.70
5.72
6.20
5.89
4.56
5.22
6.72
6.02
4.58
5.77
5.56
4.80
4.89
6.30
5.69
6.30
5.83
4.75
4.86
4.67
4.28
6.11
4.52
5.59
4.31
4.80
6.17
5.70
5.84
6.03
5.39
6.00
4.66
5.58
7.56
6.17
5.56
5.47
5.53
5.89
7.41
5.16
7.17
4.84
5.28
5.11
4.25
5.08
5.45
4.58
6.66
5.75
6.03
5.28
4.06
4.00
4.97
6.48
5.44
3.78
4.73
6.45
4.69
5.28
4.62
5.45
5.53
5.72
4.67
3.95
4.70
5.59
5.53
6.11
5.06
5.59
5.56
6.09
6.83
5.33
5.41
4.80
4.62
5.64
5.56
6.48
6.19
6.03
4.39
6.02
5.66
5.47
5.95
5.81
5.55
4.39
4.02
5.38
4.66
4.03
5.27
4.66
4.75
5.39
4.66
4.81
5.23
4.97
5.48
6.23
5.17
5.45
5.77
4.62
4.91
6.25
5.56
6.77
3.94
7.06
6.39
4.23
4.52
5.53
5.88
6.38
4.44
4.95
5.05
4.42
5.19
5.86
6.62
5.62
4.69
5.78
5.72
5.03
5.28
5.22
4.59
5.91
5.47
6.52
5.22
5.34
5.91
5.69
5.77
6.27
4.81
6.31
5.55
4.69
5.39
4.53
5.45
4.92
6.16
5.62
5.34
5.16
6.47
6.31
5.67
5.81
5.31
5.91
4.73
5.81
5.20
5.30
5.66
4.91
4.86
4.75
7.23
7.22
5.73
6.27
5.39
7.05
5.64
6.31
6.36
5.22
5.78
6.42
5.73
6.16
6.14
6.00
5.52
5.83
5.83
6.09
5.64
5.00
5.80
4.55
7.31
4.66
6.08
5.42
5.09
6.17
5.84
6.05
5.72
5.31
5.31
5.77
5.05
5.19
5.69
5.86
6.09
6.59
4.75
5.84
5.77
5.88
6.70
6.23
5.27
5.62
5.20
4.45
5.94
6.69
6.55
4.34
4.73
7.09
6.83
6.83
4.75
5.69
6.08
4.95
5.05
7.05
4.80
5.89
6.11
5.30
6.09
5.55
5.62
5.89
4.86
5.52
5.47
4.80
4.86
6.53
5.00
5.58
5.17
6.55
5.88
5.78
5.25
5.64
6.14
4.47
5.66
5.22
6.20
5.77
5.62
5.41
5.61
5.09
5.03
4.91
4.92
5.69
5.95
5.80
5.47
5.48
5.41
4.81
6.12
5.19
5.44
5.70
4.80
6.22
6.14
6.17
5.28
6.17
6.03
5.77
5.91
6.56
5.98
6.14
6.14
4.95
6.16
4.89
5.34
5.83
5.50
4.42
6.08
5.92
5.83
5.73
6.09
5.56
5.59
4.47
6.16
5.64
6.30
4.94
5.91
4.38
5.88
5.48
5.17
4.66
5.56
5.52
6.00
4.89
5.34
5.39
6.09
6.03
5.48
5.73
5.71
5.53
7.20
5.81
7.23
6.02
5.36
5.56
5.88
7.89
4.36
5.66
7.30
5.61
5.48
5.38
6.30
4.28
6.34
5.12
6.47
4.09
5.31
6.72
5.42
4.70
4.41
6.00
5.58
6.02
4.23
5.98
6.66
7.28
4.48
5.88
5.58
5.36
4.47
4.36
7.17
6.84
6.02
5.44
5.17
4.84
5.78
5.02
5.05
4.69
4.75
7.08
6.72
6.05
6.72
5.55
4.80
7.12
5.73
5.52
6.20
5.19
5.52
5.55
4.78
5.86
4.06
5.92
5.72
5.59
5.45
5.08
5.92
5.28
6.84
7.23
5.34
4.70
6.08
5.22
5.02
6.44
5.75
4.31
5.75
6.38
6.02
5.78
4.75
6.30
4.69
6.50
5.22
5.44
6.28
4.89
5.23
6.00
4.02
5.27
4.64
4.66
4.83
5.98
4.06
6.02
5.97
4.89
5.78
5.45
6.08
6.98
4.91
5.12
5.64
5.77
4.45
6.06
5.36
5.80
5.14
6.31
5.30
4.08
5.77
5.47
6.36
5.34
6.52
5.33
6.81
4.81
5.44
4.34
4.78
5.67
4.83
6.47
6.02
4.67
4.69
5.47
5.00
6.16
6.06
6.02
5.38
5.05
5.05
4.28
5.03
5.17
4.44
4.53
6.19
5.61
5.47
5.61
5.70
6.38
4.69
4.44
6.89
4.81
4.61
6.44
5.75
5.77
5.38
6.45
6.34
5.27
5.66
5.84
5.36
5.16
4.62
4.92
5.02
5.68
6.14
4.02
6.45
6.14
6.95
5.86
7.62
6.23
5.66
5.16
4.56
5.08
4.88
5.89
5.08
5.06
6.94
4.91
5.30
6.12
6.08
6.16
5.70
5.83
5.66
5.89
4.84
4.52
6.14
4.69
4.88
5.27
5.58
5.42
4.91
6.23
4.89
6.69
6.16
4.95
4.94
4.83
5.25
3.89
4.22
5.77
5.08
5.05
5.50
5.89
5.12
4.78
4.25
4.59
5.11
5.78
4.59
5.97
4.98
7.62
4.58
5.41
4.89
5.94
6.09
5.42
4.81
5.09
5.22
5.00
5.48
4.86
5.92
5.02
5.39
5.45
5.39
4.52
4.94
5.95
5.59
5.72
4.80
6.39
4.56
6.47
5.66
6.12
4.36
5.92
5.20
5.33
7.03
4.50
5.61
4.72
5.97
6.09
7.06
5.97
6.59
7.00
5.14
4.92
5.64
5.12
6.59
6.12
5.39
4.95
5.27
5.59
6.12
5.88
5.89
5.30
3.95
5.08
4.05
5.45
6.03
5.62
4.69
5.78
5.61
6.08
4.27
6.11
5.89
5.72
4.95
5.42
5.41
4.39
4.91
6.28
6.72
5.59
5.03
5.62
5.47
6.09
4.47
5.94
6.47
5.23
6.38
6.34
5.53
5.77
6.59
5.64
5.31
4.78
5.14
5.72
5.64
5.98
6.00
5.31
6.52
4.58
6.39
5.28
5.80
5.86
6.53
5.89
6.80
5.55
5.77
4.47
5.12
9.56
8.08
4.66
4.00
5.48
5.72
5.33
4.59
6.02
6.06
4.39
5.89
6.81
5.75
5.44
4.98
5.73
5.25
4.81
5.61
5.72
4.67
5.83
6.16
7.08
4.02
6.23
6.08
4.83
5.67
5.23
5.62
4.08
5.25
5.91
4.44
5.30
6.03
6.34
5.70
6.47
5.61
6.20
6.23
5.55
5.98
5.00
7.23
6.05
6.09
5.95
6.06
5.44
6.08
4.70
5.72
5.72
6.38
5.38
5.25
5.11
5.53
6.20
5.12
5.44
6.27
5.97
5.72
6.11
6.42
4.16
4.91
6.42
5.31
6.55
6.00
4.97
5.12
5.59
5.73
4.84
5.20
6.95
7.31
4.59
5.86
5.73
5.28
5.64
7.03
6.25
5.95
5.42
6.41
6.38
5.97
6.75
5.33
5.08
5.73
5.45
5.17
4.64
5.95
5.38
5.48
7.64
6.03
6.73
6.70
6.84
6.06
5.25
6.23
6.30
5.34
5.95
5.73
5.72
4.91
6.86
6.61
5.41
5.64
5.59
5.70
6.73
4.83
6.25
5.89
5.25
6.00
5.77
6.73
5.56
5.95
4.95
5.88
5.14
5.59
5.61
5.05
4.20
4.62
5.69
6.28
4.92
5.23
4.83
5.78
4.67
6.55
5.33
5.91
6.22
5.05
5.88
5.48
4.11
6.42
7.14
4.88
6.45
5.25
5.23
5.66
4.64
7.00
6.05
4.70
5.94
5.52
6.03
5.61
5.62
6.64
4.38
5.75
5.78
4.94
5.02
5.28
6.75
6.39
5.48
7.02
5.30
6.58
6.72
6.34
5.97
6.06
5.23
7.20
5.38
5.20
5.23
5.42
4.94
6.00
5.70
6.61
5.95
6.64
5.16
4.73
5.16
4.75
6.12
5.62
6.39
6.83
6.61
5.66
6.34
5.78
4.47
6.44
6.23
5.92
6.73
4.41
5.23
5.95
6.48
5.06
5.94
5.69
5.64
5.36
4.86
5.80
5.56
4.88
5.52
5.23
6.30
7.16
5.16
5.16
4.95
5.03
6.31
5.77
5.88
5.45
6.55
4.59
5.86
4.72
5.44
4.77
6.03
5.02
5.67
4.61
5.52
6.23
5.89
5.27
5.11
5.59
5.33
6.36
5.23
6.08
4.58
5.89
5.42
6.03
6.00
6.64
4.95
5.78
4.89
4.83
4.69
4.97
4.55
6.11
7.02
5.09
5.61
4.92
6.09
6.03
4.77
4.86
4.84
6.83
5.12
6.84
5.23
3.55
5.61
5.42
4.59
4.30
4.77
6.97
5.95
5.61
5.95
6.78
5.05
4.19
5.27
5.86
6.41
5.41
5.25
5.94
5.34
6.31
6.19
5.25
5.20
4.92
5.75
5.64
3.77
5.28
5.09
6.48
5.20
5.03
5.56
5.61
5.70
4.86
5.56
5.11
5.02
5.22
4.97
5.17
4.56
5.16
4.38
6.64
6.12
5.77
5.91
5.42
5.88
5.66
6.25
5.55
5.67
5.75
5.92
5.27
5.48
5.03
5.45
5.83
5.72
5.92
6.20
5.41
4.47
5.30
4.66
4.73
5.58
5.66
6.36
4.59
6.17
6.06
4.97
4.64
4.09
4.78
4.42
5.61
5.61
6.05
4.64
5.91
5.64
6.00
6.31
5.64
5.09
5.02
5.89
6.98
6.28
5.08
6.56
5.25
4.75
6.98
6.61
5.31
4.45
5.30
4.69
5.19
5.78
4.81
5.56
5.45
6.50
4.77
5.62
4.77
5.31
5.69
5.89
5.86
5.05
6.34
7.11
5.23
6.41
5.41
6.83
5.70
5.20
5.22
4.28
5.73
7.41
4.64
6.08
6.17
4.97
7.12
4.98
5.75
5.84
5.47
4.95
6.97
4.59
4.25
6.38
6.91
5.14
6.59
5.17
4.94
4.20
5.03
5.88
6.00
4.86
4.70
6.02
5.52
6.12
4.48
6.20
5.20
5.48
5.36
5.25
5.69
6.56
6.17
6.30
5.98
5.25
7.11
5.30
7.03
5.73
6.64
4.47
5.72
5.47
5.33
5.92
4.92
5.92
5.64
4.84
4.61
4.64
7.19
5.73
5.89
7.48
4.81
5.05
5.58
6.23
6.39
5.53
4.67
4.75
6.73
6.12
7.38
6.19
5.62
5.91
5.98
5.47
6.42
6.47
5.34
5.64
6.14
5.92
6.00
5.41
5.39
4.64
5.89
4.91
5.70
5.45
6.25
5.14
5.33
5.64
4.97
6.53
5.17
5.14
5.80
5.95
5.62
4.83
6.72
6.38
5.58
5.05
4.73
5.47
5.88
6.02
5.25
5.28
5.91
5.38
4.80
6.02
6.61
5.67
6.14
5.62
5.28
5.78
5.50
5.80
5.94
5.31
5.59
4.50
5.69
5.36
6.20
5.72
4.94
3.92
5.91
4.84
4.97
9.58
6.59
9.11
6.50
5.70
5.41
6.45
4.72
5.78
6.08
5.50
6.52
6.42
5.19
5.86
6.23
5.92
5.33
4.83
6.16
5.03
5.33
5.12
4.31
5.77
5.44
5.50
6.02
5.11
5.56
6.55
5.94
6.38
4.80
5.11
5.70
3.98
6.22
4.70
6.12
6.95
5.61
5.53
5.28
5.86
6.58
6.22
4.95
5.25
4.23
6.25
7.19
5.75
6.09
5.05
5.59
5.81
5.67
5.97
6.41
5.89
4.39
5.33
5.61
4.52
6.98
5.50
5.12
6.22
5.05
5.03
6.34
5.38
6.12
5.12
5.22
4.67
5.17
5.75
4.84
5.30
4.36
5.02
5.69
4.72
6.73
5.44
6.33
6.14
4.38
5.23
6.17
6.02
5.12
4.77
5.02
5.72
5.88
5.23
5.64
4.39
5.17
5.31
7.02
5.16
6.09
5.06
4.95
5.70
5.25
5.52
4.33
4.88
5.78
6.03
4.86
4.55
4.30
4.98
6.47
5.62
6.03
5.03
6.77
5.06
5.30
5.48
6.53
4.61
5.89
5.08
5.44
5.72
6.19
4.91
7.30
5.08
4.91
5.12
5.67
3.95
5.67
5.20
5.78
5.17
4.80
5.84
5.72
6.03
4.61
5.19
5.22
5.36
4.53
5.38
5.44
5.64
4.47
4.55
5.89
4.80
5.12
5.23
5.19
6.27
6.36
6.02
5.94
5.19
5.22
5.91
5.52
4.84
5.11
6.22
6.84
6.62
4.38
5.66
4.61
5.05
5.56
4.61
6.64
5.77
4.62
4.84
4.84
4.16
4.86
6.09
5.30
4.38
7.16
5.89
5.84
5.72
5.80
4.22
5.91
5.94
5.58
4.95
7.03
4.94
5.91
6.67
6.84
4.70
6.47
4.59
4.92
6.30
5.27
4.20
6.72
6.38
5.28
5.55
5.25
5.53
5.06
5.72
3.66
5.55
4.66
5.84
5.09
6.22
4.62
4.69
5.97
4.44
5.42
5.08
4.23
5.20
5.50
4.55
5.72
5.55
4.33
5.20
5.53
5.09
6.17
5.20
4.97
5.23
5.33
6.53
5.17
6.58
5.78
4.00
5.58
6.17
5.31
5.89
5.97
5.28
4.75
6.09
4.83
4.58
4.64
5.56
6.42
4.58
6.39
5.61
7.03
10.08
6.75
7.25
6.02
4.92
6.22
6.20
7.31
6.95
5.52
5.81
6.89
5.89
5.28
4.84
7.11
5.23
5.81
5.00
6.05
4.64
6.34
5.91
6.59
5.39
6.27
5.55
5.17
6.31
5.14
6.02
6.30
4.48
5.30
5.59
6.30
5.97
5.61
4.84
5.17
4.53
6.72
6.16
5.62
5.83
6.22
6.38
5.39
5.70
5.86
5.28
5.36
5.36
5.28
5.48
7.58
6.45
4.72
5.88
4.97
6.55
5.77
5.88
4.59
6.50
5.09
5.17
5.98
4.81
5.30
5.77
5.17
5.52
5.44
5.30
5.81
5.16
6.19
6.05
5.70
5.50
6.70
5.97
7.66
5.44
5.25
5.70
5.14
5.83
5.23
5.52
6.59
6.23
6.03
6.61
6.14
5.84
6.42
5.84
5.66
5.30
5.12
4.03
5.62
5.78
5.47
5.42
5.50
5.78
6.84
4.28
5.30
4.67
5.02
5.59
6.28
4.12
5.70
5.27
5.66
5.80
4.88
5.84
5.52
5.44
4.50
6.61
5.36
5.02
5.67
5.06
6.17
4.98
4.61
5.09
4.14
5.22
4.84
4.39
6.08
6.00
6.52
4.92
4.78
5.59
4.89
5.97
5.50
5.95
5.34
4.98
5.02
5.95
6.02
5.42
9.00
8.06
7.47
6.66
6.61
7.09
5.45
5.52
4.58
4.42
5.84
7.25
5.44
6.62
5.61
5.14
6.61
5.72
5.45
5.59
5.55
5.22
5.77
5.92
4.06
5.97
5.23
6.23
5.20
5.53
4.97
5.61
5.47
5.66
5.83
6.25
5.00
5.88
5.36
5.66
5.92
6.06
4.94
4.91
5.25
5.52
6.48
5.95
5.78
5.06
4.80
5.62
5.38
5.34
4.22
5.61
4.86
5.44
4.95
5.06
6.06
4.86
5.23
5.64
4.97
7.41
4.84
4.77
6.56
5.56
5.41
4.77
4.94
5.12
5.12
4.88
6.84
5.58
6.33
4.73
5.55
5.12
4.89
5.38
5.45
5.14
5.20
6.81
5.17
5.64
6.17
5.33
5.45
5.78
3.70
6.06
6.64
6.69
5.94
5.38
4.42
4.77
5.78
5.86
5.45
5.53
4.92
5.22
5.23
4.33
4.94
5.95
4.84
4.20
5.19
6.94
5.44
5.86
3.89
6.33
5.38
5.33
5.92
6.22
5.20
5.64
4.95
5.30
5.30
6.64
4.84
4.73
5.84
5.98
4.58
5.75
6.48
6.11
5.17
6.06
6.31
5.11
5.42
5.91
5.19
4.59
4.91
5.89
5.59
7.27
4.59
5.81
5.00
5.53
5.09
4.53
5.73
4.75
5.86
4.56
5.92
6.25
5.34
5.92
6.39
5.39
5.78
6.22
5.12
6.09
5.59
5.41
5.52
4.84
5.14
6.97
5.11
5.44
6.09
5.02
5.30
5.66
6.94
5.25
5.88
5.86
5.34
4.83
5.31
5.47
5.16
5.02
5.08
5.44
4.42
5.33
7.39
5.53
5.94
4.70
4.97
5.33
4.84
5.42
5.95
4.78
5.16
6.92
5.98
5.86
6.39
5.97
5.75
5.28
6.00
5.08
4.02
5.30
5.52
6.22
5.23
5.39
6.78
5.34
5.11
5.72
5.36
5.52
5.20
4.64
5.14
5.97
4.34
4.88
7.23
6.48
5.81
5.77
5.97
5.47
5.00
5.45
4.78
6.20
5.50
5.50
5.52
5.05
3.64
4.88
6.28
5.09
6.05
6.03
4.34
4.48
6.14
6.05
4.75
5.14
6.44
5.06
5.44
5.09
7.00
5.00
6.36
6.38
5.44
6.17
5.03
5.38
5.27
5.19
5.55
5.81
4.52
5.67
7.78
4.86
5.17
5.88
5.17
6.25
7.08
5.52
5.62
5.97
5.39
5.77
5.95
5.34
4.56
5.28
5.77
5.50
4.78
4.28
4.72
5.28
5.80
6.12
6.09
5.36
4.28
5.84
5.62
5.34
5.14
6.75
4.81
5.20
5.50
6.44
6.12
5.92
5.03
5.11
5.06
5.98
6.38
5.95
5.94
6.19
4.67
6.17
4.98
6.05
5.66
6.59
5.06
5.80
4.78
5.28
6.64
6.91
5.27
6.05
5.27
3.77
5.81
7.08
5.31
6.09
7.11
4.27
5.53
6.08
5.56
5.95
5.77
5.97
5.59
5.52
5.80
5.11
6.06
5.98
5.25
6.62
5.09
4.88
5.78
4.62
5.17
7.11
7.03
5.91
4.31
4.91
6.03
5.97
5.25
5.72
5.53
5.84
6.66
5.58
5.91
5.00
5.42
4.58
7.06
5.22
5.14
5.58
5.12
6.53
5.03
4.80
5.59
5.80
4.09
5.58
5.81
5.66
5.12
5.66
6.22
6.08
6.03
5.16
4.83
5.52
5.17
6.27
4.83
6.27
5.17
6.44
5.62
6.36
6.55
5.00
4.28
4.83
6.67
6.19
5.16
5.69
6.38
5.02
6.44
5.52
5.67
5.92
5.53
5.95
4.48
5.33
5.95
5.84
5.97
6.02
5.67
5.27
5.14
5.62
7.48
5.42
5.39
5.11
5.81
5.16
5.48
4.72
5.38
5.86
5.66
6.02
5.22
5.39
6.19
4.88
6.02
5.86
5.86
5.52
6.34
5.28
4.81
6.45
5.94
5.05
6.31
4.61
5.66
5.00
4.84
4.59
6.55
5.98
5.83
4.58
4.38
5.92
5.36
6.23
7.08
5.05
6.03
4.16
7.47
6.38
7.00
4.39
6.00
5.19
4.89
6.09
5.44
5.70
4.75
5.73
5.33
5.12
5.31
4.70
4.50
6.16
4.88
6.02
4.86
4.34
6.23
5.73
4.64
5.44
7.44
5.66
5.67
5.52
5.73
5.09
4.55
5.23
4.89
5.66
5.91
5.44
6.00
5.56
5.72
4.58
5.12
5.67
4.86
6.52
4.16
5.02
6.06
5.97
4.73
5.19
4.52
4.94
4.55
6.06
5.33
5.55
5.25
5.09
5.72
6.80
4.55
5.84
4.77
6.19
5.77
6.31
5.89
5.02
5.61
5.67
6.22
6.84
5.20
5.58
5.98
5.78
5.73
4.80
4.94
5.52
6.33
5.64
5.23
4.02
4.80
4.98
5.78
5.33
6.42
6.81
5.55
5.22
5.38
6.11
5.94
6.77
5.03
6.02
5.89
4.69
5.53
6.75
5.64
5.84
5.61
4.86
5.38
7.12
5.50
4.91
3.92
6.53
4.80
5.98
5.58
5.39
5.00
5.73
5.56
4.80
5.14
6.17
4.84
5.67
5.62
3.84
4.78
5.36
5.72
5.23
5.78
5.80
6.95
6.41
6.39
5.36
6.42
4.89
5.64
5.28
4.81
5.88
6.02
5.78
5.38
5.08
6.25
4.19
5.72
6.61
6.72
7.84
7.27
5.62
7.69
6.47
5.42
5.09
6.88
5.33
4.89
4.98
5.67
6.81
4.69
6.16
7.16
6.08
5.30
5.78
4.81
5.70
6.25
5.33
6.42
5.58
6.28
5.80
6.70
6.97
4.55
6.06
5.45
6.44
5.17
6.05
6.50
6.08
5.31
5.17
5.91
6.12
5.86
5.00
5.69
4.49
6.02
5.22
4.09
5.38
5.03
4.91
5.61
5.86
4.03
4.73
5.64
4.69
6.00
6.70
6.50
6.02
6.38
7.89
7.81
7.44
6.48
5.23
6.42
6.23
4.30
5.86
7.72
5.69
5.27
6.95
5.64
5.44
4.28
4.39
4.86
5.64
5.62
6.42
4.55
6.42
5.02
5.58
5.84
7.12
6.16
5.80
5.78
6.02
5.95
5.86
6.05
6.56
5.58
5.55
5.16
6.55
5.58
5.16
4.77
5.39
5.95
6.34
5.84
6.36
5.72
5.84
5.81
5.03
5.22
6.47
4.84
5.38
5.56
6.31
5.67
6.41
5.03
6.20
5.45
4.92
6.08
4.30
4.58
5.55
6.27
5.48
5.20
5.44
6.02
6.47
5.70
5.28
4.95
6.55
5.75
6.45
7.34
4.94
6.59
6.70
5.97
4.83
6.27
4.91
5.02
5.42
5.48
5.56
4.95
5.41
5.55
5.06
6.39
5.14
5.31
5.30
4.94
6.23
5.14
3.58
5.48
6.02
5.86
4.61
5.58
6.44
5.73
5.03
6.77
5.61
6.34
5.09
6.06
5.83
5.83
6.25
5.30
5.22
5.91
3.91
5.16
5.38
5.75
4.94
6.17
4.48
5.98
4.64
4.45
6.83
5.97
5.19
4.88
6.23
4.72
5.27
5.78
5.92
4.55
5.03
6.19
4.97
5.95
5.11
6.38
5.28
7.11
4.67
5.09
5.61
5.19
6.66
4.95
6.03
6.50
5.28
5.80
6.84
5.95
5.58
4.83
4.61
5.89
5.86
6.55
5.31
5.61
4.92
5.45
5.98
5.16
6.47
5.67
5.42
5.14
5.12
6.88
6.12
5.98
5.78
5.45
5.03
5.97
5.45
4.78
5.50
5.08
5.09
5.89
5.44
5.59
5.39
6.16
4.66
5.33
5.58
5.84
4.84
5.30
6.05
5.48
6.02
3.75
5.88
5.59
5.50
4.58
6.17
6.08
6.27
5.73
5.05
4.58
5.09
5.38
4.97
6.95
5.34
5.39
5.06
5.36
5.83
6.73
4.47
4.11
5.48
4.94
5.17
5.14
4.64
5.86
6.23
5.73
6.17
5.47
6.23
4.69
5.33
5.92
6.56
5.86
5.70
5.69
5.66
4.89
5.39
7.22
5.58
5.95
4.59
5.55
5.62
5.98
4.38
5.91
4.67
5.64
5.27
5.59
6.98
6.05
5.05
6.86
6.41
6.20
5.16
5.77
6.45
6.47
6.70
5.38
6.16
5.47
5.86
5.34
5.89
4.62
5.91
3.88
4.91
5.62
5.36
5.75
6.30
5.62
6.14
5.39
5.34
5.84
5.64
5.55
6.91
6.22
4.80
6.20
4.70
5.05
5.91
4.34
5.11
5.42
5.41
6.06
5.83
6.16
4.73
7.12
4.61
5.23
5.81
6.53
5.58
4.88
6.55
4.86
5.33
5.64
4.66
5.69
6.42
5.03
4.86
5.67
4.25
6.78
5.30
4.06
4.84
5.80
5.50
5.25
5.50
5.11
5.48
6.34
6.09
7.08
5.06
5.30
5.53
5.56
6.09
5.30
6.67
5.31
5.70
5.34
5.77
5.91
5.28
4.45
5.60
4.75
5.95
4.80
4.92
4.70
5.62
6.55
5.86
5.78
5.88
6.22
5.05
5.66
6.03
5.73
6.75
5.94
6.34
6.47
6.12
4.88
5.44
5.53
6.72
5.94
5.47
6.39
5.03
5.28
5.91
5.03
4.80
5.92
4.66
5.42
5.44
6.47
5.56
6.20
5.09
6.09
5.38
4.95
5.47
6.67
5.91
5.03
4.94
5.50
6.02
4.58
4.67
5.88
4.95
4.77
6.00
6.84
5.30
5.19
4.80
4.62
5.36
5.52
6.12
5.78
5.66
4.86
5.69
5.89
5.03
6.42
4.33
4.69
5.83
4.92
5.69
5.78
5.92
5.73
6.84
5.56
4.95
5.66
4.69
4.42
5.16
6.56
5.86
5.89
5.42
5.50
5.31
5.17
4.67
5.41
6.02
4.80
5.11
4.61
5.91
4.66
6.33
6.17
5.77
5.52
6.33
5.72
4.55
5.83
5.27
7.00
6.64
5.61
4.75
5.69
6.09
5.58
4.61
6.31
6.70
6.33
5.34
5.44
5.36
5.31
5.08
5.00
5.64
6.06
4.22
5.44
5.59
6.88
5.11
5.00
5.06
5.20
6.58
6.88
4.55
5.48
6.06
5.50
7.55
4.75
6.16
7.67
5.62
5.91
5.58
5.36
5.98
5.97
5.55
5.89
5.97
5.84
5.80
6.11
5.70
6.36
4.67
4.69
5.67
4.75
4.95
6.97
4.97
4.67
4.97
6.66
4.78
4.91
5.80
6.73
5.22
4.81
6.03
5.52
6.05
5.94
6.19
5.55
6.72
4.59
6.61
6.57
5.22
5.34
5.81
4.47
6.86
5.03
5.11
5.08
5.41
6.52
5.30
4.98
5.64
4.95
4.97
4.77
4.48
5.80
7.06
5.86
5.22
6.28
6.67
6.28
4.89
4.86
6.30
5.02
5.84
4.78
6.08
6.06
6.23
5.62
6.84
4.58
6.31
5.73
6.23
5.61
5.59
5.97
6.16
3.92
4.61
5.48
4.78
5.72
5.03
3.88
7.47
6.16
5.48
5.53
4.80
6.05
3.77
