0.29
126.16
163.69
163.28
163.47
163.95
162.69
163.59
163.72
162.11
163.73
163.41
163.52
163.75
163.14
163.34
163.73
162.73
163.84
163.52
163.64
163.23
163.36
163.50
161.97
163.66
163.14
163.52
163.48
163.31
163.83
163.31
163.45
163.66
163.20
163.50
163.44
163.41
163.62
162.59
163.28
162.06
163.52
164.41
163.83
164.17
162.75
163.33
164.27
163.92
163.95
164.31
163.92
164.05
163.50
163.70
164.48
160.67
163.95
164.20
163.89
164.22
164.08
163.67
164.23
163.84
164.16
164.34
163.47
164.39
164.17
163.98
164.36
163.80
163.94
163.44
163.73
164.52
163.89
164.16
163.69
163.80
163.42
163.84
163.48
164.36
163.11
164.11
164.25
163.75
164.41
163.94
164.00
164.41
163.78
164.20
163.86
163.16
164.44
163.34
163.84
164.19
163.94
164.25
162.08
163.97
164.39
163.69
163.86
163.41
163.77
164.39
163.92
164.08
164.30
163.73
163.28
164.39
163.72
162.66
163.28
163.59
164.17
163.23
163.58
163.73
163.48
164.05
163.28
163.47
163.69
163.25
164.17
163.56
163.72
163.95
163.27
163.92
163.50
163.42
164.19
163.48
163.75
163.84
163.31
164.03
163.59
163.53
164.16
163.27
163.72
163.84
159.66
163.98
163.59
163.72
163.97
163.50
163.83
162.89
163.42
164.06
163.80
163.62
163.86
163.47
164.06
163.55
163.62
163.81
163.52
163.67
163.75
163.52
164.09
163.53
163.75
163.89
163.56
163.86
163.72
163.59
164.03
163.47
162.75
163.77
163.34
164.08
163.45
163.77
163.88
163.48
163.89
163.84
163.12
163.95
163.52
163.94
163.64
163.48
164.09
162.77
163.69
163.81
163.52
164.08
163.67
163.72
163.89
162.97
163.75
163.67
163.12
164.11
163.36
163.77
163.92
162.92
164.11
162.83
163.67
163.89
163.28
163.83
162.05
163.69
164.12
163.75
163.72
159.28
162.72
163.89
163.78
163.80
161.94
163.34
163.83
163.91
163.50
164.14
163.67
163.70
163.95
163.53
163.69
163.56
163.89
163.92
163.47
162.33
163.28
162.97
163.92
162.88
163.80
164.09
163.08
164.05
163.64
163.50
164.06
163.61
163.86
164.09
163.12
164.20
163.58
163.91
163.97
163.25
163.91
163.92
163.17
164.09
163.45
163.98
163.25
163.66
164.14
163.64
163.55
161.84
163.67
164.20
163.62
163.98
164.34
163.89
164.11
163.89
163.83
164.39
159.41
163.83
163.98
163.12
164.08
163.62
163.70
163.34
163.50
163.55
163.69
163.61
164.23
163.03
163.66
163.53
163.67
164.12
163.66
163.69
163.88
163.47
163.64
163.77
163.77
164.09
163.44
163.78
163.88
163.34
164.08
163.47
163.67
163.78
163.47
163.77
163.19
163.69
164.03
162.75
163.73
163.72
163.47
164.16
162.59
163.47
163.83
163.44
163.98
163.50
163.69
163.92
163.44
163.70
163.81
163.48
163.97
163.55
163.59
163.98
163.33
164.12
163.38
163.56
163.89
163.47
163.08
162.77
163.55
163.91
163.48
163.11
163.78
163.52
163.92
163.66
163.61
164.03
163.22
163.86
163.72
163.09
164.02
161.91
163.69
163.81
163.55
163.89
163.64
163.53
164.05
163.44
163.84
162.70
163.59
164.02
163.09
163.83
163.86
163.31
164.12
163.59
163.36
163.84
163.52
163.58
163.77
163.23
164.12
163.47
163.88
163.73
162.55
164.12
163.25
163.94
163.83
163.39
163.95
163.72
163.55
163.94
160.98
163.81
163.80
163.16
164.03
163.59
163.67
163.42
163.61
163.89
163.55
163.59
163.95
162.17
120.05
99.05
158.80
137.22
99.08
119.59
162.53
150.47
124.94
163.53
164.12
163.44
163.75
164.03
163.36
163.91
163.73
163.33
164.08
163.44
163.84
163.41
163.08
164.00
163.42
163.59
163.83
162.73
163.86
163.59
163.61
164.11
163.34
163.78
163.89
163.31
164.09
163.45
163.75
163.69
163.55
163.97
163.66
163.69
163.75
163.50
163.58
163.80
163.47
164.20
163.38
163.53
163.77
162.81
163.92
163.56
163.62
163.83
163.47
163.80
163.22
163.62
163.77
163.45
163.86
163.53
163.27
163.92
163.47
163.66
163.80
160.58
163.81
163.61
163.66
163.80
162.56
163.81
163.59
163.44
164.06
162.08
163.73
163.55
163.45
163.92
163.52
163.59
163.95
163.48
163.73
162.83
163.36
162.41
163.12
163.53
163.17
163.16
163.81
163.17
163.48
163.47
163.16
163.72
163.20
161.38
163.67
163.08
162.89
163.36
163.03
163.72
163.09
163.34
163.34
163.02
162.62
162.50
163.47
163.48
163.05
162.08
163.02
163.34
163.62
163.08
163.42
163.17
163.12
163.70
163.08
162.80
163.45
163.05
163.81
163.08
162.95
163.61
163.05
163.62
163.27
162.20
163.69
162.97
163.53
163.33
163.17
163.66
162.98
162.86
163.45
163.02
163.75
161.36
163.14
163.33
162.66
163.25
158.94
163.08
163.33
161.30
163.34
163.12
162.81
161.62
163.72
163.41
163.84
162.10
164.03
163.83
163.64
164.16
163.56
164.03
161.64
163.27
164.08
163.61
163.91
164.12
162.50
164.11
163.78
163.56
164.02
163.31
164.09
163.83
163.84
163.86
162.66
163.91
163.92
163.58
163.97
163.58
163.45
163.91
163.44
163.73
163.25
163.77
164.02
163.41
163.42
163.45
163.48
164.03
163.48
162.69
163.64
163.28
164.16
163.39
163.77
163.72
163.42
164.19
163.66
163.48
163.78
163.42
163.78
163.53
162.94
164.00
163.42
163.69
163.84
163.31
161.88
161.50
163.05
163.30
162.16
163.23
163.12
163.02
163.08
162.77
163.22
162.59
162.48
163.47
162.20
163.09
163.28
162.97
163.23
162.33
163.25
163.03
162.95
163.39
163.17
162.78
163.34
162.30
163.12
162.64
163.05
163.22
162.22
163.33
163.14
161.88
163.33
162.94
162.98
163.30
162.86
163.28
162.77
162.34
163.38
162.94
163.19
162.47
162.89
163.28
162.84
163.22
162.88
162.86
163.06
163.00
162.95
163.34
162.88
163.23
162.86
163.20
163.33
162.81
163.25
163.03
161.20
163.30
162.80
163.19
163.08
162.95
163.38
162.73
163.02
163.27
162.58
163.22
163.05
163.08
163.17
162.77
163.05
163.05
162.25
163.39
162.98
163.03
163.20
162.75
163.31
163.00
163.14
163.06
163.00
163.17
162.38
162.98
162.39
161.97
163.28
162.73
162.62
163.56
162.92
163.17
163.23
162.78
163.30
162.56
163.14
163.11
162.89
162.14
162.03
162.75
163.06
162.84
163.12
162.62
162.86
163.38
162.83
163.09
162.17
162.77
161.79
162.94
163.19
163.08
162.80
163.28
163.09
162.88
163.41
162.78
163.14
163.12
162.89
163.31
162.67
163.25
163.23
162.84
163.14
162.83
163.06
163.25
161.27
163.20
162.92
162.77
163.44
162.84
163.03
163.06
162.30
163.47
162.72
162.91
163.16
162.66
163.39
162.75
161.16
163.23
161.92
163.34
162.94
162.98
163.20
162.98
163.12
161.70
163.41
163.72
162.66
163.27
163.05
162.11
163.80
163.28
163.55
163.34
163.22
163.66
162.88
162.58
163.70
163.05
163.61
163.19
163.45
161.83
160.72
162.88
163.36
163.33
163.84
162.53
163.47
163.47
162.20
163.86
163.27
163.53
163.66
163.09
163.70
163.27
163.41
163.42
163.28
163.58
163.59
163.30
163.77
163.19
163.64
163.70
162.42
163.72
163.48
163.33
163.67
163.28
163.78
163.22
163.33
162.22
163.41
163.62
162.91
163.42
163.66
162.64
163.44
163.47
163.34
163.89
163.34
163.48
163.61
163.12
163.75
162.39
163.53
163.53
163.06
163.77
163.44
163.42
163.69
163.17
163.67
163.44
163.39
163.70
163.19
163.11
163.56
163.27
163.84
163.31
163.48
163.59
163.30
163.92
163.11
163.20
163.53
163.30
163.72
163.47
162.48
163.91
163.02
163.67
163.36
163.00
163.62
163.42
163.61
163.55
162.67
163.67
163.42
163.52
163.33
163.33
163.55
163.03
162.58
163.55
162.94
163.59
163.12
163.30
163.53
162.20
163.61
163.05
162.53
163.62
162.36
163.34
162.70
163.14
163.62
161.31
163.30
163.19
162.98
162.05
162.83
163.12
163.41
162.98
163.73
163.08
163.34
162.98
162.91
163.58
163.33
163.33
163.33
162.77
163.23
160.69
162.27
163.44
163.17
163.52
161.69
162.92
163.61
163.11
163.38
163.34
163.14
163.45
162.98
163.23
162.33
162.73
163.61
163.08
163.39
163.31
162.39
163.70
163.09
163.30
162.89
162.88
163.66
163.23
162.19
163.36
163.11
163.50
163.27
163.23
163.38
162.67
163.55
163.27
163.00
162.70
162.97
163.53
163.28
162.94
163.75
162.19
163.48
163.34
162.83
163.66
163.12
163.33
163.36
162.47
163.67
163.08
163.08
163.53
163.12
163.47
163.14
163.27
163.53
161.61
162.75
163.27
162.98
163.64
163.00
163.55
163.20
163.03
163.66
162.62
163.36
163.28
163.23
163.44
163.08
163.11
163.28
162.62
163.72
163.25
162.61
163.53
161.83
163.59
163.12
163.31
163.50
162.94
163.53
162.47
163.16
163.36
163.19
163.31
163.23
163.00
163.75
162.83
163.25
163.05
162.34
163.56
163.17
163.34
163.38
161.56
163.78
163.05
163.20
163.42
162.16
163.81
162.55
163.19
163.41
162.64
163.72
162.89
163.22
163.44
163.23
163.39
163.30
163.22
163.44
162.22
163.34
162.42
162.08
163.45
163.03
163.41
162.97
163.06
163.50
162.91
163.50
163.12
163.02
163.56
162.23
163.38
163.33
162.92
163.72
162.92
163.45
163.12
163.06
163.62
162.81
163.23
163.09
163.08
163.61
162.92
163.33
163.25
163.02
163.64
161.56
163.39
163.20
161.34
163.53
163.06
163.14
163.47
162.91
163.53
162.64
163.16
163.42
162.86
163.45
163.08
163.27
163.23
162.88
163.56
162.09
163.00
163.59
162.86
163.41
163.22
163.02
163.33
161.00
163.27
163.06
162.86
162.69
162.55
163.19
162.30
162.31
163.47
162.12
162.97
162.30
162.56
163.45
162.75
163.09
163.03
162.73
163.38
162.81
162.94
162.97
162.81
163.25
162.84
163.08
160.23
162.81
163.19
163.06
162.94
162.80
162.75
163.34
162.23
162.69
162.95
162.64
163.09
163.02
162.88
159.73
163.59
164.44
163.61
163.94
164.27
163.55
164.28
163.98
163.92
164.38
163.23
164.20
163.97
163.16
164.34
163.78
164.33
163.59
164.11
164.47
163.70
164.34
164.02
163.94
164.38
163.97
164.36
164.00
163.61
164.31
163.27
164.39
163.98
163.19
164.39
162.70
163.89
163.95
163.73
164.20
163.17
164.05
163.89
163.59
164.30
163.53
164.14
163.73
163.08
164.31
163.55
163.94
163.30
163.62
164.23
163.55
163.98
163.88
163.75
161.67
163.38
163.64
163.48
162.97
163.47
162.80
162.95
163.67
162.50
163.81
163.47
163.48
163.53
163.02
163.59
163.31
163.11
161.47
161.98
163.11
162.41
162.62
162.81
162.09
163.17
162.47
162.62
162.89
162.28
162.95
162.64
162.66
162.88
161.88
163.00
162.56
162.52
163.08
160.92
162.09
162.56
162.36
163.08
162.41
162.97
162.62
162.42
163.14
162.25
162.59
162.67
162.34
163.19
162.34
162.55
162.59
162.42
163.09
162.28
162.03
161.34
162.38
163.05
162.48
162.64
162.69
161.44
163.11
162.52
161.50
162.69
162.20
163.08
162.45
162.19
162.88
162.36
162.95
162.67
162.38
163.03
161.48
162.98
162.66
162.58
162.92
161.08
162.91
162.64
161.72
162.94
162.16
162.86
162.66
161.80
163.17
161.50
162.78
162.91
162.34
163.02
162.41
162.36
161.95
161.77
163.06
162.19
162.83
162.75
162.00
163.11
162.56
162.69
162.78
162.05
163.17
162.45
162.70
162.86
162.41
162.88
162.45
162.47
162.88
160.64
162.89
162.59
162.20
162.94
162.12
162.72
162.42
161.80
162.97
161.95
162.72
162.42
162.50
162.75
161.44
162.89
162.31
162.30
162.83
162.28
162.81
161.58
162.33
162.77
162.11
162.83
162.42
162.28
162.84
161.86
162.64
162.42
162.17
162.78
162.06
162.73
162.47
162.33
162.80
162.05
162.80
162.42
162.28
162.16
161.92
162.77
162.66
162.20
162.78
162.03
162.75
162.38
162.38
162.89
162.06
162.30
162.64
162.27
163.09
161.50
162.66
162.53
162.34
162.78
161.97
162.70
162.45
162.38
162.94
161.81
162.16
162.53
162.34
163.02
159.36
162.69
162.58
161.48
162.98
162.16
162.64
162.09
162.22
162.95
161.00
162.62
162.58
161.73
162.91
162.12
162.56
162.77
161.86
163.02
162.19
162.66
162.62
162.20
162.94
162.17
161.70
162.53
162.00
162.81
161.03
162.47
162.64
162.33
162.98
161.92
162.67
162.69
161.98
162.92
162.30
162.72
162.59
160.49
162.77
162.22
162.50
162.64
162.19
162.92
161.06
162.59
162.45
162.03
163.08
156.47
162.41
162.52
162.08
162.95
159.06
162.41
162.70
161.98
162.83
162.47
162.53
162.75
162.23
162.81
161.91
162.45
162.70
161.89
162.70
162.30
162.64
162.77
161.98
162.95
161.78
161.95
162.58
161.94
162.80
162.06
162.36
162.50
161.97
162.78
161.62
162.44
162.42
161.23
162.80
160.48
162.36
162.31
161.92
162.97
161.92
162.53
162.47
160.19
162.84
161.72
162.25
162.47
162.12
162.66
161.88
162.66
162.44
162.17
162.86
161.94
162.25
162.45
162.12
162.92
161.59
162.77
162.36
162.16
162.94
161.73
162.81
162.34
162.27
162.70
161.94
162.59
162.27
162.27
162.44
161.72
162.67
162.34
162.05
162.77
161.88
162.70
161.31
161.42
162.69
161.84
162.80
162.25
162.11
162.91
161.61
162.70
162.17
162.31
162.52
161.14
162.80
162.22
162.33
162.77
160.97
162.91
162.27
162.30
162.55
161.92
162.72
161.98
162.31
162.55
161.73
162.86
162.03
162.41
162.52
161.84
162.88
162.06
162.33
162.36
161.95
162.81
162.12
162.44
162.06
162.14
162.86
162.06
162.42
162.41
161.95
162.89
161.52
162.66
162.23
162.09
162.94
161.83
162.48
162.41
162.17
162.83
161.78
162.73
162.08
161.23
162.62
161.55
162.67
162.30
162.30
162.78
162.03
162.61
162.08
162.52
162.62
161.56
162.62
162.23
162.30
162.78
161.70
162.73
162.12
162.44
162.56
162.03
162.92
161.27
160.25
161.03
161.84
162.59
161.95
162.19
162.11
161.92
160.84
161.67
161.67
162.23
162.17
162.81
161.92
162.64
162.44
162.19
163.14
161.91
162.70
162.39
162.11
162.81
161.81
162.72
162.36
162.33
162.62
162.12
160.56
162.30
162.34
162.55
161.91
162.75
162.19
159.42
162.59
162.03
161.64
162.17
162.55
158.89
162.38
162.00
161.38
162.58
162.36
162.39
161.30
161.89
162.84
161.84
162.48
162.47
162.14
162.88
162.19
162.55
162.53
161.55
162.84
162.14
162.50
162.48
161.98
163.03
159.19
161.72
162.58
162.45
162.88
161.42
162.45
162.17
161.66
162.84
162.22
160.47
161.28
162.31
162.11
161.70
162.77
160.72
162.16
162.39
161.64
162.70
161.91
161.52
162.36
161.89
162.73
160.95
162.17
162.42
162.06
162.61
161.67
162.27
162.25
161.88
162.73
159.27
162.34
162.23
162.00
162.56
161.42
162.52
161.75
162.03
162.72
161.67
162.59
162.16
162.38
162.41
161.53
162.62
161.98
162.03
162.48
162.03
162.41
162.00
162.41
162.28
161.75
162.61
160.61
162.38
162.28
162.17
162.62
161.73
162.45
162.28
161.19
162.61
161.45
162.66
162.06
162.39
162.47
161.94
162.45
161.97
160.08
162.19
161.56
162.44
161.66
160.62
161.92
161.91
162.22
161.83
162.17
162.16
159.89
162.52
161.14
162.16
161.94
161.92
162.38
161.38
162.14
161.94
160.30
162.23
161.48
162.39
161.09
161.81
162.36
161.16
160.88
161.80
162.03
162.06
161.59
160.72
161.75
161.97
162.09
161.88
162.44
161.58
162.30
161.92
161.78
162.59
160.55
162.25
161.97
161.91
162.47
161.55
162.27
162.03
161.94
161.41
161.44
162.28
161.91
161.91
162.31
161.72
162.45
161.22
161.97
160.30
160.06
162.53
161.75
161.53
162.12
161.75
162.36
161.80
161.22
162.12
161.86
162.30
161.50
162.30
161.55
161.88
162.44
161.55
162.41
161.86
161.98
162.20
161.59
162.20
160.91
162.17
162.14
161.59
162.42
161.59
161.95
162.19
161.88
162.44
160.28
161.97
162.16
160.59
162.44
161.55
162.23
161.91
161.84
160.70
160.27
161.80
161.31
160.39
161.73
160.09
161.78
161.42
160.48
161.77
161.08
161.95
161.28
161.56
161.59
159.77
161.69
161.27
161.11
161.22
160.09
161.88
161.06
161.77
161.28
159.89
162.05
161.05
161.44
161.36
161.50
161.89
159.05
161.66
161.45
161.45
161.98
158.53
161.39
161.23
159.88
161.78
159.94
161.36
161.33
161.09
161.47
158.72
161.59
161.14
160.05
161.72
159.66
161.64
161.11
161.27
161.33
159.33
161.80
159.34
161.22
161.38
161.09
161.73
159.97
161.16
161.44
160.11
161.66
159.83
161.45
158.91
161.05
161.36
160.94
161.80
160.33
161.08
161.50
160.81
161.62
160.33
161.23
161.55
159.78
161.84
160.80
161.44
161.25
161.16
161.70
160.91
161.53
161.31
161.36
161.61
158.83
161.64
160.16
159.77
160.62
160.67
161.61
160.06
161.31
160.89
161.14
161.84
160.31
158.50
160.59
160.95
160.44
160.72
161.86
161.94
161.55
161.98
159.39
160.69
161.67
161.75
162.03
159.42
162.06
161.05
161.88
162.08
161.16
162.33
160.58
161.64
161.33
161.00
162.28
161.55
162.05
161.25
161.30
162.11
160.42
162.06
160.92
161.38
161.62
160.81
162.23
161.55
161.92
161.91
160.70
162.22
161.48
161.81
161.59
161.12
162.20
161.53
162.06
161.67
161.69
162.12
159.53
162.06
161.70
161.88
161.73
160.86
162.19
160.73
161.66
161.94
159.08
162.22
161.47
161.95
161.81
161.75
162.11
161.52
161.70
161.61
160.48
162.03
157.72
162.36
158.77
160.64
160.95
158.61
160.16
156.19
161.11
158.98
159.22
162.36
157.45
162.14
159.22
160.08
160.22
156.64
162.50
158.38
160.98
159.23
157.38
162.67
156.28
161.56
159.81
159.62
161.95
157.56
162.25
157.72
160.45
161.12
154.12
162.69
158.14
161.20
158.89
158.98
162.53
156.23
161.70
158.36
158.45
161.78
157.73
162.30
157.56
160.61
160.81
158.52
162.53
156.66
161.27
159.98
159.33
162.33
154.86
162.03
159.36
160.05
160.22
157.97
162.66
155.66
160.97
160.42
158.80
162.75
157.45
160.25
158.53
159.59
160.70
156.08
162.47
157.66
160.25
161.19
158.25
162.67
156.78
161.19
160.19
159.08
161.66
157.03
161.91
158.16
159.91
160.33
157.66
162.50
157.44
160.69
159.39
158.38
162.89
155.19
161.30
160.08
157.88
162.42
154.67
162.14
155.52
158.44
161.70
157.70
162.50
157.33
159.45
159.24
158.33
162.73
157.77
160.22
160.08
159.17
162.20
157.45
162.45
159.08
157.31
160.22
156.59
162.28
158.67
160.97
160.61
158.75
162.23
157.84
161.86
158.42
159.67
161.70
156.19
162.56
158.98
159.70
160.66
156.52
162.58
152.02
161.50
158.05
160.09
161.28
158.09
162.41
157.05
161.02
159.06
158.94
162.44
157.47
161.84
159.47
159.84
160.09
158.02
162.23
157.27
155.31
160.75
158.80
162.36
156.38
161.47
159.89
159.58
161.77
153.84
162.03
156.34
160.27
159.80
158.42
162.39
158.03
161.12
160.27
155.53
161.83
157.56
162.05
159.17
158.73
160.06
156.88
162.25
158.44
161.03
160.31
159.08
162.27
156.11
161.81
158.17
158.66
161.39
158.23
162.31
155.75
160.78
160.59
158.83
162.14
155.06
161.78
159.59
158.58
161.50
158.02
162.19
158.62
159.48
159.22
158.81
161.19
156.19
161.56
159.77
159.72
161.67
156.52
161.20
155.78
159.08
159.69
158.23
162.11
158.52
161.42
158.62
159.52
161.88
154.84
161.58
157.09
160.22
161.12
158.34
162.30
156.94
161.05
160.30
156.81
161.78
156.12
162.00
158.16
159.89
158.83
158.17
162.14
158.42
161.02
160.33
157.69
162.00
157.83
161.55
156.72
159.94
159.58
156.80
162.02
156.84
160.84
159.97
159.05
161.72
157.47
160.56
157.48
160.06
160.75
153.12
161.91
156.80
160.92
159.86
159.22
160.30
154.92
160.59
158.69
160.09
159.42
157.64
161.94
157.39
158.73
158.22
159.28
159.89
157.73
161.66
156.33
158.73
160.78
158.55
160.83
157.50
161.16
156.95
159.03
159.20
156.50
161.88
158.61
160.50
160.27
158.84
161.89
157.55
161.45
159.31
159.77
158.50
158.11
161.95
155.61
158.80
160.59
159.14
161.70
157.55
161.31
158.02
159.02
157.92
156.89
162.02
156.78
160.84
158.66
159.19
161.59
157.58
161.77
158.92
160.33
160.48
157.22
161.91
156.55
161.23
159.56
159.42
161.36
155.47
161.83
155.62
159.47
160.03
158.70
162.11
156.16
161.33
158.17
159.59
158.67
158.00
161.70
158.52
160.73
160.11
158.88
161.91
154.81
161.44
157.97
160.00
160.84
158.30
161.16
156.64
160.05
157.20
156.67
160.55
153.00
160.78
154.88
159.44
157.77
154.61
161.31
155.39
160.97
157.53
157.20
160.00
154.88
158.41
155.50
158.56
158.64
156.22
160.98
155.41
161.38
157.11
157.69
159.52
156.70
160.50
150.30
160.33
158.16
157.98
160.50
154.38
161.59
156.64
159.47
159.00
157.23
159.97
155.39
159.61
157.61
158.70
159.78
156.42
161.98
155.62
160.31
154.19
157.78
160.83
154.02
161.64
157.03
158.80
159.61
155.72
161.48
154.19
158.91
158.30
157.55
160.89
153.69
161.58
156.11
158.58
158.62
156.17
161.03
154.09
161.27
157.27
158.03
160.41
154.00
161.92
154.12
160.36
158.16
158.06
156.55
155.69
160.98
155.95
159.52
157.69
157.14
161.36
154.11
161.09
158.64
158.75
157.23
156.23
160.89
156.72
160.22
158.28
157.03
160.17
155.50
161.69
152.63
155.66
160.27
155.59
161.61
154.11
160.72
157.78
157.06
159.73
154.81
159.17
153.19
159.47
157.39
156.73
160.30
154.17
160.27
155.30
158.61
156.94
155.84
159.69
154.22
160.58
154.97
157.72
157.84
154.98
160.39
153.11
157.00
157.30
155.41
160.36
148.94
161.19
153.09
158.28
158.56
154.30
161.38
154.25
158.67
155.61
157.19
159.64
153.36
159.95
153.94
155.31
157.72
155.14
159.17
151.48
161.16
154.55
158.22
158.62
155.39
161.42
152.92
160.25
156.56
157.05
159.45
151.47
159.25
153.45
159.09
156.47
155.00
160.69
152.80
161.05
154.67
158.22
158.62
155.38
160.19
154.19
158.84
150.33
157.06
158.59
154.16
160.58
154.98
159.02
157.80
156.20
160.62
154.19
161.08
154.66
158.20
158.66
154.08
161.47
150.41
160.00
156.83
155.91
158.34
154.34
161.78
153.66
157.80
157.73
156.31
160.58
152.88
161.06
154.59
155.45
157.50
155.25
161.73
154.22
160.03
156.78
155.95
159.59
153.14
160.56
152.06
157.58
154.72
154.70
158.88
151.27
159.55
154.20
155.41
155.62
153.70
158.61
152.53
158.62
154.92
153.17
157.86
151.56
160.31
151.73
157.73
154.56
154.88
156.19
148.80
158.11
151.70
156.38
154.67
153.42
159.02
152.36
157.03
154.05
155.36
158.20
152.58
158.94
149.56
157.22
156.44
154.44
156.62
149.94
157.77
151.98
156.09
157.64
153.22
160.28
151.34
156.80
155.48
155.22
157.09
151.28
157.18
152.30
157.05
156.52
154.20
158.09
152.53
156.33
153.47
154.64
157.67
150.50
160.00
150.58
156.55
155.75
154.95
157.45
151.19
158.47
151.33
156.72
157.00
152.45
159.83
151.31
158.69
153.61
155.75
156.56
152.89
157.67
150.53
157.53
154.77
153.42
158.86
151.31
159.50
152.78
153.83
157.23
152.27
157.67
152.39
155.67
155.36
154.16
156.92
152.44
160.34
153.30
157.44
154.89
147.91
158.11
151.31
154.84
154.97
155.92
156.58
148.20
156.55
147.08
154.80
152.64
150.55
154.48
149.25
156.94
149.30
152.58
153.67
150.88
155.55
147.91
154.53
151.84
152.77
152.25
146.92
157.48
146.00
154.58
151.70
151.59
152.16
149.27
155.23
149.78
153.41
154.25
150.41
155.83
148.03
155.48
151.97
150.19
155.06
149.45
157.45
148.61
153.28
152.95
150.22
154.83
148.00
156.53
149.78
152.12
154.22
150.39
157.08
144.19
155.42
149.62
152.27
152.75
146.78
155.88
149.14
154.03
153.59
151.08
156.41
149.25
154.97
150.03
151.86
153.17
144.55
156.25
148.03
156.38
149.88
149.44
154.34
150.12
156.17
147.98
151.33
151.25
151.91
154.33
149.25
157.08
150.58
154.05
153.41
151.11
155.12
149.25
154.95
150.08
151.80
154.44
146.20
156.12
149.52
154.98
152.44
152.02
155.58
147.92
154.56
149.23
153.94
153.72
148.17
152.97
149.27
155.83
151.72
152.91
153.44
149.78
157.45
147.11
153.25
151.94
149.77
155.42
148.03
156.92
148.25
152.16
151.81
149.86
155.34
145.36
154.39
150.88
152.22
151.78
148.66
157.45
145.95
151.64
150.97
150.77
154.59
148.03
156.59
148.59
151.86
153.27
145.84
155.22
147.30
155.25
148.73
151.70
151.06
146.73
155.97
148.02
151.47
152.55
148.80
155.20
148.05
155.98
150.39
151.28
152.70
147.70
156.16
146.92
153.45
149.33
146.98
155.77
148.03
156.84
149.53
150.78
152.00
148.44
156.75
148.02
153.02
148.55
150.56
153.39
145.69
156.02
149.11
154.03
151.16
150.50
154.69
148.02
156.42
149.97
153.00
153.48
148.19
154.48
145.62
153.86
148.91
148.91
155.06
146.81
154.66
148.11
153.58
151.59
150.06
156.33
148.03
154.75
149.23
152.44
151.53
148.84
156.19
146.97
153.39
151.92
149.78
154.23
148.06
156.95
148.22
153.45
152.94
147.45
156.53
148.03
155.89
148.08
152.25
153.67
145.81
155.02
144.55
152.67
148.80
149.33
150.92
146.39
154.97
147.89
151.61
151.03
147.02
152.05
142.69
153.69
147.89
148.92
152.53
146.84
154.17
144.42
152.41
150.25
149.11
152.34
146.39
152.20
148.06
150.05
151.41
147.95
154.89
146.39
152.34
147.92
148.94
151.58
145.56
155.41
146.86
151.27
149.00
149.08
153.55
145.20
152.22
146.84
149.94
151.53
147.84
153.59
146.39
153.53
145.53
148.75
150.31
146.52
155.41
145.92
150.89
148.16
147.39
152.89
146.38
152.97
148.48
150.86
150.69
144.86
152.88
146.44
151.66
147.41
149.41
150.84
145.19
153.40
147.72
151.66
149.92
146.92
153.38
146.42
153.84
148.81
150.53
150.92
143.39
154.09
146.77
152.61
148.84
149.27
153.38
142.81
152.20
146.86
149.98
150.28
147.81
154.83
142.80
153.33
149.31
150.05
152.61
146.75
154.16
144.56
152.22
149.22
148.91
153.89
145.05
153.28
145.78
150.23
149.42
144.97
152.17
146.38
149.62
147.58
149.34
151.64
145.38
152.41
147.02
151.33
148.27
146.14
152.27
143.95
151.81
147.81
149.22
150.38
147.83
150.58
145.19
151.11
148.47
148.47
147.56
146.84
153.75
144.19
150.22
149.38
147.55
152.05
145.20
152.19
146.20
150.70
150.09
145.56
152.83
146.39
147.70
144.72
149.67
151.12
145.75
152.53
146.48
151.70
149.09
147.81
149.39
145.20
151.06
146.14
150.77
148.83
146.83
152.77
145.19
151.47
146.94
148.72
150.88
144.80
153.77
145.03
151.89
148.91
146.73
149.27
146.39
151.25
145.95
150.97
148.62
148.28
152.64
146.42
151.72
146.70
150.31
148.09
144.84
153.55
146.39
146.97
148.84
149.39
149.02
146.62
153.84
146.91
150.09
149.50
144.84
152.36
142.61
153.09
147.89
147.80
150.61
146.42
153.17
145.19
151.08
148.52
147.12
151.27
143.16
152.36
146.89
151.41
146.09
145.94
150.88
142.38
152.00
144.80
147.92
147.69
143.77
151.86
144.75
151.14
145.66
147.06
149.72
142.98
152.56
144.83
150.38
146.41
146.31
150.52
143.47
152.53
144.42
147.05
148.59
145.42
148.91
143.56
150.27
144.17
145.82
148.33
144.38
152.56
143.42
150.53
147.59
145.12
149.16
144.88
152.61
144.25
148.50
145.81
146.92
151.19
143.56
147.83
146.58
148.84
149.16
144.81
150.81
143.56
147.34
147.22
147.98
150.00
141.48
152.53
145.17
147.55
145.69
147.03
150.95
143.56
150.75
144.88
147.83
148.97
146.25
150.55
142.39
151.08
146.88
147.09
148.53
139.17
152.55
143.92
147.58
146.86
145.86
149.75
143.83
151.17
146.17
151.80
143.58
149.86
143.39
148.11
149.88
144.09
152.52
145.00
148.98
145.38
147.38
149.55
144.80
149.16
143.56
148.27
144.75
151.34
146.62
147.36
142.34
144.14
149.86
145.19
150.22
146.81
145.08
147.30
140.78
146.25
143.78
142.91
145.97
144.38
148.00
143.11
145.64
144.39
143.52
146.53
142.59
148.84
140.55
144.94
143.94
145.19
146.00
141.89
147.64
141.28
145.41
145.80
144.53
145.52
143.11
146.92
144.28
144.84
146.38
143.95
148.61
141.88
146.33
143.73
140.89
146.66
142.05
147.61
141.75
145.78
145.42
144.92
142.78
134.73
148.09
143.11
144.80
146.42
142.70
145.20
141.72
147.39
145.00
145.34
144.70
143.22
146.41
143.52
146.83
144.38
143.53
146.52
143.11
147.11
144.09
146.33
146.23
143.00
148.20
143.11
146.66
144.55
144.97
145.19
142.72
148.48
141.94
145.12
143.75
142.89
143.45
141.86
147.64
143.64
145.47
145.91
143.31
146.77
141.78
146.91
141.92
142.09
145.23
143.75
148.86
142.88
146.23
143.81
142.89
145.73
139.50
148.84
142.42
146.70
144.50
143.41
146.64
141.94
148.17
143.08
144.83
144.61
139.95
147.33
141.50
145.09
143.39
144.19
145.38
142.05
146.42
139.09
143.53
142.92
142.09
143.66
141.47
146.31
