1.77
10.14
9.58
8.98
8.08
8.78
8.17
7.02
7.28
6.39
7.98
9.17
7.27
8.44
8.00
6.88
8.23
9.73
9.58
8.70
8.72
9.45
8.56
5.94
6.88
7.83
8.42
8.08
8.31
7.17
7.69
8.23
7.72
7.28
7.97
9.73
8.97
7.89
9.44
7.41
7.03
8.47
8.69
8.02
7.47
8.00
6.62
6.86
9.16
7.94
8.12
6.55
7.25
7.06
7.16
8.16
9.14
6.70
8.47
7.42
8.75
7.78
8.22
8.81
8.31
8.55
7.69
7.55
7.59
8.84
7.50
6.83
7.70
7.34
8.19
7.62
7.53
8.00
7.36
7.47
7.92
7.27
8.38
7.41
7.89
8.42
8.75
7.28
8.36
7.64
7.84
7.98
6.12
8.30
8.00
7.53
8.72
7.42
8.67
9.27
9.06
8.58
8.95
7.16
7.73
8.50
7.69
8.17
7.77
8.23
7.14
8.97
5.92
8.84
8.33
7.70
8.56
9.03
8.84
8.94
9.47
8.88
8.70
7.39
8.23
9.53
7.75
8.73
7.78
7.30
6.75
7.77
7.00
7.86
6.92
7.02
7.61
6.59
6.83
8.84
7.95
6.33
7.11
8.33
5.91
7.72
7.00
7.55
8.83
8.64
8.77
6.38
9.16
10.25
7.50
8.73
8.08
9.22
8.45
7.80
7.36
6.11
8.14
7.91
6.77
7.73
6.80
7.42
7.28
6.55
8.83
7.62
8.12
8.27
8.78
7.80
8.27
6.59
7.52
7.95
8.92
8.44
9.08
7.80
6.08
7.55
6.75
9.16
8.20
7.78
7.92
6.06
9.33
7.67
7.38
7.42
8.19
9.11
7.61
8.52
8.25
8.23
8.62
9.23
6.94
8.11
8.69
8.47
7.39
9.53
7.14
9.45
8.39
6.98
8.55
7.58
8.22
5.55
7.72
8.42
8.00
8.78
8.03
9.25
8.61
6.97
7.53
8.23
9.09
8.55
6.56
6.84
8.17
8.31
6.92
6.89
5.84
8.36
6.55
7.42
8.41
8.41
7.67
7.47
7.30
8.23
7.89
8.94
7.77
9.80
7.17
7.83
7.62
7.64
7.23
6.28
9.03
6.95
7.41
7.58
6.84
7.95
7.47
7.98
8.31
8.36
8.20
8.19
7.61
7.23
7.91
8.59
8.06
9.11
8.89
8.12
7.47
7.84
9.30
9.80
7.52
6.61
7.31
7.14
8.20
7.98
7.84
8.83
8.42
6.81
7.36
8.20
8.97
8.78
8.36
9.11
8.56
8.39
8.80
8.58
7.02
8.02
7.20
7.06
7.12
8.88
9.00
7.86
7.31
7.22
6.33
8.30
8.53
6.73
7.22
8.41
7.52
7.78
8.00
7.34
7.00
8.33
7.89
6.95
7.78
7.17
8.56
8.12
8.17
7.97
7.88
7.11
7.34
7.36
8.58
10.08
8.44
8.62
7.94
9.30
7.14
7.08
8.97
7.25
8.06
6.84
6.88
8.64
8.09
6.84
8.14
8.70
8.23
8.19
8.17
9.06
9.64
8.78
7.58
7.86
7.77
7.50
7.34
7.75
6.80
7.86
7.30
6.23
8.00
8.92
5.80
7.59
8.55
7.72
8.67
8.25
8.22
7.95
6.58
8.81
7.75
8.25
9.89
8.16
7.72
7.05
6.44
8.70
7.94
6.95
8.53
7.89
8.12
5.17
7.61
7.69
7.52
8.61
9.08
7.06
8.61
7.66
8.30
8.08
8.30
9.73
8.69
7.52
7.36
7.58
8.44
7.28
8.58
8.12
8.48
7.56
8.05
7.52
7.44
7.12
8.30
8.78
6.66
7.03
8.42
7.67
8.27
4.72
5.44
7.64
6.17
7.00
6.95
8.31
7.83
8.02
8.56
7.64
8.20
8.28
8.34
8.58
8.39
9.36
7.95
8.14
7.59
8.41
8.09
6.50
8.66
8.19
7.53
8.66
9.77
8.36
8.84
8.34
8.39
8.31
6.73
7.61
7.70
7.31
9.17
6.66
7.14
7.09
9.38
8.00
9.47
8.12
7.19
7.91
6.56
6.98
6.61
8.91
7.81
9.09
8.05
7.70
6.95
8.84
7.42
7.86
8.62
8.03
9.67
7.62
7.56
6.50
8.08
7.31
8.72
8.62
7.78
9.17
8.45
9.17
8.67
7.91
7.62
7.59
8.44
7.34
7.66
9.14
6.83
7.20
7.72
8.50
8.38
7.19
7.45
6.88
9.06
9.12
7.94
8.83
8.66
8.25
6.86
8.28
7.00
7.17
8.11
8.70
6.88
7.97
8.41
8.28
7.77
7.02
7.38
7.36
9.70
9.89
7.61
9.11
8.05
7.20
7.56
7.62
7.50
7.00
7.94
7.44
7.48
8.14
5.81
8.64
6.97
7.59
7.50
7.32
7.02
7.16
7.03
7.94
6.84
7.48
8.59
8.36
7.56
7.78
8.16
8.44
7.09
10.19
8.53
7.70
8.12
9.39
8.14
6.98
6.92
7.89
6.41
6.67
7.11
7.72
7.25
7.64
8.31
9.09
7.41
7.36
9.48
7.28
6.33
8.33
7.80
9.14
6.47
9.36
7.16
7.48
6.44
7.84
8.61
8.41
8.52
9.30
9.42
6.45
8.39
7.45
6.56
8.27
7.53
7.23
7.03
7.45
7.45
8.09
7.59
7.23
6.50
7.27
7.89
6.50
7.94
7.89
8.52
8.47
7.91
8.81
6.84
8.28
8.58
7.47
8.88
7.38
9.64
6.58
7.03
7.64
8.97
7.97
8.23
6.11
7.11
6.33
8.06
8.47
6.27
9.62
7.66
7.00
8.53
8.36
6.44
7.69
8.17
8.27
7.55
8.47
6.88
6.39
7.50
7.91
7.50
8.30
7.69
7.19
8.02
7.59
8.41
7.52
8.14
6.12
7.34
7.25
8.06
6.86
7.83
8.03
7.97
8.02
8.62
8.55
8.41
8.28
7.70
5.34
7.23
8.98
8.58
7.95
6.83
7.09
6.72
8.17
7.05
7.58
8.23
7.45
7.30
7.94
8.23
7.62
6.31
8.59
8.03
6.72
8.06
7.19
10.27
7.08
7.33
7.22
8.31
7.17
8.14
8.38
7.83
7.55
9.67
7.70
6.81
7.11
8.00
8.02
7.08
7.25
6.95
7.78
7.17
7.11
8.19
8.30
10.61
7.59
7.41
8.22
8.84
9.23
6.08
6.84
9.69
7.91
9.00
8.19
7.89
7.84
6.91
6.45
9.02
7.27
7.80
8.41
7.77
7.28
7.72
9.53
6.88
7.28
5.80
8.77
8.05
7.73
7.84
8.38
6.12
8.77
7.42
7.62
7.88
7.50
7.25
8.36
6.86
8.00
6.77
7.28
7.11
8.08
7.94
7.02
6.00
8.80
7.14
6.78
8.09
6.55
8.33
7.81
8.56
8.30
6.33
8.17
8.19
7.84
8.17
7.23
7.89
7.84
8.86
7.75
7.14
7.70
7.00
7.28
8.70
7.31
7.30
6.88
6.77
7.89
8.70
7.66
8.34
8.30
7.27
6.98
7.20
7.39
8.56
7.75
8.11
7.42
8.03
8.56
8.31
6.61
7.78
8.11
6.98
6.94
6.66
7.05
8.31
7.94
9.28
8.70
7.00
8.88
7.28
9.25
7.08
6.83
7.61
6.53
6.12
8.30
7.08
8.53
8.44
6.83
7.48
7.77
9.22
8.36
7.02
7.41
6.55
7.12
7.17
7.41
7.20
6.12
7.89
6.17
7.02
6.67
7.56
7.80
5.97
7.09
6.98
7.59
7.36
7.77
8.30
9.19
8.39
7.97
8.89
8.12
7.20
6.78
8.67
7.56
7.56
7.86
8.77
6.72
7.92
7.55
6.64
6.58
6.73
8.62
7.62
7.27
6.33
6.89
8.42
6.78
8.16
7.14
9.44
7.81
8.19
6.80
7.12
8.39
7.44
8.44
8.06
8.17
9.11
8.16
8.61
9.34
6.89
7.22
8.14
6.77
7.39
7.25
7.66
7.12
7.31
7.61
6.27
8.39
8.50
8.27
6.97
8.09
8.11
7.42
6.78
7.52
9.50
7.64
8.23
7.31
8.95
8.23
7.91
6.80
8.12
7.97
7.98
7.94
7.50
8.00
8.03
8.00
6.92
6.61
6.27
8.23
7.34
7.56
8.52
8.08
9.05
7.56
7.52
8.72
8.95
8.52
9.30
7.86
7.72
8.64
7.38
6.47
6.89
8.09
7.92
7.19
6.88
6.69
7.28
9.17
7.86
8.00
6.59
7.84
7.30
7.23
8.38
6.48
8.50
9.89
7.52
7.72
8.30
6.92
8.97
5.94
7.61
8.77
8.50
7.72
9.22
6.91
8.25
7.64
7.25
6.16
7.17
7.02
8.89
7.58
7.09
8.03
8.41
7.89
9.14
8.03
8.39
8.16
8.11
8.52
7.16
6.98
8.34
9.31
7.75
8.02
7.44
7.12
7.48
6.84
6.47
7.97
8.09
8.52
8.08
7.36
7.20
9.80
7.64
8.59
8.08
7.75
7.81
6.84
9.08
9.66
8.42
7.28
9.38
9.41
8.31
9.52
8.23
7.41
7.97
7.19
8.55
7.75
7.48
6.98
7.69
8.70
7.83
7.14
8.08
8.47
6.98
7.92
7.59
7.92
7.58
8.55
8.97
8.31
5.89
8.64
7.19
8.11
8.98
6.69
7.02
7.42
7.50
7.22
9.00
8.22
6.80
9.03
7.92
8.06
8.56
7.77
8.38
6.52
7.33
7.52
6.53
7.23
8.55
8.97
7.78
9.08
8.08
8.75
8.78
7.95
7.75
8.88
7.23
5.80
7.87
7.06
7.59
7.53
7.52
7.94
9.81
6.94
6.50
8.56
7.08
7.84
7.69
8.05
7.38
7.23
7.02
8.14
9.36
7.56
7.48
8.58
7.02
6.75
7.41
8.12
6.42
7.53
6.55
7.84
7.44
8.50
8.34
6.84
8.66
7.62
7.12
8.86
8.06
8.92
7.42
8.86
7.16
7.75
8.42
8.44
7.53
8.05
7.36
8.25
7.86
6.98
6.36
6.78
7.56
8.38
7.53
7.88
7.69
8.75
7.69
6.67
6.66
7.97
6.42
7.86
8.66
7.67
6.80
7.17
6.75
7.58
8.22
7.03
7.92
6.98
7.62
8.75
8.05
7.84
8.42
7.58
8.91
8.27
8.09
7.44
8.05
8.17
8.62
7.59
8.42
7.25
8.30
7.98
8.11
10.19
8.12
8.00
7.36
9.48
8.88
5.11
8.47
7.58
6.70
8.47
7.59
7.59
8.83
8.58
8.03
8.12
8.86
8.03
7.00
6.47
7.17
6.95
7.92
9.92
7.22
6.72
9.20
7.98
6.84
6.64
7.98
8.56
8.52
7.75
8.41
7.42
6.70
8.22
8.19
7.36
7.97
8.30
7.22
8.48
6.94
6.88
7.67
7.42
8.69
7.94
7.09
8.72
8.34
8.44
7.80
7.67
5.89
8.70
9.16
6.91
8.61
7.81
8.30
7.88
7.91
7.42
9.30
8.53
7.14
8.45
8.33
7.89
7.64
8.89
6.36
8.03
8.30
6.52
7.59
8.83
7.20
8.47
9.27
7.88
7.81
7.81
9.91
8.42
7.98
8.89
8.33
8.55
9.84
8.02
7.39
7.45
7.92
8.34
8.61
9.30
7.67
6.06
7.19
7.62
7.62
8.70
7.69
8.86
8.56
7.52
7.39
8.47
7.77
7.95
7.81
8.20
8.03
8.11
8.14
8.77
8.02
8.25
7.91
8.08
8.08
7.16
6.56
8.66
7.61
8.81
8.98
7.27
8.11
9.31
9.33
8.77
7.02
8.33
7.27
8.17
7.64
7.45
7.80
7.59
8.45
7.73
7.98
6.67
6.69
7.92
8.61
7.80
8.02
8.84
7.52
9.05
7.23
7.17
8.30
7.25
7.33
8.84
7.61
7.25
7.53
8.38
7.59
6.77
7.52
8.20
8.25
7.80
9.19
7.42
6.47
8.12
7.41
7.55
7.47
6.73
8.19
8.23
9.09
7.38
7.64
7.64
7.94
7.55
7.39
7.53
6.73
8.25
7.70
7.31
8.20
7.28
8.17
7.92
7.86
6.89
7.53
7.34
8.38
6.67
7.48
7.09
7.92
7.64
6.20
7.47
7.02
8.45
6.16
8.86
6.89
8.55
8.08
7.22
7.70
8.67
7.62
7.91
8.98
8.20
5.22
7.73
7.66
8.38
8.33
7.91
6.44
8.27
8.81
8.59
8.73
6.83
5.89
7.48
7.14
7.47
6.84
7.50
7.97
8.64
8.36
8.47
8.77
7.25
7.55
8.83
9.02
7.70
8.05
9.23
7.66
7.67
7.28
9.45
8.62
6.61
8.05
5.77
6.94
8.27
9.44
8.20
10.19
7.88
7.64
6.73
9.20
7.98
9.44
7.36
7.12
8.69
7.92
7.48
6.38
8.27
9.14
7.03
7.33
7.98
7.98
8.58
7.78
8.53
7.66
7.72
7.84
7.61
8.20
8.30
7.62
6.78
8.17
7.66
8.11
6.11
8.23
7.02
7.14
7.05
8.08
7.72
8.33
8.31
8.14
6.88
6.45
7.97
8.02
8.12
7.53
7.28
7.36
7.77
7.50
9.09
7.88
7.72
8.73
6.70
7.38
6.50
8.02
8.78
8.06
8.88
7.73
7.92
8.22
7.53
8.34
7.45
9.00
7.88
7.45
8.00
5.84
7.70
5.89
7.80
7.50
7.50
8.20
8.61
7.44
6.69
8.98
8.42
8.28
8.17
7.50
8.11
8.77
9.03
7.25
8.38
8.42
8.38
8.67
8.16
7.80
7.97
7.78
7.23
7.61
7.86
8.52
7.03
7.73
8.08
8.36
7.64
7.66
7.34
6.92
8.14
7.70
8.45
7.95
8.94
8.75
8.50
8.66
8.22
7.25
8.80
9.45
7.91
6.98
8.75
6.02
8.30
8.45
7.86
8.95
8.28
7.06
6.61
8.47
6.97
9.05
7.67
7.31
8.19
8.64
6.91
7.58
7.16
8.92
7.16
9.19
7.16
9.27
7.56
6.89
6.66
7.34
8.30
8.80
8.67
6.59
8.36
7.91
7.09
8.14
8.05
6.34
8.72
8.80
7.75
8.36
8.39
8.48
10.03
7.56
7.72
7.94
8.44
8.02
8.69
8.14
8.75
7.48
8.09
7.69
7.92
9.05
8.53
7.63
7.28
7.55
7.12
7.67
7.48
7.52
8.27
9.78
8.77
8.28
6.77
8.30
7.41
7.77
8.42
8.59
9.22
8.42
7.48
8.44
7.84
6.89
7.03
7.05
7.69
7.67
8.17
6.11
7.80
8.30
7.70
8.59
8.28
8.69
7.91
7.55
8.38
9.83
9.14
7.52
8.48
7.61
8.02
8.19
7.44
7.00
7.52
6.47
7.02
8.08
7.70
8.67
7.06
6.02
7.75
7.06
8.94
8.66
7.75
7.88
7.08
8.28
8.16
8.38
7.05
9.44
7.53
8.50
6.94
7.06
8.25
7.17
7.81
8.89
7.38
6.95
7.39
7.56
7.91
7.31
8.06
7.31
8.72
8.56
7.48
8.17
7.48
7.62
7.20
8.14
7.36
7.88
7.05
7.56
7.02
6.81
8.22
7.88
7.44
8.33
7.88
8.06
7.05
8.14
7.61
7.27
7.61
7.27
8.45
7.80
6.62
7.06
7.53
8.33
8.27
6.14
9.27
7.83
7.83
6.97
7.42
8.53
6.94
6.91
6.38
9.17
8.42
8.03
6.77
8.28
8.27
8.31
6.75
7.30
6.62
8.44
6.97
8.00
6.31
7.66
7.23
7.16
7.34
5.97
7.56
7.70
6.38
8.73
6.98
9.23
5.73
8.48
7.16
8.58
7.58
8.77
9.19
6.92
7.00
6.50
5.80
7.92
8.36
8.23
7.73
6.50
7.22
7.64
6.73
8.66
7.09
9.05
6.38
9.52
7.19
9.67
8.05
7.36
8.69
7.50
7.41
7.69
8.50
6.81
8.18
7.97
6.58
7.44
8.91
7.81
6.22
8.41
8.33
9.03
6.09
8.14
7.64
7.38
7.64
8.89
7.84
7.00
7.66
7.70
7.72
7.27
7.61
7.28
8.77
6.53
7.33
8.06
7.45
8.61
6.89
7.02
7.80
9.52
7.20
7.73
7.45
8.50
7.17
7.58
7.89
6.50
6.25
7.53
7.88
8.14
8.59
9.22
9.23
7.44
8.92
7.78
7.70
7.58
9.42
8.83
7.73
7.48
6.55
7.62
7.25
7.55
7.28
7.62
6.92
6.56
7.50
8.50
7.84
7.92
9.20
8.33
7.52
8.62
7.30
7.27
7.70
6.98
9.41
8.27
8.11
7.17
7.52
7.69
6.45
8.41
7.75
8.69
7.27
8.25
8.70
6.95
7.95
8.47
7.70
7.45
7.30
8.58
7.84
8.20
7.44
7.97
9.00
8.14
8.62
8.16
7.28
9.23
8.50
8.88
7.98
7.39
8.17
8.11
7.55
7.62
8.45
8.89
9.09
8.39
8.12
7.62
8.28
6.69
8.56
8.59
8.38
7.69
7.47
10.06
8.03
7.34
8.61
9.19
9.38
8.30
6.72
7.77
8.23
7.53
7.91
6.66
6.59
7.44
7.91
8.73
7.27
7.28
7.80
7.31
7.36
7.69
7.47
9.17
6.58
8.02
6.72
7.73
7.36
8.64
6.80
8.44
9.48
6.78
6.81
8.50
7.16
7.41
9.11
6.62
8.77
7.52
7.67
6.42
8.45
7.58
7.92
8.00
7.77
6.30
7.02
6.14
6.83
7.61
8.17
8.48
8.09
7.55
7.45
8.38
8.06
7.00
8.16
6.66
8.00
7.92
6.66
7.78
7.09
6.77
7.69
8.27
7.52
7.83
7.64
7.67
7.56
8.09
7.39
7.58
6.72
8.33
7.50
7.30
7.45
7.95
5.92
9.09
8.17
7.67
7.38
7.58
8.92
6.66
7.53
8.77
7.83
6.59
6.91
6.50
6.84
6.66
6.50
7.61
8.75
9.09
7.03
8.53
7.33
7.67
7.86
7.30
7.52
7.28
8.16
6.70
7.17
8.66
8.03
8.05
7.89
7.19
7.42
8.08
7.66
7.44
7.38
6.53
7.19
6.62
6.91
8.09
7.98
6.83
8.27
9.95
7.78
6.55
8.47
6.78
7.81
7.19
8.86
6.81
7.83
7.83
8.36
7.53
7.70
8.41
9.22
6.28
7.25
8.11
6.28
7.73
8.16
7.44
6.44
8.02
6.66
7.95
7.94
8.61
8.80
8.19
6.56
8.25
8.33
7.69
7.45
8.23
8.02
6.66
8.59
6.56
7.81
8.61
6.64
7.47
6.45
7.23
7.59
8.91
7.14
7.80
6.98
9.08
8.05
9.08
9.48
8.03
8.58
7.28
9.73
6.55
8.16
8.41
6.95
7.50
7.78
8.11
7.30
8.72
8.38
7.72
8.19
8.67
6.44
6.81
7.25
7.81
7.83
8.06
7.30
7.56
9.02
6.95
8.48
8.33
8.12
9.02
8.12
7.39
8.66
8.28
8.53
7.70
7.20
7.61
8.95
7.84
8.14
7.17
7.00
7.44
7.44
6.45
7.43
7.66
7.38
7.73
8.48
7.78
8.44
8.64
7.02
8.44
8.50
7.61
7.44
6.69
7.17
7.36
7.50
9.11
8.36
6.61
8.22
7.17
7.59
7.44
8.66
8.58
9.08
7.53
6.80
7.86
7.55
8.20
7.92
8.27
6.12
9.06
9.50
8.02
6.83
6.86
8.08
7.92
8.56
7.89
7.61
8.17
6.62
5.69
7.08
8.64
8.38
8.77
7.98
9.08
8.30
7.03
8.39
8.06
8.66
7.94
7.08
8.09
8.58
7.70
9.41
8.53
6.45
9.09
8.69
7.47
6.55
7.59
10.72
7.69
7.55
8.22
8.27
7.78
6.97
7.69
8.02
7.88
8.95
8.52
7.42
7.58
5.89
8.36
9.53
9.20
9.14
7.56
8.95
8.06
8.66
8.30
8.33
7.62
7.72
7.00
8.38
8.14
6.94
8.38
8.19
7.92
5.86
7.11
7.36
6.94
7.52
7.16
8.98
10.06
8.11
8.05
6.19
7.75
7.59
8.70
8.67
8.59
7.06
8.30
7.84
7.66
8.81
9.11
8.44
7.69
7.84
8.19
7.17
7.61
9.30
7.53
7.28
7.03
7.92
8.39
8.84
7.28
7.88
8.53
5.72
8.25
8.78
8.59
7.27
9.34
6.86
8.14
7.31
7.77
7.09
7.36
8.75
7.62
8.55
7.92
8.03
7.20
6.75
7.31
8.62
8.89
8.11
7.12
6.92
7.92
7.58
8.98
6.91
7.70
7.84
10.80
7.94
7.56
6.25
7.56
7.72
6.22
7.02
9.12
7.28
8.20
8.66
6.67
7.95
8.27
8.03
7.53
8.11
8.67
6.77
8.56
8.34
9.11
7.92
7.11
6.77
7.73
8.05
7.70
8.83
6.70
6.22
7.14
9.03
6.70
7.09
8.28
8.70
8.84
7.72
5.98
5.73
7.83
6.58
7.73
8.11
8.64
6.84
7.81
7.08
7.78
8.14
7.45
5.94
8.33
8.88
7.98
6.80
8.08
7.55
7.52
8.73
7.14
6.36
6.98
7.64
8.81
9.16
8.08
7.64
8.47
7.50
8.50
8.91
8.38
9.27
8.30
7.59
7.25
7.23
8.59
8.06
8.16
8.86
7.25
7.22
7.53
7.84
8.44
7.92
7.44
8.45
8.25
7.61
7.64
7.58
8.34
7.12
6.78
8.39
7.23
7.70
7.84
7.12
8.25
6.61
7.64
6.33
7.20
8.98
8.31
8.23
7.42
6.94
8.53
6.66
7.47
6.67
6.91
7.06
7.78
6.86
7.47
9.20
8.14
8.23
6.97
8.53
8.06
9.00
9.31
7.98
8.27
8.45
8.75
6.75
7.86
7.48
8.91
7.53
7.05
7.47
6.97
8.55
6.80
7.55
7.67
8.38
7.72
7.89
6.27
7.92
8.17
7.06
7.69
7.97
7.44
7.94
8.06
7.09
6.42
7.53
9.11
7.42
7.19
7.98
7.98
7.36
8.05
7.70
6.84
7.36
6.38
8.94
7.25
7.95
7.06
8.42
7.62
8.00
7.80
6.44
7.39
8.50
8.03
7.41
7.91
9.39
9.09
9.58
6.95
7.36
8.64
8.38
7.14
7.45
7.66
6.88
7.78
7.70
7.09
7.59
7.56
7.30
6.73
6.86
7.05
8.23
6.86
8.62
6.92
9.27
7.92
7.48
8.81
6.98
7.64
7.56
7.58
7.58
9.06
8.41
8.36
6.80
7.20
8.16
8.58
6.86
6.41
7.92
8.19
8.88
9.88
7.94
7.31
8.97
6.47
9.12
7.83
6.98
7.39
9.03
8.64
8.92
7.06
6.94
7.53
9.14
8.12
7.50
6.81
8.36
6.80
8.17
7.98
7.86
6.02
6.94
8.39
7.34
9.75
8.69
7.88
6.97
8.81
7.52
6.70
7.39
8.61
7.34
7.61
8.22
8.59
8.59
7.45
8.73
7.84
7.55
7.20
7.48
6.50
7.80
6.80
8.28
8.39
7.06
8.86
8.44
8.05
8.05
6.83
8.72
7.23
8.73
6.86
8.30
7.62
8.20
7.53
8.36
7.89
8.47
8.36
9.02
7.59
8.62
7.52
7.30
8.86
7.84
8.55
7.80
8.62
7.50
7.56
8.11
8.92
8.33
8.66
7.20
7.56
8.39
7.38
8.19
6.78
7.23
7.77
8.25
7.14
7.27
8.33
7.19
8.28
8.34
8.83
8.17
7.27
9.44
6.89
7.66
7.20
6.41
7.56
8.17
8.08
7.02
7.66
7.91
8.89
7.41
8.03
6.83
7.39
8.23
8.44
7.83
7.70
7.58
7.64
8.80
8.12
8.23
8.12
6.12
7.42
7.48
8.97
7.95
6.47
7.44
7.94
8.02
7.81
7.42
7.78
9.45
7.27
7.30
8.02
7.73
8.20
7.97
7.63
7.61
8.25
8.19
6.52
8.12
6.64
9.02
7.69
7.61
8.00
7.83
6.89
7.48
7.61
7.53
8.52
6.61
6.80
7.97
8.28
7.67
7.56
7.98
8.69
8.05
7.94
7.67
7.81
7.83
6.67
7.53
7.12
8.36
7.08
8.14
8.55
6.88
8.31
8.08
9.25
8.22
8.27
9.06
8.81
7.66
7.72
8.19
8.06
7.91
7.45
8.89
8.78
8.47
8.55
7.83
7.86
7.09
7.25
7.75
7.72
8.19
7.86
7.34
7.70
7.22
8.23
7.62
8.11
7.70
7.48
7.31
7.47
7.69
7.05
8.77
7.55
8.89
6.62
8.03
9.36
6.73
8.48
8.42
8.30
7.86
6.41
7.22
6.42
7.28
6.81
7.09
7.61
6.61
6.33
6.53
8.84
7.58
7.48
6.34
7.94
7.88
6.72
7.52
8.02
8.02
8.39
8.61
7.86
7.94
9.38
8.17
8.70
6.89
6.88
6.89
7.25
8.09
8.06
8.22
6.36
6.62
8.14
8.05
8.86
8.41
7.23
9.12
7.98
9.36
7.48
8.62
8.22
8.27
8.75
7.31
7.19
7.06
7.83
8.67
6.75
7.05
8.11
7.23
6.89
8.25
8.03
8.36
7.55
8.08
6.48
7.34
8.50
8.72
7.58
8.41
7.45
8.11
7.23
7.67
9.20
7.83
9.02
8.58
8.38
6.19
8.16
8.02
6.36
8.66
7.67
8.09
9.03
7.39
7.83
7.44
8.66
7.27
7.83
6.70
7.80
7.44
7.56
8.23
6.99
9.03
7.81
7.92
8.06
8.77
8.31
7.45
8.34
6.88
7.52
6.42
7.45
7.61
7.44
6.77
7.22
9.59
9.34
8.31
7.67
7.56
8.75
9.52
7.86
8.52
8.50
9.33
8.02
7.19
6.97
8.39
6.95
10.27
8.38
7.95
8.11
7.27
7.31
7.03
7.81
8.97
8.66
7.34
7.39
8.33
7.64
6.61
8.11
8.75
6.16
7.41
7.61
7.83
8.94
5.19
9.25
8.08
8.28
8.97
7.06
7.45
7.97
8.30
8.20
7.28
6.64
7.86
8.78
7.94
7.11
7.11
7.98
7.28
8.80
7.38
8.56
8.27
8.09
9.38
7.66
6.81
8.25
8.56
8.86
6.72
7.91
7.92
7.64
7.92
8.44
6.89
8.48
7.75
7.61
8.12
7.33
7.89
8.44
6.83
7.81
8.09
7.92
9.47
7.14
7.52
7.22
8.27
7.88
8.05
7.06
7.61
6.66
7.61
8.61
7.70
7.86
8.86
7.77
8.27
7.92
7.48
6.77
7.28
8.97
8.09
7.62
7.53
7.72
6.62
7.50
7.44
7.78
7.70
6.59
6.83
6.80
8.36
6.61
8.83
7.30
7.50
7.28
8.16
7.61
7.12
7.78
8.72
7.03
7.34
6.84
8.44
7.75
8.05
8.05
6.84
8.03
8.62
8.39
8.64
7.20
7.73
8.58
8.56
9.06
7.55
7.92
8.72
7.61
7.39
6.81
7.38
7.17
8.00
8.34
6.48
7.58
6.77
7.94
7.02
8.58
7.39
6.61
6.92
7.03
7.01
6.44
8.48
9.28
7.42
8.73
7.95
7.44
8.62
8.78
6.80
7.64
7.58
6.88
8.38
7.48
8.58
9.56
7.30
7.23
6.95
7.22
7.23
6.88
8.70
7.39
7.92
8.48
7.58
8.80
8.17
7.44
8.98
7.80
8.11
6.78
7.84
10.02
8.00
8.09
9.31
6.47
8.20
7.80
7.22
8.98
6.86
8.55
7.80
7.58
8.38
8.42
7.44
6.91
8.58
8.50
8.33
8.52
7.94
8.84
7.91
8.31
5.70
8.08
8.03
7.88
8.11
7.39
7.77
8.03
8.00
8.98
7.34
6.98
7.62
6.66
6.88
7.67
6.41
6.91
8.09
8.75
6.50
8.27
7.06
8.72
8.38
7.83
6.77
7.62
8.97
9.92
7.11
8.92
7.31
7.31
7.64
9.00
8.78
7.73
7.62
7.81
7.55
6.88
7.97
7.89
6.61
7.69
7.41
7.28
7.03
8.78
9.11
6.94
8.28
7.19
8.44
8.64
7.84
7.23
8.28
7.23
8.06
9.44
5.84
8.36
8.56
7.61
8.19
7.89
7.91
7.22
8.97
7.67
9.00
7.98
5.84
8.22
7.66
6.89
8.73
6.77
9.72
8.42
8.72
7.45
8.83
8.12
9.41
7.81
6.38
6.98
7.89
7.31
7.27
6.75
8.39
7.19
6.95
7.64
9.42
8.17
8.09
8.73
7.66
8.50
7.09
8.86
8.42
7.75
8.28
6.58
8.16
7.98
7.84
6.42
6.53
8.20
8.14
7.86
7.67
8.14
6.69
6.53
7.86
7.55
8.28
7.42
7.53
9.11
6.62
8.55
6.61
9.06
7.12
9.09
8.30
8.94
7.14
7.73
7.62
6.98
7.59
7.72
6.95
6.66
7.30
6.97
7.67
7.05
6.33
8.38
6.97
7.95
7.84
9.16
7.28
6.69
7.50
7.48
7.55
6.75
7.78
7.83
7.69
8.39
7.33
6.84
6.94
8.42
6.75
7.31
9.30
9.69
7.09
9.14
7.00
7.64
6.47
7.89
7.34
8.56
7.14
8.77
8.11
8.92
6.98
8.17
8.52
7.38
9.12
8.75
9.25
8.06
9.36
7.59
9.67
6.69
7.84
6.78
7.30
8.31
7.48
8.44
8.23
7.75
6.64
9.72
8.73
7.12
7.84
6.80
7.28
8.77
8.34
8.59
7.83
9.73
8.94
8.20
6.78
8.02
7.62
7.59
6.89
7.81
7.25
7.70
6.44
8.64
9.06
7.92
8.30
7.00
7.95
7.52
7.69
7.53
9.45
6.98
8.20
7.97
6.42
8.73
7.33
7.56
8.30
7.28
8.12
8.39
7.80
8.19
7.62
7.48
7.95
8.02
6.70
7.98
7.25
7.45
8.09
8.14
6.88
7.62
8.48
8.19
8.23
8.64
8.02
8.38
7.70
7.59
8.02
8.64
7.31
9.08
8.72
8.08
7.62
8.67
7.53
7.80
7.81
8.97
6.48
9.00
6.89
7.33
8.02
6.33
7.95
7.14
5.59
7.03
7.48
7.86
7.91
7.55
9.50
8.58
7.05
9.81
7.52
7.30
7.81
6.80
6.50
9.02
7.09
7.39
6.41
7.83
6.68
8.48
9.20
6.62
7.94
8.94
8.09
5.55
7.34
7.64
8.09
7.77
7.72
9.64
7.41
7.34
9.56
7.56
8.03
8.64
8.62
7.39
7.83
7.06
5.73
7.86
7.55
6.92
7.08
7.30
6.94
5.41
7.11
7.42
6.77
7.12
7.92
7.25
8.22
7.84
7.50
8.59
8.00
7.30
8.11
8.14
7.80
6.94
8.28
7.80
6.12
8.17
7.94
7.98
8.66
8.31
7.58
7.22
5.78
9.23
6.80
7.67
6.66
9.16
9.03
8.42
8.23
8.33
8.64
8.08
7.95
8.78
9.06
7.36
8.16
6.88
8.03
7.84
7.06
7.47
7.75
7.06
8.94
7.30
7.89
9.14
8.05
7.88
7.12
7.89
8.48
7.91
