write_job: (g=0): rw=write, bs=16K-16K/16K-16K/16K-16K, ioengine=libaio, iodepth=1
fio-2.1.10
Starting 1 process

fio: terminating on signal 2

write_job: (groupid=0, jobs=1): err= 0: pid=5612: Thu Oct  1 01:11:13 2015
  write: io=108608KB, bw=115418KB/s, iops=7213, runt=   941msec
    slat (usec): min=3, max=53, avg=12.48, stdev= 3.09
    clat (usec): min=75, max=50494, avg=124.29, stdev=688.67
     lat (usec): min=110, max=50509, avg=137.02, stdev=688.64
    clat percentiles (usec):
     |  1.00th=[   98],  5.00th=[   99], 10.00th=[   99], 20.00th=[  100],
     | 30.00th=[  102], 40.00th=[  102], 50.00th=[  103], 60.00th=[  103],
     | 70.00th=[  103], 80.00th=[  104], 90.00th=[  107], 95.00th=[  131],
     | 99.00th=[  470], 99.50th=[  916], 99.90th=[ 1032], 99.95th=[ 1832],
     | 99.99th=[50432]
    bw (KB  /s): min=103616, max=103616, per=89.78%, avg=103616.00, stdev= 0.00
    lat (usec) : 100=16.46%, 250=82.54%, 500=0.01%, 750=0.03%, 1000=0.80%
    lat (msec) : 2=0.12%, 10=0.01%, 50=0.01%, 100=0.01%
  cpu          : usr=4.47%, sys=12.45%, ctx=6816, majf=0, minf=28
  IO depths    : 1=100.0%, 2=0.0%, 4=0.0%, 8=0.0%, 16=0.0%, 32=0.0%, >=64=0.0%
     submit    : 0=0.0%, 4=100.0%, 8=0.0%, 16=0.0%, 32=0.0%, 64=0.0%, >=64=0.0%
     complete  : 0=0.0%, 4=100.0%, 8=0.0%, 16=0.0%, 32=0.0%, 64=0.0%, >=64=0.0%
     issued    : total=r=0/w=6788/d=0, short=r=0/w=0/d=0
     latency   : target=0, window=0, percentile=100.00%, depth=1

Run status group 0 (all jobs):
  WRITE: io=108608KB, aggrb=115417KB/s, minb=115417KB/s, maxb=115417KB/s, mint=941msec, maxt=941msec

Disk stats (read/write):
  sdd: ios=87/6452, merge=0/0, ticks=168/768, in_queue=928, util=86.49%

fio: terminating on signal 2
