1.76
6.56
5.23
4.44
5.53
5.19
6.23
5.03
5.06
5.75
5.38
6.19
4.88
5.28
5.97
5.89
6.06
4.97
4.98
5.72
4.31
5.39
5.41
4.97
4.95
6.84
5.41
6.14
4.80
6.64
5.62
6.42
6.36
5.28
6.20
6.66
5.41
5.27
5.80
5.42
6.72
8.44
7.42
5.64
4.48
5.86
5.48
5.81
4.55
5.73
5.44
5.00
5.39
5.44
5.44
5.09
5.44
5.56
5.81
6.00
5.09
4.94
5.77
5.55
5.94
6.05
5.56
6.20
5.66
4.67
4.80
5.20
6.06
4.59
4.97
5.78
4.86
5.03
5.66
4.62
5.05
5.12
5.41
5.98
5.38
6.27
6.61
5.95
5.34
5.03
6.08
5.56
4.81
5.75
5.38
6.03
5.73
6.22
5.86
6.48
6.30
4.48
5.86
4.94
5.45
4.25
4.81
5.52
6.33
5.83
5.81
4.55
5.58
6.52
5.84
5.92
4.86
5.27
5.14
5.47
6.84
4.23
5.97
5.42
4.23
4.81
4.92
5.03
3.98
4.78
5.23
5.55
4.97
7.44
5.12
4.66
4.75
5.00
5.38
5.77
5.17
5.00
6.33
6.59
5.36
5.20
4.48
4.80
5.14
5.00
5.22
5.02
6.08
6.06
4.36
5.09
5.31
5.03
5.23
5.31
5.66
5.83
6.66
4.64
5.17
4.05
5.16
5.22
5.55
6.00
5.97
5.33
6.00
5.78
6.06
6.03
6.27
5.64
6.41
6.61
6.42
4.73
5.19
5.38
4.84
6.64
5.98
5.72
6.94
6.44
5.50
7.00
4.22
5.77
4.84
5.62
5.34
5.42
5.20
3.92
5.84
6.11
6.70
6.06
5.25
5.05
5.14
5.38
6.11
4.84
5.86
5.52
5.31
7.42
7.33
4.02
5.73
5.83
5.61
6.17
5.67
5.81
5.98
4.86
7.14
5.66
6.36
5.75
4.78
4.81
6.38
5.41
5.30
5.75
4.83
6.27
5.70
5.11
5.06
4.95
4.92
5.00
4.30
5.42
5.73
5.38
5.78
5.34
5.91
6.66
5.02
5.25
5.28
6.77
6.09
5.09
6.27
5.36
5.70
5.25
6.84
5.95
6.70
5.12
6.58
5.22
5.41
5.17
3.91
6.56
5.39
6.39
5.28
4.62
4.84
5.05
4.12
5.88
6.16
5.39
5.16
4.73
5.53
3.95
4.25
4.78
5.89
6.00
5.41
4.86
5.55
6.39
6.83
4.86
5.69
5.75
5.94
5.33
6.67
5.50
5.27
4.09
4.22
5.09
5.34
4.77
5.41
5.69
5.25
5.28
4.16
5.03
6.39
5.62
5.14
5.30
5.69
4.47
6.80
5.69
6.05
6.09
6.14
6.06
6.31
5.83
5.55
5.80
5.88
7.20
5.67
4.86
5.62
5.75
4.06
5.41
4.70
4.91
6.59
5.78
5.14
5.55
4.41
5.75
4.92
6.08
4.23
5.55
4.33
6.97
4.34
3.88
5.00
5.98
5.88
5.17
4.30
5.77
5.91
4.59
5.66
5.91
4.66
5.00
6.16
5.16
6.17
5.19
3.89
5.70
5.72
4.58
5.34
5.50
5.20
5.78
5.59
6.27
4.70
6.16
4.77
6.20
5.59
4.81
5.25
5.33
6.52
5.95
5.22
4.39
5.52
6.31
5.33
6.22
6.08
5.83
6.36
5.66
5.73
6.19
5.89
4.70
5.05
4.92
7.30
6.16
4.64
5.03
5.68
4.92
5.33
6.27
5.06
5.66
5.30
4.66
5.06
5.19
7.30
5.50
4.88
4.30
4.53
5.89
5.66
5.62
6.22
6.72
5.66
4.39
4.92
7.06
5.20
5.73
5.91
4.67
6.08
4.98
4.56
6.59
4.77
5.73
7.06
5.86
5.58
5.66
6.22
6.08
6.73
5.84
4.41
4.86
5.83
5.97
5.98
6.14
5.58
4.62
4.75
6.81
4.69
4.25
5.27
5.69
5.22
6.28
6.16
5.98
5.31
4.83
5.70
5.61
4.81
6.36
6.50
6.28
6.94
6.33
6.61
6.39
4.17
5.91
4.61
4.53
5.64
5.05
5.53
4.92
5.69
4.73
5.67
5.14
6.69
5.20
5.69
5.33
5.50
4.41
4.25
6.09
7.27
5.31
6.02
7.62
5.16
6.09
5.27
5.77
6.38
5.23
5.42
6.42
6.30
5.81
5.34
5.91
5.19
8.00
5.69
6.38
7.61
5.97
6.08
5.59
5.62
5.22
5.42
5.20
6.62
5.61
5.34
6.14
5.95
5.70
5.72
6.59
4.66
6.92
6.12
5.39
6.31
4.72
6.17
5.14
5.39
6.09
6.69
6.05
4.42
5.89
4.83
5.08
6.58
5.42
5.66
5.48
6.03
4.00
5.39
4.28
5.19
4.95
4.91
5.50
5.81
5.61
4.75
6.77
5.31
4.67
5.22
5.70
5.95
5.59
3.77
6.77
5.27
7.09
6.47
5.09
5.97
6.12
6.03
5.05
5.97
5.78
5.14
6.45
5.03
5.56
5.75
6.05
5.91
4.89
5.39
5.31
5.36
4.81
4.66
4.88
5.42
3.95
4.89
6.05
5.78
4.52
6.98
5.19
5.42
6.23
5.69
6.53
5.61
4.81
4.55
4.78
5.62
5.02
6.64
6.17
5.78
5.44
6.59
4.95
6.97
6.77
4.34
5.61
4.47
4.78
5.42
5.11
4.70
5.23
6.11
5.31
4.59
5.61
5.34
4.88
4.41
5.94
6.30
5.58
6.53
5.22
4.95
4.84
3.86
5.23
4.55
5.58
3.92
5.39
5.67
6.55
5.38
6.14
5.81
6.20
5.20
4.80
7.27
5.84
5.80
6.22
5.33
5.86
6.58
5.12
6.44
5.31
5.45
4.78
4.53
4.75
5.50
5.33
5.98
5.73
6.30
4.88
3.48
4.25
4.75
6.34
5.28
4.12
4.92
5.88
5.00
5.16
4.59
5.73
6.16
5.77
4.97
4.64
4.62
5.84
5.48
6.20
4.83
5.62
6.03
6.30
6.30
5.69
5.28
4.77
4.78
5.36
5.62
6.62
5.70
5.84
4.89
5.47
5.81
5.67
5.98
5.77
4.98
4.06
4.77
5.16
4.56
4.72
5.38
5.23
5.02
5.52
4.73
4.69
5.81
5.52
6.05
7.05
5.73
5.23
5.58
4.53
5.56
6.41
5.77
6.00
3.84
6.84
6.11
4.45
5.31
5.89
5.14
6.59
4.11
4.30
5.66
3.69
4.95
5.59
6.55
5.31
4.83
6.31
5.91
5.11
5.02
4.53
4.86
5.45
4.69
6.14
5.14
5.45
5.61
6.14
6.09
6.66
5.75
6.11
6.41
4.53
6.28
5.14
5.23
4.91
6.31
5.81
5.48
4.61
6.56
6.05
6.45
6.16
5.31
6.36
5.08
5.41
5.73
4.89
5.52
4.67
4.88
5.39
7.03
6.64
6.00
6.33
5.28
6.34
5.72
6.14
6.66
5.08
5.42
6.42
6.03
5.81
6.67
5.80
5.23
5.41
5.58
5.94
5.50
5.22
6.00
5.02
8.17
4.53
5.36
5.88
4.42
5.91
5.19
6.23
5.12
5.16
5.70
5.53
4.94
4.89
5.06
6.81
5.53
6.00
4.62
5.78
6.55
5.80
6.45
6.42
5.84
5.31
5.31
4.89
5.88
6.42
5.77
5.09
5.16
6.88
6.55
6.33
5.44
5.56
6.31
4.56
5.09
5.98
4.98
6.66
6.16
5.59
6.73
5.44
6.14
7.12
4.20
5.81
5.22
4.72
5.25
6.19
4.95
5.80
6.14
6.45
5.83
5.89
5.36
6.50
6.03
5.05
5.86
5.83
5.80
5.03
5.25
5.83
6.20
5.06
4.33
5.00
4.94
5.44
5.44
5.86
5.27
5.62
5.55
4.89
6.00
4.77
5.73
6.25
5.16
6.00
6.08
6.36
5.16
6.05
5.09
6.08
5.92
6.31
6.22
6.20
6.64
5.25
6.80
5.34
5.38
5.47
4.98
5.00
5.94
5.17
6.36
6.22
6.78
5.94
4.95
4.55
6.23
5.92
5.73
4.77
5.78
4.09
6.53
5.16
5.00
4.98
5.61
5.62
5.75
5.16
4.31
5.94
6.58
5.88
5.50
5.38
6.30
4.98
6.78
5.61
6.28
6.41
5.06
5.70
6.19
6.69
5.27
6.06
7.33
5.22
6.12
5.27
5.83
4.48
6.30
5.25
5.66
5.33
4.97
5.92
5.14
4.08
4.44
6.22
5.14
6.12
4.61
5.50
6.72
6.03
5.11
6.23
5.25
5.45
4.73
4.77
7.62
5.89
5.94
5.56
4.73
5.16
6.42
5.22
5.50
5.23
4.69
6.38
6.34
5.62
7.11
5.66
5.30
6.88
6.39
6.06
7.41
4.89
5.25
5.61
4.78
6.02
4.66
6.08
5.92
5.25
6.08
5.39
5.69
5.22
5.72
6.73
5.33
4.42
5.91
5.31
4.62
6.23
5.97
4.73
5.69
6.17
5.88
6.17
4.86
5.58
4.11
6.70
5.62
5.91
5.77
4.78
5.70
5.33
4.41
5.11
5.48
4.77
4.92
6.34
4.47
5.14
6.19
4.33
5.14
5.11
5.97
6.97
5.59
4.58
6.33
5.97
4.69
5.66
5.06
6.38
6.55
5.55
6.02
4.61
6.00
6.59
5.94
5.78
6.75
4.78
6.42
5.20
5.20
4.69
4.80
5.08
5.62
6.36
5.70
4.34
5.66
6.00
4.20
6.62
6.33
6.50
5.53
4.89
5.06
4.36
5.58
5.23
5.03
4.75
5.91
5.28
4.42
5.53
5.98
6.33
4.47
4.70
6.61
5.23
4.38
6.00
5.66
6.16
4.98
5.98
6.30
4.97
5.78
6.53
5.08
4.94
4.19
4.83
4.69
5.55
5.86
4.70
6.62
6.06
6.27
5.45
6.94
6.55
5.38
5.50
4.66
5.33
4.27
6.42
4.69
4.64
7.34
5.31
5.81
5.44
6.20
6.00
5.09
5.75
5.36
6.02
4.25
4.61
5.88
4.48
4.78
5.36
5.72
4.77
4.72
5.53
5.56
6.50
5.70
4.81
5.03
4.89
5.33
3.89
4.69
5.28
5.30
4.86
5.80
5.59
5.73
5.00
5.58
5.53
4.98
6.53
4.84
6.33
5.28
7.64
5.11
5.78
4.56
6.06
6.08
5.28
5.39
4.73
4.81
5.64
5.36
5.22
6.91
4.81
5.70
5.12
4.48
5.28
4.80
6.17
6.03
5.00
4.84
6.59
4.31
5.78
6.45
6.27
4.36
5.97
5.52
5.98
6.44
4.19
5.41
4.83
6.25
6.19
6.83
5.36
5.58
6.88
5.52
5.23
5.27
5.27
6.81
5.25
5.97
4.59
5.62
5.11
6.28
6.33
5.69
4.70
4.69
5.00
4.58
5.31
5.31
6.08
5.02
5.95
5.78
5.48
4.22
5.94
6.30
5.47
4.62
5.83
4.97
4.73
5.53
5.69
6.53
5.86
4.69
5.02
5.55
5.84
5.14
6.33
6.20
4.92
6.45
6.12
5.23
6.19
5.80
6.36
5.48
5.02
5.44
4.48
5.50
7.12
6.17
5.33
5.81
4.94
5.53
5.25
5.88
6.16
6.05
6.25
5.48
5.62
6.70
5.03
4.38
10.53
7.41
5.33
4.09
5.48
5.08
5.36
5.41
6.09
5.91
4.88
5.91
5.80
6.66
5.42
4.67
6.59
4.80
4.91
5.44
4.94
5.14
6.00
5.88
7.22
3.69
6.22
6.56
4.62
5.84
4.88
6.08
3.28
5.17
5.81
4.19
4.59
5.98
6.39
5.36
6.67
5.84
5.25
5.67
5.97
5.73
4.45
6.58
6.52
5.00
6.02
6.23
5.22
5.22
5.36
6.09
5.41
6.22
4.69
5.42
5.64
6.19
6.14
5.59
5.22
6.06
5.73
5.84
6.06
6.62
4.11
5.28
6.06
5.95
6.05
6.61
4.25
4.56
5.02
5.16
5.44
5.95
7.52
6.86
4.44
5.11
5.80
5.52
5.50
5.83
7.22
5.86
6.11
6.06
5.94
5.47
6.66
5.69
4.58
5.70
5.59
5.34
4.31
6.83
5.19
5.20
7.06
6.17
6.30
6.81
6.50
7.30
4.95
6.08
6.12
6.06
6.28
5.08
5.30
4.50
7.25
6.03
5.30
5.84
4.89
5.39
6.72
5.03
7.11
5.53
5.61
6.20
5.19
6.12
6.17
5.05
4.20
6.44
4.77
5.50
4.80
5.44
4.34
5.19
5.73
5.62
4.45
5.20
5.05
5.84
4.62
6.78
5.17
5.50
5.58
5.00
6.62
5.08
4.77
6.36
6.53
4.73
5.97
5.16
5.14
5.25
4.84
6.81
5.98
5.03
6.02
5.88
6.12
5.28
5.23
7.33
4.70
6.02
5.39
4.45
5.03
5.67
7.38
6.36
5.58
6.91
4.97
6.58
6.53
6.38
6.20
5.75
5.22
6.70
5.31
4.94
5.95
5.17
4.88
6.58
6.55
6.83
5.83
6.14
6.28
5.17
5.38
5.19
5.38
5.36
7.17
7.38
6.84
5.28
5.59
5.38
4.62
6.36
6.58
5.81
6.11
5.27
4.69
6.30
6.06
5.55
5.69
5.31
5.30
5.66
5.59
5.56
5.48
4.77
4.84
4.92
6.36
6.52
4.97
5.20
5.23
5.02
5.64
5.86
6.12
5.41
6.33
4.72
5.53
4.09
6.28
4.75
6.41
4.53
5.38
5.22
5.48
6.22
5.69
5.38
5.73
5.58
4.98
6.45
4.59
6.38
4.67
5.50
6.91
6.11
5.48
6.42
4.98
5.77
5.05
4.75
4.78
5.64
4.50
5.81
7.28
5.62
4.61
5.30
6.39
5.81
4.34
5.00
4.92
6.41
5.16
7.28
5.22
4.44
5.66
6.05
5.44
4.17
4.86
6.62
5.89
5.11
6.14
7.19
5.67
5.14
4.91
4.83
6.47
4.81
5.36
6.23
5.78
5.88
6.44
5.28
5.28
5.39
4.83
4.81
4.23
5.38
5.58
6.30
4.89
5.69
5.44
6.25
5.00
4.56
5.44
4.98
5.66
4.97
5.45
5.50
5.05
4.94
5.41
6.23
6.42
6.41
6.08
5.81
5.69
5.92
6.89
5.28
5.64
5.17
5.53
5.25
5.86
4.73
6.08
5.75
5.86
6.41
4.95
5.86
4.64
5.52
4.61
5.77
5.73
5.86
6.19
4.86
5.78
5.88
4.67
4.91
3.56
4.09
4.36
5.61
4.78
6.39
4.61
5.41
5.56
5.08
6.59
5.72
5.48
5.31
5.30
6.38
5.88
5.98
6.47
5.59
5.06
6.52
6.44
5.61
5.22
5.08
3.78
4.84
5.55
5.30
4.55
5.42
5.84
4.59
5.83
4.64
5.55
5.73
5.92
6.31
5.50
6.00
6.95
4.52
6.19
5.77
6.39
5.41
5.48
6.30
4.06
5.83
6.95
4.84
5.91
7.03
5.89
6.73
5.20
5.97
6.67
5.62
4.98
7.45
5.03
4.39
6.52
6.34
5.59
6.70
4.72
5.25
5.41
4.27
5.70
5.91
4.52
4.39
5.20
5.34
5.91
5.02
5.50
5.50
6.03
5.45
5.05
5.80
6.75
6.94
5.56
5.80
5.42
6.69
5.30
7.12
5.64
6.62
4.28
5.66
5.92
5.33
4.97
4.67
5.72
5.84
4.98
4.89
4.17
6.83
5.31
5.41
6.91
5.05
5.23
6.50
6.70
5.83
6.05
4.28
5.00
6.92
6.36
6.62
5.45
5.44
6.98
5.89
5.78
6.50
5.22
5.28
6.09
6.14
5.73
5.84
6.34
5.55
4.05
5.31
4.47
5.30
5.64
5.67
5.48
5.45
5.66
4.89
6.67
5.39
5.30
5.78
5.73
5.52
5.03
6.47
5.75
4.88
5.55
4.89
5.84
6.22
5.44
5.39
5.25
6.75
5.19
4.83
6.22
6.45
6.44
6.05
5.02
6.03
6.61
6.45
6.31
5.56
4.86
5.38
5.09
5.25
5.67
6.80
5.66
4.70
4.25
6.17
4.58
5.39
8.97
5.86
8.19
6.44
5.81
5.34
6.44
4.38
5.36
6.11
4.98
6.53
7.16
5.52
5.44
6.48
6.33
5.77
4.83
6.31
4.89
5.75
5.33
4.27
6.50
5.30
5.48
6.33
5.11
5.73
6.05
5.17
5.91
5.00
5.72
5.56
4.73
6.41
4.81
6.73
6.94
5.17
5.48
5.09
6.09
5.80
6.58
4.86
5.50
4.44
6.80
6.73
5.45
6.30
4.98
5.42
6.03
5.67
5.78
6.27
4.84
4.08
5.64
5.86
4.66
6.86
5.14
5.16
6.17
4.94
4.94
5.80
6.11
5.62
5.11
5.52
4.39
5.27
5.47
4.88
5.42
4.78
4.73
5.75
5.61
6.05
5.72
6.33
5.52
4.39
5.89
6.16
5.70
5.39
5.12
5.52
5.59
6.47
5.03
5.88
4.44
5.50
5.33
6.55
5.56
5.70
6.25
5.27
5.50
5.58
5.56
4.98
5.08
6.25
6.14
5.19
4.59
4.84
5.62
5.69
6.02
6.73
4.59
6.91
4.84
5.14
5.56
6.62
5.03
6.33
4.89
5.06
5.72
5.45
5.55
6.81
4.77
4.83
4.88
5.61
3.62
5.23
6.58
5.50
5.20
4.86
5.05
6.12
5.77
4.98
5.77
5.03
4.61
4.95
4.95
5.67
5.45
4.34
5.14
6.22
4.91
5.30
5.02
4.69
5.75
6.02
7.00
5.73
5.66
4.95
5.70
5.92
4.47
5.77
7.02
6.50
6.36
4.67
4.77
5.16
5.61
5.94
4.23
6.38
5.79
4.69
5.28
4.38
4.34
5.06
5.11
5.22
3.97
6.55
5.84
5.41
5.47
5.84
4.53
5.56
6.81
5.44
4.70
7.09
4.50
6.33
6.12
7.14
5.42
6.38
4.05
4.97
6.11
4.95
3.72
6.70
5.91
5.08
5.61
5.62
5.45
4.81
5.72
4.19
4.72
4.69
6.38
5.27
6.09
4.44
4.61
6.11
4.06
6.27
4.88
4.16
4.89
5.86
4.19
5.69
5.62
4.73
6.08
5.78
4.58
6.02
5.36
4.41
5.02
5.28
6.27
5.33
6.84
5.84
4.61
5.66
5.78
5.28
6.75
6.27
5.31
4.41
5.61
5.00
4.81
4.48
5.39
6.20
4.28
5.94
5.50
7.69
9.52
6.62
7.80
6.09
4.67
5.92
6.62
7.58
7.14
6.11
5.98
6.41
5.98
6.06
4.84
6.77
5.27
5.42
4.83
6.28
4.25
5.67
6.38
6.78
5.16
5.80
5.66
5.06
6.50
5.31
5.55
6.23
4.92
5.81
5.70
6.19
6.11
5.50
4.89
5.72
4.23
6.59
5.81
5.66
5.77
6.22
6.36
6.20
5.23
6.09
5.45
5.39
4.91
5.11
5.27
7.95
5.72
4.91
5.91
5.75
6.38
4.88
6.95
5.22
6.50
4.94
4.97
6.53
4.61
4.64
5.81
5.00
5.73
5.59
4.88
6.03
5.69
5.73
7.20
5.83
5.75
5.64
5.19
8.16
5.55
5.78
6.16
5.33
5.41
4.94
5.83
5.88
6.17
6.16
6.17
5.69
5.19
6.56
5.94
5.12
4.95
5.14
4.84
6.02
5.45
5.03
5.27
5.03
5.50
6.36
5.09
4.64
4.84
4.92
5.00
5.81
4.61
4.64
5.25
5.44
6.17
5.00
6.19
5.91
5.47
3.81
6.55
4.94
5.73
5.67
5.28
5.84
5.55
4.95
5.16
4.23
5.39
5.33
4.92
5.92
5.69
6.19
5.45
4.81
4.98
5.00
5.80
5.22
5.95
5.06
4.84
4.97
5.41
6.44
5.25
8.55
7.67
7.22
7.23
6.50
7.23
5.86
6.41
3.97
4.12
5.73
6.81
6.19
6.05
5.36
5.11
6.30
6.17
5.20
5.59
5.06
5.58
5.59
6.19
4.05
5.98
4.91
5.59
4.88
5.31
5.33
5.81
5.06
5.11
5.75
6.39
5.00
5.83
5.39
5.48
5.58
4.77
5.61
5.34
5.38
5.77
5.92
5.81
6.25
5.22
5.00
5.72
5.59
5.08
4.31
5.53
5.44
5.20
4.73
6.11
5.73
4.83
5.95
6.66
5.12
6.42
4.83
4.89
6.36
4.97
5.08
5.02
5.05
4.33
5.16
4.67
6.50
5.75
5.83
4.58
4.77
5.50
4.89
5.50
5.61
4.62
4.77
6.22
6.12
5.91
5.78
4.88
5.20
5.69
4.41
5.69
6.59
6.16
5.91
5.83
4.52
4.58
5.92
5.91
5.05
5.45
4.94
6.31
5.64
4.36
4.92
5.19
5.00
4.17
5.08
7.47
5.80
6.20
3.83
5.56
6.14
5.36
5.94
5.68
5.48
5.56
5.20
5.25
5.23
5.92
4.92
5.05
5.36
6.06
5.56
5.77
6.44
6.30
5.45
6.56
6.83
5.28
5.84
5.44
5.44
5.02
5.06
5.75
5.48
7.25
5.06
5.48
5.25
5.50
4.83
4.95
6.06
4.55
6.39
4.64
5.88
5.92
5.38
5.70
7.41
5.83
5.95
6.73
5.05
5.09
5.45
5.20
5.22
4.22
5.98
7.48
5.25
5.84
5.89
4.83
5.59
5.53
6.77
5.45
5.84
5.92
5.47
4.97
4.80
5.53
4.88
5.33
5.12
5.47
5.16
6.00
6.31
5.89
5.36
4.69
5.09
5.28
4.34
5.36
6.17
5.14
5.78
6.69
5.83
6.31
6.25
5.47
5.94
5.38
6.39
4.81
4.34
6.20
5.34
7.06
5.69
5.14
5.77
5.06
5.97
5.50
5.20
6.77
4.70
5.50
4.94
6.34
4.72
5.39
6.58
6.67
6.70
4.88
6.27
5.67
4.70
5.44
5.73
5.67
5.78
5.59
6.27
4.94
4.02
5.34
5.39
4.91
5.95
5.81
3.69
5.19
6.41
6.27
4.81
5.67
5.83
5.27
5.36
4.69
6.48
4.53
5.83
6.41
5.34
5.73
5.08
5.14
5.39
4.61
5.86
6.95
4.28
5.08
7.27
5.27
5.11
6.02
5.11
6.27
6.78
5.70
5.53
5.36
4.94
6.42
6.39
5.80
4.27
5.36
5.09
5.62
4.70
3.92
4.88
6.08
5.83
5.72
5.80
5.33
4.75
6.02
5.14
5.66
5.56
7.19
4.62
4.91
5.33
6.11
6.83
5.73
5.20
5.52
5.12
6.06
6.02
5.86
6.61
6.53
5.42
5.47
5.19
6.28
5.67
6.59
4.38
5.56
3.75
5.34
6.55
6.62
5.20
5.98
4.83
4.09
6.39
6.89
5.38
6.42
6.77
3.73
5.17
6.30
5.83
5.81
5.98
5.66
5.77
5.05
5.64
5.30
5.41
6.61
5.22
5.89
5.48
4.95
6.28
4.80
5.16
5.81
6.44
6.09
4.77
4.88
6.17
5.45
4.66
6.61
6.19
6.00
5.70
6.12
6.09
4.78
5.77
5.06
6.70
5.11
5.73
5.20
4.91
5.89
5.30
4.88
5.56
5.78
3.81
4.84
5.41
5.67
5.69
5.91
6.66
6.12
6.00
6.23
4.83
5.83
5.17
5.73
4.64
6.17
6.39
6.67
5.78
6.58
6.89
4.84
3.62
5.36
5.53
6.17
5.08
5.77
6.19
5.25
6.53
5.28
5.08
5.62
5.70
5.75
4.91
5.27
6.19
5.94
6.02
5.62
6.75
5.12
5.44
5.64
6.73
5.19
5.28
5.16
5.50
4.88
5.17
5.31
4.73
5.50
5.75
5.47
5.55
5.12
6.00
4.67
5.73
5.66
5.47
5.45
5.22
5.72
4.94
6.22
5.64
5.06
6.22
4.56
5.73
4.95
4.62
4.80
7.17
5.59
5.66
4.23
5.09
5.64
5.44
5.67
5.59
5.52
5.83
5.00
7.39
6.88
6.12
5.70
5.27
5.16
4.83
5.95
5.47
5.25
4.61
6.02
5.33
4.97
5.53
5.38
4.08
6.17
4.80
6.44
6.09
4.55
5.59
5.41
5.03
5.78
6.81
6.61
5.77
5.36
6.09
5.14
5.02
5.11
4.58
5.52
5.20
5.52
6.33
5.28
5.92
4.67
5.42
5.81
4.86
6.83
3.70
5.44
6.08
5.75
5.12
5.08
4.45
4.58
4.95
6.19
4.77
5.56
5.88
5.88
5.73
6.98
4.83
7.06
4.91
6.39
6.28
5.98
5.11
4.47
5.59
5.92
5.97
6.28
5.36
4.92
5.25
5.91
5.89
4.50
4.83
5.05
6.16
5.31
5.12
4.06
4.30
5.39
5.73
5.28
6.58
7.06
5.17
5.56
5.39
5.31
6.78
6.58
5.25
5.61
5.69
5.36
6.00
6.66
5.52
5.80
5.77
5.72
5.64
7.19
5.70
4.53
4.55
6.20
5.48
5.17
5.78
5.52
4.91
5.94
5.91
4.41
4.89
5.31
4.34
5.77
6.28
3.67
4.75
5.98
5.39
5.88
5.52
5.48
7.23
6.50
6.05
5.80
6.36
5.41
6.12
5.19
5.27
5.77
6.31
6.55
5.78
4.42
5.72
3.81
5.70
7.23
6.23
7.53
6.92
5.42
7.19
6.62
5.61
4.70
6.95
5.03
4.70
4.61
6.02
6.44
5.53
6.28
8.19
6.16
5.09
5.64
4.86
5.62
5.50
5.02
6.08
5.36
6.34
6.22
7.19
7.31
4.42
5.31
5.52
6.44
5.17
6.44
6.36
6.56
4.98
4.88
5.98
5.70
5.66
4.30
5.20
4.69
6.02
5.36
5.41
4.83
5.23
5.17
5.58
6.91
4.30
4.73
5.75
4.61
6.30
7.06
6.12
5.33
6.12
7.89
6.75
7.56
7.08
5.73
6.48
5.73
4.58
5.75
7.03
5.52
5.86
7.23
5.44
5.58
5.08
4.39
4.73
5.45
6.33
5.23
5.27
6.09
5.12
5.27
6.06
7.22
6.53
5.72
5.53
6.12
5.95
5.53
6.45
6.47
6.39
5.14
5.59
6.31
5.69
5.22
5.20
5.78
5.97
7.55
5.53
6.62
5.45
5.33
5.45
5.61
5.33
7.25
4.70
4.86
5.88
6.17
5.36
6.20
5.92
6.41
4.97
5.34
6.56
4.20
4.44
5.95
6.03
6.06
4.45
5.67
6.00
6.27
5.97
6.11
4.42
6.30
5.53
6.12
7.20
5.55
6.53
6.55
5.81
5.39
5.91
5.38
4.86
5.23
6.34
5.03
4.94
5.39
6.08
4.36
6.70
5.47
5.19
5.44
5.31
7.17
5.08
4.48
5.39
5.75
6.03
4.80
4.75
6.05
5.22
5.11
5.30
5.64
6.67
6.31
5.61
6.80
6.12
5.50
5.70
5.31
5.84
3.72
5.22
5.12
5.70
5.34
6.77
4.70
6.22
4.12
5.66
7.02
6.12
5.34
4.78
6.17
4.56
5.50
5.28
6.09
4.06
5.69
5.95
4.91
5.84
5.30
6.28
5.67
7.25
4.89
5.75
5.33
5.91
6.14
5.17
5.42
6.58
4.75
4.95
7.25
5.95
5.48
5.06
4.95
6.20
5.81
6.61
5.38
5.00
5.12
4.89
5.95
4.97
6.19
5.00
5.39
5.94
5.03
6.77
6.09
5.70
5.89
5.28
4.75
6.34
5.98
4.97
5.86
5.50
5.56
5.81
5.00
6.09
5.02
5.98
4.41
5.36
5.30
5.44
4.50
5.95
5.70
5.22
5.31
4.22
5.56
4.98
5.58
4.25
6.14
5.25
6.48
5.42
4.77
4.98
4.97
4.73
5.27
6.94
5.19
5.92
5.12
5.64
5.69
7.00
4.31
3.62
5.16
5.14
4.98
5.91
4.44
5.52
5.45
6.33
5.27
5.36
6.31
5.12
5.22
4.56
6.67
5.72
5.83
5.56
5.62
3.91
5.39
7.09
4.97
5.94
4.27
5.73
5.38
5.62
4.52
5.84
4.66
5.67
5.42
5.30
6.56
6.25
5.73
6.20
5.98
5.98
5.14
5.41
6.30
7.03
6.83
4.94
6.14
6.14
5.36
5.33
6.06
4.52
5.94
4.75
5.30
6.33
4.77
5.31
5.39
5.94
5.11
5.73
4.17
5.78
5.88
6.06
7.14
5.58
4.97
5.86
4.94
5.28
5.62
4.67
4.62
4.98
4.84
6.36
5.14
5.91
4.78
6.58
4.62
5.59
5.39
6.53
6.28
5.28
5.77
5.05
5.59
5.55
5.16
5.52
6.39
4.31
4.94
6.08
4.56
6.27
5.20
4.44
5.14
5.62
5.50
5.64
5.80
5.38
5.45
6.12
5.86
7.20
5.03
5.47
5.31
5.44
5.45
6.09
6.41
5.77
5.56
5.16
5.17
6.02
5.55
4.83
6.20
4.67
5.84
4.97
5.23
5.59
5.64
5.41
5.94
5.25
5.80
5.47
4.81
5.84
5.45
5.12
5.53
5.81
5.80
6.67
5.53
4.97
5.22
6.00
6.78
5.59
5.42
5.48
4.61
5.98
5.92
5.00
4.11
5.55
5.20
5.78
5.39
6.55
5.52
5.78
5.28
5.20
5.77
5.19
6.03
6.38
5.28
5.14
5.08
5.64
5.72
4.61
5.28
5.92
4.78
4.78
5.84
6.36
5.91
6.03
5.41
4.78
5.33
5.34
6.38
5.78
4.94
5.05
6.23
5.59
5.70
5.50
5.41
4.92
5.30
4.56
6.16
5.45
5.66
5.39
7.00
6.02
5.00
4.83
5.06
3.91
5.47
6.62
4.77
5.61
6.03
5.16
4.31
5.19
4.94
4.98
5.42
4.95
5.47
4.42
6.73
4.31
6.06
5.39
5.97
5.73
6.27
5.89
5.02
6.66
5.47
5.62
6.19
5.41
5.47
5.50
6.44
5.70
5.30
4.89
6.88
6.48
5.86
5.73
6.05
5.08
4.61
5.36
5.64
5.44
5.12
4.97
5.34
7.11
5.25
5.00
4.86
4.92
6.08
7.20
4.58
5.77
6.22
5.55
7.56
5.69
6.66
7.30
5.83
5.81
5.56
4.95
5.31
6.25
5.70
5.83
5.75
6.17
5.66
6.27
5.78
5.33
4.70
5.47
5.94
4.66
4.44
6.34
4.14
5.58
4.97
5.83
5.09
5.39
5.53
6.61
5.33
4.72
5.53
5.59
5.36
5.78
5.83
6.34
7.02
4.78
6.73
6.36
5.53
4.62
5.84
4.25
7.42
5.27
5.30
5.48
5.61
6.28
6.61
5.84
5.69
5.52
5.17
4.77
4.61
6.00
6.31
6.52
5.23
5.58
6.38
6.16
5.20
5.08
6.00
4.73
5.70
5.08
6.30
5.39
5.25
5.38
6.70
3.95
6.23
5.75
6.44
4.84
6.61
5.50
5.25
4.55
5.06
5.06
5.11
5.23
5.97
4.25
8.25
5.94
5.56
5.98
4.59
5.77
3.23
