1.77
18.27
18.02
15.56
12.25
13.45
13.80
13.12
13.67
14.12
13.03
12.92
13.77
12.66
13.89
11.41
12.62
15.00
13.53
11.64
12.86
11.86
12.56
12.75
13.06
13.77
10.44
14.55
12.75
12.55
12.05
11.70
14.17
12.20
11.42
14.28
13.08
12.23
13.28
13.17
13.25
14.20
14.83
13.39
13.38
12.72
13.63
11.41
13.28
12.48
11.39
13.14
12.19
12.59
11.84
13.22
13.20
12.17
12.72
13.97
15.20
12.17
12.45
11.66
12.95
11.81
11.64
12.12
13.03
13.27
12.39
12.50
11.97
13.95
13.53
15.06
13.11
13.23
14.55
12.45
12.41
13.61
12.52
10.72
12.45
12.14
13.25
13.05
12.36
14.31
13.58
14.55
14.45
12.19
13.64
12.72
12.17
11.33
12.95
10.92
10.45
13.81
13.92
12.36
12.75
14.48
12.12
10.78
13.52
13.63
12.92
13.70
13.69
15.14
13.63
11.95
11.31
13.98
12.12
12.98
11.84
13.34
12.30
12.77
12.52
12.94
11.22
13.25
13.41
12.16
13.71
12.75
13.56
13.28
10.64
11.77
13.94
10.78
11.28
12.34
13.89
12.94
10.98
12.28
11.84
12.97
11.64
13.11
13.44
12.44
12.08
13.69
13.05
12.45
12.72
13.14
11.12
13.38
12.45
12.39
12.39
13.41
12.27
13.47
10.53
14.78
12.72
13.27
13.03
11.89
13.45
10.81
13.08
14.83
11.69
12.00
13.55
12.81
10.31
10.52
12.30
11.44
12.61
13.03
13.48
12.89
13.22
14.34
13.27
11.20
12.64
13.75
12.53
11.75
13.16
12.02
14.55
11.62
12.83
13.52
11.91
12.08
12.36
13.48
11.88
14.55
11.58
15.31
12.47
12.00
12.45
13.17
12.91
11.45
14.12
14.53
12.97
14.19
11.81
12.80
11.92
11.20
13.98
13.27
12.73
12.81
10.39
11.92
11.98
12.34
12.00
11.67
14.91
12.97
13.31
12.42
14.33
11.53
13.38
12.36
14.84
12.23
12.88
13.03
12.08
11.91
12.58
14.22
13.03
13.45
11.98
11.11
13.55
11.59
14.58
12.92
12.25
12.06
13.61
10.55
11.81
14.03
13.09
12.69
13.81
12.38
11.98
13.25
13.02
13.39
10.44
14.45
12.06
14.33
13.42
12.42
13.11
14.47
12.67
13.00
12.22
13.42
12.50
13.00
14.28
12.12
12.95
13.70
12.75
13.38
13.23
12.20
13.55
13.30
12.09
12.25
12.83
13.09
12.16
14.45
12.89
13.25
12.89
15.03
14.36
13.03
14.00
10.73
13.44
11.45
13.80
11.14
11.66
12.16
11.80
12.69
14.69
13.88
12.69
13.59
12.41
13.58
12.36
11.59
13.66
13.12
14.81
11.27
12.19
11.72
13.77
10.45
14.22
12.27
13.23
14.11
12.75
12.94
12.39
12.56
13.81
11.91
14.16
13.61
12.14
12.69
12.39
12.45
11.66
14.36
13.31
13.75
12.44
11.50
12.91
14.48
13.28
12.67
11.03
11.92
11.30
10.73
12.30
13.50
12.45
10.83
12.66
13.72
12.97
14.27
12.81
12.91
13.39
12.81
13.16
13.53
11.25
15.03
11.81
12.72
13.28
12.62
13.00
12.08
13.75
13.53
13.55
11.58
13.39
12.81
13.11
11.52
12.53
13.36
12.75
13.61
12.38
11.91
12.31
12.27
12.59
13.22
12.80
12.23
12.88
13.12
13.47
12.78
14.08
11.08
13.69
12.92
12.62
11.17
11.41
11.72
13.41
12.69
11.16
13.44
12.91
12.95
13.09
13.36
13.77
12.81
10.25
12.69
13.44
12.69
13.78
12.03
10.72
10.53
13.89
14.36
12.00
11.94
12.98
12.69
11.44
14.09
13.16
12.91
13.45
12.58
10.41
12.17
11.94
14.25
11.89
11.69
14.37
12.42
12.17
13.92
11.05
11.41
15.58
12.19
12.36
12.88
13.09
13.16
12.61
11.98
11.16
13.34
14.25
11.52
13.69
12.80
13.55
14.09
12.80
14.16
11.62
12.94
14.56
12.64
12.38
13.72
11.03
12.72
12.28
13.91
11.53
14.50
12.59
12.36
15.06
12.39
12.19
12.20
11.33
11.88
12.30
10.95
11.62
12.91
12.80
12.36
14.08
11.47
14.06
11.28
13.38
12.73
12.00
11.94
11.27
12.62
13.73
12.56
12.28
12.33
12.36
11.39
13.80
11.98
15.22
13.25
13.73
12.91
11.97
11.17
12.66
12.89
11.83
12.97
13.25
13.55
14.47
12.02
12.06
11.05
12.05
12.56
12.80
13.78
15.45
12.52
12.42
11.41
13.36
11.81
13.08
14.64
14.22
12.80
12.80
13.47
14.62
14.73
14.27
11.41
13.75
13.27
13.34
11.33
13.31
14.33
12.00
12.06
11.66
12.08
14.22
11.97
13.56
13.44
12.66
11.05
11.91
12.88
13.67
12.45
12.19
12.92
12.47
12.25
11.38
13.44
13.70
14.03
13.44
13.28
12.02
12.31
15.42
14.05
12.30
12.00
12.56
11.69
12.98
11.47
13.03
14.69
14.12
13.95
12.91
13.52
12.89
13.48
13.73
14.02
13.33
13.38
12.19
14.80
10.84
13.50
12.02
12.66
12.16
13.88
11.58
11.86
10.94
14.08
13.83
13.56
12.98
12.61
10.88
13.17
14.77
12.12
11.27
13.38
14.44
13.55
12.64
11.09
13.45
11.48
13.25
12.05
13.53
13.70
14.02
12.64
12.42
12.89
12.50
14.27
11.14
11.47
12.33
11.64
13.98
13.03
11.27
13.73
11.81
13.22
12.53
14.31
14.41
12.48
10.59
14.39
11.66
13.06
12.75
12.34
13.09
12.80
13.73
11.95
13.69
11.48
13.83
12.55
13.06
12.42
12.23
11.98
10.48
11.83
11.86
13.64
12.27
14.28
10.92
14.33
13.47
12.84
14.03
13.11
12.47
14.02
13.78
13.70
10.91
13.69
12.89
12.14
11.88
14.56
13.63
12.86
12.86
14.42
14.19
11.88
13.22
13.12
13.92
12.41
10.92
12.61
11.52
13.75
11.45
12.86
13.56
12.75
14.34
12.61
13.22
13.67
12.52
13.70
13.06
14.39
12.58
12.16
12.56
13.72
11.67
13.27
10.98
10.52
13.00
10.91
12.53
14.64
12.81
13.55
12.98
13.41
13.36
13.31
13.23
12.09
11.66
12.94
12.70
11.86
12.39
11.89
13.75
14.08
12.83
14.00
13.33
13.03
13.77
14.27
13.53
11.31
13.34
12.22
12.69
12.30
10.34
13.52
13.89
12.66
14.53
12.50
12.73
12.42
10.94
12.94
12.45
13.08
13.39
13.70
12.03
11.92
11.95
13.19
12.83
12.14
12.34
11.55
12.66
14.06
12.89
13.94
12.45
13.34
12.41
12.61
12.14
13.23
13.20
10.59
11.77
11.42
11.88
13.27
14.47
14.33
13.56
13.30
11.58
15.52
12.78
12.89
11.97
11.80
11.73
12.80
11.67
12.50
13.47
12.00
13.73
12.81
14.27
13.34
13.70
12.94
14.58
12.69
11.94
11.88
12.72
12.50
11.97
13.67
12.50
12.05
11.73
13.11
14.91
13.91
12.11
12.59
13.86
12.48
13.39
12.69
12.30
11.28
11.45
13.81
12.27
12.59
12.50
13.59
15.25
11.73
11.31
12.42
13.78
14.47
12.25
11.42
12.98
12.35
12.52
14.00
11.97
12.67
13.44
13.31
13.91
14.09
13.05
12.97
12.53
13.44
11.78
13.88
12.30
11.42
14.67
13.16
12.50
11.64
11.98
12.59
12.53
13.22
12.81
11.06
12.78
13.34
11.70
13.31
12.88
11.52
10.92
12.58
12.36
11.52
12.16
13.14
12.05
13.86
13.42
11.52
12.25
12.14
13.30
11.72
13.41
13.81
14.45
12.72
13.20
12.20
12.78
12.66
12.30
12.05
14.09
14.61
14.50
13.14
11.36
11.94
13.25
14.39
14.03
12.52
13.72
11.64
10.80
12.89
11.66
13.84
11.42
11.59
13.69
13.78
13.63
13.23
12.80
13.08
12.81
12.88
13.88
12.75
13.80
12.66
12.94
13.58
12.59
11.88
13.78
12.52
13.22
12.48
12.66
12.19
13.67
12.73
13.34
13.09
12.97
11.52
12.61
12.89
13.38
13.27
11.81
12.77
12.86
14.53
14.23
12.33
11.66
13.89
10.81
11.77
12.48
9.98
10.81
12.61
12.19
11.58
12.38
12.73
12.44
12.28
11.23
13.36
13.30
14.03
13.42
13.28
11.09
12.27
11.88
11.42
11.88
12.75
13.41
13.11
11.77
11.41
15.80
13.05
11.59
13.67
13.45
12.17
11.33
12.53
11.11
12.58
12.41
11.77
11.20
12.05
12.27
12.62
16.14
11.14
12.00
13.03
15.58
13.25
11.77
13.92
10.42
13.22
12.69
13.41
11.91
11.86
14.86
11.42
13.42
14.52
13.97
12.77
12.69
11.55
14.23
11.25
12.89
10.66
11.66
12.06
12.80
13.03
13.56
13.08
12.61
12.70
13.48
14.58
12.96
13.97
13.36
13.91
11.98
13.88
11.83
12.12
12.52
11.55
11.95
11.25
13.55
14.48
13.58
13.52
13.45
13.16
13.78
10.56
11.33
11.72
10.91
11.42
12.27
11.77
12.23
12.42
11.53
13.45
12.05
12.86
12.61
13.27
12.47
13.44
13.80
11.19
12.05
13.02
13.70
11.52
11.05
12.81
13.25
12.09
11.34
13.70
12.78
14.28
12.70
13.56
12.17
11.67
13.08
12.77
11.28
13.72
12.89
14.20
11.80
10.84
13.22
11.02
14.30
13.42
13.30
13.95
12.97
12.53
13.77
13.11
12.88
10.64
12.89
13.36
12.77
12.28
12.36
11.02
11.92
12.62
13.28
12.23
13.23
14.11
14.91
14.44
12.95
12.36
11.97
12.67
12.78
12.25
11.73
10.73
13.41
13.09
14.03
11.28
13.64
11.78
12.70
14.52
12.88
12.47
12.84
10.70
13.41
13.81
13.83
12.92
12.27
11.81
13.11
13.33
14.31
12.47
13.94
11.84
13.44
10.64
11.83
11.66
13.97
11.33
10.17
14.45
12.22
14.20
13.11
12.50
12.62
13.38
12.45
12.88
13.05
12.70
12.70
12.67
12.25
12.84
11.00
12.09
13.86
11.27
11.88
14.14
15.39
11.69
12.28
11.88
12.02
12.30
12.31
14.19
12.64
12.00
13.08
14.06
12.56
12.00
13.02
11.91
10.58
13.19
13.20
13.27
12.97
11.67
13.23
14.16
13.16
12.59
12.25
10.72
10.67
12.20
11.77
10.62
11.89
11.75
12.48
14.44
14.02
12.75
13.19
13.34
11.69
13.03
11.62
12.17
13.66
10.45
12.25
13.17
13.27
12.53
13.28
12.31
12.12
13.48
13.31
13.11
14.37
13.72
12.19
12.92
13.31
13.91
12.05
10.92
11.27
12.61
10.80
12.78
12.75
12.41
12.20
12.00
13.33
13.25
13.12
13.00
10.34
13.78
11.72
12.89
10.56
12.30
13.11
12.42
13.64
12.88
10.23
14.03
14.20
11.41
11.81
13.23
11.02
12.72
14.45
11.47
11.41
12.92
13.20
13.88
10.92
12.80
13.23
13.53
12.59
12.55
13.88
14.67
12.72
11.81
13.39
13.27
12.45
12.77
13.47
10.52
13.14
12.55
13.17
13.52
13.63
13.14
12.86
12.27
11.95
14.02
12.45
12.00
12.86
11.58
12.45
11.94
11.11
11.66
13.66
13.12
14.00
14.36
12.77
13.55
12.12
12.84
11.98
10.84
12.36
11.89
11.16
12.55
11.84
11.81
12.50
12.30
13.53
12.92
13.19
12.25
13.38
13.91
12.59
12.86
11.39
11.86
11.66
12.81
12.59
12.50
12.17
12.34
12.80
13.42
13.20
13.67
13.17
13.86
13.80
11.48
14.02
12.28
10.91
12.39
13.33
12.59
13.95
12.88
13.48
12.61
13.50
12.56
14.47
13.45
12.00
13.27
11.05
12.05
13.69
11.14
11.52
12.11
12.44
10.25
15.20
10.42
13.34
11.38
12.64
11.48
13.53
12.81
11.77
12.30
13.92
10.94
12.38
11.27
10.92
12.88
10.20
12.91
11.73
12.93
12.39
13.19
11.42
12.27
12.97
14.41
13.05
12.27
11.88
11.70
11.95
13.48
13.16
11.28
11.77
12.16
12.27
13.53
11.50
12.83
11.59
13.69
11.44
12.72
13.16
13.22
11.70
12.62
13.75
12.41
12.09
13.97
10.25
14.67
12.31
13.88
12.72
16.47
13.58
12.02
13.63
13.95
11.17
13.00
12.39
13.05
11.45
11.53
11.09
11.69
14.36
14.08
11.52
12.12
13.72
11.86
10.83
12.12
12.66
11.81
11.98
13.67
12.36
10.84
19.78
12.38
15.23
15.84
14.73
12.61
15.66
11.44
13.17
13.45
12.73
10.55
11.61
11.94
12.47
13.77
13.63
14.23
11.62
12.81
13.84
12.27
11.66
12.70
15.25
12.41
12.52
14.39
10.91
12.44
13.58
12.31
11.11
12.70
13.80
11.80
12.33
13.25
14.83
16.52
10.81
12.22
12.66
12.22
13.00
11.38
13.81
13.19
11.78
12.50
14.61
12.52
11.77
13.12
11.03
12.59
13.16
13.52
10.78
11.53
12.06
11.56
13.58
13.00
13.08
13.28
13.14
12.23
13.05
11.14
12.80
14.28
13.38
13.64
12.41
13.78
11.69
13.34
12.95
13.22
14.42
12.16
11.53
12.55
12.38
11.67
12.22
13.59
12.50
13.38
13.83
13.95
11.23
11.64
12.42
12.77
12.75
12.91
11.09
14.27
12.52
12.92
14.39
14.00
13.20
13.30
12.52
13.22
11.81
11.38
11.75
12.81
12.64
12.22
12.36
10.83
12.16
11.30
12.55
14.14
12.98
12.53
12.19
12.67
14.53
12.97
11.33
11.48
11.83
12.61
13.66
12.56
11.83
12.69
10.56
15.42
12.84
11.59
13.58
11.38
13.42
13.16
12.52
11.89
12.53
10.75
12.78
13.58
14.12
13.34
12.09
11.02
12.33
14.16
13.52
14.69
12.36
12.58
13.73
11.30
11.97
12.30
13.06
11.92
10.67
12.19
12.95
12.09
13.36
13.06
12.58
12.75
13.44
11.12
13.86
12.77
11.75
11.45
13.44
14.73
12.50
12.33
12.72
14.12
11.48
10.86
12.34
13.94
12.91
13.91
14.12
14.81
12.08
13.09
13.36
12.61
14.77
11.78
10.77
11.58
13.45
12.05
12.89
13.19
11.64
13.98
11.67
13.38
13.27
12.50
12.27
12.55
12.55
12.03
12.98
13.20
11.31
11.55
12.44
13.81
14.41
11.45
13.67
13.03
12.73
12.44
13.78
12.78
11.91
13.81
11.33
14.44
10.62
13.45
14.37
12.89
12.58
14.70
12.64
13.06
12.94
14.47
13.41
13.03
13.03
11.44
11.45
12.16
10.77
12.97
12.48
12.67
14.36
12.28
12.78
12.55
12.25
12.81
13.09
13.83
13.22
10.59
13.48
12.91
12.91
11.95
12.81
12.59
12.12
12.97
13.08
13.05
13.20
13.45
15.50
11.84
14.22
12.94
12.47
14.09
11.25
10.72
11.94
13.31
13.38
13.98
12.36
13.84
13.27
12.83
13.25
14.31
13.38
13.06
13.39
11.75
13.02
11.12
12.73
14.73
13.59
12.69
13.97
13.95
13.19
14.25
12.39
13.80
13.37
14.62
11.75
11.69
12.02
12.12
12.59
12.75
11.55
13.00
13.03
13.84
12.02
11.66
14.12
11.86
12.36
13.75
12.36
11.75
13.97
13.78
13.88
13.53
13.30
12.86
13.11
12.05
11.83
12.61
14.08
14.19
12.55
15.86
11.91
12.41
11.58
14.06
12.16
12.08
10.88
12.55
12.88
13.72
13.58
12.53
12.42
12.98
13.56
11.98
13.06
13.27
12.59
11.59
13.86
12.23
12.94
13.70
11.77
12.06
13.03
12.67
15.73
13.78
13.09
13.03
13.67
13.16
12.89
13.20
11.88
13.27
13.00
11.50
11.86
12.89
12.89
14.69
12.38
13.14
14.08
13.67
11.61
11.72
10.56
11.28
12.97
13.28
13.98
11.02
13.39
13.41
13.98
13.03
12.95
12.81
12.72
13.00
12.61
13.06
12.55
12.22
12.08
13.69
12.17
12.09
13.20
13.31
12.61
11.98
12.84
14.25
12.62
13.84
14.39
11.98
14.11
13.67
14.25
13.81
10.41
11.73
13.11
13.97
13.58
14.56
15.58
13.47
12.91
13.02
13.64
13.00
13.61
12.17
12.61
13.73
13.31
12.89
11.61
12.64
11.33
12.23
13.12
12.27
13.55
14.48
12.56
12.95
11.56
11.38
11.53
11.12
13.64
11.58
11.34
12.97
11.03
11.86
12.61
12.53
12.83
13.75
13.47
12.23
13.27
12.98
12.00
11.36
10.45
12.66
11.67
14.14
12.27
13.17
12.28
12.03
13.80
14.12
11.12
13.11
12.88
14.06
13.03
11.03
11.97
12.88
11.97
12.34
12.97
10.59
12.86
11.80
13.08
12.64
14.11
12.86
14.27
13.59
13.36
14.06
11.47
14.58
13.70
11.23
13.59
12.53
13.53
12.80
14.41
12.64
13.02
12.41
11.56
13.50
11.58
11.36
13.22
11.48
14.12
13.61
12.33
13.72
13.48
12.23
12.09
12.56
13.97
12.64
12.91
12.95
12.47
13.19
13.64
13.52
14.34
11.11
12.38
11.83
11.88
12.34
11.41
11.98
12.70
13.12
11.16
14.80
11.52
14.42
12.89
12.84
12.97
14.19
11.69
13.59
11.80
11.16
11.56
11.59
12.00
14.50
11.45
11.58
13.12
12.03
12.89
15.41
12.80
14.22
10.36
13.38
13.17
13.28
11.67
13.58
13.00
12.86
14.64
11.77
11.69
12.97
12.48
9.95
14.48
13.25
14.61
12.23
12.27
12.02
12.89
12.38
10.44
12.47
13.03
12.42
13.34
12.36
12.53
14.66
12.88
12.47
11.31
11.20
12.81
12.06
13.72
12.62
11.52
12.50
13.78
13.14
12.75
13.28
12.47
12.38
12.36
15.48
12.39
11.59
12.98
10.83
12.77
11.44
12.91
12.75
11.70
11.52
12.06
13.94
13.25
11.55
12.33
15.38
12.20
11.42
13.97
11.98
11.97
12.77
11.72
11.84
12.20
12.41
12.09
13.17
13.97
12.36
12.94
13.19
12.70
11.98
12.73
12.59
11.31
13.00
13.81
11.81
12.22
12.16
12.12
10.75
12.61
10.73
13.27
12.69
12.53
13.57
11.70
10.88
12.30
11.91
13.98
11.52
13.16
13.05
12.22
11.50
11.42
14.70
12.23
13.95
15.72
12.62
12.70
13.45
11.23
13.05
11.88
11.05
12.53
13.41
10.91
12.58
11.94
11.55
13.23
10.89
12.88
13.97
13.52
14.52
14.12
12.42
11.88
12.80
11.44
11.86
12.67
12.80
11.27
12.55
11.91
11.61
13.69
10.64
14.16
13.19
13.03
11.97
12.92
10.92
13.73
11.75
13.42
12.83
12.02
11.94
12.83
12.38
14.16
12.31
11.72
13.39
12.48
14.08
14.66
10.25
11.09
12.72
10.83
11.92
12.56
11.45
11.88
10.95
14.83
14.61
12.36
12.75
13.58
14.06
13.08
12.64
11.70
11.89
9.03
11.62
11.58
12.84
11.36
12.20
12.66
13.25
12.42
13.52
12.97
13.61
13.14
13.34
11.72
11.97
11.81
14.58
12.89
10.30
11.78
11.22
12.20
12.50
12.47
11.84
12.08
13.50
12.03
14.17
13.98
11.77
12.75
13.48
13.98
12.41
11.41
11.89
13.12
11.53
12.89
13.28
14.48
13.16
12.92
11.12
14.09
14.23
12.52
13.48
10.45
13.56
11.58
12.83
12.75
12.62
12.86
11.41
13.41
11.33
14.48
12.61
12.23
14.28
13.50
13.42
13.58
12.20
10.88
11.17
13.06
12.84
13.05
11.95
12.69
14.30
12.14
11.95
14.39
12.89
13.31
12.84
11.80
13.11
12.81
11.72
11.05
11.06
14.30
12.31
13.61
14.17
12.31
12.59
12.98
11.38
12.11
10.89
11.45
12.75
13.59
12.45
11.33
13.80
13.27
11.06
11.69
12.56
13.97
12.14
12.41
14.52
11.84
12.03
10.09
14.45
10.97
13.33
12.03
12.59
10.08
12.36
12.00
14.61
11.75
11.88
13.78
12.12
13.70
12.31
11.67
13.59
15.47
10.62
13.20
12.84
12.86
11.88
13.70
13.78
12.70
13.20
14.05
12.53
12.67
12.39
12.95
12.41
11.47
12.20
13.14
12.31
12.59
13.30
12.34
12.75
16.25
13.64
12.55
13.22
12.39
13.81
12.61
13.58
12.52
13.48
12.72
11.42
13.30
12.91
12.83
10.44
13.19
11.75
11.69
14.45
15.50
13.56
12.91
10.36
12.23
11.00
13.52
12.64
11.73
11.02
12.27
11.77
10.45
10.92
12.48
12.06
13.41
14.22
11.28
13.38
12.25
12.34
13.55
12.31
10.78
11.89
13.41
12.61
10.38
12.28
12.66
11.47
11.47
12.48
14.41
12.98
12.66
12.69
12.22
12.56
12.25
9.89
12.44
12.94
12.59
11.67
11.69
10.53
9.42
13.23
11.62
13.45
11.84
14.66
12.81
12.69
12.20
12.88
12.80
12.48
11.41
12.05
11.59
13.58
13.28
13.91
10.70
12.75
14.00
13.41
12.64
13.05
12.19
11.81
13.30
13.08
12.77
12.95
11.44
11.80
13.19
13.02
12.48
11.20
11.83
13.39
14.44
13.91
14.84
12.86
12.05
12.39
12.36
11.44
10.42
12.47
13.03
11.50
13.00
10.80
12.12
11.70
12.27
12.62
13.61
11.36
12.23
14.27
12.28
10.61
14.55
13.36
11.48
11.72
10.72
12.67
12.62
12.16
13.56
11.81
12.81
13.00
12.11
14.11
12.78
13.67
13.92
13.03
11.11
12.05
13.20
12.67
13.39
12.78
11.38
12.28
13.08
11.98
14.86
13.44
14.02
13.83
11.89
14.83
12.55
13.08
12.17
14.67
12.42
10.80
13.33
12.78
14.69
10.75
12.89
13.14
12.56
11.83
12.98
12.25
12.75
12.41
13.63
12.00
12.92
12.56
12.22
11.08
14.14
13.73
12.62
12.83
13.94
10.97
13.52
12.95
13.97
11.77
12.80
12.34
13.73
10.72
13.52
11.58
12.80
11.73
14.55
13.27
14.06
13.81
13.47
13.28
11.11
13.95
13.69
11.39
12.39
13.30
11.77
11.16
13.31
10.52
13.31
12.98
14.56
11.20
14.39
13.56
11.31
12.94
12.25
12.34
12.97
10.97
12.73
14.08
10.41
13.19
12.42
13.05
11.53
12.45
15.39
12.98
11.47
13.30
12.17
12.25
11.47
13.17
10.98
13.55
13.59
12.12
11.59
12.86
11.72
14.69
12.75
14.05
13.48
13.48
12.23
12.88
10.91
11.16
12.34
11.98
13.09
12.78
12.45
12.47
13.52
13.31
12.83
13.73
13.11
13.36
12.39
12.86
12.08
12.22
13.12
12.08
12.41
12.19
13.09
11.31
12.16
15.08
11.05
13.03
13.19
11.25
13.78
10.92
12.03
13.53
14.94
12.05
13.38
10.03
11.45
11.95
13.11
12.02
13.78
13.34
13.23
14.65
12.72
10.73
13.17
10.11
13.83
11.92
13.39
12.66
10.89
10.69
10.84
12.55
13.80
15.31
11.94
12.75
12.45
11.31
13.80
11.94
12.17
13.03
13.42
11.47
12.33
10.41
10.12
11.58
12.83
12.66
11.47
11.91
11.31
10.59
10.22
13.17
10.77
13.19
12.19
11.12
12.36
11.28
12.75
12.44
12.45
12.41
12.62
12.53
10.84
10.73
10.83
10.80
13.44
12.17
10.53
11.88
12.25
10.81
12.61
11.62
13.94
11.08
11.12
12.25
11.73
12.27
12.78
13.44
12.52
12.81
11.08
9.66
13.89
11.84
12.84
10.89
13.22
10.81
10.73
12.80
13.97
13.50
14.28
10.48
15.00
11.84
11.42
13.80
12.48
11.50
12.48
12.64
11.08
12.38
13.05
11.81
12.20
11.30
11.89
12.69
11.78
13.75
12.94
14.69
13.80
12.94
15.31
12.97
11.75
12.50
12.31
12.78
10.56
12.59
11.20
12.05
12.09
13.89
11.41
14.81
11.97
14.52
13.44
12.73
13.02
13.55
12.80
12.67
12.22
13.70
11.78
11.45
11.75
13.83
12.81
12.64
11.95
13.77
12.55
12.58
10.48
12.30
12.94
12.17
13.64
13.31
13.36
12.36
13.94
11.39
13.47
12.88
13.78
13.61
11.81
11.06
13.41
14.25
10.92
12.58
13.14
11.56
11.14
12.11
12.22
14.45
13.05
11.83
13.44
13.56
12.11
12.12
13.91
12.59
10.48
13.27
12.02
11.41
12.62
13.16
12.80
10.40
12.77
12.77
12.08
12.66
13.08
12.34
12.38
14.59
12.27
11.14
12.16
12.56
10.61
13.63
12.31
13.50
13.67
9.09
12.17
13.88
11.02
12.52
12.45
14.19
14.83
12.25
15.19
11.14
14.59
13.08
10.75
12.38
11.12
11.41
14.56
13.11
12.45
13.84
13.41
11.47
13.78
13.08
12.06
13.33
12.89
13.03
11.84
12.14
11.66
11.38
11.98
14.11
11.34
11.97
15.00
13.34
14.95
12.20
14.33
11.92
12.80
13.77
13.77
12.38
12.22
11.34
12.66
12.91
11.50
13.94
13.42
14.17
14.53
14.16
11.52
12.42
12.61
11.75
12.33
12.33
11.81
12.81
12.20
12.33
13.91
12.95
12.95
12.83
13.11
13.17
13.17
12.12
12.20
13.31
12.14
12.62
12.47
12.06
11.94
13.23
11.62
12.98
13.69
12.25
13.03
13.67
14.50
13.55
10.16
13.59
12.86
12.03
12.75
11.12
12.62
10.44
11.77
14.12
12.47
12.16
13.08
11.39
13.12
13.27
13.50
12.84
11.42
13.27
11.91
13.45
9.55
13.94
11.67
13.28
13.06
12.70
12.67
13.17
13.52
12.31
12.84
14.22
12.42
12.53
13.69
10.25
12.58
10.62
12.61
10.91
11.41
12.67
12.16
10.67
12.48
12.83
10.80
14.45
12.59
12.47
13.08
11.09
10.25
10.89
14.00
14.12
11.12
12.00
11.77
13.64
11.81
12.47
13.34
15.77
13.36
14.27
13.72
10.98
12.70
11.67
12.05
12.28
13.48
13.10
12.80
12.48
13.19
14.59
13.97
15.05
13.94
13.31
15.16
12.28
10.39
14.23
11.36
12.88
12.05
12.92
10.28
13.67
15.27
15.44
13.86
12.08
11.39
12.48
13.80
12.98
12.83
11.66
13.56
12.80
10.69
12.97
10.59
11.42
13.00
13.03
11.77
11.48
12.39
12.62
13.67
13.23
13.64
12.25
12.91
12.98
11.69
10.30
14.56
11.70
11.94
12.81
10.97
14.55
11.47
12.33
11.31
11.64
11.53
12.53
11.33
11.95
11.16
12.08
12.12
12.17
11.72
12.66
13.06
13.64
11.80
14.66
13.52
10.17
12.94
12.09
11.55
11.03
13.23
12.16
12.81
12.41
13.73
12.55
12.42
11.62
14.33
13.41
13.16
12.73
12.69
11.73
13.06
13.61
12.95
13.89
14.39
11.62
13.84
12.44
11.00
10.78
12.30
13.98
13.09
14.42
13.92
11.48
11.11
11.98
12.77
11.31
12.25
12.36
11.38
11.59
14.03
12.27
12.56
15.97
13.56
12.88
11.81
13.44
11.28
10.88
13.34
13.11
12.73
11.19
12.22
14.27
11.88
11.33
13.19
10.42
11.12
11.88
11.89
13.59
12.19
15.53
12.89
12.84
12.28
12.31
14.05
11.70
12.25
12.88
13.08
12.45
13.08
12.22
10.31
13.53
11.72
12.83
12.27
12.39
13.05
11.03
14.25
14.50
10.56
11.72
11.58
11.69
10.80
13.16
11.41
12.16
12.69
13.67
12.38
11.75
12.62
12.77
12.06
12.72
11.67
14.78
10.70
10.09
11.73
10.34
10.52
11.62
12.83
11.16
11.41
13.52
13.80
15.14
14.98
13.12
11.19
11.66
13.12
11.59
11.05
13.25
11.64
11.50
14.03
13.56
11.69
14.75
13.02
13.42
12.83
13.38
13.08
10.30
10.50
11.62
13.20
13.22
11.67
12.08
11.39
12.83
12.36
14.00
12.28
11.39
9.75
11.78
12.11
13.12
12.23
11.88
13.67
11.16
12.36
11.84
11.23
12.16
11.31
11.27
15.00
11.02
12.70
11.78
10.69
12.45
11.38
12.39
13.47
11.98
11.23
12.06
13.53
12.38
13.39
10.73
13.69
12.45
12.08
13.66
13.31
12.61
12.41
11.12
12.69
12.20
12.98
12.48
12.17
12.53
12.98
10.88
12.98
13.92
11.92
12.52
13.86
13.03
14.42
12.17
11.89
13.02
10.17
13.97
11.42
10.58
12.67
13.28
12.19
10.41
13.12
12.70
12.73
13.64
12.72
10.77
12.66
12.67
13.28
13.86
12.36
11.88
13.67
9.97
13.47
10.48
11.91
13.44
12.77
14.02
11.22
13.50
13.55
11.95
12.69
14.55
11.78
11.70
11.02
12.98
12.88
12.91
11.09
12.80
12.86
12.09
12.12
14.37
10.11
13.44
12.00
13.06
12.66
11.83
9.84
14.61
11.72
12.06
11.14
12.92
13.83
11.89
13.30
13.25
13.59
11.80
11.95
12.98
13.42
14.22
12.62
13.39
12.61
11.42
13.03
12.12
12.62
12.45
13.61
10.41
13.72
13.91
13.02
14.00
10.89
11.41
12.82
11.84
13.30
13.12
12.12
11.06
11.86
12.39
11.95
14.62
13.42
10.42
10.80
14.19
10.58
13.45
11.78
12.58
11.53
12.81
10.62
12.09
12.03
11.80
11.39
13.64
14.67
13.12
12.44
11.61
14.44
13.61
13.11
11.05
12.47
12.69
10.39
11.98
11.67
11.39
12.28
11.53
12.48
13.88
11.88
12.75
13.08
13.78
12.88
12.73
12.72
12.62
12.02
12.58
10.36
11.95
15.14
11.80
13.12
12.92
12.28
13.78
12.75
11.95
12.45
11.64
12.75
12.34
13.03
11.94
11.09
10.70
12.17
12.70
11.05
13.14
13.84
11.00
13.23
11.19
13.34
14.28
14.53
12.52
11.25
11.19
11.42
11.59
12.83
11.25
11.41
13.42
12.14
12.08
11.33
13.91
12.64
12.64
13.16
13.11
11.36
11.83
13.48
13.50
12.72
12.20
13.53
11.81
11.64
13.50
12.72
12.84
13.39
11.89
10.97
12.22
12.80
13.28
13.16
12.30
11.64
10.98
12.50
12.39
12.97
12.27
12.02
11.88
14.56
11.86
12.97
12.06
12.00
12.38
11.36
10.98
12.59
13.98
11.08
13.45
13.00
14.62
12.88
11.39
12.20
12.19
11.08
12.88
12.53
14.89
13.20
