1.27
145.27
187.55
181.17
185.56
185.42
182.00
187.28
179.61
189.11
181.58
185.78
184.94
182.28
188.80
178.09
189.41
181.12
186.81
181.77
184.14
180.02
185.56
177.17
187.61
182.92
184.30
186.69
179.02
190.30
176.64
187.52
183.39
184.16
186.70
178.88
190.42
179.58
187.70
183.02
184.22
186.70
178.78
190.58
178.12
186.08
181.80
184.08
185.34
180.30
190.34
176.67
187.48
183.20
184.00
186.83
180.53
190.22
179.84
187.70
182.88
184.30
186.62
180.66
190.27
177.73
188.00
183.19
184.42
186.39
179.34
188.66
177.97
187.77
182.98
184.33
184.95
179.20
190.23
178.00
187.73
183.05
182.67
186.81
180.61
190.14
179.55
186.31
183.05
184.31
186.33
180.95
190.17
177.97
184.72
183.14
184.38
184.98
180.73
190.28
177.94
187.78
182.95
179.41
186.61
177.55
190.25
179.66
187.64
181.59
184.00
187.00
180.50
190.31
178.00
187.69
183.17
184.23
185.05
180.67
190.23
176.52
187.66
182.97
184.47
186.69
180.66
190.19
179.50
186.31
181.52
184.17
186.50
180.83
190.23
179.64
187.92
182.80
184.39
186.19
181.16
189.78
178.39
187.30
181.38
182.41
185.02
180.08
188.50
175.50
187.53
180.97
182.62
184.75
180.34
188.53
178.38
187.95
180.69
184.45
184.23
179.39
187.81
178.34
188.31
178.91
184.78
184.00
181.41
185.91
178.38
188.77
179.86
183.69
183.55
181.66
187.11
178.44
189.25
178.00
185.62
182.88
182.25
186.53
177.03
189.45
179.08
186.22
182.70
182.55
186.00
179.16
189.47
178.48
185.08
180.67
182.83
186.00
179.52
187.59
176.89
186.75
181.75
183.42
185.38
178.27
188.94
178.36
187.14
181.77
183.75
184.94
175.47
188.64
178.55
187.45
181.17
180.83
184.91
180.30
188.23
177.02
187.75
179.45
184.09
184.80
180.66
188.00
176.80
188.27
180.47
184.62
184.00
181.19
187.77
176.80
188.64
180.14
185.06
182.11
181.52
187.08
178.34
189.14
179.69
185.69
181.69
181.80
186.86
178.42
189.45
179.02
184.56
181.12
182.45
186.42
178.97
189.45
178.70
186.45
172.69
184.05
184.62
178.95
188.25
178.38
187.97
179.20
184.39
184.41
179.20
188.00
175.31
188.12
180.77
184.67
184.00
181.12
187.44
178.45
188.75
180.06
183.61
183.12
178.77
184.70
176.09
187.52
177.58
184.00
182.56
180.52
184.47
177.64
187.62
179.19
184.11
181.02
180.42
186.00
177.36
186.52
178.91
184.19
182.39
180.64
186.00
177.70
186.30
177.36
184.22
182.34
179.20
185.84
176.16
187.72
178.81
184.27
182.53
180.81
185.70
177.59
188.00
177.09
182.91
182.22
180.84
185.77
176.06
187.91
178.86
184.42
182.14
180.98
185.61
177.47
188.20
178.45
184.72
182.00
181.23
185.39
177.66
188.14
178.25
184.91
181.92
181.42
185.17
177.91
188.23
177.86
185.19
181.47
181.59
185.20
178.16
188.08
177.88
185.30
181.14
181.91
183.33
176.67
188.23
177.86
185.48
181.17
178.83
184.84
178.25
188.22
176.22
185.31
181.23
181.84
184.84
176.77
188.22
177.78
185.45
181.09
143.78
98.98
154.14
154.28
98.94
113.59
177.58
161.72
135.75
178.77
186.39
174.66
187.14
179.42
183.62
182.98
180.30
186.39
177.61
187.36
179.17
183.86
182.70
180.44
186.39
177.56
187.56
178.95
184.08
182.50
179.09
186.03
177.55
187.72
177.33
184.34
182.50
180.66
185.91
177.55
187.84
175.83
182.66
182.42
180.64
185.66
176.42
186.72
177.61
183.03
181.06
179.58
184.48
176.33
186.77
175.78
183.50
180.95
179.77
184.34
174.89
186.86
177.23
181.86
180.81
179.78
184.50
176.39
186.95
177.12
183.48
180.64
180.00
184.08
176.59
187.02
177.06
183.70
180.38
180.08
184.00
176.78
186.98
173.51
183.88
180.47
178.86
183.78
176.78
187.02
176.66
183.86
180.19
180.52
183.88
177.03
186.97
176.39
184.22
179.91
180.59
183.55
177.34
187.03
176.08
184.56
178.28
180.81
183.23
177.42
186.97
176.12
184.59
178.22
181.00
183.09
176.00
187.02
176.03
184.56
179.53
181.11
183.23
177.61
186.47
176.34
184.80
179.30
181.31
182.69
178.00
186.33
176.42
184.94
179.17
181.47
182.64
178.05
186.17
176.38
185.30
178.83
181.80
175.38
179.61
184.50
173.36
185.16
176.12
182.97
181.11
179.50
184.81
174.75
186.73
177.56
181.53
181.11
178.00
184.64
176.38
186.61
176.03
182.98
181.16
179.70
184.50
174.97
186.69
177.44
183.12
180.95
179.72
184.39
174.72
186.97
177.53
181.72
180.95
178.23
184.44
176.16
185.45
174.47
183.09
180.98
179.66
182.66
174.75
184.94
174.56
181.44
179.72
177.83
183.09
171.81
184.72
174.75
181.09
178.44
177.39
183.47
174.75
184.44
176.72
180.88
180.08
177.28
182.19
174.69
184.30
173.78
178.91
179.19
176.72
184.09
174.78
183.80
177.33
180.28
180.67
176.67
182.80
173.28
183.58
173.06
179.75
181.19
174.50
183.55
174.67
183.06
177.89
179.47
181.67
174.33
185.36
173.09
182.78
176.69
179.16
181.78
174.05
185.30
174.81
180.98
178.53
175.84
180.83
173.48
185.31
175.36
182.22
177.55
178.23
182.64
173.28
185.30
175.62
180.22
179.25
176.58
182.98
174.62
185.12
176.09
181.45
179.47
177.86
181.23
171.81
184.64
176.31
179.69
179.80
177.56
183.61
174.69
184.56
176.34
181.03
178.41
177.41
183.56
173.25
184.34
176.77
180.67
180.31
177.19
182.34
174.66
184.14
176.81
180.55
180.50
177.12
183.92
174.67
184.09
175.41
178.92
180.58
176.70
184.08
174.78
183.86
177.36
180.22
180.67
175.11
184.31
173.34
183.56
175.95
179.89
180.94
176.31
184.91
174.70
183.44
177.48
179.80
181.16
174.70
184.78
174.64
183.30
177.91
179.66
180.72
174.38
183.72
173.05
181.58
176.56
177.86
179.02
173.89
184.11
173.19
181.08
175.62
175.67
181.00
168.80
184.11
174.00
180.28
177.88
174.72
182.00
173.17
183.67
174.52
179.73
178.36
175.91
182.19
171.62
183.05
175.23
177.67
179.09
175.38
182.72
173.09
181.06
175.53
177.22
179.56
174.77
183.47
172.98
182.00
174.89
178.08
180.00
174.25
184.14
172.64
181.62
176.75
177.62
179.17
172.28
184.09
171.95
180.81
177.31
176.94
181.16
171.69
184.09
173.95
178.77
178.16
176.41
181.69
173.08
183.67
171.62
178.12
178.58
172.67
182.56
173.09
182.77
175.28
178.97
179.42
173.56
183.14
172.98
182.31
175.69
178.64
176.81
172.92
183.62
173.17
181.61
176.58
176.23
180.62
172.34
184.08
171.92
180.94
175.78
176.94
181.14
173.20
184.08
172.48
180.34
177.88
176.66
181.55
173.02
183.81
172.94
179.86
176.83
175.92
180.28
173.17
183.20
175.09
177.91
178.84
175.44
182.66
173.06
182.62
175.47
178.84
179.48
175.05
183.08
173.05
182.25
174.44
178.34
179.78
174.53
183.69
173.17
181.80
176.31
177.94
180.16
174.09
184.16
170.30
179.73
175.72
174.50
179.25
172.30
179.47
169.58
179.00
176.27
175.23
179.92
171.75
182.25
171.58
177.00
176.84
173.16
180.75
171.78
181.66
173.66
177.86
177.30
174.17
181.06
170.30
181.17
174.30
177.42
177.75
172.25
181.58
171.84
180.58
174.58
176.91
178.41
173.22
182.00
170.47
180.17
173.67
176.33
178.83
172.53
182.64
170.45
179.55
174.25
175.75
179.67
169.00
182.53
172.62
178.95
174.89
175.11
178.58
170.47
181.91
170.52
176.58
177.17
174.33
180.91
171.78
181.23
174.20
176.12
177.67
173.75
181.36
171.88
180.77
174.45
175.55
178.33
171.67
182.25
171.75
180.25
174.98
176.50
178.72
172.83
182.45
170.27
179.73
174.19
174.41
179.50
172.17
182.53
170.83
177.70
176.17
175.30
179.92
171.77
182.31
173.05
177.05
176.73
174.91
180.36
171.83
181.81
173.31
175.20
177.22
174.27
181.09
171.88
181.30
173.95
177.52
177.67
172.33
181.36
171.88
180.77
173.00
177.08
176.92
171.67
182.16
171.84
180.11
175.05
176.44
178.80
172.67
181.05
170.58
179.92
174.08
174.47
179.53
172.00
182.56
172.42
177.58
175.44
174.00
176.98
170.58
180.44
172.00
177.09
173.81
173.41
178.91
170.56
178.31
170.77
176.48
175.84
173.03
179.47
170.53
179.64
171.27
176.00
174.88
172.22
180.00
170.64
179.09
171.83
173.97
177.11
170.33
180.88
167.38
178.39
174.00
174.70
177.56
169.73
180.77
170.97
177.83
174.48
174.34
178.00
170.86
180.80
171.31
177.41
172.09
170.80
178.66
169.20
180.22
172.06
176.59
175.84
173.20
178.95
170.72
179.84
172.48
176.30
175.97
172.69
179.78
170.59
179.50
172.77
175.92
176.34
172.41
179.95
170.61
179.17
173.27
175.53
176.72
170.48
180.44
169.16
178.53
172.38
174.83
177.50
171.50
180.84
170.69
178.06
174.20
173.05
177.78
169.48
180.83
169.69
177.55
174.92
174.00
178.44
170.58
180.52
171.73
175.61
175.30
173.36
178.97
170.61
180.30
170.69
175.09
175.83
172.89
179.36
170.58
179.61
172.64
176.08
176.48
169.59
179.92
170.58
179.09
173.17
174.12
176.77
170.48
180.36
170.56
178.59
173.94
175.06
175.84
169.95
180.83
170.64
178.08
174.19
174.53
177.83
171.11
180.89
171.05
176.16
174.70
174.05
176.44
168.98
178.94
170.16
175.23
174.08
171.52
176.23
167.52
177.69
171.44
174.05
174.98
170.39
178.80
167.52
175.30
171.08
172.83
175.03
169.06
179.19
169.83
175.56
172.17
171.70
177.39
168.95
178.22
169.44
174.56
174.83
170.69
178.41
167.52
177.08
172.00
173.44
175.73
169.64
179.19
169.44
174.56
173.12
172.31
174.00
168.94
178.67
170.44
173.16
174.19
169.75
178.16
168.97
177.61
171.52
173.81
175.28
168.66
179.22
167.39
176.48
172.59
171.31
176.61
168.95
179.12
170.00
175.44
173.61
171.73
177.22
169.12
178.31
170.94
174.55
174.61
170.69
177.05
168.95
177.16
170.55
173.34
174.34
168.05
179.22
169.59
176.00
173.14
172.20
175.53
167.53
178.56
167.78
174.66
174.44
170.91
178.22
168.94
177.62
171.66
173.72
175.41
169.94
179.20
164.72
173.28
173.08
172.31
176.69
169.05
178.77
170.41
175.22
172.56
171.34
176.44
168.94
177.66
171.44
173.97
175.14
170.25
179.20
167.41
176.69
171.06
171.34
175.00
168.91
179.14
169.95
175.44
173.69
171.64
177.58
167.44
178.22
169.70
174.30
174.77
170.58
178.56
168.94
177.06
169.56
171.58
174.48
167.86
177.55
167.66
172.97
171.48
169.08
175.44
167.28
177.02
167.44
173.14
172.91
169.42
176.41
167.27
175.91
169.78
172.38
173.55
167.08
177.56
167.36
174.95
170.91
171.14
174.69
165.97
177.55
166.80
172.39
172.06
168.55
176.00
167.30
176.50
169.50
172.66
173.12
168.92
176.95
167.30
175.39
169.09
171.72
174.28
167.84
177.55
167.73
172.88
170.22
170.44
175.34
167.34
176.92
169.12
173.17
172.59
168.11
176.39
165.92
175.86
168.56
172.08
173.77
168.31
177.55
167.52
174.78
168.27
170.89
174.97
167.27
176.00
166.95
172.22
172.34
168.25
176.23
167.33
176.09
169.84
172.47
171.72
168.66
177.12
167.34
175.12
170.67
171.42
174.62
164.55
177.61
168.27
174.00
171.81
168.80
175.66
165.94
176.56
169.23
172.86
173.08
169.27
176.69
167.28
175.69
168.77
171.86
173.95
166.61
177.58
164.77
174.38
171.50
170.69
175.36
165.95
177.05
166.00
173.08
172.78
169.44
176.34
167.31
175.94
169.92
172.27
170.81
168.42
177.58
167.19
174.92
169.64
169.44
175.05
165.95
177.31
168.50
172.11
172.31
169.77
176.09
164.22
174.61
168.00
169.42
171.80
165.58
175.92
165.36
173.42
169.14
168.22
173.03
166.00
175.92
163.69
172.23
170.34
165.61
174.20
165.69
174.81
167.69
171.09
170.14
164.38
175.48
164.30
173.48
169.05
169.89
172.83
166.08
175.92
164.91
172.45
170.00
168.81
173.83
165.67
175.34
167.39
171.52
171.05
167.73
174.66
165.81
171.38
168.47
168.91
170.89
165.02
175.91
164.55
172.86
169.95
169.08
173.41
164.34
175.44
165.78
171.67
170.86
167.91
174.70
165.72
174.59
166.77
170.56
171.91
165.45
174.45
165.62
173.19
168.00
169.38
173.17
165.66
175.95
166.66
172.31
170.33
167.02
174.22
165.62
174.88
167.62
171.19
171.62
167.41
175.17
164.27
173.84
166.00
168.50
171.34
166.05
175.89
164.94
172.42
168.75
168.61
173.92
164.30
175.06
167.72
168.19
171.62
167.41
175.17
164.27
173.84
168.72
170.09
172.47
166.36
175.91
163.17
172.70
170.12
164.23
173.95
165.59
175.34
167.23
168.72
171.16
167.64
174.89
165.64
174.19
167.03
170.41
172.33
166.61
175.95
164.31
173.00
169.55
167.84
173.34
164.27
175.69
166.86
172.00
168.62
166.45
172.83
164.00
173.02
164.92
169.19
170.11
163.94
174.00
162.67
171.70
167.73
166.56
171.39
164.20
174.19
163.55
170.45
166.81
166.58
171.95
164.00
173.84
164.09
170.00
169.36
164.78
173.30
162.62
172.66
165.31
167.33
170.59
163.55
174.27
164.14
171.38
167.81
166.27
169.67
161.69
174.38
163.62
171.88
167.47
168.08
171.14
164.36
174.36
163.44
169.28
168.70
165.52
172.42
162.67
173.25
166.00
169.44
168.47
165.75
173.55
164.05
172.19
167.28
168.48
170.80
164.75
174.23
161.59
171.08
166.88
164.78
172.05
164.00
173.73
164.27
170.08
168.00
166.00
173.34
164.00
172.58
166.64
168.89
169.02
163.53
174.38
164.19
171.44
167.92
164.89
171.66
164.09
174.00
162.58
168.73
169.17
166.34
172.92
164.06
172.81
165.03
169.17
167.48
165.12
174.38
164.00
171.62
167.66
165.03
171.53
162.70
174.12
164.95
169.14
168.86
166.69
172.92
162.39
170.22
165.09
169.06
169.02
165.25
174.28
163.81
171.64
166.27
167.92
170.00
164.08
174.28
163.55
170.53
169.00
166.73
172.55
164.03
171.83
166.09
169.45
169.12
163.91
171.89
160.86
170.00
165.84
163.23
169.80
161.03
171.94
163.69
168.00
166.22
164.34
171.36
160.69
170.42
165.36
166.73
168.98
161.42
170.78
160.45
167.17
167.19
163.27
171.00
162.42
170.58
163.66
166.81
168.84
163.06
170.81
162.81
169.23
166.58
165.28
170.36
162.36
169.91
163.02
167.27
168.38
162.19
172.25
160.95
168.05
164.92
165.64
170.19
162.36
170.27
164.05
167.77
167.81
162.64
170.36
162.19
170.00
165.88
166.12
168.31
162.38
169.12
163.84
165.22
167.77
162.81
171.47
161.08
168.73
165.48
166.34
169.31
161.12
172.23
163.33
167.09
167.22
164.73
171.08
162.41
170.72
164.88
166.92
167.39
163.00
172.22
162.78
169.22
166.59
163.92
170.41
160.86
170.00
163.14
167.33
168.27
160.77
172.22
162.28
169.55
164.83
165.62
170.00
161.09
171.59
160.05
167.48
168.25
162.34
172.28
160.83
169.69
165.89
164.50
169.81
161.06
171.81
162.45
167.95
167.64
164.19
171.64
160.98
170.27
165.50
166.34
169.27
161.08
172.31
163.23
168.45
167.23
163.33
171.16
162.28
170.88
164.84
165.62
164.66
160.00
172.22
161.66
167.22
165.12
163.44
167.62
160.72
169.42
161.62
165.52
166.98
160.33
170.59
160.88
167.75
164.62
162.50
168.52
159.27
170.00
162.47
164.72
166.36
160.83
170.36
159.27
166.73
164.50
164.27
168.05
159.45
170.28
160.72
166.38
166.00
162.62
169.81
160.73
168.83
162.31
164.86
166.17
161.02
170.55
161.53
165.66
164.00
163.14
169.27
160.73
167.59
163.12
165.55
166.92
160.27
170.58
158.34
167.44
164.83
163.73
168.66
160.73
168.38
161.39
165.92
163.83
162.00
170.58
160.62
166.55
164.50
164.06
168.27
159.42
168.67
162.38
164.77
164.97
162.27
170.20
159.28
168.33
162.89
164.42
167.95
160.77
170.42
160.59
166.58
165.77
161.41
169.59
160.75
167.36
163.89
164.92
166.08
161.11
170.55
161.45
167.17
165.12
162.00
169.06
160.72
168.00
163.28
164.06
165.66
158.55
170.45
160.00
167.55
164.92
163.53
168.81
159.41
168.25
161.45
165.69
166.70
161.69
170.73
159.27
168.00
164.64
164.09
168.19
159.45
170.09
162.27
166.31
164.72
161.05
170.00
160.73
168.45
164.00
164.73
166.41
159.33
169.25
161.89
166.61
164.16
160.36
168.92
157.53
168.81
159.34
162.47
165.53
158.97
170.61
157.08
166.00
162.00
162.47
166.95
156.19
170.39
157.66
165.89
162.27
160.83
168.45
156.14
169.08
158.92
164.22
165.11
159.36
170.00
154.81
166.08
160.64
162.47
167.00
157.77
170.59
157.09
166.00
163.34
161.16
168.12
157.38
168.19
158.58
164.52
164.98
158.28
169.72
157.36
168.00
158.81
161.56
166.44
158.11
170.58
158.11
164.95
161.75
161.41
167.94
156.11
169.66
159.86
164.72
164.56
157.25
169.47
156.17
168.09
158.45
163.23
166.22
158.31
170.55
157.91
166.70
162.81
161.81
166.19
154.83
169.91
159.36
165.09
164.27
158.81
169.19
156.17
166.75
160.91
163.69
164.50
157.12
170.73
156.31
166.78
162.48
162.06
167.25
157.47
170.38
158.91
165.62
162.56
159.36
168.64
154.88
168.78
159.25
163.86
165.41
156.31
170.58
156.05
167.06
159.64
162.00
167.30
156.16
170.17
159.14
165.50
164.00
157.67
169.05
156.08
168.78
157.78
164.00
164.22
158.88
170.58
157.33
164.41
162.33
160.73
167.27
157.45
170.38
157.62
164.81
163.67
154.97
167.67
157.61
165.55
153.97
163.86
160.17
160.16
163.81
156.19
165.89
158.05
160.91
163.05
158.48
165.67
157.25
164.48
159.41
160.92
163.00
156.19
166.64
157.36
163.08
162.31
159.52
164.48
157.42
163.94
160.00
161.73
160.97
158.00
165.55
156.55
162.41
161.50
160.19
165.27
157.50
161.77
156.83
162.08
161.83
158.55
165.55
157.48
164.42
160.86
160.83
164.41
157.44
165.38
157.27
161.73
160.95
158.00
165.95
157.36
165.30
160.22
161.70
162.25
156.53
167.09
157.78
162.53
158.81
155.78
164.31
157.47
165.73
158.22
162.09
161.84
158.33
167.09
154.73
164.17
159.73
160.64
163.30
157.47
166.48
157.47
162.83
161.22
159.33
166.00
157.45
163.81
158.83
160.17
163.83
156.48
166.88
158.00
162.30
160.34
160.00
165.27
156.17
164.47
156.94
157.95
162.11
158.20
165.55
156.34
162.44
161.52
160.31
163.22
154.05
165.95
159.27
162.42
162.89
158.84
162.00
156.00
163.53
158.81
160.55
162.64
156.56
163.81
158.00
159.65
160.84
158.34
162.52
154.89
162.97
159.12
161.42
161.94
158.55
162.25
156.17
163.28
156.08
159.09
161.83
156.22
164.86
158.47
162.22
161.23
159.52
162.56
157.62
162.84
156.62
159.78
162.34
154.03
163.94
156.25
162.94
159.19
160.22
163.31
156.16
164.75
157.36
162.00
161.33
159.14
164.17
156.22
162.70
158.12
159.77
161.02
156.81
163.83
157.53
163.05
157.88
159.95
162.22
157.47
163.44
158.73
161.95
160.12
159.02
164.39
156.16
163.94
158.16
161.05
158.48
155.30
165.17
157.75
161.45
160.64
159.91
162.16
156.19
163.36
157.44
160.42
161.69
157.45
164.81
156.00
163.83
159.77
160.67
161.41
157.92
165.23
156.36
162.81
159.31
158.52
163.53
157.47
162.08
157.36
160.47
161.53
157.67
164.70
157.45
163.84
158.33
158.00
162.81
155.11
163.75
154.89
160.91
158.91
156.50
160.69
155.44
162.83
155.64
159.83
158.62
156.77
162.98
155.42
160.64
158.00
157.52
160.97
154.52
162.27
155.88
160.91
156.22
157.83
162.00
155.39
161.66
154.27
159.78
159.95
154.17
162.95
152.92
160.48
158.03
158.56
161.19
155.73
163.64
154.69
160.75
159.00
156.56
159.36
154.17
161.47
155.66
159.70
158.81
155.27
163.25
155.39
161.73
156.72
158.69
161.03
154.41
163.59
153.19
160.92
157.77
156.31
162.36
155.38
161.48
155.70
158.39
160.06
155.36
163.14
152.91
161.62
156.81
158.59
161.19
152.88
163.59
154.86
156.36
159.22
157.53
159.73
155.36
161.22
157.25
159.48
158.95
156.47
163.53
154.00
161.73
155.62
157.02
161.45
155.36
163.62
154.86
160.55
159.22
156.19
161.02
154.09
162.59
157.14
159.53
160.47
153.53
163.78
155.30
161.61
158.12
158.66
159.80
154.25
163.64
156.00
158.08
158.50
154.95
160.58
154.20
161.27
154.53
158.20
158.53
155.47
161.41
150.39
160.17
156.56
157.41
159.52
154.48
161.95
153.38
159.27
157.67
156.55
160.25
154.22
161.31
153.00
155.81
157.19
155.47
160.09
154.22
160.22
155.31
156.16
159.41
149.12
162.00
154.81
157.92
157.64
155.03
160.59
152.88
159.81
154.47
156.84
157.47
155.27
161.73
151.53
158.64
155.67
157.20
159.75
154.20
160.53
155.00
159.00
154.38
156.19
160.70
154.17
159.77
155.81
156.81
158.86
152.47
161.91
154.17
160.12
155.44
154.52
158.52
154.17
161.92
154.91
159.09
157.75
156.25
159.28
152.80
161.23
155.78
156.81
158.91
152.50
160.44
151.56
157.23
157.05
156.95
154.84
154.16
160.36
155.19
157.45
158.09
155.91
161.16
154.16
160.86
154.72
157.91
153.89
153.48
160.47
154.52
159.64
157.11
156.89
158.73
152.94
161.62
153.91
158.73
158.06
154.56
161.00
151.17
159.16
154.58
154.91
155.58
152.53
160.31
152.56
158.16
154.14
153.91
158.39
152.53
160.14
153.42
157.42
156.27
154.47
156.64
151.27
159.30
153.05
156.34
155.95
153.36
159.09
152.36
157.00
152.80
154.00
156.73
148.83
159.97
152.30
156.98
156.56
152.95
158.11
152.38
159.23
153.33
156.27
156.11
153.28
157.70
147.39
157.89
155.86
154.94
157.36
152.56
158.55
153.53
154.56
155.44
154.00
158.31
151.25
157.55
154.72
155.95
156.22
151.83
159.06
152.89
156.44
152.09
154.75
157.58
152.52
159.59
153.97
156.75
157.00
153.91
159.62
152.47
158.94
154.59
150.89
157.75
151.58
159.05
150.47
156.27
156.00
153.44
158.88
152.52
159.64
153.91
154.19
155.66
152.42
158.62
152.52
158.53
155.20
154.31
156.73
152.80
158.95
151.69
157.73
154.73
153.36
158.92
152.56
158.25
152.81
156.56
156.98
152.39
158.62
151.28
157.22
153.03
149.91
155.14
149.31
156.19
147.55
151.75
153.25
151.19
156.36
149.27
156.56
148.53
151.94
154.33
150.27
157.47
149.00
154.17
149.58
148.47
155.31
148.00
157.31
150.20
154.22
153.20
151.28
152.53
148.08
156.19
151.20
151.78
154.47
150.25
156.11
144.58
155.06
152.42
150.73
154.30
148.00
157.09
150.55
152.81
153.41
149.73
156.48
145.62
154.59
151.61
151.64
154.53
144.64
157.36
148.72
154.72
150.03
149.00
156.28
149.25
156.69
149.53
153.61
153.84
150.64
156.84
146.77
154.45
151.84
147.34
151.08
150.83
155.47
149.28
154.61
151.64
151.53
154.72
148.48
154.80
149.78
154.69
151.53
150.38
153.41
149.28
156.72
150.69
152.47
153.81
150.66
154.33
149.28
155.73
147.77
152.72
153.66
148.27
156.08
148.64
154.64
151.73
151.53
155.94
149.27
156.73
145.86
152.17
151.59
150.28
157.45
149.00
155.45
150.77
152.44
154.72
146.89
157.48
148.69
154.38
148.52
149.11
156.00
148.22
156.50
150.00
152.95
153.39
148.25
155.75
144.41
153.84
150.12
151.50
154.89
145.61
157.31
149.08
153.91
151.28
150.39
156.03
148.08
155.23
147.47
152.94
153.59
146.77
156.05
146.75
155.05
150.16
148.86
155.09
148.05
156.05
149.12
150.00
152.78
150.16
155.02
145.58
153.30
149.50
149.45
153.20
147.16
156.19
148.72
154.27
152.00
149.83
155.53
146.64
156.94
148.42
153.28
153.09
149.83
156.66
146.72
155.89
149.48
150.92
153.08
147.31
156.00
148.69
154.44
151.94
151.05
155.33
148.05
156.89
148.31
152.16
153.09
150.11
153.89
148.06
149.27
147.67
148.88
154.56
148.38
156.09
147.53
154.22
152.34
150.59
154.58
148.05
153.89
150.06
152.91
153.67
148.16
157.05
145.50
153.88
151.42
150.44
154.77
148.16
157.48
147.56
152.80
152.31
148.09
155.91
146.86
156.33
148.81
151.06
151.80
146.38
154.94
146.47
153.45
148.08
148.75
152.69
145.39
155.39
147.05
151.05
150.44
148.92
153.89
143.80
145.70
148.61
150.70
151.94
147.47
155.38
146.20
151.91
148.36
149.73
153.11
146.47
155.38
146.00
150.84
150.58
148.73
153.91
145.19
153.19
147.25
151.16
150.41
147.70
151.56
143.56
151.84
149.59
149.75
152.98
146.56
155.44
145.92
152.08
148.22
148.67
152.78
145.16
154.28
148.41
150.95
151.53
147.83
153.84
145.16
151.92
149.62
147.25
151.69
145.06
155.45
147.53
152.08
150.56
146.22
151.61
145.19
154.19
148.53
149.58
149.44
147.25
155.52
143.92
152.88
149.69
149.67
153.08
142.81
155.08
146.38
151.73
150.88
147.20
151.89
146.39
153.95
147.50
150.67
152.17
142.03
152.88
144.38
152.42
150.20
147.89
153.55
145.17
153.52
148.00
151.45
151.33
148.16
150.98
145.02
150.94
146.91
147.34
152.91
146.47
153.81
147.08
149.95
149.66
147.31
152.27
146.42
152.03
146.36
148.00
150.39
146.53
151.89
146.38
152.45
147.09
148.55
148.72
146.92
151.25
146.56
150.38
149.06
147.83
150.73
146.38
153.62
147.27
151.06
149.86
148.36
150.05
146.41
151.70
145.48
150.14
149.42
145.00
153.44
146.36
152.16
147.45
146.91
151.48
144.20
152.52
146.89
147.50
149.70
145.91
152.48
146.41
153.11
146.48
150.41
149.20
146.45
153.14
146.31
151.23
148.50
147.16
151.28
144.38
153.62
143.11
151.36
149.36
146.17
152.31
146.44
153.56
143.52
150.73
150.27
146.80
151.61
146.39
151.39
146.98
147.44
150.94
147.19
153.80
145.02
151.84
147.70
148.00
150.45
146.45
153.73
143.36
151.09
148.55
147.08
152.52
146.36
151.80
147.84
147.78
150.62
145.08
152.11
145.17
152.08
148.89
149.58
148.84
145.44
152.41
145.39
151.52
149.38
146.31
151.73
142.42
152.08
144.56
149.41
148.59
146.56
150.38
143.53
150.17
146.67
144.69
149.73
144.27
152.56
144.70
150.56
146.17
146.47
150.59
142.20
152.56
144.39
149.70
148.30
145.70
149.91
143.58
151.75
146.20
147.80
148.84
146.31
151.69
143.73
151.09
144.48
147.00
148.62
144.08
152.55
145.00
149.00
145.38
147.38
149.61
144.72
151.03
145.80
146.91
148.69
146.61
151.39
144.72
150.22
145.41
148.59
147.16
143.41
152.19
144.77
148.31
146.17
147.78
150.14
145.14
151.16
144.09
146.16
147.09
146.91
149.84
144.80
151.91
144.98
146.38
147.94
144.84
149.59
143.56
150.84
145.95
148.05
150.16
145.25
149.91
142.84
150.69
145.47
149.55
144.91
149.02
146.58
143.72
151.88
142.41
150.95
147.00
148.20
148.55
145.45
152.33
142.64
148.19
145.89
148.03
143.81
149.27
148.64
145.36
149.11
144.73
151.44
146.56
148.64
148.75
143.88
148.69
141.78
142.59
145.06
145.31
147.14
139.59
148.81
143.52
145.62
145.77
142.11
147.95
141.80
148.42
142.89
143.62
146.38
144.00
148.38
142.00
146.56
143.44
145.62
146.75
142.45
148.80
141.92
146.00
143.39
144.52
146.17
143.16
147.41
142.64
146.53
145.89
144.59
146.72
143.06
147.02
143.45
145.09
146.17
142.95
147.09
140.69
147.75
143.52
145.62
145.70
143.58
148.88
141.95
147.17
142.88
144.95
146.25
143.11
148.64
141.14
146.61
143.44
144.45
147.92
141.92
146.86
144.34
143.66
146.42
141.36
148.69
143.09
145.05
145.00
145.48
144.61
143.59
148.86
141.14
146.70
144.09
143.69
142.89
141.94
148.44
143.94
146.42
146.00
142.59
147.45
141.89
147.95
143.38
144.31
142.80
143.73
147.62
141.88
147.23
144.00
145.31
147.23
142.98
148.94
143.53
146.84
143.25
143.44
147.73
141.94
144.64
143.09
146.06
144.45
142.45
147.14
141.50
146.45
141.97
141.88
145.41
142.22
147.62
141.27
146.17
143.47
143.97
144.39
141.84
145.22
141.67
145.75
142.70
142.66
144.55
141.52
145.02
141.08
145.19
144.55
143.08
144.19
140.19
146.98
141.56
143.55
143.72
142.53
147.02
141.45
146.55
138.38
143.08
145.38
142.06
147.62
137.86
145.97
143.59
142.62
145.81
141.62
146.38
141.89
145.58
144.16
143.45
146.09
140.30
146.25
142.20
145.25
139.70
142.94
146.59
141.48
145.73
140.38
144.72
143.69
141.31
142.47
140.33
146.25
143.31
140.48
145.62
140.62
146.36
141.70
145.78
143.80
141.17
146.09
141.36
147.69
142.00
144.22
141.83
142.00
146.44
139.16
146.84
141.56
144.81
144.94
140.16
145.84
141.52
146.69
142.95
144.47
143.95
142.27
146.11
138.00
142.52
141.16
143.89
145.75
137.89
147.53
142.00
145.67
140.55
142.00
146.47
141.31
146.00
141.23
143.14
142.69
140.00
143.52
139.80
143.62
141.11
142.81
143.19
138.30
144.06
138.53
144.47
139.03
141.11
143.56
135.38
143.06
137.92
143.70
142.11
141.73
142.91
138.73
145.36
138.19
140.91
142.44
141.41
144.81
139.78
145.02
140.81
143.00
142.84
139.84
144.80
138.70
144.72
140.00
141.47
142.06
139.39
145.34
136.31
143.00
139.44
142.00
143.83
140.00
145.42
140.38
143.84
138.53
139.17
144.39
139.69
145.52
