0.30
137.48
177.66
177.72
177.81
177.80
177.89
177.58
177.89
177.66
177.73
177.77
177.56
177.98
177.55
177.69
177.78
177.70
177.91
177.52
177.80
177.81
177.92
177.53
177.19
177.52
177.92
177.58
177.73
177.89
177.61
177.81
177.59
177.70
177.75
177.62
177.83
177.44
177.88
177.64
177.67
177.78
177.61
177.83
177.62
177.69
177.77
177.58
177.81
177.58
177.69
177.86
177.53
177.89
177.53
177.86
177.67
177.69
177.78
177.58
177.81
177.58
177.67
177.75
177.66
177.84
177.52
177.67
177.75
177.58
177.86
177.53
177.81
177.77
177.64
177.69
177.48
177.94
177.53
177.70
177.75
177.45
177.98
177.56
177.78
177.75
177.78
177.81
177.48
177.73
177.73
177.73
177.75
177.53
177.89
177.62
177.70
177.62
177.72
177.88
177.53
177.81
177.72
177.78
177.67
177.53
177.88
177.64
176.11
178.75
178.78
179.08
178.64
179.05
178.77
178.89
179.08
178.58
179.19
178.69
178.91
178.98
178.73
179.14
178.80
178.97
178.88
178.84
179.00
178.69
179.16
178.84
178.91
178.92
178.73
179.14
178.55
179.09
178.88
178.59
179.03
178.66
179.14
178.75
178.83
178.84
178.80
179.11
178.55
179.02
178.81
177.12
178.86
178.66
179.09
178.70
179.06
178.78
178.98
179.03
178.53
179.11
178.69
178.94
179.02
178.69
179.22
178.55
179.03
178.88
178.73
178.98
178.66
179.14
178.75
179.09
178.75
178.88
178.95
178.56
179.17
178.67
178.98
179.03
178.64
179.28
178.62
179.06
178.88
178.91
179.02
178.91
179.03
178.77
178.94
178.84
178.77
179.16
178.55
179.20
178.73
178.88
178.92
178.69
179.20
174.70
177.69
177.80
177.66
177.64
177.53
178.02
177.52
177.75
177.75
177.70
177.95
177.48
177.78
177.66
177.70
177.70
177.55
177.89
177.61
177.64
177.72
177.58
177.92
177.56
178.30
177.92
177.88
178.25
177.80
178.14
177.91
177.98
177.92
177.95
178.30
177.77
178.22
177.91
177.77
178.14
177.75
178.27
177.88
178.11
177.83
178.02
178.28
177.69
178.30
177.92
178.02
178.19
177.78
177.84
177.89
178.17
177.98
178.03
178.23
177.77
178.22
177.92
169.91
173.34
177.78
178.03
177.52
178.14
177.61
177.77
177.84
177.62
178.16
177.45
178.02
177.80
177.73
177.84
177.23
178.17
177.70
177.84
177.98
175.84
173.77
178.50
178.67
178.52
178.61
178.81
178.50
178.88
178.41
178.77
178.70
178.56
179.00
178.31
178.95
178.53
178.72
178.62
178.56
178.97
178.22
178.88
178.59
178.69
178.45
178.62
178.92
178.48
178.77
178.59
178.81
178.89
178.48
178.80
178.47
178.62
178.67
178.64
178.89
178.44
178.80
178.67
178.69
178.66
178.31
178.80
176.75
178.78
178.75
178.48
178.95
178.45
178.89
178.56
178.62
178.73
178.59
178.98
178.31
177.77
178.12
177.92
178.11
177.91
178.30
177.84
178.08
178.25
177.89
178.44
177.80
178.08
178.03
177.91
178.16
177.81
178.25
177.86
178.20
178.00
177.84
178.36
177.81
178.20
177.97
177.97
178.20
177.83
178.23
177.86
178.20
178.06
178.06
178.19
177.75
178.27
177.81
178.02
178.27
177.84
178.25
177.94
178.12
177.78
177.95
178.06
177.61
178.34
177.88
178.02
178.12
177.92
178.16
177.94
178.14
178.03
178.00
178.08
177.86
178.42
177.77
178.19
178.08
177.92
177.89
177.88
178.33
177.91
178.14
178.00
177.95
178.41
177.66
178.30
177.97
177.97
178.16
177.84
178.33
177.92
178.11
178.02
178.02
178.25
177.75
178.25
177.86
178.17
178.00
177.89
178.64
177.48
177.83
177.02
178.14
176.56
177.91
177.47
177.30
177.95
176.75
178.06
176.81
177.88
177.56
177.14
178.22
176.48
178.02
177.23
177.50
177.78
176.92
178.02
176.78
177.83
177.53
177.33
177.95
175.34
178.08
178.17
178.05
178.33
177.66
178.27
176.58
178.08
178.45
177.73
178.36
177.77
178.14
178.06
177.92
178.62
177.64
178.27
177.98
178.03
178.19
177.94
177.47
177.28
178.31
177.89
177.97
177.00
177.70
178.50
177.67
178.28
176.52
178.00
178.52
177.64
177.88
176.83
178.19
176.72
177.81
178.62
177.61
178.06
176.69
178.06
178.41
177.64
171.89
175.54
178.67
177.31
178.58
178.00
177.95
178.86
177.09
178.77
177.34
178.50
178.31
177.73
178.80
177.20
178.52
177.73
175.75
176.98
177.78
178.88
177.19
178.69
177.38
178.41
178.53
177.66
178.78
177.08
178.56
177.84
178.19
178.61
177.38
178.72
177.25
178.64
177.98
177.88
178.97
177.03
178.69
177.50
178.39
178.38
177.64
178.83
177.20
178.58
177.62
178.45
178.39
177.42
178.92
177.17
177.75
178.70
177.98
178.86
177.17
178.72
177.33
178.53
176.64
177.42
177.70
176.00
178.73
175.09
178.45
176.75
176.95
178.30
175.47
178.72
175.58
178.16
177.08
176.59
178.55
175.16
178.55
176.23
177.48
177.58
176.19
178.72
175.03
178.48
176.59
177.09
178.14
175.62
178.67
175.48
178.27
176.94
176.75
178.41
175.28
178.62
176.00
177.70
177.47
176.27
178.73
175.03
178.59
176.33
177.36
177.75
175.83
178.75
175.33
178.33
176.75
176.92
178.30
175.48
178.67
175.66
178.20
177.08
176.47
178.64
175.09
178.56
176.16
177.47
177.70
176.11
178.75
175.03
178.41
176.75
177.12
175.12
175.66
179.09
175.05
178.52
176.78
176.73
178.38
175.30
178.84
175.67
178.00
178.66
176.38
178.78
174.84
178.86
176.22
177.44
177.72
175.83
178.95
175.00
178.59
176.58
176.95
178.20
175.53
178.84
175.52
178.03
177.06
176.59
178.62
175.08
178.89
175.88
177.72
177.53
176.00
179.09
174.58
178.89
176.38
177.14
178.02
175.66
178.92
175.34
178.23
176.89
176.73
178.45
175.22
178.88
175.72
178.00
176.86
176.42
178.78
174.84
178.66
176.34
177.38
177.77
175.88
179.12
174.86
178.61
176.59
176.88
177.67
174.08
178.88
173.81
177.80
176.08
175.59
178.25
173.55
178.81
174.52
177.11
176.75
174.92
178.95
173.02
178.72
175.11
176.48
177.38
174.28
179.02
173.64
178.02
175.86
175.69
178.19
173.64
178.73
174.45
177.36
176.44
175.23
178.61
173.06
178.83
175.02
176.72
177.14
174.55
178.98
173.42
178.19
175.67
176.02
177.80
173.81
178.94
174.12
177.47
176.39
175.31
178.58
173.25
178.73
174.94
176.81
176.97
174.75
179.00
173.09
178.47
175.38
176.28
177.58
174.11
178.97
173.88
177.81
176.06
175.47
178.41
173.34
178.86
174.58
177.11
176.75
174.94
178.94
173.12
178.47
175.36
176.45
177.30
174.33
178.97
173.59
178.06
175.77
175.88
178.00
173.69
178.98
174.27
177.23
176.64
175.06
178.81
172.94
178.83
175.05
176.59
177.23
172.89
182.48
173.08
182.95
175.16
179.22
178.92
175.39
182.80
173.08
182.59
175.64
178.67
179.44
174.94
183.19
173.06
182.22
176.05
178.36
179.81
174.48
183.62
173.02
181.80
176.36
177.98
180.28
174.12
184.12
172.91
181.42
176.72
177.61
180.64
173.72
184.11
173.42
180.94
177.17
177.19
180.62
172.14
182.48
172.55
179.05
176.16
175.42
179.81
171.73
182.47
172.89
178.70
176.61
174.92
180.28
171.80
181.98
173.22
178.33
177.08
174.58
180.58
171.81
181.61
173.64
177.92
175.53
174.28
181.08
171.83
181.17
174.06
177.47
177.69
173.88
181.50
171.81
180.77
174.44
177.12
178.09
173.48
181.75
171.81
180.47
174.88
176.72
178.53
173.00
182.20
171.80
180.08
175.22
176.34
178.95
172.64
182.42
171.92
179.67
175.56
176.00
179.36
172.23
182.50
172.31
179.25
175.97
175.56
179.62
171.95
182.45
172.81
178.78
176.38
175.20
180.03
171.81
182.19
173.16
178.47
176.75
174.80
180.45
171.81
181.80
173.39
178.12
177.27
174.33
180.89
171.80
181.34
173.84
177.73
177.56
174.05
181.22
171.81
181.05
174.22
177.34
177.86
173.66
181.69
171.83
180.53
174.72
176.83
178.31
173.28
181.95
171.83
180.28
175.06
176.55
178.66
172.89
182.47
171.69
179.86
175.45
176.11
179.19
172.39
182.45
172.16
179.42
175.78
175.81
179.58
172.03
182.47
172.47
179.11
175.00
175.41
179.91
171.86
182.34
172.89
178.69
176.52
175.03
179.98
170.58
180.36
172.11
176.70
175.55
173.28
179.03
170.61
179.95
172.33
176.50
175.95
172.81
179.44
170.62
179.53
172.77
176.05
176.38
172.48
179.83
170.53
179.25
173.09
175.62
176.67
172.16
180.33
170.55
178.78
173.48
175.31
177.00
171.75
180.61
170.62
178.47
173.88
174.89
177.38
171.41
180.80
170.70
178.11
174.38
174.47
177.78
171.00
180.84
171.06
177.67
174.59
174.23
178.27
170.55
180.84
171.41
177.38
174.97
173.80
178.61
170.64
180.44
171.83
176.94
175.33
173.45
178.88
168.89
180.19
172.30
176.50
175.75
173.06
179.22
170.61
179.77
172.61
176.23
176.16
172.59
179.67
170.53
179.42
172.92
175.86
176.59
172.27
180.05
170.55
179.03
173.25
175.48
176.83
171.97
180.50
170.59
178.55
173.72
175.14
177.14
171.58
180.86
170.61
178.23
174.09
174.62
177.62
171.22
180.78
170.89
177.92
174.53
174.33
177.98
169.41
180.83
171.27
177.50
174.84
174.00
178.41
170.53
180.69
171.61
177.16
175.17
173.61
178.86
170.56
180.25
172.02
176.78
175.50
173.25
179.08
170.58
180.02
172.45
176.31
175.94
172.89
179.23
168.97
177.83
171.39
174.05
175.14
170.30
178.78
168.95
176.84
172.27
173.16
176.12
169.38
179.14
169.53
175.88
173.25
172.17
176.98
168.98
178.72
170.44
174.98
174.17
171.20
177.89
168.95
177.75
171.53
173.94
175.17
170.20
178.92
168.91
176.81
172.31
173.08
176.17
169.30
179.17
169.58
175.78
173.36
172.06
177.17
169.00
178.47
170.64
174.80
174.28
171.14
177.98
168.94
177.69
171.62
173.84
175.20
170.16
179.20
168.73
176.67
172.52
172.94
176.28
169.11
179.25
169.69
175.69
173.41
171.97
177.34
168.89
178.44
170.72
174.66
174.41
171.02
178.11
168.97
177.55
171.72
173.77
175.36
170.05
179.12
168.86
176.56
172.69
172.80
176.36
168.98
179.25
169.81
175.59
173.50
171.91
177.39
168.92
178.34
170.77
174.59
174.53
170.89
178.30
164.67
175.73
173.41
172.66
176.62
169.39
175.67
171.23
174.92
174.17
171.81
177.33
169.02
177.17
171.97
174.09
174.98
170.98
177.52
169.61
176.41
172.80
173.30
168.80
169.91
177.20
171.09
175.02
174.08
172.03
177.08
169.11
177.19
171.80
174.38
174.84
171.31
177.38
169.36
176.56
171.27
173.08
172.83
169.34
176.64
167.23
163.50
171.16
171.05
174.86
167.64
176.66
169.03
173.53
172.25
170.20
175.61
167.33
176.27
169.61
172.83
173.17
169.25
176.55
167.34
175.17
170.62
171.92
173.98
164.03
177.61
167.36
174.84
171.16
170.98
174.80
167.34
177.53
168.27
173.86
172.06
170.12
175.83
167.19
176.62
169.31
172.81
173.00
169.11
176.83
167.36
175.59
166.11
171.56
174.22
167.91
177.58
167.67
174.47
171.41
170.75
175.25
167.34
177.14
168.64
173.48
172.34
169.78
176.20
167.25
176.25
169.72
172.39
173.39
168.75
173.11
167.17
174.97
170.84
171.28
174.69
167.44
177.62
168.14
174.00
171.83
170.31
175.50
167.31
176.91
169.02
173.14
172.78
169.34
176.48
167.31
175.88
170.08
172.05
173.77
168.36
177.58
167.20
174.94
169.56
171.11
174.83
167.34
177.61
168.28
173.81
172.03
170.09
175.70
167.31
176.69
169.25
172.94
172.97
169.12
176.72
167.27
175.72
170.16
172.03
173.89
168.23
177.59
167.33
174.78
171.08
171.03
174.97
167.23
177.61
168.34
173.73
172.03
170.08
175.78
167.31
176.64
169.36
172.83
172.31
167.45
175.12
165.66
173.98
167.02
170.17
172.45
166.44
175.91
165.86
173.02
169.53
169.30
173.42
165.66
175.73
166.84
172.05
170.53
168.31
174.22
165.70
174.83
167.88
171.05
171.47
167.41
175.19
165.64
173.89
168.83
170.09
172.52
166.38
175.91
165.92
172.92
169.61
169.23
173.47
165.70
175.64
166.86
172.02
170.61
168.17
174.45
165.70
174.72
167.92
170.97
171.55
167.25
175.30
165.69
173.77
168.91
170.06
172.55
166.25
175.94
166.00
172.78
169.81
169.14
173.55
165.69
175.56
166.95
171.83
170.72
168.12
174.62
165.61
174.66
167.97
170.84
171.70
167.11
175.44
165.66
173.78
168.95
169.89
172.62
166.16
175.92
166.16
172.70
170.02
168.94
173.67
165.66
175.41
167.14
171.69
170.84
168.02
174.67
165.70
174.47
168.06
170.73
171.86
167.03
175.55
165.70
173.59
169.09
169.70
172.81
166.06
175.91
166.25
172.62
170.08
168.83
173.78
165.61
175.33
167.27
171.61
170.94
167.95
174.75
165.70
174.30
168.22
170.66
171.92
166.95
175.73
165.64
173.42
169.23
169.61
172.91
165.98
175.91
166.33
172.52
170.19
168.69
173.56
164.05
173.64
165.62
169.94
169.44
166.20
173.19
164.02
172.69
166.61
168.89
170.38
165.20
174.25
164.03
171.64
167.62
167.88
170.83
164.47
173.67
164.27
171.25
168.09
167.53
171.86
164.03
174.00
165.28
170.23
169.02
166.58
172.84
164.02
173.05
166.25
169.33
169.97
165.61
173.67
159.72
173.62
165.64
169.95
169.34
166.22
173.16
164.08
172.70
166.56
167.31
170.30
165.20
174.30
163.84
171.70
167.69
167.95
171.31
164.28
174.25
164.81
170.78
168.56
167.09
172.25
164.08
173.55
165.70
169.86
169.44
165.03
173.39
164.05
172.45
166.81
168.78
170.47
165.11
174.27
162.58
171.55
167.83
167.77
171.58
164.03
174.25
165.02
170.58
168.72
166.94
172.48
164.03
173.36
165.89
169.67
169.62
165.92
173.48
164.03
172.41
166.88
168.67
170.62
164.91
174.30
164.14
171.44
167.95
167.67
171.61
163.98
174.25
165.11
170.48
168.84
166.81
172.52
164.11
173.27
165.98
169.58
169.72
165.81
173.58
164.09
172.19
167.06
168.50
170.77
164.83
174.27
164.23
171.39
168.03
167.58
171.69
164.08
174.08
165.19
170.39
168.23
164.83
170.86
162.36
170.84
164.78
167.09
168.53
163.33
172.25
162.64
169.27
166.34
165.59
170.03
162.38
171.67
164.03
167.88
167.80
164.11
171.53
162.41
170.16
165.48
166.42
169.36
162.55
172.36
163.09
168.70
166.94
164.94
170.72
162.39
171.05
164.75
167.23
168.41
163.38
172.28
162.34
169.53
166.28
165.67
169.98
162.38
171.72
163.91
168.02
167.61
164.25
171.56
162.41
170.19
165.42
166.48
169.14
162.77
172.19
163.14
168.91
166.72
165.03
170.64
162.38
171.16
164.52
167.36
168.42
163.61
172.16
162.23
169.69
165.97
165.84
169.80
162.41
171.92
163.88
168.09
167.53
164.39
171.23
162.38
170.45
165.38
166.53
169.11
162.83
172.19
162.97
167.26
166.69
165.23
170.56
162.42
163.94
164.83
167.08
168.73
163.17
172.34
162.48
169.33
166.31
165.56
170.06
162.39
171.70
164.12
167.88
167.75
164.02
171.59
162.39
170.16
165.62
166.33
169.33
162.62
172.14
163.23
168.69
166.94
164.91
170.83
162.42
170.91
164.69
167.20
168.45
163.45
172.20
162.47
169.58
166.11
165.62
170.02
162.38
171.78
163.86
168.02
167.11
162.56
169.78
160.70
168.59
163.78
164.88
167.48
161.11
170.61
161.53
167.20
165.16
163.33
169.03
160.72
169.48
163.06
165.56
166.80
161.91
170.61
160.53
167.98
164.39
164.30
168.27
160.67
170.23
162.12
166.56
165.81
162.72
169.77
160.70
168.88
163.55
164.97
167.41
161.25
170.59
161.25
167.31
165.19
163.59
168.80
160.75
169.53
162.77
165.86
166.58
162.06
170.66
160.52
168.11
164.19
164.34
168.05
160.75
170.41
162.12
166.58
165.70
162.94
169.47
160.75
168.89
163.45
165.22
167.25
161.38
170.61
161.19
167.42
164.92
163.64
168.80
160.84
169.59
162.77
165.89
166.45
162.17
170.16
160.75
168.28
164.28
164.34
167.95
160.67
170.61
161.83
166.77
165.67
161.52
169.62
159.33
168.95
163.48
165.06
167.30
161.34
170.58
117.00
120.20
18.98
0.00
0.00
0.00
0.00
0.00
159.80
160.73
168.72
163.84
164.92
167.42
161.06
170.59
161.42
167.22
165.12
163.50
169.05
160.72
169.55
162.81
165.69
166.67
161.97
170.58
160.70
167.98
164.39
162.64
168.08
160.72
170.31
162.05
166.61
165.94
162.69
169.67
160.69
168.91
163.47
165.06
167.39
161.39
170.56
158.20
166.33
162.98
161.50
167.78
157.47
169.86
159.62
165.00
164.30
160.23
169.06
157.45
168.64
160.67
163.97
165.52
159.06
170.22
157.47
165.98
162.02
162.50
166.78
157.80
170.62
158.55
165.97
163.31
161.30
167.98
157.47
169.62
159.86
164.86
164.45
160.02
169.27
157.45
168.38
160.92
163.66
165.84
158.72
170.59
157.44
167.12
162.16
162.39
166.98
157.72
170.59
158.56
165.94
163.34
161.14
168.17
157.45
169.48
160.02
164.61
164.67
159.89
169.39
157.45
168.27
161.05
163.62
165.86
158.66
170.61
157.45
167.02
162.28
162.25
167.25
157.36
170.61
158.78
165.73
163.56
161.03
168.25
157.47
169.45
160.05
164.58
164.70
159.77
169.53
157.45
168.12
161.30
163.33
166.05
158.48
170.58
157.69
166.89
162.39
162.12
167.38
157.47
170.47
158.81
165.66
163.62
160.88
168.44
157.50
169.28
160.16
164.34
164.94
159.67
169.62
157.45
168.02
161.47
163.25
166.06
158.41
170.61
157.72
166.77
162.53
162.08
167.44
157.45
170.25
159.03
165.50
163.80
160.77
168.64
157.50
169.12
160.22
163.81
164.47
159.55
168.47
157.44
166.50
158.42
163.47
161.77
159.95
165.45
157.48
165.81
159.42
162.36
162.88
158.83
166.39
157.47
164.81
160.62
161.20
164.03
157.64
166.94
158.11
163.58
161.77
160.06
165.25
155.93
165.89
159.31
162.44
162.81
158.89
166.55
157.47
164.80
160.42
161.28
163.95
157.73
166.91
158.09
163.77
161.64
160.06
165.16
157.47
165.98
159.23
162.50
162.95
158.97
166.25
157.47
164.86
160.38
161.34
163.89
157.86
166.94
158.08
163.73
161.52
160.16
165.06
157.47
166.08
159.30
162.53
162.77
159.03
166.19
157.47
164.91
160.31
161.42
164.02
150.83
166.94
158.30
163.39
162.05
159.81
165.41
157.47
165.73
159.48
162.22
163.03
158.77
166.67
157.45
164.58
160.66
161.09
164.14
157.55
166.91
158.38
163.53
161.77
159.89
165.33
157.47
165.83
159.41
162.31
163.12
158.75
166.48
157.47
164.62
160.59
161.17
164.09
157.77
166.89
158.20
162.52
160.86
159.66
163.72
157.45
164.64
158.95
161.78
161.59
158.94
164.42
157.45
163.92
159.47
161.16
162.44
158.23
165.25
156.05
163.12
160.25
160.28
163.09
157.47
165.30
158.28
162.36
161.00
159.53
163.84
157.47
164.48
158.98
161.77
161.72
158.81
164.55
157.45
163.78
159.59
160.94
162.66
158.08
165.25
157.50
163.03
160.34
160.19
163.17
157.50
165.30
158.25
162.33
161.05
159.47
163.91
157.45
164.42
159.16
161.58
161.80
158.73
164.64
157.45
163.70
159.67
160.91
162.67
158.03
165.22
157.58
162.95
160.42
160.11
163.36
157.50
165.17
158.28
162.23
161.12
159.41
163.97
157.47
164.34
159.23
161.48
161.89
158.64
164.73
155.89
163.61
159.78
160.91
162.66
157.95
165.19
157.69
162.86
160.52
160.03
163.53
157.47
165.02
158.36
162.16
161.22
159.31
164.05
157.47
164.34
159.23
161.41
161.97
158.56
164.77
155.41
161.81
158.05
158.92
160.92
155.81
163.62
155.67
161.05
158.69
158.06
161.89
155.42
163.27
156.47
160.28
159.45
157.30
162.47
155.45
162.62
157.27
159.52
160.22
156.52
163.22
155.41
161.73
158.23
158.73
160.98
155.77
163.61
155.78
160.95
158.78
158.06
161.89
155.41
163.20
156.55
160.17
159.56
157.22
162.66
155.44
162.47
157.33
159.42
160.31
156.44
163.30
155.42
161.66
158.28
158.67
161.06
155.69
163.61
155.86
160.88
158.92
158.03
161.88
155.41
163.11
156.62
160.09
159.64
157.12
162.83
155.42
162.33
157.41
159.31
160.42
156.36
163.61
155.17
161.69
158.27
158.55
161.20
155.59
163.61
155.94
160.80
159.09
157.88
161.94
155.41
163.02
156.72
160.02
159.72
157.05
162.91
155.41
162.27
157.48
159.25
160.48
156.28
163.61
155.33
161.62
158.27
158.47
161.27
155.52
163.59
156.03
160.72
159.25
157.70
161.84
154.17
161.31
155.52
158.48
158.33
155.72
161.30
154.17
160.59
156.23
157.75
159.06
154.92
161.97
154.28
159.91
156.95
157.00
159.81
154.19
161.97
154.84
159.14
157.88
156.30
160.53
154.17
161.27
155.55
158.42
158.45
155.70
161.28
154.17
160.53
156.30
157.67
159.14
154.83
161.98
154.39
158.18
157.05
156.97
159.86
154.11
161.97
154.91
159.17
157.86
156.23
160.58
154.19
161.17
155.64
158.33
157.92
155.42
161.31
154.17
160.44
156.39
157.59
159.22
154.77
162.00
154.44
159.70
157.11
156.88
159.95
154.17
161.83
155.08
159.11
157.84
156.12
160.69
154.17
161.09
155.72
158.27
158.77
155.41
161.41
154.19
160.38
156.44
157.53
159.30
154.78
162.00
154.42
159.64
157.17
156.80
160.03
154.17
161.73
155.27
158.92
157.92
156.06
160.75
154.17
161.02
155.81
158.20
158.83
155.34
161.47
154.17
160.30
156.53
157.44
158.95
153.11
160.34
152.77
157.92
155.62
155.08
158.47
152.53
160.03
153.72
157.20
156.34
154.34
159.19
152.53
159.31
154.23
156.59
155.92
153.61
159.94
152.53
158.58
154.97
155.73
157.97
152.92
160.36
152.84
157.84
155.70
155.00
158.55
152.53
160.00
153.75
157.11
156.44
154.27
159.27
152.53
159.23
154.41
155.20
157.16
153.55
160.00
152.53
158.48
155.06
155.66
158.09
152.81
160.33
152.94
157.77
155.78
154.91
158.62
152.56
160.00
153.72
157.05
156.50
154.17
159.38
152.53
159.14
154.59
156.33
157.23
153.45
160.34
152.28
158.41
155.14
155.59
158.14
152.73
160.33
153.03
157.67
155.86
154.84
158.78
152.58
159.89
153.73
156.95
156.59
154.11
159.42
152.55
159.06
154.69
156.23
157.30
153.39
160.31
152.39
158.33
155.20
155.62
158.14
152.66
160.31
151.58
157.59
155.95
154.75
158.95
152.58
159.70
153.83
156.88
155.25
150.84
156.61
149.27
156.11
151.55
153.06
154.39
150.08
157.45
149.19
155.28
152.27
152.41
155.16
149.30
157.47
149.94
154.52
152.94
151.53
156.12
149.25
156.75
150.70
153.75
153.70
150.77
156.69
149.30
156.09
151.53
152.98
154.47
149.98
157.47
148.30
155.19
152.45
152.23
155.22
149.23
157.45
150.03
154.44
153.02
151.48
156.17
149.27
156.66
150.80
153.66
153.78
150.69
156.86
149.30
155.98
151.56
152.91
154.55
149.91
157.45
149.34
155.12
152.53
152.12
155.33
149.25
157.34
150.11
149.03
151.97
152.59
154.86
149.59
150.83
150.19
154.48
152.97
151.48
155.97
149.27
156.69
150.81
153.83
153.78
150.72
156.72
149.27
155.94
151.52
152.94
154.72
149.95
157.47
149.30
155.16
152.30
152.17
155.27
149.25
157.50
150.17
154.39
153.06
151.41
156.05
149.27
156.61
150.98
153.69
153.83
150.62
156.83
149.25
155.84
150.78
152.17
154.42
148.73
157.45
148.22
154.73
151.66
151.30
155.14
148.06
157.41
149.11
153.86
152.53
150.41
155.98
148.03
156.39
150.20
152.95
153.42
149.53
156.86
148.03
155.52
150.88
151.67
153.67
148.64
157.45
148.31
154.64
151.75
151.20
155.33
148.06
157.22
149.20
153.75
152.64
150.31
156.08
148.02
156.33
150.27
152.88
153.52
149.44
156.95
148.03
155.42
151.03
152.11
154.42
148.55
157.45
146.94
154.55
151.84
151.11
155.48
148.03
157.09
149.30
153.66
152.73
150.22
156.17
148.03
156.33
150.25
152.78
153.61
149.34
157.05
148.03
155.33
151.23
151.92
154.50
148.45
157.45
148.45
153.20
152.03
150.92
155.61
148.06
156.95
149.45
153.50
152.91
150.05
156.34
148.02
156.06
150.53
152.59
153.80
149.16
157.47
147.80
155.14
151.31
151.84
154.67
148.30
157.44
148.69
154.27
152.12
150.83
155.77
148.03
156.83
148.23
151.52
151.14
148.22
154.42
146.39
154.08
148.77
150.67
151.98
147.38
155.41
146.25
153.09
149.72
149.86
152.83
146.53
155.41
147.09
152.27
150.39
148.98
153.86
146.39
154.70
147.94
151.42
151.23
148.12
154.58
146.42
153.97
148.78
150.58
152.08
147.28
155.41
145.41
153.02
149.83
149.73
152.92
146.44
155.41
147.19
152.17
150.48
148.98
152.64
146.38
150.56
148.42
151.11
151.66
147.73
154.91
146.39
153.47
149.19
150.17
152.67
146.88
155.41
146.75
152.62
150.03
149.33
153.31
146.41
155.20
147.62
151.77
150.89
148.48
154.16
146.39
154.23
148.59
150.95
151.72
147.62
155.03
146.38
153.39
149.27
150.12
152.72
146.81
155.38
146.84
152.55
150.11
149.25
153.47
146.44
155.06
147.67
151.66
150.98
148.41
154.25
146.38
154.14
148.72
150.86
151.78
147.53
155.12
146.39
153.28
149.38
150.11
152.72
146.72
155.38
146.95
151.41
149.39
148.77
152.19
146.42
152.03
147.23
150.91
149.88
148.31
152.48
146.39
153.11
147.88
150.45
150.34
147.81
152.97
146.39
152.58
148.31
150.05
150.84
147.34
153.45
146.38
152.08
148.72
149.47
151.52
146.86
153.75
146.56
151.62
149.17
148.98
151.81
146.48
153.80
147.08
151.12
149.67
148.52
152.28
145.19
153.22
147.56
150.72
150.27
147.98
152.81
146.39
152.73
148.05
150.12
150.83
147.55
153.28
146.39
152.27
148.53
149.62
151.16
147.02
153.81
146.55
151.78
149.02
149.16
151.64
146.53
153.77
146.95
151.42
149.48
148.69
152.11
146.39
153.42
147.36
150.81
150.17
148.19
152.59
146.39
152.94
147.84
150.33
150.45
147.83
153.17
146.38
152.47
148.33
149.84
150.94
147.23
153.77
146.38
152.00
148.80
149.36
151.42
146.75
153.77
146.66
151.58
149.42
148.89
151.89
146.39
153.66
147.14
151.02
149.03
147.00
151.08
144.75
151.91
146.06
149.16
148.83
146.38
151.80
144.75
151.41
146.56
148.64
149.34
145.88
152.11
144.78
151.02
147.11
148.14
149.84
145.36
152.55
144.81
150.39
147.78
147.64
150.34
144.86
152.53
145.33
149.89
148.09
147.17
151.00
144.75
152.14
145.84
149.36
148.61
146.61
151.47
144.78
151.70
146.34
148.86
149.11
146.09
151.88
144.75
151.12
147.06
148.36
149.61
145.61
151.48
144.59
150.62
147.39
147.98
150.16
145.09
152.53
145.09
150.12
147.86
147.34
150.83
144.75
152.38
145.59
149.61
148.38
146.84
151.14
144.73
150.46
146.22
149.09
148.88
146.34
151.64
144.75
151.34
146.77
148.28
146.77
150.56
147.42
147.80
150.23
145.16
152.56
145.14
150.06
147.92
147.30
150.67
144.75
152.31
145.86
147.27
146.61
148.62
145.58
148.75
149.41
146.02
151.98
144.75
151.02
146.95
148.25
149.20
143.66
148.89
143.12
147.33
145.05
145.30
147.08
143.25
148.84
143.52
147.03
145.41
144.94
147.45
143.11
148.62
143.73
146.59
145.98
144.56
147.81
143.11
148.25
144.12
146.22
146.19
144.30
148.25
143.09
147.89
144.50
145.83
146.55
143.80
148.77
143.11
147.52
144.86
145.47
146.91
143.44
148.84
142.62
147.33
145.05
145.28
147.12
143.36
148.89
143.41
146.95
145.42
144.91
147.47
143.11
148.61
143.95
146.58
145.81
144.53
147.84
143.11
148.23
144.14
146.27
146.31
144.16
148.22
143.11
147.88
144.50
145.83
146.66
143.88
148.84
142.84
146.59
144.73
145.70
146.67
143.66
148.84
142.98
147.36
145.17
145.36
147.06
143.28
148.84
143.36
146.98
145.39
144.95
147.62
143.11
148.27
143.72
146.62
145.77
144.58
147.84
143.14
148.39
144.09
146.23
146.14
144.20
148.17
143.11
147.91
144.67
145.86
146.52
143.83
148.55
141.45
146.28
143.30
144.23
145.52
142.03
147.61
141.39
146.05
143.53
143.91
145.80
141.84
147.62
141.61
145.83
143.73
143.69
145.89
141.56
147.64
142.02
145.59
143.97
143.48
146.09
141.47
147.48
142.14
145.48
142.79
143.23
146.31
141.47
147.28
142.28
145.16
144.61
143.03
146.53
141.47
147.05
142.52
144.92
144.66
142.88
146.88
141.47
146.83
142.73
144.70
144.88
142.56
147.11
141.52
146.64
142.95
144.48
145.08
142.36
147.22
141.45
146.39
143.38
144.25
145.31
142.12
147.62
141.28
146.16
143.47
144.14
145.56
141.89
147.62
141.52
145.92
143.64
143.80
145.97
141.67
147.61
141.75
145.69
143.88
143.58
145.98
141.52
147.66
142.06
145.47
144.09
143.34
146.22
141.47
147.38
142.33
145.31
144.31
143.12
146.44
141.47
145.95
142.42
145.02
144.73
142.92
146.64
141.47
146.92
142.64
144.80
144.81
142.80
146.80
139.83
144.70
141.12
142.72
143.09
140.75
145.27
139.83
144.50
141.33
142.52
143.31
140.52
145.31
139.81
144.39
141.62
142.31
143.52
140.31
145.58
139.75
144.08
141.89
142.16
143.72
140.12
145.56
139.97
143.86
141.97
141.88
144.12
139.91
145.56
140.19
143.66
142.17
141.67
144.19
139.86
145.56
140.39
143.44
142.38
141.47
144.36
139.83
