read_job: (g=0): rw=read, bs=16K-16K/16K-16K/16K-16K, ioengine=libaio, iodepth=64
fio-2.1.10
Starting 1 process

read_job: (groupid=0, jobs=1): err= 0: pid=20396: Fri Oct  2 04:39:41 2015
  read : io=597228MB, bw=169878KB/s, iops=10617, runt=3600008msec
    slat (usec): min=0, max=493, avg= 5.39, stdev= 1.39
    clat (usec): min=2809, max=51847, avg=6020.99, stdev=763.14
     lat (usec): min=2828, max=51856, avg=6026.60, stdev=763.14
    clat percentiles (usec):
     |  1.00th=[ 4640],  5.00th=[ 4768], 10.00th=[ 4896], 20.00th=[ 5152],
     | 30.00th=[ 5600], 40.00th=[ 5920], 50.00th=[ 6112], 60.00th=[ 6240],
     | 70.00th=[ 6432], 80.00th=[ 6752], 90.00th=[ 7072], 95.00th=[ 7200],
     | 99.00th=[ 7392], 99.50th=[ 7456], 99.90th=[ 8256], 99.95th=[ 8640],
     | 99.99th=[ 9024]
    bw (KB  /s): min=142912, max=195264, per=100.00%, avg=169930.96, stdev=13496.10
    lat (msec) : 4=0.01%, 10=99.99%, 20=0.01%, 50=0.01%, 100=0.01%
  cpu          : usr=4.18%, sys=11.21%, ctx=19783327, majf=0, minf=284
  IO depths    : 1=0.1%, 2=0.1%, 4=0.1%, 8=0.1%, 16=0.1%, 32=0.1%, >=64=100.0%
     submit    : 0=0.0%, 4=100.0%, 8=0.0%, 16=0.0%, 32=0.0%, 64=0.0%, >=64=0.0%
     complete  : 0=0.0%, 4=100.0%, 8=0.0%, 16=0.0%, 32=0.0%, 64=0.1%, >=64=0.0%
     issued    : total=r=38222570/w=0/d=0, short=r=0/w=0/d=0
     latency   : target=0, window=0, percentile=100.00%, depth=64

Run status group 0 (all jobs):
   READ: io=597228MB, aggrb=169877KB/s, minb=169877KB/s, maxb=169877KB/s, mint=3600008msec, maxt=3600008msec

Disk stats (read/write):
  sdd: ios=19708098/0, merge=18513598/0, ticks=118313184/0, in_queue=118304816, util=100.00%
