write_job: (g=0): rw=write, bs=16K-16K/16K-16K/16K-16K, ioengine=libaio, iodepth=64
fio-2.1.10
Starting 1 process

write_job: (groupid=0, jobs=1): err= 0: pid=19914: Fri Oct  2 01:39:38 2015
  write: io=594985MB, bw=169240KB/s, iops=10577, runt=3600008msec
    slat (usec): min=1, max=229, avg= 6.12, stdev= 1.52
    clat (usec): min=528, max=49107, avg=6042.89, stdev=914.56
     lat (usec): min=539, max=49112, avg=6049.24, stdev=914.55
    clat percentiles (usec):
     |  1.00th=[ 4704],  5.00th=[ 4832], 10.00th=[ 4896], 20.00th=[ 5152],
     | 30.00th=[ 5536], 40.00th=[ 5920], 50.00th=[ 6112], 60.00th=[ 6240],
     | 70.00th=[ 6496], 80.00th=[ 6752], 90.00th=[ 7072], 95.00th=[ 7200],
     | 99.00th=[ 7392], 99.50th=[ 7712], 99.90th=[15040], 99.95th=[15424],
     | 99.99th=[23424]
    bw (KB  /s): min=101472, max=195680, per=100.00%, avg=169288.88, stdev=13892.68
    lat (usec) : 750=0.01%, 1000=0.01%
    lat (msec) : 2=0.01%, 4=0.01%, 10=99.70%, 20=0.29%, 50=0.02%
  cpu          : usr=5.64%, sys=10.80%, ctx=19713554, majf=0, minf=28
  IO depths    : 1=0.1%, 2=0.1%, 4=0.1%, 8=0.1%, 16=0.1%, 32=0.1%, >=64=100.0%
     submit    : 0=0.0%, 4=100.0%, 8=0.0%, 16=0.0%, 32=0.0%, 64=0.0%, >=64=0.0%
     complete  : 0=0.0%, 4=100.0%, 8=0.0%, 16=0.0%, 32=0.0%, 64=0.1%, >=64=0.0%
     issued    : total=r=0/w=38079040/d=0, short=r=0/w=0/d=0
     latency   : target=0, window=0, percentile=100.00%, depth=64

Run status group 0 (all jobs):
  WRITE: io=594985MB, aggrb=169239KB/s, minb=169239KB/s, maxb=169239KB/s, mint=3600008msec, maxt=3600008msec

Disk stats (read/write):
  sdd: ios=84/19634163, merge=0/18444055, ticks=4/118289484, in_queue=118280748, util=100.00%
