write_job: (g=0): rw=write, bs=16K-16K/16K-16K/16K-16K, ioengine=libaio, iodepth=128
fio-2.1.10
Starting 1 process

write_job: (groupid=0, jobs=1): err= 0: pid=20079: Fri Oct  2 02:39:39 2015
  write: io=595095MB, bw=169271KB/s, iops=10579, runt=3600015msec
    slat (usec): min=1, max=262, avg= 5.80, stdev= 2.07
    clat (usec): min=933, max=56105, avg=12091.70, stdev=1345.83
     lat (usec): min=942, max=56111, avg=12097.72, stdev=1345.86
    clat percentiles (usec):
     |  1.00th=[10432],  5.00th=[10432], 10.00th=[10688], 20.00th=[11072],
     | 30.00th=[11200], 40.00th=[11584], 50.00th=[11840], 60.00th=[12224],
     | 70.00th=[12608], 80.00th=[13120], 90.00th=[13632], 95.00th=[14272],
     | 99.00th=[14912], 99.50th=[19328], 99.90th=[22400], 99.95th=[25984],
     | 99.99th=[31104]
    bw (KB  /s): min=101408, max=195680, per=100.00%, avg=169350.01, stdev=13910.46
    lat (usec) : 1000=0.01%
    lat (msec) : 2=0.01%, 4=0.01%, 10=0.01%, 20=99.57%, 50=0.42%
    lat (msec) : 100=0.01%
  cpu          : usr=5.02%, sys=8.75%, ctx=9895627, majf=0, minf=28
  IO depths    : 1=0.1%, 2=0.1%, 4=0.1%, 8=0.1%, 16=0.1%, 32=0.1%, >=64=100.0%
     submit    : 0=0.0%, 4=100.0%, 8=0.0%, 16=0.0%, 32=0.0%, 64=0.0%, >=64=0.0%
     complete  : 0=0.0%, 4=100.0%, 8=0.0%, 16=0.0%, 32=0.0%, 64=0.0%, >=64=0.1%
     issued    : total=r=0/w=38086111/d=0, short=r=0/w=0/d=0
     latency   : target=0, window=0, percentile=100.00%, depth=128

Run status group 0 (all jobs):
  WRITE: io=595095MB, aggrb=169270KB/s, minb=169270KB/s, maxb=169270KB/s, mint=3600015msec, maxt=3600015msec

Disk stats (read/write):
  sdd: ios=84/9819024, merge=0/28266896, ticks=4/118472584, in_queue=118467736, util=100.00%
