randwrite_job: (g=0): rw=randwrite, bs=4K-4K/4K-4K/4K-4K, ioengine=libaio, iodepth=16
fio-2.1.10
Starting 1 process

fio: terminating on signal 2

randwrite_job: (groupid=0, jobs=1): err= 0: pid=5583: Thu Oct  1 01:11:10 2015
  write: io=195896KB, bw=669115B/s, iops=163, runt=299795msec
    slat (usec): min=1, max=84, avg=31.01, stdev= 5.32
    clat (msec): min=10, max=182, avg=97.90, stdev=13.91
     lat (msec): min=10, max=183, avg=97.93, stdev=13.91
    clat percentiles (msec):
     |  1.00th=[   74],  5.00th=[   80], 10.00th=[   83], 20.00th=[   87],
     | 30.00th=[   90], 40.00th=[   93], 50.00th=[   96], 60.00th=[   99],
     | 70.00th=[  104], 80.00th=[  110], 90.00th=[  119], 95.00th=[  125],
     | 99.00th=[  135], 99.50th=[  137], 99.90th=[  145], 99.95th=[  147],
     | 99.99th=[  157]
    bw (KB  /s): min=  496, max=  804, per=100.00%, avg=653.66, stdev=52.96
    lat (msec) : 20=0.01%, 50=0.02%, 100=61.70%, 250=38.28%
  cpu          : usr=0.28%, sys=0.85%, ctx=49633, majf=0, minf=26
  IO depths    : 1=0.1%, 2=0.1%, 4=0.1%, 8=0.1%, 16=100.0%, 32=0.0%, >=64=0.0%
     submit    : 0=0.0%, 4=100.0%, 8=0.0%, 16=0.0%, 32=0.0%, 64=0.0%, >=64=0.0%
     complete  : 0=0.0%, 4=100.0%, 8=0.0%, 16=0.1%, 32=0.0%, 64=0.0%, >=64=0.0%
     issued    : total=r=0/w=48974/d=0, short=r=0/w=0/d=0
     latency   : target=0, window=0, percentile=100.00%, depth=16

Run status group 0 (all jobs):
  WRITE: io=195896KB, aggrb=653KB/s, minb=653KB/s, maxb=653KB/s, mint=299795msec, maxt=299795msec

Disk stats (read/write):
  sdd: ios=74/48937, merge=0/0, ticks=128/4789876, in_queue=4790588, util=100.00%
