randrw_job: (g=0): rw=randrw, bs=4K-4K/4K-4K/4K-4K, ioengine=libaio, iodepth=128
fio-2.1.10
Starting 1 process

randrw_job: (groupid=0, jobs=1): err= 0: pid=5945: Thu Oct  1 07:15:31 2015
  read : io=1166.4MB, bw=339635B/s, iops=82, runt=3601054msec
    slat (usec): min=0, max=91, avg=15.74, stdev= 6.72
    clat (msec): min=7, max=2772, avg=468.10, stdev=363.23
     lat (msec): min=7, max=2772, avg=468.11, stdev=363.23
    clat percentiles (msec):
     |  1.00th=[   39],  5.00th=[   75], 10.00th=[  109], 20.00th=[  167],
     | 30.00th=[  229], 40.00th=[  293], 50.00th=[  371], 60.00th=[  461],
     | 70.00th=[  578], 80.00th=[  725], 90.00th=[  955], 95.00th=[ 1172],
     | 99.00th=[ 1729], 99.50th=[ 1958], 99.90th=[ 2212], 99.95th=[ 2278],
     | 99.99th=[ 2409]
    bw (KB  /s): min=   35, max=  652, per=100.00%, avg=332.20, stdev=68.31
  write: io=1164.7MB, bw=339115B/s, iops=82, runt=3601054msec
    slat (usec): min=1, max=84, avg=17.41, stdev= 7.34
    clat (usec): min=201, max=4410.9K, avg=1077178.92, stdev=902412.98
     lat (usec): min=203, max=4410.9K, avg=1077196.91, stdev=902412.75
    clat percentiles (usec):
     |  1.00th=[  604],  5.00th=[26240], 10.00th=[91648], 20.00th=[218112],
     | 30.00th=[374784], 40.00th=[577536], 50.00th=[831488], 60.00th=[1155072],
     | 70.00th=[1531904], 80.00th=[1974272], 90.00th=[2473984], 95.00th=[2768896],
     | 99.00th=[3260416], 99.50th=[3391488], 99.90th=[3719168], 99.95th=[3817472],
     | 99.99th=[4046848]
    bw (KB  /s): min=   15, max=  801, per=100.00%, avg=331.63, stdev=102.98
    lat (usec) : 250=0.01%, 500=0.30%, 750=0.42%, 1000=0.32%
    lat (msec) : 2=0.58%, 4=0.11%, 10=0.17%, 20=0.43%, 50=2.06%
    lat (msec) : 100=5.28%, 250=18.15%, 500=22.24%, 750=14.25%, 1000=9.10%
    lat (msec) : 2000=16.67%, >=2000=9.93%
  cpu          : usr=0.30%, sys=0.58%, ctx=600125, majf=0, minf=26
  IO depths    : 1=0.1%, 2=0.1%, 4=0.1%, 8=0.1%, 16=0.1%, 32=0.1%, >=64=100.0%
     submit    : 0=0.0%, 4=100.0%, 8=0.0%, 16=0.0%, 32=0.0%, 64=0.0%, >=64=0.0%
     complete  : 0=0.0%, 4=100.0%, 8=0.0%, 16=0.0%, 32=0.0%, 64=0.0%, >=64=0.1%
     issued    : total=r=298595/w=298138/d=0, short=r=0/w=0/d=0
     latency   : target=0, window=0, percentile=100.00%, depth=128

Run status group 0 (all jobs):
   READ: io=1166.4MB, aggrb=331KB/s, minb=331KB/s, maxb=331KB/s, mint=3601054msec, maxt=3601054msec
  WRITE: io=1164.7MB, aggrb=331KB/s, minb=331KB/s, maxb=331KB/s, mint=3601054msec, maxt=3601054msec

Disk stats (read/write):
  sdd: ios=298675/298137, merge=0/1, ticks=139759104/321105756, in_queue=460871908, util=100.00%
