randwrite_job: (g=0): rw=randwrite, bs=4K-4K/4K-4K/4K-4K, ioengine=libaio, iodepth=128
fio-2.1.10
Starting 1 process

randwrite_job: (groupid=0, jobs=1): err= 0: pid=5769: Thu Oct  1 04:15:26 2015
  write: io=2358.9MB, bw=686898B/s, iops=167, runt=3600842msec
    slat (usec): min=1, max=726991, avg=52.16, stdev=1017.08
    clat (usec): min=275, max=5342.9K, avg=763204.48, stdev=403691.07
     lat (usec): min=286, max=5342.9K, avg=763257.43, stdev=403691.69
    clat percentiles (msec):
     |  1.00th=[  198],  5.00th=[  251], 10.00th=[  306], 20.00th=[  412],
     | 30.00th=[  519], 40.00th=[  627], 50.00th=[  734], 60.00th=[  848],
     | 70.00th=[  955], 80.00th=[ 1074], 90.00th=[ 1188], 95.00th=[ 1270],
     | 99.00th=[ 2040], 99.50th=[ 2769], 99.90th=[ 4178], 99.95th=[ 4686],
     | 99.99th=[ 5211]
    bw (KB  /s): min=  176, max= 1383, per=100.00%, avg=671.05, stdev=59.29
    lat (usec) : 500=0.01%
    lat (msec) : 2=0.01%, 4=0.01%, 10=0.01%, 20=0.01%, 50=0.01%
    lat (msec) : 100=0.01%, 250=4.91%, 500=23.24%, 750=23.10%, 1000=22.91%
    lat (msec) : 2000=24.77%, >=2000=1.05%
  cpu          : usr=0.37%, sys=0.88%, ctx=610626, majf=0, minf=26
  IO depths    : 1=0.1%, 2=0.1%, 4=0.1%, 8=0.1%, 16=0.1%, 32=0.1%, >=64=100.0%
     submit    : 0=0.0%, 4=100.0%, 8=0.0%, 16=0.0%, 32=0.0%, 64=0.0%, >=64=0.0%
     complete  : 0=0.0%, 4=100.0%, 8=0.0%, 16=0.0%, 32=0.0%, 64=0.0%, >=64=0.1%
     issued    : total=r=0/w=603861/d=0, short=r=0/w=0/d=0
     latency   : target=0, window=0, percentile=100.00%, depth=128

Run status group 0 (all jobs):
  WRITE: io=2358.9MB, aggrb=670KB/s, minb=670KB/s, maxb=670KB/s, mint=3600842msec, maxt=3600842msec

Disk stats (read/write):
  sdd: ios=34/603823, merge=0/4, ticks=63532/460836636, in_queue=460929916, util=100.00%
