randwrite_job: (g=0): rw=randwrite, bs=4K-4K/4K-4K/4K-4K, ioengine=libaio, iodepth=1
fio-2.1.10
Starting 1 process

randwrite_job: (groupid=0, jobs=1): err= 0: pid=5495: Thu Oct  1 00:06:09 2015
  write: io=2292.4MB, bw=667699B/s, iops=163, runt=3600001msec
    slat (usec): min=1, max=83, avg=28.49, stdev= 3.46
    clat (usec): min=69, max=30677, avg=6096.85, stdev=2460.98
     lat (usec): min=70, max=30707, avg=6126.13, stdev=2461.02
    clat percentiles (usec):
     |  1.00th=[  270],  5.00th=[ 1992], 10.00th=[ 3568], 20.00th=[ 4640],
     | 30.00th=[ 5152], 40.00th=[ 5536], 50.00th=[ 5920], 60.00th=[ 6368],
     | 70.00th=[ 6944], 80.00th=[ 7904], 90.00th=[ 8640], 95.00th=[ 9536],
     | 99.00th=[14272], 99.50th=[16512], 99.90th=[18048], 99.95th=[18560],
     | 99.99th=[20608]
    bw (KB  /s): min=  463, max= 1813, per=100.00%, avg=652.26, stdev=54.08
    lat (usec) : 100=0.02%, 250=0.08%, 500=4.22%, 750=0.01%, 1000=0.01%
    lat (msec) : 2=0.67%, 4=7.36%, 10=83.49%, 20=4.12%, 50=0.02%
  cpu          : usr=0.32%, sys=0.76%, ctx=593536, majf=0, minf=25
  IO depths    : 1=100.0%, 2=0.0%, 4=0.0%, 8=0.0%, 16=0.0%, 32=0.0%, >=64=0.0%
     submit    : 0=0.0%, 4=100.0%, 8=0.0%, 16=0.0%, 32=0.0%, 64=0.0%, >=64=0.0%
     complete  : 0=0.0%, 4=100.0%, 8=0.0%, 16=0.0%, 32=0.0%, 64=0.0%, >=64=0.0%
     issued    : total=r=0/w=586845/d=0, short=r=0/w=0/d=0
     latency   : target=0, window=0, percentile=100.00%, depth=1

Run status group 0 (all jobs):
  WRITE: io=2292.4MB, aggrb=652KB/s, minb=652KB/s, maxb=652KB/s, mint=3600001msec, maxt=3600001msec

Disk stats (read/write):
  sdd: ios=84/586816, merge=0/0, ticks=72/3561136, in_queue=3560380, util=98.96%
