randread_job: (g=0): rw=randread, bs=4K-4K/4K-4K/4K-4K, ioengine=libaio, iodepth=32
fio-2.1.10
Starting 1 process

randread_job: (groupid=0, jobs=1): err= 0: pid=5999: Thu Oct  1 08:15:32 2015
  read : io=2103.2MB, bw=612534B/s, iops=149, runt=3600231msec
    slat (usec): min=1, max=96, avg=22.79, stdev= 4.62
    clat (msec): min=7, max=2047, avg=213.95, stdev=192.81
     lat (msec): min=7, max=2047, avg=213.97, stdev=192.81
    clat percentiles (msec):
     |  1.00th=[   17],  5.00th=[   24], 10.00th=[   33], 20.00th=[   56],
     | 30.00th=[   85], 40.00th=[  120], 50.00th=[  161], 60.00th=[  208],
     | 70.00th=[  269], 80.00th=[  343], 90.00th=[  461], 95.00th=[  586],
     | 99.00th=[  889], 99.50th=[ 1020], 99.90th=[ 1369], 99.95th=[ 1500],
     | 99.99th=[ 1893]
    bw (KB  /s): min=  475, max=  704, per=100.00%, avg=598.31, stdev=29.10
    lat (msec) : 10=0.01%, 20=2.39%, 50=15.46%, 100=16.77%, 250=32.77%
    lat (msec) : 500=24.57%, 750=5.97%, 1000=1.50%, 2000=0.55%, >=2000=0.01%
  cpu          : usr=0.32%, sys=0.66%, ctx=543715, majf=0, minf=58
  IO depths    : 1=0.1%, 2=0.1%, 4=0.1%, 8=0.1%, 16=0.1%, 32=100.0%, >=64=0.0%
     submit    : 0=0.0%, 4=100.0%, 8=0.0%, 16=0.0%, 32=0.0%, 64=0.0%, >=64=0.0%
     complete  : 0=0.0%, 4=100.0%, 8=0.0%, 16=0.0%, 32=0.1%, 64=0.0%, >=64=0.0%
     issued    : total=r=538395/w=0/d=0, short=r=0/w=0/d=0
     latency   : target=0, window=0, percentile=100.00%, depth=32

Run status group 0 (all jobs):
   READ: io=2103.2MB, aggrb=598KB/s, minb=598KB/s, maxb=598KB/s, mint=3600231msec, maxt=3600231msec

Disk stats (read/write):
  sdd: ios=538376/0, merge=0/0, ticks=115179520/0, in_queue=115184276, util=100.00%
