randrw_job: (g=0): rw=randrw, bs=4K-4K/4K-4K/4K-4K, ioengine=libaio, iodepth=32
fio-2.1.10
Starting 1 process

randrw_job: (groupid=0, jobs=1): err= 0: pid=5859: Thu Oct  1 05:15:27 2015
  read : io=1155.3MB, bw=336456B/s, iops=82, runt=3600492msec
    slat (usec): min=1, max=82, avg=23.86, stdev= 5.08
    clat (msec): min=4, max=2145, avg=382.87, stdev=351.74
     lat (msec): min=4, max=2145, avg=382.89, stdev=351.74
    clat percentiles (msec):
     |  1.00th=[   15],  5.00th=[   27], 10.00th=[   44], 20.00th=[   87],
     | 30.00th=[  143], 40.00th=[  208], 50.00th=[  285], 60.00th=[  375],
     | 70.00th=[  486], 80.00th=[  627], 90.00th=[  857], 95.00th=[ 1074],
     | 99.00th=[ 1614], 99.50th=[ 1860], 99.90th=[ 2040], 99.95th=[ 2057],
     | 99.99th=[ 2089]
    bw (KB  /s): min=   45, max=  507, per=100.00%, avg=328.70, stdev=55.24
  write: io=1153.8MB, bw=336004B/s, iops=82, runt=3600492msec
    slat (usec): min=1, max=84, avg=26.04, stdev= 5.50
    clat (usec): min=96, max=285999, avg=6638.76, stdev=10482.16
     lat (usec): min=147, max=286005, avg=6665.51, stdev=10482.38
    clat percentiles (usec):
     |  1.00th=[  191],  5.00th=[  213], 10.00th=[  237], 20.00th=[  318],
     | 30.00th=[  820], 40.00th=[ 1400], 50.00th=[ 1528], 60.00th=[ 5280],
     | 70.00th=[ 6880], 80.00th=[10176], 90.00th=[17536], 95.00th=[25728],
     | 99.00th=[49920], 99.50th=[61696], 99.90th=[93696], 99.95th=[110080],
     | 99.99th=[150528]
    bw (KB  /s): min=   26, max=  761, per=100.00%, avg=328.20, stdev=83.24
    lat (usec) : 100=0.01%, 250=6.21%, 500=6.32%, 750=0.78%, 1000=5.94%
    lat (msec) : 2=5.83%, 4=1.50%, 10=13.22%, 20=7.71%, 50=7.85%
    lat (msec) : 100=5.85%, 250=11.63%, 500=12.83%, 750=7.48%, 1000=3.70%
    lat (msec) : 2000=2.99%, >=2000=0.17%
  cpu          : usr=0.33%, sys=0.75%, ctx=596700, majf=0, minf=26
  IO depths    : 1=0.1%, 2=0.1%, 4=0.1%, 8=0.1%, 16=0.1%, 32=100.0%, >=64=0.0%
     submit    : 0=0.0%, 4=100.0%, 8=0.0%, 16=0.0%, 32=0.0%, 64=0.0%, >=64=0.0%
     complete  : 0=0.0%, 4=100.0%, 8=0.0%, 16=0.0%, 32=0.1%, 64=0.0%, >=64=0.0%
     issued    : total=r=295754/w=295357/d=0, short=r=0/w=0/d=0
     latency   : target=0, window=0, percentile=100.00%, depth=32

Run status group 0 (all jobs):
   READ: io=1155.3MB, aggrb=328KB/s, minb=328KB/s, maxb=328KB/s, mint=3600492msec, maxt=3600492msec
  WRITE: io=1153.8MB, aggrb=328KB/s, minb=328KB/s, maxb=328KB/s, mint=3600492msec, maxt=3600492msec

Disk stats (read/write):
  sdd: ios=295829/295357, merge=0/0, ticks=113232040/1951044, in_queue=115184824, util=100.00%
