randwrite_job: (g=0): rw=randwrite, bs=4K-4K/4K-4K/4K-4K, ioengine=libaio, iodepth=32
fio-2.1.10
Starting 1 process

randwrite_job: (groupid=0, jobs=1): err= 0: pid=5687: Thu Oct  1 02:15:22 2015
  write: io=2293.8MB, bw=668067B/s, iops=163, runt=3600226msec
    slat (usec): min=1, max=80, avg=24.48, stdev= 3.13
    clat (usec): min=118, max=433724, avg=196161.19, stdev=23258.35
     lat (usec): min=130, max=433750, avg=196186.44, stdev=23258.43
    clat percentiles (msec):
     |  1.00th=[  153],  5.00th=[  163], 10.00th=[  169], 20.00th=[  178],
     | 30.00th=[  184], 40.00th=[  188], 50.00th=[  194], 60.00th=[  200],
     | 70.00th=[  206], 80.00th=[  217], 90.00th=[  229], 95.00th=[  239],
     | 99.00th=[  255], 99.50th=[  262], 99.90th=[  273], 99.95th=[  277],
     | 99.99th=[  285]
    bw (KB  /s): min=  355, max= 1740, per=100.00%, avg=652.59, stdev=54.61
    lat (usec) : 250=0.01%, 500=0.01%, 750=0.01%, 1000=0.01%
    lat (msec) : 2=0.02%, 4=0.01%, 20=0.01%, 50=0.01%, 100=0.01%
    lat (msec) : 250=98.11%, 500=1.86%
  cpu          : usr=0.37%, sys=0.74%, ctx=593269, majf=0, minf=26
  IO depths    : 1=0.1%, 2=0.1%, 4=0.1%, 8=0.1%, 16=0.1%, 32=100.0%, >=64=0.0%
     submit    : 0=0.0%, 4=100.0%, 8=0.0%, 16=0.0%, 32=0.0%, 64=0.0%, >=64=0.0%
     complete  : 0=0.0%, 4=100.0%, 8=0.0%, 16=0.0%, 32=0.1%, 64=0.0%, >=64=0.0%
     issued    : total=r=0/w=587206/d=0, short=r=0/w=0/d=0
     latency   : target=0, window=0, percentile=100.00%, depth=32

Run status group 0 (all jobs):
  WRITE: io=2293.8MB, aggrb=652KB/s, minb=652KB/s, maxb=652KB/s, mint=3600226msec, maxt=3600226msec

Disk stats (read/write):
  sdd: ios=84/587191, merge=0/0, ticks=4/115179516, in_queue=115181124, util=100.00%
