randwrite_job: (g=0): rw=randwrite, bs=4K-4K/4K-4K/4K-4K, ioengine=libaio, iodepth=4
fio-2.1.10
Starting 1 process

randwrite_job: (groupid=0, jobs=1): err= 0: pid=5541: Thu Oct  1 01:06:10 2015
  write: io=2293.3MB, bw=667946B/s, iops=163, runt=3600017msec
    slat (usec): min=1, max=83, avg=28.57, stdev= 3.60
    clat (usec): min=125, max=137261, avg=24491.05, stdev=4649.84
     lat (usec): min=137, max=137290, avg=24520.41, stdev=4649.88
    clat percentiles (usec):
     |  1.00th=[15936],  5.00th=[18048], 10.00th=[19328], 20.00th=[20608],
     | 30.00th=[21888], 40.00th=[22912], 50.00th=[23936], 60.00th=[24960],
     | 70.00th=[25984], 80.00th=[27776], 90.00th=[31616], 95.00th=[34048],
     | 99.00th=[36096], 99.50th=[37120], 99.90th=[40192], 99.95th=[41728],
     | 99.99th=[44800]
    bw (KB  /s): min=  494, max=  838, per=100.00%, avg=652.51, stdev=52.39
    lat (usec) : 250=0.01%, 500=0.01%
    lat (msec) : 4=0.01%, 10=0.01%, 20=14.71%, 50=85.28%, 250=0.01%
  cpu          : usr=0.31%, sys=0.77%, ctx=593792, majf=0, minf=26
  IO depths    : 1=0.1%, 2=0.1%, 4=100.0%, 8=0.0%, 16=0.0%, 32=0.0%, >=64=0.0%
     submit    : 0=0.0%, 4=100.0%, 8=0.0%, 16=0.0%, 32=0.0%, 64=0.0%, >=64=0.0%
     complete  : 0=0.0%, 4=100.0%, 8=0.0%, 16=0.0%, 32=0.0%, 64=0.0%, >=64=0.0%
     issued    : total=r=0/w=587065/d=0, short=r=0/w=0/d=0
     latency   : target=0, window=0, percentile=100.00%, depth=4

Run status group 0 (all jobs):
  WRITE: io=2293.3MB, aggrb=652KB/s, minb=652KB/s, maxb=652KB/s, mint=3600017msec, maxt=3600017msec

Disk stats (read/write):
  sdd: ios=74/587039, merge=0/0, ticks=128/14362648, in_queue=14362072, util=100.00%
