randrw_job: (g=0): rw=randrw, bs=4K-4K/4K-4K/4K-4K, ioengine=libaio, iodepth=64
fio-2.1.10
Starting 1 process

randrw_job: (groupid=0, jobs=1): err= 0: pid=5902: Thu Oct  1 06:15:29 2015
  read : io=1157.1MB, bw=337210B/s, iops=82, runt=3600777msec
    slat (usec): min=0, max=80, avg=15.43, stdev= 6.52
    clat (msec): min=7, max=2559, avg=461.23, stdev=361.37
     lat (msec): min=7, max=2559, avg=461.24, stdev=361.37
    clat percentiles (msec):
     |  1.00th=[   38],  5.00th=[   73], 10.00th=[  105], 20.00th=[  163],
     | 30.00th=[  223], 40.00th=[  289], 50.00th=[  367], 60.00th=[  457],
     | 70.00th=[  562], 80.00th=[  709], 90.00th=[  947], 95.00th=[ 1172],
     | 99.00th=[ 1713], 99.50th=[ 1958], 99.90th=[ 2180], 99.95th=[ 2245],
     | 99.99th=[ 2376]
    bw (KB  /s): min=   40, max=  544, per=100.00%, avg=329.51, stdev=57.50
  write: io=1156.3MB, bw=336695B/s, iops=82, runt=3600777msec
    slat (usec): min=1, max=95, avg=16.94, stdev= 7.14
    clat (usec): min=179, max=1978.7K, avg=316595.15, stdev=280839.32
     lat (usec): min=181, max=1978.7K, avg=316612.66, stdev=280838.62
    clat percentiles (usec):
     |  1.00th=[  462],  5.00th=[  988], 10.00th=[14912], 20.00th=[67072],
     | 30.00th=[120320], 40.00th=[177152], 50.00th=[238592], 60.00th=[317440],
     | 70.00th=[419840], 80.00th=[552960], 90.00th=[733184], 95.00th=[880640],
     | 99.00th=[1138688], 99.50th=[1220608], 99.90th=[1433600], 99.95th=[1499136],
     | 99.99th=[1662976]
    bw (KB  /s): min=    7, max=  834, per=100.00%, avg=328.77, stdev=100.99
    lat (usec) : 250=0.01%, 500=0.70%, 750=1.07%, 1000=0.76%
    lat (msec) : 2=1.28%, 4=0.31%, 10=0.45%, 20=0.99%, 50=3.85%
    lat (msec) : 100=8.26%, 250=25.30%, 500=27.53%, 750=15.94%, 1000=8.10%
    lat (msec) : 2000=5.26%, >=2000=0.22%
  cpu          : usr=0.30%, sys=0.58%, ctx=595660, majf=0, minf=26
  IO depths    : 1=0.1%, 2=0.1%, 4=0.1%, 8=0.1%, 16=0.1%, 32=0.1%, >=64=100.0%
     submit    : 0=0.0%, 4=100.0%, 8=0.0%, 16=0.0%, 32=0.0%, 64=0.0%, >=64=0.0%
     complete  : 0=0.0%, 4=100.0%, 8=0.0%, 16=0.0%, 32=0.0%, 64=0.1%, >=64=0.0%
     issued    : total=r=296440/w=295988/d=0, short=r=0/w=0/d=0
     latency   : target=0, window=0, percentile=100.00%, depth=64

Run status group 0 (all jobs):
   READ: io=1157.1MB, aggrb=329KB/s, minb=329KB/s, maxb=329KB/s, mint=3600777msec, maxt=3600777msec
  WRITE: io=1156.3MB, aggrb=328KB/s, minb=328KB/s, maxb=328KB/s, mint=3600777msec, maxt=3600777msec

Disk stats (read/write):
  sdd: ios=296522/295988, merge=1/0, ticks=136719612/93699680, in_queue=230420372, util=100.00%
