randwrite_job: (g=0): rw=randwrite, bs=4K-4K/4K-4K/4K-4K, ioengine=libaio, iodepth=32
fio-2.1.10
Starting 1 process

randwrite_job: (groupid=0, jobs=1): err= 0: pid=3197: Fri Sep 18 06:18:27 2015
  write: io=2279.5MB, bw=663904B/s, iops=162, runt=3600213msec
    slat (usec): min=1, max=78, avg=24.74, stdev= 3.16
    clat (usec): min=118, max=403303, avg=197391.48, stdev=23444.52
     lat (usec): min=130, max=403330, avg=197416.99, stdev=23444.60
    clat percentiles (msec):
     |  1.00th=[  153],  5.00th=[  163], 10.00th=[  169], 20.00th=[  178],
     | 30.00th=[  184], 40.00th=[  190], 50.00th=[  196], 60.00th=[  202],
     | 70.00th=[  208], 80.00th=[  219], 90.00th=[  231], 95.00th=[  241],
     | 99.00th=[  258], 99.50th=[  262], 99.90th=[  273], 99.95th=[  277],
     | 99.99th=[  285]
    bw (KB  /s): min=  481, max= 1767, per=100.00%, avg=648.52, stdev=54.11
    lat (usec) : 250=0.01%, 500=0.01%, 750=0.01%, 1000=0.01%
    lat (msec) : 2=0.02%, 10=0.01%, 20=0.01%, 50=0.01%, 100=0.01%
    lat (msec) : 250=97.88%, 500=2.09%
  cpu          : usr=0.35%, sys=0.75%, ctx=589790, majf=0, minf=26
  IO depths    : 1=0.1%, 2=0.1%, 4=0.1%, 8=0.1%, 16=0.1%, 32=100.0%, >=64=0.0%
     submit    : 0=0.0%, 4=100.0%, 8=0.0%, 16=0.0%, 32=0.0%, 64=0.0%, >=64=0.0%
     complete  : 0=0.0%, 4=100.0%, 8=0.0%, 16=0.0%, 32=0.1%, 64=0.0%, >=64=0.0%
     issued    : total=r=0/w=583544/d=0, short=r=0/w=0/d=0
     latency   : target=0, window=0, percentile=100.00%, depth=32

Run status group 0 (all jobs):
  WRITE: io=2279.5MB, aggrb=648KB/s, minb=648KB/s, maxb=648KB/s, mint=3600213msec, maxt=3600213msec

Disk stats (read/write):
  sdd: ios=84/583529, merge=0/0, ticks=8/115178812, in_queue=115180492, util=100.00%
