96.03 223.70
95.00 54.00
78.00 47.00
85.00 86.00
82.00 75.00
89.00 73.00
80.00 73.00
84.00 70.00
99.00 86.00
70.00 86.00
73.00 72.00
78.00 86.00
85.00 101.00
67.00 53.00
94.00 78.00
82.00 61.00
87.00 84.00
76.00 79.00
107.00 108.00
81.00 66.00
85.00 78.00
74.00 95.00
80.00 83.00
82.00 101.00
66.00 70.00
78.00 73.00
79.00 65.00
97.00 91.00
66.00 68.00
95.00 74.00
107.00 109.00
72.00 93.00
78.00 88.00
73.00 85.00
76.00 94.00
93.00 78.00
76.00 71.00
86.00 66.00
92.00 109.00
71.00 76.00
72.00 73.00
82.00 84.00
98.00 93.00
85.00 82.00
64.00 71.00
89.00 100.00
78.00 76.00
79.00 109.00
67.00 77.00
74.00 75.00
85.00 92.00
86.00 89.00
74.00 83.00
83.00 92.00
82.00 69.00
97.00 86.00
79.00 79.00
73.00 92.00
77.00 92.00
73.00 53.00
82.00 91.00
83.00 74.00
87.00 76.00
76.00 95.00
81.00 82.00
68.00 116.00
79.00 78.00
84.00 78.00
78.00 68.00
86.00 86.00
86.00 79.00
89.00 103.00
71.00 77.00
75.00 57.00
88.00 73.00
83.00 88.00
89.00 93.00
73.00 59.00
82.00 61.00
101.00 72.00
89.00 97.00
79.00 77.00
87.00 104.00
79.00 77.00
83.00 81.00
85.00 92.00
68.00 91.00
80.00 90.00
73.00 79.00
78.00 76.00
97.00 88.00
75.00 69.00
85.00 86.00
81.00 92.00
65.00 77.00
88.00 93.00
78.00 75.00
85.00 77.00
101.00 98.00
68.00 49.00
95.00 90.00
73.00 89.00
87.00 83.00
80.00 75.00
66.00 68.00
82.00 74.00
99.00 86.00
67.00 88.00
88.00 80.00
88.00 82.00
73.00 63.00
97.00 76.00
86.00 84.00
91.00 89.00
54.00 63.00
85.00 105.00
75.00 72.00
81.19 66.34
96.00 89.00
88.00 93.00
78.00 74.00
90.00 98.00
88.00 73.00
74.00 60.00
79.00 89.00
90.00 77.00
83.00 88.00
82.00 93.00
63.00 52.00
93.00 79.00
94.00 71.00
80.00 97.00
76.00 75.00
69.00 81.00
73.00 77.00
90.00 115.00
72.00 62.00
88.00 73.00
83.00 95.00
84.00 81.00
72.00 77.00
89.00 96.00
74.00 86.00
67.00 59.00
85.00 89.00
74.00 67.00
89.00 86.00
105.00 102.00
71.00 81.00
80.00 71.00
85.00 76.00
72.00 107.00
76.00 65.00
85.00 81.00
81.00 84.00
74.00 79.00
87.00 99.00
72.00 60.00
82.00 77.00
81.00 118.00
72.00 60.00
84.00 79.00
74.00 72.00
87.00 84.00
85.00 74.00
78.00 66.00
81.00 104.00
76.00 81.00
69.00 94.00
92.00 91.00
85.00 72.00
78.00 89.00
87.00 78.00
81.00 91.00
88.00 86.00
74.00 59.00
89.00 77.00
95.00 107.00
75.00 78.00
93.00 95.00
64.00 61.00
71.00 72.00
77.00 78.00
90.00 94.00
80.00 79.00
70.00 86.00
94.00 72.00
80.00 88.00
86.00 81.00
87.00 101.00
70.00 90.00
80.00 58.00
69.00 75.00
76.00 98.00
76.00 74.00
82.00 70.00
83.00 80.00
77.00 94.00
73.00 62.00
91.00 83.00
73.00 94.00
84.00 112.00
79.00 66.00
79.00 91.00
90.00 113.00
80.00 60.00
67.00 51.00
90.00 115.00
63.00 74.00
75.00 73.00
80.00 96.00
72.00 79.00
91.00 85.00
85.00 104.00
77.00 71.00
75.00 54.00
100.00 107.00
70.00 73.00
91.00 86.00
79.00 94.00
72.00 48.00
92.00 107.00
84.00 83.00
84.00 78.00
75.00 81.00
78.00 73.00
78.00 64.00
92.00 67.00
77.00 83.00
90.00 71.00
90.00 80.00
77.00 74.00
99.00 83.00
85.00 93.00
73.00 76.00
86.00 67.00
93.00 83.00
82.00 65.00
98.00 89.00
76.00 91.00
80.00 72.00
87.00 81.00
73.00 81.00
77.00 92.00
77.00 67.00
84.00 97.00
71.00 80.00
95.00 88.00
76.00 95.00
73.00 61.00
74.00 58.00
92.00 87.00
87.00 96.00
78.00 93.00
77.00 62.00
76.00 59.00
100.00 97.00
69.00 72.00
91.00 93.00
87.00 84.00
96.00 85.00
86.00 85.00
73.00 81.00
98.00 77.00
88.00 86.00
83.00 95.00
86.00 95.00
74.00 72.00
85.00 65.00
87.00 67.00
72.00 74.00
85.00 105.00
74.00 107.00
89.00 78.00
81.00 61.00
84.00 80.00
73.00 74.00
84.00 108.00
74.00 66.00
74.00 78.00
89.00 81.00
80.00 97.00
75.00 76.00
91.00 101.00
87.00 79.00
85.00 96.00
79.00 88.00
81.00 61.00
90.00 85.00
68.00 68.00
95.00 92.00
77.00 86.00
84.00 82.00
76.00 78.00
85.00 88.00
74.00 63.00
93.00 95.00
80.00 67.00
67.00 74.00
91.00 96.00
78.00 78.00
82.00 75.00
82.00 74.00
85.00 82.00
90.00 97.00
73.00 76.00
83.00 78.00
83.00 82.00
76.00 62.00
82.18 88.12
90.00 85.00
76.00 69.00
85.00 66.00
89.00 103.00
86.00 81.00
71.00 71.00
83.00 103.00
79.00 61.00
89.00 79.00
71.00 74.00
85.00 78.00
91.00 66.00
86.00 96.00
73.00 82.00
78.00 79.00
75.00 72.00
91.00 113.00
85.00 72.00
86.00 121.00
70.00 47.00
84.00 100.00
73.00 80.00
85.00 101.00
79.00 101.00
76.00 78.00
75.00 94.00
73.00 78.00
87.00 74.00
77.00 85.00
84.00 75.00
86.00 95.00
79.00 74.00
73.00 85.00
78.00 80.00
75.00 54.00
90.00 89.00
69.00 74.00
83.00 79.00
89.00 86.00
87.00 90.00
81.00 77.00
93.00 68.00
75.00 64.00
96.00 97.00
83.00 74.00
84.00 96.00
66.00 99.00
75.00 85.00
88.00 89.00
79.00 74.00
87.00 92.00
65.00 89.00
81.00 82.00
86.00 102.00
77.00 68.00
74.00 67.00
87.00 73.00
94.00 85.00
71.00 92.00
83.00 84.00
83.00 58.00
71.00 97.00
96.00 71.00
92.00 98.00
76.00 74.00
74.00 80.00
67.00 51.00
94.00 89.00
89.00 81.00
81.00 101.00
68.00 71.00
76.00 100.00
74.00 71.00
95.00 86.00
95.00 98.00
80.00 73.00
89.00 68.00
84.00 90.00
75.00 71.00
91.00 70.00
86.00 73.00
95.00 85.00
75.00 85.00
75.00 82.00
81.00 78.00
77.00 96.00
82.00 77.00
88.00 82.00
75.00 78.00
96.00 86.00
63.00 55.00
100.00 66.00
106.00 94.00
89.00 106.00
66.00 72.00
91.00 80.00
80.00 92.00
74.00 81.00
89.00 61.00
76.00 95.00
81.00 73.00
93.00 85.00
70.00 71.00
78.00 70.00
80.00 85.00
77.00 85.00
90.00 94.00
69.00 82.00
89.00 83.00
75.00 73.00
89.00 100.00
73.00 76.00
75.00 119.00
71.00 65.00
74.00 77.00
87.00 77.00
93.00 97.00
70.00 56.00
75.00 75.00
89.00 87.00
91.00 120.00
66.00 64.00
86.00 84.00
84.00 78.00
82.00 77.00
85.00 82.00
90.00 88.00
88.00 54.00
91.00 80.00
87.00 85.00
84.00 101.00
63.00 61.00
83.00 91.00
75.00 87.00
94.00 83.00
82.00 103.00
79.00 82.00
70.00 68.00
83.00 72.00
89.00 99.00
79.00 63.00
90.00 87.00
84.00 83.00
71.00 77.00
77.00 87.00
90.00 94.00
58.00 77.00
84.00 85.00
84.00 84.00
87.00 98.00
87.00 70.00
90.00 72.00
78.00 89.00
73.00 66.00
97.00 105.00
88.00 83.00
96.00 101.00
90.00 56.00
75.00 58.00
76.00 90.00
93.00 101.00
55.00 60.00
92.00 98.00
85.00 86.00
78.00 71.00
93.00 91.00
72.00 78.00
88.00 100.00
63.00 92.00
72.00 76.00
81.00 92.00
72.00 81.00
74.00 86.00
78.00 66.00
74.00 72.00
100.00 78.00
89.00 73.00
84.00 84.00
82.00 102.00
88.00 92.00
89.00 80.00
85.00 89.00
59.00 61.00
88.00 95.00
71.00 74.00
85.00 95.00
65.00 62.00
83.17 90.10
84.00 83.00
90.00 76.00
74.00 56.00
76.00 65.00
101.00 108.00
78.00 65.00
69.00 73.00
90.00 102.00
80.00 80.00
93.00 85.00
81.00 102.00
74.00 56.00
78.00 58.00
94.00 94.00
87.00 79.00
75.00 78.00
92.00 85.00
72.00 68.00
80.00 93.00
76.00 87.00
77.00 121.00
65.00 63.00
77.00 74.00
77.00 65.00
89.00 103.00
86.00 85.00
83.00 91.00
68.00 73.00
103.00 82.00
78.00 79.00
72.00 70.00
96.00 85.00
89.00 68.00
79.00 71.00
76.00 83.00
88.00 80.00
96.00 94.00
87.00 70.00
81.00 64.00
88.00 111.00
67.00 59.00
82.00 74.00
71.00 73.00
76.00 81.00
90.00 90.00
68.00 68.00
96.00 99.00
88.00 81.00
69.00 81.00
85.00 88.00
91.00 74.00
73.00 76.00
89.00 74.00
80.00 83.00
84.00 68.00
82.00 71.00
87.00 86.00
85.00 68.00
85.00 74.00
101.00 97.00
69.00 68.00
79.00 65.00
88.00 99.00
97.00 97.00
69.00 60.00
92.00 81.00
85.00 82.00
76.00 85.00
81.00 76.00
84.00 93.00
82.00 65.00
73.00 80.00
81.00 92.00
73.00 84.00
94.00 96.00
61.00 79.00
66.00 56.00
80.00 81.00
99.00 108.00
76.00 76.00
97.00 61.00
72.00 82.00
79.00 114.00
74.00 55.00
93.00 88.00
82.00 83.00
85.00 79.00
91.00 64.00
89.00 78.00
84.00 65.00
86.00 86.00
85.00 98.00
75.00 78.00
77.00 71.00
86.00 85.00
75.00 90.00
78.00 74.00
81.00 71.00
89.00 80.00
82.00 70.00
91.00 88.00
91.00 92.00
79.00 87.00
72.00 92.00
57.00 61.00
87.00 108.00
66.00 71.00
84.00 83.00
67.00 85.00
79.00 75.00
86.00 93.00
89.00 73.00
106.00 105.00
73.00 92.00
68.00 65.00
78.00 66.00
87.00 91.00
78.00 87.00
78.00 90.00
78.00 72.00
86.00 82.00
85.00 70.00
93.00 93.00
80.00 81.00
82.00 69.00
72.00 76.00
86.00 64.00
93.00 112.00
67.00 57.00
92.00 91.00
82.00 77.00
74.00 70.00
85.00 69.00
84.00 92.00
81.00 67.00
90.00 95.00
73.00 95.00
74.00 61.00
92.00 89.00
83.00 74.00
76.00 85.00
87.00 89.00
84.00 83.00
95.00 70.00
64.00 76.00
90.00 98.00
78.00 57.00
96.00 97.00
81.00 97.00
78.00 87.00
62.00 77.00
88.00 76.00
92.00 82.00
76.00 65.00
88.00 94.00
71.00 73.00
97.00 87.00
82.00 66.00
85.00 83.00
73.00 61.00
100.00 87.00
87.00 84.00
77.00 80.00
81.00 86.00
75.00 78.00
94.00 101.00
84.00 68.00
75.00 88.00
93.00 84.00
75.00 68.00
90.00 68.00
95.00 93.00
101.00 60.00
71.00 69.00
76.00 88.00
82.00 80.00
101.00 73.00
95.00 74.00
78.00 80.00
88.00 104.00
84.00 69.00
92.00 77.00
80.00 85.00
72.00 83.00
86.00 81.00
70.00 91.00
90.00 63.00
93.00 86.00
71.00 58.00
91.00 92.00
82.00 104.00
74.00 92.00
75.00 65.00
93.07 78.22
85.00 87.00
89.00 74.00
86.00 86.00
67.00 112.00
72.00 81.00
80.00 91.00
72.00 89.00
83.00 94.00
70.00 85.00
95.00 92.00
70.00 85.00
82.00 104.00
81.00 58.00
90.00 71.00
82.00 86.00
92.00 73.00
93.00 73.00
76.00 72.00
90.00 101.00
70.00 59.00
85.00 87.00
93.00 109.00
79.00 72.00
66.00 90.00
60.00 93.00
76.00 94.00
75.00 63.00
96.00 112.00
81.00 85.00
69.00 76.00
76.00 66.00
105.00 92.00
64.00 72.00
91.00 85.00
70.00 73.00
91.00 80.00
88.00 95.00
76.00 56.00
78.00 67.00
76.00 80.00
86.00 89.00
86.00 83.00
72.00 73.00
74.00 72.00
89.00 102.00
84.00 92.00
82.00 71.00
77.00 91.00
70.00 72.00
81.00 85.00
85.00 64.00
103.00 81.00
72.00 78.00
73.00 87.00
83.00 73.00
93.00 107.00
83.00 78.00
84.00 93.00
88.00 99.00
71.00 55.00
89.00 63.00
82.00 74.00
79.00 65.00
102.00 82.00
85.00 77.00
68.00 65.00
90.00 80.00
88.00 76.00
84.00 94.00
79.00 73.00
71.00 102.00
91.00 70.00
80.00 81.00
86.00 87.00
85.00 83.00
84.00 76.00
63.00 90.00
75.00 93.00
83.00 103.00
82.00 92.00
79.00 76.00
77.00 87.00
65.00 68.00
81.00 72.00
76.00 88.00
86.00 94.00
74.00 97.00
78.00 81.00
69.00 71.00
81.00 89.00
80.00 92.00
77.00 89.00
88.00 102.00
91.00 68.00
86.00 92.00
86.00 70.00
80.00 69.00
92.00 96.00
87.00 66.00
96.00 69.00
79.00 89.00
70.00 73.00
95.00 75.00
78.00 89.00
81.00 100.00
59.00 64.00
95.00 103.00
82.00 68.00
78.00 72.00
85.00 88.00
94.00 80.00
74.00 86.00
83.00 103.00
75.00 57.00
70.00 80.00
93.00 80.00
82.00 91.00
90.00 108.00
82.00 77.00
66.00 74.00
87.00 114.00
72.00 62.00
84.00 76.00
93.00 96.00
80.00 74.00
64.00 69.00
94.00 121.00
75.00 67.00
77.00 89.00
88.00 81.00
82.00 89.00
86.00 79.00
84.00 80.00
80.00 78.00
89.00 88.00
81.00 85.00
71.00 93.00
80.00 80.00
66.00 50.00
73.00 94.00
91.00 105.00
70.00 97.00
72.00 64.00
88.00 77.00
84.00 82.00
79.00 74.00
75.00 95.00
87.00 94.00
79.00 58.00
77.00 80.00
91.00 69.00
96.00 106.00
80.00 72.00
91.00 85.00
68.00 69.00
82.00 88.00
85.00 95.00
82.00 67.00
70.00 70.00
84.00 86.00
70.00 76.00
87.00 93.00
92.00 64.00
89.00 96.00
70.00 70.00
94.00 97.00
60.00 53.00
80.00 89.00
77.00 75.00
78.00 71.00
100.00 93.00
68.00 86.00
88.00 96.00
73.00 74.00
83.00 85.00
83.00 86.00
81.00 85.00
81.00 107.00
70.00 71.00
79.00 80.00
77.00 65.00
101.00 77.00
76.00 82.00
73.00 90.00
85.00 83.00
80.00 95.00
73.00 69.00
66.34 84.16
82.00 105.00
86.00 83.00
90.00 90.00
54.00 47.00
99.00 96.00
82.00 73.00
87.00 68.00
67.00 94.00
91.00 89.00
89.00 88.00
95.00 105.00
60.00 64.00
68.00 84.00
106.00 102.00
81.00 65.00
90.00 98.00
83.00 81.00
81.00 87.00
88.00 73.00
64.00 96.00
69.00 80.00
82.00 85.00
91.00 86.00
82.00 79.00
87.00 96.00
82.00 80.00
69.00 76.00
61.00 61.00
89.00 110.00
74.00 74.00
78.00 60.00
88.00 86.00
87.00 79.00
78.00 78.00
97.00 90.00
75.00 64.00
96.00 97.00
72.00 64.00
63.00 46.00
92.00 90.00
85.00 101.00
72.00 79.00
87.00 110.00
65.00 71.00
87.00 92.00
74.00 66.00
86.00 111.00
81.00 93.00
72.00 45.00
91.00 97.00
76.00 95.00
86.00 75.00
77.00 58.00
97.00 81.00
103.00 71.00
85.00 76.00
81.00 72.00
75.00 73.00
92.00 92.00
95.00 113.00
71.00 86.00
73.00 74.00
78.00 92.00
84.00 94.00
77.00 85.00
79.00 79.00
81.00 86.00
73.00 77.00
81.00 83.00
77.00 93.00
88.00 67.00
85.00 89.00
66.00 62.00
94.00 93.00
73.00 69.00
82.00 62.00
93.00 80.00
97.00 120.00
71.00 63.00
74.00 68.00
88.00 87.00
88.00 64.00
79.00 106.00
69.00 58.00
81.00 71.00
86.00 83.00
99.00 113.00
71.00 84.00
89.00 64.00
79.00 63.00
80.00 87.00
82.00 82.00
78.00 65.00
73.00 72.00
64.00 73.00
89.00 96.00
72.00 86.00
89.00 84.00
80.00 97.00
72.00 61.00
87.00 71.00
103.00 95.00
70.00 69.00
99.00 111.00
67.00 81.00
82.00 84.00
70.00 55.00
88.00 103.00
82.00 74.00
77.00 79.00
98.00 104.00
80.00 76.00
72.00 88.00
80.00 67.00
72.00 90.00
92.00 73.00
85.00 91.00
77.00 74.00
80.00 100.00
81.00 75.00
74.00 86.00
81.00 112.00
93.00 88.00
77.00 73.00
88.00 98.00
72.00 74.00
75.00 81.00
79.00 99.00
73.00 73.00
81.00 86.00
83.00 74.00
83.00 90.00
95.00 93.00
74.00 58.00
95.00 100.00
78.00 82.00
84.00 86.00
67.00 76.00
78.00 65.00
91.00 74.00
96.00 85.00
99.00 71.00
78.00 82.00
83.00 91.00
80.00 71.00
95.00 100.00
61.00 67.00
101.00 106.00
67.00 52.00
95.00 83.00
82.00 77.00
80.00 71.00
84.00 63.00
93.00 98.00
83.00 94.00
76.00 87.00
83.00 88.00
73.00 65.00
96.00 122.00
69.00 68.00
72.00 74.00
82.00 86.00
83.00 82.00
82.00 83.00
71.00 91.00
78.00 102.00
74.00 62.00
91.00 78.00
84.00 72.00
95.00 77.00
87.00 105.00
78.00 62.00
85.00 67.00
81.00 64.00
84.00 98.00
76.00 82.00
92.00 89.00
69.00 88.00
88.00 57.00
71.00 68.00
95.00 94.00
72.00 72.00
77.00 70.00
85.00 102.00
70.00 70.00
88.00 98.00
62.00 69.00
76.00 95.00
75.25 73.27
83.00 86.00
84.00 77.00
93.00 66.00
90.00 90.00
96.00 107.00
75.00 78.00
83.00 72.00
68.00 81.00
92.00 110.00
64.00 77.00
78.00 81.00
59.00 59.00
88.00 99.00
77.00 81.00
89.00 84.00
68.00 79.00
80.00 61.00
81.00 91.00
69.00 61.00
88.00 85.00
97.00 71.00
88.00 70.00
84.00 90.00
82.00 77.00
80.00 77.00
96.00 81.00
74.00 76.00
87.00 79.00
87.00 90.00
73.00 61.00
81.00 74.00
91.00 100.00
76.00 63.00
84.00 86.00
76.00 97.00
70.00 61.00
84.00 77.00
88.00 97.00
87.00 100.00
77.00 82.00
80.00 74.00
68.00 89.00
88.00 82.00
87.00 79.00
84.00 75.00
80.00 85.00
81.00 71.00
96.00 93.00
91.00 88.00
73.00 86.00
61.00 73.00
83.00 71.00
74.00 70.00
87.00 86.00
79.00 90.00
80.00 89.00
87.00 95.00
80.00 73.00
70.00 61.00
83.00 94.00
84.00 75.00
88.00 88.00
73.00 52.00
79.00 76.00
82.00 88.00
81.00 107.00
89.00 75.00
85.00 75.00
81.00 77.00
94.00 76.00
81.00 86.00
85.00 82.00
84.00 86.00
86.00 67.00
69.00 64.00
74.00 86.00
76.00 74.00
86.00 90.00
77.00 85.00
77.00 111.00
80.00 89.00
78.00 91.00
57.00 62.00
88.00 83.00
75.00 88.00
82.00 127.00
68.00 70.00
85.00 94.00
69.00 80.00
80.00 90.00
65.00 71.00
85.00 81.00
86.00 98.00
76.00 70.00
73.00 75.00
100.00 70.00
82.00 63.00
97.00 90.00
79.00 88.00
66.00 69.00
79.00 75.00
85.00 92.00
72.00 99.00
63.00 60.00
80.00 87.00
95.00 103.00
80.00 95.00
74.00 85.00
100.00 95.00
73.00 90.00
78.00 74.00
77.00 95.00
78.00 76.00
75.00 71.00
83.00 70.00
80.00 98.00
82.00 70.00
92.00 76.00
97.00 95.00
84.00 63.00
87.00 75.00
80.00 92.00
70.00 91.00
82.00 58.00
83.00 93.00
93.00 93.00
78.00 79.00
82.00 85.00
85.00 86.00
76.00 65.00
94.00 78.00
92.00 89.00
82.00 85.00
86.00 89.00
76.00 84.00
78.00 103.00
79.00 87.00
79.00 72.00
90.00 58.00
77.00 85.00
77.00 87.00
84.00 93.00
85.00 94.00
64.00 68.00
80.00 91.00
72.00 78.00
90.00 81.00
80.00 95.00
93.00 94.00
76.00 77.00
74.00 88.00
73.00 84.00
76.00 71.00
85.00 94.00
80.00 81.00
66.00 84.00
84.00 70.00
91.00 83.00
96.00 85.00
81.00 77.00
79.00 58.00
102.00 75.00
99.00 66.00
92.00 74.00
77.00 85.00
79.00 105.00
85.00 91.00
83.00 79.00
74.00 57.00
91.00 85.00
80.00 76.00
83.00 81.00
76.00 117.00
60.00 51.00
93.00 115.00
63.00 54.00
89.00 78.00
92.00 70.00
75.00 79.00
82.00 97.00
66.00 64.00
80.00 86.00
98.00 61.00
87.00 86.00
95.00 96.00
77.00 69.00
89.00 80.00
72.00 77.00
68.00 72.00
91.09 86.14
78.00 62.00
89.00 81.00
92.00 76.00
85.00 109.00
74.00 64.00
62.00 82.00
73.00 68.00
89.00 93.00
69.00 68.00
77.00 84.00
84.00 59.00
88.00 84.00
77.00 73.00
94.00 84.00
82.00 76.00
87.00 116.00
71.00 76.00
78.00 74.00
70.00 67.00
88.00 98.00
82.00 76.00
81.00 69.00
94.00 93.00
69.00 79.00
93.00 78.00
77.00 87.00
73.00 93.00
71.00 100.00
75.00 73.00
91.00 110.00
82.00 76.00
74.00 86.00
74.00 76.00
92.00 92.00
76.00 79.00
79.00 102.00
77.00 71.00
74.00 72.00
79.00 89.00
69.00 87.00
88.00 61.00
89.00 91.00
79.00 103.00
72.00 80.00
83.00 82.00
81.00 74.00
86.00 77.00
84.00 79.00
84.00 81.00
92.00 87.00
87.00 75.00
74.00 77.00
65.00 68.00
82.00 97.00
86.00 78.00
80.00 78.00
80.00 83.00
86.00 82.00
91.00 99.00
70.00 59.00
83.00 85.00
79.00 76.00
78.00 69.00
93.00 73.00
91.00 73.00
82.00 72.00
82.00 78.00
81.00 87.00
102.00 92.00
77.00 85.00
79.00 69.00
96.00 94.00
78.00 71.00
90.00 71.00
75.00 74.00
91.00 93.00
75.00 92.00
79.00 70.00
69.00 61.00
82.00 88.00
76.00 89.00
80.00 78.00
85.00 78.00
84.00 93.00
88.00 79.00
66.00 94.00
76.00 73.00
79.00 79.00
86.00 72.00
89.00 89.00
79.00 79.00
75.00 96.00
81.00 80.00
74.00 81.00
81.00 87.00
74.00 89.00
73.00 82.00
77.00 82.00
82.00 85.00
69.00 62.00
81.00 94.00
87.00 93.00
81.00 76.00
98.00 92.00
61.00 72.00
79.00 71.00
77.00 98.00
71.00 60.00
80.00 93.00
89.00 89.00
80.00 65.00
90.00 76.00
88.00 70.00
89.00 91.00
70.00 61.00
99.00 92.00
80.00 89.00
71.00 63.00
86.00 92.00
89.00 89.00
76.00 84.00
83.00 67.00
69.00 77.00
91.00 98.00
84.00 98.00
76.00 71.00
83.00 64.00
88.00 91.00
79.00 87.00
69.00 85.00
82.00 79.00
81.00 90.00
77.00 84.00
85.00 61.00
86.00 87.00
79.00 70.00
88.00 85.00
78.00 92.00
80.00 89.00
94.00 98.00
68.00 78.00
74.00 89.00
82.00 70.00
72.00 55.00
93.00 86.00
92.00 79.00
85.00 89.00
88.00 84.00
75.00 83.00
85.00 71.00
94.00 99.00
80.00 89.00
71.00 63.00
87.00 80.00
86.00 73.00
82.00 59.00
91.00 73.00
73.00 90.00
68.00 79.00
99.00 107.00
71.00 72.00
84.00 72.00
101.00 85.00
97.00 80.00
84.00 102.00
62.00 55.00
93.00 97.00
86.00 84.00
73.00 52.00
98.00 64.00
81.00 78.00
89.00 107.00
71.00 76.00
67.00 80.00
80.00 84.00
86.00 74.00
80.00 56.00
80.00 87.00
88.00 83.00
89.00 100.00
70.00 77.00
72.28 86.14
81.00 86.00
81.00 81.00
80.00 82.00
78.00 83.00
87.00 77.00
72.00 76.00
96.00 105.00
80.00 72.00
86.00 52.00
84.00 82.00
89.00 64.00
93.00 75.00
87.00 75.00
82.00 85.00
77.00 80.00
77.00 59.00
102.00 109.00
87.00 91.00
70.00 70.00
87.00 104.00
78.00 78.00
79.00 89.00
87.00 95.00
80.00 68.00
78.00 74.00
85.00 74.00
79.00 84.00
76.00 81.00
73.00 97.00
78.00 82.00
84.00 88.00
89.00 80.00
83.00 91.00
88.00 94.00
73.00 62.00
85.00 82.00
70.00 71.00
93.00 87.00
91.00 75.00
97.00 71.00
65.00 88.00
81.00 63.00
97.00 85.00
79.00 67.00
103.00 103.00
69.00 70.00
88.00 95.00
80.00 74.00
88.00 80.00
72.00 67.00
89.00 109.00
68.00 59.00
80.00 85.00
82.00 74.00
76.00 67.00
95.00 85.00
84.00 83.00
73.00 91.00
85.00 95.00
85.00 75.00
81.00 89.00
82.00 75.00
77.00 82.00
93.00 95.00
74.00 77.00
87.00 85.00
87.00 75.00
74.00 78.00
89.00 90.00
71.00 102.00
79.00 90.00
70.00 64.00
79.00 97.00
83.00 92.00
84.00 54.00
89.00 96.00
95.00 83.00
75.00 80.00
78.00 75.00
92.00 70.00
80.00 61.00
89.00 97.00
71.00 55.00
81.00 85.00
85.00 100.00
76.00 98.00
73.00 78.00
87.00 82.00
84.00 96.00
66.00 76.00
83.00 72.00
84.00 74.00
90.00 63.00
86.00 93.00
86.00 67.00
86.00 88.00
89.00 102.00
82.00 63.00
81.00 70.00
85.00 81.00
85.00 99.00
80.00 75.00
90.00 93.00
80.00 64.00
77.00 79.00
79.00 93.00
84.00 79.00
79.00 105.00
77.00 89.00
79.00 65.00
75.00 59.00
91.00 67.00
94.00 73.00
85.00 89.00
86.00 68.00
75.00 80.00
85.00 104.00
72.00 74.00
84.00 74.00
85.00 66.00
95.00 95.00
88.00 73.00
86.00 81.00
80.00 94.00
81.00 68.00
83.00 74.00
92.00 77.00
80.00 87.00
84.00 85.00
86.00 90.00
62.00 70.00
101.00 88.00
78.00 38.00
84.00 94.00
77.00 85.00
88.00 101.00
78.00 71.00
74.00 87.00
82.00 104.00
79.00 91.00
75.00 80.00
81.00 84.00
76.00 67.00
80.00 75.00
88.00 104.00
84.00 99.00
64.00 62.00
89.00 66.00
75.00 96.00
76.00 55.00
77.00 89.00
92.00 65.00
84.00 68.00
83.00 72.00
90.00 75.00
90.00 85.00
79.00 77.00
81.00 83.00
75.00 98.00
74.00 77.00
94.00 70.00
82.00 93.00
77.00 93.00
74.00 74.00
85.00 89.00
68.00 66.00
88.00 84.00
77.00 82.00
77.00 77.00
86.00 116.00
81.00 69.00
77.00 77.00
77.00 74.00
78.00 93.00
90.00 80.00
79.00 75.00
87.00 110.00
68.00 70.00
84.00 87.00
76.00 54.00
76.00 93.00
91.00 89.00
72.00 61.00
87.00 77.00
88.00 103.00
76.00 74.00
78.00 83.00
88.00 96.00
80.00 81.00
80.00 58.00
80.00 109.00
84.00 74.00
81.00 61.00
99.00 92.00
72.28 75.25
78.00 80.00
88.00 98.00
86.00 91.00
72.00 71.00
95.00 76.00
91.00 83.00
80.00 83.00
91.00 84.00
76.00 61.00
89.00 89.00
93.00 103.00
87.00 78.00
79.00 95.00
68.00 67.00
87.00 94.00
84.00 89.00
72.00 76.00
71.00 75.00
83.00 71.00
81.00 77.00
86.00 77.00
78.00 99.00
79.00 72.00
78.00 86.00
75.00 86.00
86.00 70.00
86.00 74.00
86.00 82.00
90.00 100.00
74.00 81.00
86.00 92.00
81.00 90.00
82.00 100.00
67.00 77.00
82.00 81.00
89.00 72.00
74.00 88.00
85.00 107.00
75.00 65.00
82.00 70.00
88.00 82.00
84.00 84.00
76.00 70.00
103.00 85.00
76.00 70.00
78.00 91.00
80.00 75.00
82.00 86.00
85.00 78.00
85.00 91.00
89.00 86.00
75.00 80.00
88.00 96.00
74.00 73.00
94.00 93.00
71.00 54.00
97.00 76.00
65.00 66.00
94.00 101.00
93.00 71.00
84.00 71.00
87.00 65.00
86.00 110.00
75.00 69.00
79.00 69.00
90.00 76.00
88.00 76.00
81.00 86.00
79.00 68.00
81.00 79.00
94.00 93.00
69.00 91.00
71.00 66.00
73.00 61.00
90.00 85.00
87.00 105.00
77.00 68.00
75.00 64.00
76.00 92.00
77.00 82.00
80.00 97.00
84.00 86.00
66.00 86.00
77.00 68.00
80.00 79.00
70.00 80.00
80.00 92.00
79.00 84.00
76.00 70.00
99.00 81.00
90.00 87.00
69.00 87.00
84.00 81.00
92.00 73.00
75.00 64.00
78.00 80.00
85.00 87.00
82.00 77.00
75.00 76.00
90.00 79.00
88.00 75.00
85.00 76.00
104.00 90.00
81.00 62.00
97.00 74.00
81.00 83.00
80.00 72.00
81.00 85.00
82.00 83.00
99.00 126.00
67.00 91.00
82.00 94.00
72.00 75.00
64.00 81.00
80.00 81.00
77.00 70.00
82.00 81.00
78.00 114.00
80.00 63.00
79.00 83.00
81.00 72.00
72.00 68.00
86.00 82.00
90.00 84.00
75.00 93.00
71.00 75.00
74.00 92.00
73.00 71.00
86.00 93.00
85.00 77.00
80.00 72.00
78.00 77.00
105.00 89.00
77.00 56.00
99.00 81.00
88.00 100.00
78.00 104.00
76.00 66.00
77.00 79.00
79.00 92.00
82.00 59.00
76.00 88.00
82.00 96.00
80.00 96.00
81.00 67.00
62.00 67.00
87.00 82.00
86.00 75.00
81.00 81.00
67.00 60.00
88.00 86.00
88.00 89.00
79.00 77.00
78.00 112.00
81.00 73.00
71.00 55.00
97.00 102.00
83.00 82.00
73.00 75.00
73.00 73.00
86.00 74.00
89.00 77.00
91.00 74.00
87.00 73.00
83.00 88.00
80.00 79.00
75.00 66.00
86.00 91.00
79.00 72.00
78.00 66.00
101.00 103.00
73.00 83.00
78.00 75.00
76.00 78.00
84.00 67.00
88.00 98.00
83.00 60.00
90.00 86.00
84.00 76.00
92.00 85.00
86.00 70.00
89.11 86.14
94.00 91.00
78.00 62.00
75.00 81.00
85.00 88.00
65.00 74.00
79.00 91.00
89.00 61.00
84.00 74.00
93.00 90.00
86.00 74.00
84.00 100.00
70.00 68.00
85.00 76.00
88.00 66.00
86.00 87.00
101.00 116.00
75.00 93.00
67.00 58.00
78.00 76.00
84.00 84.00
81.00 76.00
77.00 62.00
96.00 113.00
68.00 51.00
97.00 91.00
70.00 79.00
88.00 90.00
78.00 75.00
81.00 63.00
97.00 112.00
74.00 75.00
92.00 102.00
62.00 82.00
97.00 89.00
85.00 79.00
75.00 82.00
83.00 71.00
88.00 77.00
86.00 97.00
79.00 77.00
79.00 80.00
98.00 74.00
88.00 67.00
75.00 58.00
99.00 90.00
86.00 98.00
90.00 75.00
80.00 78.00
76.00 82.00
71.00 82.00
80.00 86.00
94.00 83.00
77.00 94.00
69.00 79.00
85.00 74.00
72.00 45.00
90.00 60.00
97.00 96.00
82.00 73.00
73.00 76.00
81.00 84.00
86.00 89.00
69.00 74.00
71.00 91.00
92.00 72.00
76.00 70.00
94.00 83.00
80.00 96.00
83.00 73.00
83.00 82.00
83.00 71.00
92.00 74.00
68.00 69.00
88.00 101.00
84.00 84.00
84.00 74.00
72.00 70.00
89.00 84.00
91.00 88.00
82.00 83.00
78.00 70.00
75.00 88.00
88.00 96.00
77.00 94.00
80.00 62.00
91.00 81.00
90.00 82.00
72.00 68.00
90.00 78.00
74.00 87.00
77.00 74.00
98.00 96.00
67.00 68.00
71.00 84.00
75.00 82.00
95.00 102.00
70.00 92.00
77.00 98.00
82.00 99.00
72.00 52.00
94.00 79.00
78.00 81.00
79.00 67.00
67.00 70.00
83.00 84.00
101.00 86.00
82.00 101.00
72.00 74.00
81.00 78.00
78.00 84.00
87.00 101.00
80.00 88.00
66.00 68.00
77.00 75.00
89.00 81.00
78.00 81.00
86.00 103.00
74.00 75.00
88.00 96.00
67.00 73.00
82.00 68.00
87.00 89.00
81.00 79.00
79.00 92.00
84.00 57.00
92.00 73.00
83.00 65.00
95.00 88.00
66.00 77.00
71.00 72.00
86.00 101.00
90.00 61.00
89.00 93.00
77.00 79.00
88.00 82.00
88.00 67.00
95.00 84.00
90.00 76.00
74.00 83.00
74.00 82.00
89.00 107.00
82.00 72.00
73.00 87.00
71.00 56.00
90.00 109.00
77.00 87.00
73.00 76.00
85.00 77.00
82.00 95.00
77.00 89.00
74.00 47.00
91.00 79.00
82.00 64.00
90.00 83.00
97.00 112.00
77.00 96.00
63.00 64.00
67.00 80.00
81.00 92.00
85.00 109.00
72.00 79.00
92.00 72.00
74.00 78.00
80.00 89.00
80.00 73.00
89.00 72.00
90.00 99.00
67.00 88.00
81.00 67.00
74.00 100.00
72.00 79.00
79.00 80.00
94.00 101.00
82.00 79.00
79.00 71.00
88.00 83.00
81.00 93.00
82.00 76.00
76.00 94.00
73.00 76.00
92.08 94.06
85.00 86.00
82.00 71.00
72.00 58.00
78.00 99.00
79.00 80.00
77.00 105.00
76.00 90.00
92.00 93.00
66.00 75.00
80.00 63.00
83.00 96.00
65.00 72.00
97.00 77.00
77.00 66.00
103.00 118.00
60.00 61.00
77.00 68.00
82.00 71.00
101.00 78.00
72.00 80.00
76.00 87.00
94.00 102.00
72.00 76.00
98.00 103.00
57.00 64.00
86.00 61.00
95.00 81.00
76.00 68.00
90.00 91.00
98.00 78.00
90.00 82.00
83.00 65.00
80.00 71.00
77.00 81.00
94.00 95.00
73.00 65.00
89.00 87.00
87.00 89.00
78.00 98.00
76.00 59.00
87.00 76.00
94.00 96.00
72.00 63.00
87.00 76.00
88.00 99.00
73.00 74.00
94.00 86.00
88.00 107.00
67.00 55.00
73.00 89.00
97.00 97.00
68.00 74.00
77.00 89.00
102.00 83.00
78.00 68.00
87.00 102.00
73.00 55.00
86.00 79.00
81.00 71.00
90.00 77.00
77.00 96.00
84.00 85.00
69.00 65.00
91.00 97.00
82.00 85.00
62.00 76.00
91.00 112.00
78.00 88.00
84.00 110.00
78.00 75.00
71.00 80.00
92.00 91.00
70.00 73.00
86.00 94.00
68.00 65.00
86.00 83.00
67.00 79.00
83.00 78.00
74.00 65.00
94.00 126.00
82.00 83.00
70.00 59.00
77.00 87.00
83.00 65.00
91.00 99.00
79.00 73.00
81.00 63.00
97.00 88.00
89.00 75.00
79.00 98.00
82.00 75.00
72.00 65.00
77.00 90.00
80.00 92.00
75.00 85.00
81.00 83.00
87.00 72.00
78.00 76.00
92.00 92.00
75.00 58.00
95.00 128.00
68.00 70.00
68.00 61.00
84.00 73.00
83.00 93.00
86.00 91.00
85.00 85.00
88.00 80.00
78.00 57.00
87.00 77.00
93.00 72.00
89.00 71.00
90.00 96.00
75.00 63.00
100.00 85.00
83.00 79.00
76.00 106.00
78.00 91.00
71.00 76.00
82.00 47.00
75.00 88.00
91.00 77.00
72.00 77.00
101.00 94.00
69.00 96.00
83.00 94.00
59.00 74.00
93.00 93.00
80.00 63.00
86.00 72.00
84.00 77.00
75.00 67.00
88.00 93.00
90.00 93.00
79.00 83.00
79.00 112.00
68.00 76.00
73.00 53.00
92.00 105.00
79.00 108.00
79.00 59.00
91.00 73.00
82.00 92.00
80.00 83.00
67.00 49.00
91.00 94.00
67.00 79.00
88.00 73.00
84.00 84.00
86.00 64.00
79.00 86.00
83.00 83.00
74.00 63.00
86.00 87.00
65.00 55.00
91.00 93.00
87.00 94.00
86.00 98.00
85.00 98.00
67.00 77.00
82.00 78.00
85.00 60.00
98.00 92.00
69.00 62.00
92.00 87.00
79.00 74.00
79.00 85.00
90.00 101.00
76.00 81.00
69.00 73.00
84.00 59.00
87.00 88.00
84.00 101.00
87.00 86.00
72.00 82.00
78.00 69.00
79.00 72.00
76.00 94.00
90.00 85.00
95.00 72.00
78.00 112.00
69.00 84.00
71.00 52.00
94.06 84.16
84.00 75.00
79.00 92.00
88.00 71.00
82.00 107.00
90.00 89.00
91.00 94.00
73.00 53.00
82.00 88.00
73.00 94.00
79.00 88.00
81.00 96.00
81.00 92.00
84.00 112.00
58.00 57.00
84.00 108.00
79.00 65.00
90.00 85.00
93.00 80.00
83.00 76.00
78.00 62.00
100.00 88.00
99.00 101.00
82.00 66.00
84.00 54.00
89.00 80.00
92.00 90.00
77.00 97.00
81.00 86.00
76.00 64.00
77.00 85.00
99.00 109.00
69.00 59.00
101.00 98.00
87.00 67.00
83.00 80.00
86.00 88.00
81.00 89.00
66.00 53.00
85.00 98.00
95.00 78.00
75.00 88.00
65.00 86.00
73.00 72.00
79.00 47.00
93.00 92.00
87.00 79.00
77.00 54.00
86.00 86.00
93.00 75.00
80.00 81.00
78.00 61.00
87.00 104.00
84.00 85.00
78.00 79.00
88.00 80.00
87.00 84.00
82.00 74.00
77.00 82.00
82.00 76.00
76.00 82.00
77.00 77.00
89.00 92.00
76.00 89.00
76.00 102.00
74.00 94.00
76.00 81.00
83.00 62.00
66.00 89.00
72.00 97.00
77.00 94.00
80.00 93.00
78.00 60.00
99.00 98.00
69.00 75.00
74.00 73.00
89.00 104.00
64.00 53.00
85.00 86.00
77.00 83.00
89.00 102.00
70.00 61.00
84.00 94.00
77.00 97.00
68.00 79.00
75.00 107.00
80.00 86.00
64.00 66.00
77.00 96.00
93.00 93.00
78.00 104.00
69.00 76.00
93.00 90.00
86.00 84.00
71.00 77.00
69.00 65.00
92.00 97.00
74.00 70.00
88.00 68.00
88.00 68.00
99.00 92.00
78.00 92.00
82.00 92.00
68.00 65.00
89.00 83.00
83.00 74.00
99.00 108.00
81.00 78.00
53.00 48.00
95.00 83.00
86.00 78.00
84.00 71.00
87.00 75.00
79.00 78.00
100.00 98.00
73.00 97.00
82.00 87.00
90.00 87.00
80.00 76.00
66.00 80.00
84.00 90.00
88.00 93.00
82.00 63.00
79.00 69.00
72.00 76.00
93.00 86.00
95.00 97.00
70.00 71.00
87.00 82.00
80.00 64.00
79.00 69.00
91.00 76.00
94.00 99.00
81.00 66.00
83.00 85.00
88.00 75.00
85.00 89.00
69.00 78.00
78.00 103.00
74.00 82.00
92.00 77.00
84.00 75.00
80.00 90.00
70.00 70.00
87.00 93.00
69.00 85.00
74.00 66.00
97.00 92.00
65.00 67.00
81.00 85.00
72.00 90.00
90.00 91.00
79.00 83.00
86.00 85.00
90.00 98.00
86.00 94.00
67.00 78.00
73.00 94.00
82.00 76.00
85.00 89.00
68.00 67.00
72.00 90.00
95.00 88.00
74.00 98.00
73.00 82.00
74.00 74.00
88.00 83.00
60.00 76.00
83.00 83.00
75.00 98.00
81.00 70.00
78.00 87.00
80.00 90.00
80.00 73.00
83.00 105.00
88.00 92.00
75.00 75.00
79.00 66.00
78.00 74.00
107.00 78.00
84.00 70.00
76.00 77.00
75.00 103.00
81.00 72.00
92.00 70.00
80.00 83.00
92.00 88.00
85.00 81.00
72.28 82.18
84.00 73.00
88.00 65.00
80.00 85.00
85.00 75.00
84.00 64.00
85.00 60.00
91.00 93.00
87.00 99.00
75.00 76.00
91.00 76.00
81.00 69.00
87.00 104.00
82.00 69.00
77.00 81.00
74.00 69.00
91.00 74.00
74.00 100.00
72.00 52.00
79.00 91.00
81.00 63.00
88.00 84.00
93.00 92.00
84.00 64.00
88.00 83.00
76.00 91.00
62.00 74.00
74.00 70.00
81.00 94.00
77.00 81.00
83.00 86.00
78.00 93.00
77.00 70.00
77.00 91.00
83.00 70.00
78.00 73.00
78.00 75.00
90.00 82.00
93.00 74.00
85.00 62.00
83.00 90.00
93.00 99.00
84.00 95.00
70.00 89.00
85.00 105.00
77.00 72.00
79.00 73.00
71.00 83.00
89.00 70.00
73.00 85.00
81.00 77.00
88.00 105.00
83.00 59.00
77.00 81.00
81.00 84.00
74.00 85.00
85.00 99.00
76.00 71.00
69.00 68.00
80.00 72.00
94.00 116.00
74.00 62.00
94.00 81.00
79.00 84.00
76.00 61.00
76.00 75.00
104.00 89.00
84.00 84.00
70.00 57.00
87.00 86.00
90.00 94.00
79.00 72.00
81.00 78.00
87.00 99.00
75.00 78.00
78.00 106.00
56.00 65.00
79.00 93.00
89.00 94.00
76.00 87.00
72.00 88.00
92.00 84.00
85.00 89.00
83.00 84.00
76.00 105.00
73.00 94.00
83.00 67.00
73.00 85.00
92.00 92.00
91.00 99.00
69.00 61.00
87.00 103.00
68.00 69.00
87.00 91.00
87.00 96.00
83.00 72.00
81.00 74.00
80.00 76.00
93.00 91.00
80.00 62.00
82.00 87.00
78.00 97.00
84.00 82.00
84.00 79.00
75.00 79.00
75.00 74.00
82.00 72.00
95.00 106.00
66.00 64.00
94.00 108.00
65.00 71.00
89.00 79.00
67.00 74.00
90.00 66.00
93.00 83.00
82.00 80.00
82.00 74.00
88.00 95.00
85.00 81.00
64.00 73.00
86.00 97.00
86.00 89.00
80.00 73.00
87.00 81.00
73.00 60.00
84.00 86.00
87.00 99.00
67.00 75.00
90.00 74.00
81.00 77.00
94.00 83.00
86.00 82.00
81.00 95.00
70.00 74.00
105.00 85.00
80.00 58.00
80.00 75.00
81.00 87.00
84.00 74.00
77.00 94.00
81.00 82.00
79.00 74.00
90.00 94.00
85.00 82.00
91.00 87.00
83.00 79.00
79.00 73.00
81.00 77.00
79.00 79.00
85.00 99.00
80.00 62.00
88.00 66.00
94.00 82.00
70.00 73.00
93.00 99.00
81.00 52.00
96.00 92.00
85.00 91.00
77.00 82.00
85.00 113.00
85.00 84.00
77.00 93.00
70.00 69.00
77.00 56.00
84.00 72.00
80.00 91.00
88.00 97.00
90.00 98.00
84.00 77.00
82.00 80.00
78.00 103.00
74.00 90.00
59.00 70.00
90.00 87.00
72.00 65.00
97.00 86.00
83.00 83.00
79.00 101.00
92.00 106.00
73.00 57.00
77.00 71.00
84.00 83.00
87.13 73.27
74.00 58.00
82.00 75.00
90.00 93.00
88.00 75.00
89.00 85.00
65.00 70.00
78.00 99.00
95.00 99.00
84.00 81.00
80.00 69.00
81.00 61.00
84.00 86.00
81.00 66.00
86.00 76.00
85.00 59.00
92.00 100.00
61.00 55.00
92.00 95.00
94.00 85.00
73.00 69.00
75.00 81.00
86.00 92.00
93.00 67.00
76.00 73.00
71.00 95.00
84.00 68.00
95.00 106.00
69.00 83.00
74.00 78.00
94.00 91.00
69.00 79.00
68.00 63.00
84.00 90.00
87.00 93.00
84.00 94.00
78.00 59.00
89.00 84.00
80.00 90.00
88.00 96.00
84.00 98.00
81.00 84.00
74.00 108.00
60.00 42.00
93.00 75.00
91.00 94.00
78.00 75.00
103.00 104.00
78.00 89.00
74.00 68.00
71.00 66.00
81.00 77.00
79.00 85.00
89.00 83.00
80.00 70.00
88.00 80.00
97.00 93.00
74.00 73.00
90.00 75.00
80.00 65.00
91.00 108.00
69.00 91.00
68.00 71.00
74.00 77.00
91.00 82.00
89.00 76.00
82.00 103.00
81.00 60.00
78.00 117.00
77.00 66.00
95.00 84.00
70.00 77.00
92.00 100.00
71.00 98.00
67.00 93.00
76.00 98.00
83.00 84.00
73.00 73.00
83.00 98.00
69.00 85.00
60.00 62.00
92.00 96.00
88.00 79.00
92.00 72.00
74.00 61.00
86.00 68.00
74.00 104.00
89.00 88.00
77.00 113.00
75.00 63.00
79.00 70.00
77.00 77.00
74.00 85.00
75.00 67.00
83.00 118.00
76.00 76.00
69.00 68.00
72.00 95.00
73.00 51.00
93.00 101.00
81.00 100.00
71.00 74.00
81.00 96.00
80.00 131.00
71.00 90.00
73.00 57.00
86.00 106.00
89.00 80.00
96.00 100.00
78.00 75.00
91.00 89.00
70.00 59.00
92.00 90.00
75.00 82.00
85.00 74.00
73.00 72.00
78.00 86.00
80.00 81.00
79.00 84.00
97.00 101.00
75.00 68.00
78.00 66.00
76.00 83.00
74.00 85.00
73.00 99.00
86.00 72.00
69.00 88.00
77.00 69.00
90.00 79.00
80.00 100.00
71.00 71.00
93.00 85.00
80.00 77.00
83.00 81.00
75.00 76.00
88.00 89.00
89.00 67.00
78.00 81.00
79.00 89.00
89.00 83.00
73.00 74.00
83.00 81.00
85.00 82.00
89.00 85.00
82.00 70.00
78.00 62.00
89.00 62.00
83.00 87.00
70.00 85.00
86.00 91.00
82.00 68.00
83.00 88.00
91.00 84.00
86.00 75.00
88.00 102.00
68.00 69.00
91.00 67.00
71.00 99.00
82.00 83.00
84.00 84.00
72.00 93.00
67.00 66.00
87.00 76.00
86.00 93.00
83.00 88.00
84.00 75.00
76.00 86.00
91.00 77.00
71.00 85.00
80.00 66.00
84.00 76.00
86.00 74.00
111.00 84.00
76.00 77.00
81.00 70.00
78.00 77.00
94.00 86.00
94.00 93.00
74.00 66.00
89.00 99.00
69.00 62.00
75.00 77.00
97.00 72.00
79.00 73.00
78.00 81.00
98.02 88.12
87.00 54.00
94.00 85.00
80.00 89.00
101.00 76.00
81.00 75.00
77.00 79.00
96.00 63.00
82.00 68.00
82.00 81.00
83.00 74.00
73.00 71.00
93.00 97.00
87.00 63.00
88.00 77.00
72.00 69.00
73.00 83.00
85.00 79.00
80.00 77.00
87.00 70.00
73.00 93.00
77.00 88.00
76.00 67.00
91.00 96.00
79.00 63.00
85.00 80.00
90.00 80.00
67.00 65.00
87.00 86.00
87.00 73.00
74.00 65.00
82.00 58.00
90.00 95.00
80.00 67.00
75.00 88.00
85.00 67.00
85.00 86.00
91.00 75.00
82.00 89.00
68.00 78.00
76.00 81.00
83.00 73.00
92.00 73.00
74.00 83.00
73.00 73.00
81.00 81.00
74.00 75.00
86.00 89.00
86.00 55.00
87.00 95.00
71.00 73.00
88.00 78.00
84.00 97.00
75.00 86.00
76.00 68.00
79.00 66.00
87.00 89.00
86.00 91.00
76.00 67.00
84.00 80.00
73.00 87.00
86.00 88.00
93.00 73.00
83.00 89.00
76.00 53.00
86.00 93.00
77.00 72.00
80.00 93.00
82.00 71.00
89.00 102.00
77.00 98.00
77.00 85.00
75.00 106.00
79.00 76.00
65.00 59.00
87.00 71.00
93.00 76.00
83.00 120.00
64.00 71.00
82.00 99.00
85.00 74.00
80.00 82.00
80.00 72.00
85.00 83.00
79.00 63.00
91.00 79.00
82.00 76.00
88.00 79.00
87.00 79.00
94.00 72.00
92.00 74.00
80.00 81.00
74.00 75.00
78.00 86.00
75.00 85.00
77.00 72.00
89.00 80.00
79.00 77.00
69.00 76.00
84.00 80.00
91.00 85.00
93.00 83.00
81.00 100.00
72.00 71.00
67.00 77.00
85.00 97.00
86.00 64.00
90.00 80.00
87.00 85.00
77.00 81.00
75.00 70.00
78.00 79.00
91.00 129.00
69.00 79.00
81.00 76.00
79.00 93.00
96.00 85.00
81.00 69.00
77.00 84.00
80.00 77.00
88.00 73.00
79.00 74.00
81.00 95.00
81.00 70.00
89.00 84.00
80.00 107.00
72.00 82.00
82.00 102.00
79.00 76.00
74.00 103.00
67.00 55.00
83.00 77.00
75.00 80.00
90.00 84.00
87.00 120.00
75.00 54.00
81.00 83.00
84.00 87.00
69.00 64.00
82.00 74.00
80.00 71.00
87.00 79.00
76.00 76.00
87.00 82.00
92.00 92.00
70.00 74.00
93.00 60.00
84.00 79.00
90.00 77.00
84.00 84.00
87.00 97.00
73.00 80.00
81.00 87.00
72.00 85.00
91.00 65.00
80.00 93.00
80.00 69.00
75.00 110.00
72.00 68.00
85.00 88.00
67.00 94.00
88.00 69.00
80.00 72.00
76.00 88.00
89.00 73.00
87.00 87.00
77.00 87.00
81.00 76.00
80.00 84.00
82.00 84.00
77.00 75.00
91.00 93.00
89.00 82.00
76.00 72.00
84.00 60.00
100.00 71.00
78.00 81.00
83.00 90.00
79.00 61.00
86.00 89.00
74.00 74.00
96.00 79.00
87.00 85.00
87.00 76.00
70.00 74.00
84.00 96.00
75.25 91.09
73.00 56.00
85.00 83.00
63.00 76.00
83.00 89.00
76.00 90.00
80.00 82.00
88.00 90.00
74.00 58.00
89.00 87.00
84.00 82.00
80.00 68.00
67.00 74.00
99.00 97.00
76.00 83.00
67.00 83.00
80.00 71.00
93.00 93.00
89.00 64.00
70.00 83.00
87.00 90.00
87.00 74.00
72.00 75.00
85.00 102.00
67.00 93.00
74.00 67.00
87.00 88.00
82.00 89.00
90.00 78.00
76.00 61.00
86.00 81.00
82.00 69.00
89.00 83.00
85.00 86.00
78.00 85.00
73.00 75.00
79.00 97.00
92.00 90.00
71.00 72.00
88.00 87.00
86.00 76.00
67.00 73.00
84.00 97.00
81.00 62.00
87.00 70.00
91.00 84.00
80.00 63.00
79.00 86.00
82.00 74.00
87.00 94.00
87.00 90.00
73.00 76.00
89.00 74.00
89.00 79.00
78.00 91.00
62.00 65.00
89.00 82.00
91.00 68.00
89.00 104.00
67.00 61.00
85.00 85.00
82.00 86.00
78.00 71.00
86.00 79.00
92.00 94.00
79.00 83.00
57.00 57.00
91.00 99.00
71.00 71.00
82.00 79.00
75.00 100.00
79.00 72.00
94.00 79.00
83.00 85.00
83.00 87.00
79.00 57.00
86.00 88.00
90.00 86.00
76.00 86.00
74.00 76.00
87.00 73.00
103.00 105.00
71.00 69.00
71.00 80.00
79.00 76.00
80.00 97.00
80.00 76.00
87.00 89.00
84.00 74.00
74.00 80.00
69.00 83.00
85.00 82.00
80.00 95.00
79.00 76.00
73.00 93.00
81.00 83.00
73.00 69.00
92.00 80.00
85.00 82.00
78.00 74.00
69.00 74.00
71.00 95.00
77.00 93.00
68.00 91.00
87.00 85.00
69.00 73.00
86.00 86.00
73.00 93.00
95.00 87.00
66.00 64.00
81.00 69.00
93.00 110.00
59.00 51.00
94.00 94.00
81.00 80.00
83.00 86.00
76.00 93.00
69.00 68.00
81.00 94.00
69.00 75.00
83.00 84.00
75.00 87.00
70.00 68.00
101.00 84.00
90.00 90.00
76.00 73.00
84.00 82.00
80.00 80.00
88.00 78.00
81.00 77.00
79.00 72.00
88.00 94.00
63.00 80.00
106.00 105.00
81.00 77.00
92.00 99.00
69.00 63.00
77.00 86.00
78.00 93.00
79.00 81.00
72.00 91.00
86.00 94.00
85.00 75.00
83.00 67.00
77.00 83.00
80.00 77.00
91.00 82.00
85.00 77.00
83.00 75.00
85.00 71.00
83.00 86.00
74.00 88.00
85.00 93.00
81.00 95.00
83.00 68.00
74.00 87.00
86.00 81.00
80.00 62.00
97.00 88.00
67.00 74.00
79.00 87.00
77.00 71.00
76.00 78.00
78.00 90.00
81.00 96.00
73.00 57.00
78.00 87.00
85.00 84.00
88.00 89.00
82.00 60.00
94.00 111.00
67.00 61.00
87.00 81.00
73.00 63.00
74.00 72.00
79.00 77.00
81.00 72.00
79.00 100.00
69.00 75.00
61.00 60.00
92.00 94.00
91.00 74.00
83.00 63.00
76.24 87.13
84.00 110.00
64.00 47.00
89.00 76.00
94.00 93.00
93.00 85.00
76.00 83.00
67.00 72.00
85.00 86.00
80.00 97.00
75.00 91.00
72.00 81.00
85.00 56.00
101.00 95.00
87.00 79.00
74.00 73.00
87.00 72.00
90.00 84.00
78.00 95.00
80.00 70.00
80.00 65.00
76.00 102.00
77.00 89.00
75.00 86.00
84.00 64.00
76.00 99.00
80.00 86.00
94.00 86.00
68.00 62.00
89.00 107.00
86.00 88.00
81.00 59.00
78.00 69.00
79.00 84.00
88.00 83.00
97.00 77.00
79.00 69.00
102.00 101.00
73.00 80.00
77.00 57.00
74.00 84.00
94.00 113.00
82.00 90.00
69.00 60.00
77.00 78.00
87.00 87.00
79.00 88.00
94.00 79.00
76.00 96.00
61.00 53.00
105.00 107.00
77.00 76.00
75.00 84.00
86.00 102.00
68.00 62.00
90.00 91.00
81.00 97.00
64.00 82.00
92.00 110.00
82.00 75.00
72.00 82.00
89.00 91.00
78.00 84.00
85.00 90.00
79.00 67.00
85.00 84.00
82.00 89.00
73.00 72.00
81.00 101.00
67.00 68.00
76.00 71.00
74.00 92.00
92.00 79.00
93.00 98.00
66.00 66.00
61.00 69.00
99.00 84.00
84.00 100.00
84.00 77.00
83.00 96.00
82.00 81.00
78.00 93.00
81.00 91.00
76.00 83.00
69.00 104.00
90.00 77.00
68.00 66.00
82.00 89.00
71.00 80.00
98.00 91.00
81.00 107.00
77.00 80.00
86.00 81.00
67.00 74.00
74.00 91.00
66.00 107.00
70.00 76.00
81.00 95.00
83.00 76.00
76.00 95.00
82.00 69.00
85.00 78.00
91.00 95.00
93.00 78.00
89.00 96.00
71.00 70.00
80.00 71.00
76.00 70.00
88.00 92.00
69.00 76.00
89.00 89.00
79.00 83.00
72.00 66.00
82.00 92.00
86.00 96.00
80.00 81.00
78.00 91.00
77.00 62.00
95.00 98.00
77.00 74.00
73.00 89.00
77.00 84.00
80.00 106.00
86.00 66.00
70.00 71.00
90.00 89.00
80.00 71.00
93.00 65.00
92.00 89.00
76.00 64.00
82.00 83.00
78.00 73.00
92.00 88.00
82.00 96.00
80.00 63.00
86.00 85.00
85.00 92.00
86.00 86.00
81.00 73.00
73.00 71.00
90.00 65.00
95.00 93.00
75.00 84.00
86.00 74.00
83.00 91.00
80.00 80.00
74.00 72.00
77.00 113.00
73.00 93.00
66.00 64.00
85.00 105.00
78.00 75.00
81.00 92.00
65.00 69.00
88.00 97.00
85.00 81.00
73.00 69.00
90.00 69.00
92.00 73.00
77.00 84.00
79.00 74.00
77.00 81.00
91.00 69.00
80.00 101.00
74.00 77.00
64.00 66.00
88.00 92.00
86.00 71.00
79.00 77.00
81.00 65.00
91.00 80.00
75.00 68.00
94.00 105.00
63.00 69.00
94.00 103.00
77.00 69.00
82.00 92.00
78.00 66.00
78.00 58.00
92.00 83.00
76.00 85.00
88.00 78.00
87.00 85.00
87.00 71.00
70.00 79.00
95.00 91.00
86.14 85.15
81.00 67.00
76.00 93.00
94.00 58.00
89.00 88.00
77.00 64.00
78.00 79.00
78.00 100.00
80.00 83.00
68.00 56.00
98.00 75.00
88.00 96.00
81.00 65.00
94.00 101.00
91.00 107.00
70.00 74.00
68.00 72.00
95.00 98.00
85.00 100.00
67.00 74.00
81.00 101.00
78.00 90.00
78.00 65.00
91.00 93.00
79.00 83.00
77.00 62.00
85.00 100.00
68.00 65.00
84.00 79.00
85.00 91.00
75.00 88.00
74.00 63.00
97.00 70.00
87.00 91.00
83.00 84.00
72.00 57.00
110.00 84.00
74.00 83.00
86.00 93.00
77.00 80.00
81.00 66.00
84.00 59.00
91.00 83.00
79.00 82.00
85.00 90.00
92.00 93.00
87.00 72.00
86.00 66.00
82.00 70.00
73.00 79.00
104.00 94.00
85.00 70.00
84.00 86.00
81.00 67.00
92.00 77.00
88.00 95.00
56.00 58.00
80.00 88.00
93.00 92.00
88.00 96.00
79.00 77.00
78.00 58.00
78.00 91.00
67.00 83.00
104.00 84.00
76.00 71.00
86.00 84.00
75.00 79.00
82.00 86.00
82.00 102.00
72.00 66.00
71.00 71.00
91.00 95.00
59.00 59.00
81.00 102.00
77.00 79.00
75.00 70.00
65.00 78.00
100.00 107.00
77.00 97.00
67.00 74.00
79.00 103.00
72.00 62.00
67.00 88.00
86.00 82.00
90.00 92.00
82.00 84.00
94.00 93.00
66.00 69.00
72.00 69.00
78.00 84.00
89.00 106.00
82.00 80.00
89.00 111.00
63.00 73.00
94.00 98.00
74.00 79.00
70.00 65.00
86.00 80.00
87.00 114.00
81.00 87.00
63.00 72.00
76.00 106.00
74.00 76.00
81.00 98.00
72.00 73.00
85.00 92.00
77.00 65.00
88.00 93.00
87.00 79.00
85.00 68.00
90.00 64.00
91.00 102.00
74.00 82.00
73.00 77.00
85.00 82.00
77.00 76.00
72.00 83.00
78.00 83.00
83.00 86.00
68.00 84.00
79.00 93.00
85.00 89.00
83.00 77.00
78.00 59.00
74.00 103.00
83.00 79.00
83.00 83.00
76.00 65.00
90.00 90.00
80.00 68.00
87.00 79.00
78.00 87.00
81.00 82.00
72.00 82.00
80.00 86.00
90.00 69.00
95.00 72.00
67.00 74.00
103.00 106.00
82.00 64.00
79.00 82.00
89.00 94.00
71.00 84.00
88.00 89.00
80.00 89.00
70.00 83.00
70.00 68.00
72.00 91.00
88.00 82.00
78.00 85.00
77.00 80.00
79.00 107.00
84.00 79.00
81.00 106.00
79.00 59.00
79.00 73.00
86.00 72.00
79.00 100.00
67.00 80.00
85.00 74.00
72.00 89.00
85.00 80.00
82.00 91.00
77.00 88.00
63.00 69.00
86.00 82.00
84.00 88.00
79.00 69.00
87.00 70.00
83.00 96.00
72.00 72.00
87.00 93.00
77.00 84.00
85.00 90.00
91.00 86.00
81.00 76.00
70.00 70.00
98.00 98.00
75.00 67.00
89.00 71.00
88.00 85.00
79.00 72.00
75.00 86.00
79.21 72.28
79.00 68.00
90.00 90.00
81.00 73.00
70.00 91.00
81.00 103.00
89.00 84.00
84.00 92.00
75.00 80.00
102.00 89.00
68.00 77.00
72.00 69.00
89.00 92.00
79.00 68.00
77.00 88.00
85.00 74.00
96.00 77.00
80.00 79.00
87.00 82.00
86.00 78.00
82.00 77.00
85.00 87.00
76.00 81.00
71.00 79.00
71.00 74.00
75.00 72.00
92.00 90.00
85.00 77.00
77.00 74.00
87.00 105.00
81.00 64.00
91.00 96.00
85.00 88.00
73.00 70.00
87.00 82.00
89.00 83.00
84.00 71.00
96.00 88.00
74.00 73.00
86.00 74.00
74.00 64.00
95.00 109.00
71.00 83.00
100.00 92.00
71.00 80.00
79.00 64.00
84.00 85.00
74.00 90.00
76.00 59.00
95.00 107.00
70.00 62.00
85.00 100.00
79.00 65.00
79.00 94.00
83.00 78.00
79.00 71.00
84.00 92.00
72.00 77.00
90.00 76.00
87.00 94.00
81.00 69.00
99.00 90.00
79.00 55.00
87.00 111.00
85.00 68.00
78.00 80.00
79.00 82.00
63.00 75.00
85.00 99.00
65.00 97.00
95.00 71.00
77.00 68.00
83.00 82.00
85.00 78.00
56.00 67.00
95.00 86.00
83.00 66.00
85.00 83.00
77.00 89.00
87.00 89.00
72.00 76.00
49.00 66.00
95.00 88.00
83.00 62.00
82.00 87.00
83.00 95.00
68.00 80.00
81.00 73.00
84.00 76.00
91.00 80.00
83.00 81.00
77.00 77.00
76.00 75.00
82.00 70.00
96.00 74.00
87.00 104.00
74.00 67.00
82.00 78.00
80.00 72.00
83.00 84.00
88.00 65.00
89.00 93.00
83.00 74.00
74.00 82.00
77.00 76.00
85.00 75.00
73.00 87.00
81.00 79.00
87.00 93.00
70.00 83.00
86.00 86.00
74.00 67.00
83.00 81.00
79.00 73.00
76.00 98.00
82.00 85.00
81.00 94.00
70.00 63.00
90.00 90.00
88.00 83.00
79.00 76.00
83.00 116.00
62.00 62.00
80.00 87.00
78.00 100.00
58.00 53.00
