0.65
72.46
90.18
90.25
90.54
90.57
88.62
89.82
89.85
89.93
89.81
89.81
88.27
90.84
91.00
90.80
90.67
90.98
90.89
90.83
90.88
88.52
89.83
89.83
89.86
89.82
88.52
90.15
90.34
89.94
89.89
90.02
90.23
89.85
87.92
90.36
90.53
90.56
87.05
90.20
90.55
90.42
88.55
87.73
89.12
90.13
88.47
90.04
90.02
89.41
90.19
89.83
90.02
90.09
90.19
90.12
89.89
89.98
90.12
90.28
89.93
89.99
89.92
90.25
90.17
89.93
89.94
90.11
90.16
90.21
90.07
90.03
90.09
89.00
90.30
89.96
89.95
90.27
90.20
90.04
89.97
88.30
89.77
89.00
89.55
89.36
89.45
89.57
89.33
89.52
89.37
89.52
88.28
90.39
90.23
90.26
90.44
90.39
90.35
90.15
90.27
90.38
90.45
87.63
90.48
90.50
90.53
90.43
89.93
90.27
90.57
90.48
90.51
88.59
88.88
90.41
90.50
90.41
90.25
88.14
90.68
88.58
89.71
89.64
89.62
89.72
88.70
88.50
89.58
89.98
90.11
90.06
89.85
87.95
89.79
90.01
89.82
89.81
89.93
89.91
88.28
88.38
89.93
89.93
90.17
90.21
90.08
90.07
89.11
90.99
88.72
89.89
89.89
87.93
90.08
89.87
89.94
89.89
87.26
90.02
89.84
89.81
89.82
88.41
89.09
89.36
88.65
88.15
90.47
90.49
90.39
90.29
90.45
90.44
90.46
90.23
90.68
90.25
88.69
90.68
90.37
90.33
90.54
90.86
90.41
90.39
90.37
90.80
88.84
90.20
90.22
88.16
90.20
90.20
90.04
89.97
90.06
90.17
87.71
89.96
89.95
86.53
89.93
89.81
87.84
89.80
87.86
88.38
90.01
89.98
87.70
91.53
91.40
91.20
91.57
91.30
91.25
88.67
85.66
90.73
90.77
90.93
88.68
87.73
90.07
90.14
90.18
90.05
90.03
89.96
90.15
90.19
90.02
87.34
90.20
90.39
86.79
90.27
90.18
90.26
90.64
90.61
90.32
89.66
90.43
86.97
90.35
90.23
87.24
89.82
89.82
88.55
90.01
88.66
90.38
90.31
90.12
90.29
87.80
89.77
89.77
88.60
88.32
90.22
91.70
91.57
91.36
91.46
91.53
91.45
91.61
91.40
91.37
91.62
90.48
88.78
89.66
89.72
89.44
89.74
89.79
88.80
90.92
90.79
90.79
90.94
90.98
91.01
91.04
90.78
91.01
88.39
89.93
89.64
88.52
90.88
90.73
91.36
88.02
90.75
91.01
91.05
91.38
91.22
90.50
90.98
91.19
91.30
90.83
90.89
91.02
91.41
91.38
90.77
90.77
91.28
91.06
91.07
89.57
90.92
91.20
91.23
89.23
90.43
90.71
91.27
91.58
90.71
90.37
90.96
91.81
91.30
88.28
87.86
90.05
90.10
90.05
88.32
90.02
90.09
90.07
89.91
89.84
89.90
90.14
90.08
89.84
89.95
88.55
90.16
90.10
89.95
89.92
90.12
90.00
89.95
89.86
89.89
86.68
90.04
89.92
89.95
89.89
89.75
90.10
89.73
89.88
88.02
89.40
89.66
89.69
89.65
89.77
89.77
89.67
89.66
89.65
89.75
89.78
89.68
89.61
89.61
88.56
90.51
89.53
90.38
90.23
90.50
90.36
86.25
90.29
90.25
88.91
88.80
88.10
90.10
90.18
90.17
90.12
88.30
90.34
90.26
90.34
90.13
90.11
90.15
90.21
90.17
90.28
89.32
90.30
90.25
90.35
90.27
89.02
90.82
90.77
90.45
90.66
89.62
90.69
90.70
90.69
90.61
90.21
90.75
90.69
90.56
90.55
90.86
90.64
90.61
90.37
88.88
90.17
88.87
91.00
90.83
90.67
91.12
90.94
90.88
88.86
90.80
90.29
90.77
90.41
90.64
89.55
90.10
90.29
90.08
90.33
90.71
90.78
90.11
90.15
90.59
90.25
89.32
90.14
90.11
90.46
90.55
88.52
90.11
90.20
90.24
90.20
90.15
90.14
88.32
89.63
89.42
89.55
89.52
89.64
89.54
89.50
89.14
89.55
89.57
89.72
89.56
89.38
91.21
91.10
91.23
91.09
91.17
91.16
91.19
91.16
91.13
90.16
89.24
90.03
90.02
89.93
86.07
90.27
88.59
88.53
90.43
88.25
90.48
90.33
90.37
90.14
90.48
90.41
88.66
90.52
90.50
89.68
90.75
90.51
90.44
90.43
89.90
90.68
90.53
90.56
90.62
89.20
89.71
89.55
89.59
89.57
89.84
89.67
88.16
89.71
88.59
89.12
90.41
90.57
90.61
90.80
90.58
90.45
90.41
90.80
90.64
87.56
85.95
90.53
91.06
91.23
87.67
90.53
90.76
87.09
90.65
90.71
90.79
90.54
90.61
90.60
88.80
90.55
90.90
89.09
90.98
90.77
89.03
88.96
90.10
88.06
85.93
90.75
90.72
90.57
90.68
90.55
90.68
90.67
90.70
90.18
88.31
89.57
89.79
89.61
89.86
89.80
89.92
89.54
89.66
89.55
89.69
89.73
89.20
89.00
90.12
90.33
90.39
88.45
89.83
89.85
89.90
88.56
89.88
90.35
90.33
90.55
90.42
90.26
89.46
90.35
88.18
90.61
90.54
90.62
90.70
90.57
90.71
90.47
90.61
90.76
90.66
90.64
88.19
88.28
90.61
90.20
90.19
90.50
90.36
88.81
90.23
89.06
90.43
90.50
90.48
90.46
90.46
90.46
90.56
90.53
90.52
90.28
90.56
90.58
90.51
88.26
90.33
90.55
90.56
90.45
88.43
90.52
90.41
90.46
90.53
90.43
90.48
90.49
90.49
90.55
90.43
90.52
90.54
88.67
90.39
89.27
91.27
91.28
91.21
91.40
91.30
91.19
89.86
89.52
89.72
89.75
89.80
89.70
89.74
89.55
88.03
88.34
90.17
88.74
90.52
90.05
88.42
89.86
90.04
89.23
90.10
90.81
89.35
90.31
89.15
89.77
90.12
90.11
90.16
90.44
89.71
89.99
89.89
90.28
90.54
88.92
90.41
90.01
90.41
88.16
89.29
90.39
90.46
90.59
87.92
88.98
89.70
89.66
89.70
89.70
89.68
89.51
88.09
90.80
90.66
90.87
90.68
90.66
90.82
89.07
90.87
90.81
90.93
90.89
90.75
90.53
90.98
90.80
90.93
89.09
89.62
90.00
91.25
88.79
90.43
90.87
90.82
90.83
90.56
90.54
90.36
90.41
90.48
90.54
90.45
88.96
90.54
90.58
88.33
90.03
90.52
90.41
88.40
90.57
90.72
82.47
90.24
89.97
90.05
90.16
90.24
90.28
88.01
89.50
89.68
89.57
88.39
90.04
89.87
83.54
88.91
90.04
89.66
89.11
85.03
90.12
90.41
90.21
88.78
90.29
86.17
89.88
89.00
91.96
89.18
89.01
87.87
88.25
86.74
90.32
89.77
90.22
90.24
89.25
91.24
90.18
91.25
91.28
91.27
91.23
91.22
91.22
91.34
87.02
91.26
91.38
91.27
91.48
89.28
87.67
91.39
91.81
91.91
91.86
91.80
91.45
91.92
91.77
87.89
90.38
90.30
90.53
90.54
90.36
90.36
90.36
90.41
90.51
90.42
90.27
88.49
90.67
90.45
90.39
90.27
88.77
89.93
87.23
89.13
89.28
89.36
89.24
89.18
87.93
90.41
89.50
90.41
90.23
90.38
90.34
90.42
90.39
90.36
88.45
90.68
89.09
90.10
90.15
90.24
90.34
85.77
90.13
90.11
90.24
90.26
89.41
90.23
90.17
90.28
90.38
89.61
90.21
90.17
90.46
88.04
90.41
90.34
90.65
90.68
90.54
90.36
90.55
90.74
90.52
90.45
89.86
90.46
90.76
86.43
90.84
91.03
90.88
91.05
90.95
90.86
88.00
90.41
90.51
90.36
90.32
90.48
90.48
90.63
90.20
90.30
82.66
89.68
89.71
89.66
89.69
88.02
90.50
90.38
88.76
90.79
91.05
91.04
87.88
90.13
87.94
90.55
90.90
90.20
88.95
91.09
90.73
91.02
91.03
90.88
91.20
91.03
91.15
90.95
91.04
89.04
90.59
90.67
90.68
90.75
85.19
90.43
90.35
90.41
90.57
90.47
90.45
90.40
90.43
90.53
90.38
90.47
90.20
90.46
90.50
90.55
85.60
90.52
90.65
90.61
90.48
90.52
90.61
90.60
90.46
90.44
90.58
90.58
90.58
89.64
90.54
90.36
90.59
90.54
88.32
91.10
90.82
91.20
88.90
91.49
91.36
91.39
91.55
91.58
91.30
87.04
88.71
88.23
88.27
91.49
91.37
91.55
91.48
91.39
91.36
91.45
88.91
90.20
88.30
89.91
87.21
88.61
90.04
87.93
90.38
90.57
90.29
90.47
90.40
90.46
90.46
90.12
90.41
90.40
90.55
90.51
90.41
90.40
90.53
90.54
90.49
90.03
90.25
90.48
90.58
90.47
90.36
90.34
90.48
90.56
90.45
90.29
90.38
90.51
88.92
87.37
89.39
88.54
90.61
90.32
90.12
90.00
86.32
90.87
90.66
90.75
90.68
90.86
90.95
87.65
89.63
89.67
89.89
88.22
89.71
89.64
86.87
91.13
91.04
90.94
91.07
91.23
86.16
89.87
89.91
90.24
90.23
90.12
89.98
90.00
90.23
90.45
89.79
89.89
89.99
90.36
90.30
89.81
89.81
90.18
88.87
90.98
91.14
91.25
91.06
91.41
91.12
91.26
91.11
91.27
91.20
90.90
91.13
91.18
87.08
89.65
89.75
89.55
89.86
89.91
89.79
89.64
89.78
89.85
89.89
89.59
89.88
89.77
89.82
89.78
89.81
88.14
89.85
89.88
89.75
89.80
87.64
90.06
90.01
90.00
89.94
89.04
91.41
91.55
87.54
89.41
90.02
90.14
89.48
89.49
89.43
88.84
91.20
90.97
88.58
91.45
91.09
89.11
91.14
91.00
91.36
91.28
91.15
90.83
91.06
88.26
86.32
90.56
90.53
90.69
90.84
90.73
90.53
90.72
88.25
90.09
90.02
89.97
90.04
90.10
90.08
89.36
87.64
90.41
90.68
90.49
90.25
90.30
90.54
90.68
87.74
88.24
89.87
89.99
90.02
89.88
89.93
89.93
90.00
89.89
89.88
86.66
90.79
88.74
90.36
90.22
90.21
90.57
90.44
90.26
90.30
89.73
90.40
90.37
86.98
88.87
89.21
91.12
91.16
90.79
90.86
91.35
91.38
88.70
91.02
91.13
88.64
91.33
90.78
90.76
91.21
89.44
91.15
91.28
86.98
87.30
87.19
90.84
90.76
90.99
90.97
89.34
90.65
90.90
90.93
90.89
90.90
90.85
90.87
90.98
90.89
90.79
90.81
90.91
90.99
90.82
90.86
90.65
90.96
91.17
90.68
89.69
90.89
91.00
88.04
90.46
90.50
90.54
90.45
90.50
90.48
90.45
90.52
90.61
85.83
88.16
87.77
90.33
90.36
90.11
90.15
90.57
87.00
89.38
90.55
88.35
91.61
91.39
91.16
91.30
91.29
91.14
91.28
91.22
86.35
86.33
91.07
90.78
88.18
90.32
90.55
88.79
90.38
90.16
90.29
90.54
90.38
90.20
87.46
90.86
90.83
90.73
90.97
90.65
90.84
91.00
90.68
90.91
90.79
88.21
90.59
90.18
90.31
90.29
90.48
90.34
87.63
90.07
90.24
90.23
90.00
88.39
90.06
90.17
87.57
90.50
87.27
90.05
88.25
87.82
90.08
90.27
90.86
90.50
88.06
86.25
90.71
90.93
90.79
87.57
90.17
90.38
90.43
87.84
90.08
88.47
89.23
91.20
90.62
87.41
86.86
90.45
87.96
89.74
89.75
89.78
88.48
89.86
89.77
88.74
91.32
91.23
90.44
92.16
89.20
91.05
88.10
89.89
89.85
90.09
90.16
86.67
88.03
90.09
90.31
90.25
89.96
90.13
90.10
90.38
90.27
88.41
90.29
90.60
88.53
88.29
89.08
87.87
88.48
91.23
90.69
89.48
90.76
91.12
90.81
90.38
87.94
90.87
90.65
90.64
90.39
90.36
90.82
91.26
90.60
88.84
90.79
91.37
91.09
90.87
88.09
90.25
90.39
90.20
90.19
90.12
90.27
90.18
90.17
90.15
90.22
90.27
90.25
90.21
90.14
90.24
90.33
90.13
90.17
90.21
90.16
89.40
90.11
90.08
90.18
90.25
90.25
90.14
90.09
90.26
90.36
90.15
90.12
90.15
90.21
88.05
88.50
88.27
89.73
90.59
90.59
88.11
89.85
89.98
89.92
89.95
89.79
89.30
90.02
90.11
89.83
89.37
89.66
90.00
89.97
88.43
90.57
90.55
90.66
90.49
90.56
89.47
88.30
91.76
88.33
90.16
89.87
90.33
90.32
87.62
88.18
89.51
90.08
90.11
90.09
89.99
90.11
90.12
89.96
89.98
90.04
90.64
90.24
90.13
89.92
90.08
89.11
90.21
90.17
87.85
90.39
90.27
90.14
90.28
90.33
90.36
88.25
90.21
90.19
90.30
90.37
90.25
90.21
90.29
90.44
88.03
89.77
89.90
89.95
90.09
90.01
89.77
89.91
89.99
90.09
88.33
89.20
89.92
89.98
90.09
89.75
87.95
91.05
90.22
90.95
91.24
88.45
88.49
90.30
90.13
87.26
89.52
89.65
89.67
89.43
87.14
88.43
90.02
87.94
89.53
87.23
90.10
90.38
87.80
90.16
90.25
88.70
90.36
90.09
90.05
90.22
88.99
90.22
90.23
87.64
89.74
89.79
89.66
89.64
89.55
89.79
88.46
89.67
89.52
89.62
89.83
89.61
89.63
87.95
90.21
90.28
89.17
90.22
90.12
90.27
89.60
87.34
90.22
90.62
86.12
90.68
90.43
90.51
90.61
90.82
90.54
88.42
91.11
91.06
88.24
89.80
87.67
88.43
90.63
90.39
90.38
90.03
90.52
88.28
90.36
90.32
90.37
90.34
90.31
90.45
90.17
90.36
87.89
88.39
90.21
90.22
90.37
87.82
89.99
89.87
88.01
90.66
90.49
88.00
89.39
89.71
89.30
89.64
89.29
89.50
89.79
86.77
89.52
87.96
90.31
90.62
89.48
90.12
90.24
90.39
86.93
88.56
90.43
90.44
90.62
90.47
90.44
88.11
87.77
87.76
90.52
88.00
90.56
88.38
90.60
90.46
90.61
90.43
88.91
87.02
89.92
86.50
90.32
90.45
90.47
90.38
86.46
89.97
88.70
91.32
91.22
90.98
91.34
91.48
91.21
91.27
91.30
91.35
91.41
91.19
91.12
91.28
91.32
88.97
90.80
90.62
89.59
90.87
90.72
90.70
90.88
88.32
90.52
90.03
87.29
90.15
87.32
90.20
87.98
91.03
88.96
88.81
89.41
89.52
89.08
91.18
91.16
90.67
91.09
91.09
91.34
90.84
91.12
91.64
91.31
90.32
91.08
90.68
91.88
91.29
90.80
86.61
91.26
88.34
90.38
85.48
89.74
89.82
90.11
89.81
89.79
89.32
89.87
89.88
90.00
89.76
86.82
90.38
90.26
90.10
88.36
86.82
89.82
89.33
89.57
89.40
89.73
89.66
89.32
89.46
88.50
88.63
90.58
90.09
90.23
90.29
90.49
90.34
90.24
90.31
88.11
89.39
84.41
91.20
88.17
90.31
90.18
90.00
89.91
90.19
90.28
89.92
89.97
90.13
90.27
90.27
89.36
90.06
90.25
90.23
90.18
89.75
90.06
90.16
90.24
90.10
89.73
90.11
89.33
88.22
90.34
90.47
90.77
88.88
90.28
90.23
85.23
90.50
90.61
88.97
88.05
90.30
88.23
90.52
90.52
90.45
89.28
90.66
90.39
90.36
90.57
89.78
90.71
88.44
89.75
90.04
89.55
89.91
89.52
88.66
86.77
90.60
90.36
90.30
90.41
87.97
90.65
90.92
90.80
90.98
91.02
90.90
90.95
87.57
89.91
89.91
89.84
85.08
89.94
90.84
89.94
88.02
90.84
91.18
91.08
90.96
87.04
90.22
90.37
90.23
90.18
90.18
90.32
90.38
90.30
90.19
86.99
90.35
88.24
90.14
90.07
90.25
88.13
87.78
89.87
89.73
89.20
89.97
89.84
88.39
90.84
88.24
89.97
89.74
89.85
89.89
90.09
89.89
89.77
89.90
88.30
90.25
89.99
90.01
90.09
90.28
90.27
90.06
89.87
90.20
90.23
89.50
90.04
90.11
90.23
90.27
87.96
91.36
91.38
91.41
90.63
91.10
91.40
91.52
91.45
91.27
88.36
89.80
90.01
89.95
89.61
89.46
90.03
89.80
87.64
90.03
86.52
90.84
91.05
90.83
88.00
89.56
90.62
90.54
90.32
87.24
89.79
89.77
89.55
89.57
89.70
89.76
89.67
89.65
89.27
89.71
89.34
89.61
89.37
89.54
86.67
88.14
90.38
90.30
87.72
89.76
89.77
87.22
88.13
90.61
90.77
90.79
90.74
90.95
91.10
88.12
89.96
89.98
90.13
90.27
90.10
89.38
90.00
90.18
90.17
90.06
89.95
90.07
90.16
90.23
87.48
88.97
89.98
89.97
83.77
90.55
88.11
90.65
90.62
90.23
90.59
90.55
90.61
90.51
90.62
90.41
90.18
87.43
88.05
90.07
90.23
90.34
86.41
89.67
89.61
89.77
87.62
90.43
90.10
90.09
88.22
90.09
90.58
90.59
90.57
90.91
89.68
90.57
90.50
90.72
90.85
89.41
88.25
91.03
91.18
90.95
87.79
90.30
90.29
87.95
90.33
88.36
90.79
91.12
91.10
90.75
86.43
90.62
90.54
90.62
90.15
90.14
90.62
90.56
90.39
90.08
87.11
90.69
90.70
90.42
87.34
89.52
90.11
90.11
90.02
90.10
90.20
87.88
90.13
90.16
90.30
90.55
90.36
90.25
90.02
90.41
88.51
90.20
90.36
90.43
88.59
89.73
87.17
90.02
90.30
90.22
89.27
90.10
90.04
90.31
90.18
90.12
89.88
90.12
90.16
90.13
89.61
90.04
90.26
90.29
90.03
87.40
90.53
87.95
90.64
90.53
90.46
89.75
88.32
90.12
90.19
89.22
90.37
90.16
90.04
90.28
90.26
90.28
90.17
90.21
88.54
89.98
91.24
90.82
91.09
91.03
90.19
91.15
90.83
91.03
91.20
91.23
90.87
91.04
88.09
90.73
90.58
90.46
90.41
90.60
88.59
89.98
90.51
90.56
90.56
90.55
90.54
90.42
90.63
90.70
90.54
90.47
88.21
90.58
87.41
89.80
89.28
89.94
89.88
89.77
89.63
89.19
85.24
89.88
89.73
89.83
89.89
89.13
88.67
90.23
90.12
90.47
90.34
90.18
90.19
90.09
87.14
90.96
90.74
90.67
90.95
90.10
90.76
88.05
90.42
90.43
86.63
90.38
90.41
90.52
90.68
90.37
90.24
90.34
90.54
90.55
90.38
90.39
90.44
90.61
88.82
87.20
90.34
90.59
90.61
90.47
90.11
90.44
90.61
90.53
90.51
90.54
90.70
90.65
90.29
88.26
86.60
90.48
90.45
90.61
90.34
89.15
90.56
90.60
90.36
90.46
89.32
87.79
90.22
87.54
90.29
90.36
90.02
87.94
87.55
89.88
89.94
89.65
87.64
89.65
89.95
89.78
89.61
87.36
89.37
88.70
90.61
90.54
90.50
90.77
90.70
90.56
90.44
90.79
90.66
90.49
89.72
90.45
90.75
90.73
88.12
86.07
91.10
88.90
88.17
90.22
90.09
90.63
90.61
90.47
90.39
87.74
88.28
90.38
90.16
90.23
90.26
90.41
90.34
90.19
90.31
87.70
90.36
90.27
87.96
87.51
89.21
90.33
90.34
90.44
90.63
87.34
90.47
90.34
90.44
89.72
90.34
90.30
87.67
90.70
90.48
90.55
90.28
90.43
88.28
90.65
90.51
90.57
90.61
90.81
90.63
89.66
87.85
90.62
90.68
90.32
90.38
90.57
90.58
90.62
90.45
87.70
90.36
90.38
90.11
90.14
90.34
90.42
90.36
90.08
90.12
90.33
90.38
90.30
87.38
90.08
90.21
90.07
90.01
89.91
90.14
90.18
90.08
89.98
90.10
90.14
90.11
87.55
89.70
89.77
89.86
89.69
89.71
89.66
87.89
89.89
89.84
89.64
87.47
90.36
90.21
89.53
89.95
85.16
89.93
89.99
86.25
90.21
90.48
90.52
90.12
86.38
90.26
90.54
90.34
87.30
88.64
89.64
89.55
89.32
89.30
88.70
90.45
90.38
90.23
87.63
88.04
90.71
90.64
90.62
90.57
90.82
90.82
90.61
90.58
87.65
89.87
87.46
89.80
89.63
89.98
84.72
89.77
89.67
89.87
89.96
89.85
89.86
89.69
90.00
90.04
89.79
89.68
86.91
89.53
89.66
88.07
86.81
89.93
89.93
89.95
89.45
87.46
88.91
90.95
90.55
89.20
90.75
90.85
90.84
90.68
84.34
90.26
90.28
90.20
88.38
90.55
90.68
90.71
90.57
87.81
89.15
90.52
90.14
90.05
90.22
90.45
90.32
89.72
86.48
90.79
90.84
88.99
90.86
90.96
91.05
90.32
90.91
90.83
90.93
87.61
89.81
89.79
89.62
89.82
89.75
82.89
90.00
90.04
87.62
89.96
88.77
89.50
87.26
90.05
89.82
87.39
89.51
87.90
88.55
89.43
88.28
87.89
90.59
87.73
90.00
89.23
87.99
90.13
89.97
89.82
87.92
90.09
90.11
89.72
89.73
90.08
90.12
90.06
89.88
89.85
85.61
90.35
87.85
88.50
90.69
90.93
90.68
90.64
90.68
90.85
90.40
90.61
90.59
90.67
90.88
90.84
90.51
90.54
90.97
90.83
90.23
90.54
90.88
90.75
90.80
89.05
90.50
90.88
86.87
89.43
84.63
87.63
90.25
90.07
89.92
89.96
90.02
90.23
90.04
90.05
88.43
88.10
91.03
90.89
87.98
90.30
90.38
90.39
90.25
90.25
90.54
90.41
90.27
90.06
90.29
88.62
90.90
86.05
88.18
89.73
86.12
91.27
91.01
91.21
91.00
90.86
90.85
90.94
91.27
87.73
90.29
90.18
90.32
90.57
90.45
90.29
90.27
90.03
90.38
88.31
89.84
87.03
88.41
90.79
90.56
90.54
90.59
87.15
89.58
89.38
89.43
85.21
90.29
90.15
89.92
89.37
90.20
90.30
89.93
90.15
90.11
90.32
90.11
89.94
90.09
90.32
90.43
89.92
90.01
90.24
90.20
90.11
90.06
87.30
90.22
88.33
90.33
90.58
90.66
90.79
87.05
89.59
89.87
89.89
90.00
86.52
90.45
90.75
90.68
90.78
89.96
90.52
90.78
90.86
90.59
89.60
90.68
90.69
90.72
90.45
85.08
90.79
90.72
90.71
90.57
89.90
90.82
87.88
89.90
89.93
89.57
90.26
87.51
90.02
90.41
90.34
90.25
90.00
89.93
90.32
90.25
90.21
90.01
88.32
89.48
87.73
87.67
90.69
90.97
90.82
89.77
90.76
90.75
90.82
90.95
89.55
90.61
90.88
90.92
90.64
87.14
89.75
89.95
89.89
89.74
87.27
90.36
90.51
90.32
90.04
88.91
90.54
90.41
87.98
90.57
87.71
90.20
89.94
90.02
90.04
85.64
90.29
90.02
86.95
89.42
88.86
89.40
89.03
89.22
89.58
89.50
89.17
89.31
89.37
89.42
89.46
89.29
89.11
87.07
90.31
90.20
90.00
90.11
90.26
90.21
89.14
89.89
87.70
90.57
87.74
89.66
89.71
90.03
87.31
89.58
88.67
89.83
87.66
90.46
90.28
87.57
90.19
90.34
90.04
89.84
89.62
90.16
90.08
89.96
89.86
90.15
90.09
90.00
89.83
89.95
90.24
90.14
89.76
89.79
90.19
90.19
89.84
89.93
90.11
90.11
89.93
87.95
90.39
90.70
90.70
90.27
90.47
90.67
90.69
90.59
90.65
90.47
87.78
89.74
89.69
89.13
89.58
89.73
89.75
89.58
89.57
89.81
89.80
89.56
89.51
88.80
89.72
89.65
89.51
89.58
86.95
88.31
89.82
87.68
90.01
85.87
89.62
89.42
89.30
89.37
89.55
89.53
89.22
87.40
90.08
90.07
89.86
87.66
91.12
87.50
89.30
89.79
89.83
90.06
90.12
82.64
88.35
90.54
90.77
90.69
88.31
90.48
90.89
90.82
90.79
89.82
90.86
90.79
90.83
90.56
90.63
90.79
90.94
90.67
90.45
88.79
91.35
87.96
90.15
90.04
89.83
90.32
89.29
89.96
90.17
88.80
90.55
89.91
87.48
90.05
87.75
90.95
87.49
90.11
89.91
86.57
90.48
90.38
87.75
90.25
88.04
89.68
89.66
89.95
90.08
88.24
89.67
89.89
89.96
89.88
89.25
89.77
90.02
89.99
89.69
89.59
89.88
89.91
89.91
87.50
87.84
90.73
90.85
90.37
90.55
90.62
90.92
90.68
90.58
90.66
90.32
90.76
90.40
90.57
90.72
88.33
87.62
89.87
90.17
90.18
89.79
89.80
89.88
90.45
90.16
87.23
89.86
90.02
90.23
90.27
88.31
89.85
90.25
90.44
90.04
88.09
90.96
90.98
90.97
90.79
90.50
91.09
90.89
91.16
90.90
91.00
91.02
87.92
90.22
90.14
90.00
90.33
90.25
90.16
87.24
89.30
89.66
89.52
89.55
89.81
89.39
89.62
87.88
90.84
90.84
90.70
90.59
90.66
90.85
90.93
90.52
90.62
88.52
91.76
91.45
91.44
91.45
91.70
91.58
87.62
90.08
90.66
90.59
90.29
90.08
90.05
90.53
88.34
90.18
90.14
89.66
90.44
90.36
90.23
90.29
85.60
88.39
89.74
89.82
89.92
89.98
89.97
89.64
89.68
89.95
89.93
89.73
89.69
89.82
90.06
88.66
89.65
89.62
90.04
87.96
90.14
90.59
90.84
91.04
90.49
89.58
90.73
88.30
90.50
90.30
90.22
87.89
90.55
90.52
90.43
90.39
90.57
88.39
90.43
90.16
90.67
90.73
90.48
90.40
90.55
90.66
90.55
90.42
90.37
88.47
90.75
90.60
90.71
90.52
90.94
89.75
90.50
90.57
90.88
90.79
85.16
89.83
89.87
90.02
89.93
86.66
91.20
91.56
91.85
91.29
89.27
91.40
91.79
91.45
87.65
87.13
90.66
90.61
90.37
90.16
90.60
87.66
89.91
89.52
89.75
89.89
89.97
89.74
89.72
88.02
90.29
90.71
90.31
90.68
90.77
90.42
90.49
90.60
90.78
90.79
89.36
90.59
90.65
90.83
90.77
90.46
90.68
89.02
90.32
90.90
90.66
90.99
91.11
91.05
87.70
89.84
89.98
90.07
89.75
89.69
86.57
89.88
88.81
91.61
91.09
90.86
91.11
91.44
87.68
90.06
88.32
90.13
89.94
89.89
90.21
90.17
89.86
90.02
88.07
90.62
90.42
90.33
90.48
90.40
90.65
90.13
90.26
90.52
88.34
90.96
85.92
90.41
90.68
90.63
90.33
89.14
90.51
90.62
90.32
90.41
88.29
90.61
90.47
90.36
90.42
90.55
90.55
90.39
90.31
90.59
89.35
87.57
89.86
89.96
90.32
90.19
90.00
89.89
88.58
89.18
87.26
85.36
90.88
91.02
91.12
90.58
90.63
91.11
90.92
90.85
90.73
90.83
91.23
90.92
90.66
87.60
89.99
90.09
89.87
89.80
89.10
90.12
90.05
89.69
89.88
88.55
88.14
90.93
90.67
90.86
87.69
91.14
90.64
90.81
91.20
85.76
88.54
90.21
90.39
88.02
86.89
88.06
89.87
90.47
90.43
87.05
89.54
87.91
90.17
90.02
90.00
90.07
90.25
90.14
89.91
89.95
90.17
90.30
87.68
89.59
88.83
89.41
88.36
90.38
90.71
90.64
90.64
90.58
87.45
87.34
87.34
87.93
90.41
90.77
90.87
91.41
90.75
90.77
91.10
90.96
90.21
91.09
90.89
88.38
90.67
89.79
90.64
90.77
90.96
90.41
87.55
90.31
90.45
90.15
90.04
88.20
91.27
91.29
90.90
90.71
91.44
90.93
91.06
90.55
90.95
89.27
91.05
90.79
90.63
88.45
90.36
90.46
90.45
90.67
90.73
90.59
87.88
89.37
89.66
89.69
89.32
88.31
90.36
90.59
90.34
90.04
90.21
90.77
90.44
90.11
87.68
89.71
89.86
89.60
89.58
89.60
89.82
89.83
89.41
87.55
90.99
90.93
90.43
87.74
87.59
88.96
89.65
87.43
89.74
90.05
89.96
89.85
89.69
89.99
90.14
86.33
89.61
89.60
90.21
90.10
89.95
88.05
90.46
90.69
90.43
89.59
90.32
90.50
90.63
90.34
89.79
90.57
90.59
87.84
90.27
88.11
90.97
87.75
89.04
88.97
87.64
88.81
90.26
90.12
90.31
89.95
90.39
90.11
90.09
90.39
88.76
90.29
87.32
90.18
90.29
90.34
89.98
89.89
90.39
90.31
90.11
89.88
90.25
90.19
89.07
90.91
91.16
91.20
91.32
91.00
89.14
88.62
90.91
90.43
90.44
90.49
90.66
90.62
90.63
90.39
90.99
90.93
90.58
88.10
90.41
90.25
90.46
90.21
90.25
90.52
90.42
90.22
89.96
90.49
90.35
90.32
90.05
90.22
90.36
90.39
90.22
87.99
89.85
89.68
88.66
87.66
89.86
90.20
90.08
88.34
86.69
89.41
89.32
86.21
90.01
89.89
90.37
90.25
90.06
90.10
90.18
90.40
90.02
87.50
87.22
85.87
89.45
89.85
89.00
89.10
90.47
90.09
87.05
89.79
89.88
89.83
89.48
89.71
89.95
89.92
88.42
87.34
89.74
85.61
90.19
87.75
90.97
90.95
91.04
90.63
87.90
90.81
91.16
90.70
90.47
90.80
90.92
90.77
90.65
90.52
90.48
88.46
90.00
89.80
90.02
90.41
90.03
89.63
89.97
90.18
90.12
89.79
90.08
90.21
90.28
90.00
89.95
90.05
90.42
87.88
89.18
89.60
90.08
89.90
89.61
87.67
90.33
90.23
90.31
90.14
88.69
90.43
90.43
90.04
90.02
90.19
90.38
90.27
89.99
90.17
87.44
89.59
89.28
89.01
89.45
88.48
89.31
89.29
89.33
87.23
87.34
90.54
86.48
87.37
90.05
89.54
89.89
89.87
89.99
90.09
82.99
87.70
87.24
89.57
87.75
87.62
89.65
89.96
89.76
86.11
89.83
90.67
90.69
90.10
89.91
90.21
88.14
90.11
90.05
89.89
90.17
90.40
89.89
90.05
87.70
89.23
88.25
90.14
89.34
89.93
89.94
89.63
89.55
89.97
89.82
89.79
89.54
89.75
89.85
89.81
88.12
89.68
90.01
89.66
88.85
90.75
90.74
91.18
90.95
90.71
90.46
91.11
91.09
90.64
90.86
89.68
91.07
90.83
91.08
90.84
91.03
89.34
90.61
88.09
90.20
88.93
89.94
89.83
89.85
90.04
87.64
89.92
89.82
90.15
90.11
89.75
89.88
89.96
90.14
90.16
89.75
89.77
90.10
90.12
89.86
89.70
90.06
90.13
90.05
89.79
89.94
90.13
90.13
89.74
89.84
90.02
90.19
