165.59
18550.00
23086.00
23104.00
23179.00
23185.00
22688.00
22993.00
23001.00
23022.00
22991.00
22991.00
22596.00
23254.00
23295.00
23244.00
23211.00
23290.00
23268.00
23252.00
23265.00
22660.00
22997.00
22997.00
23003.00
22994.00
22662.00
23079.00
23127.00
23025.00
23013.00
23044.00
23099.00
23001.00
22508.00
23132.00
23176.00
23184.00
22285.00
23090.00
23182.00
23148.00
22669.00
22459.00
22814.00
23073.00
22649.00
23050.00
23044.00
22888.12
23089.00
22996.00
23044.00
23061.00
23090.00
23072.00
23012.00
23036.00
23070.00
23112.00
23022.00
23037.00
23020.00
23105.00
23084.00
23021.00
23025.00
23068.00
23081.00
23093.00
23057.00
23047.00
23063.00
22783.00
23117.00
23029.00
23026.00
23108.00
23091.00
23051.00
23033.00
22605.00
22981.00
22784.00
22924.00
22875.00
22898.00
22929.00
22868.00
22917.00
22878.00
22918.00
22600.00
23139.00
23100.00
23106.00
23153.00
23139.00
23129.00
23078.00
23108.00
23136.00
23156.00
22433.00
23163.00
23167.00
23176.00
23150.00
23023.00
23110.00
23185.00
23163.00
23170.00
22678.00
22753.00
23146.00
23169.00
23144.00
23105.00
22563.00
23214.00
22677.00
22965.00
22947.00
22941.00
22969.00
22708.00
22656.00
22933.00
23035.00
23069.00
23055.00
23001.00
22516.00
22987.00
23043.00
22995.00
22991.00
23021.00
23016.00
22600.00
22625.00
23023.00
23022.00
23083.00
23093.00
23060.00
23057.00
22811.00
23294.00
22712.00
23011.00
23013.00
22509.00
23061.00
23006.00
23024.00
23012.00
22338.00
23044.00
22999.00
22992.00
22993.00
22633.00
22807.00
22875.00
22694.00
22567.00
23161.00
23166.00
23140.00
23113.00
23154.00
23153.00
23158.00
23100.00
23213.00
23103.00
22704.00
23214.00
23135.00
23125.00
23179.00
23261.00
23144.00
23139.00
23136.00
23244.00
22744.00
23091.00
23097.00
22567.00
23091.00
23092.00
23051.00
23032.00
23055.00
23082.00
22454.00
23030.00
23027.00
22152.00
23023.00
22991.00
22487.00
22989.00
22492.00
22626.00
23041.00
23037.00
22452.00
23431.00
23398.00
23348.00
23442.00
23372.00
23359.00
22699.00
21928.00
23226.00
23238.00
23277.00
22702.00
22458.00
23058.00
23078.00
23086.00
23053.00
23048.00
23031.00
23079.00
23088.00
23044.00
22358.42
23091.00
23140.00
22218.00
23109.00
23087.00
23106.00
23205.00
23197.00
23122.00
22952.00
23149.00
22265.00
23129.00
23098.00
22334.00
22995.00
22995.00
22669.00
23043.00
22696.00
23139.00
23120.00
23071.00
23115.00
22476.00
22981.00
22982.00
22681.00
22611.00
23097.00
23475.00
23443.00
23389.00
23415.00
23431.00
23411.00
23453.00
23399.00
23391.00
23454.00
23164.00
22728.00
22952.00
22968.00
22896.00
22974.00
22988.00
22733.00
23275.00
23241.00
23241.00
23280.00
23290.00
23298.00
23307.00
23238.00
23299.00
22628.00
23021.00
22949.00
22660.00
23266.00
23226.00
23389.00
22533.00
23232.00
23298.00
23310.00
23392.00
23353.00
23168.00
23292.00
23345.00
23374.00
23252.00
23269.00
23302.00
23400.00
23392.00
23238.00
23236.00
23368.00
23312.00
23315.00
22929.00
23276.00
23346.00
23356.00
22843.00
23151.00
23222.00
23366.00
23444.00
23223.00
23135.00
23287.00
23503.00
23372.00
22600.00
22491.00
23053.00
23065.00
23053.00
22609.00
23045.00
23062.00
23057.00
23016.00
22998.00
23014.00
23077.00
23061.00
22998.00
23026.00
22669.00
23082.00
23066.00
23028.00
23019.00
23070.00
23041.00
23027.00
23003.00
23012.00
22190.00
23051.00
23019.00
23026.00
23013.00
22975.00
23066.00
22972.00
23008.00
22533.00
22887.00
22954.00
22960.00
22951.00
22981.00
22981.00
22954.00
22953.00
22950.00
22975.00
22984.00
22957.00
22941.00
22939.00
22673.00
23171.00
22919.00
23137.00
23099.00
23167.00
23133.00
22079.00
23115.00
23105.00
22761.00
22733.00
22553.00
23065.00
23086.00
23084.00
23072.00
22604.00
23128.00
23106.00
23128.00
23073.00
23067.00
23079.00
23095.00
23083.00
23111.00
22866.00
23116.00
23103.00
23130.00
23109.00
22789.00
23250.00
23236.00
23154.00
23209.00
22943.56
23216.00
23220.00
23216.00
23197.00
23093.00
23231.00
23216.00
23184.00
23182.00
23261.00
23204.00
23196.00
23135.00
22753.00
23084.00
22750.00
23295.00
23253.00
23212.00
23326.00
23281.00
23264.00
22747.00
23244.00
23113.00
23236.00
23144.00
23204.00
22925.00
23065.00
23115.00
23061.00
23124.00
23223.00
23240.00
23067.00
23078.00
23192.00
23103.00
22867.00
23076.00
23067.00
23159.00
23181.00
22662.00
23069.00
23090.00
23101.00
23092.00
23078.00
23077.00
22609.00
22946.00
22891.00
22925.00
22916.00
22948.00
22923.00
22912.00
22821.00
22925.00
22929.00
22969.00
22928.00
22882.00
23351.00
23321.00
23354.00
23319.00
23340.00
23336.00
23345.00
23336.00
23330.00
23081.00
22845.00
23047.00
23045.00
23021.00
22034.00
23109.00
22680.00
22663.00
23148.00
22594.00
23162.00
23125.00
23135.00
23076.00
23162.00
23146.00
22696.00
23173.00
23168.00
22958.00
23231.00
23171.00
23152.00
23150.00
23015.00
23213.00
23176.00
23183.00
23198.00
22835.00
22967.00
22924.00
22933.00
22931.00
23000.00
22955.00
22569.00
22967.00
22680.00
22816.00
23144.00
23185.00
23195.00
23244.00
23188.00
23154.00
23144.00
23244.00
23205.00
22416.00
22004.00
23175.00
23311.00
23354.00
22443.00
23176.00
23235.00
22296.00
23206.00
23221.00
23243.00
23179.00
23195.00
23193.00
22732.00
23181.00
23271.00
22806.00
23291.00
23238.00
22792.00
22772.00
23067.00
22544.00
21997.00
23231.00
23224.00
23188.00
23215.00
23182.00
23213.00
23212.00
23218.00
23086.00
22608.00
22930.00
22986.00
22940.00
23004.00
22988.00
23019.00
22922.00
22953.00
22924.00
22960.00
22972.00
22836.00
22783.00
23072.00
23124.00
23140.00
22642.00
22996.00
23002.00
23014.00
22672.00
23009.00
23130.00
23124.00
23180.00
23147.00
23107.00
22901.98
23130.00
22573.00
23197.00
23178.00
23198.00
23218.00
23186.00
23223.00
23160.00
23195.00
23234.00
23208.00
23205.00
22576.00
22600.00
23196.00
23090.00
23089.00
23169.00
23132.00
22735.00
23098.00
22800.00
23151.00
23169.00
23162.00
23157.00
23158.00
23157.00
23183.00
23175.00
23174.00
23112.00
23184.00
23189.00
23171.00
22594.00
23123.00
23182.00
23183.00
23154.00
22638.00
23172.00
23146.00
23158.00
23176.00
23150.00
23163.00
23165.00
23165.00
23181.00
23151.00
23172.00
23178.00
22699.00
23141.00
22852.00
23365.00
23366.00
23350.00
23398.00
23372.00
23345.00
23005.00
22918.00
22969.00
22976.00
22988.00
22964.00
22974.00
22924.00
22535.00
22615.00
23083.00
22717.00
23172.00
23054.00
22635.00
23005.00
23050.00
22843.00
23065.00
23247.00
22873.00
23118.00
22824.00
22980.00
23070.00
23067.00
23080.00
23153.00
22967.00
23037.00
23013.00
23111.00
23179.00
22764.00
23144.00
23043.00
23145.00
22570.00
22858.00
23140.00
23157.00
23192.00
22507.00
22779.00
22962.00
22953.00
22963.00
22961.00
22960.00
22915.00
22550.00
23246.00
23208.00
23263.00
23214.00
23209.00
23251.00
22803.00
23262.00
23247.00
23277.00
23269.00
23232.00
23175.00
23290.00
23246.00
23278.00
22807.00
22945.00
23040.00
23359.00
22729.00
23150.00
23263.00
23249.00
23252.00
23184.00
23177.00
23132.00
23146.00
23164.00
23179.00
23156.00
22775.00
23177.00
23189.00
22612.00
23047.00
23172.00
23144.00
22630.00
23187.00
23224.00
21113.00
23101.00
23031.00
23053.00
23081.00
23101.00
23112.00
22529.00
22914.00
22959.00
22930.00
22627.00
23051.00
23007.00
21387.00
22762.00
23051.00
22954.00
22811.00
21768.00
23071.00
23144.00
23095.00
22728.00
23113.00
22059.00
23008.91
22783.00
23542.00
22829.00
22787.00
22495.00
22593.00
22205.00
23122.00
22980.00
23096.00
23102.00
22848.00
23358.00
23085.00
23360.00
23367.00
23365.00
23356.00
23353.00
23352.00
23383.00
22278.00
23362.00
23394.00
23364.00
23420.00
22855.00
22444.00
23397.00
23504.00
23529.00
23515.00
23500.00
23412.00
23531.00
23492.00
22499.00
23136.00
23116.00
23175.00
23178.00
23132.00
23131.00
23132.00
23146.00
23171.00
23147.00
23109.00
22654.00
23211.00
23155.00
23139.00
23109.00
22725.00
23022.00
22332.00
22817.00
22855.00
22877.00
22845.00
22831.00
22510.00
23144.00
22913.00
23144.00
23099.00
23136.00
23127.00
23148.00
23138.00
23133.00
22642.00
23215.00
22808.00
23065.00
23078.00
23102.00
23126.00
21957.00
23074.00
23068.00
23102.00
23106.00
22890.00
23098.00
23084.00
23111.00
23137.00
22941.00
23093.00
23083.00
23158.00
22537.00
23145.00
23128.00
23207.00
23215.00
23177.00
23132.00
23181.00
23230.00
23172.00
23156.00
23003.00
23157.00
23235.00
22127.00
23256.00
23304.00
23265.00
23308.00
23283.00
23260.00
22527.00
23145.00
23170.00
23132.00
23123.00
23164.00
23162.00
23202.00
23091.00
23118.00
21161.00
22959.00
22965.00
22953.00
22960.00
22533.00
23168.00
23137.00
22723.00
23243.00
23309.00
23306.00
22496.00
23073.00
22514.00
23180.00
23270.00
23090.00
22770.00
23320.00
23228.00
23301.00
23303.00
23264.00
23346.00
23304.00
23335.00
23284.00
23305.00
22795.00
23192.00
23212.00
23215.00
23231.00
21809.00
23150.00
23129.00
23145.00
23186.00
23160.00
23154.00
23142.00
23150.00
23175.00
23136.00
23161.00
23090.00
23160.00
23168.00
23181.00
21913.00
23174.00
23206.00
23195.00
23164.00
23173.00
23196.00
23194.00
23158.00
23153.00
23189.00
23188.00
23189.00
22947.52
23179.00
23133.00
23192.00
23177.00
22611.00
23322.00
23250.00
23347.00
22758.00
23422.00
23388.00
23397.00
23438.00
23445.00
23374.00
22282.00
22711.00
22586.00
22597.00
23422.00
23390.00
23437.00
23420.00
23397.00
23388.00
23412.00
22761.00
23090.00
22605.00
23017.00
22326.00
22683.00
23051.00
22511.00
23136.00
23186.00
23113.00
23161.00
23143.00
23158.00
23158.00
23072.00
23146.00
23143.00
23182.00
23170.00
23146.00
23142.00
23176.00
23178.00
23166.00
23048.00
23103.00
23162.00
23188.00
23161.00
23133.00
23126.00
23162.00
23183.00
23155.00
23113.00
23138.00
23170.00
22763.00
22367.00
22883.00
22665.00
23195.00
23121.00
23071.00
23039.00
22097.00
23263.00
23209.00
23232.00
23215.00
23258.00
23285.00
22439.00
22946.00
22955.00
23012.00
22584.00
22967.00
22949.00
22238.00
23329.00
23307.00
23281.00
23314.00
23356.00
22056.00
23006.00
23018.00
23101.00
23100.00
23071.00
23036.00
23041.00
23099.00
23155.00
22985.00
23013.00
23038.00
23132.00
23118.00
22991.00
22991.00
23085.00
22751.00
23291.00
23333.00
23360.00
23311.00
23400.00
23327.00
23362.00
23324.00
23364.00
23348.00
23270.00
23330.00
23343.00
22293.00
22950.00
22975.00
22923.00
23003.00
23017.00
22984.00
22948.00
22983.00
23002.00
23012.00
22934.00
23009.00
22980.00
22993.00
22983.00
22991.00
22563.00
23002.00
23010.00
22977.00
22988.00
22435.00
23056.00
23042.00
23040.00
23025.00
22794.00
23401.00
23438.00
22410.00
22890.00
23044.00
23075.00
22906.00
22910.00
22895.00
22743.00
23347.00
23289.00
22677.00
23409.00
23321.00
22813.00
23331.00
23297.00
23389.00
23367.00
23335.00
23253.00
23312.00
22594.00
22098.00
23184.00
23175.00
23216.00
23254.00
23226.00
23176.00
23225.00
22591.09
23064.00
23046.00
23032.00
23049.00
23065.00
23061.00
22877.00
22437.00
23145.00
23213.00
23165.00
23103.00
23118.00
23177.00
23214.00
22461.00
22589.00
23006.00
23037.00
23046.00
23008.00
23022.00
23021.00
23039.00
23013.00
23009.00
22186.00
23241.00
22717.00
23132.00
23097.00
23094.00
23185.00
23152.00
23106.00
23117.00
22971.00
23142.00
23135.00
22266.00
22750.00
22838.00
23327.00
23336.00
23243.00
23259.00
23386.00
23392.00
22707.00
23300.00
23328.00
22692.00
23381.00
23238.00
23236.00
23351.00
22896.00
23334.00
23368.00
22267.00
22349.00
22320.00
23254.00
23235.00
23293.00
23289.00
22870.00
23206.00
23270.00
23277.00
23269.00
23271.00
23257.00
23263.00
23290.00
23267.00
23242.00
23248.00
23272.00
23294.00
23251.00
23261.00
23207.00
23286.00
23340.00
23213.00
22961.00
23268.00
23295.00
22537.00
23158.00
23169.00
23179.00
23155.00
23168.00
23163.00
23154.00
23174.00
23195.00
21972.00
22570.00
22469.00
23125.00
23133.00
23067.00
23079.00
23186.00
22273.00
22882.00
23181.00
22618.00
23452.00
23397.00
23337.00
23372.00
23371.00
23332.00
23368.00
23353.00
22105.00
22101.00
23315.00
23239.00
22574.00
23121.00
23182.00
22729.00
23138.00
23080.00
23115.00
23178.00
23136.00
23092.00
22391.00
23261.00
23252.00
23227.00
23289.00
23207.00
23256.00
23297.00
23214.00
23274.00
23241.00
22581.00
23192.00
23085.00
23120.00
23113.00
23162.00
23126.00
22434.00
23059.00
23102.00
23098.00
23041.00
22628.00
23056.00
23083.00
22420.00
23169.00
22340.00
23052.00
22592.00
22483.00
23061.00
23108.00
23259.00
23169.00
22543.00
22079.00
23222.00
23276.00
23243.00
22418.00
23083.00
23138.00
23150.00
22486.00
23060.00
22649.00
22844.00
23348.00
23199.00
22376.00
22236.63
23155.00
22518.00
22974.00
22975.00
22984.00
22650.00
23003.00
22982.00
22717.00
23379.00
23354.00
23152.00
23593.00
22836.00
23308.00
22553.00
23012.00
23002.00
23062.00
23081.00
22188.00
22536.00
23062.00
23120.00
23105.00
23030.00
23073.00
23065.00
23137.00
23108.00
22632.00
23114.00
23193.00
22664.00
22602.00
22805.00
22495.00
22652.00
23354.00
23216.00
22906.00
23233.00
23327.00
23247.00
23137.00
22512.00
23263.00
23207.00
23203.00
23141.00
23132.00
23251.00
23363.00
23193.00
22743.00
23242.00
23390.00
23319.00
23263.00
22552.00
23102.00
23141.00
23091.00
23088.00
23072.00
23108.00
23085.00
23084.00
23078.00
23097.00
23110.00
23103.00
23095.00
23077.00
23102.00
23124.00
23075.00
23084.00
23093.00
23080.00
22887.00
23068.00
23061.00
23085.00
23104.00
23105.00
23076.00
23064.00
23106.00
23131.00
23079.00
23070.00
23078.00
23095.00
22542.00
22657.00
22597.00
22970.00
23192.00
23191.00
22555.00
23002.00
23034.00
23020.00
23026.00
22985.00
22860.00
23045.00
23069.00
22996.00
22877.00
22955.00
23039.00
23033.00
22638.00
23187.00
23180.00
23210.00
23165.00
23183.00
22904.00
22607.00
23491.00
22612.00
23082.00
23006.00
23125.00
23121.00
22430.00
22574.00
22915.00
23060.00
23067.00
23062.00
23037.00
23069.00
23071.00
23030.00
23035.00
23050.00
23204.00
23102.00
23074.00
23019.00
23061.00
22813.00
23093.00
23083.00
22489.00
23141.00
23108.00
23077.00
23111.00
23124.00
23133.00
22593.00
23095.00
23088.00
23115.00
23135.00
23105.00
23093.00
23113.00
23152.00
22536.00
22980.00
23014.00
23026.00
23064.00
23043.00
22982.00
23017.00
23038.00
23063.00
22613.00
22835.00
23019.00
23037.00
23061.00
22976.00
22514.00
23308.00
23097.03
23284.00
23357.00
22644.00
22654.00
23116.00
23074.00
22338.00
22916.00
22950.00
22955.00
22894.00
22308.00
22639.00
23044.00
22513.00
22920.00
22331.00
23066.00
23136.00
22478.00
23082.00
23104.00
22707.00
23131.00
23064.00
23052.00
23096.00
22782.00
23097.00
23099.00
22435.00
22973.00
22986.00
22954.00
22949.00
22925.00
22986.00
22646.00
22955.00
22917.00
22942.00
22997.00
22940.00
22946.00
22514.00
23094.00
23112.00
22827.00
23097.00
23070.00
23111.00
22937.00
22358.00
23096.00
23198.00
22047.00
23215.00
23149.00
23171.00
23197.00
23251.00
23178.00
22635.00
23325.00
23312.00
22589.00
22990.00
22443.00
22638.00
23200.00
23142.00
23137.00
23047.00
23172.00
22599.00
23131.00
23121.00
23133.00
23127.00
23120.00
23154.00
23083.00
23133.00
22501.00
22627.00
23095.00
23097.00
23134.00
22483.00
23038.00
23006.00
22530.00
23209.00
23165.00
22529.00
22885.00
22967.00
22860.00
22948.00
22859.00
22912.00
22986.00
22214.00
22917.00
22520.00
23119.00
23199.00
22906.00
23070.00
23102.00
23140.00
22253.00
22671.00
23151.00
23151.00
23200.00
23161.00
23153.00
22557.00
22470.00
22467.00
23173.00
22529.00
23184.00
22624.00
23193.00
23159.00
23195.00
23151.00
22762.00
22276.00
23019.00
22143.00
23121.00
23155.00
23160.00
23138.00
22134.00
23031.00
22707.00
23378.00
23352.00
23290.00
23383.00
23420.00
23350.00
23366.00
23373.00
23385.00
23400.00
23344.00
23326.00
23367.00
23379.00
22776.00
23246.00
23198.00
22934.00
23262.00
23224.00
23219.00
23265.00
22611.00
23174.00
23047.00
22348.00
23079.00
22354.00
23092.00
22524.00
23303.00
22773.00
22736.00
22888.00
22917.00
22805.00
23343.00
23337.00
23212.00
23319.00
23319.00
23383.00
23254.00
23329.00
23460.00
23376.00
23121.78
23318.00
23214.00
23521.00
23372.00
23244.00
22172.00
23362.00
22615.00
23136.00
21883.00
22973.00
22994.00
23067.00
22991.00
22986.00
22865.00
23006.00
23010.00
23041.00
22979.00
22226.00
23138.00
23107.00
23066.00
22621.00
22226.00
22994.00
22868.00
22930.00
22886.00
22972.00
22954.00
22867.00
22903.00
22656.00
22690.00
23189.00
23064.00
23100.00
23115.00
23165.00
23128.00
23102.00
23119.00
22555.00
22884.00
21608.00
23346.00
22572.00
23119.00
23085.00
23041.00
23017.00
23088.00
23112.00
23020.00
23033.00
23073.00
23109.00
23110.00
22877.00
23055.00
23105.00
23099.00
23086.00
22975.00
23056.00
23080.00
23102.00
23066.00
22972.00
23067.00
22869.00
22584.00
23129.00
23160.00
23238.00
22754.00
23112.00
23098.00
21819.00
23170.00
23195.00
22777.00
22540.00
23116.00
22587.00
23172.00
23172.00
23157.00
22856.00
23208.00
23140.00
23131.00
23186.00
22984.00
23223.00
22641.00
22975.00
23049.00
22926.00
23017.00
22917.00
22696.00
22212.00
23193.00
23132.00
23118.00
23144.00
22520.00
23206.00
23276.00
23244.00
23290.00
23300.00
23271.00
23284.00
22418.00
23015.00
23019.00
22999.00
21780.00
23026.00
23256.00
23025.00
22534.00
23256.00
23343.00
23316.00
23285.00
22283.00
23097.00
23134.00
23100.00
23086.00
23085.00
23120.00
23137.00
23117.00
23087.00
22271.00
23130.00
22590.00
23075.00
23058.00
23105.00
22562.00
22472.00
23006.00
22971.00
22836.00
23032.00
23000.00
22629.00
23255.00
22589.00
23032.00
22973.00
23002.00
23013.00
23063.00
23012.00
22980.00
23015.00
22604.00
23105.00
23038.00
23043.00
23064.00
23111.00
23108.00
23055.00
23008.00
23091.00
23100.00
22911.00
23051.00
23067.00
23099.00
23109.00
22517.00
23388.00
23392.00
23401.00
23200.99
23322.00
23398.00
23429.00
23412.00
23364.00
22620.00
22988.00
23043.00
23026.00
22940.00
22903.00
23047.00
22989.00
22435.00
23047.00
22150.00
23256.00
23309.00
23252.00
22528.00
22928.00
23199.00
23177.00
23123.00
22333.00
22985.00
22980.00
22926.00
22930.00
22963.00
22980.00
22955.00
22950.00
22852.00
22965.00
22872.00
22939.00
22878.00
22923.00
22188.00
22565.00
23137.00
23118.00
22456.00
22979.00
22981.00
22328.00
22562.00
23197.00
23236.00
23241.00
23230.00
23284.00
23322.00
22558.00
23030.00
23035.00
23073.00
23108.00
23065.00
22881.00
23039.00
23087.00
23083.00
23056.00
23028.00
23057.00
23082.00
23098.00
22395.00
22777.00
23035.00
23033.00
21446.00
23182.00
22557.00
23206.00
23198.00
23099.00
23191.00
23180.00
23195.00
23171.00
23198.00
23146.00
23086.00
22382.00
22540.00
23059.00
23099.00
23127.00
22121.00
22955.00
22939.00
22981.00
22431.00
23150.00
23066.00
23062.00
22585.00
23064.00
23188.00
23190.00
23187.00
23272.00
22959.00
23185.00
23168.00
23224.00
23257.00
22888.00
22592.00
23303.00
23341.00
23283.00
22475.00
23116.00
23113.00
22517.00
23124.00
22621.00
23243.00
23327.00
23322.00
23232.00
22127.00
23198.00
23179.00
23199.00
23079.00
23075.00
23199.00
23183.00
23140.00
23060.00
22300.00
23217.00
23219.00
23148.00
22360.00
22917.00
23068.00
23069.00
23046.00
23065.00
23093.00
22497.00
23074.00
23080.00
23118.00
23181.00
23131.00
23102.00
23046.00
23145.00
22659.00
23091.00
23131.00
23150.00
22678.00
22971.00
22316.00
23045.00
23116.00
23097.00
22854.00
23065.00
23051.00
23119.00
23087.00
23072.00
23008.00
23072.00
23081.00
23074.00
22940.00
23050.00
23107.00
23113.00
23047.00
22375.00
23175.00
22515.00
23203.00
23176.00
23157.00
22976.24
22609.00
23071.00
23088.00
22841.00
23134.00
23080.00
23051.00
23111.00
23108.00
23111.00
23084.00
23094.00
22666.00
23034.00
23358.00
23250.00
23320.00
23304.00
23089.00
23334.00
23253.00
23304.00
23346.00
23354.00
23262.00
23307.00
22552.00
23227.00
23189.00
23159.00
23145.00
23193.00
22680.00
23035.00
23170.00
23183.00
23183.00
23182.00
23179.00
23147.00
23201.00
23219.00
23177.00
23160.00
22583.00
23189.00
22378.00
22988.00
22855.00
23024.00
23009.00
22981.00
22945.00
22833.00
21821.00
23010.00
22972.00
22996.00
23013.00
22818.00
22699.00
23099.00
23072.00
23160.00
23128.00
23086.00
23089.00
23064.00
22308.00
23287.00
23229.00
23212.00
23282.00
23066.00
23234.00
22542.00
23147.00
23149.00
22178.00
23138.00
23146.00
23173.00
23213.00
23135.00
23101.00
23128.00
23178.00
23180.00
23137.00
23139.00
23152.00
23195.00
22736.00
22325.00
23128.00
23192.00
23196.00
23160.00
23067.00
23153.00
23195.00
23176.00
23170.00
23178.00
23220.00
23206.00
23115.00
22594.00
22169.00
23162.00
23154.00
23197.00
23126.00
22822.00
23183.00
23194.00
23131.00
23159.00
22867.00
22473.00
23096.00
22411.00
23114.00
23132.00
23046.00
22511.00
22415.00
23008.00
23024.00
22951.00
22437.00
22950.00
23026.00
22984.00
22940.00
22365.00
22878.00
22707.00
23195.00
23178.00
23168.00
23238.00
23220.00
23183.00
23152.00
23241.00
23210.00
23165.00
22968.00
23154.00
23231.00
23227.00
22560.00
22035.00
23321.00
22758.00
22572.00
23097.00
23061.00
23203.00
23196.00
23161.00
23141.00
22462.00
22599.00
23138.00
23082.00
23099.00
23106.00
23145.00
23127.00
23088.00
23119.00
22452.00
23132.00
23108.00
22518.00
22404.00
22838.00
23125.00
23128.00
23152.00
23202.00
22358.00
23160.00
23128.00
23152.00
22968.32
23127.00
23117.00
22444.00
23219.00
23163.00
23182.00
23111.00
23149.00
22599.00
23205.00
23172.00
23184.00
23197.00
23247.00
23201.00
22953.00
22490.00
23199.00
23214.00
23121.00
23137.00
23186.00
23188.00
23198.00
23155.00
22452.00
23133.00
23136.00
23069.00
23077.00
23127.00
23147.00
23132.00
23061.00
23071.00
23124.00
23137.00
23116.00
22371.00
23060.00
23095.00
23058.00
23042.00
23017.00
23076.00
23085.00
23061.00
23035.00
23065.00
23075.00
23067.00
22414.00
22962.00
22981.00
23005.00
22960.00
22966.00
22953.00
22501.00
23011.00
22998.00
22949.00
22393.00
23133.00
23095.00
22920.00
23028.00
21801.00
23022.00
23037.00
22080.00
23093.00
23162.00
23173.00
23071.00
22111.00
23108.00
23177.00
23128.00
22348.00
22692.00
22948.00
22925.00
22865.00
22862.00
22708.00
23155.00
23136.00
23097.00
22435.00
22538.00
23222.00
23203.00
23198.00
23187.00
23250.00
23250.00
23196.00
23188.00
22439.00
23006.00
22389.00
22989.00
22945.00
23035.00
21688.00
22981.00
22955.00
23007.00
23029.00
23002.00
23005.00
22961.00
23039.00
23049.00
22987.00
22958.00
22249.00
22919.00
22954.00
22547.00
22223.00
23023.00
23022.00
23027.00
22900.00
22389.00
22761.00
23284.00
23182.00
22834.00
23232.00
23258.00
23256.00
23213.00
21592.00
23107.00
23112.00
23090.00
22624.00
23182.00
23213.00
23223.00
23187.00
22480.00
22822.00
23174.00
23077.00
23052.00
23097.00
23156.00
23123.00
22969.00
22140.00
23241.00
23254.00
22781.00
23259.00
23287.00
23308.00
23123.00
23273.00
23252.00
23278.00
22429.00
22991.00
22985.00
22943.00
22995.00
22977.00
21219.00
23041.00
23050.00
22430.00
23030.00
22724.00
22913.00
22338.00
23053.00
22995.00
22373.00
22914.00
22503.00
22669.00
22893.07
22599.00
22500.00
23192.00
22458.00
23040.00
22842.00
22525.00
23074.00
23032.00
22993.00
22507.00
23063.00
23067.00
22969.00
22970.00
23061.00
23070.00
23056.00
23009.00
23002.00
21915.00
23130.00
22489.00
22654.00
23216.00
23278.00
23215.00
23203.00
23214.00
23257.00
23143.00
23195.00
23190.00
23211.00
23265.00
23256.00
23171.00
23178.00
23289.00
23253.00
23099.00
23177.00
23264.00
23231.00
23245.00
22797.00
23168.00
23265.00
22239.00
22895.00
21665.00
22434.00
23103.00
23058.00
23019.00
23031.00
23046.00
23099.00
23049.00
23052.00
22639.00
22554.00
23304.00
23269.00
22524.00
23117.00
23138.00
23140.00
23103.00
23105.00
23178.00
23144.00
23108.00
23055.00
23113.00
22688.00
23270.00
22030.00
22575.00
22972.00
22046.00
23366.00
23298.00
23349.00
23295.00
23259.00
23258.00
23280.00
23366.00
22459.00
23113.00
23085.00
23122.00
23187.00
23155.00
23113.00
23108.00
23048.00
23137.00
22608.00
22998.00
22280.00
22633.00
23243.00
23184.00
23179.00
23190.00
22310.00
22933.00
22880.00
22893.00
21815.00
23114.00
23079.00
23019.00
22879.00
23092.00
23116.00
23021.00
23078.00
23068.00
23123.00
23069.00
23025.00
23063.00
23122.00
23151.00
23019.00
23042.00
23101.00
23091.00
23067.00
23056.00
22350.00
23096.00
22612.00
23125.00
23189.00
23208.00
23242.00
22285.00
22934.00
23005.00
23012.00
23041.00
22149.00
23154.00
23233.00
23214.00
23238.00
23029.00
23175.00
23239.00
23260.00
23190.00
22937.00
23214.00
23217.00
23223.00
23156.00
21781.00
23243.00
23224.00
23223.00
23186.00
23015.00
23249.00
22497.00
23014.00
23023.00
22931.00
23106.00
22402.00
23046.00
23144.00
23127.00
23103.00
23040.00
23022.00
23123.00
23104.00
23094.00
23042.00
22610.00
22906.93
22459.00
22442.00
23216.00
23289.00
23249.00
22982.00
23234.00
23233.00
23251.00
23284.00
22926.00
23197.00
23266.00
23275.00
23205.00
22307.00
22977.00
23028.00
23013.00
22973.00
22341.00
23130.00
23171.00
23122.00
23049.00
22761.00
23179.00
23144.00
22521.00
23186.00
22453.00
23092.00
23024.00
23044.00
23049.00
21925.00
23113.00
23046.00
22259.00
22891.00
22748.00
22887.00
22791.00
22840.00
22933.00
22912.00
22827.00
22863.00
22879.00
22891.00
22902.00
22860.00
22813.00
22290.00
23120.00
23090.00
23039.00
23070.00
23107.00
23095.00
22820.00
23012.00
22453.00
23185.00
22461.00
22952.00
22966.00
23048.00
22351.00
22933.00
22699.00
22997.00
22442.00
23157.00
23112.00
22418.00
23089.00
23126.00
23049.00
22999.00
22944.00
23082.00
23061.00
23030.00
23003.00
23079.00
23064.00
23040.00
22996.00
23028.00
23101.00
23075.00
22979.00
22986.00
23090.00
23089.00
22998.00
23024.00
23067.00
23068.00
23023.00
22516.00
23139.00
23220.00
23219.00
23110.00
23161.00
23211.00
23216.00
23190.00
23207.00
23160.00
22472.00
22973.00
22961.00
22818.00
22933.00
22972.00
22976.00
22933.00
22931.00
22991.00
22988.00
22927.00
22915.00
22734.00
22968.00
22950.00
22914.00
22932.00
22260.00
22607.00
22994.00
22445.00
23043.00
21982.00
22942.00
22892.00
22861.00
22878.00
22925.00
22919.00
22841.00
22374.00
23061.00
23057.00
23003.00
22443.00
23328.00
22400.00
22862.00
22986.00
22996.00
23056.00
23070.00
21156.00
22617.00
23178.00
23239.00
23217.00
22607.00
23162.00
23267.00
23249.00
23241.00
22995.00
23259.00
23241.00
23252.00
23185.00
23201.00
23241.00
23280.00
23212.00
23156.00
22730.00
23384.00
22520.00
23078.00
23051.00
22997.00
23123.00
22858.42
23029.00
23083.00
22734.00
23181.00
23017.00
22395.00
23052.00
22463.00
23284.00
22398.00
23067.00
23018.00
22160.00
23164.00
23137.00
22465.00
23105.00
22539.00
22958.00
22954.00
23026.00
23061.00
22590.00
22956.00
23012.00
23029.00
23010.00
22849.00
22980.00
23044.00
23037.00
22960.00
22935.00
23010.00
23016.00
23016.00
22400.00
22487.00
23226.00
23258.00
23134.00
23180.00
23199.00
23275.00
23215.00
23188.00
23209.00
23122.00
23235.00
23143.00
23185.00
23225.00
22613.00
22430.00
23006.00
23083.00
23087.00
22987.00
22988.00
23010.00
23154.00
23081.00
22330.00
23003.00
23046.00
23100.00
23110.00
22607.00
23001.00
23103.00
23152.00
23049.00
22552.00
23285.00
23291.00
23288.00
23242.00
23168.00
23318.00
23267.00
23338.00
23270.00
23295.00
23303.00
22508.00
23096.00
23075.00
23040.00
23124.00
23105.00
23082.00
22333.00
22861.00
22952.00
22916.00
22926.00
22992.00
22885.00
22941.00
22499.00
23254.00
23254.00
23220.00
23192.00
23210.00
23257.00
23279.00
23174.00
23200.00
22660.00
23490.00
23412.00
23409.00
23409.00
23477.00
23445.00
22431.00
23061.00
23209.00
23191.00
23115.00
23061.00
23053.00
23177.00
22614.00
23087.00
23076.00
22954.00
23152.00
23133.00
23100.00
23115.00
21914.00
22629.00
22973.00
22993.00
23019.00
23034.00
23032.00
22948.00
22959.00
23026.00
23021.00
22972.00
22960.00
22994.00
23056.00
22697.00
22951.00
22944.00
23051.00
22517.00
23077.00
23193.00
23255.00
23304.00
23167.00
22932.00
23226.00
22606.00
23168.00
23117.00
23096.00
22501.00
23182.00
23174.00
23150.00
23141.00
23187.00
22627.00
23151.00
23081.00
23211.00
23228.00
23163.00
23143.00
23180.00
23209.00
23181.00
23147.00
23134.00
22649.00
23231.00
23193.00
23221.00
23174.00
23280.00
22976.24
23168.00
23187.00
23264.00
23242.00
21800.00
22996.00
23007.00
23044.00
23023.00
22186.00
23346.00
23439.00
23514.00
23370.00
22852.00
23398.00
23498.00
23411.00
22438.00
22305.00
23210.00
23197.00
23135.00
23081.00
23193.00
22440.00
23018.00
22918.00
22977.00
23012.00
23032.00
22974.00
22968.00
22532.00
23114.00
23222.00
23120.00
23214.00
23237.00
23147.00
23166.00
23193.00
23239.00
23243.00
22876.00
23191.00
23207.00
23252.00
23237.00
23158.00
23215.00
22788.00
23121.00
23270.00
23208.00
23294.00
23325.00
23308.00
22451.00
22998.00
23034.00
23058.00
22975.00
22960.00
22161.00
23008.00
22736.00
23453.00
23320.00
23260.00
23324.00
23408.00
22447.00
23056.00
22610.00
23073.00
23025.00
23011.00
23093.00
23084.00
23004.00
23043.00
22548.00
23200.00
23147.00
23125.00
23163.00
23142.00
23206.00
23074.00
23106.00
23174.00
22614.00
23287.00
21996.00
23146.00
23215.00
23201.00
23124.00
22821.00
23170.00
23198.00
23122.00
23146.00
22603.00
23196.00
23161.00
23132.00
23147.00
23182.00
23182.00
23141.00
23120.00
23191.00
22874.00
22419.00
23003.00
23031.00
23121.00
23088.00
23041.00
23012.00
22676.00
22830.00
22338.00
21852.00
23265.00
23300.00
23325.00
23189.00
23202.00
23323.00
23276.00
23258.00
23226.00
23252.00
23356.00
23275.00
23208.00
22426.00
23038.00
23064.00
23006.00
22990.00
22810.00
23072.00
23054.00
22961.00
23008.00
22669.00
22563.00
23277.00
23212.00
23261.00
22449.00
23332.00
23205.00
23248.00
23347.00
21954.00
22666.00
23094.00
23139.00
22533.00
22244.00
22543.00
23007.00
23161.00
23150.00
22285.00
22922.00
22505.00
23083.00
23046.00
23039.00
23058.00
23103.00
23076.00
23018.00
23027.00
23084.00
23118.00
22447.00
22935.00
22740.59
22890.00
22619.00
23137.00
23222.00
23203.00
23206.00
23189.00
22387.00
22360.00
22358.00
22509.00
23145.00
23238.00
23262.00
23402.00
23232.00
23237.00
23321.00
23285.00
23093.00
23320.00
23269.00
22625.00
23210.00
22986.00
23204.00
23237.00
23287.00
23146.00
22414.00
23119.00
23155.00
23079.00
23049.00
22579.00
23365.00
23370.00
23271.00
23221.00
23407.00
23280.00
23311.00
23181.00
23284.00
22853.00
23310.00
23242.00
23201.00
22642.00
23133.00
23158.00
23154.00
23210.00
23228.00
23192.00
22497.00
22878.00
22954.00
22961.00
22867.00
22607.00
23131.00
23191.00
23125.00
23051.00
23094.00
23238.00
23152.00
23067.00
22445.00
22966.00
23004.00
22938.00
22932.00
22938.00
22994.00
22996.00
22889.00
22412.00
23294.00
23277.00
23149.00
22461.00
22424.00
22775.00
22951.00
22381.00
22974.00
23052.00
23029.00
23000.00
22962.00
23037.00
23076.00
22101.00
22941.00
22938.00
23093.00
23066.00
23028.00
22540.00
23158.00
23216.00
23151.00
22936.00
23122.00
23167.00
23201.00
23126.00
22985.00
23186.00
23192.00
22486.00
23108.00
22556.00
23288.00
22465.00
22794.00
22777.00
22435.00
22735.00
23106.00
23071.00
23119.00
23028.00
23139.00
23067.00
23063.00
23139.00
22722.00
23114.00
22355.00
23084.00
23115.00
23127.00
23034.00
23013.00
23141.00
23119.00
23068.00
23010.00
23102.00
23090.00
22801.00
23272.00
23337.00
23348.00
23378.00
23297.00
22819.00
22686.00
23273.00
23150.00
23153.00
23165.00
23208.00
23199.00
23200.00
23141.00
23293.00
23279.00
23189.00
22554.00
23144.00
23104.00
23158.00
23093.00
23105.00
23174.00
23148.00
23097.00
23030.00
23165.00
23130.00
23121.00
23054.00
23097.00
23133.00
23139.00
23097.00
22525.00
23002.00
22957.00
22696.04
22440.00
23002.00
23091.00
23060.00
22615.00
22191.00
22889.00
22867.00
22069.00
23043.00
23012.00
23135.00
23103.00
23056.00
23066.00
23086.00
23143.00
23044.00
22400.00
22329.00
21982.00
22898.00
23002.00
22784.00
22809.00
23161.00
23062.00
22284.00
22987.00
23009.00
22996.00
22906.00
22967.00
23026.00
23019.00
22635.00
22359.00
22974.00
21916.00
23088.00
22465.00
23289.00
23283.00
23306.00
23202.00
22503.00
23247.00
23337.00
23220.00
23160.00
23246.00
23276.00
23236.00
23208.00
23174.00
23163.00
22646.00
23039.00
22990.00
23046.00
23144.00
23047.00
22947.00
23033.00
23087.00
23072.00
22985.00
23061.00
23094.00
23112.00
23039.00
23028.00
23052.00
23147.00
22498.00
22829.00
22938.00
23061.00
23014.00
22940.00
22443.00
23125.00
23100.00
23120.00
23077.00
22705.00
23149.00
23152.00
23049.00
23045.00
23089.00
23137.00
23108.00
23038.00
23084.00
22385.00
22936.00
22855.00
22785.00
22899.00
22651.00
22863.00
22857.00
22868.00
22332.00
22359.00
23177.00
22138.00
22366.00
23054.00
22922.00
23012.00
23007.00
23038.00
23063.00
21245.00
22450.00
22334.00
22928.00
22464.00
22432.00
22950.00
23030.00
22978.00
22044.00
22997.00
23211.00
23217.00
23066.00
23017.00
23093.00
22563.00
23067.00
23052.00
23013.00
23084.00
23142.00
23012.00
23053.00
22450.00
22842.00
22591.00
23075.00
22870.00
23020.00
23025.00
22946.00
22924.00
23032.00
22993.00
22985.00
22921.00
22976.00
23002.00
22992.00
22560.00
22957.00
23043.00
22953.00
22746.00
23233.00
23229.00
23342.00
23284.00
23221.00
23157.00
23324.00
23319.00
23205.00
23259.00
22959.00
23315.00
23252.00
23317.00
23255.00
23304.00
22872.00
23197.00
22551.00
23090.00
22766.00
23024.00
22996.00
23002.00
23051.00
22436.63
23019.00
22994.00
23078.00
23068.00
22977.00
23010.00
23030.00
23075.00
23081.00
22975.00
22981.00
23066.00
23071.00
23004.00
22963.00
23056.00
23073.00
23052.00
22987.00
23025.00
23074.00
23074.00
22973.00
22999.00
23046.00
23089.00
