read_job: (g=0): rw=read, bs=4K-4K/4K-4K/4K-4K, ioengine=libaio, iodepth=32
fio-2.1.10
Starting 1 process

read_job: (groupid=0, jobs=1): err= 0: pid=3562: Fri Sep 18 10:18:32 2015
  read : io=340656MB, bw=96898KB/s, iops=24224, runt=3600002msec
    slat (usec): min=1, max=90, avg= 5.79, stdev= 1.16
    clat (usec): min=303, max=32806, avg=1313.64, stdev=194.80
     lat (usec): min=310, max=32817, avg=1319.64, stdev=194.77
    clat percentiles (usec):
     |  1.00th=[ 1012],  5.00th=[ 1032], 10.00th=[ 1032], 20.00th=[ 1128],
     | 30.00th=[ 1208], 40.00th=[ 1272], 50.00th=[ 1352], 60.00th=[ 1384],
     | 70.00th=[ 1400], 80.00th=[ 1464], 90.00th=[ 1544], 95.00th=[ 1608],
     | 99.00th=[ 1736], 99.50th=[ 1768], 99.90th=[ 1864], 99.95th=[ 1896],
     | 99.99th=[ 4128]
    bw (KB  /s): min=87552, max=98744, per=100.00%, avg=96902.17, stdev=675.90
    lat (usec) : 500=0.01%, 750=0.01%, 1000=0.40%
    lat (msec) : 2=99.57%, 4=0.02%, 10=0.01%, 20=0.01%, 50=0.01%
  cpu          : usr=10.52%, sys=32.21%, ctx=87166819, majf=0, minf=60
  IO depths    : 1=0.1%, 2=0.1%, 4=0.1%, 8=0.1%, 16=0.1%, 32=100.0%, >=64=0.0%
     submit    : 0=0.0%, 4=100.0%, 8=0.0%, 16=0.0%, 32=0.0%, 64=0.0%, >=64=0.0%
     complete  : 0=0.0%, 4=100.0%, 8=0.0%, 16=0.0%, 32=0.1%, 64=0.0%, >=64=0.0%
     issued    : total=r=87207956/w=0/d=0, short=r=0/w=0/d=0
     latency   : target=0, window=0, percentile=100.00%, depth=32

Run status group 0 (all jobs):
   READ: io=340656MB, aggrb=96897KB/s, minb=96897KB/s, maxb=96897KB/s, mint=3600002msec, maxt=3600002msec

Disk stats (read/write):
  sdd: ios=87206169/0, merge=0/0, ticks=113507764/0, in_queue=113511104, util=100.00%
