4510.85 4294.83
563.00 443.00
534.00 532.00
489.00 451.00
453.00 488.00
513.00 482.00
457.00 472.00
438.00 451.00
441.00 496.00
510.00 525.00
478.00 506.00
446.00 480.00
483.00 468.00
466.00 442.00
509.00 480.00
436.00 481.00
431.00 436.00
467.00 436.00
470.00 465.00
560.00 517.00
476.00 492.00
486.00 470.00
448.00 419.00
479.00 517.00
529.00 526.00
484.00 492.00
516.00 516.00
424.00 458.00
499.00 473.00
429.00 459.00
481.00 458.00
473.00 476.00
460.00 466.00
439.00 488.00
479.00 470.00
450.00 482.00
472.00 520.00
472.00 464.00
478.00 481.00
488.00 429.00
547.00 515.00
522.00 495.00
472.00 497.00
462.38 461.39
477.00 445.00
494.00 481.00
511.00 502.00
473.00 497.00
515.00 529.00
490.00 472.00
433.00 448.00
485.00 478.00
445.00 434.00
477.00 440.00
442.00 443.00
460.00 426.00
452.00 509.00
408.00 446.00
457.00 468.00
453.00 451.00
468.00 448.00
520.00 549.00
436.00 461.00
463.00 455.00
511.00 499.00
461.00 462.00
455.00 455.00
475.00 415.00
461.00 490.00
462.00 402.00
490.00 494.00
489.00 483.00
474.00 494.00
457.00 500.00
463.00 473.00
517.00 459.00
458.00 487.00
457.00 478.00
435.00 432.00
437.00 455.00
469.00 451.00
473.00 453.00
490.00 507.00
424.00 482.00
508.00 494.00
514.00 509.00
571.00 539.00
494.00 513.00
561.00 519.00
438.00 487.00
560.00 561.00
532.00 488.00
457.00 425.00
474.00 489.00
470.00 456.00
479.00 420.00
458.00 434.00
486.00 479.00
459.00 498.00
486.00 479.00
463.00 433.00
539.00 498.00
531.00 526.00
450.00 516.00
401.00 409.00
515.00 521.00
453.00 444.00
530.00 503.00
520.00 505.00
513.00 510.00
466.00 441.00
460.00 473.00
473.00 442.00
467.00 458.00
523.00 479.00
543.00 478.00
445.00 422.00
485.00 471.00
443.00 453.00
459.00 519.00
457.00 526.00
469.00 398.00
424.00 428.00
432.00 514.00
501.00 489.00
432.00 403.00
490.00 500.00
456.00 447.00
482.00 490.00
477.00 448.00
451.00 371.00
527.00 549.00
435.00 504.00
425.00 436.00
478.00 537.00
493.00 482.00
471.00 414.00
471.00 490.00
450.00 467.00
419.00 437.00
464.00 468.00
443.00 469.00
478.00 477.00
461.00 524.00
474.00 471.00
511.00 480.00
476.00 482.00
479.00 464.00
480.00 489.00
455.00 493.00
506.00 493.00
430.00 485.00
505.00 491.00
504.00 526.00
490.00 508.00
481.00 493.00
464.00 472.00
534.00 505.00
450.00 481.00
467.00 479.00
423.00 361.00
528.00 537.00
435.00 476.00
441.00 448.00
483.00 449.00
519.00 503.00
435.00 427.00
487.00 484.00
483.00 468.00
480.00 479.00
446.00 492.00
472.00 477.00
441.00 458.00
435.00 491.00
458.00 445.00
480.00 452.00
519.00 498.00
426.00 386.00
439.00 443.00
486.00 515.00
487.00 495.00
500.00 488.00
446.00 420.00
426.00 455.00
470.00 460.00
472.00 502.00
460.00 484.00
484.00 448.00
529.00 497.00
471.00 441.00
455.00 492.00
464.00 460.00
463.00 461.00
551.00 574.00
455.00 424.00
479.00 474.00
483.00 446.00
447.00 504.00
444.00 518.00
460.00 504.00
500.00 453.00
444.00 489.00
443.00 472.00
471.00 475.00
496.00 465.00
494.00 505.00
459.00 427.00
432.00 473.00
559.00 569.00
433.00 451.00
460.00 508.00
446.00 389.00
581.00 546.00
442.00 446.00
494.00 500.00
503.00 448.00
468.00 441.00
542.00 566.00
553.00 506.00
472.00 494.00
544.00 575.00
447.00 496.00
435.00 454.00
492.00 522.00
468.00 432.00
509.00 513.00
433.00 430.00
476.24 425.74
505.00 460.00
467.00 474.00
473.00 480.00
415.00 419.00
453.00 507.00
442.00 471.00
437.00 444.00
539.00 503.00
461.00 443.00
497.00 530.00
468.00 481.00
483.00 446.00
462.00 489.00
506.00 484.00
480.00 458.00
504.00 494.00
538.00 504.00
526.00 509.00
493.00 475.00
440.00 466.00
442.00 419.00
518.00 467.00
449.00 455.00
465.00 461.00
454.00 483.00
476.00 460.00
517.00 472.00
531.00 506.00
487.00 481.00
484.00 500.00
450.00 438.00
471.00 540.00
514.00 487.00
560.00 557.00
529.00 513.00
456.00 426.00
494.00 480.00
463.00 495.00
490.00 401.00
446.00 456.00
564.00 529.00
537.00 502.00
434.00 479.00
491.00 535.00
450.00 426.00
515.00 444.00
457.00 499.00
491.00 510.00
481.00 484.00
492.00 502.00
472.00 479.00
518.00 482.00
474.00 485.00
524.00 501.00
491.00 511.00
537.00 535.00
429.00 415.00
440.00 502.00
468.00 477.00
471.00 425.00
395.00 402.00
460.00 459.00
527.00 459.00
513.00 492.00
433.00 442.00
465.00 454.00
502.00 532.00
459.00 459.00
510.00 505.00
459.00 414.00
477.00 443.00
431.00 497.00
446.00 463.00
447.00 444.00
434.00 444.00
457.00 416.00
475.00 481.00
467.00 482.00
527.00 546.00
509.00 490.00
473.00 430.00
470.00 460.00
547.00 505.00
429.00 386.00
482.00 467.00
525.00 502.00
418.00 438.00
463.00 440.00
511.00 502.00
470.00 508.00
511.00 457.00
483.00 420.00
449.00 503.00
476.00 408.00
511.00 518.00
466.00 437.00
465.00 459.00
452.00 447.00
439.00 427.00
450.00 435.00
495.00 581.00
472.00 424.00
436.00 475.00
489.00 512.00
445.00 452.00
473.00 404.00
488.00 502.00
604.00 579.00
473.00 497.00
475.00 431.00
505.00 567.00
451.00 454.00
460.00 494.00
552.00 562.00
494.00 485.00
425.00 492.00
502.00 472.00
532.00 531.00
445.00 455.00
494.00 424.00
486.00 473.00
467.00 439.00
502.00 513.00
479.00 487.00
440.00 425.00
441.00 470.00
466.00 517.00
456.00 465.00
461.00 474.00
547.00 523.00
467.00 482.00
479.00 486.00
504.00 489.00
528.00 459.00
525.00 522.00
443.00 472.00
459.00 435.00
524.00 564.00
470.00 469.00
437.00 416.00
496.00 476.00
419.00 453.00
468.00 416.00
471.00 475.00
457.00 481.00
559.00 548.00
487.00 503.00
520.00 596.00
465.00 449.00
505.00 427.00
460.00 479.00
475.00 447.00
464.00 476.00
504.00 454.00
494.00 472.00
509.00 502.00
464.00 535.00
488.00 523.00
483.00 492.00
468.00 514.00
434.00 513.00
466.00 473.00
476.00 449.00
449.00 443.00
540.00 499.00
490.00 521.00
503.00 475.00
528.00 483.00
451.00 443.00
515.00 540.00
470.00 492.00
419.00 453.00
445.00 467.00
465.00 511.00
464.00 506.00
455.00 458.00
488.00 447.00
538.00 511.00
477.00 423.00
458.00 451.00
488.00 486.00
474.00 439.00
464.00 503.00
429.00 417.00
504.00 486.00
434.00 454.00
493.00 477.00
472.00 525.00
522.00 477.00
460.00 435.00
422.00 486.00
488.12 522.77
431.00 457.00
426.00 455.00
525.00 505.00
475.00 481.00
474.00 497.00
511.00 465.00
452.00 475.00
492.00 474.00
491.00 446.00
490.00 500.00
437.00 433.00
468.00 420.00
483.00 459.00
420.00 449.00
463.00 453.00
441.00 491.00
474.00 488.00
511.00 465.00
444.00 449.00
620.00 565.00
489.00 456.00
489.00 527.00
455.00 475.00
494.00 502.00
463.00 468.00
455.00 454.00
456.00 430.00
455.00 470.00
521.00 519.00
410.00 478.00
424.00 467.00
479.00 459.00
493.00 513.00
434.00 471.00
456.00 568.00
462.00 453.00
537.00 527.00
443.00 449.00
449.00 468.00
441.00 455.00
497.00 471.00
618.00 564.00
405.00 408.00
441.00 438.00
517.00 546.00
515.00 517.00
565.00 485.00
448.00 433.00
516.00 448.00
464.00 398.00
489.00 448.00
478.00 459.00
493.00 488.00
518.00 484.00
482.00 441.00
468.00 480.00
505.00 473.00
528.00 527.00
472.00 460.00
438.00 418.00
459.00 540.00
503.00 516.00
477.00 434.00
506.00 442.00
453.00 462.00
456.00 456.00
470.00 465.00
483.00 516.00
473.00 454.00
475.00 507.00
487.00 523.00
421.00 427.00
515.00 474.00
464.00 425.00
426.00 453.00
498.00 539.00
460.00 441.00
489.00 483.00
495.00 433.00
497.00 477.00
502.00 529.00
508.00 500.00
479.00 488.00
495.00 491.00
448.00 463.00
452.00 421.00
441.00 457.00
547.00 505.00
502.00 495.00
493.00 477.00
451.00 452.00
430.00 435.00
495.00 483.00
521.00 519.00
432.00 454.00
406.00 430.00
530.00 526.00
457.00 517.00
456.00 453.00
496.00 531.00
430.00 445.00
496.00 469.00
506.00 528.00
433.00 456.00
483.00 472.00
469.00 452.00
460.00 466.00
544.00 567.00
468.00 429.00
450.00 449.00
500.00 500.00
494.00 468.00
454.00 514.00
491.00 435.00
476.00 500.00
547.00 573.00
459.00 411.00
488.00 480.00
483.00 507.00
488.00 491.00
493.00 548.00
503.00 516.00
434.00 461.00
494.00 489.00
488.00 538.00
496.00 528.00
462.00 525.00
473.00 523.00
434.00 410.00
470.00 479.00
462.00 472.00
456.00 488.00
486.00 423.00
424.00 424.00
425.00 417.00
470.00 451.00
427.00 486.00
452.00 479.00
552.00 510.00
429.00 429.00
440.00 415.00
533.00 523.00
494.00 474.00
542.00 496.00
493.00 470.00
499.00 538.00
428.00 462.00
468.00 479.00
427.00 388.00
553.00 495.00
498.00 471.00
469.00 429.00
544.00 549.00
473.00 455.00
490.00 523.00
436.00 464.00
415.00 481.00
458.00 457.00
452.00 496.00
447.00 481.00
568.00 635.00
490.00 453.00
481.00 509.00
415.00 411.00
485.00 490.00
427.00 438.00
468.00 421.00
413.00 462.00
455.00 482.00
453.00 454.00
460.00 502.00
435.00 432.00
470.00 499.00
495.00 460.00
513.00 492.00
449.00 493.00
504.00 489.00
521.00 487.00
442.00 444.00
447.00 434.00
547.00 525.00
501.00 505.00
484.00 473.00
520.00 536.00
574.00 544.00
491.00 525.00
445.54 419.80
505.00 524.00
506.00 494.00
433.00 402.00
473.00 459.00
516.00 477.00
459.00 484.00
478.00 504.00
447.00 474.00
447.00 502.00
546.00 494.00
482.00 486.00
513.00 444.00
515.00 503.00
461.00 447.00
524.00 467.00
427.00 472.00
455.00 417.00
453.00 476.00
457.00 395.00
415.00 475.00
542.00 507.00
470.00 432.00
423.00 413.00
448.00 490.00
437.00 441.00
468.00 446.00
487.00 525.00
519.00 510.00
437.00 459.00
477.00 471.00
482.00 475.00
508.00 528.00
507.00 527.00
542.00 484.00
436.00 450.00
522.00 518.00
408.00 443.00
486.00 451.00
413.00 443.00
538.00 470.00
476.00 491.00
474.00 498.00
443.00 453.00
442.00 513.00
495.00 491.00
437.00 482.00
477.00 474.00
483.00 507.00
468.00 429.00
433.00 466.00
469.00 454.00
447.00 439.00
496.00 568.00
455.00 474.00
445.00 434.00
457.00 472.00
476.00 515.00
454.00 468.00
480.00 498.00
443.00 493.00
545.00 502.00
509.00 474.00
505.00 528.00
463.00 479.00
536.00 525.00
461.00 421.00
464.00 469.00
501.00 490.00
439.00 424.00
483.00 483.00
441.00 437.00
520.00 509.00
458.00 456.00
425.00 447.00
479.00 493.00
507.00 537.00
469.00 463.00
476.00 487.00
519.00 494.00
474.00 427.00
484.00 497.00
433.00 427.00
489.00 468.00
464.00 485.00
463.00 494.00
453.00 526.00
465.00 488.00
494.00 484.00
515.00 490.00
420.00 439.00
488.00 471.00
486.00 481.00
427.00 467.00
504.00 547.00
465.00 467.00
518.00 490.00
446.00 463.00
460.00 468.00
555.00 524.00
512.00 489.00
488.00 528.00
487.00 454.00
474.00 488.00
444.00 444.00
476.00 495.00
484.00 471.00
501.00 456.00
472.00 494.00
454.00 473.00
486.00 492.00
515.00 516.00
530.00 503.00
474.00 450.00
485.00 458.00
578.00 525.00
552.00 539.00
507.00 509.00
516.00 481.00
407.00 461.00
484.00 529.00
474.00 441.00
458.00 478.00
483.00 491.00
483.00 469.00
472.00 444.00
465.00 506.00
435.00 415.00
465.00 501.00
466.00 412.00
479.00 443.00
488.00 458.00
466.00 473.00
506.00 497.00
499.00 510.00
469.00 427.00
521.00 497.00
466.00 457.00
456.00 505.00
452.00 431.00
437.00 455.00
512.00 527.00
458.00 485.00
480.00 434.00
428.00 421.00
483.00 451.00
441.00 494.00
464.00 469.00
423.00 467.00
437.00 461.00
435.00 387.00
457.00 470.00
441.00 411.00
496.00 490.00
470.00 473.00
555.00 584.00
460.00 499.00
466.00 540.00
436.00 470.00
456.00 461.00
496.00 469.00
497.00 486.00
478.00 545.00
487.00 492.00
495.00 503.00
464.00 502.00
464.00 466.00
422.00 404.00
520.00 431.00
477.00 470.00
414.00 407.00
491.00 470.00
501.00 503.00
475.00 458.00
473.00 445.00
416.00 459.00
438.00 427.00
510.00 496.00
428.00 435.00
482.00 484.00
499.00 443.00
552.00 550.00
459.00 502.00
436.00 448.00
436.00 412.00
434.00 447.00
496.00 463.00
468.00 493.00
434.00 468.00
470.30 492.08
460.00 478.00
413.00 441.00
499.00 445.00
521.00 487.00
488.00 432.00
472.00 469.00
425.00 415.00
451.00 498.00
465.00 490.00
568.00 565.00
484.00 491.00
477.00 440.00
429.00 473.00
491.00 541.00
445.00 479.00
510.00 578.00
464.00 518.00
504.00 495.00
535.00 536.00
468.00 468.00
452.00 430.00
480.00 496.00
485.00 479.00
514.00 500.00
418.00 437.00
456.00 470.00
469.00 433.00
470.00 534.00
434.00 450.00
473.00 457.00
486.00 496.00
448.00 476.00
451.00 460.00
464.00 462.00
467.00 511.00
497.00 506.00
488.00 539.00
448.00 421.00
479.00 467.00
470.00 416.00
476.00 460.00
462.00 475.00
447.00 445.00
578.00 563.00
465.00 500.00
466.00 406.00
495.00 496.00
411.00 445.00
477.00 423.00
452.00 426.00
470.00 467.00
489.00 518.00
470.00 484.00
437.00 426.00
501.00 461.00
557.00 527.00
495.00 472.00
454.00 480.00
458.00 494.00
467.00 461.00
522.00 456.00
450.00 431.00
462.00 432.00
485.00 495.00
436.00 471.00
559.00 558.00
460.00 430.00
458.00 483.00
474.00 430.00
440.00 466.00
453.00 457.00
488.00 495.00
411.00 426.00
489.00 461.00
476.00 437.00
463.00 435.00
480.00 490.00
482.00 460.00
454.00 429.00
446.00 441.00
388.00 400.00
468.00 459.00
562.00 507.00
479.00 435.00
466.00 512.00
571.00 533.00
467.00 455.00
448.00 469.00
474.00 459.00
427.00 459.00
516.00 504.00
453.00 470.00
491.00 481.00
477.00 477.00
410.00 442.00
407.00 473.00
425.00 518.00
478.00 476.00
447.00 493.00
459.00 508.00
463.00 450.00
435.00 463.00
464.00 503.00
447.00 423.00
427.00 437.00
478.00 478.00
496.00 543.00
533.00 479.00
479.00 511.00
457.00 484.00
463.00 491.00
456.00 472.00
475.00 470.00
509.00 508.00
449.00 441.00
434.00 443.00
454.00 446.00
456.00 424.00
433.00 433.00
469.00 463.00
582.00 601.00
502.00 514.00
454.00 457.00
452.00 493.00
457.00 479.00
472.00 424.00
451.00 459.00
505.00 474.00
459.00 472.00
410.00 420.00
463.00 439.00
482.00 412.00
503.00 472.00
460.00 469.00
511.00 507.00
513.00 537.00
472.00 467.00
521.00 509.00
461.00 478.00
464.00 429.00
494.00 502.00
460.00 500.00
478.00 457.00
459.00 443.00
466.00 506.00
471.00 481.00
479.00 431.00
528.00 576.00
528.00 528.00
445.00 462.00
462.00 423.00
453.00 451.00
492.00 493.00
527.00 520.00
418.00 433.00
446.00 431.00
457.00 497.00
482.00 463.00
502.00 519.00
494.00 469.00
515.00 491.00
470.00 458.00
463.00 485.00
455.00 460.00
504.00 499.00
478.00 474.00
452.00 406.00
474.00 483.00
467.00 456.00
462.00 486.00
430.00 446.00
479.00 499.00
471.00 423.00
444.00 405.00
426.00 510.00
452.00 444.00
471.00 464.00
462.00 462.00
440.00 415.00
437.00 409.00
439.00 449.00
487.00 473.00
471.00 496.00
479.00 390.00
514.00 561.00
446.00 505.00
443.56 433.66
423.00 404.00
437.00 446.00
435.00 462.00
458.00 484.00
543.00 491.00
508.00 549.00
512.00 505.00
455.00 485.00
477.00 470.00
508.00 462.00
495.00 535.00
468.00 478.00
515.00 546.00
522.00 490.00
458.00 453.00
486.00 479.00
464.00 451.00
453.00 458.00
474.00 477.00
454.00 434.00
486.00 513.00
481.00 485.00
474.00 472.00
465.00 469.00
469.00 448.00
599.00 561.00
432.00 392.00
519.00 486.00
471.00 471.00
445.00 446.00
454.00 440.00
432.00 425.00
420.00 375.00
614.00 595.00
521.00 516.00
476.00 439.00
464.00 483.00
464.00 395.00
433.00 455.00
530.00 499.00
500.00 472.00
498.00 559.00
450.00 404.00
528.00 516.00
490.00 490.00
398.00 440.00
468.00 457.00
451.00 493.00
427.00 424.00
550.00 537.00
505.00 489.00
477.00 450.00
454.00 467.00
443.00 478.00
470.00 442.00
442.00 508.00
454.00 429.00
487.00 491.00
536.00 484.00
476.00 426.00
520.00 529.00
462.00 536.00
430.00 415.00
447.00 458.00
524.00 461.00
495.00 476.00
485.00 530.00
529.00 447.00
444.00 499.00
422.00 405.00
461.00 487.00
520.00 516.00
504.00 454.00
487.00 490.00
454.00 450.00
440.00 399.00
483.00 509.00
483.00 485.00
398.00 410.00
459.00 475.00
486.00 448.00
413.00 406.00
475.00 452.00
463.00 477.00
415.00 384.00
513.00 527.00
467.00 504.00
495.00 485.00
494.00 495.00
458.00 528.00
474.00 431.00
443.00 411.00
477.00 467.00
462.00 458.00
558.00 528.00
448.00 433.00
475.00 425.00
480.00 453.00
449.00 497.00
457.00 503.00
430.00 446.00
517.00 523.00
513.00 476.00
459.00 435.00
547.00 492.00
479.00 461.00
424.00 442.00
468.00 451.00
500.00 451.00
450.00 478.00
497.00 517.00
511.00 502.00
507.00 452.00
459.00 477.00
458.00 465.00
443.00 452.00
542.00 528.00
444.00 430.00
468.00 407.00
520.00 563.00
522.00 517.00
428.00 448.00
527.00 507.00
578.00 540.00
486.00 454.00
431.00 444.00
480.00 454.00
478.00 452.00
556.00 566.00
409.00 441.00
488.00 503.00
456.00 476.00
471.00 449.00
517.00 496.00
465.00 530.00
415.00 419.00
515.00 476.00
463.00 457.00
442.00 474.00
453.00 487.00
493.00 494.00
514.00 504.00
491.00 487.00
466.00 456.00
482.00 467.00
448.00 490.00
544.00 504.00
505.00 483.00
491.00 460.00
511.00 518.00
462.00 501.00
514.00 469.00
495.00 556.00
484.00 555.00
474.00 458.00
505.00 493.00
436.00 489.00
427.00 459.00
478.00 484.00
445.00 426.00
457.00 449.00
432.00 500.00
449.00 455.00
416.00 421.00
455.00 405.00
435.00 409.00
516.00 512.00
454.00 470.00
417.00 428.00
526.00 486.00
505.00 540.00
462.00 440.00
491.00 486.00
445.00 463.00
456.00 442.00
457.00 443.00
504.00 517.00
581.00 581.00
467.00 448.00
578.00 559.00
514.00 506.00
492.00 474.00
439.00 428.00
480.00 462.00
488.00 487.00
495.05 449.50
489.00 511.00
436.00 441.00
456.00 438.00
432.00 448.00
523.00 487.00
426.00 449.00
435.00 443.00
471.00 459.00
446.00 412.00
524.00 589.00
454.00 436.00
479.00 462.00
469.00 487.00
416.00 459.00
483.00 475.00
469.00 443.00
470.00 447.00
456.00 457.00
439.00 437.00
425.00 503.00
479.00 474.00
475.00 447.00
474.00 492.00
498.00 495.00
452.00 436.00
428.00 461.00
453.00 475.00
464.00 459.00
467.00 472.00
402.00 408.00
500.00 454.00
459.00 499.00
466.00 465.00
451.00 434.00
456.00 448.00
528.00 499.00
458.00 471.00
475.00 501.00
454.00 525.00
448.00 494.00
463.00 492.00
454.00 465.00
478.00 435.00
463.00 486.00
469.00 429.00
477.00 514.00
476.00 505.00
436.00 479.00
481.00 461.00
458.00 434.00
453.00 403.00
460.00 500.00
509.00 507.00
490.00 481.00
482.00 477.00
443.00 476.00
524.00 507.00
542.00 479.00
418.00 432.00
455.00 480.00
507.00 508.00
463.00 447.00
458.00 484.00
481.00 503.00
489.00 467.00
436.00 418.00
513.00 516.00
482.00 502.00
481.00 485.00
422.00 466.00
500.00 527.00
455.00 482.00
473.00 475.00
463.00 506.00
443.00 436.00
439.00 498.00
479.00 464.00
469.00 516.00
480.00 491.00
451.00 399.00
455.00 436.00
484.00 483.00
564.00 519.00
465.00 538.00
505.00 535.00
474.00 473.00
487.00 406.00
429.00 476.00
466.00 496.00
477.00 476.00
419.00 465.00
462.00 482.00
511.00 515.00
500.00 500.00
442.00 414.00
450.00 463.00
495.00 430.00
508.00 474.00
430.00 432.00
464.00 425.00
490.00 492.00
544.00 501.00
458.00 455.00
460.00 421.00
479.00 513.00
484.00 501.00
446.00 407.00
535.00 504.00
476.00 451.00
559.00 589.00
469.00 508.00
496.00 515.00
477.00 463.00
442.00 433.00
403.00 458.00
481.00 457.00
430.00 363.00
480.00 479.00
446.00 453.00
497.00 427.00
480.00 462.00
507.00 486.00
441.00 434.00
450.00 491.00
526.00 493.00
499.00 545.00
429.00 437.00
496.00 492.00
474.00 442.00
493.00 459.00
462.00 490.00
493.00 456.00
517.00 526.00
425.00 483.00
443.00 443.00
559.00 525.00
443.00 454.00
467.00 500.00
456.00 510.00
516.00 523.00
448.00 458.00
440.00 483.00
415.00 411.00
515.00 557.00
472.00 503.00
465.00 503.00
519.00 524.00
478.00 450.00
490.00 509.00
544.00 534.00
448.00 506.00
519.00 499.00
461.00 432.00
435.00 414.00
475.00 444.00
480.00 443.00
510.00 485.00
535.00 551.00
483.00 474.00
455.00 480.00
480.00 472.00
512.00 536.00
459.00 476.00
457.00 462.00
496.00 464.00
484.00 492.00
475.00 462.00
491.00 512.00
430.00 399.00
474.00 477.00
462.00 460.00
454.00 451.00
493.00 525.00
493.00 446.00
476.00 417.00
473.00 504.00
451.00 459.00
500.00 478.00
494.00 449.00
498.00 481.00
518.00 479.00
487.00 490.00
453.00 499.00
458.00 487.00
488.00 491.00
544.00 557.00
500.00 487.13
463.00 480.00
448.00 465.00
463.00 411.00
465.00 422.00
478.00 534.00
474.00 481.00
493.00 487.00
453.00 446.00
481.00 461.00
475.00 449.00
421.00 433.00
466.00 462.00
485.00 531.00
538.00 513.00
485.00 475.00
508.00 462.00
475.00 423.00
439.00 453.00
475.00 467.00
490.00 517.00
464.00 457.00
437.00 450.00
493.00 487.00
561.00 555.00
482.00 489.00
560.00 543.00
414.00 415.00
476.00 449.00
432.00 396.00
449.00 474.00
499.00 534.00
426.00 412.00
549.00 558.00
427.00 447.00
419.00 461.00
413.00 405.00
498.00 499.00
452.00 434.00
470.00 520.00
540.00 490.00
503.00 577.00
489.00 568.00
465.00 509.00
537.00 509.00
481.00 446.00
433.00 466.00
476.00 469.00
497.00 527.00
474.00 468.00
493.00 510.00
435.00 436.00
440.00 435.00
482.00 498.00
509.00 462.00
454.00 407.00
479.00 467.00
530.00 479.00
460.00 493.00
458.00 442.00
453.00 423.00
535.00 508.00
459.00 474.00
525.00 533.00
466.00 479.00
520.00 504.00
479.00 506.00
460.00 489.00
478.00 485.00
449.00 472.00
467.00 450.00
437.00 473.00
460.00 468.00
485.00 508.00
447.00 463.00
539.00 533.00
472.00 510.00
510.00 472.00
471.00 417.00
538.00 537.00
490.00 518.00
448.00 493.00
478.00 486.00
474.00 466.00
430.00 459.00
454.00 458.00
526.00 501.00
430.00 440.00
455.00 454.00
468.00 444.00
509.00 506.00
452.00 457.00
424.00 493.00
542.00 495.00
428.00 413.00
458.00 484.00
465.00 456.00
493.00 461.00
467.00 475.00
488.00 493.00
491.00 419.00
430.00 408.00
419.00 471.00
447.00 449.00
438.00 416.00
547.00 521.00
504.00 524.00
516.00 504.00
454.00 440.00
468.00 474.00
521.00 503.00
499.00 500.00
460.00 466.00
434.00 430.00
444.00 452.00
475.00 470.00
499.00 504.00
467.00 481.00
498.00 503.00
495.00 495.00
491.00 497.00
464.00 445.00
496.00 496.00
497.00 505.00
508.00 511.00
521.00 565.00
500.00 519.00
455.00 474.00
488.00 473.00
431.00 462.00
458.00 473.00
458.00 484.00
526.00 505.00
460.00 458.00
439.00 510.00
456.00 447.00
453.00 459.00
419.00 477.00
446.00 457.00
465.00 463.00
508.00 557.00
481.00 509.00
424.00 479.00
553.00 531.00
449.00 487.00
521.00 515.00
510.00 504.00
471.00 440.00
477.00 499.00
476.00 482.00
428.00 456.00
511.00 519.00
463.00 458.00
466.00 415.00
471.00 484.00
477.00 451.00
432.00 434.00
491.00 439.00
486.00 498.00
503.00 491.00
428.00 488.00
451.00 424.00
467.00 472.00
463.00 413.00
456.00 476.00
472.00 478.00
414.00 465.00
501.00 465.00
455.00 438.00
415.00 402.00
421.00 425.00
519.00 525.00
429.00 449.00
486.00 526.00
477.00 446.00
472.00 442.00
482.00 479.00
490.00 469.00
429.00 490.00
433.00 424.00
507.00 504.00
478.00 477.00
486.00 488.00
444.55 495.05
469.00 492.00
486.00 469.00
463.00 481.00
438.00 387.00
419.00 449.00
433.00 471.00
513.00 488.00
554.00 532.00
430.00 468.00
443.00 425.00
483.00 489.00
517.00 493.00
488.00 468.00
448.00 414.00
529.00 475.00
470.00 443.00
561.00 567.00
528.00 547.00
462.00 444.00
458.00 492.00
468.00 454.00
482.00 485.00
472.00 438.00
463.00 470.00
509.00 531.00
517.00 521.00
561.00 564.00
498.00 463.00
467.00 494.00
462.00 394.00
505.00 486.00
483.00 483.00
488.00 476.00
439.00 479.00
555.00 520.00
548.00 525.00
455.00 477.00
498.00 488.00
445.00 487.00
513.00 476.00
456.00 459.00
495.00 500.00
479.00 491.00
474.00 484.00
575.00 531.00
478.00 493.00
477.00 478.00
555.00 558.00
485.00 577.00
480.00 482.00
451.00 399.00
457.00 469.00
466.00 445.00
478.00 465.00
426.00 398.00
445.00 477.00
513.00 537.00
481.00 529.00
468.00 428.00
467.00 438.00
488.00 566.00
433.00 426.00
515.00 519.00
499.00 455.00
436.00 464.00
482.00 476.00
493.00 502.00
530.00 475.00
495.00 465.00
459.00 475.00
518.00 523.00
478.00 440.00
503.00 541.00
475.00 509.00
448.00 415.00
484.00 465.00
503.00 509.00
436.00 465.00
458.00 483.00
452.00 509.00
543.00 490.00
529.00 547.00
529.00 553.00
485.00 477.00
466.00 467.00
505.00 483.00
452.00 465.00
503.00 440.00
533.00 559.00
464.00 487.00
429.00 393.00
532.00 519.00
450.00 447.00
482.00 526.00
420.00 373.00
580.00 550.00
453.00 496.00
465.00 501.00
457.00 465.00
462.00 448.00
545.00 561.00
525.00 544.00
486.00 477.00
478.00 448.00
456.00 469.00
499.00 515.00
456.00 437.00
478.00 507.00
472.00 449.00
426.00 450.00
468.00 479.00
432.00 396.00
465.00 447.00
447.00 441.00
580.00 567.00
459.00 453.00
447.00 479.00
456.00 480.00
475.00 422.00
442.00 516.00
452.00 481.00
485.00 469.00
430.00 429.00
589.00 621.00
460.00 399.00
569.00 560.00
394.00 421.00
497.00 504.00
503.00 480.00
439.00 476.00
436.00 452.00
458.00 487.00
441.00 423.00
493.00 492.00
556.00 498.00
510.00 521.00
458.00 494.00
483.00 513.00
441.00 457.00
510.00 462.00
449.00 481.00
460.00 411.00
448.00 458.00
441.00 398.00
448.00 437.00
487.00 458.00
476.00 448.00
517.00 526.00
545.00 493.00
504.00 545.00
490.00 529.00
397.00 374.00
526.00 494.00
554.00 526.00
493.00 469.00
490.00 496.00
491.00 470.00
488.00 490.00
510.00 467.00
523.00 511.00
504.00 460.00
480.00 450.00
464.00 520.00
451.00 454.00
456.00 491.00
443.00 433.00
462.00 464.00
452.00 405.00
467.00 479.00
460.00 477.00
576.00 529.00
521.00 596.00
484.00 518.00
443.00 453.00
405.00 416.00
403.00 461.00
528.00 508.00
521.00 490.00
431.00 457.00
511.00 483.00
535.00 521.00
488.00 487.00
435.00 416.00
480.00 450.00
440.00 452.00
482.00 432.00
460.00 498.00
423.00 406.00
461.00 405.00
423.76 444.55
437.00 398.00
474.00 476.00
404.00 433.00
449.00 451.00
413.00 447.00
445.00 498.00
445.00 401.00
436.00 416.00
479.00 474.00
471.00 494.00
537.00 487.00
450.00 459.00
508.00 459.00
514.00 536.00
496.00 496.00
511.00 509.00
533.00 544.00
481.00 489.00
513.00 511.00
560.00 513.00
593.00 555.00
512.00 522.00
518.00 512.00
518.00 516.00
464.00 430.00
500.00 487.00
428.00 445.00
442.00 455.00
481.00 443.00
515.00 483.00
503.00 452.00
446.00 497.00
503.00 527.00
480.00 464.00
501.00 473.00
445.00 466.00
463.00 493.00
439.00 435.00
451.00 436.00
493.00 511.00
454.00 485.00
496.00 500.00
446.00 447.00
477.00 522.00
406.00 385.00
455.00 486.00
433.00 501.00
480.00 461.00
538.00 518.00
443.00 445.00
473.00 456.00
503.00 448.00
460.00 477.00
478.00 448.00
520.00 486.00
495.00 483.00
456.00 467.00
528.00 497.00
494.00 441.00
449.00 477.00
510.00 484.00
545.00 569.00
524.00 467.00
474.00 438.00
448.00 534.00
505.00 474.00
509.00 454.00
455.00 460.00
403.00 442.00
503.00 479.00
449.00 435.00
565.00 519.00
448.00 493.00
476.00 484.00
499.00 493.00
490.00 470.00
498.00 491.00
464.00 500.00
421.00 483.00
477.00 483.00
466.00 404.00
551.00 585.00
486.00 476.00
462.00 480.00
450.00 506.00
497.00 473.00
450.00 409.00
447.00 515.00
470.00 469.00
518.00 459.00
482.00 526.00
462.00 467.00
539.00 507.00
445.00 445.00
456.00 448.00
449.00 437.00
470.00 470.00
439.00 468.00
440.00 468.00
561.00 554.00
436.00 464.00
426.00 415.00
438.00 505.00
387.00 399.00
465.00 500.00
463.00 458.00
467.00 487.00
468.00 466.00
430.00 426.00
494.00 498.00
414.00 439.00
497.00 480.00
484.00 503.00
550.00 534.00
466.00 516.00
491.00 483.00
585.00 612.00
471.00 468.00
483.00 442.00
450.00 467.00
437.00 485.00
424.00 452.00
479.00 484.00
519.00 559.00
476.00 413.00
498.00 479.00
479.00 443.00
419.00 445.00
407.00 428.00
447.00 479.00
487.00 489.00
468.00 477.00
474.00 459.00
477.00 485.00
495.00 483.00
483.00 480.00
489.00 496.00
472.00 477.00
505.00 496.00
482.00 488.00
528.00 519.00
432.00 447.00
478.00 521.00
402.00 441.00
549.00 485.00
489.00 484.00
488.00 487.00
438.00 440.00
469.00 447.00
492.00 482.00
458.00 451.00
436.00 486.00
460.00 472.00
444.00 441.00
458.00 487.00
519.00 474.00
445.00 464.00
522.00 511.00
491.00 492.00
479.00 533.00
511.00 543.00
474.00 520.00
412.00 441.00
438.00 392.00
481.00 423.00
399.00 453.00
455.00 457.00
462.00 519.00
516.00 503.00
462.00 489.00
468.00 477.00
459.00 495.00
478.00 495.00
496.00 508.00
492.00 515.00
548.00 538.00
532.00 513.00
485.00 485.00
439.00 475.00
461.00 462.00
486.00 492.00
440.00 494.00
459.00 448.00
468.32 521.78
477.00 425.00
560.00 517.00
479.00 484.00
477.00 444.00
479.00 537.00
546.00 565.00
484.00 497.00
506.00 488.00
442.00 461.00
495.00 462.00
481.00 424.00
440.00 404.00
526.00 517.00
451.00 432.00
471.00 464.00
473.00 485.00
496.00 476.00
524.00 495.00
492.00 546.00
481.00 492.00
506.00 445.00
463.00 470.00
464.00 482.00
472.00 459.00
459.00 459.00
482.00 489.00
462.00 462.00
434.00 411.00
552.00 516.00
459.00 462.00
441.00 506.00
465.00 436.00
419.00 434.00
446.00 404.00
445.00 462.00
491.00 466.00
448.00 487.00
483.00 505.00
481.00 436.00
479.00 472.00
446.00 498.00
452.00 438.00
503.00 523.00
529.00 535.00
454.00 468.00
489.00 471.00
489.00 473.00
479.00 468.00
469.00 478.00
425.00 463.00
491.00 515.00
438.00 447.00
489.00 479.00
485.00 451.00
428.00 465.00
444.00 502.00
491.00 500.00
471.00 441.00
482.00 487.00
456.00 477.00
427.00 417.00
468.00 417.00
495.00 459.00
461.00 446.00
525.00 484.00
471.00 487.00
495.00 466.00
423.00 447.00
579.00 556.00
443.00 483.00
490.00 488.00
509.00 491.00
468.00 428.00
501.00 523.00
444.00 450.00
502.00 517.00
503.00 474.00
426.00 417.00
450.00 440.00
454.00 438.00
505.00 488.00
456.00 481.00
442.00 446.00
452.00 433.00
478.00 508.00
451.00 465.00
455.00 459.00
524.00 429.00
460.00 453.00
518.00 541.00
486.00 511.00
495.00 467.00
500.00 447.00
422.00 472.00
436.00 450.00
452.00 466.00
505.00 501.00
433.00 448.00
456.00 432.00
497.00 558.00
461.00 430.00
422.00 422.00
475.00 502.00
497.00 463.00
471.00 446.00
459.00 482.00
472.00 474.00
492.00 468.00
507.00 455.00
466.00 445.00
459.00 488.00
487.00 492.00
447.00 474.00
469.00 482.00
475.00 548.00
454.00 455.00
419.00 455.00
440.00 386.00
478.00 471.00
478.00 497.00
521.00 583.00
460.00 472.00
465.00 474.00
449.00 467.00
507.00 480.00
459.00 458.00
473.00 452.00
576.00 540.00
488.00 478.00
468.00 455.00
519.00 535.00
505.00 484.00
481.00 439.00
472.00 485.00
452.00 471.00
449.00 452.00
455.00 458.00
501.00 505.00
450.00 436.00
480.00 514.00
460.00 480.00
455.00 488.00
506.00 470.00
519.00 467.00
446.00 467.00
479.00 464.00
503.00 456.00
478.00 488.00
510.00 499.00
444.00 426.00
484.00 483.00
482.00 462.00
439.00 408.00
462.00 460.00
440.00 414.00
422.00 432.00
476.00 429.00
468.00 428.00
463.00 456.00
495.00 495.00
451.00 435.00
488.00 495.00
513.00 483.00
525.00 560.00
456.00 415.00
476.00 480.00
452.00 489.00
463.00 449.00
452.00 425.00
574.00 601.00
478.00 460.00
486.00 478.00
562.00 454.00
459.00 495.00
479.00 503.00
433.00 437.00
447.00 448.00
432.00 416.00
446.00 489.00
474.00 476.00
487.00 454.00
482.00 482.00
461.00 431.00
478.00 481.00
496.00 494.00
475.25 477.23
481.00 523.00
463.00 460.00
510.00 502.00
455.00 483.00
415.00 487.00
414.00 419.00
529.00 451.00
432.00 470.00
511.00 521.00
464.00 462.00
452.00 530.00
397.00 401.00
470.00 477.00
478.00 472.00
504.00 498.00
504.00 476.00
474.00 436.00
483.00 496.00
480.00 489.00
487.00 479.00
437.00 496.00
452.00 454.00
433.00 420.00
452.00 471.00
476.00 486.00
497.00 487.00
521.00 535.00
457.00 461.00
518.00 497.00
473.00 491.00
457.00 441.00
512.00 500.00
473.00 504.00
485.00 541.00
450.00 460.00
478.00 525.00
434.00 489.00
497.00 526.00
490.00 478.00
520.00 499.00
457.00 397.00
453.00 462.00
425.00 446.00
477.00 446.00
460.00 459.00
550.00 473.00
470.00 448.00
472.00 492.00
504.00 477.00
520.00 476.00
462.00 439.00
494.00 478.00
512.00 499.00
457.00 443.00
473.00 488.00
478.00 495.00
510.00 518.00
476.00 473.00
452.00 457.00
487.00 477.00
482.00 478.00
483.00 497.00
440.00 433.00
469.00 453.00
443.00 447.00
437.00 493.00
471.00 468.00
504.00 486.00
503.00 499.00
462.00 528.00
454.00 494.00
489.00 479.00
484.00 506.00
464.00 455.00
460.00 489.00
552.00 532.00
574.00 567.00
449.00 454.00
492.00 528.00
455.00 446.00
504.00 435.00
472.00 427.00
465.00 490.00
496.00 503.00
424.00 464.00
542.00 504.00
395.00 430.00
448.00 426.00
421.00 424.00
447.00 465.00
460.00 476.00
455.00 461.00
476.00 468.00
470.00 514.00
486.00 507.00
415.00 433.00
451.00 446.00
469.00 496.00
414.00 463.00
499.00 472.00
488.00 417.00
443.00 470.00
461.00 489.00
461.00 434.00
455.00 402.00
448.00 447.00
501.00 473.00
471.00 477.00
486.00 465.00
483.00 492.00
499.00 476.00
461.00 434.00
464.00 463.00
501.00 511.00
450.00 451.00
448.00 461.00
449.00 525.00
448.00 486.00
496.00 449.00
430.00 434.00
442.00 436.00
445.00 403.00
489.00 452.00
473.00 473.00
472.00 478.00
559.00 556.00
473.00 508.00
472.00 501.00
553.00 501.00
439.00 453.00
469.00 458.00
430.00 454.00
473.00 442.00
536.00 570.00
514.00 504.00
476.00 450.00
478.00 468.00
510.00 454.00
524.00 504.00
457.00 452.00
422.00 456.00
448.00 518.00
428.00 397.00
471.00 497.00
467.00 512.00
468.00 500.00
438.00 463.00
494.00 485.00
535.00 532.00
519.00 507.00
446.00 440.00
500.00 471.00
452.00 437.00
502.00 445.00
495.00 496.00
527.00 575.00
477.00 484.00
465.00 475.00
511.00 517.00
440.00 416.00
575.00 518.00
431.00 480.00
381.00 397.00
475.00 469.00
456.00 489.00
437.00 461.00
479.00 477.00
469.00 470.00
502.00 449.00
460.00 480.00
474.00 491.00
533.00 519.00
516.00 513.00
458.00 506.00
522.00 498.00
498.00 502.00
488.00 502.00
489.00 448.00
513.00 544.00
489.00 499.00
431.00 453.00
447.00 464.00
464.00 465.00
468.00 463.00
438.00 451.00
456.00 486.00
479.21 494.06
499.00 567.00
485.00 478.00
476.00 457.00
493.00 467.00
429.00 443.00
478.00 487.00
431.00 467.00
461.00 439.00
454.00 464.00
451.00 454.00
480.00 453.00
454.00 497.00
451.00 445.00
456.00 461.00
448.00 461.00
508.00 521.00
430.00 465.00
501.00 482.00
488.00 515.00
495.00 484.00
559.00 529.00
470.00 492.00
469.00 490.00
414.00 413.00
480.00 463.00
511.00 458.00
484.00 474.00
413.00 453.00
460.00 464.00
446.00 445.00
446.00 466.00
441.00 430.00
473.00 480.00
429.00 440.00
499.00 524.00
461.00 442.00
493.00 486.00
455.00 472.00
530.00 504.00
473.00 487.00
458.00 486.00
429.00 434.00
437.00 446.00
373.00 446.00
456.00 488.00
431.00 426.00
461.00 429.00
518.00 559.00
489.00 453.00
499.00 416.00
458.00 480.00
558.00 463.00
477.00 492.00
429.00 507.00
463.00 459.00
468.00 508.00
454.00 466.00
440.00 418.00
521.00 535.00
443.00 471.00
482.00 460.00
460.00 420.00
522.00 535.00
498.00 546.00
508.00 548.00
455.00 435.00
466.00 532.00
451.00 459.00
480.00 489.00
497.00 482.00
433.00 432.00
430.00 453.00
434.00 400.00
483.00 463.00
497.00 534.00
499.00 505.00
511.00 477.00
503.00 543.00
458.00 429.00
430.00 499.00
454.00 435.00
499.00 557.00
529.00 542.00
487.00 450.00
446.00 456.00
531.00 502.00
461.00 435.00
537.00 477.00
482.00 505.00
505.00 525.00
423.00 435.00
433.00 440.00
453.00 466.00
437.00 435.00
480.00 478.00
506.00 499.00
483.00 465.00
471.00 459.00
466.00 416.00
486.00 461.00
509.00 524.00
445.00 481.00
507.00 487.00
500.00 471.00
450.00 443.00
506.00 512.00
465.00 480.00
475.00 501.00
470.00 498.00
433.00 463.00
464.00 487.00
489.00 489.00
483.00 473.00
461.00 449.00
472.00 488.00
453.00 429.00
500.00 467.00
538.00 524.00
466.00 492.00
519.00 473.00
525.00 512.00
458.00 454.00
476.00 442.00
531.00 498.00
490.00 454.00
455.00 460.00
457.00 439.00
472.00 453.00
488.00 494.00
492.00 496.00
497.00 459.00
503.00 506.00
446.00 486.00
561.00 559.00
433.00 454.00
515.00 491.00
483.00 485.00
525.00 453.00
455.00 510.00
489.00 486.00
505.00 482.00
532.00 519.00
430.00 445.00
492.00 429.00
456.00 462.00
463.00 504.00
530.00 502.00
527.00 477.00
542.00 503.00
452.00 460.00
512.00 497.00
551.00 500.00
418.00 390.00
452.00 459.00
442.00 423.00
476.00 440.00
447.00 446.00
528.00 517.00
475.00 467.00
482.00 493.00
442.00 423.00
427.00 438.00
480.00 452.00
507.00 515.00
496.00 523.00
454.00 425.00
499.00 466.00
468.00 461.00
469.00 445.00
495.00 503.00
481.00 490.00
412.00 402.00
467.00 437.00
424.00 489.00
492.00 456.00
453.00 452.00
463.00 469.00
482.00 490.00
457.00 532.00
470.00 514.00
491.00 420.00
449.00 439.00
487.00 459.00
486.00 456.00
503.96 467.33
439.00 391.00
527.00 577.00
472.00 467.00
410.00 424.00
452.00 428.00
490.00 489.00
467.00 489.00
504.00 477.00
435.00 423.00
494.00 472.00
512.00 461.00
456.00 459.00
522.00 474.00
486.00 476.00
470.00 482.00
469.00 465.00
517.00 545.00
499.00 488.00
525.00 567.00
486.00 448.00
477.00 477.00
482.00 498.00
458.00 474.00
552.00 530.00
517.00 478.00
529.00 567.00
484.00 481.00
483.00 490.00
502.00 508.00
472.00 491.00
458.00 484.00
502.00 503.00
515.00 530.00
465.00 442.00
467.00 475.00
468.00 466.00
496.00 514.00
493.00 462.00
461.00 450.00
496.00 481.00
440.00 477.00
418.00 410.00
469.00 471.00
499.00 476.00
479.00 462.00
504.00 522.00
447.00 469.00
487.00 521.00
480.00 486.00
455.00 472.00
414.00 482.00
484.00 441.00
543.00 523.00
489.00 438.00
472.00 438.00
480.00 464.00
456.00 443.00
443.00 399.00
502.00 455.00
449.00 399.00
441.00 393.00
470.00 472.00
460.00 432.00
454.00 444.00
457.00 491.00
487.00 515.00
498.00 444.00
484.00 477.00
456.00 399.00
440.00 477.00
498.00 509.00
516.00 451.00
460.00 468.00
457.00 500.00
494.00 492.00
444.00 425.00
408.00 401.00
489.00 478.00
450.00 397.00
429.00 463.00
438.00 484.00
407.00 406.00
459.00 425.00
470.00 462.00
508.00 527.00
486.00 452.00
455.00 501.00
467.00 466.00
444.00 454.00
462.00 437.00
511.00 485.00
475.00 504.00
453.00 530.00
454.00 516.00
429.00 388.00
503.00 518.00
458.00 445.00
484.00 453.00
486.00 528.00
462.00 459.00
395.00 407.00
444.00 422.00
434.00 471.00
442.00 452.00
479.00 485.00
469.00 439.00
465.00 438.00
422.00 412.00
465.00 495.00
434.00 440.00
489.00 461.00
487.00 466.00
461.00 466.00
476.00 470.00
500.00 425.00
447.00 470.00
433.00 415.00
570.00 481.00
432.00 475.00
437.00 421.00
473.00 443.00
456.00 468.00
453.00 501.00
484.00 456.00
498.00 466.00
426.00 423.00
446.00 450.00
501.00 462.00
489.00 551.00
466.00 501.00
465.00 489.00
551.00 463.00
504.00 512.00
421.00 442.00
408.00 407.00
482.00 510.00
507.00 538.00
487.00 395.00
511.00 518.00
443.00 483.00
434.00 430.00
447.00 510.00
474.00 450.00
456.00 461.00
474.00 488.00
503.00 477.00
529.00 533.00
466.00 436.00
483.00 538.00
478.00 477.00
482.00 434.00
522.00 495.00
483.00 491.00
434.00 447.00
493.00 539.00
464.00 453.00
446.00 445.00
479.00 551.00
462.00 461.00
453.00 449.00
458.00 477.00
437.00 412.00
517.00 503.00
433.00 436.00
453.00 442.00
424.00 419.00
493.00 487.00
482.00 474.00
521.00 543.00
478.00 473.00
481.00 410.00
447.00 494.00
467.00 498.00
438.00 417.00
497.00 452.00
479.00 454.00
414.00 442.00
518.00 472.00
467.00 470.00
443.00 470.00
474.00 475.00
476.00 468.00
523.00 498.00
433.00 419.00
514.00 478.00
502.00 487.00
450.00 470.00
402.00 426.00
532.00 552.00
459.00 452.00
462.00 464.00
487.00 447.00
461.39 469.31
491.00 505.00
487.00 516.00
446.00 485.00
492.00 513.00
472.00 504.00
458.00 504.00
419.00 481.00
448.00 493.00
469.00 440.00
462.00 485.00
546.00 527.00
506.00 503.00
444.00 443.00
473.00 447.00
436.00 397.00
450.00 492.00
413.00 401.00
467.00 461.00
481.00 482.00
428.00 423.00
442.00 460.00
486.00 433.00
464.00 409.00
496.00 482.00
483.00 456.00
477.00 449.00
467.00 467.00
520.00 496.00
521.00 556.00
470.00 410.00
528.00 578.00
476.00 459.00
462.00 481.00
481.00 505.00
414.00 446.00
520.00 566.00
454.00 454.00
492.00 516.00
480.00 446.00
458.00 499.00
532.00 480.00
466.00 434.00
494.00 489.00
460.00 451.00
508.00 477.00
472.00 475.00
458.00 468.00
439.00 430.00
539.00 498.00
454.00 439.00
523.00 517.00
493.00 514.00
568.00 543.00
616.00 606.00
519.00 473.00
485.00 463.00
516.00 470.00
441.00 463.00
441.00 478.00
461.00 468.00
465.00 463.00
527.00 526.00
487.00 489.00
488.00 523.00
434.00 480.00
388.00 494.00
469.00 448.00
452.00 465.00
473.00 492.00
438.00 410.00
476.00 568.00
544.00 545.00
463.00 407.00
470.00 475.00
446.00 481.00
518.00 504.00
426.00 432.00
492.00 493.00
500.00 523.00
452.00 477.00
437.00 401.00
442.00 380.00
471.00 467.00
438.00 441.00
543.00 514.00
469.00 466.00
510.00 489.00
532.00 540.00
516.00 509.00
492.00 501.00
457.00 459.00
515.00 508.00
491.00 512.00
434.00 467.00
535.00 515.00
488.00 503.00
446.00 436.00
461.00 445.00
445.00 444.00
484.00 550.00
493.00 466.00
594.00 542.00
502.00 514.00
491.00 492.00
478.00 465.00
472.00 468.00
474.00 480.00
436.00 452.00
420.00 448.00
509.00 559.00
494.00 477.00
438.00 461.00
482.00 447.00
463.00 517.00
515.00 484.00
475.00 438.00
470.00 513.00
504.00 460.00
442.00 471.00
492.00 507.00
490.00 490.00
431.00 431.00
446.00 399.00
533.00 521.00
450.00 430.00
394.00 367.00
413.00 491.00
466.00 481.00
479.00 486.00
472.00 476.00
469.00 450.00
429.00 420.00
458.00 482.00
484.00 446.00
467.00 492.00
463.00 453.00
451.00 454.00
487.00 470.00
523.00 516.00
427.00 455.00
544.00 543.00
426.00 424.00
447.00 418.00
470.00 461.00
446.00 470.00
523.00 567.00
465.00 450.00
467.00 479.00
482.00 510.00
444.00 474.00
511.00 516.00
439.00 435.00
493.00 508.00
438.00 404.00
506.00 463.00
493.00 467.00
464.00 490.00
476.00 450.00
419.00 479.00
475.00 486.00
472.00 566.00
547.00 479.00
458.00 519.00
498.00 509.00
460.00 469.00
549.00 537.00
553.00 561.00
493.00 500.00
467.00 410.00
524.00 510.00
533.00 541.00
499.00 489.00
428.00 459.00
456.00 429.00
420.00 449.00
461.00 508.00
438.00 447.00
530.00 499.00
519.00 510.00
420.00 405.00
432.00 444.00
436.00 442.00
476.24 457.43
471.00 475.00
545.00 493.00
496.00 522.00
470.00 471.00
510.00 488.00
461.00 518.00
507.00 559.00
438.00 415.00
494.00 467.00
444.00 484.00
452.00 480.00
484.00 466.00
443.00 456.00
506.00 529.00
452.00 447.00
522.00 498.00
455.00 425.00
494.00 518.00
495.00 489.00
529.00 468.00
470.00 471.00
465.00 482.00
526.00 521.00
457.00 462.00
485.00 439.00
456.00 481.00
497.00 486.00
448.00 434.00
437.00 407.00
495.00 517.00
415.00 428.00
471.00 490.00
515.00 522.00
463.00 455.00
471.00 449.00
453.00 463.00
475.00 439.00
446.00 464.00
475.00 531.00
436.00 491.00
479.00 469.00
512.00 480.00
556.00 550.00
474.00 426.00
455.00 476.00
453.00 475.00
466.00 461.00
499.00 448.00
443.00 448.00
505.00 458.00
483.00 456.00
439.00 485.00
415.00 385.00
471.00 453.00
454.00 455.00
467.00 446.00
451.00 445.00
504.00 492.00
437.00 435.00
493.00 456.00
481.00 533.00
498.00 486.00
435.00 402.00
499.00 527.00
499.00 540.00
480.00 439.00
430.00 414.00
491.00 509.00
518.00 468.00
444.00 444.00
444.00 464.00
454.00 454.00
477.00 479.00
515.00 521.00
482.00 480.00
464.00 471.00
485.00 500.00
480.00 434.00
504.00 464.00
489.00 451.00
472.00 489.00
429.00 468.00
407.00 423.00
443.00 479.00
402.00 402.00
466.00 437.00
428.00 446.00
515.00 484.00
484.00 541.00
454.00 446.00
457.00 484.00
540.00 566.00
499.00 510.00
483.00 434.00
538.00 491.00
516.00 528.00
528.00 502.00
533.00 540.00
466.00 505.00
448.00 458.00
432.00 451.00
486.00 491.00
438.00 477.00
500.00 534.00
462.00 436.00
519.00 547.00
435.00 452.00
464.00 403.00
495.00 538.00
498.00 480.00
499.00 506.00
459.00 484.00
513.00 474.00
460.00 503.00
443.00 434.00
462.00 435.00
505.00 458.00
458.00 448.00
486.00 514.00
497.00 486.00
444.00 480.00
502.00 513.00
447.00 449.00
480.00 497.00
544.00 536.00
456.00 470.00
500.00 545.00
544.00 501.00
587.00 670.00
504.00 514.00
456.00 468.00
489.00 488.00
459.00 415.00
479.00 516.00
392.00 412.00
457.00 467.00
486.00 434.00
451.00 496.00
476.00 497.00
441.00 433.00
484.00 437.00
502.00 509.00
501.00 491.00
442.00 470.00
425.00 444.00
454.00 464.00
459.00 506.00
457.00 510.00
476.00 454.00
490.00 479.00
502.00 480.00
461.00 463.00
516.00 507.00
434.00 465.00
493.00 463.00
449.00 463.00
463.00 489.00
470.00 415.00
416.00 476.00
576.00 504.00
432.00 426.00
422.00 472.00
437.00 515.00
454.00 435.00
454.00 450.00
459.00 503.00
541.00 488.00
446.00 423.00
496.00 485.00
479.00 506.00
483.00 524.00
490.00 462.00
461.00 525.00
494.00 493.00
518.00 568.00
427.00 401.00
458.00 430.00
452.00 412.00
455.00 460.00
423.00 441.00
465.00 479.00
549.00 550.00
438.00 465.00
542.00 516.00
479.00 465.00
508.00 495.00
474.00 467.00
442.00 399.00
477.00 446.00
447.00 449.00
430.00 452.00
459.41 519.80
490.00 471.00
460.00 435.00
476.00 481.00
489.00 433.00
447.00 507.00
447.00 479.00
492.00 508.00
455.00 447.00
515.00 504.00
469.00 475.00
470.00 468.00
525.00 517.00
453.00 475.00
479.00 480.00
433.00 452.00
497.00 559.00
471.00 449.00
447.00 449.00
466.00 499.00
410.00 444.00
485.00 507.00
406.00 444.00
462.00 481.00
456.00 427.00
468.00 479.00
509.00 505.00
446.00 426.00
497.00 471.00
464.00 468.00
449.00 435.00
473.00 456.00
452.00 430.00
488.00 528.00
518.00 569.00
431.00 407.00
450.00 502.00
484.00 512.00
453.00 433.00
467.00 477.00
457.00 423.00
426.00 422.00
439.00 478.00
445.00 431.00
482.00 475.00
459.00 507.00
447.00 484.00
440.00 418.00
479.00 478.00
509.00 503.00
458.00 394.00
549.00 549.00
424.00 451.00
432.00 487.00
444.00 466.00
468.00 423.00
556.00 515.00
473.00 441.00
470.00 514.00
469.00 500.00
457.00 411.00
484.00 453.00
494.00 498.00
440.00 457.00
516.00 529.00
495.00 480.00
465.00 477.00
470.00 499.00
463.00 491.00
460.00 451.00
479.00 506.00
407.00 492.00
437.00 434.00
532.00 549.00
468.00 467.00
473.00 461.00
462.00 494.00
456.00 451.00
471.00 412.00
521.00 455.00
454.00 431.00
520.00 498.00
460.00 480.00
488.00 489.00
449.00 423.00
472.00 533.00
431.00 472.00
497.00 481.00
462.00 451.00
465.00 441.00
474.00 494.00
393.00 420.00
528.00 465.00
508.00 476.00
439.00 459.00
470.00 479.00
479.00 479.00
511.00 501.00
466.00 447.00
466.00 455.00
452.00 507.00
570.00 578.00
486.00 481.00
464.00 474.00
459.00 453.00
443.00 462.00
460.00 459.00
488.00 482.00
482.00 517.00
495.00 437.00
507.00 476.00
495.00 477.00
507.00 528.00
522.00 477.00
418.00 450.00
489.00 472.00
491.00 482.00
466.00 386.00
477.00 489.00
535.00 521.00
419.00 498.00
463.00 427.00
485.00 459.00
511.00 478.00
473.00 457.00
505.00 556.00
473.00 466.00
446.00 460.00
503.00 516.00
452.00 459.00
457.00 483.00
501.00 544.00
517.00 462.00
525.00 491.00
443.00 506.00
472.00 439.00
550.00 556.00
440.00 473.00
455.00 455.00
408.00 501.00
465.00 475.00
481.00 442.00
450.00 462.00
455.00 451.00
522.00 546.00
478.00 487.00
460.00 460.00
454.00 509.00
454.00 447.00
469.00 480.00
584.00 544.00
433.00 483.00
481.00 500.00
499.00 494.00
444.00 408.00
487.00 512.00
472.00 479.00
497.00 512.00
479.00 506.00
475.00 546.00
448.00 495.00
482.00 451.00
481.00 490.00
504.00 523.00
469.00 454.00
510.00 518.00
477.00 480.00
457.00 499.00
446.00 462.00
474.00 478.00
458.00 484.00
493.00 403.00
460.00 479.00
492.00 503.00
465.00 502.00
456.00 391.00
472.00 521.00
405.00 405.00
516.00 480.00
417.00 508.00
449.00 473.00
450.00 441.00
449.50 463.37
524.00 475.00
499.00 481.00
440.00 500.00
441.00 405.00
441.00 489.00
517.00 498.00
428.00 365.00
479.00 496.00
470.00 474.00
402.00 413.00
455.00 451.00
447.00 421.00
485.00 447.00
513.00 508.00
431.00 466.00
439.00 425.00
440.00 458.00
429.00 427.00
485.00 441.00
494.00 514.00
460.00 485.00
463.00 506.00
446.00 454.00
445.00 499.00
516.00 526.00
441.00 442.00
467.00 456.00
501.00 524.00
469.00 501.00
497.00 457.00
446.00 439.00
450.00 447.00
488.00 431.00
535.00 499.00
427.00 489.00
480.00 474.00
457.00 483.00
449.00 472.00
430.00 461.00
466.00 504.00
453.00 447.00
419.00 418.00
514.00 525.00
482.00 502.00
431.00 426.00
536.00 526.00
520.00 524.00
440.00 464.00
457.00 451.00
465.00 481.00
447.00 461.00
504.00 469.00
470.00 495.00
526.00 404.00
441.00 466.00
493.00 483.00
506.00 479.00
463.00 467.00
425.00 435.00
470.00 415.00
584.00 544.00
500.00 467.00
495.00 442.00
577.00 545.00
464.00 488.00
468.00 483.00
454.00 488.00
474.00 443.00
471.00 462.00
503.00 550.00
422.00 432.00
524.00 519.00
468.00 525.00
466.00 475.00
458.00 461.00
462.00 452.00
497.00 468.00
470.00 466.00
512.00 488.00
452.00 475.00
464.00 421.00
482.00 458.00
446.00 497.00
453.00 473.00
434.00 470.00
547.00 529.00
509.00 529.00
514.00 542.00
547.00 492.00
480.00 499.00
449.00 483.00
553.00 505.00
475.00 491.00
541.00 505.00
488.00 513.00
448.00 427.00
488.00 509.00
476.00 523.00
504.00 504.00
439.00 468.00
487.00 465.00
427.00 439.00
458.00 464.00
502.00 472.00
436.00 440.00
419.00 480.00
454.00 430.00
515.00 510.00
442.00 461.00
450.00 433.00
530.00 501.00
518.00 500.00
427.00 451.00
481.00 498.00
449.00 448.00
515.00 528.00
481.00 483.00
505.00 499.00
438.00 508.00
492.00 453.00
460.00 496.00
469.00 448.00
487.00 539.00
460.00 453.00
508.00 478.00
422.00 445.00
473.00 422.00
490.00 487.00
521.00 497.00
435.00 407.00
511.00 518.00
448.00 429.00
500.00 500.00
492.00 454.00
437.00 445.00
451.00 435.00
439.00 389.00
458.00 491.00
469.00 450.00
515.00 457.00
433.00 423.00
461.00 425.00
442.00 466.00
505.00 485.00
468.00 449.00
463.00 456.00
445.00 441.00
457.00 457.00
413.00 423.00
442.00 465.00
426.00 445.00
492.00 517.00
408.00 431.00
495.00 437.00
442.00 429.00
447.00 415.00
405.00 420.00
442.00 406.00
494.00 476.00
479.00 394.00
489.00 497.00
465.00 514.00
458.00 511.00
433.00 466.00
466.00 446.00
500.00 520.00
517.00 506.00
441.00 482.00
433.00 469.00
515.00 517.00
467.00 478.00
464.00 456.00
479.00 482.00
415.00 446.00
461.00 426.00
412.00 444.00
540.00 480.00
480.00 488.00
489.00 501.00
477.00 445.00
477.00 468.00
465.00 498.00
469.00 455.00
461.00 516.00
412.00 407.00
484.00 469.00
467.00 450.00
454.00 449.00
419.00 468.00
458.42 472.28
484.00 446.00
445.00 410.00
532.00 549.00
456.00 463.00
492.00 517.00
494.00 484.00
418.00 456.00
504.00 531.00
472.00 457.00
508.00 491.00
450.00 501.00
470.00 481.00
477.00 482.00
472.00 418.00
490.00 489.00
450.00 468.00
486.00 475.00
551.00 540.00
475.00 528.00
539.00 497.00
446.00 480.00
476.00 485.00
485.00 465.00
483.00 436.00
466.00 472.00
484.00 452.00
527.00 529.00
456.00 453.00
471.00 492.00
467.00 456.00
474.00 510.00
428.00 421.00
454.00 497.00
495.00 454.00
462.00 486.00
443.00 429.00
464.00 446.00
473.00 461.00
564.00 510.00
431.00 426.00
426.00 490.00
435.00 457.00
513.00 464.00
490.00 461.00
473.00 470.00
483.00 436.00
480.00 442.00
489.00 463.00
473.00 497.00
500.00 478.00
462.00 451.00
472.00 449.00
456.00 471.00
521.00 492.00
497.00 558.00
440.00 434.00
437.00 488.00
453.00 535.00
459.00 520.00
474.00 457.00
466.00 467.00
421.00 429.00
494.00 455.00
561.00 573.00
434.00 441.00
489.00 479.00
489.00 454.00
472.00 424.00
495.00 459.00
427.00 410.00
461.00 436.00
527.00 499.00
447.00 481.00
476.00 543.00
553.00 488.00
518.00 534.00
490.00 541.00
492.00 525.00
455.00 458.00
441.00 407.00
470.00 522.00
512.00 477.00
484.00 491.00
434.00 416.00
475.00 487.00
493.00 445.00
434.00 448.00
431.00 444.00
431.00 432.00
458.00 430.00
444.00 446.00
442.00 433.00
434.00 436.00
535.00 515.00
506.00 492.00
511.00 527.00
495.00 504.00
457.00 427.00
493.00 508.00
490.00 457.00
558.00 502.00
542.00 484.00
465.00 445.00
494.00 498.00
456.00 489.00
450.00 436.00
442.00 482.00
529.00 527.00
465.00 457.00
433.00 462.00
444.00 453.00
483.00 507.00
449.00 487.00
504.00 531.00
511.00 493.00
494.00 429.00
520.00 499.00
461.00 519.00
532.00 520.00
482.00 444.00
471.00 466.00
472.00 465.00
549.00 505.00
551.00 557.00
440.00 441.00
451.00 424.00
431.00 474.00
430.00 470.00
421.00 446.00
465.00 455.00
500.00 452.00
464.00 476.00
485.00 492.00
477.00 496.00
477.00 480.00
474.00 504.00
436.00 438.00
454.00 471.00
424.00 476.00
514.00 522.00
509.00 440.00
483.00 445.00
482.00 500.00
471.00 457.00
500.00 518.00
435.00 449.00
495.00 467.00
446.00 458.00
468.00 542.00
462.00 444.00
443.00 451.00
423.00 414.00
473.00 515.00
504.00 512.00
437.00 413.00
472.00 546.00
573.00 531.00
475.00 445.00
408.00 367.00
573.00 557.00
484.00 482.00
557.00 504.00
454.00 474.00
479.00 490.00
481.00 417.00
497.00 520.00
466.00 478.00
499.00 548.00
434.00 408.00
479.00 481.00
479.00 501.00
496.00 465.00
435.00 419.00
472.00 420.00
460.00 501.00
526.00 475.00
465.00 444.00
530.00 492.00
442.00 438.00
411.00 419.00
466.00 448.00
486.00 499.00
493.00 539.00
545.00 486.00
486.14 531.68
472.00 436.00
478.00 545.00
485.00 444.00
454.00 446.00
469.00 449.00
