17.62 16.78
2.23 1.76
2.09 2.08
1.91 1.76
1.77 1.91
2.00 1.88
1.79 1.84
1.71 1.76
1.72 1.94
1.99 2.05
1.87 1.98
1.74 1.88
1.89 1.83
1.82 1.73
1.99 1.88
1.70 1.88
1.68 1.70
1.82 1.70
1.84 1.82
2.19 2.02
1.86 1.92
1.90 1.84
1.75 1.64
1.87 2.02
2.07 2.05
1.89 1.92
2.02 2.02
1.66 1.79
1.95 1.85
1.68 1.79
1.88 1.79
1.85 1.86
1.80 1.82
1.71 1.91
1.87 1.84
1.76 1.88
1.84 2.03
1.84 1.81
1.87 1.88
1.91 1.68
2.14 2.01
2.04 1.93
1.84 1.94
1.81 1.80
1.86 1.74
1.93 1.88
2.00 1.96
1.85 1.94
2.01 2.07
1.91 1.84
1.69 1.75
1.89 1.87
1.74 1.70
1.86 1.72
1.73 1.73
1.80 1.66
1.77 1.99
1.59 1.74
1.79 1.83
1.77 1.76
1.83 1.75
2.03 2.14
1.70 1.80
1.81 1.77
2.00 1.95
1.80 1.80
1.78 1.78
1.86 1.62
1.80 1.91
1.80 1.57
1.91 1.93
1.91 1.89
1.85 1.93
1.79 1.95
1.81 1.85
2.02 1.79
1.79 1.90
1.79 1.87
1.70 1.69
1.71 1.78
1.83 1.76
1.85 1.77
1.91 1.98
1.66 1.88
1.98 1.93
2.01 1.99
2.23 2.11
1.93 2.00
2.19 2.03
1.71 1.90
2.19 2.19
2.08 1.91
1.79 1.66
1.85 1.91
1.84 1.78
1.88 1.64
1.79 1.70
1.90 1.87
1.79 1.95
1.90 1.87
1.81 1.69
2.11 1.95
2.07 2.05
1.76 2.02
1.57 1.60
2.01 2.04
1.77 1.73
2.07 1.96
2.03 1.97
2.00 1.99
1.82 1.72
1.80 1.85
1.85 1.73
1.82 1.79
2.04 1.87
2.12 1.87
1.74 1.65
1.89 1.84
1.73 1.77
1.79 2.03
1.79 2.05
1.83 1.55
1.66 1.67
1.69 2.01
1.96 1.91
1.69 1.57
1.91 1.95
1.78 1.75
1.88 1.91
1.86 1.75
1.76 1.45
2.06 2.14
1.70 1.97
1.66 1.70
1.87 2.10
1.93 1.88
1.84 1.62
1.84 1.91
1.76 1.82
1.64 1.71
1.81 1.83
1.73 1.83
1.87 1.86
1.80 2.05
1.85 1.84
2.00 1.88
1.86 1.88
1.87 1.81
1.88 1.91
1.78 1.93
1.98 1.93
1.68 1.89
1.97 1.92
1.97 2.05
1.91 1.98
1.88 1.93
1.81 1.84
2.09 1.97
1.76 1.88
1.82 1.87
1.65 1.41
2.06 2.10
1.70 1.86
1.72 1.75
1.89 1.75
2.03 1.96
1.70 1.67
1.90 1.89
1.89 1.83
1.88 1.87
1.74 1.92
1.84 1.86
1.72 1.79
1.70 1.92
1.79 1.74
1.88 1.77
2.03 1.95
1.66 1.51
1.71 1.73
1.90 2.01
1.90 1.93
1.95 1.91
1.74 1.64
1.66 1.78
1.84 1.80
1.84 1.96
1.80 1.89
1.89 1.75
2.07 1.94
1.84 1.72
1.78 1.92
1.81 1.80
1.81 1.80
2.15 2.24
1.78 1.66
1.87 1.85
1.89 1.74
1.75 1.97
1.73 2.02
1.80 1.97
1.95 1.77
1.73 1.91
1.73 1.84
1.84 1.86
1.94 1.82
1.93 1.97
1.79 1.67
1.69 1.85
2.18 2.22
1.69 1.76
1.80 1.98
1.74 1.52
2.27 2.13
1.73 1.74
1.93 1.95
1.96 1.75
1.83 1.72
2.12 2.21
2.16 1.98
1.84 1.93
2.12 2.25
1.75 1.94
1.70 1.77
1.92 2.04
1.83 1.69
1.99 2.00
1.69 1.68
1.86 1.66
1.97 1.80
1.82 1.85
1.85 1.88
1.62 1.64
1.77 1.98
1.73 1.84
1.71 1.73
2.11 1.96
1.80 1.73
1.94 2.07
1.83 1.88
1.89 1.74
1.80 1.91
1.98 1.89
1.88 1.79
1.97 1.93
2.10 1.97
2.05 1.99
1.93 1.86
1.72 1.82
1.73 1.64
2.02 1.82
1.75 1.78
1.82 1.80
1.77 1.89
1.86 1.80
2.02 1.84
2.07 1.98
1.90 1.88
1.89 1.95
1.76 1.71
1.84 2.11
2.01 1.90
2.19 2.18
2.07 2.00
1.78 1.66
1.93 1.88
1.81 1.93
1.91 1.57
1.74 1.78
2.20 2.07
2.10 1.96
1.70 1.87
1.92 2.09
1.76 1.66
2.01 1.73
1.79 1.95
1.92 1.99
1.88 1.89
1.92 1.96
1.84 1.87
2.02 1.88
1.85 1.89
2.05 1.96
1.92 2.00
2.10 2.09
1.68 1.62
1.72 1.96
1.83 1.86
1.84 1.66
1.54 1.57
1.80 1.79
2.06 1.79
2.00 1.92
1.69 1.73
1.82 1.77
1.96 2.08
1.79 1.79
1.99 1.97
1.79 1.62
1.86 1.73
1.68 1.94
1.74 1.81
1.75 1.73
1.70 1.73
1.79 1.62
1.86 1.88
1.82 1.88
2.06 2.13
1.99 1.91
1.85 1.68
1.84 1.80
2.14 1.97
1.68 1.51
1.88 1.82
2.05 1.96
1.63 1.71
1.81 1.72
2.00 1.96
1.84 1.98
2.00 1.79
1.89 1.64
1.75 1.96
1.86 1.59
2.00 2.02
1.82 1.71
1.82 1.79
1.77 1.75
1.71 1.67
1.76 1.70
1.93 2.27
1.84 1.66
1.70 1.86
1.91 2.00
1.74 1.77
1.85 1.58
1.91 1.96
2.36 2.26
1.85 1.94
1.86 1.68
1.97 2.21
1.76 1.77
1.80 1.93
2.16 2.20
1.93 1.89
1.66 1.92
1.96 1.84
2.08 2.07
1.74 1.78
1.93 1.66
1.90 1.85
1.82 1.71
1.96 2.00
1.87 1.90
1.72 1.66
1.72 1.84
1.82 2.02
1.78 1.82
1.80 1.85
2.14 2.04
1.82 1.88
1.87 1.90
1.97 1.91
2.06 1.79
2.05 2.04
1.73 1.84
1.79 1.70
2.05 2.20
1.84 1.83
1.71 1.62
1.94 1.86
1.64 1.77
1.83 1.62
1.84 1.86
1.79 1.88
2.18 2.14
1.90 1.96
2.03 2.33
1.82 1.75
1.97 1.67
1.80 1.87
1.86 1.75
1.81 1.86
1.97 1.77
1.93 1.84
1.99 1.96
1.81 2.09
1.91 2.04
1.89 1.92
1.83 2.01
1.70 2.00
1.82 1.85
1.86 1.75
1.75 1.73
2.11 1.95
1.91 2.04
1.96 1.86
2.06 1.89
1.76 1.73
2.01 2.11
1.84 1.92
1.64 1.77
1.74 1.82
1.82 2.00
1.81 1.98
1.78 1.79
1.91 1.75
2.10 2.00
1.86 1.65
1.79 1.76
1.91 1.90
1.85 1.71
1.81 1.96
1.68 1.63
1.97 1.90
1.70 1.77
1.93 1.86
1.84 2.05
2.04 1.86
1.80 1.70
1.65 1.90
1.91 2.04
1.68 1.79
1.66 1.78
2.05 1.97
1.86 1.88
1.85 1.94
2.00 1.82
1.77 1.86
1.92 1.85
1.92 1.74
1.91 1.95
1.71 1.69
1.83 1.64
1.89 1.79
1.64 1.75
1.81 1.77
1.72 1.92
1.85 1.91
2.00 1.82
1.73 1.75
2.42 2.21
1.91 1.78
1.91 2.06
1.78 1.86
1.93 1.96
1.81 1.83
1.78 1.77
1.78 1.68
1.78 1.84
2.04 2.03
1.60 1.87
1.66 1.82
1.87 1.79
1.93 2.00
1.70 1.84
1.78 2.22
1.80 1.77
2.10 2.06
1.73 1.75
1.75 1.83
1.72 1.78
1.94 1.84
2.41 2.20
1.58 1.59
1.72 1.71
2.02 2.13
2.01 2.02
2.21 1.89
1.75 1.69
2.02 1.75
1.81 1.55
1.91 1.75
1.87 1.79
1.93 1.91
2.02 1.89
1.88 1.72
1.83 1.88
1.97 1.85
2.06 2.06
1.84 1.80
1.71 1.63
1.79 2.11
1.96 2.02
1.86 1.70
1.98 1.73
1.77 1.80
1.78 1.78
1.84 1.82
1.89 2.02
1.85 1.77
1.86 1.98
1.90 2.04
1.64 1.67
2.01 1.85
1.81 1.66
1.66 1.77
1.95 2.11
1.80 1.72
1.91 1.89
1.93 1.69
1.94 1.86
1.96 2.07
1.98 1.95
1.87 1.91
1.93 1.92
1.75 1.81
1.77 1.64
1.72 1.79
2.14 1.97
1.96 1.93
1.93 1.86
1.76 1.77
1.68 1.70
1.93 1.89
2.04 2.03
1.69 1.77
1.59 1.68
2.07 2.05
1.79 2.02
1.78 1.77
1.94 2.07
1.68 1.74
1.94 1.83
1.98 2.06
1.69 1.78
1.89 1.84
1.83 1.77
1.80 1.82
2.12 2.21
1.83 1.68
1.76 1.75
1.95 1.95
1.93 1.83
1.77 2.01
1.92 1.70
1.86 1.95
2.14 2.24
1.79 1.61
1.91 1.88
1.89 1.98
1.91 1.92
1.93 2.14
1.96 2.02
1.70 1.80
1.93 1.91
1.91 2.10
1.94 2.06
1.80 2.05
1.85 2.04
1.70 1.60
1.84 1.87
1.80 1.84
1.78 1.91
1.90 1.65
1.66 1.66
1.66 1.63
1.84 1.76
1.67 1.90
1.77 1.87
2.16 1.99
1.68 1.68
1.72 1.62
2.08 2.04
1.93 1.85
2.12 1.94
1.93 1.84
1.95 2.10
1.67 1.80
1.83 1.87
1.67 1.52
2.16 1.93
1.95 1.84
1.83 1.68
2.12 2.14
1.85 1.78
1.91 2.04
1.70 1.81
1.62 1.88
1.79 1.79
1.77 1.94
1.75 1.88
2.22 2.48
1.91 1.77
1.88 1.99
1.62 1.61
1.89 1.91
1.67 1.71
1.83 1.64
1.61 1.80
1.78 1.88
1.77 1.77
1.80 1.96
1.70 1.69
1.84 1.95
1.93 1.80
2.00 1.92
1.75 1.93
1.97 1.91
2.04 1.90
1.73 1.73
1.75 1.70
2.14 2.05
1.96 1.97
1.89 1.85
2.03 2.09
2.24 2.12
1.92 2.05
1.74 1.64
1.97 2.05
1.98 1.93
1.69 1.57
1.85 1.79
2.02 1.86
1.79 1.89
1.87 1.97
1.75 1.85
1.75 1.96
2.13 1.93
1.88 1.90
2.00 1.73
2.01 1.96
1.80 1.75
2.05 1.82
1.67 1.84
1.78 1.63
1.77 1.86
1.79 1.54
1.62 1.86
2.12 1.98
1.84 1.69
1.65 1.61
1.75 1.91
1.71 1.72
1.83 1.74
1.90 2.05
2.03 1.99
1.71 1.79
1.86 1.84
1.88 1.86
1.98 2.06
1.98 2.06
2.12 1.89
1.70 1.76
2.04 2.02
1.59 1.73
1.90 1.76
1.61 1.73
2.10 1.84
1.86 1.92
1.85 1.95
1.73 1.77
1.73 2.00
1.93 1.92
1.71 1.88
1.86 1.85
1.89 1.98
1.83 1.68
1.69 1.82
1.83 1.77
1.75 1.71
1.94 2.22
1.78 1.85
1.74 1.70
1.79 1.84
1.86 2.01
1.77 1.83
1.88 1.95
1.73 1.93
2.13 1.96
1.99 1.85
1.97 2.06
1.81 1.87
2.09 2.05
1.80 1.64
1.81 1.83
1.96 1.91
1.71 1.66
1.89 1.89
1.72 1.71
2.03 1.99
1.79 1.78
1.66 1.75
1.87 1.93
1.98 2.10
1.83 1.81
1.86 1.90
2.03 1.93
1.85 1.67
1.89 1.94
1.69 1.67
1.91 1.83
1.81 1.89
1.81 1.93
1.77 2.05
1.82 1.91
1.93 1.89
2.01 1.91
1.64 1.71
1.91 1.84
1.90 1.88
1.67 1.82
1.97 2.14
1.82 1.82
2.02 1.91
1.74 1.81
1.80 1.82
2.17 2.05
2.00 1.91
1.91 2.06
1.90 1.77
1.85 1.91
1.73 1.73
1.86 1.93
1.89 1.84
1.96 1.78
1.84 1.93
1.77 1.85
1.90 1.92
2.01 2.02
2.07 1.96
1.85 1.76
1.89 1.79
2.26 2.05
2.16 2.11
1.98 1.99
2.02 1.88
1.59 1.80
1.89 2.07
1.85 1.72
1.79 1.87
1.89 1.92
1.89 1.83
1.84 1.73
1.82 1.98
1.70 1.62
1.82 1.96
1.82 1.61
1.87 1.73
1.91 1.79
1.82 1.85
1.98 1.94
1.95 1.99
1.83 1.67
2.04 1.94
1.82 1.79
1.78 1.97
1.77 1.68
1.71 1.78
2.00 2.06
1.79 1.89
1.88 1.70
1.67 1.65
1.89 1.76
1.72 1.93
1.81 1.83
1.65 1.82
1.71 1.80
1.70 1.51
1.79 1.84
1.72 1.61
1.94 1.91
1.84 1.85
2.17 2.28
1.80 1.95
1.82 2.11
1.71 1.84
1.78 1.80
1.94 1.83
1.94 1.90
1.87 2.13
1.90 1.92
1.93 1.96
1.81 1.96
1.81 1.82
1.65 1.58
2.03 1.68
1.86 1.84
1.62 1.59
1.91 1.84
1.96 1.96
1.86 1.79
1.85 1.74
1.62 1.79
1.71 1.67
1.99 1.94
1.67 1.70
1.88 1.89
1.95 1.73
2.16 2.15
1.79 1.96
1.70 1.75
1.70 1.61
1.70 1.75
1.94 1.81
1.83 1.93
1.70 1.83
1.84 1.92
1.80 1.87
1.61 1.72
1.95 1.74
2.04 1.90
1.91 1.69
1.84 1.83
1.66 1.62
1.76 1.95
1.82 1.91
2.22 2.21
1.89 1.92
1.86 1.72
1.68 1.85
1.92 2.11
1.74 1.87
1.99 2.26
1.81 2.02
1.97 1.93
2.09 2.09
1.83 1.83
1.77 1.68
1.88 1.94
1.89 1.87
2.01 1.95
1.63 1.71
1.78 1.84
1.83 1.69
1.84 2.09
1.70 1.76
1.85 1.79
1.90 1.94
1.75 1.86
1.76 1.80
1.81 1.80
1.82 2.00
1.94 1.98
1.91 2.11
1.75 1.64
1.87 1.82
1.84 1.62
1.86 1.80
1.80 1.86
1.75 1.74
2.26 2.20
1.82 1.95
1.82 1.59
1.93 1.93
1.61 1.74
1.86 1.65
1.77 1.66
1.84 1.82
1.91 2.02
1.84 1.89
1.71 1.66
1.96 1.80
2.18 2.06
1.93 1.84
1.77 1.88
1.79 1.93
1.82 1.80
2.04 1.78
1.76 1.68
1.80 1.69
1.89 1.93
1.70 1.84
2.18 2.18
1.80 1.68
1.79 1.89
1.85 1.68
1.72 1.82
1.77 1.79
1.91 1.93
1.61 1.66
1.91 1.80
1.86 1.71
1.81 1.70
1.88 1.91
1.88 1.80
1.77 1.68
1.74 1.72
1.52 1.56
1.83 1.79
2.20 1.98
1.87 1.70
1.82 2.00
2.23 2.08
1.82 1.78
1.75 1.83
1.85 1.79
1.67 1.79
2.02 1.97
1.77 1.84
1.92 1.88
1.86 1.86
1.60 1.73
1.59 1.85
1.66 2.02
1.87 1.86
1.75 1.93
1.79 1.98
1.81 1.76
1.70 1.81
1.81 1.96
1.75 1.65
1.67 1.71
1.87 1.87
1.94 2.12
2.08 1.87
1.87 2.00
1.79 1.89
1.81 1.92
1.78 1.84
1.86 1.84
1.99 1.98
1.75 1.72
1.70 1.73
1.77 1.74
1.78 1.66
1.69 1.69
1.83 1.81
2.27 2.35
1.96 2.01
1.77 1.79
1.77 1.93
1.79 1.87
1.84 1.66
1.76 1.79
1.97 1.85
1.79 1.84
1.60 1.64
1.81 1.71
1.88 1.61
1.96 1.84
1.80 1.83
2.00 1.98
2.00 2.10
1.84 1.82
2.04 1.99
1.80 1.87
1.81 1.68
1.93 1.96
1.80 1.95
1.87 1.79
1.79 1.73
1.82 1.98
1.84 1.88
1.87 1.68
2.06 2.25
2.06 2.06
1.74 1.80
1.80 1.65
1.77 1.76
1.92 1.93
2.06 2.03
1.63 1.69
1.74 1.68
1.79 1.94
1.88 1.81
1.96 2.03
1.93 1.83
2.01 1.92
1.84 1.79
1.81 1.89
1.78 1.80
1.97 1.95
1.87 1.85
1.77 1.59
1.85 1.89
1.82 1.78
1.80 1.90
1.68 1.74
1.87 1.95
1.84 1.65
1.73 1.58
1.66 1.99
1.77 1.73
1.84 1.81
1.80 1.80
1.72 1.62
1.71 1.60
1.71 1.75
1.90 1.85
1.84 1.94
1.87 1.52
2.01 2.19
1.74 1.97
1.73 1.69
1.65 1.58
1.71 1.74
1.70 1.80
1.79 1.89
2.12 1.92
1.98 2.14
2.00 1.97
1.78 1.89
1.86 1.84
1.98 1.80
1.93 2.09
1.83 1.87
2.01 2.13
2.04 1.91
1.79 1.77
1.90 1.87
1.81 1.76
1.77 1.79
1.85 1.86
1.77 1.70
1.90 2.00
1.88 1.89
1.85 1.84
1.82 1.83
1.83 1.75
2.34 2.19
1.69 1.53
2.03 1.90
1.84 1.84
1.74 1.74
1.77 1.72
1.69 1.66
1.64 1.46
2.40 2.32
2.04 2.02
1.86 1.71
1.81 1.89
1.81 1.54
1.69 1.78
2.07 1.95
1.95 1.84
1.95 2.18
1.76 1.58
2.06 2.02
1.91 1.91
1.55 1.72
1.83 1.79
1.76 1.93
1.67 1.66
2.15 2.10
1.97 1.91
1.86 1.76
1.77 1.82
1.73 1.87
1.84 1.73
1.73 1.98
1.77 1.68
1.90 1.92
2.09 1.89
1.86 1.66
2.03 2.07
1.80 2.09
1.68 1.62
1.75 1.79
2.05 1.80
1.93 1.86
1.89 2.07
2.07 1.75
1.73 1.95
1.65 1.58
1.80 1.90
2.03 2.02
1.97 1.77
1.90 1.91
1.77 1.76
1.72 1.56
1.89 1.99
1.89 1.89
1.55 1.60
1.79 1.86
1.90 1.75
1.61 1.59
1.86 1.77
1.81 1.86
1.62 1.50
2.00 2.06
1.82 1.97
1.93 1.89
1.93 1.93
1.79 2.06
1.85 1.68
1.73 1.61
1.86 1.82
1.80 1.79
2.18 2.06
1.75 1.69
1.86 1.66
1.88 1.77
1.75 1.94
1.79 1.96
1.68 1.74
2.02 2.04
2.00 1.86
1.79 1.70
2.14 1.92
1.87 1.80
1.66 1.73
1.83 1.76
1.95 1.76
1.76 1.87
1.94 2.02
2.00 1.96
1.98 1.77
1.79 1.86
1.79 1.82
1.73 1.77
2.12 2.06
1.73 1.68
1.83 1.59
2.03 2.20
2.04 2.02
1.67 1.75
2.06 1.98
2.26 2.11
1.90 1.77
1.68 1.73
1.88 1.77
1.87 1.77
2.17 2.21
1.60 1.72
1.91 1.96
1.78 1.86
1.84 1.75
2.02 1.94
1.82 2.07
1.62 1.64
2.01 1.86
1.81 1.79
1.73 1.85
1.77 1.90
1.93 1.93
2.01 1.97
1.92 1.90
1.82 1.78
1.88 1.82
1.75 1.91
2.12 1.97
1.97 1.89
1.92 1.80
2.00 2.02
1.80 1.96
2.01 1.83
1.93 2.17
1.89 2.17
1.85 1.79
1.97 1.93
1.70 1.91
1.67 1.79
1.87 1.89
1.74 1.66
1.79 1.75
1.69 1.95
1.75 1.78
1.62 1.64
1.78 1.58
1.70 1.60
2.02 2.00
1.77 1.84
1.63 1.67
2.05 1.90
1.97 2.11
1.80 1.72
1.92 1.90
1.74 1.81
1.78 1.73
1.79 1.73
1.97 2.02
2.27 2.27
1.82 1.75
2.26 2.18
2.01 1.98
1.92 1.85
1.71 1.67
1.88 1.80
1.91 1.90
1.93 1.76
1.91 2.00
1.70 1.72
1.78 1.71
1.69 1.75
2.04 1.90
1.66 1.75
1.70 1.73
1.84 1.79
1.74 1.61
2.05 2.30
1.77 1.70
1.87 1.80
1.83 1.90
1.62 1.79
1.89 1.86
1.83 1.73
1.84 1.75
1.78 1.79
1.71 1.71
1.66 1.96
1.87 1.85
1.86 1.75
1.85 1.92
1.95 1.93
1.77 1.70
1.67 1.80
1.77 1.86
1.81 1.79
1.82 1.84
1.57 1.59
1.95 1.77
1.79 1.95
1.82 1.82
1.76 1.70
1.78 1.75
2.06 1.95
1.79 1.84
1.86 1.96
1.77 2.05
1.75 1.93
1.81 1.92
1.77 1.82
1.87 1.70
1.81 1.90
1.83 1.68
1.86 2.01
1.86 1.97
1.70 1.87
1.88 1.80
1.79 1.70
1.77 1.57
1.80 1.95
1.99 1.98
1.91 1.88
1.88 1.86
1.73 1.86
2.05 1.98
2.12 1.87
1.63 1.69
1.78 1.88
1.98 1.98
1.81 1.75
1.79 1.89
1.88 1.96
1.91 1.82
1.70 1.63
2.00 2.02
1.88 1.96
1.88 1.89
1.65 1.82
1.95 2.06
1.78 1.88
1.85 1.86
1.81 1.98
1.73 1.70
1.71 1.95
1.87 1.81
1.83 2.02
1.88 1.92
1.76 1.56
1.78 1.70
1.89 1.89
2.20 2.03
1.82 2.10
1.97 2.09
1.85 1.85
1.90 1.59
1.68 1.86
1.82 1.94
1.86 1.86
1.64 1.82
1.80 1.88
2.00 2.01
1.95 1.95
1.73 1.62
1.76 1.81
1.93 1.68
1.98 1.85
1.68 1.69
1.81 1.66
1.91 1.92
2.12 1.96
1.79 1.78
1.80 1.64
1.87 2.00
1.89 1.96
1.74 1.59
2.09 1.97
1.86 1.76
2.18 2.30
1.83 1.98
1.94 2.01
1.86 1.81
1.73 1.69
1.57 1.79
1.88 1.79
1.68 1.42
1.88 1.87
1.74 1.77
1.94 1.67
1.88 1.80
1.98 1.90
1.72 1.70
1.76 1.92
2.05 1.93
1.95 2.13
1.68 1.71
1.94 1.92
1.85 1.73
1.93 1.79
1.80 1.91
1.93 1.78
2.02 2.05
1.66 1.89
1.73 1.73
2.18 2.05
1.73 1.77
1.82 1.95
1.78 1.99
2.02 2.04
1.75 1.79
1.72 1.89
1.62 1.61
2.01 2.18
1.84 1.96
1.82 1.96
2.03 2.05
1.87 1.76
1.91 1.99
2.12 2.09
1.75 1.98
2.03 1.95
1.80 1.69
1.70 1.62
1.86 1.73
1.88 1.73
1.99 1.89
2.09 2.15
1.89 1.85
1.78 1.88
1.88 1.84
2.00 2.09
1.79 1.86
1.79 1.80
1.94 1.81
1.89 1.92
1.86 1.80
1.92 2.00
1.68 1.56
1.85 1.86
1.80 1.80
1.77 1.76
1.93 2.05
1.93 1.74
1.86 1.63
1.85 1.97
1.76 1.79
1.95 1.87
1.93 1.75
1.95 1.88
2.02 1.87
1.90 1.91
1.77 1.95
1.79 1.90
1.91 1.92
2.12 2.18
1.95 1.90
1.81 1.88
1.75 1.82
1.81 1.61
1.82 1.65
1.87 2.09
1.85 1.88
1.93 1.90
1.77 1.74
1.88 1.80
1.86 1.75
1.64 1.69
1.82 1.80
1.89 2.07
2.10 2.00
1.89 1.86
1.98 1.80
1.86 1.65
1.71 1.77
1.86 1.82
1.91 2.02
1.81 1.79
1.71 1.76
1.93 1.90
2.19 2.17
1.88 1.91
2.19 2.12
1.62 1.62
1.86 1.75
1.69 1.55
1.75 1.85
1.95 2.09
1.66 1.61
2.14 2.18
1.67 1.75
1.64 1.80
1.61 1.58
1.95 1.95
1.77 1.70
1.84 2.03
2.11 1.91
1.96 2.25
1.91 2.22
1.82 1.99
2.10 1.99
1.88 1.74
1.69 1.82
1.86 1.83
1.94 2.06
1.85 1.83
1.93 1.99
1.70 1.70
1.72 1.70
1.88 1.95
1.99 1.80
1.77 1.59
1.87 1.82
2.07 1.87
1.80 1.93
1.79 1.73
1.77 1.65
2.09 1.98
1.79 1.85
2.05 2.08
1.82 1.87
2.03 1.97
1.87 1.98
1.80 1.91
1.87 1.89
1.75 1.84
1.82 1.76
1.71 1.85
1.80 1.83
1.89 1.98
1.75 1.81
2.11 2.08
1.84 1.99
1.99 1.84
1.84 1.63
2.10 2.10
1.91 2.02
1.75 1.93
1.87 1.90
1.85 1.82
1.68 1.79
1.77 1.79
2.05 1.96
1.68 1.72
1.78 1.77
1.83 1.73
1.99 1.98
1.77 1.79
1.66 1.93
2.12 1.93
1.67 1.61
1.79 1.89
1.82 1.78
1.93 1.80
1.82 1.86
1.91 1.93
1.92 1.64
1.68 1.59
1.64 1.84
1.75 1.75
1.71 1.62
2.14 2.04
1.97 2.05
2.02 1.97
1.77 1.72
1.83 1.85
2.04 1.96
1.95 1.95
1.80 1.82
1.70 1.68
1.73 1.77
1.86 1.84
1.95 1.97
1.82 1.88
1.95 1.96
1.93 1.93
1.92 1.94
1.81 1.74
1.94 1.94
1.94 1.97
1.98 2.00
2.04 2.21
1.95 2.03
1.78 1.85
1.91 1.85
1.68 1.80
1.79 1.85
1.79 1.89
2.05 1.97
1.80 1.79
1.71 1.99
1.78 1.75
1.77 1.79
1.64 1.86
1.74 1.79
1.82 1.81
1.98 2.18
1.88 1.99
1.66 1.87
2.16 2.07
1.75 1.90
2.04 2.01
1.99 1.97
1.84 1.72
1.86 1.95
1.86 1.88
1.67 1.78
2.00 2.03
1.81 1.79
1.82 1.62
1.84 1.89
1.86 1.76
1.69 1.70
1.92 1.71
1.90 1.95
1.96 1.92
1.67 1.91
1.76 1.66
1.82 1.84
1.81 1.61
1.78 1.86
1.84 1.87
1.62 1.82
1.96 1.82
1.78 1.71
1.62 1.57
1.64 1.66
2.03 2.05
1.68 1.75
1.90 2.05
1.86 1.74
1.84 1.73
1.88 1.87
1.91 1.83
1.68 1.91
1.69 1.66
1.98 1.97
1.87 1.86
1.90 1.91
1.74 1.93
1.83 1.92
1.90 1.83
1.81 1.88
1.71 1.51
1.64 1.75
1.69 1.84
2.00 1.91
2.16 2.08
1.68 1.83
1.73 1.66
1.89 1.91
2.02 1.93
1.91 1.83
1.75 1.62
2.07 1.86
1.84 1.73
2.19 2.21
2.06 2.14
1.80 1.73
1.79 1.92
1.83 1.77
1.88 1.89
1.84 1.71
1.81 1.84
1.99 2.07
2.02 2.04
2.19 2.20
1.95 1.81
1.82 1.93
1.80 1.54
1.97 1.90
1.89 1.89
1.91 1.86
1.71 1.87
2.17 2.03
2.14 2.05
1.78 1.86
1.95 1.91
1.74 1.90
2.00 1.86
1.78 1.79
1.93 1.95
1.87 1.92
1.85 1.89
2.25 2.07
1.87 1.93
1.86 1.87
2.17 2.18
1.89 2.25
1.88 1.88
1.76 1.56
1.79 1.83
1.82 1.74
1.87 1.82
1.66 1.55
1.74 1.86
2.00 2.10
1.88 2.07
1.83 1.67
1.82 1.71
1.91 2.21
1.69 1.66
2.01 2.03
1.95 1.78
1.70 1.81
1.88 1.86
1.93 1.96
2.07 1.86
1.93 1.82
1.79 1.86
2.02 2.04
1.87 1.72
1.96 2.11
1.86 1.99
1.75 1.62
1.89 1.82
1.96 1.99
1.70 1.82
1.79 1.89
1.77 1.99
2.12 1.91
2.07 2.14
2.07 2.16
1.89 1.86
1.82 1.82
1.97 1.89
1.77 1.82
1.96 1.72
2.08 2.18
1.81 1.90
1.68 1.54
2.08 2.03
1.76 1.75
1.88 2.05
1.64 1.46
2.27 2.15
1.77 1.94
1.82 1.96
1.79 1.82
1.80 1.75
2.13 2.19
2.05 2.12
1.90 1.86
1.87 1.75
1.78 1.83
1.95 2.01
1.78 1.71
1.87 1.98
1.84 1.75
1.66 1.76
1.83 1.87
1.69 1.55
1.82 1.75
1.75 1.72
2.27 2.21
1.79 1.77
1.75 1.87
1.78 1.88
1.86 1.65
1.73 2.02
1.77 1.88
1.89 1.83
1.68 1.68
2.30 2.43
1.80 1.56
2.22 2.19
1.54 1.64
1.94 1.97
1.96 1.88
1.71 1.86
1.70 1.77
1.79 1.90
1.72 1.65
1.93 1.92
2.17 1.95
1.99 2.04
1.79 1.93
1.89 2.00
1.72 1.79
1.99 1.80
1.75 1.88
1.80 1.61
1.75 1.79
1.72 1.55
1.75 1.71
1.90 1.79
1.86 1.75
2.02 2.05
2.13 1.93
1.97 2.13
1.91 2.07
1.55 1.46
2.05 1.93
2.16 2.05
1.93 1.83
1.91 1.94
1.92 1.84
1.91 1.91
1.99 1.82
2.04 2.00
1.97 1.80
1.88 1.76
1.81 2.03
1.76 1.77
1.78 1.92
1.73 1.69
1.80 1.81
1.77 1.58
1.82 1.87
1.80 1.86
2.25 2.07
2.04 2.33
1.89 2.02
1.73 1.77
1.58 1.62
1.57 1.80
2.06 1.98
2.04 1.91
1.68 1.79
2.00 1.88
2.09 2.04
1.91 1.90
1.70 1.62
1.88 1.76
1.72 1.77
1.88 1.69
1.80 1.95
1.65 1.59
1.80 1.58
1.66 1.74
1.71 1.55
1.85 1.86
1.58 1.69
1.75 1.76
1.61 1.75
1.74 1.95
1.74 1.56
1.70 1.62
1.87 1.85
1.84 1.93
2.10 1.90
1.76 1.79
1.98 1.79
2.01 2.09
1.94 1.94
2.00 1.99
2.08 2.12
1.88 1.91
2.00 2.00
2.19 2.00
2.32 2.17
2.00 2.04
2.02 2.00
2.02 2.02
1.81 1.68
1.95 1.90
1.67 1.74
1.73 1.78
1.88 1.73
2.01 1.89
1.96 1.77
1.74 1.94
1.96 2.06
1.88 1.81
1.96 1.85
1.74 1.82
1.81 1.93
1.71 1.70
1.76 1.70
1.93 2.00
1.77 1.89
1.94 1.95
1.74 1.75
1.86 2.04
1.59 1.50
1.78 1.90
1.69 1.96
1.88 1.80
2.10 2.02
1.73 1.74
1.85 1.78
1.96 1.75
1.80 1.86
1.87 1.75
2.03 1.90
1.93 1.89
1.78 1.82
2.06 1.94
1.93 1.72
1.75 1.86
1.99 1.89
2.13 2.22
2.05 1.82
1.85 1.71
1.75 2.09
1.97 1.85
1.99 1.77
1.78 1.80
1.57 1.73
1.96 1.87
1.75 1.70
2.21 2.03
1.75 1.93
1.86 1.89
1.95 1.93
1.91 1.84
1.95 1.92
1.81 1.95
1.64 1.89
1.86 1.89
1.82 1.58
2.15 2.29
1.90 1.86
1.80 1.88
1.76 1.98
1.94 1.85
1.76 1.60
1.75 2.01
1.84 1.83
2.02 1.79
1.88 2.05
1.80 1.82
2.11 1.98
1.74 1.74
1.78 1.75
1.75 1.71
1.84 1.84
1.71 1.83
1.72 1.83
2.19 2.16
1.70 1.81
1.66 1.62
1.71 1.97
1.51 1.56
1.82 1.95
1.81 1.79
1.82 1.90
1.83 1.82
1.68 1.66
1.93 1.95
1.62 1.71
1.94 1.88
1.89 1.96
2.15 2.09
1.82 2.02
1.92 1.89
2.29 2.39
1.84 1.83
1.89 1.73
1.76 1.82
1.71 1.89
1.66 1.77
1.87 1.89
2.03 2.18
1.86 1.61
1.95 1.87
1.87 1.73
1.64 1.74
1.59 1.67
1.75 1.87
1.90 1.91
1.83 1.86
1.85 1.79
1.86 1.89
1.93 1.89
1.89 1.88
1.91 1.94
1.84 1.86
1.97 1.94
1.88 1.91
2.06 2.03
1.69 1.75
1.87 2.04
1.57 1.72
2.14 1.89
1.91 1.89
1.91 1.90
1.71 1.72
1.83 1.75
1.92 1.88
1.79 1.76
1.70 1.90
1.80 1.84
1.73 1.72
1.79 1.90
2.03 1.85
1.74 1.81
2.04 2.00
1.92 1.92
1.87 2.08
2.00 2.12
1.85 2.03
1.61 1.72
1.71 1.53
1.88 1.65
1.56 1.77
1.78 1.79
1.80 2.03
2.02 1.96
1.80 1.91
1.83 1.86
1.79 1.93
1.87 1.93
1.94 1.98
1.92 2.01
2.14 2.10
2.08 2.00
1.89 1.89
1.71 1.86
1.80 1.80
1.90 1.92
1.72 1.93
1.79 1.75
1.83 2.04
1.86 1.66
2.19 2.02
1.87 1.89
1.86 1.73
1.87 2.10
2.13 2.21
1.89 1.94
1.98 1.91
1.73 1.80
1.93 1.80
1.88 1.66
1.72 1.58
2.05 2.02
1.76 1.69
1.84 1.81
1.85 1.89
1.94 1.86
2.05 1.93
1.92 2.13
1.88 1.92
1.98 1.74
1.81 1.84
1.81 1.88
1.84 1.79
1.79 1.79
1.88 1.91
1.80 1.80
1.70 1.61
2.16 2.02
1.79 1.80
1.72 1.98
1.82 1.70
1.64 1.70
1.74 1.58
1.74 1.80
1.92 1.82
1.75 1.90
1.89 1.97
1.88 1.70
1.87 1.84
1.74 1.95
1.77 1.71
1.96 2.04
2.07 2.09
1.77 1.83
1.91 1.84
1.91 1.85
1.87 1.83
1.83 1.87
1.66 1.81
1.92 2.01
1.71 1.75
1.91 1.87
1.89 1.76
1.67 1.82
1.73 1.96
1.92 1.95
1.84 1.72
1.88 1.90
1.78 1.86
1.67 1.63
1.83 1.63
1.93 1.79
1.80 1.74
2.05 1.89
1.84 1.90
1.93 1.82
1.65 1.75
2.26 2.17
1.73 1.89
1.91 1.91
1.99 1.92
1.83 1.67
1.96 2.04
1.73 1.76
1.96 2.02
1.96 1.85
1.66 1.63
1.76 1.72
1.77 1.71
1.97 1.91
1.78 1.88
1.73 1.74
1.77 1.69
1.87 1.98
1.76 1.82
1.78 1.79
2.05 1.68
1.80 1.77
2.02 2.11
1.90 2.00
1.93 1.82
1.95 1.75
1.65 1.84
1.70 1.76
1.77 1.82
1.97 1.96
1.69 1.75
1.78 1.69
1.94 2.18
1.80 1.68
1.65 1.65
1.86 1.96
1.94 1.81
1.84 1.74
1.79 1.88
1.84 1.85
1.92 1.83
1.98 1.78
1.82 1.74
1.79 1.91
1.90 1.92
1.75 1.85
1.83 1.88
1.86 2.14
1.77 1.78
1.64 1.78
1.72 1.51
1.87 1.84
1.87 1.94
2.04 2.28
1.80 1.84
1.82 1.85
1.75 1.82
1.98 1.88
1.79 1.79
1.85 1.77
2.25 2.11
1.91 1.87
1.83 1.78
2.03 2.09
1.97 1.89
1.88 1.71
1.84 1.89
1.77 1.84
1.75 1.77
1.78 1.79
1.96 1.97
1.76 1.70
1.88 2.01
1.80 1.88
1.78 1.91
1.98 1.84
2.03 1.82
1.74 1.82
1.87 1.81
1.96 1.78
1.87 1.91
1.99 1.95
1.73 1.66
1.89 1.89
1.88 1.80
1.71 1.59
1.80 1.80
1.72 1.62
1.65 1.69
1.86 1.68
1.83 1.67
1.81 1.78
1.93 1.93
1.76 1.70
1.91 1.93
2.00 1.89
2.05 2.19
1.78 1.62
1.86 1.88
1.77 1.91
1.81 1.75
1.77 1.66
2.24 2.35
1.87 1.80
1.90 1.87
2.20 1.77
1.79 1.93
1.87 1.96
1.69 1.71
1.75 1.75
1.69 1.62
1.74 1.91
1.85 1.86
1.90 1.77
1.88 1.88
1.80 1.68
1.87 1.88
1.94 1.93
1.86 1.86
1.88 2.04
1.81 1.80
1.99 1.96
1.78 1.89
1.62 1.90
1.62 1.64
2.07 1.76
1.68 1.84
2.00 2.04
1.81 1.80
1.77 2.07
1.55 1.57
1.84 1.86
1.87 1.84
1.97 1.95
1.97 1.86
1.85 1.70
1.89 1.94
1.88 1.91
1.90 1.87
1.71 1.94
1.77 1.77
1.69 1.64
1.77 1.84
1.86 1.90
1.94 1.90
2.04 2.09
1.79 1.80
2.02 1.94
1.85 1.92
1.79 1.72
2.00 1.95
1.85 1.97
1.89 2.11
1.76 1.80
1.87 2.05
1.70 1.91
1.94 2.05
1.91 1.87
2.03 1.95
1.79 1.55
1.77 1.80
1.66 1.74
1.86 1.74
1.80 1.79
2.15 1.85
1.84 1.75
1.84 1.92
1.97 1.86
2.03 1.86
1.80 1.71
1.93 1.87
2.00 1.95
1.79 1.73
1.85 1.91
1.87 1.93
1.99 2.02
1.86 1.85
1.77 1.79
1.90 1.86
1.88 1.87
1.89 1.94
1.72 1.69
1.83 1.77
1.73 1.75
1.71 1.93
1.84 1.83
1.97 1.90
1.96 1.95
1.80 2.06
1.77 1.93
1.91 1.87
1.89 1.98
1.81 1.78
1.80 1.91
2.16 2.08
2.24 2.21
1.75 1.77
1.92 2.06
1.78 1.74
1.97 1.70
1.84 1.67
1.82 1.91
1.94 1.96
1.66 1.81
2.12 1.97
1.54 1.68
1.75 1.66
1.64 1.66
1.75 1.82
1.80 1.86
1.78 1.80
1.86 1.83
1.84 2.01
1.90 1.98
1.62 1.69
1.76 1.74
1.83 1.94
1.62 1.81
1.95 1.84
1.91 1.63
1.73 1.84
1.80 1.91
1.80 1.70
1.78 1.57
1.75 1.75
1.96 1.85
1.84 1.86
1.90 1.82
1.89 1.92
1.95 1.86
1.80 1.70
1.81 1.81
1.96 2.00
1.76 1.76
1.75 1.80
1.75 2.05
1.75 1.90
1.94 1.75
1.68 1.70
1.73 1.70
1.74 1.57
1.91 1.77
1.85 1.85
1.84 1.87
2.18 2.17
1.85 1.98
1.84 1.96
2.16 1.96
1.71 1.77
1.83 1.79
1.68 1.77
1.85 1.73
2.09 2.23
2.01 1.97
1.86 1.76
1.87 1.83
1.99 1.77
2.05 1.97
1.79 1.77
1.65 1.78
1.75 2.02
1.67 1.55
1.84 1.94
1.82 2.00
1.83 1.95
1.71 1.81
1.93 1.89
2.09 2.08
2.03 1.98
1.74 1.72
1.95 1.84
1.77 1.71
1.96 1.74
1.93 1.94
2.06 2.25
1.86 1.89
1.82 1.86
2.00 2.02
1.72 1.62
2.25 2.02
1.68 1.88
1.49 1.55
1.86 1.83
1.78 1.91
1.71 1.80
1.87 1.86
1.83 1.84
1.96 1.75
1.80 1.88
1.85 1.92
2.08 2.03
2.02 2.00
1.79 1.98
2.04 1.95
1.95 1.96
1.91 1.96
1.91 1.75
2.00 2.12
1.91 1.95
1.68 1.77
1.75 1.81
1.81 1.82
1.83 1.81
1.71 1.76
1.78 1.90
1.87 1.93
1.95 2.21
1.89 1.87
1.86 1.79
1.93 1.82
1.68 1.73
1.87 1.90
1.68 1.82
1.80 1.71
1.77 1.81
1.76 1.77
1.88 1.77
1.77 1.94
1.76 1.74
1.78 1.80
1.75 1.80
1.98 2.04
1.68 1.82
1.96 1.88
1.91 2.01
1.93 1.89
2.18 2.07
1.84 1.92
1.83 1.91
1.62 1.61
1.88 1.81
2.00 1.79
1.89 1.85
1.61 1.77
1.80 1.81
1.74 1.74
1.74 1.82
1.72 1.68
1.85 1.88
1.68 1.72
1.95 2.05
1.80 1.73
1.93 1.90
1.78 1.84
2.07 1.97
1.85 1.90
1.79 1.90
1.68 1.70
1.71 1.74
1.46 1.74
1.78 1.91
1.68 1.66
1.80 1.68
2.02 2.18
1.91 1.77
1.95 1.62
1.79 1.88
2.18 1.81
1.86 1.92
1.68 1.98
1.81 1.79
1.83 1.98
1.77 1.82
1.72 1.63
2.04 2.09
1.73 1.84
1.88 1.80
1.80 1.64
2.04 2.09
1.95 2.13
1.98 2.14
1.78 1.70
1.82 2.08
1.76 1.79
1.88 1.91
1.94 1.88
1.69 1.69
1.68 1.77
1.70 1.56
1.89 1.81
1.94 2.09
1.95 1.97
2.00 1.86
1.96 2.12
1.79 1.68
1.68 1.95
1.77 1.70
1.95 2.18
2.07 2.12
1.90 1.76
1.74 1.78
2.07 1.96
1.80 1.70
2.10 1.86
1.88 1.97
1.97 2.05
1.65 1.70
1.69 1.72
1.77 1.82
1.71 1.70
1.88 1.87
1.98 1.95
1.89 1.82
1.84 1.79
1.82 1.62
1.90 1.80
1.99 2.05
1.74 1.88
1.98 1.90
1.95 1.84
1.76 1.73
1.98 2.00
1.82 1.88
1.86 1.96
1.84 1.95
1.69 1.81
1.81 1.90
1.91 1.91
1.89 1.85
1.80 1.75
1.84 1.91
1.77 1.68
1.95 1.82
2.10 2.05
1.82 1.92
2.03 1.85
2.05 2.00
1.79 1.77
1.86 1.73
2.07 1.95
1.91 1.77
1.78 1.80
1.79 1.71
1.84 1.77
1.91 1.93
1.92 1.94
1.94 1.79
1.96 1.98
1.74 1.90
2.19 2.18
1.69 1.77
2.01 1.92
1.89 1.89
2.05 1.77
1.78 1.99
1.91 1.90
1.97 1.88
2.08 2.03
1.68 1.74
1.92 1.68
1.78 1.80
1.81 1.97
2.07 1.96
2.06 1.86
2.12 1.96
1.77 1.80
2.00 1.94
2.15 1.95
1.63 1.52
1.77 1.79
1.73 1.65
1.86 1.72
1.75 1.74
2.06 2.02
1.86 1.82
1.88 1.93
1.73 1.65
1.67 1.71
1.88 1.77
1.98 2.01
1.94 2.04
1.77 1.66
1.95 1.82
1.83 1.80
1.83 1.74
1.93 1.96
1.88 1.91
1.61 1.57
1.82 1.71
1.66 1.91
1.92 1.78
1.77 1.77
1.81 1.83
1.88 1.91
1.79 2.08
1.84 2.01
1.92 1.64
1.75 1.71
1.90 1.79
1.90 1.78
1.97 1.83
1.71 1.53
2.06 2.25
1.84 1.82
1.60 1.66
1.77 1.67
1.91 1.91
1.82 1.91
1.97 1.86
1.70 1.65
1.93 1.84
2.00 1.80
1.78 1.79
2.04 1.85
1.90 1.86
1.84 1.88
1.83 1.82
2.02 2.13
1.95 1.91
2.05 2.21
1.90 1.75
1.86 1.86
1.88 1.95
1.79 1.85
2.16 2.07
2.02 1.87
2.07 2.21
1.89 1.88
1.89 1.91
1.96 1.98
1.84 1.92
1.79 1.89
1.96 1.96
2.01 2.07
1.82 1.73
1.82 1.86
1.83 1.82
1.94 2.01
1.93 1.80
1.80 1.76
1.94 1.88
1.72 1.86
1.63 1.60
1.83 1.84
1.95 1.86
1.87 1.80
1.97 2.04
1.75 1.83
1.90 2.04
1.88 1.90
1.78 1.84
1.62 1.88
1.89 1.72
2.12 2.04
1.91 1.71
1.84 1.71
1.88 1.81
1.78 1.73
1.73 1.56
1.96 1.78
1.75 1.56
1.72 1.54
1.84 1.84
1.80 1.69
1.77 1.73
1.79 1.92
1.90 2.01
1.95 1.73
1.89 1.86
1.78 1.56
1.72 1.86
1.95 1.99
2.02 1.76
1.80 1.83
1.79 1.95
1.93 1.92
1.73 1.66
1.59 1.57
1.91 1.87
1.76 1.55
1.68 1.81
1.71 1.89
1.59 1.59
1.79 1.66
1.84 1.80
1.98 2.06
1.90 1.77
1.78 1.96
1.82 1.82
1.73 1.77
1.80 1.71
2.00 1.89
1.86 1.97
1.77 2.07
1.77 2.02
1.68 1.52
1.96 2.02
1.79 1.74
1.89 1.77
1.90 2.06
1.80 1.79
1.54 1.59
1.73 1.65
1.70 1.84
1.73 1.77
1.87 1.89
1.83 1.71
1.82 1.71
1.65 1.61
1.82 1.93
1.70 1.72
1.91 1.80
1.90 1.82
1.80 1.82
1.86 1.84
1.95 1.66
1.75 1.84
1.69 1.62
2.23 1.88
1.69 1.86
1.71 1.64
1.85 1.73
1.78 1.83
1.77 1.96
1.89 1.78
1.95 1.82
1.66 1.65
1.74 1.76
1.96 1.80
1.91 2.15
1.82 1.96
1.82 1.91
2.15 1.81
1.97 2.00
1.64 1.73
1.59 1.59
1.88 1.99
1.98 2.10
1.90 1.54
2.00 2.02
1.73 1.89
1.70 1.68
1.75 1.99
1.85 1.76
1.78 1.80
1.85 1.91
1.96 1.86
2.07 2.08
1.82 1.70
1.89 2.10
1.87 1.86
1.88 1.70
2.04 1.93
1.89 1.92
1.70 1.75
1.93 2.11
1.81 1.77
1.74 1.74
1.87 2.15
1.80 1.80
1.77 1.75
1.79 1.86
1.71 1.61
2.02 1.96
1.69 1.70
1.77 1.73
1.66 1.64
1.93 1.90
1.88 1.85
2.04 2.12
1.87 1.85
1.88 1.60
1.75 1.93
1.82 1.95
1.71 1.63
1.94 1.77
1.87 1.77
1.62 1.73
2.02 1.84
1.82 1.84
1.73 1.84
1.85 1.86
1.86 1.83
2.04 1.95
1.69 1.64
2.01 1.87
1.96 1.90
1.76 1.84
1.57 1.66
2.08 2.16
1.79 1.77
1.80 1.81
1.90 1.75
1.80 1.83
1.92 1.97
1.90 2.02
1.74 1.89
1.92 2.00
1.84 1.97
1.79 1.97
1.64 1.88
1.75 1.93
1.83 1.72
1.80 1.89
2.13 2.06
1.98 1.96
1.73 1.73
1.85 1.75
1.70 1.55
1.76 1.92
1.61 1.57
1.82 1.80
1.88 1.88
1.67 1.65
1.73 1.80
1.90 1.69
1.81 1.60
1.94 1.88
1.89 1.78
1.86 1.75
1.82 1.82
2.03 1.94
2.04 2.17
1.84 1.60
2.06 2.26
1.86 1.79
1.80 1.88
1.88 1.97
1.62 1.74
2.03 2.21
1.77 1.77
1.92 2.02
1.88 1.74
1.79 1.95
2.08 1.88
1.82 1.70
1.93 1.91
1.80 1.76
1.98 1.86
1.84 1.86
1.79 1.83
1.71 1.68
2.11 1.95
1.77 1.71
2.04 2.02
1.93 2.01
2.22 2.12
2.41 2.37
2.03 1.85
1.89 1.81
2.02 1.84
1.72 1.81
1.72 1.87
1.80 1.83
1.82 1.81
2.06 2.05
1.90 1.91
1.91 2.04
1.70 1.88
1.52 1.93
1.83 1.75
1.77 1.82
1.85 1.92
1.71 1.60
1.86 2.22
2.12 2.13
1.81 1.59
1.84 1.86
1.74 1.88
2.02 1.97
1.66 1.69
1.92 1.93
1.95 2.04
1.77 1.86
1.71 1.57
1.73 1.48
1.84 1.82
1.71 1.72
2.12 2.01
1.83 1.82
1.99 1.91
2.08 2.11
2.02 1.99
1.92 1.96
1.79 1.79
2.01 1.98
1.92 2.00
1.70 1.82
2.09 2.01
1.91 1.96
1.74 1.70
1.80 1.74
1.74 1.73
1.89 2.15
1.93 1.82
2.32 2.12
1.96 2.01
1.92 1.92
1.87 1.82
1.84 1.83
1.85 1.88
1.70 1.77
1.64 1.75
1.99 2.18
1.93 1.86
1.71 1.80
1.88 1.75
1.81 2.02
2.01 1.89
1.86 1.71
1.84 2.00
1.97 1.80
1.73 1.84
1.92 1.98
1.91 1.91
1.68 1.68
1.74 1.56
2.08 2.04
1.76 1.68
1.54 1.43
1.61 1.92
1.82 1.88
1.87 1.90
1.84 1.86
1.83 1.76
1.68 1.64
1.79 1.88
1.89 1.74
1.82 1.92
1.81 1.77
1.76 1.77
1.90 1.84
2.04 2.02
1.67 1.78
2.12 2.12
1.66 1.66
1.75 1.63
1.84 1.80
1.74 1.84
2.04 2.21
1.82 1.76
1.82 1.87
1.88 1.99
1.73 1.85
2.00 2.02
1.71 1.70
1.93 1.98
1.71 1.58
1.98 1.81
1.93 1.82
1.81 1.91
1.86 1.76
1.64 1.87
1.86 1.90
1.84 2.21
2.14 1.87
1.79 2.03
1.95 1.99
1.80 1.83
2.14 2.10
2.16 2.19
1.93 1.95
1.82 1.60
2.05 1.99
2.08 2.11
1.95 1.91
1.67 1.79
1.78 1.68
1.64 1.75
1.80 1.98
1.71 1.75
2.07 1.95
2.03 1.99
1.64 1.58
1.69 1.73
1.70 1.73
1.86 1.79
1.84 1.86
2.13 1.93
1.94 2.04
1.84 1.84
1.99 1.91
1.80 2.02
1.98 2.18
1.71 1.62
1.93 1.82
1.73 1.89
1.77 1.88
1.89 1.82
1.73 1.78
1.98 2.07
1.77 1.75
2.04 1.95
1.78 1.66
1.93 2.02
1.93 1.91
2.07 1.83
1.84 1.84
1.82 1.88
2.05 2.04
1.79 1.80
1.89 1.71
1.78 1.88
1.94 1.90
1.75 1.70
1.71 1.59
1.93 2.02
1.62 1.67
1.84 1.91
2.01 2.04
1.81 1.78
1.84 1.75
1.77 1.81
1.86 1.71
1.74 1.81
1.86 2.07
1.70 1.92
1.87 1.83
2.00 1.88
2.17 2.15
1.85 1.66
1.78 1.86
1.77 1.86
1.82 1.80
1.95 1.75
1.73 1.75
1.97 1.79
1.89 1.78
1.71 1.89
1.62 1.50
1.84 1.77
1.77 1.78
1.82 1.74
1.76 1.74
1.97 1.92
1.71 1.70
1.93 1.78
1.88 2.08
1.95 1.90
1.70 1.57
1.95 2.06
1.95 2.11
1.88 1.71
1.68 1.62
1.92 1.99
2.02 1.83
1.73 1.73
1.73 1.81
1.77 1.77
1.86 1.87
2.01 2.04
1.88 1.88
1.81 1.84
1.89 1.95
1.88 1.70
1.97 1.81
1.91 1.76
1.84 1.91
1.68 1.83
1.59 1.65
1.73 1.87
1.57 1.57
1.82 1.71
1.67 1.74
2.01 1.89
1.89 2.11
1.77 1.74
1.79 1.89
2.11 2.21
1.95 1.99
1.89 1.70
2.10 1.92
2.02 2.06
2.06 1.96
2.08 2.11
1.82 1.97
1.75 1.79
1.69 1.76
1.90 1.92
1.71 1.86
1.95 2.09
1.80 1.70
2.03 2.14
1.70 1.77
1.81 1.57
1.93 2.10
1.95 1.88
1.95 1.98
1.79 1.89
2.00 1.85
1.80 1.96
1.73 1.70
1.80 1.70
1.97 1.79
1.79 1.75
1.90 2.01
1.94 1.90
1.73 1.88
1.96 2.00
1.75 1.75
1.88 1.94
2.12 2.09
1.78 1.84
1.95 2.13
2.12 1.96
2.29 2.62
1.97 2.01
1.78 1.83
1.91 1.91
1.79 1.62
1.87 2.02
1.53 1.61
1.79 1.82
1.90 1.70
1.76 1.94
1.86 1.94
1.72 1.69
1.89 1.71
1.96 1.99
1.96 1.92
1.73 1.84
1.66 1.73
1.77 1.81
1.79 1.98
1.79 1.99
1.86 1.77
1.91 1.87
1.96 1.88
1.80 1.81
2.02 1.98
1.70 1.82
1.93 1.81
1.75 1.81
1.81 1.91
1.83 1.62
1.62 1.86
2.25 1.97
1.69 1.66
1.65 1.84
1.71 2.01
1.77 1.70
1.77 1.76
1.79 1.96
2.11 1.91
1.74 1.65
1.94 1.89
1.87 1.98
1.89 2.05
1.91 1.80
1.80 2.05
1.93 1.93
2.02 2.22
1.67 1.57
1.79 1.68
1.77 1.61
1.78 1.80
1.65 1.72
1.82 1.87
2.14 2.15
1.71 1.82
2.12 2.02
1.87 1.82
1.98 1.93
1.85 1.82
1.73 1.56
1.86 1.74
1.75 1.75
1.68 1.77
1.79 2.03
1.91 1.84
1.80 1.70
1.86 1.88
1.91 1.69
1.75 1.98
1.75 1.87
1.92 1.98
1.78 1.75
2.01 1.97
1.83 1.86
1.84 1.83
2.05 2.02
1.77 1.86
1.87 1.88
1.69 1.77
1.94 2.18
1.84 1.75
1.75 1.75
1.82 1.95
1.60 1.73
1.89 1.98
1.59 1.73
1.80 1.88
1.78 1.67
1.83 1.87
1.99 1.97
1.74 1.66
1.94 1.84
1.81 1.83
1.75 1.70
1.85 1.78
1.77 1.68
1.91 2.06
2.02 2.22
1.68 1.59
1.76 1.96
1.89 2.00
1.77 1.69
1.82 1.86
1.79 1.65
1.66 1.65
1.71 1.87
1.74 1.68
1.88 1.86
1.79 1.98
1.75 1.89
1.72 1.63
1.87 1.87
1.99 1.96
1.79 1.54
2.14 2.14
1.66 1.76
1.69 1.90
1.73 1.82
1.83 1.65
2.17 2.01
1.85 1.72
1.84 2.01
1.83 1.95
1.79 1.61
1.89 1.77
1.93 1.95
1.72 1.79
2.02 2.07
1.93 1.88
1.82 1.86
1.84 1.95
1.81 1.92
1.80 1.76
1.87 1.98
1.59 1.92
1.71 1.70
2.08 2.14
1.83 1.82
1.85 1.80
1.80 1.93
1.78 1.76
1.84 1.61
2.04 1.78
1.77 1.68
2.03 1.95
1.80 1.88
1.91 1.91
1.75 1.65
1.84 2.08
1.68 1.84
1.94 1.88
1.80 1.76
1.82 1.72
1.85 1.93
1.54 1.64
2.06 1.82
1.98 1.86
1.71 1.79
1.84 1.87
1.87 1.87
2.00 1.96
1.82 1.75
1.82 1.78
1.77 1.98
2.23 2.26
1.90 1.88
1.81 1.85
1.79 1.77
1.73 1.80
1.80 1.79
1.91 1.88
1.88 2.02
1.93 1.71
1.98 1.86
1.93 1.86
1.98 2.06
2.04 1.86
1.63 1.76
1.91 1.84
1.92 1.88
1.82 1.51
1.86 1.91
2.09 2.04
1.64 1.95
1.81 1.67
1.89 1.79
2.00 1.87
1.85 1.79
1.97 2.17
1.85 1.82
1.74 1.80
1.96 2.02
1.77 1.79
1.79 1.89
1.96 2.12
2.02 1.80
2.05 1.92
1.73 1.98
1.84 1.71
2.15 2.17
1.72 1.85
1.78 1.78
1.59 1.96
1.82 1.86
1.88 1.73
1.76 1.80
1.78 1.76
2.04 2.13
1.87 1.90
1.80 1.80
1.77 1.99
1.77 1.75
1.83 1.88
2.28 2.12
1.69 1.89
1.88 1.95
1.95 1.93
1.73 1.59
1.90 2.00
1.84 1.87
1.94 2.00
1.87 1.98
1.86 2.13
1.75 1.93
1.88 1.76
1.88 1.91
1.97 2.04
1.83 1.77
1.99 2.02
1.86 1.88
1.79 1.95
1.74 1.80
1.85 1.87
1.79 1.89
1.93 1.57
1.80 1.87
1.92 1.96
1.82 1.96
1.78 1.53
1.84 2.04
1.58 1.58
2.02 1.88
1.63 1.98
1.75 1.85
1.76 1.72
1.76 1.81
2.05 1.86
1.95 1.88
1.72 1.95
1.72 1.58
1.72 1.91
2.02 1.95
1.67 1.43
1.87 1.94
1.84 1.85
1.57 1.61
1.78 1.76
1.75 1.64
1.89 1.75
2.00 1.98
1.68 1.82
1.71 1.66
1.72 1.79
1.68 1.67
1.89 1.72
1.93 2.01
1.80 1.89
1.81 1.98
1.74 1.77
1.74 1.95
2.02 2.05
1.72 1.73
1.82 1.78
1.96 2.05
1.83 1.96
1.94 1.79
1.74 1.71
1.76 1.75
1.91 1.68
2.09 1.95
1.67 1.91
1.88 1.85
1.79 1.89
1.75 1.84
1.68 1.80
1.82 1.97
1.77 1.75
1.64 1.63
2.01 2.05
1.88 1.96
1.68 1.66
2.09 2.05
2.03 2.05
1.72 1.81
1.79 1.76
1.82 1.88
1.75 1.80
1.97 1.83
1.84 1.93
2.05 1.58
1.72 1.82
1.93 1.89
1.98 1.87
1.81 1.82
1.66 1.70
1.84 1.62
2.28 2.12
1.95 1.82
1.93 1.73
2.25 2.13
1.81 1.91
1.83 1.89
1.77 1.91
1.85 1.73
1.84 1.80
1.96 2.15
1.65 1.69
2.04 2.03
1.83 2.05
1.82 1.86
1.79 1.80
1.80 1.77
1.94 1.83
1.84 1.82
2.00 1.91
1.77 1.86
1.81 1.64
1.88 1.79
1.74 1.94
1.77 1.85
1.70 1.84
2.14 2.07
1.99 2.07
2.01 2.12
2.14 1.92
1.88 1.95
1.75 1.89
2.16 1.97
1.86 1.92
2.11 1.97
1.91 2.00
1.75 1.67
1.91 1.99
1.86 2.04
1.97 1.97
1.71 1.83
1.90 1.82
1.67 1.71
1.79 1.81
1.96 1.84
1.70 1.72
1.64 1.88
1.77 1.68
2.01 1.99
1.73 1.80
1.76 1.69
2.07 1.96
2.02 1.95
1.67 1.76
1.88 1.95
1.75 1.75
2.01 2.06
1.88 1.89
1.97 1.95
1.71 1.98
1.92 1.77
1.80 1.94
1.83 1.75
1.90 2.11
1.80 1.77
1.98 1.87
1.65 1.74
1.85 1.65
1.91 1.90
2.04 1.94
1.70 1.59
2.00 2.02
1.75 1.68
1.95 1.95
1.92 1.77
1.71 1.74
1.76 1.70
1.71 1.52
1.79 1.92
1.83 1.76
2.01 1.79
1.69 1.65
1.80 1.66
1.73 1.82
1.97 1.89
1.83 1.75
1.81 1.78
1.74 1.72
1.79 1.79
1.61 1.65
1.73 1.82
1.66 1.74
1.92 2.02
1.59 1.68
1.93 1.71
1.73 1.68
1.75 1.62
1.58 1.64
1.73 1.59
1.93 1.86
1.87 1.54
1.91 1.94
1.82 2.01
1.79 2.00
1.69 1.82
1.82 1.74
1.95 2.03
2.02 1.98
1.72 1.88
1.69 1.83
2.01 2.02
1.82 1.87
1.81 1.78
1.87 1.88
1.62 1.74
1.80 1.66
1.61 1.73
2.11 1.88
1.88 1.91
1.91 1.96
1.87 1.74
1.86 1.83
1.82 1.95
1.83 1.78
1.80 2.02
1.61 1.59
1.89 1.83
1.82 1.76
1.77 1.75
1.64 1.83
1.79 1.84
1.89 1.74
1.74 1.60
2.08 2.14
1.78 1.81
1.92 2.02
1.93 1.89
1.63 1.78
1.97 2.07
1.84 1.79
1.98 1.92
1.76 1.96
1.84 1.88
1.86 1.88
1.84 1.63
1.91 1.91
1.76 1.83
1.90 1.86
2.15 2.11
1.86 2.06
2.11 1.94
1.74 1.88
1.86 1.89
1.89 1.82
1.89 1.70
1.82 1.84
1.89 1.77
2.06 2.07
1.78 1.77
1.84 1.92
1.82 1.78
1.85 1.99
1.67 1.64
1.77 1.94
1.93 1.77
1.80 1.90
1.73 1.68
1.81 1.74
1.85 1.80
2.20 1.99
1.68 1.66
1.66 1.91
1.70 1.79
2.00 1.81
1.91 1.80
1.85 1.84
1.89 1.70
1.88 1.73
1.91 1.81
1.85 1.94
1.95 1.87
1.80 1.76
1.84 1.75
1.78 1.84
2.04 1.92
1.94 2.18
1.72 1.70
1.71 1.91
1.77 2.09
1.79 2.03
1.85 1.79
1.82 1.82
1.64 1.68
1.93 1.78
2.19 2.24
1.70 1.72
1.91 1.87
1.91 1.77
1.84 1.66
1.93 1.79
1.67 1.60
1.80 1.70
2.06 1.95
1.75 1.88
1.86 2.12
2.16 1.91
2.02 2.09
1.91 2.11
1.92 2.05
1.78 1.79
1.72 1.59
1.84 2.04
2.00 1.86
1.89 1.92
1.70 1.62
1.86 1.90
1.93 1.74
1.70 1.75
1.68 1.73
1.68 1.69
1.79 1.68
1.73 1.74
1.73 1.69
1.70 1.70
2.09 2.01
1.98 1.92
2.00 2.06
1.93 1.97
1.79 1.67
1.93 1.98
1.91 1.79
2.18 1.96
2.12 1.89
1.82 1.74
1.93 1.95
1.78 1.91
1.76 1.70
1.73 1.88
2.07 2.06
1.82 1.79
1.69 1.80
1.73 1.77
1.89 1.98
1.75 1.90
1.97 2.07
2.00 1.93
1.93 1.68
2.03 1.95
1.80 2.03
2.08 2.03
1.88 1.73
1.84 1.82
1.84 1.82
2.14 1.97
2.15 2.18
1.72 1.72
1.76 1.66
1.68 1.85
1.68 1.84
1.64 1.74
1.82 1.78
1.95 1.77
1.81 1.86
1.89 1.92
1.86 1.94
1.86 1.88
1.85 1.97
1.70 1.71
1.77 1.84
1.66 1.86
2.01 2.04
1.99 1.72
1.89 1.74
1.88 1.95
1.84 1.79
1.95 2.02
1.70 1.75
1.93 1.82
1.74 1.79
1.83 2.12
1.80 1.73
1.73 1.76
1.65 1.62
1.85 2.01
1.97 2.00
1.71 1.61
1.84 2.13
2.24 2.07
1.86 1.74
1.59 1.43
2.24 2.18
1.89 1.88
2.18 1.97
1.77 1.85
1.87 1.91
1.88 1.63
1.94 2.03
1.82 1.87
1.95 2.14
1.70 1.59
1.87 1.88
1.87 1.96
1.94 1.82
1.70 1.64
1.84 1.64
1.80 1.96
2.05 1.86
1.82 1.73
2.07 1.92
1.73 1.71
1.61 1.64
1.82 1.75
1.90 1.95
1.93 2.11
2.13 1.90
1.90 2.08
1.84 1.70
1.87 2.13
1.89 1.73
1.77 1.74
1.83 1.75
