82.91
18591.00
24192.00
24011.00
24072.00
24146.00
24218.00
24091.00
24100.00
24072.00
24202.00
24201.00
24061.00
24061.00
24164.00
24229.00
24118.00
24069.00
24093.00
24153.00
24246.00
24061.00
24094.00
24116.00
24190.00
24146.00
24056.00
24108.00
24189.00
24214.00
24082.00
24032.00
24083.00
24202.00
24066.00
24001.00
24096.00
24121.00
24051.00
23980.00
24123.00
24172.00
24049.00
24054.00
24189.00
24118.00
24070.00
24041.00
24035.00
24161.00
24066.00
24009.00
24055.00
24145.00
24131.00
24325.00
24273.00
24282.00
24387.00
24334.00
24245.00
24296.00
24358.00
24220.00
24306.00
24248.00
24347.00
24347.00
24288.00
24357.00
24455.00
24560.00
24563.00
24329.00
24430.00
24464.00
24552.00
24536.00
24473.00
24458.00
24540.00
24554.00
24480.00
24434.00
24482.00
24545.00
24352.00
24489.00
24480.00
24638.00
24614.00
24344.00
24282.00
24202.00
24324.00
24323.00
24210.00
24235.00
24232.00
24373.00
24269.00
24217.00
24302.00
24306.00
24329.00
24247.00
24181.00
24350.00
24349.00
24230.00
23805.00
23996.00
24092.00
23958.00
23890.00
23915.00
24035.00
24181.00
24266.00
24114.00
24277.00
24382.00
24357.00
24190.00
24174.00
24192.00
24282.00
23917.82
24000.00
23929.00
24031.00
24046.00
23862.00
23944.00
23979.00
24164.00
24400.00
24262.00
24127.00
24140.00
24099.00
23953.00
23956.00
24085.00
24139.00
24180.00
23827.00
24103.00
24173.00
24256.00
24124.00
24104.00
24130.00
24071.00
24051.00
24053.00
23992.00
23892.00
24074.00
24187.00
24125.00
23979.00
24123.00
24156.00
24069.00
24023.00
24137.00
24133.00
24082.00
24101.00
24034.00
24153.00
24138.00
24019.00
24103.00
24086.00
24127.00
24136.00
24057.00
24062.00
24139.00
24100.00
24139.00
24018.00
24035.00
24182.00
24126.00
24099.00
24024.00
24110.00
24170.00
24072.00
24037.00
24187.00
24519.00
24508.00
24348.00
24297.00
24564.00
24590.00
24526.00
24217.00
24185.00
24307.00
24322.00
23987.00
23942.00
24113.00
24035.00
23996.00
24035.00
23995.00
24046.00
24027.00
24206.00
24108.00
24268.00
24281.00
23267.00
24203.00
24251.00
24236.00
24325.00
24183.00
24263.00
24366.00
24416.00
24391.00
23951.00
24129.00
24177.00
24277.00
23898.00
24000.00
24058.00
24165.00
24224.00
24065.00
24040.00
24233.00
24133.00
24264.00
24175.00
24194.00
24257.00
24319.00
24189.00
24231.00
24285.00
24264.00
24125.00
24022.00
24038.00
24009.00
24103.00
23947.00
23949.00
24059.00
24062.00
23997.00
24017.00
23940.00
24099.00
23984.00
24175.00
24097.00
24076.00
24268.00
24034.00
23995.00
24089.00
24105.00
24164.00
24105.00
24011.00
24075.00
24152.00
24165.00
24034.00
24024.00
24084.00
24212.00
24271.00
24401.00
24430.00
24526.00
24535.00
24427.00
24112.00
23987.00
24113.00
24017.00
23886.00
23933.00
24094.00
24073.00
23889.00
23901.00
24145.00
24140.00
24306.00
24238.00
24057.00
24115.00
24146.00
24091.00
24058.00
24133.00
24200.00
24097.00
23826.00
23644.00
23888.12
23894.00
24062.00
24322.00
24385.00
24390.00
24318.00
24313.00
24330.00
24374.00
24408.00
24333.00
24258.00
24385.00
24390.00
24145.00
24079.00
24196.00
24306.00
24384.00
24251.00
24072.00
24009.00
24183.00
24125.00
24149.00
24208.00
24243.00
24170.00
24084.00
24066.00
23926.00
24089.00
24064.00
24031.00
24040.00
24120.00
24137.00
23837.00
24340.00
24486.00
24528.00
24462.00
24414.00
24431.00
24093.00
24127.00
23949.00
23972.00
24124.00
24106.00
24088.00
23992.00
23989.00
24132.00
24166.00
23997.00
24367.00
24423.00
24478.00
24448.00
24294.00
24342.00
24350.00
24418.00
24329.00
24092.00
24157.00
24125.00
24041.00
24031.00
24059.00
24139.00
24156.00
24182.00
24307.00
24460.00
24467.00
24425.00
24346.00
24416.00
24105.00
24475.00
24473.00
24455.00
24480.00
24534.00
24475.00
24478.00
24497.00
24534.00
24516.00
23959.00
24021.00
24100.00
24110.00
24077.00
23947.00
24136.00
24428.00
24230.00
24195.00
24266.00
24313.00
24293.00
24309.00
24202.00
24281.00
24399.00
24375.00
24265.00
24268.00
24343.00
24461.00
24343.00
24409.00
24379.00
24471.00
24434.00
24338.00
24382.00
24451.00
24460.00
24349.00
24390.00
24439.00
24393.00
24403.00
24369.00
24380.00
24231.00
24326.00
24238.00
24182.00
24289.00
24294.00
24471.00
24438.00
24043.00
24234.00
24229.00
24141.00
24153.00
24170.00
24243.00
24162.00
24167.00
24101.00
24067.00
24261.00
24111.00
24169.00
24266.00
24259.00
24267.00
24210.00
24191.00
24301.00
24239.00
24231.00
24161.00
23578.00
24416.00
24370.00
23968.00
24047.00
24203.00
24178.00
24133.00
24051.00
24126.00
24248.00
24108.00
24111.00
24089.00
24220.00
24178.00
24129.00
24274.00
24311.00
24324.00
24308.00
24027.72
24237.00
24372.00
24360.00
24268.00
24292.00
24299.00
24333.00
24346.00
24241.00
24030.00
24114.00
24047.00
23958.00
23932.00
24120.00
24086.00
24034.00
23946.00
24164.00
24248.00
24255.00
24191.00
24158.00
24069.00
24258.00
24113.00
24152.00
24110.00
24278.00
24202.00
23668.00
24000.00
24086.00
24088.00
24012.00
24006.00
23986.00
24077.00
24145.00
23953.00
23985.00
24040.00
24131.00
23972.00
23929.00
24036.00
24129.00
24073.00
24155.00
24199.00
24344.00
24311.00
24079.00
24072.00
24179.00
24242.00
24268.00
24184.00
24132.00
24229.00
24258.00
24137.00
24068.00
24034.00
24095.00
24102.00
24028.00
24054.00
24056.00
23998.00
24063.00
24153.00
24280.00
24200.00
24286.00
24125.00
24139.00
24239.00
24293.00
24191.00
24168.00
24156.00
24297.00
24040.00
24049.00
24054.00
24061.00
24092.00
24099.00
24023.00
23958.00
24118.00
24145.00
23740.00
23970.00
24060.00
24162.00
24053.00
23971.00
24054.00
24088.00
24115.00
24020.00
23986.00
24042.00
24171.00
24075.00
23953.00
24040.00
24111.00
24248.00
24258.00
24284.00
24126.00
24374.00
24313.00
24240.00
24290.00
24325.00
24344.00
24281.00
24215.00
24333.00
24362.00
24262.00
24293.00
24238.00
24185.00
24065.00
23948.00
24053.00
24213.00
24154.00
24050.00
24053.00
24011.00
24036.00
24376.00
24219.00
24283.00
24329.00
24314.00
24352.00
24224.00
24259.00
24377.00
24341.00
24239.00
24256.00
24258.00
24405.00
24320.00
24019.00
24212.00
24252.00
24293.00
24116.00
24158.00
24229.00
24293.00
24156.00
24009.00
24058.00
24073.00
24006.00
24027.00
24095.00
24196.00
24298.00
24198.00
24124.00
24119.00
24280.00
24070.00
24132.00
24103.00
24189.00
24214.00
24138.00
24125.00
24083.00
24254.00
24186.00
24145.00
24050.00
24188.00
23845.54
24169.00
24114.00
24110.00
24239.00
24221.00
24081.00
24113.00
24145.00
24216.00
24161.00
24081.00
24153.00
24172.00
24212.00
24060.00
24062.00
24207.00
24188.00
24146.00
23977.00
24050.00
24228.00
24194.00
24090.00
24087.00
24127.00
24262.00
24133.00
24099.00
24094.00
24098.00
24201.00
24109.00
24151.00
24203.00
24268.00
24182.00
24157.00
24133.00
24255.00
24216.00
24070.00
24107.00
24144.00
24254.00
24163.00
23995.00
24116.00
24230.00
24188.00
24130.00
24021.00
24234.00
24024.00
24175.00
24048.00
24082.00
24259.00
24197.00
24065.00
24067.00
24193.00
24187.00
24182.00
24080.00
24046.00
24211.00
24179.00
24135.00
24081.00
24162.00
24236.00
24121.00
24137.00
24110.00
24237.00
24180.00
24137.00
24104.00
24175.00
24213.00
24145.00
24098.00
23684.00
24064.00
24034.00
23894.00
23849.00
24024.00
24064.00
23975.00
23956.00
24248.00
24273.00
24262.00
24212.00
23979.00
23958.00
24018.00
24007.00
24224.00
24225.00
24292.00
24323.00
24006.00
23852.00
24004.00
24080.00
23853.00
23933.00
23899.00
24095.00
24085.00
23934.00
23923.00
24051.00
24008.00
24408.00
23914.00
24060.00
24119.00
23933.00
24035.00
24043.00
24040.00
24202.00
24372.00
24334.00
23979.00
24149.00
24246.00
24359.00
24330.00
24368.00
24403.00
24302.00
23986.00
24350.00
24424.00
24388.00
24339.00
24131.00
24369.00
24430.00
24400.00
24282.00
24060.00
24122.00
24185.00
24011.00
24003.00
24159.00
24148.00
24164.00
23976.00
24057.00
24187.00
24138.00
24028.00
24046.00
24099.00
24157.00
24100.00
24006.00
24077.00
24299.00
24054.00
24070.00
24033.00
24086.00
24207.00
24034.00
24038.00
24096.00
24127.00
24192.00
23985.00
24003.00
24180.00
23898.02
24071.00
24037.00
24063.00
24180.00
24141.00
23970.00
24060.00
24142.00
24140.00
24085.00
24083.00
24389.00
24440.00
24400.00
24297.00
24356.00
24444.00
24428.00
24306.00
24354.00
24391.00
24395.00
24372.00
24209.00
24028.00
24125.00
24130.00
24081.00
24376.00
24362.00
24362.00
24256.00
24011.00
24031.00
24191.00
24116.00
24064.00
24032.00
24083.00
24192.00
24069.00
23987.00
24090.00
24097.00
24432.00
24342.00
24266.00
24430.00
24410.00
24359.00
24315.00
24322.00
24419.00
24369.00
24352.00
24347.00
24401.00
24391.00
24383.00
24353.00
24150.00
24058.00
24115.00
24311.00
24340.00
24308.00
24139.00
24167.00
24343.00
24371.00
24429.00
24382.00
24332.00
24312.00
24309.00
24137.00
23891.00
24061.00
24123.00
24182.00
24340.00
24369.00
24369.00
24396.00
24399.00
24368.00
24354.00
24164.00
23872.00
24137.00
24200.00
24324.00
24447.00
24154.00
24033.00
24067.00
24125.00
24243.00
24343.00
24354.00
24365.00
24383.00
24355.00
24350.00
24366.00
24400.00
24394.00
24379.00
24356.00
24355.00
24405.00
24411.00
24358.00
24312.00
24414.00
24429.00
24334.00
24309.00
24401.00
24432.00
24369.00
24283.00
24378.00
24425.00
24114.00
24090.00
24367.00
24408.00
24388.00
24378.00
23988.00
24279.00
24423.00
24421.00
24278.00
24366.00
24418.00
24431.00
24325.00
24366.00
24371.00
24412.00
24078.00
24062.00
24219.00
24265.00
24220.00
24231.00
24144.00
24304.00
24284.00
24272.00
24128.00
24271.00
24331.00
24257.00
24210.00
24141.00
24325.00
24312.00
24219.00
24165.00
24248.00
24339.00
24219.00
24235.00
24090.00
24294.00
24244.00
24082.00
24154.00
24213.00
24219.00
24275.00
24177.00
24214.00
24197.00
24263.00
24219.00
24166.00
24256.00
24242.00
24280.00
24129.00
24246.00
24167.00
24100.99
24186.00
24168.00
24293.00
24291.00
24272.00
24149.00
24249.00
24312.00
24314.00
24188.00
24177.00
24299.00
24275.00
24280.00
24123.00
24282.00
24196.00
24272.00
24198.00
23208.00
24162.00
24201.00
24053.00
24280.00
24268.00
24413.00
24200.00
24163.00
24175.00
24214.00
24271.00
24047.00
23982.00
24077.00
24062.00
24034.00
24027.00
24328.00
24447.00
24324.00
24281.00
24272.00
23853.00
23973.00
23896.00
23864.00
23886.00
24034.00
24015.00
23863.00
23811.00
24066.00
24062.00
23933.00
24442.00
24449.00
24526.00
24524.00
24383.00
24458.00
24496.00
24521.00
24474.00
24460.00
24449.00
24542.00
24497.00
24434.00
24473.00
24529.00
24276.00
24193.00
24167.00
24104.00
24079.00
24175.00
24302.00
24237.00
24331.00
24340.00
24223.00
24285.00
24319.00
24298.00
24058.00
24108.00
24115.00
24193.00
24201.00
24092.00
24114.00
24132.00
23981.00
24129.00
24060.00
24155.00
24150.00
24186.00
24089.00
23987.00
24207.00
24150.00
24149.00
24058.00
24104.00
24208.00
24127.00
24121.00
24073.00
24184.00
24178.00
24085.00
24103.00
24125.00
24204.00
24136.00
24252.00
24213.00
24318.00
24213.00
24263.00
24208.00
24302.00
24341.00
24251.00
24261.00
24241.00
24314.00
24178.00
23927.00
24080.00
24202.00
24191.00
24167.00
24090.00
24141.00
24250.00
24146.00
24151.00
24092.00
24227.00
23992.00
24139.00
24090.00
24099.00
24266.00
24193.00
24098.00
24055.00
24253.00
24202.00
24146.00
24078.00
24136.00
24241.00
24183.00
24095.00
24078.00
24270.00
24176.00
24045.00
23966.00
24155.00
24266.00
24151.00
24162.00
24120.00
24154.00
24071.00
23871.00
23941.00
24003.00
24034.00
23953.00
23781.00
24200.00
24226.00
24258.00
24089.00
23874.00
24331.00
24310.00
24229.00
24195.00
23955.45
24327.00
24264.00
24182.00
24135.00
24236.00
24309.00
24207.00
24158.00
24231.00
24300.00
24227.00
24188.00
24150.00
24339.00
24318.00
24112.00
24568.00
24639.00
24679.00
24138.00
24023.00
24213.00
24398.00
24380.00
24253.00
24247.00
24345.00
24220.00
24064.00
24106.00
24083.00
24147.00
24212.00
24306.00
24297.00
24440.00
24411.00
24311.00
24307.00
24366.00
24405.00
24339.00
24185.00
24176.00
24294.00
24276.00
24219.00
24207.00
24352.00
24404.00
24287.00
24260.00
24289.00
24228.00
24477.00
23903.00
23960.00
24131.00
24121.00
23820.00
23919.00
24124.00
24018.00
23982.00
23837.00
23866.00
24000.00
24017.00
23892.00
24338.00
24352.00
24464.00
24475.00
24344.00
24313.00
24453.00
24472.00
24391.00
24301.00
24382.00
24373.00
24326.00
24320.00
24395.00
24448.00
24269.00
24271.00
24310.00
24261.00
24455.00
24403.00
24050.00
24073.00
24120.00
24109.00
24041.00
24001.00
24048.00
24160.00
24026.00
23987.00
24070.00
24117.00
24459.00
24373.00
24255.00
24321.00
24300.00
24287.00
24092.00
24221.00
24397.00
24348.00
24344.00
23863.00
24205.00
24222.00
24097.00
24099.00
24192.00
24231.00
24277.00
24268.00
24078.00
24177.00
24157.00
24048.00
24121.00
24117.00
24194.00
24105.00
24136.00
24248.00
24259.00
24201.00
24246.00
24262.00
24355.00
24308.00
24311.00
24310.00
24265.00
24357.00
24355.00
24164.00
24192.00
24213.00
24274.00
24170.00
24213.00
24200.00
24262.00
24329.00
24363.00
24439.00
24489.00
24482.00
24370.00
24340.00
24470.00
24480.00
24411.00
24378.00
24400.00
24370.00
24336.00
24224.00
24292.00
24332.00
24317.00
24289.00
24265.00
24176.00
24412.00
24185.00
24257.00
24244.00
24460.00
24442.00
24353.00
24327.00
24337.00
24387.00
24271.00
24319.00
24382.00
24378.00
24392.00
24111.88
24364.00
24302.00
24445.00
24338.00
24319.00
24303.00
24292.00
24243.00
24258.00
24223.00
24340.00
24034.00
24121.00
24062.00
24219.00
24189.00
24069.00
24130.00
24180.00
24318.00
24108.00
24185.00
24139.00
24332.00
24298.00
24175.00
24166.00
24233.00
24310.00
24210.00
24157.00
24087.00
24225.00
24265.00
24096.00
24140.00
24424.00
24434.00
24361.00
24290.00
24394.00
24423.00
24396.00
24315.00
24352.00
24426.00
24414.00
24327.00
24348.00
24381.00
24343.00
24400.00
24341.00
24159.00
24296.00
24179.00
24228.00
24131.00
24288.00
24240.00
24112.00
24151.00
24233.00
24246.00
24255.00
24025.00
24165.00
24218.00
24290.00
24161.00
24055.00
24174.00
24265.00
24207.00
24182.00
23843.00
24360.00
24382.00
24284.00
24220.00
24248.00
24387.00
24281.00
24266.00
24353.00
24355.00
24383.00
24330.00
24293.00
24388.00
24406.00
24354.00
24269.00
24397.00
24388.00
24362.00
24299.00
24348.00
24378.00
24348.00
24358.00
24336.00
24332.00
24395.00
24376.00
24134.00
24217.00
24336.00
24270.00
24376.00
24512.00
24507.00
24515.00
24326.00
24202.00
24348.00
24498.00
24478.00
24392.00
24394.00
24458.00
24501.00
24423.00
24422.00
24471.00
24465.00
24282.00
24228.00
24228.00
24336.00
24288.00
24019.00
24400.00
24499.00
24518.00
24355.00
24144.00
24212.00
24179.00
24287.00
24157.00
24208.00
24356.00
24357.00
24213.00
24251.00
24276.00
24366.00
24280.00
24212.00
24288.00
24347.00
24309.00
24255.00
24184.00
24355.00
24343.00
24247.00
24253.00
24253.00
24351.00
24394.00
24364.00
24398.00
24530.00
24365.00
24223.00
24301.00
24332.00
24210.00
24236.00
24125.00
24226.00
24173.00
24311.00
24204.00
24206.00
24287.00
24246.00
24246.00
24140.00
24270.00
24258.00
24263.00
23962.38
24103.00
24329.00
24368.00
24296.00
24226.00
24355.00
24364.00
24274.00
24291.00
24284.00
24327.00
24366.00
24253.00
24252.00
24362.00
24305.00
24347.00
24249.00
24214.00
24280.00
24136.00
24241.00
24254.00
24397.00
24482.00
24135.00
24204.00
24294.00
24390.00
24337.00
24024.00
24030.00
24137.00
24065.00
24035.00
23951.00
24075.00
24094.00
24184.00
24087.00
24047.00
24159.00
24104.00
24089.00
24084.00
24072.00
24152.00
24065.00
24062.00
24127.00
24075.00
24088.00
24107.00
24083.00
24140.00
24101.00
24133.00
24328.00
24446.00
24473.00
24314.00
24389.00
24414.00
24447.00
24394.00
24354.00
24388.00
24464.00
24437.00
24347.00
24376.00
24442.00
24368.00
24334.00
24305.00
24353.00
24191.00
24159.00
24057.00
24087.00
24122.00
24162.00
24112.00
24213.00
24261.00
24341.00
24087.00
24159.00
24124.00
24196.00
24260.00
24173.00
24143.00
24294.00
24145.00
24175.00
24148.00
24194.00
24207.00
24283.00
24134.00
24427.00
24509.00
24503.00
24414.00
24386.00
24484.00
24511.00
24458.00
24398.00
24145.00
24392.00
24357.00
24336.00
24283.00
24192.00
24268.00
24171.00
24466.00
24521.00
24519.00
24517.00
24433.00
24472.00
24550.00
24492.00
24495.00
24454.00
24546.00
24501.00
24439.00
24165.00
24112.00
24178.00
24049.00
24507.00
24518.00
24525.00
24555.00
24509.00
24453.00
24549.00
24558.00
24440.00
23916.00
23942.00
23988.00
23934.00
23885.00
23890.00
24044.00
24004.00
23864.00
23893.00
23870.00
24268.00
24155.00
24192.00
24158.00
24294.00
24108.00
24304.00
24239.00
24353.00
24386.00
24282.00
24086.00
24160.00
24241.00
24355.00
24272.00
24371.00
24374.00
24338.00
24307.00
24174.00
24275.00
24437.00
24365.00
24312.00
24387.00
24427.00
24373.00
24238.00
23940.59
24273.00
24337.00
24188.00
24220.00
24263.00
24215.00
24153.00
24062.00
24151.00
24150.00
24191.00
24093.00
24073.00
24043.00
24206.00
24310.00
24257.00
24264.00
24284.00
24261.00
24307.00
24269.00
24244.00
24252.00
24151.00
24164.00
24079.00
24053.00
23959.00
23910.00
23879.00
24480.00
24424.00
24329.00
24343.00
24446.00
24558.00
24524.00
24189.00
24279.00
24271.00
24249.00
24250.00
24194.00
24186.00
24123.00
24135.00
24128.00
24205.00
23969.00
24362.00
24400.00
24404.00
24431.00
24377.00
24295.00
24404.00
24379.00
24412.00
24355.00
24335.00
24360.00
24409.00
24358.00
24323.00
24352.00
24415.00
24392.00
24295.00
24352.00
24414.00
24225.00
24191.00
24135.00
24288.00
24118.00
24065.00
24061.00
24350.00
24433.00
24163.00
23976.00
24230.00
24264.00
24289.00
24231.00
24189.00
24285.00
24257.00
24294.00
24147.00
24246.00
24270.00
24453.00
24345.00
24306.00
24398.00
24391.00
24321.00
24329.00
24159.00
24397.00
24359.00
24266.00
24313.00
24354.00
24169.00
24135.00
24087.00
24186.00
24298.00
24290.00
24065.00
24210.00
24263.00
24263.00
24084.00
23980.00
24085.00
23880.00
24155.00
24132.00
24167.00
24216.00
24164.00
24254.00
24260.00
24240.00
24299.00
24442.00
24431.00
24535.00
24539.00
24421.00
24457.00
24520.00
24560.00
24493.00
24447.00
24356.00
24426.00
24404.00
24324.00
24289.00
24422.00
24419.00
24298.00
24329.00
24398.00
24417.00
24284.00
24345.00
24388.00
24401.00
24362.00
24178.00
24183.00
24257.00
24269.00
24172.00
24093.00
24144.00
24163.00
24113.00
24068.00
24152.00
24154.00
24132.00
24102.00
24160.00
24182.00
24250.00
24144.00
24171.00
24184.00
24240.00
24179.00
24157.00
24173.00
24236.00
24207.00
24153.00
24145.00
24193.00
24238.00
24144.00
24153.00
23919.80
24269.00
24293.00
24171.00
24246.00
24301.00
24277.00
24238.00
24097.00
24316.00
24274.00
24262.00
24157.00
24214.00
24124.00
24260.00
24212.00
24195.00
24280.00
24237.00
24240.00
24179.00
24273.00
24174.00
24276.00
24207.00
24259.00
24274.00
24136.00
24340.00
24320.00
24386.00
24409.00
24340.00
24272.00
24389.00
24429.00
24349.00
24275.00
24384.00
24400.00
24238.00
24145.00
24187.00
24226.00
24285.00
24250.00
24274.00
24224.00
24360.00
24304.00
24133.00
24117.00
24176.00
24135.00
24096.00
24012.00
24171.00
24223.00
24077.00
24161.00
24154.00
24228.00
24124.00
24106.00
24148.00
24171.00
24286.00
24398.00
24370.00
24440.00
24449.00
24398.00
24197.00
24393.00
24630.00
24595.00
24129.00
23905.00
23942.00
23926.00
23896.00
23914.00
23977.00
23959.00
23884.00
23876.00
23909.00
23966.00
23943.00
23888.00
23900.00
23940.00
23934.00
23851.00
24268.00
24245.00
24195.00
24100.00
24088.00
24130.00
24191.00
24155.00
24112.00
24096.00
24212.00
24154.00
24132.00
23973.00
24126.00
24202.00
24075.00
24107.00
24172.00
24215.00
24213.00
24107.00
24167.00
24165.00
24271.00
24101.00
24169.00
24166.00
24257.00
24149.00
24165.00
24124.00
24239.00
24169.00
24153.00
24109.00
24229.00
24216.00
24158.00
24116.00
24171.00
24396.00
24455.00
24433.00
24051.00
24150.00
24079.00
23994.00
24059.00
24079.00
24058.00
24084.00
24038.00
24218.00
24479.00
24455.00
24214.00
24310.00
24305.00
24304.00
24285.00
24233.00
24344.00
24314.00
24251.00
24283.00
24290.00
24316.00
24323.00
24221.00
24307.00
24325.00
24281.00
24298.00
24250.00
24319.00
24208.00
24121.00
24316.00
24311.00
24404.00
24373.00
24292.00
24143.00
24297.00
24340.00
24066.34
24356.00
24419.00
24432.00
24364.00
24328.00
23734.00
24445.00
24384.00
24305.00
24398.00
24433.00
24421.00
23997.00
24182.00
24152.00
24070.00
24114.00
24051.00
24064.00
24037.00
24194.00
24159.00
24160.00
24206.00
24206.00
24144.00
24118.00
24256.00
24245.00
24156.00
24316.00
24112.00
24357.00
24342.00
24246.00
24334.00
24344.00
24309.00
24295.00
24301.00
24294.00
24163.00
24269.00
24305.00
24331.00
24306.00
24349.00
24305.00
24261.00
24367.00
24340.00
24237.00
24317.00
24329.00
24322.00
24336.00
24254.00
24102.00
24138.00
24182.00
24085.00
24107.00
24175.00
24158.00
24139.00
24091.00
24181.00
24141.00
24158.00
24118.00
24110.00
24090.00
24128.00
24120.00
24107.00
24177.00
24194.00
24064.00
24135.00
24147.00
24190.00
24136.00
24090.00
24148.00
24145.00
24373.00
24304.00
24274.00
24082.00
24275.00
24204.00
24247.00
24201.00
24302.00
24180.00
24202.00
24062.00
24291.00
24240.00
24165.00
24165.00
24238.00
24264.00
24186.00
24194.00
24224.00
24283.00
24196.00
24205.00
24172.00
24294.00
24159.00
24216.00
24186.00
23948.00
24060.00
24000.00
24049.00
24066.00
24040.00
24033.00
24061.00
24017.00
24038.00
24176.00
24475.00
24462.00
24498.00
24465.00
24474.00
24490.00
24162.00
24263.00
24246.00
24297.00
24393.00
24172.00
24252.00
24165.00
24029.00
24061.00
24125.00
24037.00
23998.00
24089.00
24094.00
24025.00
23978.00
23983.00
24039.00
24067.00
23999.00
24001.00
23990.00
24087.00
24020.00
23953.00
23995.00
24079.00
24020.00
23985.00
23867.00
24090.00
24047.00
23985.00
24022.00
24042.00
24018.00
23985.00
24039.00
24021.00
24017.00
24009.00
24047.00
24007.00
23987.00
24030.00
24027.00
24136.00
24183.00
24208.00
24278.00
24288.00
24325.00
24220.00
24393.00
24341.00
24315.00
24146.53
24396.00
24342.00
24295.00
24384.00
24385.00
24348.00
24311.00
24374.00
24381.00
24356.00
24042.00
24075.00
23950.00
24128.00
24084.00
24057.00
24144.00
24119.00
24081.00
24101.00
24054.00
24146.00
24098.00
24052.00
24103.00
24106.00
24114.00
24127.00
24048.00
23977.00
24298.00
24243.00
24213.00
24236.00
24238.00
24289.00
24182.00
24235.00
24238.00
24271.00
24231.00
24213.00
24245.00
24238.00
24275.00
24185.00
24240.00
24262.00
24265.00
24224.00
24193.00
24280.00
24225.00
24262.00
24204.00
24210.00
24378.00
24316.00
24314.00
24338.00
24369.00
24346.00
24167.00
24252.00
24305.00
24254.00
24301.00
24263.00
24247.00
24309.00
24266.00
24242.00
24119.00
24341.00
24345.00
24246.00
24310.00
24319.00
24167.00
24254.00
24170.00
24251.00
24222.00
24213.00
24256.00
24255.00
24303.00
24180.00
24433.00
24443.00
24472.00
24454.00
24393.00
24418.00
24463.00
24306.00
24085.00
24378.00
24352.00
24326.00
24401.00
24356.00
24270.00
24378.00
24405.00
24162.00
24055.00
24062.00
24187.00
24311.00
24242.00
24189.00
24099.00
24158.00
24076.00
24129.00
24150.00
24141.00
24114.00
24079.00
24168.00
24129.00
24136.00
24097.00
24099.00
24372.00
24442.00
24380.00
24370.00
24432.00
24420.00
24399.00
24383.00
24388.00
24453.00
24409.00
24381.00
24407.00
24515.00
24534.00
24214.00
24206.00
24187.00
24293.00
24328.00
24297.00
24314.00
24357.00
24307.00
24268.00
24354.00
24347.00
24286.00
24319.00
24315.00
24322.00
24362.00
24304.00
24034.00
24073.00
24105.00
24084.00
24013.00
24125.00
24081.00
24049.00
24108.00
24066.00
24104.00
24094.00
24063.00
24090.00
24042.00
24073.00
23950.00
24162.00
24234.00
24343.00
24432.00
23994.00
24138.00
24346.00
24290.00
24450.00
24202.97
24446.00
24435.00
24066.00
24160.00
24256.00
24179.00
24228.00
24063.00
24079.00
23964.00
23987.00
23994.00
23762.00
23847.00
24217.00
24146.00
24148.00
24187.00
24254.00
24189.00
24252.00
24191.00
24157.00
24183.00
24258.00
24203.00
24260.00
24201.00
24257.00
24225.00
24228.00
24022.00
24206.00
24124.00
24296.00
24008.00
24125.00
24085.00
24060.00
24187.00
24093.00
24123.00
24093.00
24092.00
24154.00
24082.00
24112.00
24095.00
24106.00
24146.00
24070.00
24153.00
24080.00
23993.00
24056.00
23989.00
24090.00
24112.00
24024.00
24200.00
24189.00
24230.00
24194.00
24323.00
24353.00
24331.00
24333.00
24309.00
24317.00
24337.00
24351.00
24288.00
24304.00
24158.00
24171.00
24220.00
24128.00
24244.00
24175.00
24215.00
24146.00
24200.00
24194.00
24221.00
24138.00
24151.00
24333.00
24190.00
24274.00
24333.00
24312.00
24298.00
24325.00
24281.00
24296.00
24339.00
24118.00
24113.00
24173.00
24248.00
24189.00
24225.00
24137.00
24253.00
24187.00
24091.00
23868.00
23974.00
24005.00
24309.00
24182.00
24183.00
24129.00
24208.00
24114.00
24183.00
24196.00
24193.00
24181.00
24188.00
24188.00
24220.00
24172.00
24197.00
24178.00
24218.00
24145.00
24059.00
24069.00
24143.00
24118.00
24175.00
24416.00
24472.00
24473.00
24415.00
24406.00
24447.00
24483.00
24126.00
24178.00
24140.00
24377.00
24427.00
24428.00
24339.00
24137.00
24148.00
24137.00
24058.00
24167.00
24122.00
24136.00
24102.00
24082.00
24184.00
24113.00
24137.00
24078.00
24117.00
24156.00
24100.00
24164.00
24093.00
24129.00
24125.00
24124.00
24278.00
24248.00
24266.00
24287.00
24237.00
24295.00
24185.00
24209.00
24211.00
24187.00
24094.00
24195.00
24194.00
24203.00
24198.00
24207.00
24020.00
24191.00
24183.00
23926.73
24164.00
24328.00
24430.00
24424.00
24409.00
24285.00
24111.00
24127.00
24107.00
24091.00
24139.00
24183.00
24401.00
24386.00
24364.00
24417.00
24406.00
24381.00
24376.00
24276.00
24369.00
24361.00
24372.00
24197.00
24285.00
24312.00
24326.00
24307.00
24350.00
24340.00
24105.00
24435.00
24432.00
24411.00
24408.00
24428.00
24330.00
24235.00
24268.00
24266.00
24201.00
24272.00
24180.00
24314.00
24281.00
24292.00
24311.00
24271.00
24314.00
24301.00
24265.00
24341.00
24299.00
24271.00
24312.00
24308.00
24296.00
24265.00
24363.00
24309.00
24373.00
24177.00
24323.00
24278.00
24223.00
24161.00
24103.00
24112.00
24108.00
24149.00
24043.00
24128.00
24145.00
24098.00
24157.00
24089.00
24152.00
24118.00
24120.00
24135.00
24033.00
24158.00
24117.00
24094.00
24147.00
24113.00
24227.00
24279.00
24344.00
24343.00
24328.00
24338.00
24336.00
24329.00
24325.00
24343.00
24273.00
24401.00
24436.00
24401.00
24396.00
24393.00
24416.00
24307.00
24172.00
24402.00
24415.00
24387.00
24359.00
24410.00
24388.00
24401.00
24341.00
24410.00
24395.00
24140.00
24405.00
24402.00
24385.00
24364.00
24410.00
24402.00
24380.00
24155.00
24215.00
24159.00
24196.00
24194.00
24226.00
24091.00
24222.00
24215.00
24240.00
24194.00
24239.00
24172.00
24205.00
24350.00
24422.00
24392.00
24337.00
24532.00
24445.00
24385.00
24328.00
24337.00
24291.00
24322.00
24303.00
24325.00
24312.00
24299.00
24290.00
24355.00
24059.00
24097.00
24129.00
24102.00
24145.00
24099.00
24044.00
24158.00
23978.00
23964.00
24103.00
24211.00
24143.00
24202.00
24111.00
24060.00
24083.00
24042.00
24103.00
24063.00
24026.00
24164.00
24127.00
24286.00
24272.00
24330.00
24252.00
24292.00
24290.00
24214.00
24393.00
23859.41
24268.00
24428.00
24405.00
24370.00
24347.00
24260.00
24267.00
24277.00
24294.00
24265.00
24314.00
24262.00
24258.00
24289.00
24249.00
24323.00
24275.00
24259.00
24304.00
24249.00
24299.00
24287.00
24250.00
24313.00
24135.00
24276.00
24238.00
24250.00
24265.00
24207.00
24260.00
24215.00
24286.00
24227.00
24238.00
24258.00
24015.00
24412.00
24198.00
24415.00
24442.00
24442.00
24432.00
24187.00
24199.00
24215.00
24221.00
24202.00
24514.00
24513.00
24545.00
24558.00
24586.00
24574.00
24424.00
24177.00
24264.00
24261.00
24212.00
24122.00
24259.00
24242.00
24220.00
24233.00
24136.00
24275.00
24182.00
23814.00
24369.00
24348.00
24312.00
24347.00
24306.00
24341.00
24281.00
23946.00
24232.00
24177.00
24159.00
24041.00
24127.00
24195.00
24176.00
24182.00
24060.00
24150.00
24193.00
24153.00
24164.00
23874.00
24122.00
24054.00
24006.00
23994.00
24199.00
24204.00
24154.00
24143.00
24206.00
24194.00
24163.00
24141.00
24206.00
24189.00
24147.00
24127.00
24212.00
24172.00
24228.00
24123.00
24211.00
24165.00
24228.00
24133.00
24191.00
24185.00
24231.00
24111.00
24167.00
24180.00
24136.00
24195.00
24132.00
24218.00
24283.00
24394.00
24409.00
24421.00
24430.00
24246.00
24118.00
24127.00
24209.00
24397.00
24375.00
24396.00
24423.00
24389.00
24358.00
24351.00
24431.00
24411.00
24354.00
24395.00
24418.00
24418.00
24347.00
24411.00
24421.00
24412.00
24343.00
24376.00
24418.00
24421.00
24342.00
24395.00
24397.00
24435.00
24388.00
24249.00
24254.00
24234.00
24303.00
24204.00
24257.00
24270.00
24262.00
24249.00
24197.00
24279.00
24321.00
24458.00
24432.00
24469.00
24482.00
24476.00
24144.00
24250.00
24204.00
24242.00
24145.00
24107.00
24163.00
24241.00
24050.50
24314.00
24346.00
24388.00
24359.00
24169.00
24161.00
24437.00
24450.00
24412.00
24459.00
24482.00
24351.00
24108.00
24091.00
24233.00
24243.00
24202.00
24225.00
24222.00
24288.00
24167.00
24266.00
24237.00
24267.00
24196.00
24212.00
24191.00
24150.00
24140.00
24143.00
24107.00
24208.00
24134.00
24164.00
24047.00
24112.00
24051.00
24322.00
24308.00
24351.00
24439.00
24395.00
24380.00
24386.00
24417.00
24419.00
24378.00
24123.00
24183.00
24055.00
24103.00
24090.00
24110.00
24168.00
24042.00
23921.00
24525.00
24508.00
24486.00
24470.00
24509.00
24525.00
24507.00
24498.00
24484.00
24508.00
24467.00
24362.00
24262.00
24273.00
24233.00
24272.00
24121.00
24389.00
24423.00
24416.00
24055.00
24218.00
24152.00
24148.00
24155.00
24177.00
24050.00
24074.00
24121.00
24125.00
24132.00
24133.00
24169.00
24175.00
24422.00
24367.00
24415.00
24437.00
24280.00
24303.00
24355.00
24333.00
24329.00
24291.00
24339.00
24291.00
24379.00
24382.00
24058.00
24329.00
24200.00
24440.00
24411.00
24229.00
24407.00
24435.00
24413.00
24107.00
24209.00
24148.00
24364.00
24289.00
24310.00
24372.00
24191.00
24056.00
24121.00
24123.00
24253.00
24246.00
24244.00
24258.00
24312.00
24008.00
23999.00
24058.00
24093.00
24016.00
24280.00
24243.00
24124.00
24247.00
24262.00
24235.00
24281.00
24319.00
24183.00
24271.00
24220.00
24304.00
24258.00
24182.00
24339.00
24244.00
24294.00
24222.00
24398.00
24257.00
24042.00
23918.00
24151.00
24149.00
24215.00
24066.00
24137.00
24577.00
24571.00
24543.00
24198.00
24230.00
24293.00
24229.00
24039.00
24013.00
24181.00
23820.00
24372.00
24226.00
24208.00
24206.00
24268.00
24214.00
24191.00
24281.00
24214.00
24242.00
24005.94
24273.00
24402.00
24257.00
24319.00
24281.00
24262.00
24071.00
24085.00
24139.00
24114.00
24042.00
24129.00
24123.00
24102.00
24108.00
24052.00
24123.00
24117.00
24056.00
24111.00
24099.00
24119.00
23989.00
24186.00
24302.00
24329.00
24230.00
24262.00
24041.00
24285.00
24192.00
24221.00
24179.00
24291.00
24263.00
24382.00
24392.00
24478.00
24482.00
24354.00
24409.00
24447.00
24447.00
24377.00
24357.00
24468.00
24476.00
24306.00
24221.00
24325.00
24345.00
24240.00
24278.00
24271.00
24528.00
24525.00
24448.00
24460.00
24516.00
24498.00
24415.00
24095.00
24212.00
24238.00
24150.00
24172.00
24052.00
24222.00
24111.00
24139.00
24132.00
24208.00
24141.00
24098.00
24142.00
24133.00
24130.00
24137.00
24258.00
24240.00
24321.00
24176.00
24272.00
24275.00
24160.00
24312.00
24248.00
24337.00
24353.00
24249.00
24308.00
24275.00
24226.00
23948.00
23910.00
23965.00
23999.00
23982.00
23905.00
23904.00
24009.00
24419.00
24336.00
24378.00
24401.00
24401.00
24347.00
24380.00
24385.00
24396.00
24375.00
24378.00
24374.00
24322.00
24444.00
24433.00
23987.00
24113.00
24174.00
24071.00
24075.00
24179.00
24130.00
23988.00
24079.00
24137.00
24161.00
24088.00
23992.00
24118.00
24119.00
24301.00
24222.00
24264.00
24328.00
24242.00
24279.00
24187.00
24381.00
24354.00
24270.00
24319.00
24356.00
24311.00
24334.00
24317.00
24344.00
24154.00
24191.00
24125.00
24231.00
24011.00
24189.00
24116.00
24165.00
24216.00
24163.00
24146.00
24121.00
24240.00
24203.00
24113.00
24112.00
24244.00
24083.00
24110.00
24082.00
23983.00
24137.00
24072.00
24101.00
24058.00
24045.00
24359.00
24289.00
24267.00
24344.00
24312.00
24266.00
24313.00
24325.00
24327.00
24274.00
24304.00
24118.81
24400.00
24339.00
24289.00
24381.00
24397.00
24321.00
24270.00
24271.00
24349.00
24333.00
24325.00
24267.00
24376.00
24300.00
24333.00
24351.00
24285.00
24386.00
24185.00
23899.00
23976.00
23945.00
23279.00
24151.00
24235.00
24212.00
24102.00
24153.00
24210.00
24376.00
24314.00
24219.00
24333.00
24269.00
24254.00
24294.00
24197.00
24382.00
24401.00
24376.00
24366.00
24342.00
24431.00
24356.00
24330.00
24412.00
24359.00
24358.00
24016.00
24025.00
24390.00
24359.00
24380.00
24411.00
24215.00
24089.00
24225.00
24310.00
24289.00
24282.00
24226.00
24257.00
24347.00
24254.00
24255.00
24272.00
24281.00
24276.00
24377.00
24255.00
24380.00
24162.00
24182.00
24131.00
24084.00
24121.00
24098.00
24067.00
24115.00
24201.00
24050.00
24075.00
24127.00
24120.00
24118.00
24066.00
24089.00
24220.00
24137.00
24166.00
24138.00
24154.00
24183.00
24049.00
24215.00
24207.00
24199.00
24194.00
24225.00
24301.00
24251.00
24205.00
24198.00
24298.00
24258.00
24244.00
24243.00
24230.00
24305.00
24226.00
24254.00
24212.00
24421.00
24582.00
24524.00
24549.00
24580.00
24587.00
24535.00
24532.00
24613.00
24578.00
24523.00
24541.00
24607.00
24591.00
24515.00
24542.00
24609.00
23593.00
23946.00
24224.00
24300.00
24359.00
24292.00
24239.00
24320.00
24344.00
24254.00
