360.64
262.00
171.00
164.00
158.00
165.00
159.00
166.00
155.00
164.00
163.00
160.00
166.00
150.00
163.00
157.00
161.00
167.00
151.00
168.00
155.00
165.00
173.00
145.00
167.00
168.00
149.00
164.00
168.00
166.00
164.00
164.00
169.00
160.00
160.00
168.00
149.00
160.00
163.00
150.00
165.00
153.00
173.00
157.00
161.00
141.00
185.00
155.00
158.00
156.00
162.00
167.00
169.00
166.00
172.00
169.00
154.00
173.00
166.00
155.00
161.00
151.00
164.00
177.00
148.00
171.00
156.00
178.00
159.00
170.00
165.00
159.00
170.00
156.00
159.00
176.00
170.00
167.00
160.00
145.00
169.00
169.00
161.00
171.00
165.00
156.00
180.00
165.00
153.00
168.00
170.00
158.00
163.00
149.00
154.00
172.00
161.00
158.00
179.00
159.00
160.00
149.00
158.00
175.00
164.00
168.00
149.00
160.00
167.00
149.00
167.00
147.00
149.00
155.00
158.00
169.00
159.00
169.00
167.00
156.00
164.00
163.00
155.00
162.00
164.00
177.00
146.00
166.00
148.00
151.00
182.00
155.00
160.00
167.00
163.00
166.00
158.00
167.00
165.00
149.50
167.00
161.00
137.00
166.00
161.00
168.00
167.00
172.00
159.00
164.00
174.00
169.00
150.00
162.00
158.00
154.00
175.00
168.00
157.00
171.00
156.00
150.00
146.00
178.00
173.00
161.00
156.00
158.00
141.00
174.00
170.00
163.00
162.00
161.00
165.00
138.00
172.00
156.00
178.00
150.00
159.00
147.00
163.00
142.00
160.00
165.00
153.00
161.00
160.00
168.00
153.00
154.00
173.00
164.00
168.00
153.00
141.00
163.00
162.00
172.00
166.00
163.00
165.00
170.00
170.00
169.00
150.00
163.00
154.00
172.00
155.00
164.00
144.00
177.00
161.00
165.00
158.00
153.00
174.00
166.00
168.00
158.00
163.00
172.00
173.00
158.00
172.00
158.00
169.00
160.00
152.00
174.00
146.00
183.00
173.00
166.00
161.00
161.00
169.00
166.00
150.00
174.00
142.00
176.00
149.00
167.00
163.00
169.00
161.00
165.00
163.00
156.00
167.00
163.00
167.00
166.00
151.00
158.00
153.00
161.00
156.00
151.00
171.00
158.00
146.00
156.00
174.00
163.00
141.00
178.00
169.00
162.00
145.00
154.00
185.00
160.00
171.00
156.00
152.00
167.00
173.00
159.00
170.00
165.00
158.00
162.00
171.00
156.00
167.00
170.00
155.00
160.00
157.00
156.00
167.00
167.00
173.00
165.00
155.00
169.00
164.00
163.00
160.00
174.00
167.00
156.00
172.00
172.00
156.00
147.00
154.00
176.00
161.00
167.00
158.00
172.00
168.00
171.00
155.00
169.00
159.00
149.00
163.00
157.00
170.00
162.00
167.00
165.00
161.00
147.00
175.00
165.35
155.00
162.00
163.00
159.00
179.00
172.00
163.00
164.00
163.00
171.00
170.00
163.00
167.00
167.00
159.00
164.00
167.00
168.00
154.00
177.00
170.00
167.00
163.00
163.00
167.00
151.00
163.00
169.00
157.00
160.00
163.00
156.00
163.00
162.00
171.00
164.00
173.00
158.00
172.00
145.00
176.00
163.00
170.00
166.00
160.00
155.00
163.00
157.00
172.00
157.00
140.00
174.00
161.00
169.00
160.00
161.00
166.00
164.00
154.00
169.00
170.00
158.00
161.00
155.00
170.00
162.00
159.00
167.00
152.00
166.00
163.00
166.00
173.00
159.00
168.00
157.00
172.00
153.00
161.00
156.00
163.00
171.00
158.00
144.00
151.00
157.00
154.00
152.00
162.00
152.00
155.00
178.00
150.00
163.00
145.00
167.00
166.00
139.00
176.00
169.00
161.00
165.00
152.00
177.00
168.00
154.00
161.00
162.00
148.00
168.00
140.00
172.00
163.00
168.00
154.00
168.00
154.00
164.00
155.00
148.00
167.00
177.00
149.00
165.00
146.00
173.00
159.00
176.00
161.00
144.00
166.00
159.00
161.00
167.00
163.00
152.00
160.00
165.00
168.00
152.00
170.00
146.00
169.00
150.00
158.00
166.00
148.00
153.00
166.00
154.00
164.00
154.00
155.00
171.00
165.00
160.00
161.00
152.00
160.00
178.00
156.00
164.00
173.00
156.00
167.00
157.00
164.00
170.00
153.00
167.00
163.00
162.00
154.00
161.00
155.00
151.00
156.00
177.00
166.00
163.00
167.00
151.00
164.00
170.00
172.00
166.00
162.00
148.51
172.00
153.00
171.00
162.00
173.00
158.00
165.00
167.00
142.00
167.00
164.00
167.00
158.00
167.00
139.00
167.00
167.00
167.00
159.00
173.00
148.00
154.00
173.00
160.00
166.00
162.00
155.00
143.00
168.00
157.00
157.00
177.00
158.00
146.00
163.00
175.00
154.00
159.00
152.00
164.00
163.00
174.00
168.00
166.00
156.00
150.00
164.00
159.00
163.00
171.00
162.00
164.00
160.00
176.00
156.00
157.00
158.00
153.00
162.00
150.00
154.00
175.00
161.00
148.00
170.00
148.00
179.00
152.00
168.00
167.00
145.00
168.00
158.00
157.00
161.00
170.00
159.00
169.00
159.00
164.00
156.00
163.00
142.00
174.00
160.00
166.00
161.00
147.00
160.00
163.00
170.00
169.00
163.00
158.00
159.00
157.00
163.00
141.00
164.00
170.00
172.00
152.00
178.00
154.00
173.00
160.00
165.00
157.00
158.00
168.00
173.00
159.00
165.00
149.00
158.00
170.00
151.00
162.00
169.00
161.00
162.00
157.00
164.00
169.00
164.00
165.00
165.00
161.00
154.00
163.00
164.00
169.00
150.00
171.00
163.00
160.00
170.00
153.00
170.00
169.00
157.00
170.00
154.00
167.00
169.00
164.00
152.00
174.00
155.00
157.00
171.00
174.00
147.00
172.00
179.00
159.00
159.00
160.00
169.00
154.00
175.00
148.00
170.00
169.00
158.00
170.00
165.00
163.00
167.00
167.00
160.00
151.00
158.00
167.00
163.00
139.00
173.00
173.00
154.00
166.00
169.00
148.00
180.00
167.00
151.49
154.00
172.00
157.00
161.00
169.00
167.00
167.00
164.00
180.00
168.00
158.00
153.00
172.00
157.00
159.00
179.00
160.00
150.00
159.00
174.00
172.00
159.00
152.00
170.00
159.00
172.00
162.00
159.00
168.00
165.00
161.00
155.00
157.00
164.00
160.00
158.00
150.00
172.00
157.00
138.00
183.00
174.00
159.00
155.00
174.00
148.00
169.00
166.00
169.00
173.00
162.00
160.00
157.00
147.00
170.00
155.00
169.00
147.00
164.00
158.00
160.00
174.00
154.00
160.00
165.00
142.00
169.00
164.00
163.00
170.00
162.00
150.00
151.00
161.00
173.00
166.00
157.00
142.00
178.00
147.00
166.00
165.00
174.00
154.00
150.00
175.00
172.00
168.00
158.00
157.00
175.00
150.00
164.00
154.00
143.00
155.00
169.00
167.00
168.00
161.00
174.00
148.00
182.00
158.00
155.00
161.00
169.00
151.00
169.00
153.00
159.00
140.00
184.00
156.00
173.00
162.00
162.00
159.00
158.00
151.00
157.00
159.00
171.00
144.00
149.00
171.00
167.00
165.00
152.00
157.00
138.00
150.00
175.00
155.00
173.00
157.00
142.00
173.00
156.00
155.00
171.00
147.00
165.00
155.00
159.00
160.00
162.00
165.00
153.00
168.00
151.00
156.00
169.00
165.00
164.00
160.00
163.00
163.00
166.00
162.00
163.00
155.00
170.00
157.00
158.00
157.00
166.00
143.00
182.00
150.00
170.00
164.00
162.00
154.00
163.00
169.00
150.00
179.00
156.00
158.00
163.37
168.00
163.00
170.00
163.00
152.00
150.00
162.00
160.00
179.00
162.00
162.00
164.00
158.00
157.00
156.00
160.00
162.00
169.00
156.00
158.00
161.00
155.00
164.00
166.00
138.00
177.00
169.00
162.00
166.00
169.00
161.00
165.00
170.00
176.00
159.00
168.00
161.00
166.00
153.00
164.00
155.00
171.00
167.00
151.00
181.00
161.00
163.00
145.00
157.00
167.00
169.00
155.00
173.00
172.00
168.00
160.00
159.00
150.00
179.00
163.00
172.00
153.00
164.00
159.00
171.00
147.00
168.00
167.00
156.00
160.00
163.00
147.00
157.00
152.00
165.00
151.00
177.00
153.00
175.00
162.00
162.00
156.00
163.00
172.00
166.00
162.00
166.00
152.00
163.00
163.00
174.00
158.00
159.00
154.00
162.00
167.00
164.00
152.00
160.00
137.00
190.00
172.00
156.00
155.00
172.00
158.00
162.00
175.00
162.00
158.00
175.00
176.00
149.00
172.00
164.00
166.00
146.00
180.00
157.00
163.00
167.00
178.00
155.00
172.00
160.00
159.00
165.00
167.00
164.00
160.00
169.00
155.00
163.00
159.00
168.00
154.00
164.00
172.00
166.00
157.00
152.00
178.00
154.00
165.00
169.00
168.00
154.00
144.00
171.00
153.00
153.00
173.00
159.00
154.00
167.00
164.00
159.00
160.00
157.00
164.00
153.00
162.00
162.00
161.00
158.00
150.00
181.00
158.00
156.00
157.00
169.00
156.00
158.00
174.00
165.00
171.00
154.00
164.00
166.00
155.00
174.00
156.00
160.00
165.00
150.00
170.00
164.36
154.00
163.00
158.00
147.00
174.00
165.00
150.00
182.00
156.00
163.00
164.00
159.00
161.00
154.00
173.00
158.00
163.00
158.00
177.00
161.00
178.00
171.00
161.00
172.00
162.00
174.00
162.00
167.00
159.00
169.00
165.00
154.00
178.00
154.00
146.00
169.00
164.00
157.00
172.00
153.00
148.00
178.00
162.00
151.00
172.00
157.00
165.00
164.00
160.00
176.00
171.00
158.00
156.00
158.00
158.00
159.00
170.00
162.00
171.00
156.00
165.00
158.00
162.00
171.00
153.00
168.00
157.00
158.00
164.00
157.00
157.00
171.00
148.00
169.00
163.00
160.00
162.00
172.00
156.00
175.00
140.00
167.00
164.00
173.00
152.00
160.00
167.00
157.00
158.00
158.00
160.00
173.00
160.00
167.00
165.00
168.00
164.00
157.00
145.00
173.00
158.00
173.00
163.00
150.00
172.00
148.00
167.00
164.00
167.00
161.00
167.00
161.00
158.00
150.00
163.00
162.00
157.00
155.00
169.00
157.00
173.00
167.00
150.00
183.00
156.00
149.00
156.00
173.00
160.00
172.00
168.00
155.00
153.00
148.00
166.00
158.00
170.00
171.00
169.00
153.00
166.00
161.00
168.00
152.00
159.00
174.00
163.00
163.00
159.00
168.00
168.00
159.00
167.00
167.00
163.00
159.00
160.00
162.00
163.00
160.00
154.00
149.00
175.00
161.00
164.00
160.00
157.00
151.00
167.00
163.00
153.00
167.00
165.00
148.00
164.00
162.00
160.00
172.00
166.00
156.00
156.00
175.00
155.00
171.00
150.00
154.46
149.00
175.00
163.00
167.00
168.00
155.00
147.00
157.00
152.00
169.00
167.00
159.00
148.00
162.00
165.00
161.00
160.00
168.00
154.00
146.00
155.00
165.00
171.00
169.00
175.00
153.00
171.00
155.00
156.00
162.00
172.00
147.00
159.00
160.00
156.00
177.00
159.00
164.00
173.00
164.00
157.00
172.00
145.00
174.00
161.00
148.00
165.00
157.00
158.00
171.00
168.00
172.00
159.00
150.00
161.00
160.00
169.00
163.00
162.00
165.00
139.00
166.00
169.00
156.00
148.00
171.00
160.00
158.00
167.00
143.00
168.00
172.00
148.00
160.00
162.00
151.00
147.00
166.00
181.00
156.00
139.00
178.00
163.00
152.00
165.00
164.00
165.00
159.00
160.00
143.00
144.00
165.00
169.00
151.00
159.00
158.00
174.00
164.00
164.00
161.00
156.00
164.00
161.00
166.00
144.00
177.00
154.00
161.00
166.00
157.00
170.00
162.00
164.00
163.00
156.00
166.00
168.00
168.00
156.00
166.00
155.00
158.00
166.00
164.00
164.00
151.00
147.00
160.00
165.00
148.00
147.00
174.00
154.00
170.00
133.00
163.00
161.00
171.00
159.00
157.00
162.00
163.00
152.00
162.00
167.00
166.00
164.00
150.00
174.00
162.00
159.00
160.00
161.00
153.00
171.00
170.00
170.00
166.00
152.00
181.00
162.00
168.00
161.00
160.00
151.00
160.00
166.00
164.00
165.00
162.00
158.00
160.00
163.00
151.00
160.00
168.00
163.00
154.00
179.00
155.00
154.00
173.00
163.00
164.00
166.00
167.00
162.38
167.00
155.00
171.00
165.00
154.00
158.00
169.00
161.00
141.00
176.00
146.00
176.00
161.00
165.00
152.00
175.00
160.00
155.00
176.00
158.00
158.00
159.00
156.00
168.00
168.00
162.00
150.00
173.00
157.00
161.00
163.00
158.00
151.00
173.00
148.00
170.00
152.00
156.00
153.00
158.00
174.00
157.00
175.00
155.00
159.00
148.00
177.00
159.00
162.00
167.00
171.00
159.00
165.00
156.00
169.00
157.00
174.00
165.00
170.00
164.00
158.00
165.00
158.00
157.00
170.00
165.00
145.00
161.00
172.00
168.00
166.00
142.00
174.00
149.00
170.00
156.00
171.00
160.00
167.00
158.00
159.00
176.00
175.00
159.00
172.00
158.00
157.00
154.00
152.00
173.00
172.00
163.00
160.00
158.00
170.00
159.00
152.00
166.00
154.00
164.00
153.00
176.00
164.00
166.00
163.00
169.00
167.00
164.00
160.00
160.00
159.00
162.00
168.00
165.00
156.00
158.00
162.00
160.00
156.00
174.00
153.00
162.00
170.00
160.00
155.00
166.00
161.00
162.00
170.00
166.00
155.00
164.00
167.00
159.00
162.00
158.00
165.00
155.00
163.00
161.00
162.00
159.00
151.00
173.00
163.00
165.00
155.00
168.00
145.00
161.00
169.00
156.00
159.00
174.00
160.00
170.00
173.00
163.00
160.00
169.00
169.00
164.00
160.00
166.00
152.00
166.00
153.00
176.00
161.00
162.00
161.00
152.00
177.00
157.00
166.00
164.00
156.00
168.00
168.00
172.00
155.45
164.00
170.00
146.00
168.00
168.00
159.00
149.00
166.00
162.00
145.00
172.00
154.00
176.00
164.00
166.00
145.00
170.00
162.00
155.00
162.00
166.00
158.00
168.00
149.00
159.00
167.00
164.00
163.00
177.00
170.00
166.00
159.00
164.00
173.00
166.00
143.00
162.00
159.00
158.00
168.00
156.00
168.00
161.00
150.00
167.00
150.00
161.00
163.00
172.00
141.00
154.00
172.00
154.00
182.00
165.00
161.00
141.00
180.00
168.00
152.00
183.00
158.00
168.00
156.00
165.00
157.00
159.00
171.00
161.00
172.00
162.00
170.00
162.00
149.00
140.00
169.00
169.00
159.00
165.00
165.00
161.00
155.00
161.00
162.00
163.00
170.00
161.00
163.00
153.00
163.00
163.00
177.00
146.00
175.00
159.00
159.00
159.00
171.00
168.00
160.00
154.00
151.00
177.00
174.00
163.00
163.00
170.00
162.00
175.00
171.00
169.00
158.00
170.00
155.00
166.00
151.00
150.00
177.00
163.00
165.00
162.00
154.00
167.00
167.00
161.00
144.00
176.00
168.00
162.00
166.00
178.00
160.00
161.00
164.00
158.00
156.00
166.00
162.00
143.00
173.00
158.00
160.00
161.00
165.00
166.00
164.00
151.00
160.00
172.00
173.00
166.00
169.00
161.00
157.00
170.00
165.00
161.00
169.00
154.00
154.00
168.00
171.00
160.00
172.00
154.00
160.00
171.00
168.00
155.00
178.00
161.00
158.00
165.00
157.00
165.00
165.00
167.00
160.00
164.00
162.00
162.00
175.00
156.00
180.00
168.00
160.40
147.00
174.00
160.00
162.00
165.00
172.00
164.00
170.00
154.00
160.00
155.00
174.00
178.00
169.00
163.00
162.00
156.00
170.00
140.00
148.00
165.00
166.00
164.00
152.00
167.00
160.00
174.00
164.00
156.00
175.00
155.00
145.00
175.00
162.00
147.00
172.00
160.00
146.00
147.00
161.00
169.00
149.00
167.00
160.00
157.00
160.00
165.00
158.00
151.00
158.00
168.00
167.00
163.00
163.00
150.00
159.00
175.00
163.00
146.00
180.00
156.00
168.00
162.00
160.00
165.00
168.00
160.00
162.00
163.00
161.00
163.00
158.00
160.00
155.00
167.00
173.00
164.00
162.00
168.00
154.00
159.00
154.00
170.00
164.00
158.00
166.00
158.00
157.00
157.00
164.00
178.00
146.00
182.00
156.00
155.00
166.00
169.00
159.00
162.00
169.00
166.00
160.00
167.00
158.00
164.00
159.00
145.00
164.00
153.00
159.00
172.00
165.00
170.00
155.00
162.00
160.00
153.00
171.00
156.00
149.00
173.00
151.00
163.00
146.00
174.00
164.00
169.00
173.00
159.00
156.00
165.00
176.00
164.00
159.00
171.00
148.00
172.00
164.00
171.00
171.00
152.00
171.00
163.00
170.00
161.00
160.00
168.00
163.00
154.00
162.00
162.00
166.00
161.00
158.00
155.00
167.00
157.00
150.00
159.00
165.00
167.00
158.00
150.00
140.00
163.00
161.00
162.00
161.00
156.00
176.00
152.00
164.00
153.00
167.00
164.00
146.00
151.00
169.00
169.00
163.00
160.00
169.00
166.00
152.00
162.00
165.00
164.00
166.00
156.00
162.38
158.00
170.00
169.00
167.00
156.00
165.00
150.00
170.00
162.00
159.00
163.00
161.00
154.00
165.00
153.00
158.00
172.00
168.00
162.00
170.00
165.00
158.00
167.00
156.00
162.00
168.00
161.00
156.00
169.00
167.00
142.00
184.00
161.00
171.00
162.00
166.00
174.00
153.00
143.00
152.00
172.00
155.00
159.00
166.00
163.00
177.00
158.00
161.00
165.00
167.00
164.00
144.00
173.00
161.00
154.00
170.00
157.00
166.00
156.00
169.00
161.00
166.00
171.00
160.00
163.00
160.00
153.00
164.00
168.00
156.00
157.00
158.00
153.00
176.00
151.00
164.00
165.00
154.00
151.00
169.00
159.00
164.00
161.00
161.00
166.00
167.00
168.00
153.00
170.00
142.00
174.00
160.00
171.00
164.00
161.00
165.00
162.00
153.00
176.00
154.00
162.00
165.00
161.00
167.00
159.00
167.00
171.00
160.00
157.00
161.00
161.00
178.00
152.00
176.00
166.00
168.00
154.00
164.00
157.00
165.00
154.00
161.00
162.00
152.00
150.00
161.00
173.00
155.00
151.00
169.00
162.00
167.00
161.00
163.00
169.00
151.00
181.00
172.00
149.00
183.00
167.00
171.00
164.00
158.00
174.00
155.00
157.00
160.00
165.00
171.00
169.00
160.00
171.00
171.00
156.00
156.00
162.00
161.00
166.00
167.00
152.00
180.00
160.00
166.00
164.00
161.00
166.00
154.00
161.00
162.00
161.00
157.00
165.00
155.00
171.00
166.00
156.00
161.00
177.00
156.00
154.00
173.00
165.00
162.38
165.00
163.00
170.00
153.00
161.00
170.00
164.00
173.00
164.00
160.00
183.00
162.00
170.00
157.00
166.00
164.00
160.00
162.00
159.00
164.00
154.00
154.00
165.00
159.00
167.00
163.00
168.00
168.00
157.00
163.00
155.00
165.00
158.00
168.00
165.00
165.00
163.00
153.00
163.00
168.00
150.00
144.00
180.00
162.00
151.00
154.00
141.00
184.00
161.00
156.00
150.00
173.00
150.00
167.00
164.00
165.00
163.00
160.00
167.00
160.00
172.00
165.00
174.00
148.00
155.00
180.00
145.00
165.00
156.00
167.00
160.00
148.00
168.00
169.00
176.00
153.00
169.00
167.00
160.00
173.00
154.00
165.00
158.00
169.00
148.00
155.00
150.00
158.00
171.00
164.00
168.00
165.00
165.00
163.00
165.00
167.00
176.00
161.00
145.00
172.00
163.00
166.00
168.00
167.00
167.00
158.00
153.00
154.00
173.00
154.00
162.00
168.00
146.00
166.00
164.00
151.00
150.00
156.00
177.00
166.00
158.00
154.00
163.00
166.00
144.00
158.00
148.00
175.00
150.00
174.00
165.00
156.00
160.00
161.00
154.00
168.00
158.00
166.00
166.00
166.00
157.00
154.00
165.00
167.00
161.00
161.00
152.00
166.00
149.00
156.00
165.00
170.00
156.00
166.00
162.00
158.00
162.00
171.00
165.00
165.00
153.00
158.00
168.00
147.00
175.00
167.00
165.00
156.00
156.00
167.00
166.00
166.00
160.00
166.00
151.00
152.00
130.00
166.00
162.00
156.00
163.00
157.00
170.00
169.00
150.00
148.00
172.00
165.00
171.00
155.45
155.00
164.00
163.00
178.00
165.00
172.00
152.00
165.00
168.00
168.00
167.00
165.00
173.00
163.00
153.00
157.00
173.00
140.00
163.00
162.00
164.00
156.00
157.00
165.00
143.00
165.00
163.00
157.00
171.00
150.00
144.00
170.00
156.00
161.00
167.00
179.00
173.00
151.00
167.00
162.00
149.00
166.00
158.00
152.00
162.00
158.00
169.00
161.00
173.00
163.00
162.00
171.00
160.00
145.00
169.00
170.00
165.00
143.00
167.00
172.00
156.00
165.00
172.00
155.00
163.00
171.00
147.00
175.00
156.00
164.00
155.00
177.00
161.00
162.00
172.00
149.00
167.00
176.00
168.00
161.00
166.00
168.00
171.00
159.00
158.00
177.00
168.00
168.00
175.00
171.00
155.00
165.00
166.00
170.00
146.00
182.00
153.00
168.00
161.00
166.00
159.00
156.00
161.00
169.00
173.00
142.00
166.00
168.00
164.00
174.00
161.00
150.00
167.00
161.00
164.00
162.00
155.00
150.00
179.00
160.00
165.00
161.00
160.00
148.00
158.00
151.00
157.00
172.00
164.00
160.00
165.00
165.00
160.00
158.00
165.00
163.00
161.00
162.00
151.00
160.00
174.00
156.00
166.00
162.00
142.00
180.00
162.00
159.00
160.00
165.00
165.00
149.00
164.00
168.00
173.00
165.00
163.00
162.00
172.00
160.00
164.00
170.00
151.00
171.00
163.00
157.00
171.00
151.00
174.00
159.00
160.00
166.00
158.00
154.00
147.00
176.00
157.00
173.00
155.00
160.00
159.00
159.00
157.00
167.00
159.41
165.00
166.00
163.00
164.00
164.00
166.00
164.00
158.00
170.00
174.00
154.00
165.00
159.00
155.00
158.00
146.00
166.00
162.00
166.00
171.00
154.00
158.00
154.00
166.00
165.00
164.00
175.00
144.00
178.00
159.00
165.00
169.00
145.00
176.00
137.00
160.00
171.00
169.00
161.00
152.00
132.00
163.00
141.00
175.00
160.00
172.00
172.00
149.00
178.00
164.00
157.00
170.00
153.00
154.00
155.00
176.00
154.00
166.00
171.00
161.00
158.00
144.00
167.00
164.00
155.00
160.00
162.00
164.00
172.00
164.00
167.00
154.00
169.00
168.00
163.00
168.00
150.00
172.00
166.00
150.00
173.00
157.00
165.00
167.00
157.00
171.00
160.00
173.00
152.00
162.00
155.00
142.00
175.00
173.00
159.00
173.00
169.00
163.00
167.00
166.00
163.00
166.00
149.00
163.00
163.00
163.00
151.00
166.00
154.00
166.00
147.00
181.00
168.00
164.00
154.00
157.00
164.00
158.00
160.00
166.00
156.00
171.00
143.00
168.00
162.00
161.00
170.00
170.00
154.00
176.00
153.00
169.00
151.00
163.00
167.00
149.00
172.00
169.00
160.00
160.00
167.00
161.00
166.00
151.00
164.00
175.00
144.00
181.00
150.00
179.00
162.00
164.00
164.00
177.00
170.00
167.00
155.00
165.00
143.00
165.00
153.00
165.00
159.00
162.00
161.00
170.00
153.00
178.00
139.00
175.00
162.00
167.00
152.00
161.00
152.00
174.00
152.00
171.00
162.00
149.00
151.00
179.00
148.00
173.00
159.00
153.00
173.00
160.00
163.37
160.00
174.00
145.00
175.00
160.00
153.00
177.00
159.00
159.00
150.00
171.00
158.00
159.00
162.00
166.00
167.00
168.00
170.00
169.00
139.00
155.00
170.00
166.00
169.00
176.00
152.00
150.00
163.00
168.00
161.00
163.00
159.00
163.00
170.00
161.00
180.00
161.00
168.00
146.00
165.00
162.00
156.00
155.00
163.00
167.00
173.00
143.00
187.00
163.00
148.00
180.00
149.00
154.00
175.00
166.00
165.00
165.00
156.00
142.00
162.00
151.00
153.00
159.00
163.00
161.00
162.00
173.00
152.00
158.00
165.00
165.00
171.00
169.00
173.00
166.00
159.00
171.00
148.00
157.00
163.00
178.00
149.00
165.00
163.00
151.00
179.00
159.00
143.00
165.00
163.00
158.00
164.00
163.00
165.00
169.00
159.00
143.00
179.00
164.00
142.00
158.00
179.00
153.00
163.00
154.00
176.00
166.00
160.00
144.00
164.00
164.00
172.00
170.00
166.00
157.00
163.00
169.00
164.00
172.00
149.00
171.00
168.00
154.00
164.00
178.00
162.00
149.00
151.00
167.00
166.00
164.00
147.00
164.00
158.00
179.00
164.00
156.00
165.00
161.00
170.00
166.00
162.00
165.00
164.00
162.00
150.00
175.00
165.00
171.00
161.00
152.00
176.00
163.00
164.00
158.00
169.00
150.00
160.00
170.00
169.00
169.00
155.00
160.00
174.00
170.00
165.00
151.00
164.00
160.00
159.00
152.00
162.00
182.00
142.00
155.00
166.00
156.00
161.00
160.00
153.47
155.00
170.00
159.00
164.00
159.00
170.00
158.00
163.00
151.00
156.00
154.00
166.00
155.00
170.00
155.00
160.00
154.00
159.00
165.00
151.00
141.00
174.00
158.00
166.00
173.00
164.00
163.00
163.00
159.00
163.00
166.00
142.00
171.00
173.00
170.00
148.00
173.00
166.00
160.00
147.00
138.00
185.00
158.00
158.00
164.00
157.00
171.00
172.00
160.00
168.00
162.00
176.00
153.00
170.00
173.00
165.00
169.00
149.00
150.00
164.00
179.00
166.00
135.00
181.00
168.00
158.00
162.00
160.00
147.00
163.00
160.00
162.00
160.00
161.00
163.00
165.00
164.00
165.00
166.00
166.00
162.00
155.00
163.00
164.00
168.00
153.00
151.00
157.00
161.00
164.00
146.00
164.00
155.00
151.00
160.00
167.00
165.00
165.00
164.00
157.00
156.00
157.00
167.00
168.00
162.00
164.00
161.00
163.00
165.00
161.00
153.00
171.00
162.00
167.00
157.00
142.00
163.00
170.00
136.00
152.00
176.00
168.00
161.00
166.00
155.00
162.00
157.00
159.00
173.00
160.00
167.00
169.00
166.00
165.00
163.00
156.00
154.00
170.00
160.00
170.00
160.00
159.00
163.00
159.00
175.00
153.00
163.00
163.00
169.00
153.00
163.00
151.00
172.00
159.00
164.00
157.00
177.00
166.00
161.00
148.00
182.00
163.00
159.00
158.00
156.00
156.00
171.00
164.00
157.00
168.00
168.00
168.00
161.00
158.00
162.00
158.00
154.00
153.00
175.00
169.00
158.00
142.00
156.00
165.00
154.00
158.00
168.00
162.38
167.00
164.00
155.00
170.00
156.00
164.00
159.00
159.00
165.00
164.00
141.00
166.00
165.00
162.00
148.00
177.00
155.00
169.00
157.00
165.00
174.00
141.00
163.00
172.00
158.00
164.00
156.00
148.00
182.00
149.00
162.00
161.00
172.00
172.00
157.00
152.00
159.00
172.00
163.00
160.00
159.00
176.00
168.00
162.00
162.00
146.00
160.00
172.00
153.00
153.00
176.00
157.00
158.00
142.00
173.00
161.00
173.00
154.00
135.00
172.00
157.00
176.00
169.00
162.00
163.00
167.00
150.00
169.00
167.00
170.00
168.00
156.00
154.00
159.00
173.00
166.00
166.00
160.00
166.00
161.00
149.00
171.00
162.00
153.00
162.00
163.00
153.00
169.00
145.00
171.00
170.00
172.00
159.00
164.00
162.00
159.00
157.00
157.00
152.00
173.00
163.00
165.00
151.00
165.00
173.00
162.00
161.00
160.00
147.00
151.00
176.00
157.00
162.00
162.00
157.00
170.00
168.00
165.00
156.00
165.00
165.00
169.00
173.00
159.00
169.00
162.00
173.00
157.00
164.00
160.00
162.00
144.00
145.00
170.00
155.00
159.00
171.00
161.00
162.00
158.00
166.00
157.00
170.00
169.00
150.00
177.00
149.00
161.00
162.00
153.00
157.00
162.00
164.00
158.00
177.00
156.00
169.00
165.00
153.00
154.00
148.00
169.00
171.00
158.00
157.00
154.00
160.00
164.00
154.00
159.00
159.00
139.00
177.00
155.00
169.00
160.00
150.00
156.00
167.00
159.00
143.00
164.00
159.00
154.00
174.00
162.00
169.00
158.00
169.31
153.00
160.00
156.00
161.00
168.00
171.00
157.00
153.00
168.00
159.00
166.00
156.00
151.00
182.00
162.00
172.00
168.00
169.00
156.00
162.00
162.00
162.00
156.00
168.00
155.00
162.00
166.00
159.00
156.00
159.00
163.00
171.00
164.00
160.00
150.00
156.00
131.00
182.00
147.00
165.00
154.00
164.00
165.00
163.00
166.00
163.00
161.00
157.00
175.00
164.00
169.00
155.00
179.00
151.00
172.00
160.00
174.00
156.00
160.00
144.00
183.00
158.00
163.00
166.00
162.00
166.00
154.00
163.00
165.00
154.00
156.00
159.00
170.00
167.00
151.00
159.00
154.00
164.00
154.00
165.00
167.00
161.00
156.00
149.00
175.00
172.00
154.00
169.00
158.00
147.00
173.00
157.00
173.00
161.00
158.00
166.00
172.00
164.00
169.00
162.00
164.00
168.00
172.00
172.00
157.00
158.00
163.00
169.00
161.00
161.00
164.00
160.00
169.00
161.00
158.00
159.00
139.00
190.00
147.00
181.00
159.00
163.00
174.00
157.00
168.00
164.00
159.00
146.00
174.00
161.00
148.00
160.00
169.00
164.00
148.00
162.00
157.00
168.00
158.00
172.00
158.00
176.00
168.00
168.00
166.00
169.00
160.00
162.00
138.00
172.00
152.00
171.00
153.00
165.00
157.00
170.00
167.00
167.00
158.00
147.00
168.00
174.00
166.00
160.00
167.00
156.00
161.00
170.00
159.00
162.00
170.00
159.00
159.00
169.00
165.00
165.00
156.00
151.00
159.00
176.00
162.00
174.00
163.00
153.00
159.41
149.00
159.00
148.00
160.00
172.00
171.00
158.00
157.00
160.00
179.00
145.00
178.00
159.00
167.00
160.00
162.00
167.00
154.00
169.00
163.00
172.00
159.00
164.00
165.00
173.00
158.00
156.00
163.00
149.00
164.00
164.00
162.00
162.00
158.00
159.00
163.00
162.00
157.00
169.00
159.00
174.00
164.00
163.00
165.00
173.00
170.00
171.00
166.00
172.00
166.00
152.00
174.00
171.00
158.00
162.00
167.00
151.00
184.00
160.00
163.00
169.00
165.00
173.00
146.00
149.00
160.00
149.00
164.00
160.00
167.00
159.00
163.00
136.00
175.00
160.00
163.00
162.00
157.00
160.00
159.00
159.00
157.00
168.00
166.00
162.00
166.00
173.00
155.00
163.00
164.00
170.00
150.00
161.00
163.00
158.00
166.00
163.00
166.00
163.00
153.00
148.00
163.00
169.00
161.00
161.00
156.00
173.00
158.00
148.00
