0.32
72.62
94.50
93.79
94.03
94.32
94.60
94.11
94.14
94.03
94.54
94.54
93.99
93.99
94.39
94.64
94.21
94.02
94.11
94.35
94.71
93.99
94.12
94.20
94.49
94.32
93.97
94.18
94.48
94.59
94.07
93.88
94.07
94.54
94.01
93.75
94.12
94.22
93.95
93.67
94.23
94.42
93.94
93.96
94.49
94.21
94.02
93.91
93.89
94.38
94.01
93.78
93.96
94.32
94.26
95.02
94.82
94.85
95.26
95.06
94.71
94.90
95.15
94.61
94.95
94.72
95.11
95.11
94.88
95.14
95.53
95.94
95.95
95.04
95.43
95.56
95.91
95.84
95.60
95.54
95.86
95.91
95.62
95.45
95.63
95.88
95.12
95.66
95.62
96.24
96.15
95.09
94.85
94.54
95.02
95.01
94.57
94.67
94.66
95.21
94.80
94.60
94.93
94.95
95.04
94.71
94.46
95.12
95.11
94.65
92.99
93.73
94.11
93.59
93.32
93.41
93.89
94.45
94.79
94.20
94.83
95.24
95.14
94.49
94.43
94.50
94.85
93.43
93.75
93.47
93.88
93.93
93.21
93.53
93.67
94.39
95.31
94.77
94.25
94.30
94.14
93.57
93.58
94.08
94.29
94.45
93.07
94.15
94.43
94.75
94.23
94.16
94.26
94.03
93.95
93.96
93.72
93.33
94.04
94.48
94.23
93.67
94.23
94.36
94.02
93.84
94.29
94.27
94.07
94.14
93.88
94.35
94.29
93.82
94.15
94.09
94.25
94.28
93.97
93.99
94.29
94.14
94.29
93.82
93.89
94.46
94.24
94.14
93.84
94.18
94.41
94.03
93.89
94.48
95.78
95.73
95.11
94.91
95.95
96.05
95.80
94.60
94.47
94.95
95.01
93.70
93.52
94.19
93.89
93.73
93.89
93.73
93.93
93.86
94.55
94.17
94.80
94.85
90.89
94.54
94.73
94.67
95.02
94.46
94.78
95.18
95.38
95.28
93.56
94.25
94.44
94.83
93.35
93.75
93.98
94.39
94.62
94.00
93.91
94.66
94.27
94.78
94.43
94.51
94.75
95.00
94.49
94.65
94.86
94.78
94.24
93.84
93.90
93.79
94.15
93.54
93.55
93.98
93.99
93.74
93.82
93.52
94.14
93.69
94.43
94.13
94.05
94.80
93.88
93.73
94.10
94.16
94.39
94.16
93.79
94.04
94.34
94.39
93.88
93.84
94.08
94.58
94.81
95.32
95.43
95.80
95.84
95.42
94.19
93.70
94.19
93.82
93.30
93.49
94.12
94.04
93.32
93.36
94.32
94.30
94.95
94.68
93.97
94.20
94.32
94.11
93.98
94.27
94.53
94.13
93.07
92.36
93.31
93.34
93.99
95.01
95.25
95.27
94.99
94.97
95.04
95.21
95.34
95.05
94.76
95.25
95.27
94.32
94.06
94.52
94.95
95.25
94.73
94.03
93.79
94.46
94.24
94.33
94.56
94.70
94.41
94.08
94.01
93.46
94.10
94.00
93.87
93.91
94.22
94.29
93.11
95.08
95.64
95.81
95.55
95.37
95.43
94.11
94.25
93.55
93.64
94.23
94.16
94.09
93.72
93.71
94.27
94.40
93.74
95.18
95.40
95.62
95.50
94.90
95.09
95.12
95.38
95.04
94.11
94.36
94.24
93.91
93.87
93.98
94.29
94.36
94.46
94.95
95.55
95.57
95.41
95.10
95.38
94.16
95.61
95.60
95.53
95.62
95.84
95.61
95.62
95.69
95.84
95.77
93.59
93.83
94.14
94.18
94.05
93.54
94.28
95.42
94.65
94.51
94.79
94.97
94.89
94.96
94.54
94.85
95.30
95.21
94.79
94.80
95.09
95.55
95.09
95.34
95.23
95.59
95.45
95.07
95.24
95.51
95.55
95.11
95.27
95.46
95.29
95.32
95.19
95.23
94.65
95.02
94.68
94.46
94.88
94.90
95.59
95.46
93.92
94.66
94.64
94.30
94.35
94.41
94.70
94.38
94.40
94.14
94.01
94.77
94.18
94.41
94.79
94.76
94.79
94.57
94.50
94.93
94.68
94.65
94.38
92.10
95.38
95.20
93.62
93.93
94.55
94.44
94.27
93.95
94.24
94.72
94.17
94.18
94.10
94.61
94.45
94.25
94.82
94.96
95.02
94.95
93.86
94.68
95.20
95.16
94.80
94.89
94.92
95.05
95.10
94.69
93.87
94.20
93.93
93.59
93.48
94.22
94.09
93.88
93.54
94.39
94.72
94.75
94.50
94.36
94.02
94.76
94.19
94.34
94.18
94.84
94.54
92.45
93.75
94.09
94.09
93.80
93.77
93.70
94.05
94.32
93.57
93.69
93.91
94.26
93.64
93.47
93.89
94.25
94.04
94.36
94.53
95.09
94.97
94.05
94.03
94.45
94.70
94.80
94.47
94.27
94.64
94.76
94.29
94.02
93.88
94.12
94.15
93.86
93.96
93.97
93.74
94.00
94.35
94.84
94.53
94.87
94.24
94.29
94.68
94.89
94.50
94.41
94.36
94.91
93.91
93.94
93.96
93.99
94.11
94.14
93.84
93.59
94.21
94.32
92.73
93.63
93.98
94.38
93.96
93.64
93.96
94.09
94.20
93.82
93.70
93.92
94.41
94.04
93.57
93.91
94.18
94.72
94.76
94.86
94.24
95.21
94.97
94.69
94.89
95.02
95.09
94.85
94.59
95.05
95.16
94.77
94.89
94.68
94.47
94.00
93.55
93.96
94.58
94.35
93.95
93.96
93.79
93.89
95.21
94.61
94.86
95.04
94.98
95.13
94.62
94.76
95.22
95.08
94.68
94.75
94.76
95.33
95.00
93.83
94.57
94.73
94.89
94.20
94.37
94.64
94.89
94.36
93.79
93.98
94.04
93.77
93.86
94.12
94.52
94.91
94.52
94.23
94.21
94.84
94.02
94.27
94.15
94.49
94.59
94.29
94.24
94.07
94.74
94.48
94.32
93.95
94.48
93.15
94.41
94.20
94.18
94.68
94.62
94.06
94.19
94.32
94.59
94.38
94.07
94.35
94.42
94.58
93.98
94.00
94.55
94.48
94.32
93.66
93.95
94.64
94.51
94.10
94.09
94.25
94.77
94.27
94.14
94.12
94.13
94.54
94.18
94.34
94.54
94.80
94.46
94.36
94.27
94.75
94.59
94.02
94.17
94.31
94.74
94.39
93.73
94.20
94.65
94.48
94.26
93.83
94.66
93.84
94.43
93.94
94.07
94.76
94.52
94.00
94.01
94.50
94.48
94.46
94.06
93.93
94.57
94.45
94.28
94.07
94.38
94.67
94.22
94.29
94.18
94.68
94.46
94.28
94.16
94.43
94.58
94.32
94.13
92.52
94.00
93.88
93.34
93.16
93.84
94.00
93.65
93.58
94.72
94.82
94.77
94.58
93.67
93.59
93.82
93.78
94.62
94.63
94.89
95.01
93.77
93.17
93.77
94.06
93.18
93.49
93.36
94.12
94.08
93.49
93.45
93.95
93.78
95.34
93.41
93.98
94.21
93.49
93.89
93.92
93.91
94.54
95.20
95.05
93.67
94.33
94.71
95.15
95.04
95.19
95.32
94.93
93.70
95.11
95.41
95.27
95.07
94.26
95.19
95.43
95.31
94.85
93.98
94.23
94.47
93.79
93.76
94.37
94.33
94.39
93.65
93.97
94.48
94.29
93.86
93.93
94.14
94.36
94.14
93.77
94.05
94.92
93.96
94.02
93.88
94.09
94.56
93.88
93.90
94.12
94.25
94.50
93.69
93.76
94.45
93.35
94.03
93.89
94.00
94.45
94.30
93.63
93.98
94.30
94.30
94.08
94.07
95.27
95.47
95.32
94.91
95.14
95.48
95.42
94.95
95.13
95.28
95.29
95.20
94.57
93.86
94.23
94.26
94.07
95.22
95.16
95.16
94.75
93.79
93.87
94.50
94.20
94.00
93.88
94.07
94.50
94.02
93.70
94.10
94.13
95.44
95.09
94.79
95.43
95.35
95.15
94.98
95.01
95.39
95.19
95.12
95.11
95.32
95.28
95.25
95.13
94.34
93.98
94.20
94.96
95.08
94.95
94.29
94.40
95.09
95.20
95.42
95.24
95.05
94.97
94.96
94.29
93.32
93.99
94.23
94.46
95.08
95.19
95.19
95.30
95.31
95.19
95.13
94.39
93.25
94.29
94.53
95.02
95.50
94.35
93.88
94.01
94.24
94.70
95.09
95.13
95.18
95.25
95.14
95.12
95.18
95.31
95.29
95.23
95.14
95.14
95.33
95.36
95.15
94.97
95.37
95.43
95.05
94.96
95.32
95.44
95.19
94.86
95.23
95.41
94.19
94.10
95.18
95.34
95.27
95.23
93.70
94.84
95.40
95.39
94.84
95.18
95.38
95.43
95.02
95.18
95.20
95.36
94.05
93.99
94.61
94.79
94.61
94.65
94.31
94.94
94.86
94.82
94.25
94.81
95.05
94.75
94.57
94.30
95.02
94.97
94.61
94.39
94.72
95.07
94.61
94.67
94.10
94.90
94.70
94.07
94.35
94.58
94.61
94.82
94.44
94.59
94.52
94.78
94.61
94.40
94.75
94.70
94.84
94.25
94.71
94.41
94.14
94.48
94.41
94.89
94.89
94.81
94.34
94.72
94.97
94.97
94.48
94.44
94.92
94.82
94.84
94.23
94.85
94.52
94.81
94.52
90.66
94.39
94.53
93.96
94.84
94.80
95.36
94.53
94.39
94.43
94.59
94.81
93.93
93.68
94.05
93.99
93.89
93.85
95.03
95.50
95.02
94.85
94.81
93.18
93.64
93.34
93.22
93.31
93.88
93.81
93.21
93.02
94.01
93.99
93.49
95.48
95.50
95.80
95.80
95.25
95.54
95.69
95.79
95.60
95.55
95.50
95.87
95.69
95.45
95.60
95.82
94.83
94.50
94.40
94.16
94.06
94.43
94.93
94.68
95.04
95.08
94.62
94.86
95.00
94.91
93.98
94.17
94.20
94.50
94.54
94.11
94.20
94.27
93.68
94.25
93.99
94.35
94.34
94.48
94.10
93.70
94.56
94.34
94.33
93.98
94.16
94.56
94.25
94.23
94.03
94.47
94.45
94.08
94.15
94.24
94.55
94.28
94.73
94.58
94.99
94.58
94.78
94.56
94.93
95.08
94.73
94.77
94.69
94.98
94.45
93.46
94.06
94.54
94.50
94.40
94.10
94.30
94.73
94.32
94.34
94.11
94.64
93.72
94.29
94.10
94.14
94.79
94.50
94.13
93.96
94.74
94.54
94.32
94.05
94.28
94.69
94.46
94.12
94.05
94.80
94.44
93.93
93.62
94.36
94.79
94.34
94.38
94.22
94.35
94.03
93.25
93.52
93.76
93.88
93.57
92.89
94.53
94.63
94.76
94.09
93.26
95.04
94.96
94.64
94.51
93.58
95.03
94.78
94.46
94.28
94.67
94.96
94.56
94.37
94.65
94.92
94.64
94.48
94.34
95.07
94.99
94.19
95.97
96.25
96.40
94.29
93.84
94.58
95.30
95.23
94.74
94.71
95.10
94.61
94.00
94.16
94.08
94.32
94.58
94.95
94.91
95.47
95.36
94.96
94.95
95.18
95.33
95.07
94.47
94.44
94.90
94.83
94.61
94.56
95.12
95.33
94.87
94.77
94.88
94.64
95.62
93.37
93.59
94.26
94.22
93.05
93.43
94.23
93.82
93.68
93.11
93.23
93.75
93.82
93.33
95.07
95.12
95.56
95.61
95.09
94.97
95.52
95.59
95.28
94.93
95.24
95.21
95.02
95.00
95.29
95.50
94.80
94.81
94.96
94.77
95.53
95.32
93.95
94.04
94.22
94.18
93.91
93.75
93.94
94.38
93.85
93.70
94.02
94.21
95.54
95.21
94.75
95.00
94.92
94.87
94.11
94.61
95.30
95.11
95.09
93.21
94.55
94.62
94.13
94.14
94.50
94.65
94.83
94.80
94.05
94.44
94.36
93.94
94.22
94.21
94.51
94.16
94.28
94.72
94.76
94.53
94.71
94.77
95.14
94.95
94.96
94.96
94.79
95.14
95.14
94.39
94.50
94.58
94.82
94.41
94.58
94.53
94.77
95.04
95.17
95.46
95.66
95.63
95.20
95.08
95.59
95.62
95.36
95.22
95.31
95.20
95.06
94.62
94.89
95.05
94.99
94.88
94.79
94.44
95.36
94.47
94.75
94.70
95.55
95.48
95.13
95.03
95.07
95.26
94.81
95.00
95.24
95.23
95.28
94.19
95.17
94.93
95.49
95.07
95.00
94.93
94.89
94.70
94.76
94.62
95.07
93.88
94.22
93.99
94.61
94.49
94.02
94.26
94.45
94.99
94.17
94.47
94.29
95.05
94.91
94.43
94.40
94.66
94.96
94.57
94.36
94.09
94.63
94.79
94.12
94.30
95.41
95.45
95.16
94.88
95.29
95.40
95.30
94.98
95.12
95.41
95.37
95.03
95.11
95.23
95.09
95.31
95.08
94.37
94.91
94.45
94.64
94.26
94.88
94.69
94.19
94.34
94.66
94.71
94.75
93.85
94.39
94.60
94.88
94.38
93.96
94.43
94.79
94.56
94.46
93.14
95.16
95.24
94.86
94.61
94.72
95.26
94.85
94.79
95.13
95.14
95.25
95.04
94.89
95.27
95.34
95.14
94.80
95.30
95.27
95.16
94.92
95.11
95.23
95.11
95.15
95.06
95.05
95.29
95.22
94.27
94.60
95.06
94.80
95.22
95.75
95.73
95.76
95.02
94.54
95.11
95.70
95.62
95.28
95.29
95.54
95.71
95.40
95.40
95.59
95.57
94.85
94.64
94.64
95.06
94.88
93.82
95.31
95.70
95.77
95.14
94.31
94.58
94.45
94.87
94.37
94.56
95.14
95.14
94.58
94.73
94.83
95.18
94.84
94.58
94.88
95.11
94.96
94.75
94.47
95.14
95.09
94.71
94.74
94.74
95.12
95.29
95.17
95.30
95.82
95.18
94.62
94.93
95.05
94.57
94.67
94.24
94.63
94.43
94.96
94.55
94.55
94.87
94.71
94.71
94.30
94.80
94.76
94.78
93.60
94.15
95.04
95.19
94.91
94.63
95.14
95.17
94.82
94.89
94.86
95.03
95.18
94.73
94.73
95.16
94.94
95.11
94.72
94.59
94.84
94.28
94.69
94.74
95.30
95.63
94.28
94.55
94.90
95.27
95.07
93.84
93.87
94.29
94.00
93.89
93.56
94.04
94.12
94.47
94.09
93.93
94.37
94.16
94.10
94.08
94.03
94.34
94.00
93.99
94.25
94.04
94.09
94.17
94.07
94.30
94.14
94.27
95.04
95.49
95.60
94.98
95.27
95.37
95.50
95.29
95.13
95.27
95.56
95.46
95.11
95.22
95.48
95.19
95.06
94.94
95.13
94.50
94.37
93.97
94.09
94.23
94.39
94.18
94.58
94.77
95.08
94.09
94.37
94.23
94.52
94.77
94.43
94.31
94.90
94.32
94.43
94.33
94.51
94.56
94.85
94.27
95.42
95.74
95.71
95.37
95.26
95.64
95.75
95.54
95.30
94.32
95.28
95.14
95.06
94.86
94.50
94.80
94.42
95.57
95.79
95.78
95.77
95.44
95.59
95.90
95.67
95.68
95.52
95.88
95.71
95.46
94.39
94.19
94.45
93.94
95.73
95.77
95.80
95.92
95.74
95.52
95.89
95.93
95.47
93.42
93.53
93.70
93.49
93.30
93.32
93.92
93.77
93.22
93.33
93.24
94.80
94.36
94.50
94.37
94.90
94.17
94.94
94.68
95.13
95.26
94.85
94.09
94.38
94.69
95.14
94.81
95.20
95.21
95.07
94.95
94.43
94.82
95.46
95.18
94.97
95.26
95.42
95.21
94.68
93.52
94.82
95.07
94.48
94.61
94.78
94.59
94.35
93.99
94.34
94.34
94.50
94.11
94.04
93.92
94.55
94.96
94.76
94.78
94.86
94.77
94.95
94.80
94.70
94.73
94.34
94.39
94.06
93.96
93.59
93.40
93.28
95.62
95.41
95.04
95.09
95.49
95.93
95.80
94.49
94.84
94.81
94.73
94.72
94.51
94.48
94.23
94.28
94.25
94.55
93.63
95.16
95.31
95.33
95.43
95.22
94.90
95.33
95.23
95.36
95.14
95.06
95.16
95.35
95.15
95.02
95.12
95.37
95.28
94.90
95.12
95.37
94.63
94.50
94.28
94.88
94.21
94.00
93.99
95.12
95.44
94.39
93.66
94.65
94.78
94.88
94.65
94.49
94.86
94.75
94.90
94.33
94.71
94.80
95.52
95.10
94.95
95.30
95.28
95.00
95.04
94.37
95.30
95.15
94.79
94.97
95.13
94.41
94.28
94.09
94.48
94.91
94.88
94.00
94.57
94.78
94.78
94.08
93.67
94.08
93.28
94.36
94.27
94.40
94.59
94.39
94.74
94.77
94.69
94.92
95.48
95.43
95.84
95.86
95.39
95.54
95.78
95.94
95.68
95.50
95.14
95.41
95.33
95.02
94.88
95.39
95.39
94.91
95.04
95.30
95.38
94.86
95.10
95.27
95.32
95.16
94.45
94.46
94.76
94.80
94.42
94.11
94.31
94.39
94.19
94.02
94.35
94.35
94.27
94.15
94.38
94.46
94.73
94.31
94.42
94.47
94.69
94.45
94.36
94.43
94.67
94.56
94.35
94.32
94.50
94.68
94.31
94.35
93.44
94.80
94.90
94.41
94.71
94.93
94.83
94.68
94.13
94.98
94.82
94.77
94.36
94.59
94.23
94.77
94.58
94.51
94.84
94.68
94.68
94.45
94.81
94.43
94.83
94.56
94.76
94.82
94.28
95.08
95.00
95.25
95.35
95.08
94.81
95.27
95.43
95.11
94.82
95.25
95.31
94.68
94.32
94.48
94.63
94.86
94.73
94.82
94.62
95.16
94.94
94.27
94.21
94.44
94.28
94.12
93.80
94.41
94.62
94.05
94.38
94.35
94.64
94.23
94.16
94.33
94.42
94.86
95.30
95.20
95.47
95.50
95.30
94.52
95.29
96.21
96.07
94.25
93.38
93.52
93.46
93.34
93.42
93.66
93.59
93.30
93.27
93.39
93.62
93.52
93.31
93.36
93.52
93.49
93.17
94.80
94.71
94.51
94.14
94.09
94.26
94.50
94.36
94.19
94.12
94.58
94.35
94.27
93.64
94.24
94.54
94.04
94.17
94.42
94.59
94.58
94.17
94.40
94.39
94.81
94.14
94.41
94.40
94.75
94.33
94.39
94.23
94.68
94.41
94.35
94.18
94.64
94.59
94.37
94.20
94.42
95.30
95.53
95.44
93.95
94.34
94.06
93.73
93.98
94.06
93.98
94.07
93.90
94.60
95.62
95.53
94.59
94.96
94.94
94.94
94.86
94.66
95.09
94.98
94.73
94.85
94.88
94.98
95.01
94.61
94.95
95.02
94.85
94.91
94.73
95.00
94.56
94.22
94.98
94.96
95.33
95.21
94.89
94.31
94.91
95.08
94.01
95.14
95.39
95.44
95.17
95.03
92.71
95.49
95.25
94.94
95.30
95.44
95.39
93.74
94.46
94.34
94.02
94.20
93.95
94.00
93.89
94.51
94.37
94.38
94.55
94.55
94.31
94.21
94.75
94.71
94.36
94.98
94.19
95.15
95.08
94.71
95.05
95.09
94.96
94.90
94.93
94.90
94.39
94.80
94.94
95.04
94.95
95.11
94.94
94.77
95.18
95.08
94.68
94.99
95.04
95.00
95.06
94.74
94.15
94.29
94.46
94.08
94.17
94.43
94.37
94.29
94.11
94.46
94.30
94.37
94.21
94.18
94.10
94.25
94.22
94.17
94.44
94.51
94.00
94.28
94.32
94.49
94.28
94.10
94.33
94.32
95.21
94.94
94.82
94.07
94.82
94.55
94.71
94.54
94.93
94.45
94.54
93.99
94.89
94.69
94.39
94.39
94.68
94.78
94.48
94.51
94.62
94.86
94.52
94.55
94.42
94.90
94.37
94.59
94.48
93.54
93.99
93.75
93.94
94.01
93.91
93.88
93.99
93.82
93.90
94.44
95.61
95.56
95.69
95.57
95.60
95.66
94.38
94.78
94.71
94.91
95.29
94.42
94.73
94.39
93.86
93.99
94.24
93.89
93.75
94.09
94.12
93.85
93.66
93.68
93.90
94.01
93.75
93.75
93.71
94.09
93.83
93.57
93.73
94.06
93.83
93.69
93.23
94.10
93.93
93.69
93.84
93.91
93.82
93.69
93.90
93.83
93.82
93.79
93.93
93.78
93.70
93.87
93.86
94.28
94.46
94.56
94.84
94.88
95.02
94.61
95.28
95.08
94.98
94.32
95.30
95.09
94.90
95.25
95.25
95.11
94.97
95.21
95.24
95.14
93.91
94.04
93.55
94.25
94.08
93.97
94.31
94.21
94.07
94.14
93.96
94.32
94.13
93.95
94.15
94.16
94.20
94.25
93.94
93.66
94.91
94.70
94.58
94.67
94.68
94.88
94.46
94.66
94.68
94.81
94.65
94.58
94.71
94.68
94.82
94.47
94.69
94.77
94.79
94.62
94.50
94.84
94.63
94.77
94.55
94.57
95.23
94.98
94.98
95.07
95.19
95.10
94.41
94.73
94.94
94.74
94.93
94.78
94.71
94.96
94.79
94.70
94.21
95.08
95.10
94.71
94.96
95.00
94.40
94.74
94.41
94.73
94.62
94.58
94.75
94.75
94.93
94.45
95.44
95.48
95.59
95.52
95.29
95.38
95.56
94.95
94.08
95.23
95.12
95.02
95.32
95.14
94.80
95.23
95.33
94.38
93.96
93.99
94.48
94.96
94.70
94.49
94.14
94.37
94.05
94.25
94.34
94.30
94.20
94.06
94.41
94.25
94.28
94.13
94.14
95.20
95.48
95.23
95.20
95.44
95.39
95.31
95.25
95.27
95.52
95.35
95.24
95.34
95.76
95.84
94.59
94.55
94.48
94.89
95.03
94.91
94.98
95.14
94.95
94.80
95.13
95.11
94.87
95.00
94.98
95.01
95.16
94.94
93.88
94.04
94.16
94.08
93.80
94.24
94.07
93.94
94.17
94.01
94.16
94.12
94.00
94.10
93.91
94.04
93.55
94.38
94.66
95.09
95.44
93.73
94.29
95.10
94.88
95.51
94.54
95.49
95.45
94.01
94.38
94.75
94.45
94.64
94.00
94.06
93.61
93.70
93.73
92.82
93.15
94.60
94.32
94.33
94.48
94.75
94.48
94.73
94.50
94.37
94.46
94.76
94.54
94.77
94.54
94.75
94.63
94.64
93.84
94.55
94.23
94.91
93.78
94.24
94.08
93.98
94.48
94.11
94.23
94.11
94.11
94.35
94.07
94.19
94.12
94.16
94.32
94.02
94.35
94.06
93.72
93.97
93.71
94.10
94.19
93.84
94.53
94.49
94.65
94.51
95.01
95.13
95.04
95.05
94.96
94.99
95.07
95.12
94.88
94.94
94.37
94.42
94.61
94.25
94.71
94.43
94.59
94.32
94.53
94.51
94.61
94.29
94.34
95.05
94.49
94.82
95.05
94.97
94.91
95.02
94.85
94.91
95.07
94.21
94.19
94.43
94.72
94.49
94.63
94.28
94.74
94.48
94.11
93.23
93.65
93.77
94.96
94.46
94.46
94.25
94.56
94.20
94.46
94.52
94.50
94.46
94.48
94.48
94.61
94.42
94.52
94.45
94.60
94.32
93.98
94.02
94.31
94.21
94.43
95.38
95.59
95.60
95.37
95.34
95.50
95.64
94.24
94.45
94.30
95.22
95.42
95.42
95.07
94.29
94.33
94.29
93.98
94.40
94.23
94.28
94.15
94.07
94.47
94.19
94.29
94.05
94.21
94.36
94.14
94.39
94.11
94.25
94.24
94.23
94.84
94.72
94.79
94.87
94.68
94.90
94.47
94.57
94.57
94.48
94.12
94.52
94.50
94.54
94.52
94.56
93.83
94.50
94.46
93.46
94.39
95.03
95.43
95.41
95.35
94.86
94.18
94.25
94.17
94.11
94.29
94.46
95.32
95.26
95.17
95.38
95.34
95.24
95.22
94.83
95.19
95.16
95.20
94.52
94.86
94.97
95.02
94.95
95.12
95.08
94.16
95.45
95.44
95.36
95.34
95.42
95.04
94.67
94.80
94.79
94.54
94.81
94.45
94.98
94.85
94.89
94.96
94.81
94.98
94.93
94.79
95.08
94.92
94.81
94.97
94.95
94.91
94.79
95.17
94.95
95.21
94.44
95.01
94.84
94.62
94.38
94.15
94.19
94.17
94.33
93.92
94.25
94.32
94.13
94.36
94.10
94.35
94.21
94.22
94.28
93.88
94.37
94.21
94.12
94.32
94.19
94.64
94.84
95.09
95.09
95.03
95.07
95.06
95.04
95.02
95.09
94.82
95.32
95.45
95.32
95.30
95.28
95.38
94.95
94.42
95.32
95.37
95.26
95.15
95.35
95.27
95.32
95.08
95.35
95.29
94.30
95.33
95.32
95.25
95.17
95.35
95.32
95.23
94.36
94.59
94.37
94.52
94.51
94.63
94.11
94.62
94.59
94.69
94.51
94.68
94.42
94.55
95.12
95.40
95.28
95.07
95.83
95.49
95.25
95.03
95.07
94.89
95.01
94.93
95.02
94.97
94.92
94.88
95.14
93.98
94.13
94.25
94.15
94.32
94.14
93.92
94.37
93.66
93.61
94.15
94.57
94.31
94.54
94.18
93.99
94.07
93.91
94.15
94.00
93.85
94.39
94.25
94.87
94.81
95.04
94.73
94.89
94.88
94.59
95.29
93.20
94.80
95.42
95.33
95.20
95.11
94.77
94.79
94.83
94.90
94.79
94.98
94.77
94.76
94.88
94.72
95.01
94.82
94.76
94.94
94.73
94.91
94.87
94.73
94.97
94.28
94.83
94.68
94.72
94.79
94.56
94.77
94.59
94.87
94.63
94.68
94.76
93.81
95.36
94.52
95.37
95.48
95.48
95.44
94.48
94.53
94.59
94.61
94.54
95.76
95.75
95.88
95.93
96.04
95.99
95.41
94.44
94.78
94.77
94.58
94.23
94.76
94.70
94.61
94.66
94.28
94.82
94.46
93.02
95.19
95.11
94.97
95.10
94.95
95.08
94.85
93.54
94.66
94.44
94.37
93.91
94.25
94.51
94.44
94.46
93.98
94.34
94.50
94.35
94.39
93.26
94.23
93.96
93.77
93.73
94.53
94.55
94.35
94.31
94.55
94.51
94.39
94.30
94.55
94.49
94.32
94.25
94.58
94.42
94.64
94.23
94.57
94.40
94.64
94.27
94.50
94.47
94.65
94.18
94.41
94.45
94.28
94.51
94.27
94.60
94.86
95.29
95.35
95.39
95.43
94.71
94.21
94.25
94.57
95.30
95.21
95.30
95.40
95.27
95.15
95.12
95.43
95.36
95.13
95.29
95.38
95.38
95.11
95.36
95.39
95.36
95.09
95.22
95.38
95.39
95.09
95.29
95.30
95.45
95.27
94.72
94.74
94.66
94.93
94.55
94.76
94.80
94.77
94.72
94.52
94.84
95.00
95.54
95.44
95.58
95.63
95.61
94.31
94.73
94.55
94.70
94.32
94.17
94.39
94.69
93.95
94.98
95.10
95.27
95.15
94.41
94.38
95.45
95.51
95.36
95.54
95.63
95.12
94.17
94.11
94.66
94.70
94.54
94.63
94.62
94.88
94.40
94.79
94.68
94.79
94.52
94.58
94.50
94.34
94.30
94.31
94.17
94.56
94.27
94.39
93.93
94.19
93.95
95.01
94.95
95.12
95.46
95.30
95.23
95.26
95.38
95.39
95.23
94.23
94.46
93.96
94.16
94.10
94.18
94.41
93.91
93.44
95.80
95.73
95.65
95.59
95.74
95.80
95.73
95.70
95.64
95.73
95.57
95.16
94.77
94.82
94.66
94.81
94.22
95.27
95.40
95.38
93.96
94.60
94.34
94.33
94.36
94.44
93.95
94.04
94.22
94.24
94.27
94.27
94.41
94.43
95.40
95.18
95.38
95.45
94.84
94.93
95.14
95.05
95.04
94.89
95.07
94.89
95.23
95.24
93.98
95.04
94.53
95.47
95.36
94.64
95.34
95.45
95.36
94.17
94.57
94.33
95.17
94.88
94.96
95.20
94.50
93.97
94.22
94.23
94.74
94.71
94.70
94.76
94.97
93.78
93.75
93.98
94.11
93.81
94.85
94.70
94.23
94.71
94.77
94.67
94.85
95.00
94.46
94.81
94.61
94.94
94.76
94.46
95.07
94.70
94.90
94.62
95.30
94.75
93.91
93.43
94.34
94.33
94.59
94.01
94.29
96.00
95.98
95.87
94.52
94.65
94.89
94.64
93.90
93.80
94.45
93.05
95.20
94.64
94.56
94.55
94.80
94.59
94.50
94.85
94.59
94.70
93.77
94.82
95.32
94.75
95.00
94.85
94.77
94.03
94.09
94.29
94.20
93.91
94.25
94.23
94.15
94.17
93.95
94.23
94.21
93.97
94.18
94.14
94.21
93.71
94.48
94.93
95.03
94.65
94.77
93.91
94.86
94.50
94.61
94.45
94.89
94.78
95.24
95.28
95.62
95.63
95.13
95.35
95.50
95.50
95.22
95.15
95.57
95.61
94.95
94.61
95.02
95.10
94.68
94.84
94.80
95.81
95.80
95.50
95.55
95.77
95.69
95.37
94.12
94.58
94.68
94.34
94.42
93.96
94.61
94.18
94.29
94.27
94.56
94.30
94.13
94.30
94.27
94.26
94.29
94.76
94.69
95.00
94.44
94.81
94.82
94.38
94.97
94.72
95.07
95.13
94.72
94.95
94.82
94.63
93.55
93.40
93.61
93.75
93.68
93.38
93.38
93.79
95.39
95.06
95.23
95.32
95.32
95.11
95.23
95.25
95.30
95.21
95.23
95.21
95.01
95.48
95.44
93.70
94.19
94.43
94.03
94.04
94.45
94.26
93.70
94.06
94.29
94.38
94.09
93.72
94.21
94.21
94.93
94.62
94.78
95.03
94.70
94.84
94.48
95.24
95.13
94.80
95.00
95.14
94.96
95.05
94.99
95.09
94.35
94.50
94.24
94.65
93.79
94.49
94.20
94.39
94.59
94.39
94.32
94.22
94.69
94.54
94.19
94.19
94.70
94.07
94.18
94.07
93.68
94.29
94.03
94.14
93.98
93.93
95.15
94.88
94.79
95.09
94.97
94.79
94.97
95.02
95.03
94.82
94.94
94.21
95.31
95.07
94.88
95.24
95.30
95.00
94.80
94.81
95.11
95.05
95.02
94.79
95.22
94.92
95.05
95.12
94.86
95.26
94.47
93.36
93.66
93.54
90.93
94.34
94.67
94.58
94.15
94.35
94.57
95.22
94.98
94.61
95.05
94.80
94.74
94.90
94.52
95.24
95.32
95.22
95.18
95.09
95.43
95.14
95.04
95.36
95.15
95.15
93.81
93.85
95.27
95.15
95.23
95.36
94.59
94.09
94.63
94.96
94.88
94.85
94.63
94.75
95.11
94.74
94.75
94.81
94.85
94.83
95.22
94.75
95.23
94.39
94.46
94.26
94.08
94.22
94.13
94.01
94.20
94.54
93.95
94.04
94.25
94.22
94.21
94.00
94.10
94.61
94.29
94.40
94.29
94.35
94.46
93.94
94.59
94.56
94.53
94.51
94.63
94.93
94.73
94.55
94.52
94.92
94.75
94.70
94.70
94.65
94.94
94.63
94.74
94.58
95.39
96.02
95.80
95.89
96.02
96.04
95.84
95.83
96.14
96.01
95.79
95.86
96.12
96.06
95.76
95.87
96.13
92.16
93.54
94.62
94.92
95.15
94.89
94.68
95.00
95.09
94.74
