write_job: (g=0): rw=write, bs=4K-4K/4K-4K/4K-4K, ioengine=libaio, iodepth=32
fio-2.1.10
Starting 1 process

write_job: (groupid=0, jobs=1): err= 0: pid=3496: Fri Sep 18 08:18:29 2015
  write: io=323576MB, bw=92039KB/s, iops=23009, runt=3600002msec
    slat (usec): min=1, max=298, avg= 6.05, stdev= 1.16
    clat (usec): min=319, max=24486, avg=1383.02, stdev=307.99
     lat (usec): min=329, max=24492, avg=1389.30, stdev=307.96
    clat percentiles (usec):
     |  1.00th=[ 1064],  5.00th=[ 1096], 10.00th=[ 1144], 20.00th=[ 1176],
     | 30.00th=[ 1224], 40.00th=[ 1320], 50.00th=[ 1384], 60.00th=[ 1384],
     | 70.00th=[ 1400], 80.00th=[ 1448], 90.00th=[ 1576], 95.00th=[ 2096],
     | 99.00th=[ 2352], 99.50th=[ 2416], 99.90th=[ 2768], 99.95th=[ 3504],
     | 99.99th=[10048]
    bw (KB  /s): min=80536, max=94896, per=100.00%, avg=92047.18, stdev=1521.42
    lat (usec) : 500=0.01%, 750=0.01%, 1000=0.01%
    lat (msec) : 2=93.55%, 4=6.40%, 10=0.03%, 20=0.01%, 50=0.01%
  cpu          : usr=10.98%, sys=30.57%, ctx=82822380, majf=0, minf=27
  IO depths    : 1=0.1%, 2=0.1%, 4=0.1%, 8=0.1%, 16=0.1%, 32=100.0%, >=64=0.0%
     submit    : 0=0.0%, 4=100.0%, 8=0.0%, 16=0.0%, 32=0.0%, 64=0.0%, >=64=0.0%
     complete  : 0=0.0%, 4=100.0%, 8=0.0%, 16=0.0%, 32=0.1%, 64=0.0%, >=64=0.0%
     issued    : total=r=0/w=82835548/d=0, short=r=0/w=0/d=0
     latency   : target=0, window=0, percentile=100.00%, depth=32

Run status group 0 (all jobs):
  WRITE: io=323576MB, aggrb=92039KB/s, minb=92039KB/s, maxb=92039KB/s, mint=3600002msec, maxt=3600002msec

Disk stats (read/write):
  sdd: ios=75/82834088, merge=0/0, ticks=36/113563980, in_queue=113582372, util=100.00%
