0.00
156.25
179.75
187.75
177.12
189.75
178.38
186.38
181.88
182.50
185.62
178.88
189.25
177.12
188.38
179.88
184.75
182.62
183.12
180.38
186.12
177.25
188.75
179.25
185.25
182.88
181.75
186.62
177.88
190.25
177.12
187.25
180.75
183.75
184.50
180.12
188.12
177.12
189.50
178.62
185.75
182.25
182.50
185.88
178.50
189.62
177.12
187.88
180.12
184.38
183.88
180.75
187.50
177.00
190.25
178.00
186.38
181.62
183.12
185.25
179.12
189.00
177.12
188.62
179.50
184.88
183.25
181.50
186.75
177.62
190.25
177.38
187.00
181.00
183.75
184.62
179.75
188.38
177.12
189.25
178.88
185.50
182.62
182.12
186.12
178.25
189.88
177.12
187.62
180.50
184.25
184.00
180.38
187.75
177.12
189.88
178.25
186.12
182.00
182.75
185.50
178.88
189.25
177.12
188.38
179.75
184.88
183.38
181.12
187.00
177.38
190.25
177.62
186.75
179.58
183.38
184.88
179.50
188.62
177.12
189.00
179.12
185.50
182.88
181.62
186.38
178.00
190.12
177.12
187.50
180.62
184.00
184.25
180.12
188.00
177.12
189.62
178.50
186.12
182.25
182.25
185.75
178.38
187.88
175.50
186.38
178.50
182.75
182.25
178.75
186.12
175.50
188.00
176.75
184.50
180.62
180.50
184.25
176.75
188.12
175.50
186.00
178.75
182.50
182.62
178.50
186.25
175.50
187.88
177.00
184.12
180.88
180.25
184.50
176.50
188.38
175.50
185.88
179.00
182.25
182.75
178.25
186.50
175.50
187.62
177.25
183.88
181.12
180.00
184.88
176.25
188.62
175.38
185.62
179.25
182.00
183.00
178.00
186.88
175.50
187.25
177.50
183.75
181.38
179.75
185.00
176.00
188.62
175.75
185.25
179.50
181.75
183.38
177.75
187.00
175.50
187.12
177.75
183.38
181.62
179.50
185.38
175.62
188.62
176.00
185.12
179.75
181.50
183.50
177.50
187.38
175.50
186.75
178.00
183.12
181.88
179.38
185.50
175.50
188.62
176.12
184.88
180.00
181.25
183.75
177.38
187.50
175.50
186.62
178.25
182.75
182.25
179.00
185.75
175.25
188.62
176.50
184.50
180.25
181.12
184.00
177.00
179.38
175.50
187.88
176.88
184.12
180.75
180.38
184.62
176.50
188.38
175.50
185.75
179.00
182.12
182.75
178.50
186.50
175.50
187.62
177.25
183.75
181.00
178.34
184.88
176.25
187.75
174.38
184.62
178.25
180.62
182.38
176.75
186.38
174.25
186.00
177.00
182.00
180.88
178.00
185.25
174.25
187.38
175.50
183.50
179.50
179.38
183.50
175.62
187.50
174.38
184.75
178.12
180.88
182.12
176.75
186.38
174.25
186.25
176.62
182.25
180.75
178.25
184.62
174.50
187.75
175.25
183.62
179.25
179.62
183.38
175.62
187.50
174.25
185.12
177.88
181.00
181.88
177.12
185.88
174.25
186.75
176.38
182.50
180.50
178.38
184.50
174.50
187.88
175.00
184.00
179.00
179.88
183.00
175.88
187.12
174.25
185.62
177.50
181.38
181.38
177.38
185.62
174.25
186.88
176.25
182.75
180.12
178.88
184.12
174.75
187.75
174.62
184.50
178.75
180.12
182.75
176.25
186.75
174.25
185.75
177.38
181.62
181.38
177.62
185.25
174.25
187.12
175.88
183.25
179.88
179.12
183.88
175.00
187.75
174.38
184.50
178.62
180.50
182.50
176.50
186.38
174.38
185.88
177.00
182.12
181.00
178.00
185.00
174.25
187.38
175.50
183.38
179.75
179.38
183.62
175.38
187.62
174.25
184.75
178.12
181.00
182.25
176.62
186.25
174.25
186.25
176.75
182.12
180.88
177.12
182.38
176.00
184.12
177.00
181.50
179.38
179.25
181.75
176.62
184.12
176.38
182.00
178.88
179.62
181.25
177.38
183.62
176.25
182.62
178.25
180.25
180.50
176.36
183.00
176.25
183.25
177.62
180.75
180.00
178.50
182.38
176.25
184.12
176.25
181.50
179.00
179.38
181.50
177.00
183.75
176.38
182.38
178.62
180.00
180.88
177.62
183.12
176.38
183.00
177.75
180.88
180.25
178.12
182.62
176.38
183.50
177.25
181.25
179.75
178.88
182.00
176.38
184.12
176.62
181.88
179.00
179.62
181.38
177.00
183.88
176.25
182.38
178.50
180.00
181.00
177.62
183.25
176.25
183.00
177.88
180.50
180.25
178.50
182.50
176.38
183.62
177.25
181.12
179.62
178.88
182.12
176.50
184.12
176.62
181.75
177.88
180.88
180.12
178.25
182.62
176.25
183.62
177.25
181.38
179.62
178.88
182.00
176.38
184.12
176.62
181.75
179.12
179.62
181.25
177.12
183.75
176.38
182.38
178.38
180.25
180.75
177.75
183.12
176.38
183.00
177.75
180.62
180.25
178.50
182.50
176.25
183.75
177.12
181.25
179.50
179.12
182.00
176.50
184.12
176.50
181.88
178.88
179.50
181.38
178.00
187.62
171.50
185.38
175.88
180.12
181.00
175.00
186.50
171.38
186.88
174.38
181.50
179.75
176.25
185.00
171.50
188.25
173.12
182.88
178.38
177.50
183.75
172.38
188.62
171.88
184.12
177.12
178.88
182.38
173.50
187.75
171.38
185.75
175.75
180.12
181.12
174.88
186.38
171.38
186.88
174.62
181.50
179.75
176.12
185.12
171.38
188.12
171.41
183.00
178.38
177.62
183.62
172.25
188.62
171.75
184.38
177.12
178.88
182.38
173.62
187.62
171.38
185.50
175.75
180.50
181.00
175.00
186.25
171.38
186.88
174.38
181.62
179.88
176.25
185.00
171.38
188.25
173.00
182.88
178.38
177.88
183.62
172.25
188.62
171.75
184.25
176.88
179.12
182.38
173.75
187.50
171.38
185.62
175.62
180.38
180.88
175.25
186.25
171.38
187.00
174.25
181.62
179.62
176.38
185.12
171.38
188.25
173.00
183.00
178.25
177.62
182.25
172.12
177.38
178.50
182.75
173.25
188.00
171.38
185.25
176.25
179.88
181.38
174.50
186.75
171.38
186.50
174.75
181.38
180.00
176.00
185.25
171.50
187.75
173.38
182.75
178.75
177.25
184.00
172.00
188.62
172.00
183.88
177.38
176.75
179.25
171.75
183.50
170.50
180.75
174.50
176.75
178.75
172.50
182.75
170.50
181.50
173.75
177.25
178.00
173.38
182.12
170.50
182.12
173.12
178.00
177.25
173.88
181.62
170.50
182.75
172.50
178.62
176.62
174.38
180.88
170.62
183.62
171.75
179.25
159.00
173.88
181.50
170.50
182.75
172.50
178.50
176.75
174.62
180.88
170.50
183.38
171.88
179.25
176.00
175.00
180.38
171.00
183.62
171.25
179.88
175.38
175.75
179.50
171.75
183.75
170.50
180.50
174.75
176.38
178.88
172.12
183.25
170.62
181.12
174.12
177.00
178.25
172.88
182.38
170.62
182.00
171.78
177.50
177.62
173.50
181.75
170.62
182.38
173.00
178.38
177.00
174.00
181.12
170.62
183.00
172.25
179.12
176.38
174.62
180.62
170.50
183.62
171.62
179.50
175.88
175.50
179.88
171.12
183.75
170.88
180.12
175.12
176.25
179.25
171.75
183.50
170.50
180.88
174.38
176.62
178.75
172.62
182.75
170.50
181.50
173.75
177.25
178.00
173.38
181.62
170.00
182.12
169.25
175.88
174.88
170.25
181.50
168.25
182.62
172.50
178.50
176.75
174.38
180.88
170.38
183.75
171.88
179.25
176.00
173.50
177.25
170.62
179.62
171.25
176.88
174.00
173.75
177.12
170.75
179.62
171.00
177.00
174.00
173.88
176.88
171.00
179.50
170.88
177.00
173.88
174.25
176.62
171.25
179.50
170.62
177.25
173.62
174.50
176.50
171.38
179.38
170.62
177.38
173.38
174.50
176.38
171.62
179.25
170.62
177.62
173.12
174.75
176.12
171.88
179.12
170.50
177.88
173.00
174.88
175.88
171.88
179.00
170.62
178.12
172.75
175.12
175.75
172.00
178.75
170.62
178.38
172.62
175.12
175.62
172.25
178.50
170.62
178.38
172.50
175.50
175.50
172.38
178.38
170.50
178.62
172.25
175.75
175.25
172.62
178.12
170.62
178.62
172.12
175.75
175.12
173.00
178.00
170.50
178.88
172.00
175.88
174.88
173.25
177.75
170.62
179.00
171.75
176.12
174.62
173.25
177.62
170.62
179.38
171.50
176.38
174.50
171.66
177.38
170.62
179.62
171.38
176.50
174.25
173.62
177.12
170.62
179.62
171.38
176.75
174.12
173.62
177.12
170.75
179.62
171.00
177.12
173.88
173.88
176.88
171.00
179.62
170.75
177.12
173.88
174.12
176.75
171.12
179.62
170.62
177.25
173.50
174.50
176.50
171.38
179.38
170.62
179.38
171.75
173.88
176.75
169.25
181.38
167.25
179.00
171.50
174.25
176.25
169.62
181.12
167.25
179.38
171.12
174.50
176.00
169.75
180.88
167.38
179.62
171.00
174.75
175.62
170.00
180.50
167.38
180.12
170.62
175.00
175.50
170.25
180.25
167.25
180.25
170.38
175.50
175.12
170.50
180.00
167.25
180.50
170.00
175.88
174.88
170.88
179.62
167.25
180.88
169.62
176.00
174.62
171.25
179.38
167.25
181.12
169.38
176.25
174.25
171.75
179.00
167.25
181.50
169.00
176.62
173.88
171.75
178.88
167.38
181.75
168.75
177.00
173.50
172.12
178.38
167.50
182.12
168.38
177.25
173.25
172.38
178.12
167.62
182.00
168.38
177.62
172.88
172.75
177.75
167.88
182.12
167.88
178.00
172.75
172.88
177.62
168.12
182.00
167.62
178.12
172.50
173.38
177.25
168.38
182.12
167.25
178.38
172.12
173.75
177.00
168.75
181.75
167.25
178.75
171.75
173.88
176.75
169.12
181.50
167.25
179.00
171.50
174.12
176.38
169.62
181.12
167.25
179.38
171.12
174.50
176.00
169.62
181.00
165.72
179.62
170.88
174.75
175.75
170.00
180.50
167.25
180.25
170.50
174.25
174.50
169.88
178.75
167.25
178.75
170.12
174.50
174.25
170.25
178.50
167.25
179.00
169.75
174.88
174.00
170.38
178.25
167.38
179.25
169.38
175.00
173.88
170.75
178.00
167.25
179.62
169.12
175.25
173.38
171.25
177.75
167.25
179.75
168.88
175.62
173.12
171.25
177.50
167.38
180.12
168.62
175.75
172.88
171.50
177.25
167.38
180.50
168.25
176.12
172.62
171.75
176.88
167.50
180.50
168.12
176.50
172.25
172.12
176.62
167.75
180.38
167.88
176.75
172.12
172.38
176.38
168.00
180.38
167.50
176.88
172.00
172.62
176.12
168.25
180.50
167.25
177.12
171.50
173.12
175.88
168.50
180.12
167.38
177.38
171.25
173.12
175.62
169.00
179.88
167.25
177.62
171.12
173.38
175.25
169.38
179.50
167.38
177.88
170.75
173.62
175.12
169.38
179.38
167.38
178.25
170.50
173.88
174.75
169.62
179.12
167.25
178.75
170.12
174.25
174.50
169.88
178.75
167.38
178.62
170.12
174.62
174.12
170.25
178.50
167.25
179.00
169.75
174.88
174.00
170.50
178.12
167.38
179.25
169.38
175.00
173.88
170.75
178.00
167.25
179.62
169.12
175.25
173.38
170.25
174.88
166.12
176.50
167.62
172.75
171.25
169.00
175.12
166.12
176.50
167.62
172.75
171.38
168.88
175.12
166.12
174.75
167.75
172.62
171.50
168.88
175.12
166.12
176.12
168.00
172.62
171.62
168.75
175.25
166.12
176.12
167.88
172.62
171.75
168.62
175.38
166.12
176.00
168.00
172.38
171.88
168.62
175.50
166.12
175.88
168.12
172.25
171.88
168.62
175.62
166.12
175.75
168.25
172.12
172.00
168.38
175.75
166.12
175.88
168.25
172.00
172.12
168.25
175.75
166.12
175.88
168.38
171.88
172.12
168.25
175.88
166.00
175.62
168.62
172.00
172.12
168.12
176.00
166.00
175.50
168.62
172.00
172.25
168.12
176.00
166.00
175.38
168.75
171.62
172.50
168.12
176.12
166.00
175.38
168.75
171.50
172.50
168.12
176.25
166.00
175.25
168.88
171.50
172.50
167.75
176.38
166.12
175.25
169.00
171.38
172.62
167.62
176.50
166.00
175.25
169.12
171.25
172.75
167.62
176.50
166.00
174.88
169.38
171.25
172.88
167.50
176.50
166.12
174.88
169.25
171.25
173.00
167.38
176.62
166.12
174.75
169.25
171.12
173.12
167.38
176.75
166.12
174.62
169.38
169.75
170.50
164.25
174.62
162.75
171.75
166.75
167.62
170.88
163.62
174.62
163.25
171.38
167.25
167.25
171.38
163.00
174.62
163.62
171.12
167.62
166.75
171.88
162.62
174.62
164.00
170.38
168.25
166.50
172.25
162.75
174.12
164.38
170.00
168.62
166.00
172.75
162.75
173.62
164.88
169.62
169.00
165.38
171.53
162.75
173.38
165.25
169.12
169.50
165.00
173.50
162.75
173.00
165.75
168.75
169.88
164.50
174.00
162.75
172.38
166.38
168.25
170.38
164.12
174.38
162.75
171.88
166.75
168.00
170.75
163.62
174.75
162.88
171.50
167.12
167.25
171.38
163.38
174.62
163.38
171.12
167.50
166.88
171.62
163.00
174.75
163.75
170.62
168.00
166.50
172.00
162.75
174.25
164.50
170.25
168.38
166.00
172.50
162.75
173.88
164.62
170.00
168.88
165.62
172.88
162.75
173.38
165.25
169.25
169.38
165.25
173.38
162.75
173.00
165.62
168.75
169.75
165.00
173.75
162.75
172.50
166.12
168.38
170.12
164.25
174.38
162.88
172.12
166.50
167.88
170.62
163.88
174.62
162.88
171.88
166.88
167.50
171.00
163.38
174.75
163.25
171.12
167.50
167.25
171.38
163.00
173.38
158.62
168.25
164.25
162.75
170.00
157.50
172.75
159.75
167.12
165.38
161.38
171.25
157.50
171.75
160.75
166.12
166.38
160.38
172.12
157.50
170.88
161.88
165.00
167.50
159.25
173.25
157.38
169.75
163.00
153.62
166.75
160.38
172.38
157.50
170.38
162.12
164.62
167.88
159.00
173.50
157.62
169.38
163.12
163.62
168.88
158.00
173.38
158.62
168.50
164.25
162.50
170.00
157.38
172.88
159.62
167.38
165.38
161.50
171.00
157.50
171.75
160.75
166.12
166.38
160.62
172.00
155.94
170.75
161.75
165.12
167.38
159.50
173.25
157.38
169.75
162.75
164.12
168.38
158.38
173.50
158.12
168.88
163.88
163.00
169.50
157.38
173.38
159.12
167.88
164.88
162.00
170.50
157.50
172.25
160.25
166.62
165.88
161.12
171.62
157.38
171.25
161.25
165.62
166.88
160.12
172.62
157.50
170.12
162.38
164.50
168.00
158.75
173.50
157.75
169.25
163.38
163.50
169.00
157.75
173.50
158.75
168.25
164.38
162.50
170.00
157.50
172.75
159.75
167.12
165.50
161.50
171.12
157.38
171.75
160.75
166.12
166.38
160.62
172.12
157.50
170.62
161.88
165.00
167.50
159.00
171.50
157.50
168.62
162.00
163.62
167.00
158.50
171.75
157.62
168.25
162.50
163.00
167.50
158.12
171.75
158.12
167.50
163.12
162.62
168.00
157.50
171.88
158.62
166.88
163.62
162.12
168.62
157.50
171.25
159.25
166.38
164.12
161.38
169.25
157.50
170.88
159.75
165.88
164.62
160.88
169.62
157.50
170.50
160.25
165.25
165.25
160.38
170.12
157.50
169.75
160.88
164.88
165.75
159.75
170.75
157.50
169.12
161.38
164.38
166.38
159.25
171.25
157.38
168.75
161.88
163.62
166.88
159.00
171.75
157.38
168.25
162.25
163.25
167.38
158.38
171.88
157.88
167.62
162.88
162.75
167.88
157.62
171.88
158.50
167.25
163.38
162.12
168.38
157.25
171.75
159.00
166.88
163.88
160.02
168.88
157.50
171.00
159.50
166.12
164.50
161.25
169.38
157.50
170.50
160.00
165.50
165.00
160.75
170.00
157.50
169.88
160.62
165.00
165.50
160.00
170.62
157.50
169.50
161.12
164.50
166.00
159.50
171.00
157.50
169.12
161.62
163.88
166.62
159.00
171.50
157.50
168.38
162.25
163.50
167.12
158.38
171.88
157.75
167.75
162.75
163.00
167.75
157.88
171.88
158.12
166.25
162.50
161.75
167.00
157.50
170.25
158.50
165.75
163.00
161.25
167.50
157.38
169.88
159.00
165.25
163.50
160.88
167.88
157.38
169.12
159.75
164.88
163.88
160.38
168.38
157.38
168.75
160.00
164.50
164.38
159.88
168.88
157.38
168.25
160.50
163.75
165.00
159.62
169.25
157.38
167.75
161.00
163.38
165.25
159.25
169.75
157.38
167.25
161.50
162.88
165.75
158.50
170.25
157.50
167.00
161.88
162.38
166.25
158.00
170.25
157.88
166.62
162.38
161.88
166.75
157.62
170.12
158.38
165.88
163.00
161.62
167.12
157.50
169.75
158.88
165.50
163.25
161.25
167.62
157.50
169.38
159.25
165.00
163.75
160.50
168.25
157.50
169.00
159.75
164.50
164.25
160.12
168.50
157.50
168.62
160.25
164.00
164.75
159.62
169.00
157.50
168.00
160.88
163.62
165.12
159.12
169.50
157.50
167.50
161.25
163.25
165.62
158.62
170.00
157.50
167.00
161.62
162.62
164.60
158.38
170.12
157.75
166.50
162.12
162.25
166.50
158.00
170.12
158.25
166.12
162.50
161.75
167.00
157.25
170.25
158.75
165.75
163.00
161.25
167.50
157.50
169.50
159.12
165.38
163.50
160.25
166.25
157.50
167.00
159.50
163.25
163.38
159.62
167.00
157.50
166.25
160.25
162.50
164.00
159.00
167.75
157.38
165.62
160.88
161.88
164.62
158.12
168.12
158.00
164.88
161.62
161.12
165.38
157.38
168.12
158.50
164.50
162.12
160.50
166.12
157.38
167.38
159.12
163.62
163.12
159.75
166.75
157.50
166.62
159.88
162.88
163.62
159.25
167.50
157.38
166.00
160.50
162.25
164.25
158.50
168.12
157.62
165.25
161.25
161.50
165.00
157.62
168.12
158.25
164.75
161.88
160.88
165.75
157.38
167.62
158.88
164.00
162.75
160.12
166.38
157.50
166.88
159.62
163.12
163.38
159.62
167.12
157.38
166.38
160.25
162.38
164.12
158.62
168.00
157.50
165.62
160.88
161.75
164.75
158.00
168.12
157.88
165.12
161.62
161.00
165.50
157.25
168.12
158.62
164.12
162.50
160.38
166.12
157.50
167.25
159.25
163.50
163.00
159.88
166.88
157.50
166.50
160.00
162.75
163.75
159.00
167.62
157.50
165.88
160.62
162.12
164.38
158.38
168.12
157.50
165.38
161.38
161.38
165.12
157.62
168.12
158.25
164.50
162.12
160.75
165.88
157.38
167.62
158.88
162.25
161.00
160.50
158.25
158.00
160.38
154.75
164.00
153.75
161.25
157.50
157.62
161.38
153.75
164.00
154.88
160.25
158.50
156.50
162.25
153.88
163.12
155.75
159.25
159.50
155.62
163.12
153.88
162.12
156.75
158.38
160.50
154.50
164.00
154.00
161.12
157.62
157.62
161.38
153.62
164.00
154.88
160.12
158.62
156.62
162.38
153.88
162.88
155.38
159.38
159.50
155.38
162.88
153.75
162.38
156.50
158.88
160.12
154.88
163.88
153.75
161.38
157.38
157.75
161.12
154.12
164.00
154.50
160.50
158.25
156.75
162.12
153.75
163.38
155.62
159.50
159.25
155.75
163.00
153.75
162.38
156.62
158.50
160.25
154.88
164.00
153.75
161.25
157.50
157.75
161.25
153.75
164.00
154.75
160.38
158.38
156.62
162.38
153.75
163.12
155.62
159.38
159.50
155.62
163.12
153.75
162.38
156.62
158.38
160.38
154.62
164.00
153.88
161.25
157.75
157.50
161.25
153.75
162.38
153.50
158.62
157.25
155.12
160.88
152.62
161.12
154.62
157.50
158.38
153.75
162.25
152.62
159.88
156.00
156.25
159.62
152.50
162.38
153.50
158.88
157.12
155.00
160.88
152.50
161.25
154.62
157.62
158.38
153.88
162.00
152.62
159.88
156.00
156.25
159.50
152.88
162.38
153.38
158.75
157.12
155.12
160.75
152.50
161.38
154.75
157.50
158.25
153.88
162.00
150.99
160.12
155.75
156.62
159.50
152.62
162.38
153.38
158.75
157.12
155.12
160.88
152.50
161.38
154.50
157.62
158.25
154.00
161.88
152.50
160.38
155.75
156.38
159.38
152.75
162.38
153.25
159.12
157.00
155.25
160.62
152.50
161.38
154.50
157.62
158.25
154.25
161.75
152.50
160.25
155.62
156.50
159.38
152.88
162.50
153.25
158.88
157.00
155.25
160.50
152.62
161.38
154.50
157.88
158.12
154.12
161.75
152.50
160.25
155.62
156.62
159.38
152.88
162.38
153.12
155.75
153.88
153.00
156.25
151.38
156.88
152.50
154.50
154.62
152.25
157.00
151.25
156.25
153.25
153.75
155.38
151.50
157.50
151.62
155.25
154.00
153.12
156.25
151.25
156.88
152.38
154.50
154.62
152.50
157.00
151.25
156.12
153.12
153.75
155.50
151.50
157.38
151.62
155.50
153.88
153.00
156.25
151.25
156.88
152.38
154.75
154.62
152.38
156.88
151.25
156.12
153.12
153.88
155.38
151.75
157.38
151.62
155.38
153.75
153.12
156.12
151.25
157.25
152.25
154.62
154.50
152.38
156.88
151.38
156.12
153.12
154.00
155.38
151.50
157.50
151.50
155.38
153.75
153.38
156.12
151.25
157.00
152.25
154.62
154.62
152.38
156.88
151.38
156.25
153.00
153.88
155.38
151.62
157.38
151.50
155.62
153.75
153.25
156.00
151.25
157.00
152.25
154.75
154.62
152.50
156.75
151.38
154.70
152.88
154.00
155.25
151.88
157.38
151.50
155.50
153.62
153.25
155.62
149.62
157.12
150.88
154.12
153.75
151.12
156.62
149.62
156.12
151.75
153.38
154.62
150.25
157.38
149.75
155.12
152.75
152.12
155.75
149.75
157.12
150.62
154.25
153.62
150.88
156.25
149.75
156.38
151.38
153.50
154.38
150.62
157.25
149.75
155.38
152.38
152.50
155.25
149.75
157.50
150.50
154.38
153.38
151.50
156.25
149.75
156.38
151.50
153.62
154.25
150.62
157.12
149.75
155.50
152.25
152.75
155.25
149.62
157.50
150.38
154.50
153.25
151.62
156.25
149.62
156.62
151.38
153.50
154.25
150.62
157.12
149.75
155.75
152.25
152.62
155.12
149.75
157.38
150.38
154.50
153.38
151.75
156.12
149.62
156.62
151.25
153.62
154.12
150.88
157.12
149.62
155.62
152.25
152.62
155.12
149.75
157.50
150.38
154.62
153.25
151.62
156.12
149.62
156.62
151.25
153.88
154.12
150.75
157.00
149.62
155.62
152.25
152.62
155.25
149.88
157.50
149.00
154.38
152.38
150.88
155.88
148.38
156.88
150.12
153.25
153.50
149.75
157.00
148.38
155.50
151.38
152.12
154.62
148.75
157.50
149.00
154.38
152.38
151.12
155.75
148.50
156.62
150.00
153.25
153.50
149.88
157.00
148.50
155.50
151.25
152.12
154.62
148.75
157.50
148.88
154.62
152.38
151.00
155.75
148.38
156.75
148.51
153.38
153.50
150.00
156.75
148.50
155.50
151.25
152.12
154.50
149.12
157.38
148.88
154.50
152.25
151.12
155.62
148.50
156.75
150.12
153.38
153.38
150.00
156.75
148.38
155.62
151.12
152.50
154.50
148.88
157.38
148.88
154.50
152.25
151.12
155.75
148.50
156.75
150.00
153.38
153.25
150.12
156.62
148.50
155.88
151.00
152.38
154.38
149.00
157.38
148.75
154.75
152.25
151.25
155.50
148.38
156.88
149.25
153.88
152.88
150.38
156.38
148.38
156.12
150.75
152.75
154.12
149.25
157.50
148.38
155.00
150.75
150.75
154.75
146.50
157.50
148.12
153.25
152.00
149.25
156.12
146.88
156.00
149.38
152.00
153.38
147.88
157.38
146.75
154.88
150.75
150.62
154.62
146.62
157.50
148.00
153.38
152.12
149.38
156.00
146.75
156.00
149.38
152.00
153.25
148.25
157.25
146.75
154.75
150.62
150.75
154.62
146.62
157.50
148.12
153.38
152.00
149.38
155.88
146.75
156.12
149.25
152.25
153.25
148.12
157.25
146.75
154.75
150.50
150.88
154.62
146.88
157.50
147.75
153.50
151.88
149.50
155.75
141.62
157.38
147.50
153.88
151.50
150.00
155.50
146.75
156.50
148.88
152.50
152.75
148.62
156.75
146.88
155.38
150.00
151.25
154.12
147.25
157.38
147.50
154.12
151.38
149.88
155.38
146.88
156.50
148.75
152.62
152.88
148.62
156.75
146.75
155.38
150.00
149.75
154.00
147.50
157.50
147.38
154.00
151.25
150.00
155.38
146.75
156.75
148.75
152.75
151.75
147.50
156.25
145.12
155.38
148.50
151.00
152.88
146.38
157.50
145.12
154.12
149.62
149.75
154.12
145.38
157.38
146.25
153.12
150.75
148.50
155.25
145.12
156.62
147.38
151.88
151.88
147.38
156.38
145.25
155.25
148.62
150.75
153.12
146.25
157.38
145.25
154.12
149.62
149.88
154.12
145.12
157.50
146.38
152.88
150.88
148.38
155.50
145.25
156.25
147.50
151.75
152.12
147.25
156.50
145.12
155.25
148.75
150.62
153.12
146.12
157.38
145.50
153.88
150.00
149.50
154.38
144.88
157.50
146.50
152.75
151.00
148.50
155.50
145.12
156.12
147.75
151.50
152.25
147.12
156.88
145.12
154.88
148.88
150.50
153.38
145.88
157.50
145.50
154.00
150.00
149.25
154.50
145.12
157.12
146.75
152.62
151.25
148.25
155.62
145.12
155.88
147.88
151.50
152.25
147.25
156.75
145.12
154.88
149.00
150.25
153.50
145.88
157.50
145.75
150.75
146.75
145.88
150.75
142.25
153.00
143.75
149.00
147.88
144.75
151.88
142.25
151.88
144.88
147.88
148.88
143.88
152.88
142.25
150.75
145.88
146.75
150.00
142.88
153.38
142.88
149.75
146.88
145.75
150.88
142.25
153.00
143.88
148.75
148.00
144.62
152.00
142.25
151.75
145.00
147.88
148.88
143.75
153.00
142.25
150.62
146.00
145.42
150.00
142.62
153.38
143.00
149.62
147.00
145.62
151.12
142.25
152.75
144.12
148.50
148.12
144.50
152.12
142.25
151.88
145.00
147.62
149.12
143.50
153.12
142.25
150.62
146.12
146.62
150.12
142.50
153.38
143.12
149.50
147.12
145.62
151.25
142.25
152.62
144.12
148.50
148.12
144.50
152.25
142.25
151.62
145.25
147.38
149.25
143.38
153.25
142.25
150.62
146.25
146.50
150.25
142.38
153.25
143.25
149.38
147.38
145.50
151.25
142.38
152.38
144.25
148.38
148.25
144.50
152.38
142.25
150.00
144.12
145.75
148.00
141.88
151.75
141.38
148.62
145.38
144.50
149.38
141.00
151.25
142.62
147.38
146.62
143.25
150.62
141.12
149.75
144.00
145.88
148.12
142.00
151.75
141.25
148.50
145.38
144.50
149.38
141.00
151.38
142.62
147.25
146.62
143.25
150.62
141.00
150.00
144.00
146.00
147.88
142.00
151.75
141.12
148.62
145.25
144.88
149.25
141.00
151.25
142.62
147.25
146.62
143.25
150.62
141.12
150.00
143.88
146.00
147.88
142.00
151.75
141.12
148.88
145.12
144.75
149.12
141.12
151.38
142.38
147.50
146.50
143.50
150.38
141.12
150.00
143.88
146.00
147.75
142.38
151.75
141.00
148.75
145.12
144.75
149.12
140.75
151.75
142.50
147.50
146.38
143.50
150.38
141.12
150.12
143.62
146.38
147.75
142.12
151.75
139.60
148.88
145.00
144.88
149.12
140.88
151.75
142.25
147.50
146.38
143.50
150.38
141.00
150.38
143.62
145.50
145.88
140.62
150.00
139.38
147.38
143.38
143.38
147.25
139.25
150.12
140.62
146.00
144.50
142.25
148.50
139.50
148.62
141.88
144.75
145.88
140.75
150.00
139.38
147.38
143.25
143.38
147.25
139.25
150.12
140.50
146.25
144.50
142.12
148.50
139.38
148.75
141.88
144.75
146.00
140.75
149.88
139.38
147.38
143.25
143.38
147.12
139.62
150.12
140.50
146.00
144.50
142.12
148.50
139.38
148.88
141.88
144.75
145.88
140.75
149.75
139.38
147.50
143.12
143.75
147.00
139.50
150.12
140.38
146.12
144.50
142.25
148.50
139.38
148.88
141.62
144.88
145.75
140.88
149.75
139.38
147.75
141.88
145.38
144.75
145.12
144.75
141.75
148.75
139.50
148.62
142.12
144.50
142.12
142.00
143.75
142.75
147.88
139.38
149.50
141.25
145.50
145.12
141.38
149.12
139.50
148.00
142.50
144.38
146.38
140.12
150.12
139.75
146.88
143.75
142.25
146.50
139.00
147.88
140.50
144.38
144.00
140.88
147.50
139.00
146.88
141.62
143.25
145.12
139.62
148.50
139.25
145.62
142.88
142.12
146.25
139.00
148.00
140.38
144.38
144.00
141.12
147.38
139.00
146.88
141.50
143.25
145.12
139.75
148.50
139.25
145.75
142.62
142.12
146.25
139.00
148.00
140.38
144.62
142.45
141.00
147.38
139.00
146.88
141.50
143.38
145.25
139.75
148.38
139.12
145.75
142.62
142.25
146.12
139.00
148.25
140.38
144.50
143.75
141.12
147.25
139.00
147.12
141.50
143.38
145.00
139.75
148.50
139.12
145.75
142.50
142.50
146.12
139.00
148.12
140.25
144.50
143.75
141.25
147.38
139.00
147.00
141.38
143.38
145.00
139.88
148.38
139.12
146.00
142.50
142.25
146.12
138.75
148.38
140.25
144.75
143.75
141.12
147.25
139.00
147.00
141.38
143.50
144.88
140.12
148.38
139.00
145.88
142.50
142.38
146.00
138.88
146.50
138.75
143.00
142.00
139.75
145.12
137.88
145.12
139.88
142.00
143.12
138.62
146.25
137.88
144.00
140.88
141.12
144.12
137.62
146.38
138.75
143.00
141.88
139.88
145.25
137.75
145.38
139.75
141.88
143.00
138.75
146.25
137.75
144.38
140.88
140.88
144.00
137.75
146.38
138.62
143.12
142.00
140.00
145.00
137.88
145.25
139.62
142.12
142.88
139.00
146.12
137.88
144.12
140.75
141.00
144.00
137.75
146.38
138.75
143.25
141.75
140.00
145.00
137.75
145.38
139.62
142.25
142.88
138.88
146.12
137.75
144.25
140.75
141.00
144.12
137.88
146.38
138.50
143.25
141.75
140.00
145.00
137.75
145.62
139.50
142.12
142.88
138.88
146.12
137.75
144.38
140.75
141.12
143.88
137.88
146.38
138.50
143.25
141.75
138.86
144.88
137.75
145.50
139.50
142.25
142.75
139.00
146.00
137.88
144.38
140.62
141.12
143.88
137.88
146.38
138.50
142.62
141.12
139.75
143.75
137.75
144.38
139.25
141.62
142.12
138.88
144.75
137.75
143.50
140.12
140.62
142.88
138.12
145.12
138.25
142.62
141.00
139.75
143.88
137.75
144.50
139.25
141.62
142.00
138.88
144.62
137.75
143.50
140.12
