randwrite_job: (g=0): rw=randwrite, bs=4K-4K/4K-4K/4K-4K, ioengine=libaio, iodepth=32
fio-2.1.10
Starting 1 process

randwrite_job: (groupid=0, jobs=1): err= 0: pid=27088: Sat Dec  5 15:37:16 2015
  write: io=2184.2MB, bw=636376B/s, iops=155, runt=3600257msec
    slat (usec): min=1, max=191, avg=28.46, stdev= 3.54
    clat (usec): min=130, max=492814, avg=205927.77, stdev=25339.82
     lat (usec): min=142, max=492843, avg=205957.09, stdev=25339.89
    clat percentiles (msec):
     |  1.00th=[  159],  5.00th=[  169], 10.00th=[  176], 20.00th=[  184],
     | 30.00th=[  192], 40.00th=[  198], 50.00th=[  204], 60.00th=[  210],
     | 70.00th=[  219], 80.00th=[  229], 90.00th=[  241], 95.00th=[  251],
     | 99.00th=[  269], 99.50th=[  277], 99.90th=[  306], 99.95th=[  330],
     | 99.99th=[  363]
    bw (KB  /s): min=  404, max= 1739, per=100.00%, avg=621.65, stdev=54.67
    lat (usec) : 250=0.01%, 500=0.01%, 750=0.01%, 1000=0.01%
    lat (msec) : 2=0.01%, 4=0.02%, 10=0.01%, 20=0.01%, 50=0.01%
    lat (msec) : 100=0.01%, 250=94.95%, 500=5.02%
  cpu          : usr=0.31%, sys=0.73%, ctx=565738, majf=0, minf=26
  IO depths    : 1=0.1%, 2=0.1%, 4=0.1%, 8=0.1%, 16=0.1%, 32=100.0%, >=64=0.0%
     submit    : 0=0.0%, 4=100.0%, 8=0.0%, 16=0.0%, 32=0.0%, 64=0.0%, >=64=0.0%
     complete  : 0=0.0%, 4=100.0%, 8=0.0%, 16=0.0%, 32=0.1%, 64=0.0%, >=64=0.0%
     issued    : total=r=0/w=559355/d=0, short=r=0/w=0/d=0
     latency   : target=0, window=0, percentile=100.00%, depth=32

Run status group 0 (all jobs):
  WRITE: io=2184.2MB, aggrb=621KB/s, minb=621KB/s, maxb=621KB/s, mint=3600257msec, maxt=3600257msec

Disk stats (read/write):
  sdb: ios=84/559350, merge=0/0, ticks=32/115187288, in_queue=115187980, util=100.00%
