write_job: (g=0): rw=write, bs=128K-128K/128K-128K/128K-128K, ioengine=libaio, iodepth=1
fio-2.1.10
Starting 1 process

write_job: (groupid=0, jobs=1): err= 0: pid=27021: Sat Dec  5 13:37:13 2015
  write: io=589168MB, bw=167585KB/s, iops=1309, runt=3600001msec
    slat (usec): min=6, max=285, avg=46.52, stdev= 5.93
    clat (usec): min=291, max=112526, avg=709.72, stdev=380.76
     lat (usec): min=321, max=112574, avg=757.00, stdev=380.68
    clat percentiles (usec):
     |  1.00th=[  506],  5.00th=[  524], 10.00th=[  548], 20.00th=[  556],
     | 30.00th=[  580], 40.00th=[  596], 50.00th=[  604], 60.00th=[  636],
     | 70.00th=[  644], 80.00th=[  684], 90.00th=[  732], 95.00th=[ 1768],
     | 99.00th=[ 1896], 99.50th=[ 1912], 99.90th=[ 1976], 99.95th=[ 3344],
     | 99.99th=[ 9024]
    bw (KB  /s): min=105728, max=195328, per=100.00%, avg=167715.17, stdev=14339.89
    lat (usec) : 500=0.23%, 750=90.86%, 1000=0.90%
    lat (msec) : 2=7.92%, 4=0.07%, 10=0.01%, 20=0.01%, 50=0.01%
    lat (msec) : 100=0.01%, 250=0.01%
  cpu          : usr=3.25%, sys=7.43%, ctx=4782787, majf=0, minf=29
  IO depths    : 1=100.0%, 2=0.0%, 4=0.0%, 8=0.0%, 16=0.0%, 32=0.0%, >=64=0.0%
     submit    : 0=0.0%, 4=100.0%, 8=0.0%, 16=0.0%, 32=0.0%, 64=0.0%, >=64=0.0%
     complete  : 0=0.0%, 4=100.0%, 8=0.0%, 16=0.0%, 32=0.0%, 64=0.0%, >=64=0.0%
     issued    : total=r=0/w=4713343/d=0, short=r=0/w=0/d=0
     latency   : target=0, window=0, percentile=100.00%, depth=1

Run status group 0 (all jobs):
  WRITE: io=589168MB, aggrb=167585KB/s, minb=167585KB/s, maxb=167585KB/s, mint=3600001msec, maxt=3600001msec

Disk stats (read/write):
  sdb: ios=84/4713144, merge=0/0, ticks=44/3231296, in_queue=3222532, util=89.58%
