0.00
144.88
177.12
187.50
174.25
188.38
179.62
184.75
183.38
179.50
185.75
175.62
190.25
177.88
186.75
180.12
182.75
183.12
181.12
182.38
184.12
177.75
183.62
181.62
181.25
185.38
179.12
189.00
177.12
187.00
175.25
183.00
183.62
180.75
187.38
175.50
190.25
178.00
186.62
180.25
181.12
185.50
178.88
189.25
177.12
188.38
179.75
183.12
182.12
181.00
187.25
177.12
190.25
177.88
186.62
180.00
181.25
185.38
179.12
189.12
175.62
188.62
176.50
184.75
182.12
179.25
187.38
177.00
188.75
176.62
186.25
181.88
181.00
184.12
175.62
189.62
177.12
188.00
178.62
184.38
182.38
179.00
187.88
174.00
189.75
178.50
185.88
182.25
182.25
184.38
175.38
189.88
175.62
187.62
180.50
182.38
184.25
178.75
185.00
165.38
186.76
179.75
184.75
183.25
179.62
187.00
177.38
190.25
177.62
187.12
181.25
183.12
185.00
179.38
188.62
175.75
188.75
179.38
183.62
183.12
176.62
187.00
177.62
188.62
177.75
185.25
181.38
183.00
183.62
177.75
189.00
177.12
188.50
179.50
185.25
183.12
179.75
186.88
177.50
190.25
177.50
186.88
179.75
182.50
183.38
177.75
187.12
175.50
187.00
177.75
183.38
181.50
176.38
185.50
175.75
188.62
176.25
184.88
179.88
181.12
183.75
174.12
187.75
175.50
186.62
176.88
181.12
182.38
177.12
186.25
175.50
187.88
177.00
184.00
180.75
178.75
183.25
176.50
188.62
174.00
185.50
179.25
181.75
183.12
176.38
185.50
175.50
187.12
176.25
183.38
181.75
177.88
185.50
175.50
188.62
176.12
183.38
180.00
179.38
182.62
177.00
185.00
175.50
186.12
177.25
182.38
182.62
175.25
186.75
175.50
187.50
175.88
183.50
181.25
179.88
185.12
172.75
188.75
176.00
185.12
178.25
181.25
183.62
177.38
187.38
172.62
186.62
178.25
182.88
180.50
177.50
186.12
174.00
188.12
176.75
182.62
180.75
180.38
184.38
176.62
188.38
172.50
185.75
179.25
182.00
182.88
178.12
186.62
174.12
187.38
177.50
183.62
178.25
179.75
185.38
175.75
188.62
174.50
184.88
179.88
181.25
183.62
174.25
179.12
174.12
188.00
176.75
182.62
179.38
180.25
184.88
176.38
188.38
174.12
185.50
177.88
179.83
183.12
177.88
187.00
175.50
187.50
177.50
183.50
179.88
179.62
185.25
174.12
187.88
173.50
183.88
179.25
179.88
183.12
175.75
185.75
174.25
185.12
177.75
181.25
180.25
177.25
186.00
172.75
186.50
176.50
179.25
180.88
178.12
184.75
174.12
187.75
175.38
183.75
179.38
178.00
183.50
175.38
187.62
171.38
184.62
176.88
180.50
182.50
176.75
186.38
174.25
186.00
176.88
182.00
181.00
176.38
185.12
174.25
187.62
174.12
183.25
178.25
179.12
183.88
175.00
187.75
173.00
184.38
178.50
179.00
182.75
176.25
186.75
174.25
184.12
177.38
181.50
180.00
177.38
185.62
172.75
187.12
176.00
181.38
178.75
178.50
184.25
174.50
187.75
175.00
184.00
177.50
180.00
183.12
175.88
187.00
172.88
185.25
176.25
181.12
181.88
175.50
183.12
174.25
186.25
176.88
182.25
180.75
178.12
184.75
171.50
187.38
175.50
183.38
175.38
179.00
183.88
175.12
187.75
174.62
184.38
178.50
178.88
182.62
174.75
186.75
174.25
185.75
177.25
181.88
181.25
177.62
185.38
172.75
187.12
175.88
183.00
180.00
177.50
184.12
173.25
187.88
171.88
183.88
179.00
180.00
183.00
175.88
187.00
174.25
184.00
177.75
181.25
181.62
177.25
184.25
174.38
183.12
177.50
181.00
180.00
178.50
182.38
176.12
184.12
176.88
181.50
177.88
179.12
181.88
176.62
184.12
175.00
180.20
178.75
179.62
178.38
177.00
183.75
176.38
182.62
175.25
180.25
180.88
177.50
183.25
174.88
182.88
178.00
180.38
180.38
177.50
182.38
176.12
184.12
177.12
181.38
179.38
179.00
181.88
173.62
184.00
176.62
181.88
179.12
179.50
181.38
177.00
183.75
176.38
180.88
177.00
180.00
180.88
174.50
182.00
174.88
182.62
178.25
178.88
180.62
157.75
183.88
176.38
182.50
178.50
180.00
179.38
177.50
183.25
174.88
181.38
178.00
180.38
180.50
176.50
183.00
174.88
183.38
176.12
180.75
180.00
176.88
182.50
176.38
183.75
177.00
181.50
179.62
178.88
181.88
176.62
174.38
174.88
182.75
178.12
180.25
179.12
177.88
182.88
174.88
183.25
174.75
180.75
180.25
178.25
182.62
176.25
183.75
174.25
181.12
179.62
177.25
182.12
176.50
182.38
176.88
181.88
179.12
177.75
181.62
176.75
184.12
174.88
182.00
178.75
180.00
181.12
177.25
183.50
174.88
182.62
178.25
180.12
180.62
178.12
183.00
176.25
183.25
177.62
180.75
178.62
179.75
183.50
171.38
188.12
173.25
182.88
178.38
177.62
183.62
172.25
188.62
171.75
182.75
177.38
178.75
182.50
171.88
188.00
170.00
185.00
176.25
179.75
180.00
172.88
187.12
171.38
186.25
175.12
179.25
180.62
175.38
184.50
170.00
187.00
174.12
181.88
179.62
176.50
184.75
171.25
188.50
171.50
181.38
176.73
177.50
183.75
172.38
188.62
171.88
184.12
177.12
178.75
182.50
173.50
187.88
169.88
185.50
175.88
180.12
179.75
174.62
186.62
171.38
186.50
174.75
181.50
180.00
175.88
184.00
171.38
187.75
173.50
182.38
178.88
177.38
184.00
171.88
188.62
169.38
183.50
177.75
178.12
183.12
171.38
188.62
171.38
184.75
175.25
179.12
182.12
172.38
186.00
171.38
185.62
174.25
180.12
181.12
170.12
186.88
171.38
186.62
174.88
181.00
180.25
175.75
185.50
171.38
187.75
173.62
182.50
176.00
175.38
183.00
171.00
177.12
177.38
183.75
170.62
188.62
172.00
184.00
177.50
178.62
181.25
173.12
188.12
168.62
184.75
176.50
179.38
181.75
174.38
187.12
171.50
186.00
175.12
180.88
180.38
174.00
185.88
171.38
187.62
173.88
182.00
179.25
173.62
180.75
170.25
183.75
171.88
179.38
174.62
175.00
180.25
170.88
183.62
171.38
179.75
175.38
175.88
179.62
171.50
183.62
169.25
180.38
174.88
176.25
177.62
172.00
183.50
170.62
180.75
173.00
176.62
178.62
172.50
182.75
150.88
179.88
175.38
175.62
179.62
171.50
183.62
169.25
180.50
175.00
176.25
179.00
172.00
181.75
170.62
179.38
174.50
176.62
178.62
172.62
182.75
170.62
180.00
172.50
177.00
178.12
173.00
182.25
170.62
182.12
170.38
177.62
177.75
173.38
180.50
170.62
182.12
171.29
178.12
177.12
174.12
181.38
170.62
182.75
171.12
178.50
175.25
172.88
181.00
169.12
183.12
172.12
179.12
174.88
174.75
180.62
170.38
183.75
171.62
179.50
175.75
175.50
180.00
169.62
183.62
171.12
180.00
175.25
175.75
179.50
171.88
183.75
170.38
180.62
174.62
175.00
178.88
172.12
183.12
169.12
181.12
174.38
176.88
178.38
172.75
182.50
170.62
181.62
172.12
177.50
176.38
171.75
182.38
169.00
182.00
171.00
177.50
175.50
169.62
181.25
165.62
182.00
170.75
174.62
177.38
174.00
180.00
170.50
182.75
172.50
177.12
176.75
174.25
181.00
166.38
179.00
171.88
176.12
174.88
173.00
176.38
170.62
179.00
171.75
176.12
171.88
173.00
177.75
169.25
179.00
171.88
176.12
173.38
173.00
176.38
170.62
179.00
171.75
174.62
173.38
173.00
177.88
170.50
177.88
171.75
176.12
174.75
173.12
177.62
170.50
179.25
170.25
176.38
174.62
173.25
176.12
170.62
179.12
171.62
176.25
173.12
173.25
177.62
170.50
179.62
170.00
176.38
174.38
173.38
177.50
169.00
179.50
171.50
175.00
174.62
173.38
177.38
167.50
179.62
171.50
173.12
172.00
173.25
177.62
169.12
179.12
170.25
176.12
174.75
173.25
177.75
170.62
179.25
170.12
176.25
174.50
173.25
177.50
170.50
179.62
171.50
176.50
174.38
173.38
177.38
169.00
179.62
169.68
176.62
171.38
173.62
177.38
170.50
179.62
171.25
176.50
174.25
173.62
177.25
170.88
179.50
169.75
176.62
172.75
173.75
177.12
170.62
179.62
171.12
177.00
174.00
172.38
177.00
169.38
179.50
171.12
176.75
174.00
173.88
177.12
171.00
179.50
169.50
176.88
172.50
172.50
176.88
170.88
179.62
169.50
176.88
174.00
172.62
177.00
170.88
179.62
170.88
176.88
173.88
174.00
176.88
170.00
182.00
166.12
178.12
172.38
173.25
177.25
167.00
182.00
167.50
178.25
172.38
173.50
177.00
168.62
181.88
166.00
178.38
172.12
170.62
177.12
168.62
182.12
165.75
178.50
172.12
173.50
177.00
168.75
181.75
167.25
178.88
171.88
173.88
176.62
169.00
181.50
165.88
178.88
171.62
172.62
176.62
167.75
181.50
167.38
178.88
171.62
174.00
176.50
169.12
181.50
167.25
179.25
171.38
172.88
176.25
169.38
181.12
165.88
179.25
171.25
174.62
176.12
169.62
180.88
167.25
178.12
171.00
174.62
175.88
170.00
180.75
167.25
179.75
169.38
174.88
175.62
168.50
180.62
167.38
179.88
170.88
174.88
175.62
170.12
180.38
167.25
180.00
170.50
175.50
175.25
170.38
161.88
167.25
179.00
171.75
174.00
176.50
169.12
181.38
167.25
177.62
171.50
174.38
176.38
167.88
181.25
167.38
176.12
171.62
174.00
175.12
167.62
181.50
167.25
179.00
171.62
172.52
176.38
167.75
181.38
165.88
179.00
171.50
172.75
176.38
169.38
181.38
167.38
179.12
171.25
174.38
174.88
169.38
181.12
167.25
179.50
171.25
174.50
176.00
169.62
180.88
167.25
179.62
170.88
174.25
174.62
169.75
179.00
167.25
178.50
170.25
174.25
174.62
169.88
178.75
167.38
178.75
169.88
174.50
174.25
168.88
178.62
167.25
179.00
169.75
174.62
172.62
168.88
178.50
167.25
179.00
169.88
174.75
174.00
170.38
178.25
166.00
179.12
169.50
174.88
174.00
170.62
178.12
167.25
179.50
169.25
173.62
173.62
170.75
178.12
165.75
179.75
169.25
175.12
173.50
169.38
178.00
167.25
179.62
169.00
175.62
173.38
169.50
176.38
167.38
179.62
167.62
175.38
173.38
169.50
176.38
167.38
179.62
169.12
175.50
173.38
171.00
177.62
165.88
179.88
168.88
175.50
173.38
171.25
177.50
167.25
180.00
168.62
175.75
171.62
171.38
177.50
167.12
180.38
168.50
175.88
172.88
171.62
177.00
167.62
180.38
168.25
176.12
172.50
171.88
176.38
165.12
180.38
168.25
176.25
172.62
171.88
176.75
167.75
180.38
166.50
176.38
172.38
172.25
176.62
167.88
180.38
167.75
176.62
172.00
172.38
176.38
166.75
180.50
167.50
176.88
171.88
172.50
176.12
168.25
180.50
167.38
177.25
171.50
172.88
175.88
168.50
180.25
167.25
177.50
171.38
173.12
174.25
166.58
176.88
166.00
174.62
169.50
169.38
172.00
167.12
177.12
164.62
174.25
169.88
169.00
173.75
165.12
177.12
166.50
173.88
170.25
170.38
173.88
166.50
177.12
165.12
173.75
169.00
169.88
174.12
166.38
177.12
166.88
173.50
170.62
169.75
174.25
166.12
177.12
167.00
172.12
170.75
169.62
174.38
165.88
177.25
167.00
173.25
171.00
169.62
174.50
164.75
176.75
167.25
171.62
169.75
169.12
175.00
166.00
176.62
167.62
172.88
171.25
169.12
175.00
166.00
176.50
164.88
172.50
171.62
169.00
175.25
164.62
176.12
168.00
172.38
171.75
168.50
175.50
166.12
176.12
166.75
172.12
172.00
168.38
175.62
166.12
175.75
166.88
172.25
172.12
168.25
175.75
166.12
175.62
168.38
171.88
172.25
168.38
175.88
164.75
175.38
167.25
171.62
171.12
167.75
176.38
162.00
174.88
169.12
171.12
173.00
166.12
176.75
164.62
174.75
169.38
170.88
173.25
167.12
177.00
166.00
174.75
168.12
170.75
173.38
167.00
177.12
164.62
174.25
169.88
170.50
173.62
165.50
177.12
166.25
174.12
170.00
170.25
173.75
163.75
175.75
166.62
160.38
171.25
169.25
175.00
166.12
174.12
164.50
169.88
168.62
165.75
172.88
162.88
173.62
165.00
169.50
169.00
164.00
173.25
162.75
173.00
164.25
169.00
169.75
163.25
174.00
162.75
172.38
163.50
168.12
170.38
164.00
172.90
161.38
171.88
166.88
167.62
171.00
162.00
174.62
163.38
171.12
166.12
166.88
171.62
163.00
174.62
163.88
170.62
166.62
166.38
172.12
162.75
174.25
164.50
170.12
168.50
165.88
172.62
161.50
173.62
164.88
169.50
169.25
165.50
173.12
162.75
171.75
165.50
168.88
169.62
164.88
173.75
162.88
172.75
165.88
168.50
170.00
164.38
172.88
162.75
172.12
166.62
166.62
170.62
163.75
174.75
161.50
171.50
167.00
166.00
171.25
163.25
174.75
163.50
169.50
167.75
166.75
171.75
162.62
174.75
164.00
170.62
168.12
164.88
172.38
161.38
173.88
164.75
169.75
168.75
165.62
173.00
161.38
173.50
165.25
169.25
169.25
165.12
172.12
162.75
172.88
164.38
168.62
170.12
164.50
174.00
162.88
172.25
164.88
168.12
169.12
163.88
174.62
162.88
171.75
165.62
167.38
171.12
163.38
174.62
163.38
171.12
167.50
167.12
171.50
162.88
174.75
163.75
170.62
167.88
166.38
169.88
157.50
172.88
159.62
167.25
165.25
161.50
171.00
154.88
171.62
161.00
164.62
166.62
158.75
172.50
157.50
170.25
162.25
164.62
166.50
159.00
173.50
157.75
167.75
163.50
161.88
168.00
157.38
173.50
159.12
161.75
161.38
164.00
168.62
158.50
173.38
158.25
168.62
163.88
161.50
169.62
156.25
173.00
159.50
167.50
165.25
161.62
169.50
154.88
171.62
159.28
164.50
166.75
160.12
172.38
157.50
169.00
162.25
164.75
167.88
157.50
172.00
157.88
169.00
163.50
163.38
169.12
156.25
173.50
157.62
167.88
164.88
162.00
169.25
157.50
172.12
160.38
166.38
166.12
161.00
171.62
154.75
171.00
161.62
165.25
167.25
158.12
173.12
157.50
169.62
163.00
164.00
168.62
158.25
173.38
158.25
168.62
162.62
162.75
169.88
156.00
173.25
159.50
167.25
164.00
161.50
171.00
157.38
171.88
159.38
166.12
165.12
160.38
148.88
158.62
168.25
164.25
162.50
170.00
157.50
172.75
159.75
165.88
165.50
161.38
171.12
157.50
171.62
160.88
166.00
166.62
160.38
172.12
157.50
170.62
161.88
165.00
165.00
159.00
173.38
157.50
169.62
163.12
163.62
168.88
157.88
171.88
157.00
167.12
160.75
162.00
168.50
152.38
170.88
159.62
165.88
164.75
161.12
169.50
157.50
170.38
158.88
165.25
164.00
160.12
170.38
157.38
169.88
160.88
164.62
165.88
159.75
170.88
157.38
169.12
160.12
164.25
166.50
157.62
171.62
157.38
168.38
160.88
163.25
167.38
158.38
171.75
158.00
166.25
161.75
162.38
168.12
156.00
171.88
157.50
166.62
163.88
161.75
169.00
157.50
171.00
159.50
163.25
164.75
160.88
169.62
157.38
170.38
160.25
165.50
165.12
160.50
170.12
156.12
169.62
160.88
164.75
165.75
160.00
170.75
157.50
167.45
160.12
164.00
166.50
159.12
171.38
156.12
168.62
162.12
163.50
167.12
158.38
171.75
157.75
167.88
162.75
163.00
167.62
156.62
171.75
158.38
165.75
163.50
162.12
168.38
157.38
171.75
159.12
165.12
164.12
160.00
169.12
157.50
170.75
159.75
165.88
164.88
159.38
169.88
157.50
170.00
159.12
163.62
165.62
158.62
170.62
156.25
169.00
161.50
164.38
166.38
159.12
171.38
157.50
168.50
162.00
162.12
167.12
158.62
171.88
156.38
167.75
162.75
162.88
167.62
157.88
171.75
158.38
167.50
163.25
161.62
165.75
157.25
170.12
158.75
165.50
163.25
161.38
167.50
157.50
169.38
156.75
164.88
162.50
160.38
168.25
156.25
168.50
160.12
162.88
164.75
158.38
166.25
156.25
167.62
159.75
161.88
165.75
157.25
170.12
157.50
166.75
160.62
162.25
165.12
157.88
170.12
158.12
166.38
162.62
161.62
167.00
157.38
170.12
158.62
165.75
161.75
161.38
167.50
157.50
169.38
159.25
162.25
163.88
160.50
168.25
157.38
169.00
158.50
163.00
164.62
159.75
168.88
157.50
168.12
160.50
163.75
165.00
159.50
169.38
156.25
167.50
159.88
163.00
165.62
155.88
170.12
157.62
166.75
160.62
162.38
166.50
157.88
170.25
158.12
166.12
162.50
160.38
167.00
157.38
168.75
158.88
165.62
163.25
161.00
167.62
156.25
169.25
159.38
159.38
164.25
158.42
168.62
157.50
168.50
160.38
164.00
164.62
159.75
169.00
157.50
167.88
160.75
163.75
165.12
159.25
169.50
156.12
167.38
161.38
163.00
165.62
158.88
168.75
157.50
166.88
161.88
162.38
166.25
158.00
170.25
156.62
166.38
162.50
161.88
166.88
157.38
170.25
157.25
165.62
163.00
159.88
167.62
157.50
169.62
159.25
163.75
162.75
160.00
166.50
156.12
166.88
159.75
163.12
162.25
159.12
167.38
156.12
166.00
160.50
162.12
164.38
158.62
168.12
156.12
165.25
161.25
160.00
165.25
157.50
168.12
158.38
164.50
159.38
160.62
166.12
157.50
167.25
159.25
162.12
161.75
158.25
167.00
157.50
166.25
160.25
162.75
164.00
158.62
167.88
157.38
165.62
160.88
162.00
164.75
158.12
168.00
157.88
162.12
161.75
161.00
165.62
156.12
167.75
158.75
164.12
162.62
157.38
166.50
157.50
166.88
159.62
163.12
163.38
159.25
166.00
157.38
166.38
159.12
162.25
163.00
158.25
168.12
157.50
163.88
161.38
161.38
165.12
157.75
168.12
157.00
164.38
162.25
159.12
166.00
157.50
167.38
159.12
163.75
163.00
158.38
166.88
156.12
166.50
158.75
161.25
164.00
158.62
167.88
157.38
165.75
161.00
161.88
164.62
156.62
168.12
158.00
164.75
160.50
160.88
165.62
156.12
167.88
158.88
163.88
162.62
160.12
165.12
157.38
167.00
159.50
161.75
163.62
157.80
166.00
157.38
164.75
160.50
162.12
164.38
158.38
168.12
157.50
165.50
161.25
160.12
165.00
156.25
168.12
158.38
164.38
159.00
161.00
157.75
158.25
160.00
155.25
163.62
153.75
161.75
155.75
158.00
160.88
154.12
164.00
153.12
160.75
158.25
156.75
162.00
153.75
163.38
155.38
159.62
159.38
155.88
162.88
153.75
162.50
156.38
158.62
160.12
155.12
163.88
152.50
161.38
156.12
157.50
161.25
153.75
164.00
152.25
158.88
158.62
156.38
162.50
153.88
162.88
154.25
159.12
159.62
154.00
163.12
153.75
162.12
156.62
158.50
160.38
154.75
164.00
154.00
161.12
157.62
157.38
161.38
152.38
164.00
154.88
160.25
158.75
155.00
162.50
153.75
162.88
156.00
159.00
159.75
155.50
163.50
153.75
161.88
156.88
158.12
160.62
153.00
164.00
154.25
158.12
158.25
157.00
161.88
153.75
163.50
154.12
158.25
159.25
155.75
163.00
153.75
162.38
156.62
158.50
160.25
153.50
164.00
153.88
161.12
157.62
157.62
161.38
153.62
164.12
154.75
160.25
158.50
156.50
162.38
153.75
161.62
153.25
156.25
158.25
152.62
162.00
152.62
159.88
155.88
156.38
159.62
152.75
162.38
153.38
158.75
157.12
153.75
160.88
152.50
161.25
154.75
156.12
158.50
153.75
162.12
152.50
159.88
156.00
156.25
159.88
152.50
143.38
154.62
157.50
157.12
153.75
162.25
152.50
158.42
155.88
155.00
159.62
152.50
162.38
153.50
158.75
157.38
154.88
161.00
152.50
161.12
154.75
157.38
157.12
151.00
162.38
152.62
159.75
156.25
156.00
159.88
152.25
162.38
153.75
158.50
156.12
154.88
159.88
151.12
160.88
155.25
156.88
158.88
152.00
162.38
151.50
159.38
156.50
154.38
160.38
151.12
161.88
154.25
158.00
157.88
154.25
161.62
151.25
160.38
155.50
156.88
157.88
152.88
162.38
153.12
159.12
156.75
154.00
160.62
152.50
161.62
154.50
157.75
158.12
154.00
161.75
152.62
160.25
155.62
156.75
159.25
152.88
162.38
151.88
159.00
156.88
153.75
156.25
151.38
157.00
152.38
154.50
154.75
152.12
157.12
151.25
156.12
153.25
153.75
155.50
151.38
157.50
151.62
155.25
154.00
153.12
156.25
151.38
156.75
152.38
154.50
154.75
152.38
157.12
151.25
156.00
153.25
153.75
155.38
151.50
157.38
149.25
155.12
154.12
153.00
156.38
151.25
156.75
152.50
154.38
154.88
152.25
157.12
151.25
156.00
153.25
153.62
155.62
151.38
157.38
151.88
155.25
154.00
153.00
156.25
151.25
156.75
151.25
154.50
154.88
150.88
157.12
150.12
155.88
153.38
153.50
155.62
151.25
157.50
150.50
155.25
154.25
152.75
156.38
151.38
156.62
152.62
154.25
154.88
152.25
157.25
148.62
155.88
153.50
153.50
155.75
151.12
157.50
151.88
155.12
152.72
152.75
156.50
151.25
156.62
152.62
154.25
155.00
150.88
157.25
150.00
155.75
153.50
152.12
155.88
148.88
157.12
152.12
154.75
154.38
152.62
156.88
151.25
156.38
151.62
153.25
154.62
150.25
157.50
149.62
155.38
152.62
152.25
155.62
149.62
157.12
150.62
154.38
153.62
151.38
156.50
149.62
156.12
146.75
153.00
154.88
150.00
157.50
149.88
154.62
152.62
152.25
155.50
149.50
156.12
149.38
154.38
153.62
150.00
156.62
148.38
156.00
151.88
153.00
154.75
150.12
157.50
150.00
155.12
152.75
152.00
155.75
147.25
156.88
150.88
154.00
153.88
151.12
156.88
149.62
155.88
151.88
153.00
154.88
150.00
157.50
150.12
150.88
150.62
151.62
156.25
149.75
156.62
151.12
152.38
153.00
150.62
157.25
149.62
155.50
152.25
152.75
155.25
149.62
157.50
150.38
154.50
153.25
151.75
156.25
148.25
156.62
150.12
153.50
154.38
150.50
157.25
149.62
155.50
152.38
152.62
155.38
149.50
157.50
150.38
154.50
153.38
151.62
156.38
148.25
156.50
151.38
150.88
154.50
150.38
157.50
149.62
155.25
152.50
152.62
155.12
148.25
157.38
149.50
153.88
152.88
150.50
156.38
148.50
156.12
149.38
151.38
154.12
149.25
157.50
148.50
154.88
151.88
151.62
155.25
148.38
157.25
149.50
153.75
153.00
150.50
156.50
148.38
156.12
150.62
152.62
154.12
147.77
157.50
147.12
155.12
151.88
148.88
155.38
148.50
157.00
149.75
153.62
153.12
150.12
156.62
148.50
156.00
150.75
152.50
154.25
149.12
157.50
147.38
154.75
152.12
151.38
154.12
148.50
156.88
148.62
153.50
153.25
150.00
156.75
148.38
156.00
149.75
151.00
154.50
148.88
157.38
149.00
154.38
152.38
151.12
155.75
148.38
156.75
148.88
153.25
153.38
150.00
156.75
148.50
155.75
151.12
152.25
154.50
148.75
157.50
148.88
154.50
152.38
151.25
155.62
148.38
156.75
150.00
153.38
153.38
150.12
156.75
147.62
156.00
150.75
152.75
154.25
147.88
157.38
148.62
154.75
152.00
151.38
155.38
148.50
157.12
147.12
152.88
152.50
148.88
156.38
146.88
155.50
148.62
151.62
153.88
146.25
157.38
147.25
154.12
150.00
150.00
155.38
146.75
156.75
148.75
152.75
152.62
147.38
156.75
144.38
155.12
150.12
151.12
154.25
147.12
157.50
146.25
153.88
151.62
149.75
155.62
146.75
156.38
149.00
149.75
153.12
148.38
157.12
146.75
155.00
150.38
150.88
154.38
145.75
157.38
146.62
153.50
149.38
149.38
156.25
146.75
155.88
149.38
152.00
153.38
146.62
157.50
146.75
154.75
150.75
150.62
154.75
142.38
157.25
146.88
154.88
149.25
150.75
153.38
146.75
157.38
147.88
153.50
151.88
149.62
155.88
145.62
156.00
149.25
150.62
153.25
148.00
157.38
144.38
154.50
150.88
150.62
154.75
145.62
157.12
148.25
153.12
152.12
149.12
156.38
146.75
155.88
149.50
151.88
153.50
147.75
157.50
146.75
154.75
150.88
150.50
154.75
146.62
157.38
148.12
153.25
151.25
148.25
155.62
144.00
155.75
148.00
151.38
152.38
146.88
157.12
143.75
154.88
147.88
150.12
153.75
145.50
157.38
146.00
153.38
150.50
149.00
154.88
142.75
156.50
147.38
152.00
151.75
147.50
156.25
145.25
155.50
148.38
150.88
151.75
146.25
157.50
145.25
154.00
149.75
149.75
154.25
143.75
157.50
146.50
151.50
148.62
148.00
155.88
145.12
155.75
126.25
149.50
154.38
145.12
157.50
146.50
152.75
151.00
144.50
155.75
145.12
155.88
147.88
151.38
152.38
145.62
157.25
145.12
154.62
148.00
150.00
153.75
145.50
157.50
144.75
153.25
150.62
147.50
155.25
143.88
156.38
147.50
151.88
151.88
147.38
155.25
143.88
155.00
148.88
150.62
153.25
146.12
157.38
145.50
153.88
148.75
147.88
154.62
145.25
157.00
146.88
152.50
150.12
147.88
154.75
145.12
155.62
148.25
151.00
152.75
146.75
157.25
143.88
154.38
147.12
148.00
150.38
142.25
153.38
143.25
149.38
147.50
144.00
151.50
142.38
152.12
144.50
148.12
148.50
144.25
152.62
142.25
151.25
144.25
145.88
149.62
143.00
153.25
142.75
149.88
146.88
146.00
150.75
141.12
150.12
143.88
148.75
147.88
144.75
152.00
142.25
151.88
143.75
147.62
149.12
143.50
153.12
142.38
150.50
146.12
145.25
150.38
142.50
153.38
143.12
149.50
147.12
145.50
151.25
142.25
152.62
144.25
147.12
148.38
143.00
152.50
142.25
150.00
145.50
147.12
149.62
143.12
153.38
142.62
150.00
146.62
146.00
150.62
141.12
153.00
143.75
149.12
147.62
145.00
151.75
142.25
152.00
144.62
146.75
148.88
143.88
152.88
142.25
149.62
145.88
145.50
150.12
141.25
153.38
143.12
149.50
146.00
145.50
151.38
142.25
151.12
143.25
148.12
148.50
144.12
152.50
142.38
151.25
145.50
147.25
149.50
141.88
153.25
142.62
150.00
146.62
144.25
149.38
139.75
151.38
142.75
145.88
146.75
140.62
151.00
141.00
149.62
144.25
144.38
148.38
141.50
151.75
141.75
148.25
144.50
144.12
149.75
141.00
150.75
143.12
145.50
147.25
142.88
151.12
139.88
149.25
144.62
144.00
148.62
138.75
151.75
142.12
147.75
146.12
143.88
149.00
141.12
149.00
142.50
146.12
147.75
140.88
151.75
138.75
148.62
145.25
144.62
149.25
138.75
151.00
142.88
147.25
146.75
143.12
150.75
139.88
149.62
143.12
145.50
148.25
141.75
151.75
140.38
148.25
145.75
144.12
148.50
141.00
149.62
143.12
146.75
147.12
142.88
151.12
141.12
148.12
144.50
145.38
147.03
140.12
151.62
142.00
148.00
146.00
142.75
150.00
139.88
150.38
142.38
146.25
147.62
142.25
151.50
140.00
148.88
145.00
143.75
149.00
140.88
151.75
142.38
147.50
146.25
141.12
150.50
141.00
150.12
144.00
146.00
146.62
142.00
151.75
141.12
147.50
143.50
143.12
146.38
137.12
149.38
140.00
145.62
145.12
141.38
149.25
139.38
146.88
141.50
143.75
146.75
140.00
150.00
140.25
145.25
144.12
142.50
148.12
139.38
149.12
141.50
145.25
144.12
141.25
149.50
138.25
147.75
142.88
143.62
146.88
138.50
148.88
139.25
146.12
144.50
142.25
148.50
138.25
148.62
141.88
144.75
145.88
139.50
150.00
139.38
147.38
142.12
143.38
147.25
138.38
149.75
140.75
144.62
144.88
141.62
148.88
138.25
148.38
142.38
144.38
146.25
140.38
150.00
139.62
147.00
142.38
143.00
147.75
139.50
149.50
139.88
145.50
144.00
141.38
149.12
139.50
148.00
141.50
146.00
143.12
145.50
144.25
142.25
148.38
139.38
146.50
141.75
143.62
140.88
139.50
144.00
142.62
147.88
139.38
149.38
140.12
145.25
145.50
140.00
149.38
139.50
146.62
141.62
143.75
146.88
138.38
150.12
140.25
146.38
144.25
142.00
145.75
137.75
147.38
141.00
143.75
144.62
140.25
147.00
139.00
144.88
142.38
142.62
145.88
138.88
148.50
140.00
143.62
143.62
141.12
147.25
139.00
146.00
141.38
143.50
143.44
136.38
148.38
139.25
145.62
142.75
142.00
146.25
137.88
148.00
139.25
144.50
142.88
140.75
147.62
139.00
146.62
141.75
143.12
145.25
138.38
148.50
139.50
145.38
143.00
141.88
146.50
139.00
147.75
140.62
144.38
144.12
140.75
147.62
139.00
146.62
141.75
143.12
144.12
138.38
148.50
139.50
145.38
143.00
140.50
146.75
137.88
147.50
140.88
142.75
144.50
140.50
148.00
139.00
146.25
141.00
142.62
145.75
139.12
148.38
139.88
143.88
143.50
141.38
147.00
139.00
147.25
141.12
142.50
144.62
139.00
148.25
139.12
144.88
142.50
142.38
145.88
137.75
148.38
140.12
144.75
142.50
141.12
147.38
137.75
147.12
141.38
143.38
145.00
139.88
148.38
139.12
144.25
139.88
140.88
143.25
137.75
145.88
139.12
142.62
142.25
138.38
145.50
137.75
145.00
137.75
141.62
143.50
138.25
146.38
134.75
143.50
140.38
140.12
144.88
137.75
145.50
139.50
142.38
141.50
139.12
146.00
137.75
144.38
140.62
139.88
144.00
137.75
146.38
138.62
142.12
141.88
139.88
145.12
137.75
145.25
138.62
142.00
142.88
139.00
146.25
137.75
144.12
140.75
141.00
144.00
137.75
146.50
137.38
143.25
141.88
139.88
145.12
136.62
145.25
139.75
142.00
143.00
138.88
146.25
136.62
144.12
140.88
140.88
144.12
136.38
146.38
138.88
143.00
140.72
139.75
145.25
137.75
145.12
139.88
140.62
143.25
137.38
146.38
137.88
144.00
141.12
140.62
143.25
137.75
146.00
139.00
141.50
142.25
138.38
145.62
136.50
145.00
140.25
141.50
143.38
137.12
146.38
138.12
143.62
140.25
139.12
144.75
137.88
145.75
139.25
142.38
141.50
138.88
144.75
137.75
143.50
138.88
140.88
143.00
137.88
145.12
138.25
142.62
139.88
139.75
143.88
137.75
144.50
139.25
141.50
142.00
137.62
144.88
137.75
143.38
139.12
140.62
143.12
