read_job: (g=0): rw=read, bs=128K-128K/128K-128K/128K-128K, ioengine=libaio, iodepth=1
fio-2.1.10
Starting 1 process

read_job: (groupid=0, jobs=1): err= 0: pid=27058: Sat Dec  5 14:37:14 2015
  read : io=590226MB, bw=167886KB/s, iops=1311, runt=3600001msec
    slat (usec): min=5, max=195, avg=41.68, stdev= 5.61
    clat (usec): min=313, max=100587, avg=713.30, stdev=339.96
     lat (usec): min=336, max=100630, avg=755.72, stdev=339.87
    clat percentiles (usec):
     |  1.00th=[  516],  5.00th=[  524], 10.00th=[  556], 20.00th=[  556],
     | 30.00th=[  588], 40.00th=[  604], 50.00th=[  612], 60.00th=[  644],
     | 70.00th=[  644], 80.00th=[  692], 90.00th=[  732], 95.00th=[ 1784],
     | 99.00th=[ 1896], 99.50th=[ 1928], 99.90th=[ 1960], 99.95th=[ 2288],
     | 99.99th=[ 3472]
    bw (KB  /s): min=138752, max=199680, per=100.00%, avg=168023.73, stdev=14290.27
    lat (usec) : 500=0.17%, 750=90.76%, 1000=1.08%
    lat (msec) : 2=7.93%, 4=0.07%, 10=0.01%, 20=0.01%, 50=0.01%
    lat (msec) : 250=0.01%
  cpu          : usr=1.98%, sys=8.05%, ctx=4786264, majf=0, minf=60
  IO depths    : 1=100.0%, 2=0.0%, 4=0.0%, 8=0.0%, 16=0.0%, 32=0.0%, >=64=0.0%
     submit    : 0=0.0%, 4=100.0%, 8=0.0%, 16=0.0%, 32=0.0%, 64=0.0%, >=64=0.0%
     complete  : 0=0.0%, 4=100.0%, 8=0.0%, 16=0.0%, 32=0.0%, 64=0.0%, >=64=0.0%
     issued    : total=r=4721805/w=0/d=0, short=r=0/w=0/d=0
     latency   : target=0, window=0, percentile=100.00%, depth=1

Run status group 0 (all jobs):
   READ: io=590226MB, aggrb=167886KB/s, minb=167886KB/s, maxb=167886KB/s, mint=3600001msec, maxt=3600001msec

Disk stats (read/write):
  sdb: ios=4721608/0, merge=0/0, ticks=3245132/0, in_queue=3234708, util=89.92%
